build time -- 2021-11-14 23:17:47
20211115 001833.164 INFO             PET0 !!!!!!!!!!!!!!!!!!!!!!!!!!!!!!!!!!!!!!!!!!!!!!!!!!!!!!
20211115 001833.164 INFO             PET0 !!! THE ESMF_LOG IS SET TO OUTPUT ALL LOG MESSAGES !!!
20211115 001833.164 INFO             PET0 !!!     THIS MAY CAUSE SLOWDOWN IN PERFORMANCE     !!!
20211115 001833.164 INFO             PET0 !!! FOR PRODUCTION RUNS, USE:                      !!!
20211115 001833.164 INFO             PET0 !!!                   ESMF_LOGKIND_Multi_On_Error  !!!
20211115 001833.164 INFO             PET0 !!!!!!!!!!!!!!!!!!!!!!!!!!!!!!!!!!!!!!!!!!!!!!!!!!!!!!
20211115 001833.164 INFO             PET0 Running with ESMF Version   : 8.3.0 beta snapshot
20211115 001833.164 INFO             PET0 ESMF library build date/time: "Nov 14 2021" "23:16:30"
20211115 001833.164 INFO             PET0 ESMF library build location : /lustre/f2/dev/ncep/Mark.Potts/gfortran_8.3.0_mpiuni_O_develop
20211115 001833.164 INFO             PET0 ESMF_COMM                   : mpiuni
20211115 001833.165 INFO             PET0 ESMF_MOAB                   : enabled
20211115 001833.165 INFO             PET0 ESMF_LAPACK                 : enabled
20211115 001833.165 INFO             PET0 ESMF_NETCDF                 : enabled
20211115 001833.165 INFO             PET0 ESMF_PNETCDF                : disabled
20211115 001833.165 INFO             PET0 ESMF_PIO                    : disabled
20211115 001833.165 INFO             PET0 ESMF_YAMLCPP                : enabled
20211115 001833.222 DEBUG            PET0 about to destroy Grid: 0x2623860
20211115 001833.226 DEBUG            PET0 about to destroy Grid: 0x26253e0
20211115 001833.235 INFO             PET0  NUMBER_OF_PROCESSORS           1
20211115 001833.235 INFO             PET0  PASS  Example ESMF_NUOPCAtmModelEx, ESMF_NUOPCAtmModelEx.F90, line 806
20211115 001833.235 INFO             PET0 Finalizing ESMF
