build time -- 2021-11-20 03:52:00.274425
20211120 042144.924 INFO             PET0 !!!!!!!!!!!!!!!!!!!!!!!!!!!!!!!!!!!!!!!!!!!!!!!!!!!!!!
20211120 042144.924 INFO             PET0 !!! THE ESMF_LOG IS SET TO OUTPUT ALL LOG MESSAGES !!!
20211120 042144.924 INFO             PET0 !!!     THIS MAY CAUSE SLOWDOWN IN PERFORMANCE     !!!
20211120 042144.924 INFO             PET0 !!! FOR PRODUCTION RUNS, USE:                      !!!
20211120 042144.924 INFO             PET0 !!!                   ESMF_LOGKIND_Multi_On_Error  !!!
20211120 042144.924 INFO             PET0 !!!!!!!!!!!!!!!!!!!!!!!!!!!!!!!!!!!!!!!!!!!!!!!!!!!!!!
20211120 042144.924 INFO             PET0 Running with ESMF Version   : ESMF_8_3_0_beta_snapshot_03
20211120 042144.924 INFO             PET0 ESMF library build date/time: "Nov 20 2021" "03:48:57"
20211120 042144.924 INFO             PET0 ESMF library build location : /glade/scratch/mpotts/gfortran_9.1.0_mpt_g_develop
20211120 042144.924 INFO             PET0 ESMF_COMM                   : mpt
20211120 042144.924 INFO             PET0 ESMF_MOAB                   : enabled
20211120 042144.924 INFO             PET0 ESMF_LAPACK                 : enabled
20211120 042144.924 INFO             PET0 ESMF_NETCDF                 : enabled
20211120 042144.924 INFO             PET0 ESMF_PNETCDF                : disabled
20211120 042144.924 INFO             PET0 ESMF_PIO                    : enabled
20211120 042144.924 INFO             PET0 ESMF_YAMLCPP                : enabled
20211120 042144.924 INFO             PET0  NUMBER_OF_PROCESSORS           1
20211120 042144.924 INFO             PET0  PASS  Example ESMF_TimeEx, ESMF_TimeEx.F90, line 141
20211120 042144.924 INFO             PET0 Finalizing ESMF
