build time -- 2022-01-12 13:07:19
forrtl: severe (174): SIGSEGV, segmentation fault occurred
Image              PC                Routine            Line        Source             
ESMF_FieldCommEx   0000000101B97F14  for__signal_handl     Unknown  Unknown
libsystem_platfor  00007FFF7B333B5D  _sigtramp             Unknown  Unknown
libmpi.40.dylib    00000001042A42A1  MPI_Comm_rank         Unknown  Unknown
libesmf.dylib      00000001027346D2  _ZN5ESMCI3VMK4ini     Unknown  Unknown
libesmf.dylib      0000000102710085  _ZN5ESMCI2VM10ini     Unknown  Unknown
libesmf.dylib      0000000102740DB5  c_esmc_vminitiali     Unknown  Unknown
libesmf.dylib      0000000102F278D0  esmf_vmmod_mp_esm     Unknown  Unknown
libesmf.dylib      0000000102DC0BF6  esmf_initmod_mp_e     Unknown  Unknown
libesmf.dylib      0000000102DC32C8  esmf_initmod_mp_e     Unknown  Unknown
ESMF_FieldCommEx   0000000101B6FB1E  MAIN__                Unknown  Unknown
ESMF_FieldCommEx   0000000101B6F95E  main                  Unknown  Unknown
forrtl: severe (174): SIGSEGV, segmentation fault occurred
Image              PC                Routine            Line        Source             
ESMF_FieldCommEx   000000010C6F3F14  for__signal_handl     Unknown  Unknown
libsystem_platfor  00007FFF7B333B5D  _sigtramp             Unknown  Unknown
libmpi.40.dylib    000000010EE012A1  MPI_Comm_rank         Unknown  Unknown
libesmf.dylib      000000010D2976D2  _ZN5ESMCI3VMK4ini     Unknown  Unknown
libesmf.dylib      000000010D273085  _ZN5ESMCI2VM10ini     Unknown  Unknown
libesmf.dylib      000000010D2A3DB5  c_esmc_vminitiali     Unknown  Unknown
libesmf.dylib      000000010DA8A8D0  esmf_vmmod_mp_esm     Unknown  Unknown
libesmf.dylib      000000010D923BF6  esmf_initmod_mp_e     Unknown  Unknown
libesmf.dylib      000000010D9262C8  esmf_initmod_mp_e     Unknown  Unknown
ESMF_FieldCommEx   000000010C6CBB1E  MAIN__                Unknown  Unknown
ESMF_FieldCommEx   000000010C6CB95E  main                  Unknown  Unknown
forrtl: severe (174): SIGSEGV, segmentation fault occurred
Image              PC                Routine            Line        Source             
ESMF_FieldCommEx   000000010C9BAF14  for__signal_handl     Unknown  Unknown
libsystem_platfor  00007FFF7B333B5D  _sigtramp             Unknown  Unknown
libmpi.40.dylib    000000010F0C42A1  MPI_Comm_rank         Unknown  Unknown
libesmf.dylib      000000010D5586D2  _ZN5ESMCI3VMK4ini     Unknown  Unknown
libesmf.dylib      000000010D534085  _ZN5ESMCI2VM10ini     Unknown  Unknown
libesmf.dylib      000000010D564DB5  c_esmc_vminitiali     Unknown  Unknown
libesmf.dylib      000000010DD4B8D0  esmf_vmmod_mp_esm     Unknown  Unknown
libesmf.dylib      000000010DBE4BF6  esmf_initmod_mp_e     Unknown  Unknown
libesmf.dylib      000000010DBE72C8  esmf_initmod_mp_e     Unknown  Unknown
ESMF_FieldCommEx   000000010C992B1E  MAIN__                Unknown  Unknown
ESMF_FieldCommEx   000000010C99295E  main                  Unknown  Unknown
forrtl: severe (174): SIGSEGV, segmentation fault occurred
Image              PC                Routine            Line        Source             
ESMF_FieldCommEx   000000010566CF14  for__signal_handl     Unknown  Unknown
libsystem_platfor  00007FFF7B333B5D  _sigtramp             Unknown  Unknown
libmpi.40.dylib    0000000107D7C2A1  MPI_Comm_rank         Unknown  Unknown
libesmf.dylib      000000010620E6D2  _ZN5ESMCI3VMK4ini     Unknown  Unknown
libesmf.dylib      00000001061EA085  _ZN5ESMCI2VM10ini     Unknown  Unknown
libesmf.dylib      000000010621ADB5  c_esmc_vminitiali     Unknown  Unknown
libesmf.dylib      0000000106A018D0  esmf_vmmod_mp_esm     Unknown  Unknown
libesmf.dylib      000000010689ABF6  esmf_initmod_mp_e     Unknown  Unknown
libesmf.dylib      000000010689D2C8  esmf_initmod_mp_e     Unknown  Unknown
ESMF_FieldCommEx   0000000105644B1E  MAIN__                Unknown  Unknown
ESMF_FieldCommEx   000000010564495E  main                  Unknown  Unknown
