build time -- 2022-01-12 13:07:19
forrtl: severe (174): SIGSEGV, segmentation fault occurred
Image              PC                Routine            Line        Source             
ESMF_FieldRepDimE  0000000108DA2ED4  for__signal_handl     Unknown  Unknown
libsystem_platfor  00007FFF7B333B5D  _sigtramp             Unknown  Unknown
libmpi.40.dylib    000000010B4B12A1  MPI_Comm_rank         Unknown  Unknown
libesmf.dylib      00000001099446D2  _ZN5ESMCI3VMK4ini     Unknown  Unknown
libesmf.dylib      0000000109920085  _ZN5ESMCI2VM10ini     Unknown  Unknown
libesmf.dylib      0000000109950DB5  c_esmc_vminitiali     Unknown  Unknown
libesmf.dylib      000000010A1378D0  esmf_vmmod_mp_esm     Unknown  Unknown
libesmf.dylib      0000000109FD0BF6  esmf_initmod_mp_e     Unknown  Unknown
libesmf.dylib      0000000109FD32C8  esmf_initmod_mp_e     Unknown  Unknown
ESMF_FieldRepDimE  0000000108D7B1C1  MAIN__                Unknown  Unknown
ESMF_FieldRepDimE  0000000108D7AF7E  main                  Unknown  Unknown
forrtl: severe (174): SIGSEGV, segmentation fault occurred
Image              PC                Routine            Line        Source             
ESMF_FieldRepDimE  000000010C52BED4  for__signal_handl     Unknown  Unknown
libsystem_platfor  00007FFF7B333B5D  _sigtramp             Unknown  Unknown
libmpi.40.dylib    000000010EC322A1  MPI_Comm_rank         Unknown  Unknown
libesmf.dylib      000000010D0CA6D2  _ZN5ESMCI3VMK4ini     Unknown  Unknown
libesmf.dylib      000000010D0A6085  _ZN5ESMCI2VM10ini     Unknown  Unknown
libesmf.dylib      000000010D0D6DB5  c_esmc_vminitiali     Unknown  Unknown
libesmf.dylib      000000010D8BD8D0  esmf_vmmod_mp_esm     Unknown  Unknown
libesmf.dylib      000000010D756BF6  esmf_initmod_mp_e     Unknown  Unknown
libesmf.dylib      000000010D7592C8  esmf_initmod_mp_e     Unknown  Unknown
ESMF_FieldRepDimE  000000010C5041C1  MAIN__                Unknown  Unknown
ESMF_FieldRepDimE  000000010C503F7E  main                  Unknown  Unknown
forrtl: severe (174): SIGSEGV, segmentation fault occurred
Image              PC                Routine            Line        Source             
ESMF_FieldRepDimE  00000001031F2ED4  for__signal_handl     Unknown  Unknown
libsystem_platfor  00007FFF7B333B5D  _sigtramp             Unknown  Unknown
libmpi.40.dylib    00000001059032A1  MPI_Comm_rank         Unknown  Unknown
libesmf.dylib      0000000103D946D2  _ZN5ESMCI3VMK4ini     Unknown  Unknown
libesmf.dylib      0000000103D70085  _ZN5ESMCI2VM10ini     Unknown  Unknown
libesmf.dylib      0000000103DA0DB5  c_esmc_vminitiali     Unknown  Unknown
libesmf.dylib      00000001045878D0  esmf_vmmod_mp_esm     Unknown  Unknown
libesmf.dylib      0000000104420BF6  esmf_initmod_mp_e     Unknown  Unknown
libesmf.dylib      00000001044232C8  esmf_initmod_mp_e     Unknown  Unknown
ESMF_FieldRepDimE  00000001031CB1C1  MAIN__                Unknown  Unknown
ESMF_FieldRepDimE  00000001031CAF7E  main                  Unknown  Unknown
forrtl: severe (174): SIGSEGV, segmentation fault occurred
Image              PC                Routine            Line        Source             
ESMF_FieldRepDimE  000000010527CED4  for__signal_handl     Unknown  Unknown
libsystem_platfor  00007FFF7B333B5D  _sigtramp             Unknown  Unknown
libmpi.40.dylib    000000010798C2A1  MPI_Comm_rank         Unknown  Unknown
libesmf.dylib      0000000105E1A6D2  _ZN5ESMCI3VMK4ini     Unknown  Unknown
libesmf.dylib      0000000105DF6085  _ZN5ESMCI2VM10ini     Unknown  Unknown
libesmf.dylib      0000000105E26DB5  c_esmc_vminitiali     Unknown  Unknown
libesmf.dylib      000000010660D8D0  esmf_vmmod_mp_esm     Unknown  Unknown
libesmf.dylib      00000001064A6BF6  esmf_initmod_mp_e     Unknown  Unknown
libesmf.dylib      00000001064A92C8  esmf_initmod_mp_e     Unknown  Unknown
ESMF_FieldRepDimE  00000001052551C1  MAIN__                Unknown  Unknown
ESMF_FieldRepDimE  0000000105254F7E  main                  Unknown  Unknown
