build time -- 2022-01-12 13:07:19
forrtl: severe (174): SIGSEGV, segmentation fault occurred
Image              PC                Routine            Line        Source             
ESMF_NUOPCAtmMode  000000010F8261F4  for__signal_handl     Unknown  Unknown
libsystem_platfor  00007FFF7B333B5D  _sigtramp             Unknown  Unknown
libmpi.40.dylib    000000010FC142A1  MPI_Comm_rank         Unknown  Unknown
libesmf.dylib      00000001110E36D2  _ZN5ESMCI3VMK4ini     Unknown  Unknown
libesmf.dylib      00000001110BF085  _ZN5ESMCI2VM10ini     Unknown  Unknown
libesmf.dylib      00000001110EFDB5  c_esmc_vminitiali     Unknown  Unknown
libesmf.dylib      00000001118D68D0  esmf_vmmod_mp_esm     Unknown  Unknown
libesmf.dylib      000000011176FBF6  esmf_initmod_mp_e     Unknown  Unknown
libesmf.dylib      00000001117722C8  esmf_initmod_mp_e     Unknown  Unknown
ESMF_NUOPCAtmMode  000000010F7FE2B6  MAIN__                Unknown  Unknown
ESMF_NUOPCAtmMode  000000010F7FE0FE  main                  Unknown  Unknown
forrtl: severe (174): SIGSEGV, segmentation fault occurred
Image              PC                Routine            Line        Source             
ESMF_NUOPCAtmMode  000000010F4861F4  for__signal_handl     Unknown  Unknown
libsystem_platfor  00007FFF7B333B5D  _sigtramp             Unknown  Unknown
libmpi.40.dylib    0000000111B972A1  MPI_Comm_rank         Unknown  Unknown
libesmf.dylib      00000001100296D2  _ZN5ESMCI3VMK4ini     Unknown  Unknown
libesmf.dylib      0000000110005085  _ZN5ESMCI2VM10ini     Unknown  Unknown
libesmf.dylib      0000000110035DB5  c_esmc_vminitiali     Unknown  Unknown
libesmf.dylib      000000011081C8D0  esmf_vmmod_mp_esm     Unknown  Unknown
libesmf.dylib      00000001106B5BF6  esmf_initmod_mp_e     Unknown  Unknown
libesmf.dylib      00000001106B82C8  esmf_initmod_mp_e     Unknown  Unknown
ESMF_NUOPCAtmMode  000000010F45E2B6  MAIN__                Unknown  Unknown
ESMF_NUOPCAtmMode  000000010F45E0FE  main                  Unknown  Unknown
forrtl: severe (174): SIGSEGV, segmentation fault occurred
Image              PC                Routine            Line        Source             
ESMF_NUOPCAtmMode  00000001026951F4  for__signal_handl     Unknown  Unknown
libsystem_platfor  00007FFF7B333B5D  _sigtramp             Unknown  Unknown
libmpi.40.dylib    0000000104DA92A1  MPI_Comm_rank         Unknown  Unknown
libesmf.dylib      00000001032386D2  _ZN5ESMCI3VMK4ini     Unknown  Unknown
libesmf.dylib      0000000103214085  _ZN5ESMCI2VM10ini     Unknown  Unknown
libesmf.dylib      0000000103244DB5  c_esmc_vminitiali     Unknown  Unknown
libesmf.dylib      0000000103A2B8D0  esmf_vmmod_mp_esm     Unknown  Unknown
libesmf.dylib      00000001038C4BF6  esmf_initmod_mp_e     Unknown  Unknown
libesmf.dylib      00000001038C72C8  esmf_initmod_mp_e     Unknown  Unknown
ESMF_NUOPCAtmMode  000000010266D2B6  MAIN__                Unknown  Unknown
ESMF_NUOPCAtmMode  000000010266D0FE  main                  Unknown  Unknown
forrtl: severe (174): SIGSEGV, segmentation fault occurred
Image              PC                Routine            Line        Source             
ESMF_NUOPCAtmMode  00000001077F31F4  for__signal_handl     Unknown  Unknown
libsystem_platfor  00007FFF7B333B5D  _sigtramp             Unknown  Unknown
libmpi.40.dylib    0000000107BE12A1  MPI_Comm_rank         Unknown  Unknown
libesmf.dylib      0000000109C746D2  _ZN5ESMCI3VMK4ini     Unknown  Unknown
libesmf.dylib      0000000109C50085  _ZN5ESMCI2VM10ini     Unknown  Unknown
libesmf.dylib      0000000109C80DB5  c_esmc_vminitiali     Unknown  Unknown
libesmf.dylib      000000010A4678D0  esmf_vmmod_mp_esm     Unknown  Unknown
libesmf.dylib      000000010A300BF6  esmf_initmod_mp_e     Unknown  Unknown
libesmf.dylib      000000010A3032C8  esmf_initmod_mp_e     Unknown  Unknown
ESMF_NUOPCAtmMode  00000001077CB2B6  MAIN__                Unknown  Unknown
ESMF_NUOPCAtmMode  00000001077CB0FE  main                  Unknown  Unknown
