build time -- 2022-01-12 13:07:19
forrtl: severe (174): SIGSEGV, segmentation fault occurred
Image              PC                Routine            Line        Source             
ESMF_FieldCreateE  0000000105A4EA34  for__signal_handl     Unknown  Unknown
libsystem_platfor  00007FFF7B333B5D  _sigtramp             Unknown  Unknown
libmpi.40.dylib    00000001081592A1  MPI_Comm_rank         Unknown  Unknown
libesmf.dylib      00000001065EF6D2  _ZN5ESMCI3VMK4ini     Unknown  Unknown
libesmf.dylib      00000001065CB085  _ZN5ESMCI2VM10ini     Unknown  Unknown
libesmf.dylib      00000001065FBDB5  c_esmc_vminitiali     Unknown  Unknown
libesmf.dylib      0000000106DE28D0  esmf_vmmod_mp_esm     Unknown  Unknown
libesmf.dylib      0000000106C7BBF6  esmf_initmod_mp_e     Unknown  Unknown
libesmf.dylib      0000000106C7E2C8  esmf_initmod_mp_e     Unknown  Unknown
ESMF_FieldCreateE  0000000105A23AD1  MAIN__                Unknown  Unknown
ESMF_FieldCreateE  0000000105A237EE  main                  Unknown  Unknown
forrtl: severe (174): SIGSEGV, segmentation fault occurred
Image              PC                Routine            Line        Source             
ESMF_FieldCreateE  0000000103E5CA34  for__signal_handl     Unknown  Unknown
libsystem_platfor  00007FFF7B333B5D  _sigtramp             Unknown  Unknown
libmpi.40.dylib    00000001065662A1  MPI_Comm_rank         Unknown  Unknown
libesmf.dylib      00000001049FC6D2  _ZN5ESMCI3VMK4ini     Unknown  Unknown
libesmf.dylib      00000001049D8085  _ZN5ESMCI2VM10ini     Unknown  Unknown
libesmf.dylib      0000000104A08DB5  c_esmc_vminitiali     Unknown  Unknown
libesmf.dylib      00000001051EF8D0  esmf_vmmod_mp_esm     Unknown  Unknown
libesmf.dylib      0000000105088BF6  esmf_initmod_mp_e     Unknown  Unknown
libesmf.dylib      000000010508B2C8  esmf_initmod_mp_e     Unknown  Unknown
ESMF_FieldCreateE  0000000103E31AD1  MAIN__                Unknown  Unknown
ESMF_FieldCreateE  0000000103E317EE  main                  Unknown  Unknown
forrtl: severe (174): SIGSEGV, segmentation fault occurred
Image              PC                Routine            Line        Source             
ESMF_FieldCreateE  00000001093BAA34  for__signal_handl     Unknown  Unknown
libsystem_platfor  00007FFF7B333B5D  _sigtramp             Unknown  Unknown
libmpi.40.dylib    000000010BAD12A1  MPI_Comm_rank         Unknown  Unknown
libesmf.dylib      0000000109F5F6D2  _ZN5ESMCI3VMK4ini     Unknown  Unknown
libesmf.dylib      0000000109F3B085  _ZN5ESMCI2VM10ini     Unknown  Unknown
libesmf.dylib      0000000109F6BDB5  c_esmc_vminitiali     Unknown  Unknown
libesmf.dylib      000000010A7528D0  esmf_vmmod_mp_esm     Unknown  Unknown
libesmf.dylib      000000010A5EBBF6  esmf_initmod_mp_e     Unknown  Unknown
libesmf.dylib      000000010A5EE2C8  esmf_initmod_mp_e     Unknown  Unknown
ESMF_FieldCreateE  000000010938FAD1  MAIN__                Unknown  Unknown
ESMF_FieldCreateE  000000010938F7EE  main                  Unknown  Unknown
forrtl: severe (174): SIGSEGV, segmentation fault occurred
Image              PC                Routine            Line        Source             
ESMF_FieldCreateE  0000000104A40A34  for__signal_handl     Unknown  Unknown
libsystem_platfor  00007FFF7B333B5D  _sigtramp             Unknown  Unknown
libmpi.40.dylib    000000010714D2A1  MPI_Comm_rank         Unknown  Unknown
libesmf.dylib      00000001055E26D2  _ZN5ESMCI3VMK4ini     Unknown  Unknown
libesmf.dylib      00000001055BE085  _ZN5ESMCI2VM10ini     Unknown  Unknown
libesmf.dylib      00000001055EEDB5  c_esmc_vminitiali     Unknown  Unknown
libesmf.dylib      0000000105DD58D0  esmf_vmmod_mp_esm     Unknown  Unknown
libesmf.dylib      0000000105C6EBF6  esmf_initmod_mp_e     Unknown  Unknown
libesmf.dylib      0000000105C712C8  esmf_initmod_mp_e     Unknown  Unknown
ESMF_FieldCreateE  0000000104A15AD1  MAIN__                Unknown  Unknown
ESMF_FieldCreateE  0000000104A157EE  main                  Unknown  Unknown
