build time -- 2022-01-12 13:07:19
forrtl: severe (174): SIGSEGV, segmentation fault occurred
Image              PC                Routine            Line        Source             
ESMF_RHandleFromR  00000001025B6254  for__signal_handl     Unknown  Unknown
libsystem_platfor  00007FFF7B333B5D  _sigtramp             Unknown  Unknown
libmpi.40.dylib    0000000104CC82A1  MPI_Comm_rank         Unknown  Unknown
libesmf.dylib      00000001031576D2  _ZN5ESMCI3VMK4ini     Unknown  Unknown
libesmf.dylib      0000000103133085  _ZN5ESMCI2VM10ini     Unknown  Unknown
libesmf.dylib      0000000103163DB5  c_esmc_vminitiali     Unknown  Unknown
libesmf.dylib      000000010394A8D0  esmf_vmmod_mp_esm     Unknown  Unknown
libesmf.dylib      00000001037E3BF6  esmf_initmod_mp_e     Unknown  Unknown
libesmf.dylib      00000001037E62C8  esmf_initmod_mp_e     Unknown  Unknown
ESMF_RHandleFromR  000000010258CD28  MAIN__                Unknown  Unknown
ESMF_RHandleFromR  000000010258CA7E  main                  Unknown  Unknown
forrtl: severe (174): SIGSEGV, segmentation fault occurred
Image              PC                Routine            Line        Source             
ESMF_RHandleFromR  000000010EC29254  for__signal_handl     Unknown  Unknown
libsystem_platfor  00007FFF7B333B5D  _sigtramp             Unknown  Unknown
libmpi.40.dylib    000000011133B2A1  MPI_Comm_rank         Unknown  Unknown
libesmf.dylib      000000010F7CF6D2  _ZN5ESMCI3VMK4ini     Unknown  Unknown
libesmf.dylib      000000010F7AB085  _ZN5ESMCI2VM10ini     Unknown  Unknown
libesmf.dylib      000000010F7DBDB5  c_esmc_vminitiali     Unknown  Unknown
libesmf.dylib      000000010FFC28D0  esmf_vmmod_mp_esm     Unknown  Unknown
libesmf.dylib      000000010FE5BBF6  esmf_initmod_mp_e     Unknown  Unknown
libesmf.dylib      000000010FE5E2C8  esmf_initmod_mp_e     Unknown  Unknown
ESMF_RHandleFromR  000000010EBFFD28  MAIN__                Unknown  Unknown
ESMF_RHandleFromR  000000010EBFFA7E  main                  Unknown  Unknown
forrtl: severe (174): SIGSEGV, segmentation fault occurred
Image              PC                Routine            Line        Source             
ESMF_RHandleFromR  0000000104E14254  for__signal_handl     Unknown  Unknown
libsystem_platfor  00007FFF7B333B5D  _sigtramp             Unknown  Unknown
libmpi.40.dylib    00000001075202A1  MPI_Comm_rank         Unknown  Unknown
libesmf.dylib      00000001059BA6D2  _ZN5ESMCI3VMK4ini     Unknown  Unknown
libesmf.dylib      0000000105996085  _ZN5ESMCI2VM10ini     Unknown  Unknown
libesmf.dylib      00000001059C6DB5  c_esmc_vminitiali     Unknown  Unknown
libesmf.dylib      00000001061AD8D0  esmf_vmmod_mp_esm     Unknown  Unknown
libesmf.dylib      0000000106046BF6  esmf_initmod_mp_e     Unknown  Unknown
libesmf.dylib      00000001060492C8  esmf_initmod_mp_e     Unknown  Unknown
ESMF_RHandleFromR  0000000104DEAD28  MAIN__                Unknown  Unknown
ESMF_RHandleFromR  0000000104DEAA7E  main                  Unknown  Unknown
forrtl: severe (174): SIGSEGV, segmentation fault occurred
Image              PC                Routine            Line        Source             
ESMF_RHandleFromR  000000010A699254  for__signal_handl     Unknown  Unknown
libsystem_platfor  00007FFF7B333B5D  _sigtramp             Unknown  Unknown
libmpi.40.dylib    000000010AA872A1  MPI_Comm_rank         Unknown  Unknown
libesmf.dylib      000000010C1B06D2  _ZN5ESMCI3VMK4ini     Unknown  Unknown
libesmf.dylib      000000010C18C085  _ZN5ESMCI2VM10ini     Unknown  Unknown
libesmf.dylib      000000010C1BCDB5  c_esmc_vminitiali     Unknown  Unknown
libesmf.dylib      000000010C9A38D0  esmf_vmmod_mp_esm     Unknown  Unknown
libesmf.dylib      000000010C83CBF6  esmf_initmod_mp_e     Unknown  Unknown
libesmf.dylib      000000010C83F2C8  esmf_initmod_mp_e     Unknown  Unknown
ESMF_RHandleFromR  000000010A66FD28  MAIN__                Unknown  Unknown
ESMF_RHandleFromR  000000010A66FA7E  main                  Unknown  Unknown
