build time -- 2022-01-12 13:07:19
forrtl: severe (174): SIGSEGV, segmentation fault occurred
Image              PC                Routine            Line        Source             
ESMF_ArrayRedistE  000000010DFD9F54  for__signal_handl     Unknown  Unknown
libsystem_platfor  00007FFF7B333B5D  _sigtramp             Unknown  Unknown
libmpi.40.dylib    00000001106E82A1  MPI_Comm_rank         Unknown  Unknown
libesmf.dylib      000000010EB7D6D2  _ZN5ESMCI3VMK4ini     Unknown  Unknown
libesmf.dylib      000000010EB59085  _ZN5ESMCI2VM10ini     Unknown  Unknown
libesmf.dylib      000000010EB89DB5  c_esmc_vminitiali     Unknown  Unknown
libesmf.dylib      000000010F3708D0  esmf_vmmod_mp_esm     Unknown  Unknown
libesmf.dylib      000000010F209BF6  esmf_initmod_mp_e     Unknown  Unknown
libesmf.dylib      000000010F20C2C8  esmf_initmod_mp_e     Unknown  Unknown
ESMF_ArrayRedistE  000000010DFB1540  MAIN__                Unknown  Unknown
ESMF_ArrayRedistE  000000010DFB123E  main                  Unknown  Unknown
forrtl: severe (174): SIGSEGV, segmentation fault occurred
Image              PC                Routine            Line        Source             
ESMF_ArrayRedistE  000000010E2D2F54  for__signal_handl     Unknown  Unknown
libsystem_platfor  00007FFF7B333B5D  _sigtramp             Unknown  Unknown
libmpi.40.dylib    00000001109DD2A1  MPI_Comm_rank         Unknown  Unknown
libesmf.dylib      000000010EE766D2  _ZN5ESMCI3VMK4ini     Unknown  Unknown
libesmf.dylib      000000010EE52085  _ZN5ESMCI2VM10ini     Unknown  Unknown
libesmf.dylib      000000010EE82DB5  c_esmc_vminitiali     Unknown  Unknown
libesmf.dylib      000000010F6698D0  esmf_vmmod_mp_esm     Unknown  Unknown
libesmf.dylib      000000010F502BF6  esmf_initmod_mp_e     Unknown  Unknown
libesmf.dylib      000000010F5052C8  esmf_initmod_mp_e     Unknown  Unknown
ESMF_ArrayRedistE  000000010E2AA540  MAIN__                Unknown  Unknown
ESMF_ArrayRedistE  000000010E2AA23E  main                  Unknown  Unknown
forrtl: severe (174): SIGSEGV, segmentation fault occurred
Image              PC                Routine            Line        Source             
ESMF_ArrayRedistE  000000010518FF54  for__signal_handl     Unknown  Unknown
libsystem_platfor  00007FFF7B333B5D  _sigtramp             Unknown  Unknown
libmpi.40.dylib    00000001078932A1  MPI_Comm_rank         Unknown  Unknown
libesmf.dylib      0000000105D2F6D2  _ZN5ESMCI3VMK4ini     Unknown  Unknown
libesmf.dylib      0000000105D0B085  _ZN5ESMCI2VM10ini     Unknown  Unknown
libesmf.dylib      0000000105D3BDB5  c_esmc_vminitiali     Unknown  Unknown
libesmf.dylib      00000001065228D0  esmf_vmmod_mp_esm     Unknown  Unknown
libesmf.dylib      00000001063BBBF6  esmf_initmod_mp_e     Unknown  Unknown
libesmf.dylib      00000001063BE2C8  esmf_initmod_mp_e     Unknown  Unknown
ESMF_ArrayRedistE  0000000105167540  MAIN__                Unknown  Unknown
ESMF_ArrayRedistE  000000010516723E  main                  Unknown  Unknown
forrtl: severe (174): SIGSEGV, segmentation fault occurred
Image              PC                Routine            Line        Source             
ESMF_ArrayRedistE  000000010C471F54  for__signal_handl     Unknown  Unknown
libsystem_platfor  00007FFF7B333B5D  _sigtramp             Unknown  Unknown
libmpi.40.dylib    000000010C85C2A1  MPI_Comm_rank         Unknown  Unknown
libesmf.dylib      000000010F31A6D2  _ZN5ESMCI3VMK4ini     Unknown  Unknown
libesmf.dylib      000000010F2F6085  _ZN5ESMCI2VM10ini     Unknown  Unknown
libesmf.dylib      000000010F326DB5  c_esmc_vminitiali     Unknown  Unknown
libesmf.dylib      000000010FB0D8D0  esmf_vmmod_mp_esm     Unknown  Unknown
libesmf.dylib      000000010F9A6BF6  esmf_initmod_mp_e     Unknown  Unknown
libesmf.dylib      000000010F9A92C8  esmf_initmod_mp_e     Unknown  Unknown
ESMF_ArrayRedistE  000000010C449540  MAIN__                Unknown  Unknown
ESMF_ArrayRedistE  000000010C44923E  main                  Unknown  Unknown
