build time -- 2022-01-12 13:07:19
forrtl: severe (174): SIGSEGV, segmentation fault occurred
Image              PC                Routine            Line        Source             
ESMF_CplEx         000000010DA7B5A4  for__signal_handl     Unknown  Unknown
libsystem_platfor  00007FFF7B333B5D  _sigtramp             Unknown  Unknown
libmpi.40.dylib    00000001101882A1  MPI_Comm_rank         Unknown  Unknown
libesmf.dylib      000000010E61F6D2  _ZN5ESMCI3VMK4ini     Unknown  Unknown
libesmf.dylib      000000010E5FB085  _ZN5ESMCI2VM10ini     Unknown  Unknown
libesmf.dylib      000000010E62BDB5  c_esmc_vminitiali     Unknown  Unknown
libesmf.dylib      000000010EE128D0  esmf_vmmod_mp_esm     Unknown  Unknown
libesmf.dylib      000000010ECABBF6  esmf_initmod_mp_e     Unknown  Unknown
libesmf.dylib      000000010ECAE2C8  esmf_initmod_mp_e     Unknown  Unknown
ESMF_CplEx         000000010DA54D24  MAIN__                Unknown  Unknown
ESMF_CplEx         000000010DA54A4E  main                  Unknown  Unknown
forrtl: severe (174): SIGSEGV, segmentation fault occurred
Image              PC                Routine            Line        Source             
ESMF_CplEx         00000001064EB5A4  for__signal_handl     Unknown  Unknown
libsystem_platfor  00007FFF7B333B5D  _sigtramp             Unknown  Unknown
libmpi.40.dylib    0000000108BF72A1  MPI_Comm_rank         Unknown  Unknown
libesmf.dylib      000000010708C6D2  _ZN5ESMCI3VMK4ini     Unknown  Unknown
libesmf.dylib      0000000107068085  _ZN5ESMCI2VM10ini     Unknown  Unknown
libesmf.dylib      0000000107098DB5  c_esmc_vminitiali     Unknown  Unknown
libesmf.dylib      000000010787F8D0  esmf_vmmod_mp_esm     Unknown  Unknown
libesmf.dylib      0000000107718BF6  esmf_initmod_mp_e     Unknown  Unknown
libesmf.dylib      000000010771B2C8  esmf_initmod_mp_e     Unknown  Unknown
ESMF_CplEx         00000001064C4D24  MAIN__                Unknown  Unknown
ESMF_CplEx         00000001064C4A4E  main                  Unknown  Unknown
forrtl: severe (174): SIGSEGV, segmentation fault occurred
Image              PC                Routine            Line        Source             
ESMF_CplEx         0000000108D4B5A4  for__signal_handl     Unknown  Unknown
libsystem_platfor  00007FFF7B333B5D  _sigtramp             Unknown  Unknown
libmpi.40.dylib    000000010B45A2A1  MPI_Comm_rank         Unknown  Unknown
libesmf.dylib      00000001098EA6D2  _ZN5ESMCI3VMK4ini     Unknown  Unknown
libesmf.dylib      00000001098C6085  _ZN5ESMCI2VM10ini     Unknown  Unknown
libesmf.dylib      00000001098F6DB5  c_esmc_vminitiali     Unknown  Unknown
libesmf.dylib      000000010A0DD8D0  esmf_vmmod_mp_esm     Unknown  Unknown
libesmf.dylib      0000000109F76BF6  esmf_initmod_mp_e     Unknown  Unknown
libesmf.dylib      0000000109F792C8  esmf_initmod_mp_e     Unknown  Unknown
ESMF_CplEx         0000000108D24D24  MAIN__                Unknown  Unknown
ESMF_CplEx         0000000108D24A4E  main                  Unknown  Unknown
forrtl: severe (174): SIGSEGV, segmentation fault occurred
Image              PC                Routine            Line        Source             
ESMF_CplEx         0000000104DE85A4  for__signal_handl     Unknown  Unknown
libsystem_platfor  00007FFF7B333B5D  _sigtramp             Unknown  Unknown
libmpi.40.dylib    00000001051D52A1  MPI_Comm_rank         Unknown  Unknown
libesmf.dylib      00000001068156D2  _ZN5ESMCI3VMK4ini     Unknown  Unknown
libesmf.dylib      00000001067F1085  _ZN5ESMCI2VM10ini     Unknown  Unknown
libesmf.dylib      0000000106821DB5  c_esmc_vminitiali     Unknown  Unknown
libesmf.dylib      00000001070088D0  esmf_vmmod_mp_esm     Unknown  Unknown
libesmf.dylib      0000000106EA1BF6  esmf_initmod_mp_e     Unknown  Unknown
libesmf.dylib      0000000106EA42C8  esmf_initmod_mp_e     Unknown  Unknown
ESMF_CplEx         0000000104DC1D24  MAIN__                Unknown  Unknown
ESMF_CplEx         0000000104DC1A4E  main                  Unknown  Unknown
