build time -- 2022-01-12 13:07:19
forrtl: severe (174): SIGSEGV, segmentation fault occurred
Image              PC                Routine            Line        Source             
ESMF_ArrayScatter  0000000105AAFF14  for__signal_handl     Unknown  Unknown
libsystem_platfor  00007FFF7B333B5D  _sigtramp             Unknown  Unknown
libmpi.40.dylib    00000001081BB2A1  MPI_Comm_rank         Unknown  Unknown
libesmf.dylib      00000001066506D2  _ZN5ESMCI3VMK4ini     Unknown  Unknown
libesmf.dylib      000000010662C085  _ZN5ESMCI2VM10ini     Unknown  Unknown
libesmf.dylib      000000010665CDB5  c_esmc_vminitiali     Unknown  Unknown
libesmf.dylib      0000000106E438D0  esmf_vmmod_mp_esm     Unknown  Unknown
libesmf.dylib      0000000106CDCBF6  esmf_initmod_mp_e     Unknown  Unknown
libesmf.dylib      0000000106CDF2C8  esmf_initmod_mp_e     Unknown  Unknown
ESMF_ArrayScatter  0000000105A897A6  MAIN__                Unknown  Unknown
ESMF_ArrayScatter  0000000105A8954E  main                  Unknown  Unknown
forrtl: severe (174): SIGSEGV, segmentation fault occurred
Image              PC                Routine            Line        Source             
ESMF_ArrayScatter  000000010B1C1F14  for__signal_handl     Unknown  Unknown
libsystem_platfor  00007FFF7B333B5D  _sigtramp             Unknown  Unknown
libmpi.40.dylib    000000010D8C52A1  MPI_Comm_rank         Unknown  Unknown
libesmf.dylib      000000010BD5F6D2  _ZN5ESMCI3VMK4ini     Unknown  Unknown
libesmf.dylib      000000010BD3B085  _ZN5ESMCI2VM10ini     Unknown  Unknown
libesmf.dylib      000000010BD6BDB5  c_esmc_vminitiali     Unknown  Unknown
libesmf.dylib      000000010C5528D0  esmf_vmmod_mp_esm     Unknown  Unknown
libesmf.dylib      000000010C3EBBF6  esmf_initmod_mp_e     Unknown  Unknown
libesmf.dylib      000000010C3EE2C8  esmf_initmod_mp_e     Unknown  Unknown
ESMF_ArrayScatter  000000010B19B7A6  MAIN__                Unknown  Unknown
ESMF_ArrayScatter  000000010B19B54E  main                  Unknown  Unknown
forrtl: severe (174): SIGSEGV, segmentation fault occurred
Image              PC                Routine            Line        Source             
ESMF_ArrayScatter  000000010C395F14  for__signal_handl     Unknown  Unknown
libsystem_platfor  00007FFF7B333B5D  _sigtramp             Unknown  Unknown
libmpi.40.dylib    000000010EAA52A1  MPI_Comm_rank         Unknown  Unknown
libesmf.dylib      000000010CF366D2  _ZN5ESMCI3VMK4ini     Unknown  Unknown
libesmf.dylib      000000010CF12085  _ZN5ESMCI2VM10ini     Unknown  Unknown
libesmf.dylib      000000010CF42DB5  c_esmc_vminitiali     Unknown  Unknown
libesmf.dylib      000000010D7298D0  esmf_vmmod_mp_esm     Unknown  Unknown
libesmf.dylib      000000010D5C2BF6  esmf_initmod_mp_e     Unknown  Unknown
libesmf.dylib      000000010D5C52C8  esmf_initmod_mp_e     Unknown  Unknown
ESMF_ArrayScatter  000000010C36F7A6  MAIN__                Unknown  Unknown
ESMF_ArrayScatter  000000010C36F54E  main                  Unknown  Unknown
forrtl: severe (174): SIGSEGV, segmentation fault occurred
Image              PC                Routine            Line        Source             
ESMF_ArrayScatter  0000000104485F14  for__signal_handl     Unknown  Unknown
libsystem_platfor  00007FFF7B333B5D  _sigtramp             Unknown  Unknown
libmpi.40.dylib    0000000106B8E2A1  MPI_Comm_rank         Unknown  Unknown
libesmf.dylib      00000001050246D2  _ZN5ESMCI3VMK4ini     Unknown  Unknown
libesmf.dylib      0000000105000085  _ZN5ESMCI2VM10ini     Unknown  Unknown
libesmf.dylib      0000000105030DB5  c_esmc_vminitiali     Unknown  Unknown
libesmf.dylib      00000001058178D0  esmf_vmmod_mp_esm     Unknown  Unknown
libesmf.dylib      00000001056B0BF6  esmf_initmod_mp_e     Unknown  Unknown
libesmf.dylib      00000001056B32C8  esmf_initmod_mp_e     Unknown  Unknown
ESMF_ArrayScatter  000000010445F7A6  MAIN__                Unknown  Unknown
ESMF_ArrayScatter  000000010445F54E  main                  Unknown  Unknown
