build time -- 2022-01-12 13:07:19
forrtl: severe (174): SIGSEGV, segmentation fault occurred
Image              PC                Routine            Line        Source             
ESMF_InternalStat  000000010B30DDD4  for__signal_handl     Unknown  Unknown
libsystem_platfor  00007FFF7B333B5D  _sigtramp             Unknown  Unknown
libmpi.40.dylib    000000010DA162A1  MPI_Comm_rank         Unknown  Unknown
libesmf.dylib      000000010BEAD6D2  _ZN5ESMCI3VMK4ini     Unknown  Unknown
libesmf.dylib      000000010BE89085  _ZN5ESMCI2VM10ini     Unknown  Unknown
libesmf.dylib      000000010BEB9DB5  c_esmc_vminitiali     Unknown  Unknown
libesmf.dylib      000000010C6A08D0  esmf_vmmod_mp_esm     Unknown  Unknown
libesmf.dylib      000000010C539BF6  esmf_initmod_mp_e     Unknown  Unknown
libesmf.dylib      000000010C53C2C8  esmf_initmod_mp_e     Unknown  Unknown
ESMF_InternalStat  000000010B2E7B71  MAIN__                Unknown  Unknown
ESMF_InternalStat  000000010B2E79FE  main                  Unknown  Unknown
forrtl: severe (174): SIGSEGV, segmentation fault occurred
Image              PC                Routine            Line        Source             
ESMF_InternalStat  00000001033BADD4  for__signal_handl     Unknown  Unknown
libsystem_platfor  00007FFF7B333B5D  _sigtramp             Unknown  Unknown
libmpi.40.dylib    0000000105AD02A1  MPI_Comm_rank         Unknown  Unknown
libesmf.dylib      0000000103F5E6D2  _ZN5ESMCI3VMK4ini     Unknown  Unknown
libesmf.dylib      0000000103F3A085  _ZN5ESMCI2VM10ini     Unknown  Unknown
libesmf.dylib      0000000103F6ADB5  c_esmc_vminitiali     Unknown  Unknown
libesmf.dylib      00000001047518D0  esmf_vmmod_mp_esm     Unknown  Unknown
libesmf.dylib      00000001045EABF6  esmf_initmod_mp_e     Unknown  Unknown
libesmf.dylib      00000001045ED2C8  esmf_initmod_mp_e     Unknown  Unknown
ESMF_InternalStat  0000000103394B71  MAIN__                Unknown  Unknown
ESMF_InternalStat  00000001033949FE  main                  Unknown  Unknown
forrtl: severe (174): SIGSEGV, segmentation fault occurred
Image              PC                Routine            Line        Source             
ESMF_InternalStat  0000000105DEADD4  for__signal_handl     Unknown  Unknown
libsystem_platfor  00007FFF7B333B5D  _sigtramp             Unknown  Unknown
libmpi.40.dylib    00000001061D52A1  MPI_Comm_rank         Unknown  Unknown
libesmf.dylib      0000000106DA06D2  _ZN5ESMCI3VMK4ini     Unknown  Unknown
libesmf.dylib      0000000106D7C085  _ZN5ESMCI2VM10ini     Unknown  Unknown
libesmf.dylib      0000000106DACDB5  c_esmc_vminitiali     Unknown  Unknown
libesmf.dylib      00000001075938D0  esmf_vmmod_mp_esm     Unknown  Unknown
libesmf.dylib      000000010742CBF6  esmf_initmod_mp_e     Unknown  Unknown
libesmf.dylib      000000010742F2C8  esmf_initmod_mp_e     Unknown  Unknown
ESMF_InternalStat  0000000105DC4B71  MAIN__                Unknown  Unknown
ESMF_InternalStat  0000000105DC49FE  main                  Unknown  Unknown
forrtl: severe (174): SIGSEGV, segmentation fault occurred
Image              PC                Routine            Line        Source             
ESMF_InternalStat  00000001018ADDD4  for__signal_handl     Unknown  Unknown
libsystem_platfor  00007FFF7B333B5D  _sigtramp             Unknown  Unknown
libmpi.40.dylib    0000000103FB62A1  MPI_Comm_rank         Unknown  Unknown
libesmf.dylib      000000010244C6D2  _ZN5ESMCI3VMK4ini     Unknown  Unknown
libesmf.dylib      0000000102428085  _ZN5ESMCI2VM10ini     Unknown  Unknown
libesmf.dylib      0000000102458DB5  c_esmc_vminitiali     Unknown  Unknown
libesmf.dylib      0000000102C3F8D0  esmf_vmmod_mp_esm     Unknown  Unknown
libesmf.dylib      0000000102AD8BF6  esmf_initmod_mp_e     Unknown  Unknown
libesmf.dylib      0000000102ADB2C8  esmf_initmod_mp_e     Unknown  Unknown
ESMF_InternalStat  0000000101887B71  MAIN__                Unknown  Unknown
ESMF_InternalStat  00000001018879FE  main                  Unknown  Unknown
