build time -- 2022-01-12 13:07:19
forrtl: severe (174): SIGSEGV, segmentation fault occurred
Image              PC                Routine            Line        Source             
ESMF_FieldBundleS  000000010DDA3BC4  for__signal_handl     Unknown  Unknown
libsystem_platfor  00007FFF7B333B5D  _sigtramp             Unknown  Unknown
libmpi.40.dylib    00000001104A82A1  MPI_Comm_rank         Unknown  Unknown
libesmf.dylib      000000010E9426D2  _ZN5ESMCI3VMK4ini     Unknown  Unknown
libesmf.dylib      000000010E91E085  _ZN5ESMCI2VM10ini     Unknown  Unknown
libesmf.dylib      000000010E94EDB5  c_esmc_vminitiali     Unknown  Unknown
libesmf.dylib      000000010F1358D0  esmf_vmmod_mp_esm     Unknown  Unknown
libesmf.dylib      000000010EFCEBF6  esmf_initmod_mp_e     Unknown  Unknown
libesmf.dylib      000000010EFD12C8  esmf_initmod_mp_e     Unknown  Unknown
ESMF_FieldBundleS  000000010DD7CD3A  MAIN__                Unknown  Unknown
ESMF_FieldBundleS  000000010DD7CA7E  main                  Unknown  Unknown
forrtl: severe (174): SIGSEGV, segmentation fault occurred
Image              PC                Routine            Line        Source             
ESMF_FieldBundleS  0000000100382BC4  for__signal_handl     Unknown  Unknown
libsystem_platfor  00007FFF7B333B5D  _sigtramp             Unknown  Unknown
libmpi.40.dylib    0000000102A892A1  MPI_Comm_rank         Unknown  Unknown
libesmf.dylib      0000000100F226D2  _ZN5ESMCI3VMK4ini     Unknown  Unknown
libesmf.dylib      0000000100EFE085  _ZN5ESMCI2VM10ini     Unknown  Unknown
libesmf.dylib      0000000100F2EDB5  c_esmc_vminitiali     Unknown  Unknown
libesmf.dylib      00000001017158D0  esmf_vmmod_mp_esm     Unknown  Unknown
libesmf.dylib      00000001015AEBF6  esmf_initmod_mp_e     Unknown  Unknown
libesmf.dylib      00000001015B12C8  esmf_initmod_mp_e     Unknown  Unknown
ESMF_FieldBundleS  000000010035BD3A  MAIN__                Unknown  Unknown
ESMF_FieldBundleS  000000010035BA7E  main                  Unknown  Unknown
forrtl: severe (174): SIGSEGV, segmentation fault occurred
Image              PC                Routine            Line        Source             
ESMF_FieldBundleS  000000010E430BC4  for__signal_handl     Unknown  Unknown
libsystem_platfor  00007FFF7B333B5D  _sigtramp             Unknown  Unknown
libmpi.40.dylib    0000000110B362A1  MPI_Comm_rank         Unknown  Unknown
libesmf.dylib      000000010EFCD6D2  _ZN5ESMCI3VMK4ini     Unknown  Unknown
libesmf.dylib      000000010EFA9085  _ZN5ESMCI2VM10ini     Unknown  Unknown
libesmf.dylib      000000010EFD9DB5  c_esmc_vminitiali     Unknown  Unknown
libesmf.dylib      000000010F7C08D0  esmf_vmmod_mp_esm     Unknown  Unknown
libesmf.dylib      000000010F659BF6  esmf_initmod_mp_e     Unknown  Unknown
libesmf.dylib      000000010F65C2C8  esmf_initmod_mp_e     Unknown  Unknown
ESMF_FieldBundleS  000000010E409D3A  MAIN__                Unknown  Unknown
ESMF_FieldBundleS  000000010E409A7E  main                  Unknown  Unknown
forrtl: severe (174): SIGSEGV, segmentation fault occurred
Image              PC                Routine            Line        Source             
ESMF_FieldBundleS  00000001046ACBC4  for__signal_handl     Unknown  Unknown
libsystem_platfor  00007FFF7B333B5D  _sigtramp             Unknown  Unknown
libmpi.40.dylib    0000000106DC12A1  MPI_Comm_rank         Unknown  Unknown
libesmf.dylib      000000010524D6D2  _ZN5ESMCI3VMK4ini     Unknown  Unknown
libesmf.dylib      0000000105229085  _ZN5ESMCI2VM10ini     Unknown  Unknown
libesmf.dylib      0000000105259DB5  c_esmc_vminitiali     Unknown  Unknown
libesmf.dylib      0000000105A408D0  esmf_vmmod_mp_esm     Unknown  Unknown
libesmf.dylib      00000001058D9BF6  esmf_initmod_mp_e     Unknown  Unknown
libesmf.dylib      00000001058DC2C8  esmf_initmod_mp_e     Unknown  Unknown
ESMF_FieldBundleS  0000000104685D3A  MAIN__                Unknown  Unknown
ESMF_FieldBundleS  0000000104685A7E  main                  Unknown  Unknown
