build time -- 2022-01-12 13:07:19
forrtl: severe (174): SIGSEGV, segmentation fault occurred
Image              PC                Routine            Line        Source             
ESMF_ArrayBundleE  000000010D755F74  for__signal_handl     Unknown  Unknown
libsystem_platfor  00007FFF7B333B5D  _sigtramp             Unknown  Unknown
libmpi.40.dylib    000000010FE652A1  MPI_Comm_rank         Unknown  Unknown
libesmf.dylib      000000010E2F46D2  _ZN5ESMCI3VMK4ini     Unknown  Unknown
libesmf.dylib      000000010E2D0085  _ZN5ESMCI2VM10ini     Unknown  Unknown
libesmf.dylib      000000010E300DB5  c_esmc_vminitiali     Unknown  Unknown
libesmf.dylib      000000010EAE78D0  esmf_vmmod_mp_esm     Unknown  Unknown
libesmf.dylib      000000010E980BF6  esmf_initmod_mp_e     Unknown  Unknown
libesmf.dylib      000000010E9832C8  esmf_initmod_mp_e     Unknown  Unknown
ESMF_ArrayBundleE  000000010D72F4B5  MAIN__                Unknown  Unknown
ESMF_ArrayBundleE  000000010D72F2AE  main                  Unknown  Unknown
forrtl: severe (174): SIGSEGV, segmentation fault occurred
Image              PC                Routine            Line        Source             
ESMF_ArrayBundleE  0000000109E3CF74  for__signal_handl     Unknown  Unknown
libsystem_platfor  00007FFF7B333B5D  _sigtramp             Unknown  Unknown
libmpi.40.dylib    000000010C5442A1  MPI_Comm_rank         Unknown  Unknown
libesmf.dylib      000000010A9DB6D2  _ZN5ESMCI3VMK4ini     Unknown  Unknown
libesmf.dylib      000000010A9B7085  _ZN5ESMCI2VM10ini     Unknown  Unknown
libesmf.dylib      000000010A9E7DB5  c_esmc_vminitiali     Unknown  Unknown
libesmf.dylib      000000010B1CE8D0  esmf_vmmod_mp_esm     Unknown  Unknown
libesmf.dylib      000000010B067BF6  esmf_initmod_mp_e     Unknown  Unknown
libesmf.dylib      000000010B06A2C8  esmf_initmod_mp_e     Unknown  Unknown
ESMF_ArrayBundleE  0000000109E164B5  MAIN__                Unknown  Unknown
ESMF_ArrayBundleE  0000000109E162AE  main                  Unknown  Unknown
forrtl: severe (174): SIGSEGV, segmentation fault occurred
Image              PC                Routine            Line        Source             
ESMF_ArrayBundleE  000000010F51AF74  for__signal_handl     Unknown  Unknown
libsystem_platfor  00007FFF7B333B5D  _sigtramp             Unknown  Unknown
libmpi.40.dylib    0000000111C252A1  MPI_Comm_rank         Unknown  Unknown
libesmf.dylib      00000001100BC6D2  _ZN5ESMCI3VMK4ini     Unknown  Unknown
libesmf.dylib      0000000110098085  _ZN5ESMCI2VM10ini     Unknown  Unknown
libesmf.dylib      00000001100C8DB5  c_esmc_vminitiali     Unknown  Unknown
libesmf.dylib      00000001108AF8D0  esmf_vmmod_mp_esm     Unknown  Unknown
libesmf.dylib      0000000110748BF6  esmf_initmod_mp_e     Unknown  Unknown
libesmf.dylib      000000011074B2C8  esmf_initmod_mp_e     Unknown  Unknown
ESMF_ArrayBundleE  000000010F4F44B5  MAIN__                Unknown  Unknown
ESMF_ArrayBundleE  000000010F4F42AE  main                  Unknown  Unknown
forrtl: severe (174): SIGSEGV, segmentation fault occurred
Image              PC                Routine            Line        Source             
ESMF_ArrayBundleE  000000010088FF74  for__signal_handl     Unknown  Unknown
libsystem_platfor  00007FFF7B333B5D  _sigtramp             Unknown  Unknown
libmpi.40.dylib    0000000102F9D2A1  MPI_Comm_rank         Unknown  Unknown
libesmf.dylib      00000001014336D2  _ZN5ESMCI3VMK4ini     Unknown  Unknown
libesmf.dylib      000000010140F085  _ZN5ESMCI2VM10ini     Unknown  Unknown
libesmf.dylib      000000010143FDB5  c_esmc_vminitiali     Unknown  Unknown
libesmf.dylib      0000000101C268D0  esmf_vmmod_mp_esm     Unknown  Unknown
libesmf.dylib      0000000101ABFBF6  esmf_initmod_mp_e     Unknown  Unknown
libesmf.dylib      0000000101AC22C8  esmf_initmod_mp_e     Unknown  Unknown
ESMF_ArrayBundleE  00000001008694B5  MAIN__                Unknown  Unknown
ESMF_ArrayBundleE  00000001008692AE  main                  Unknown  Unknown
