build time -- 2022-01-12 13:07:19
forrtl: severe (174): SIGSEGV, segmentation fault occurred
Image              PC                Routine            Line        Source             
ESMF_ArrayBundleH  000000010BEDBEF4  for__signal_handl     Unknown  Unknown
libsystem_platfor  00007FFF7B333B5D  _sigtramp             Unknown  Unknown
libmpi.40.dylib    000000010E5ED2A1  MPI_Comm_rank         Unknown  Unknown
libesmf.dylib      000000010CA7D6D2  _ZN5ESMCI3VMK4ini     Unknown  Unknown
libesmf.dylib      000000010CA59085  _ZN5ESMCI2VM10ini     Unknown  Unknown
libesmf.dylib      000000010CA89DB5  c_esmc_vminitiali     Unknown  Unknown
libesmf.dylib      000000010D2708D0  esmf_vmmod_mp_esm     Unknown  Unknown
libesmf.dylib      000000010D109BF6  esmf_initmod_mp_e     Unknown  Unknown
libesmf.dylib      000000010D10C2C8  esmf_initmod_mp_e     Unknown  Unknown
ESMF_ArrayBundleH  000000010BEB55F9  MAIN__                Unknown  Unknown
ESMF_ArrayBundleH  000000010BEB53AE  main                  Unknown  Unknown
forrtl: severe (174): SIGSEGV, segmentation fault occurred
Image              PC                Routine            Line        Source             
ESMF_ArrayBundleH  0000000109544EF4  for__signal_handl     Unknown  Unknown
libsystem_platfor  00007FFF7B333B5D  _sigtramp             Unknown  Unknown
libmpi.40.dylib    000000010BC522A1  MPI_Comm_rank         Unknown  Unknown
libesmf.dylib      000000010A0E66D2  _ZN5ESMCI3VMK4ini     Unknown  Unknown
libesmf.dylib      000000010A0C2085  _ZN5ESMCI2VM10ini     Unknown  Unknown
libesmf.dylib      000000010A0F2DB5  c_esmc_vminitiali     Unknown  Unknown
libesmf.dylib      000000010A8D98D0  esmf_vmmod_mp_esm     Unknown  Unknown
libesmf.dylib      000000010A772BF6  esmf_initmod_mp_e     Unknown  Unknown
libesmf.dylib      000000010A7752C8  esmf_initmod_mp_e     Unknown  Unknown
ESMF_ArrayBundleH  000000010951E5F9  MAIN__                Unknown  Unknown
ESMF_ArrayBundleH  000000010951E3AE  main                  Unknown  Unknown
forrtl: severe (174): SIGSEGV, segmentation fault occurred
Image              PC                Routine            Line        Source             
ESMF_ArrayBundleH  000000010A971EF4  for__signal_handl     Unknown  Unknown
libsystem_platfor  00007FFF7B333B5D  _sigtramp             Unknown  Unknown
libmpi.40.dylib    000000010D0842A1  MPI_Comm_rank         Unknown  Unknown
libesmf.dylib      000000010B5146D2  _ZN5ESMCI3VMK4ini     Unknown  Unknown
libesmf.dylib      000000010B4F0085  _ZN5ESMCI2VM10ini     Unknown  Unknown
libesmf.dylib      000000010B520DB5  c_esmc_vminitiali     Unknown  Unknown
libesmf.dylib      000000010BD078D0  esmf_vmmod_mp_esm     Unknown  Unknown
libesmf.dylib      000000010BBA0BF6  esmf_initmod_mp_e     Unknown  Unknown
libesmf.dylib      000000010BBA32C8  esmf_initmod_mp_e     Unknown  Unknown
ESMF_ArrayBundleH  000000010A94B5F9  MAIN__                Unknown  Unknown
ESMF_ArrayBundleH  000000010A94B3AE  main                  Unknown  Unknown
forrtl: severe (174): SIGSEGV, segmentation fault occurred
Image              PC                Routine            Line        Source             
ESMF_ArrayBundleH  0000000104133EF4  for__signal_handl     Unknown  Unknown
libsystem_platfor  00007FFF7B333B5D  _sigtramp             Unknown  Unknown
libmpi.40.dylib    00000001068452A1  MPI_Comm_rank         Unknown  Unknown
libesmf.dylib      0000000104CD66D2  _ZN5ESMCI3VMK4ini     Unknown  Unknown
libesmf.dylib      0000000104CB2085  _ZN5ESMCI2VM10ini     Unknown  Unknown
libesmf.dylib      0000000104CE2DB5  c_esmc_vminitiali     Unknown  Unknown
libesmf.dylib      00000001054C98D0  esmf_vmmod_mp_esm     Unknown  Unknown
libesmf.dylib      0000000105362BF6  esmf_initmod_mp_e     Unknown  Unknown
libesmf.dylib      00000001053652C8  esmf_initmod_mp_e     Unknown  Unknown
ESMF_ArrayBundleH  000000010410D5F9  MAIN__                Unknown  Unknown
ESMF_ArrayBundleH  000000010410D3AE  main                  Unknown  Unknown
