build time -- 2022-01-12 13:07:19
forrtl: severe (174): SIGSEGV, segmentation fault occurred
Image              PC                Routine            Line        Source             
ESMF_VMHigherRank  00000001072CFF74  for__signal_handl     Unknown  Unknown
libsystem_platfor  00007FFF7B333B5D  _sigtramp             Unknown  Unknown
libmpi.40.dylib    00000001099DC2A1  MPI_Comm_rank         Unknown  Unknown
libesmf.dylib      0000000107E716D2  _ZN5ESMCI3VMK4ini     Unknown  Unknown
libesmf.dylib      0000000107E4D085  _ZN5ESMCI2VM10ini     Unknown  Unknown
libesmf.dylib      0000000107E7DDB5  c_esmc_vminitiali     Unknown  Unknown
libesmf.dylib      00000001086648D0  esmf_vmmod_mp_esm     Unknown  Unknown
libesmf.dylib      00000001084FDBF6  esmf_initmod_mp_e     Unknown  Unknown
libesmf.dylib      00000001085002C8  esmf_initmod_mp_e     Unknown  Unknown
ESMF_VMHigherRank  00000001072A94FA  MAIN__                Unknown  Unknown
ESMF_VMHigherRank  00000001072A936E  main                  Unknown  Unknown
forrtl: severe (174): SIGSEGV, segmentation fault occurred
Image              PC                Routine            Line        Source             
ESMF_VMHigherRank  00000001006C5F74  for__signal_handl     Unknown  Unknown
libsystem_platfor  00007FFF7B333B5D  _sigtramp             Unknown  Unknown
libmpi.40.dylib    0000000102DCE2A1  MPI_Comm_rank         Unknown  Unknown
libesmf.dylib      00000001012636D2  _ZN5ESMCI3VMK4ini     Unknown  Unknown
libesmf.dylib      000000010123F085  _ZN5ESMCI2VM10ini     Unknown  Unknown
libesmf.dylib      000000010126FDB5  c_esmc_vminitiali     Unknown  Unknown
libesmf.dylib      0000000101A568D0  esmf_vmmod_mp_esm     Unknown  Unknown
libesmf.dylib      00000001018EFBF6  esmf_initmod_mp_e     Unknown  Unknown
libesmf.dylib      00000001018F22C8  esmf_initmod_mp_e     Unknown  Unknown
ESMF_VMHigherRank  000000010069F4FA  MAIN__                Unknown  Unknown
ESMF_VMHigherRank  000000010069F36E  main                  Unknown  Unknown
forrtl: severe (174): SIGSEGV, segmentation fault occurred
Image              PC                Routine            Line        Source             
ESMF_VMHigherRank  0000000102EDFF74  for__signal_handl     Unknown  Unknown
libsystem_platfor  00007FFF7B333B5D  _sigtramp             Unknown  Unknown
libmpi.40.dylib    00000001055E62A1  MPI_Comm_rank         Unknown  Unknown
libesmf.dylib      0000000103A7F6D2  _ZN5ESMCI3VMK4ini     Unknown  Unknown
libesmf.dylib      0000000103A5B085  _ZN5ESMCI2VM10ini     Unknown  Unknown
libesmf.dylib      0000000103A8BDB5  c_esmc_vminitiali     Unknown  Unknown
libesmf.dylib      00000001042728D0  esmf_vmmod_mp_esm     Unknown  Unknown
libesmf.dylib      000000010410BBF6  esmf_initmod_mp_e     Unknown  Unknown
libesmf.dylib      000000010410E2C8  esmf_initmod_mp_e     Unknown  Unknown
ESMF_VMHigherRank  0000000102EB94FA  MAIN__                Unknown  Unknown
ESMF_VMHigherRank  0000000102EB936E  main                  Unknown  Unknown
forrtl: severe (174): SIGSEGV, segmentation fault occurred
Image              PC                Routine            Line        Source             
ESMF_VMHigherRank  0000000109234F74  for__signal_handl     Unknown  Unknown
libsystem_platfor  00007FFF7B333B5D  _sigtramp             Unknown  Unknown
libmpi.40.dylib    000000010BA592A1  MPI_Comm_rank         Unknown  Unknown
libesmf.dylib      0000000109DD66D2  _ZN5ESMCI3VMK4ini     Unknown  Unknown
libesmf.dylib      0000000109DB2085  _ZN5ESMCI2VM10ini     Unknown  Unknown
libesmf.dylib      0000000109DE2DB5  c_esmc_vminitiali     Unknown  Unknown
libesmf.dylib      000000010A5C98D0  esmf_vmmod_mp_esm     Unknown  Unknown
libesmf.dylib      000000010A462BF6  esmf_initmod_mp_e     Unknown  Unknown
libesmf.dylib      000000010A4652C8  esmf_initmod_mp_e     Unknown  Unknown
ESMF_VMHigherRank  000000010920E4FA  MAIN__                Unknown  Unknown
ESMF_VMHigherRank  000000010920E36E  main                  Unknown  Unknown
