build time -- 2022-01-12 13:07:19
forrtl: severe (174): SIGSEGV, segmentation fault occurred
Image              PC                Routine            Line        Source             
ESMF_ArrayScatter  0000000100D97DF4  for__signal_handl     Unknown  Unknown
libsystem_platfor  00007FFF7B333B5D  _sigtramp             Unknown  Unknown
libmpi.40.dylib    000000010356D2A1  MPI_Comm_rank         Unknown  Unknown
libesmf.dylib      0000000101A0C6D2  _ZN5ESMCI3VMK4ini     Unknown  Unknown
libesmf.dylib      00000001019E8085  _ZN5ESMCI2VM10ini     Unknown  Unknown
libesmf.dylib      0000000101A18DB5  c_esmc_vminitiali     Unknown  Unknown
libesmf.dylib      00000001021FF8D0  esmf_vmmod_mp_esm     Unknown  Unknown
libesmf.dylib      0000000102098BF6  esmf_initmod_mp_e     Unknown  Unknown
libesmf.dylib      000000010209B2C8  esmf_initmod_mp_e     Unknown  Unknown
ESMF_ArrayScatter  0000000100D6FB3E  MAIN__                Unknown  Unknown
ESMF_ArrayScatter  0000000100D6F95E  main                  Unknown  Unknown
forrtl: severe (174): SIGSEGV, segmentation fault occurred
Image              PC                Routine            Line        Source             
ESMF_ArrayScatter  0000000106120DF4  for__signal_handl     Unknown  Unknown
libsystem_platfor  00007FFF7B333B5D  _sigtramp             Unknown  Unknown
libmpi.40.dylib    00000001088292A1  MPI_Comm_rank         Unknown  Unknown
libesmf.dylib      0000000106CBD6D2  _ZN5ESMCI3VMK4ini     Unknown  Unknown
libesmf.dylib      0000000106C99085  _ZN5ESMCI2VM10ini     Unknown  Unknown
libesmf.dylib      0000000106CC9DB5  c_esmc_vminitiali     Unknown  Unknown
libesmf.dylib      00000001074B08D0  esmf_vmmod_mp_esm     Unknown  Unknown
libesmf.dylib      0000000107349BF6  esmf_initmod_mp_e     Unknown  Unknown
libesmf.dylib      000000010734C2C8  esmf_initmod_mp_e     Unknown  Unknown
ESMF_ArrayScatter  00000001060F8B3E  MAIN__                Unknown  Unknown
ESMF_ArrayScatter  00000001060F895E  main                  Unknown  Unknown
forrtl: severe (174): SIGSEGV, segmentation fault occurred
Image              PC                Routine            Line        Source             
ESMF_ArrayScatter  0000000103B9EDF4  for__signal_handl     Unknown  Unknown
libsystem_platfor  00007FFF7B333B5D  _sigtramp             Unknown  Unknown
libmpi.40.dylib    00000001062AE2A1  MPI_Comm_rank         Unknown  Unknown
libesmf.dylib      00000001047406D2  _ZN5ESMCI3VMK4ini     Unknown  Unknown
libesmf.dylib      000000010471C085  _ZN5ESMCI2VM10ini     Unknown  Unknown
libesmf.dylib      000000010474CDB5  c_esmc_vminitiali     Unknown  Unknown
libesmf.dylib      0000000104F338D0  esmf_vmmod_mp_esm     Unknown  Unknown
libesmf.dylib      0000000104DCCBF6  esmf_initmod_mp_e     Unknown  Unknown
libesmf.dylib      0000000104DCF2C8  esmf_initmod_mp_e     Unknown  Unknown
ESMF_ArrayScatter  0000000103B76B3E  MAIN__                Unknown  Unknown
ESMF_ArrayScatter  0000000103B7695E  main                  Unknown  Unknown
forrtl: severe (174): SIGSEGV, segmentation fault occurred
Image              PC                Routine            Line        Source             
ESMF_ArrayScatter  000000010C6B0DF4  for__signal_handl     Unknown  Unknown
libsystem_platfor  00007FFF7B333B5D  _sigtramp             Unknown  Unknown
libmpi.40.dylib    000000010EDBE2A1  MPI_Comm_rank         Unknown  Unknown
libesmf.dylib      000000010D24E6D2  _ZN5ESMCI3VMK4ini     Unknown  Unknown
libesmf.dylib      000000010D22A085  _ZN5ESMCI2VM10ini     Unknown  Unknown
libesmf.dylib      000000010D25ADB5  c_esmc_vminitiali     Unknown  Unknown
libesmf.dylib      000000010DA418D0  esmf_vmmod_mp_esm     Unknown  Unknown
libesmf.dylib      000000010D8DABF6  esmf_initmod_mp_e     Unknown  Unknown
libesmf.dylib      000000010D8DD2C8  esmf_initmod_mp_e     Unknown  Unknown
ESMF_ArrayScatter  000000010C688B3E  MAIN__                Unknown  Unknown
ESMF_ArrayScatter  000000010C68895E  main                  Unknown  Unknown
