build time -- 2022-01-12 13:07:19
forrtl: severe (174): SIGSEGV, segmentation fault occurred
Image              PC                Routine            Line        Source             
ESMF_TraceEx       000000010BB23D94  for__signal_handl     Unknown  Unknown
libsystem_platfor  00007FFF7B333B5D  _sigtramp             Unknown  Unknown
libmpi.40.dylib    000000010E22F2A1  MPI_Comm_rank         Unknown  Unknown
libesmf.dylib      000000010C6C16D2  _ZN5ESMCI3VMK4ini     Unknown  Unknown
libesmf.dylib      000000010C69D085  _ZN5ESMCI2VM10ini     Unknown  Unknown
libesmf.dylib      000000010C6CDDB5  c_esmc_vminitiali     Unknown  Unknown
libesmf.dylib      000000010CEB48D0  esmf_vmmod_mp_esm     Unknown  Unknown
libesmf.dylib      000000010CD4DBF6  esmf_initmod_mp_e     Unknown  Unknown
libesmf.dylib      000000010CD502C8  esmf_initmod_mp_e     Unknown  Unknown
ESMF_TraceEx       000000010BAFDC60  MAIN__                Unknown  Unknown
ESMF_TraceEx       000000010BAFDABE  main                  Unknown  Unknown
forrtl: severe (174): SIGSEGV, segmentation fault occurred
Image              PC                Routine            Line        Source             
ESMF_TraceEx       000000010F884D94  for__signal_handl     Unknown  Unknown
libsystem_platfor  00007FFF7B333B5D  _sigtramp             Unknown  Unknown
libmpi.40.dylib    0000000111F8E2A1  MPI_Comm_rank         Unknown  Unknown
libesmf.dylib      00000001104226D2  _ZN5ESMCI3VMK4ini     Unknown  Unknown
libesmf.dylib      00000001103FE085  _ZN5ESMCI2VM10ini     Unknown  Unknown
libesmf.dylib      000000011042EDB5  c_esmc_vminitiali     Unknown  Unknown
libesmf.dylib      0000000110C158D0  esmf_vmmod_mp_esm     Unknown  Unknown
libesmf.dylib      0000000110AAEBF6  esmf_initmod_mp_e     Unknown  Unknown
libesmf.dylib      0000000110AB12C8  esmf_initmod_mp_e     Unknown  Unknown
ESMF_TraceEx       000000010F85EC60  MAIN__                Unknown  Unknown
ESMF_TraceEx       000000010F85EABE  main                  Unknown  Unknown
forrtl: severe (174): SIGSEGV, segmentation fault occurred
Image              PC                Routine            Line        Source             
ESMF_TraceEx       0000000103029D94  for__signal_handl     Unknown  Unknown
libsystem_platfor  00007FFF7B333B5D  _sigtramp             Unknown  Unknown
libmpi.40.dylib    00000001057372A1  MPI_Comm_rank         Unknown  Unknown
libesmf.dylib      0000000103BCC6D2  _ZN5ESMCI3VMK4ini     Unknown  Unknown
libesmf.dylib      0000000103BA8085  _ZN5ESMCI2VM10ini     Unknown  Unknown
libesmf.dylib      0000000103BD8DB5  c_esmc_vminitiali     Unknown  Unknown
libesmf.dylib      00000001043BF8D0  esmf_vmmod_mp_esm     Unknown  Unknown
libesmf.dylib      0000000104258BF6  esmf_initmod_mp_e     Unknown  Unknown
libesmf.dylib      000000010425B2C8  esmf_initmod_mp_e     Unknown  Unknown
ESMF_TraceEx       0000000103003C60  MAIN__                Unknown  Unknown
ESMF_TraceEx       0000000103003ABE  main                  Unknown  Unknown
forrtl: severe (174): SIGSEGV, segmentation fault occurred
Image              PC                Routine            Line        Source             
ESMF_TraceEx       0000000107A5DD94  for__signal_handl     Unknown  Unknown
libsystem_platfor  00007FFF7B333B5D  _sigtramp             Unknown  Unknown
libmpi.40.dylib    000000010A1692A1  MPI_Comm_rank         Unknown  Unknown
libesmf.dylib      00000001085FA6D2  _ZN5ESMCI3VMK4ini     Unknown  Unknown
libesmf.dylib      00000001085D6085  _ZN5ESMCI2VM10ini     Unknown  Unknown
libesmf.dylib      0000000108606DB5  c_esmc_vminitiali     Unknown  Unknown
libesmf.dylib      0000000108DED8D0  esmf_vmmod_mp_esm     Unknown  Unknown
libesmf.dylib      0000000108C86BF6  esmf_initmod_mp_e     Unknown  Unknown
libesmf.dylib      0000000108C892C8  esmf_initmod_mp_e     Unknown  Unknown
ESMF_TraceEx       0000000107A37C60  MAIN__                Unknown  Unknown
ESMF_TraceEx       0000000107A37ABE  main                  Unknown  Unknown
