build time -- 2022-01-12 13:07:19
forrtl: severe (174): SIGSEGV, segmentation fault occurred
Image              PC                Routine            Line        Source             
ESMF_ArrayFarrayE  00000001090C4FD4  for__signal_handl     Unknown  Unknown
libsystem_platfor  00007FFF7B333B5D  _sigtramp             Unknown  Unknown
libmpi.40.dylib    000000010B7CF2A1  MPI_Comm_rank         Unknown  Unknown
libesmf.dylib      0000000109C656D2  _ZN5ESMCI3VMK4ini     Unknown  Unknown
libesmf.dylib      0000000109C41085  _ZN5ESMCI2VM10ini     Unknown  Unknown
libesmf.dylib      0000000109C71DB5  c_esmc_vminitiali     Unknown  Unknown
libesmf.dylib      000000010A4588D0  esmf_vmmod_mp_esm     Unknown  Unknown
libesmf.dylib      000000010A2F1BF6  esmf_initmod_mp_e     Unknown  Unknown
libesmf.dylib      000000010A2F42C8  esmf_initmod_mp_e     Unknown  Unknown
ESMF_ArrayFarrayE  000000010909D703  MAIN__                Unknown  Unknown
ESMF_ArrayFarrayE  000000010909D54E  main                  Unknown  Unknown
forrtl: severe (174): SIGSEGV, segmentation fault occurred
Image              PC                Routine            Line        Source             
ESMF_ArrayFarrayE  0000000102557FD4  for__signal_handl     Unknown  Unknown
libsystem_platfor  00007FFF7B333B5D  _sigtramp             Unknown  Unknown
libmpi.40.dylib    0000000104C652A1  MPI_Comm_rank         Unknown  Unknown
libesmf.dylib      00000001030FA6D2  _ZN5ESMCI3VMK4ini     Unknown  Unknown
libesmf.dylib      00000001030D6085  _ZN5ESMCI2VM10ini     Unknown  Unknown
libesmf.dylib      0000000103106DB5  c_esmc_vminitiali     Unknown  Unknown
libesmf.dylib      00000001038ED8D0  esmf_vmmod_mp_esm     Unknown  Unknown
libesmf.dylib      0000000103786BF6  esmf_initmod_mp_e     Unknown  Unknown
libesmf.dylib      00000001037892C8  esmf_initmod_mp_e     Unknown  Unknown
ESMF_ArrayFarrayE  0000000102530703  MAIN__                Unknown  Unknown
ESMF_ArrayFarrayE  000000010253054E  main                  Unknown  Unknown
forrtl: severe (174): SIGSEGV, segmentation fault occurred
Image              PC                Routine            Line        Source             
ESMF_ArrayFarrayE  000000010D737FD4  for__signal_handl     Unknown  Unknown
libsystem_platfor  00007FFF7B333B5D  _sigtramp             Unknown  Unknown
libmpi.40.dylib    000000010D9742A1  MPI_Comm_rank         Unknown  Unknown
libesmf.dylib      000000010E4FD6D2  _ZN5ESMCI3VMK4ini     Unknown  Unknown
libesmf.dylib      000000010E4D9085  _ZN5ESMCI2VM10ini     Unknown  Unknown
libesmf.dylib      000000010E509DB5  c_esmc_vminitiali     Unknown  Unknown
libesmf.dylib      000000010ECF08D0  esmf_vmmod_mp_esm     Unknown  Unknown
libesmf.dylib      000000010EB89BF6  esmf_initmod_mp_e     Unknown  Unknown
libesmf.dylib      000000010EB8C2C8  esmf_initmod_mp_e     Unknown  Unknown
ESMF_ArrayFarrayE  000000010D710703  MAIN__                Unknown  Unknown
ESMF_ArrayFarrayE  000000010D71054E  main                  Unknown  Unknown
forrtl: severe (174): SIGSEGV, segmentation fault occurred
Image              PC                Routine            Line        Source             
ESMF_ArrayFarrayE  000000010C07BFD4  for__signal_handl     Unknown  Unknown
libsystem_platfor  00007FFF7B333B5D  _sigtramp             Unknown  Unknown
libmpi.40.dylib    000000010E7842A1  MPI_Comm_rank         Unknown  Unknown
libesmf.dylib      000000010CC196D2  _ZN5ESMCI3VMK4ini     Unknown  Unknown
libesmf.dylib      000000010CBF5085  _ZN5ESMCI2VM10ini     Unknown  Unknown
libesmf.dylib      000000010CC25DB5  c_esmc_vminitiali     Unknown  Unknown
libesmf.dylib      000000010D40C8D0  esmf_vmmod_mp_esm     Unknown  Unknown
libesmf.dylib      000000010D2A5BF6  esmf_initmod_mp_e     Unknown  Unknown
libesmf.dylib      000000010D2A82C8  esmf_initmod_mp_e     Unknown  Unknown
ESMF_ArrayFarrayE  000000010C054703  MAIN__                Unknown  Unknown
ESMF_ArrayFarrayE  000000010C05454E  main                  Unknown  Unknown
