build time -- 2022-01-12 13:07:19
forrtl: severe (174): SIGSEGV, segmentation fault occurred
Image              PC                Routine            Line        Source             
ESMF_NUOPCBasicMo  0000000103514994  for__signal_handl     Unknown  Unknown
libsystem_platfor  00007FFF7B333B5D  _sigtramp             Unknown  Unknown
libmpi.40.dylib    0000000105C192A1  MPI_Comm_rank         Unknown  Unknown
libesmf.dylib      00000001040B56D2  _ZN5ESMCI3VMK4ini     Unknown  Unknown
libesmf.dylib      0000000104091085  _ZN5ESMCI2VM10ini     Unknown  Unknown
libesmf.dylib      00000001040C1DB5  c_esmc_vminitiali     Unknown  Unknown
libesmf.dylib      00000001048A88D0  esmf_vmmod_mp_esm     Unknown  Unknown
libesmf.dylib      0000000104741BF6  esmf_initmod_mp_e     Unknown  Unknown
libesmf.dylib      00000001047442C8  esmf_initmod_mp_e     Unknown  Unknown
ESMF_NUOPCBasicMo  00000001034EE056  MAIN__                Unknown  Unknown
ESMF_NUOPCBasicMo  00000001034EDEDE  main                  Unknown  Unknown
forrtl: severe (174): SIGSEGV, segmentation fault occurred
Image              PC                Routine            Line        Source             
ESMF_NUOPCBasicMo  0000000106D4C994  for__signal_handl     Unknown  Unknown
libsystem_platfor  00007FFF7B333B5D  _sigtramp             Unknown  Unknown
libmpi.40.dylib    00000001094632A1  MPI_Comm_rank         Unknown  Unknown
libesmf.dylib      00000001078EF6D2  _ZN5ESMCI3VMK4ini     Unknown  Unknown
libesmf.dylib      00000001078CB085  _ZN5ESMCI2VM10ini     Unknown  Unknown
libesmf.dylib      00000001078FBDB5  c_esmc_vminitiali     Unknown  Unknown
libesmf.dylib      00000001080E28D0  esmf_vmmod_mp_esm     Unknown  Unknown
libesmf.dylib      0000000107F7BBF6  esmf_initmod_mp_e     Unknown  Unknown
libesmf.dylib      0000000107F7E2C8  esmf_initmod_mp_e     Unknown  Unknown
ESMF_NUOPCBasicMo  0000000106D26056  MAIN__                Unknown  Unknown
ESMF_NUOPCBasicMo  0000000106D25EDE  main                  Unknown  Unknown
forrtl: severe (174): SIGSEGV, segmentation fault occurred
Image              PC                Routine            Line        Source             
ESMF_NUOPCBasicMo  00000001066EB994  for__signal_handl     Unknown  Unknown
libsystem_platfor  00007FFF7B333B5D  _sigtramp             Unknown  Unknown
libmpi.40.dylib    0000000108E002A1  MPI_Comm_rank         Unknown  Unknown
libesmf.dylib      000000010728F6D2  _ZN5ESMCI3VMK4ini     Unknown  Unknown
libesmf.dylib      000000010726B085  _ZN5ESMCI2VM10ini     Unknown  Unknown
libesmf.dylib      000000010729BDB5  c_esmc_vminitiali     Unknown  Unknown
libesmf.dylib      0000000107A828D0  esmf_vmmod_mp_esm     Unknown  Unknown
libesmf.dylib      000000010791BBF6  esmf_initmod_mp_e     Unknown  Unknown
libesmf.dylib      000000010791E2C8  esmf_initmod_mp_e     Unknown  Unknown
ESMF_NUOPCBasicMo  00000001066C5056  MAIN__                Unknown  Unknown
ESMF_NUOPCBasicMo  00000001066C4EDE  main                  Unknown  Unknown
forrtl: severe (174): SIGSEGV, segmentation fault occurred
Image              PC                Routine            Line        Source             
ESMF_NUOPCBasicMo  00000001023F2994  for__signal_handl     Unknown  Unknown
libsystem_platfor  00007FFF7B333B5D  _sigtramp             Unknown  Unknown
libmpi.40.dylib    0000000104B012A1  MPI_Comm_rank         Unknown  Unknown
libesmf.dylib      0000000102F956D2  _ZN5ESMCI3VMK4ini     Unknown  Unknown
libesmf.dylib      0000000102F71085  _ZN5ESMCI2VM10ini     Unknown  Unknown
libesmf.dylib      0000000102FA1DB5  c_esmc_vminitiali     Unknown  Unknown
libesmf.dylib      00000001037888D0  esmf_vmmod_mp_esm     Unknown  Unknown
libesmf.dylib      0000000103621BF6  esmf_initmod_mp_e     Unknown  Unknown
libesmf.dylib      00000001036242C8  esmf_initmod_mp_e     Unknown  Unknown
ESMF_NUOPCBasicMo  00000001023CC056  MAIN__                Unknown  Unknown
ESMF_NUOPCBasicMo  00000001023CBEDE  main                  Unknown  Unknown
