build time -- 2022-01-12 13:07:19
forrtl: severe (174): SIGSEGV, segmentation fault occurred
Image              PC                Routine            Line        Source             
ESMF_MeshEx        000000010F9227A4  for__signal_handl     Unknown  Unknown
libsystem_platfor  00007FFF7B333B5D  _sigtramp             Unknown  Unknown
libmpi.40.dylib    000000011202C2A1  MPI_Comm_rank         Unknown  Unknown
libesmf.dylib      00000001104C56D2  _ZN5ESMCI3VMK4ini     Unknown  Unknown
libesmf.dylib      00000001104A1085  _ZN5ESMCI2VM10ini     Unknown  Unknown
libesmf.dylib      00000001104D1DB5  c_esmc_vminitiali     Unknown  Unknown
libesmf.dylib      0000000110CB88D0  esmf_vmmod_mp_esm     Unknown  Unknown
libesmf.dylib      0000000110B51BF6  esmf_initmod_mp_e     Unknown  Unknown
libesmf.dylib      0000000110B542C8  esmf_initmod_mp_e     Unknown  Unknown
ESMF_MeshEx        000000010F8F0C53  MAIN__                Unknown  Unknown
ESMF_MeshEx        000000010F8F09FE  main                  Unknown  Unknown
forrtl: severe (174): SIGSEGV, segmentation fault occurred
Image              PC                Routine            Line        Source             
ESMF_MeshEx        0000000103F8D7A4  for__signal_handl     Unknown  Unknown
libsystem_platfor  00007FFF7B333B5D  _sigtramp             Unknown  Unknown
libmpi.40.dylib    000000010669B2A1  MPI_Comm_rank         Unknown  Unknown
libesmf.dylib      0000000104B2C6D2  _ZN5ESMCI3VMK4ini     Unknown  Unknown
libesmf.dylib      0000000104B08085  _ZN5ESMCI2VM10ini     Unknown  Unknown
libesmf.dylib      0000000104B38DB5  c_esmc_vminitiali     Unknown  Unknown
libesmf.dylib      000000010531F8D0  esmf_vmmod_mp_esm     Unknown  Unknown
libesmf.dylib      00000001051B8BF6  esmf_initmod_mp_e     Unknown  Unknown
libesmf.dylib      00000001051BB2C8  esmf_initmod_mp_e     Unknown  Unknown
ESMF_MeshEx        0000000103F5BC53  MAIN__                Unknown  Unknown
ESMF_MeshEx        0000000103F5B9FE  main                  Unknown  Unknown
forrtl: severe (174): SIGSEGV, segmentation fault occurred
Image              PC                Routine            Line        Source             
ESMF_MeshEx        000000010B6BC7A4  for__signal_handl     Unknown  Unknown
libsystem_platfor  00007FFF7B333B5D  _sigtramp             Unknown  Unknown
libmpi.40.dylib    000000010DDCF2A1  MPI_Comm_rank         Unknown  Unknown
libesmf.dylib      000000010C25E6D2  _ZN5ESMCI3VMK4ini     Unknown  Unknown
libesmf.dylib      000000010C23A085  _ZN5ESMCI2VM10ini     Unknown  Unknown
libesmf.dylib      000000010C26ADB5  c_esmc_vminitiali     Unknown  Unknown
libesmf.dylib      000000010CA518D0  esmf_vmmod_mp_esm     Unknown  Unknown
libesmf.dylib      000000010C8EABF6  esmf_initmod_mp_e     Unknown  Unknown
libesmf.dylib      000000010C8ED2C8  esmf_initmod_mp_e     Unknown  Unknown
ESMF_MeshEx        000000010B68AC53  MAIN__                Unknown  Unknown
ESMF_MeshEx        000000010B68A9FE  main                  Unknown  Unknown
forrtl: severe (174): SIGSEGV, segmentation fault occurred
Image              PC                Routine            Line        Source             
ESMF_MeshEx        000000010D8B57A4  for__signal_handl     Unknown  Unknown
libsystem_platfor  00007FFF7B333B5D  _sigtramp             Unknown  Unknown
libmpi.40.dylib    000000010FFC32A1  MPI_Comm_rank         Unknown  Unknown
libesmf.dylib      000000010E4556D2  _ZN5ESMCI3VMK4ini     Unknown  Unknown
libesmf.dylib      000000010E431085  _ZN5ESMCI2VM10ini     Unknown  Unknown
libesmf.dylib      000000010E461DB5  c_esmc_vminitiali     Unknown  Unknown
libesmf.dylib      000000010EC488D0  esmf_vmmod_mp_esm     Unknown  Unknown
libesmf.dylib      000000010EAE1BF6  esmf_initmod_mp_e     Unknown  Unknown
libesmf.dylib      000000010EAE42C8  esmf_initmod_mp_e     Unknown  Unknown
ESMF_MeshEx        000000010D883C53  MAIN__                Unknown  Unknown
ESMF_MeshEx        000000010D8839FE  main                  Unknown  Unknown
