build time -- 2022-01-12 13:07:19
forrtl: severe (174): SIGSEGV, segmentation fault occurred
Image              PC                Routine            Line        Source             
ESMF_FieldMeshReg  0000000109F38C54  for__signal_handl     Unknown  Unknown
libsystem_platfor  00007FFF7B333B5D  _sigtramp             Unknown  Unknown
libmpi.40.dylib    000000010C6452A1  MPI_Comm_rank         Unknown  Unknown
libesmf.dylib      000000010AADB6D2  _ZN5ESMCI3VMK4ini     Unknown  Unknown
libesmf.dylib      000000010AAB7085  _ZN5ESMCI2VM10ini     Unknown  Unknown
libesmf.dylib      000000010AAE7DB5  c_esmc_vminitiali     Unknown  Unknown
libesmf.dylib      000000010B2CE8D0  esmf_vmmod_mp_esm     Unknown  Unknown
libesmf.dylib      000000010B167BF6  esmf_initmod_mp_e     Unknown  Unknown
libesmf.dylib      000000010B16A2C8  esmf_initmod_mp_e     Unknown  Unknown
ESMF_FieldMeshReg  0000000109F0ED72  MAIN__                Unknown  Unknown
ESMF_FieldMeshReg  0000000109F0EA7E  main                  Unknown  Unknown
forrtl: severe (174): SIGSEGV, segmentation fault occurred
Image              PC                Routine            Line        Source             
ESMF_FieldMeshReg  0000000107183C54  for__signal_handl     Unknown  Unknown
libsystem_platfor  00007FFF7B333B5D  _sigtramp             Unknown  Unknown
libmpi.40.dylib    000000010988B2A1  MPI_Comm_rank         Unknown  Unknown
libesmf.dylib      0000000107D216D2  _ZN5ESMCI3VMK4ini     Unknown  Unknown
libesmf.dylib      0000000107CFD085  _ZN5ESMCI2VM10ini     Unknown  Unknown
libesmf.dylib      0000000107D2DDB5  c_esmc_vminitiali     Unknown  Unknown
libesmf.dylib      00000001085148D0  esmf_vmmod_mp_esm     Unknown  Unknown
libesmf.dylib      00000001083ADBF6  esmf_initmod_mp_e     Unknown  Unknown
libesmf.dylib      00000001083B02C8  esmf_initmod_mp_e     Unknown  Unknown
ESMF_FieldMeshReg  0000000107159D72  MAIN__                Unknown  Unknown
ESMF_FieldMeshReg  0000000107159A7E  main                  Unknown  Unknown
forrtl: severe (174): SIGSEGV, segmentation fault occurred
Image              PC                Routine            Line        Source             
ESMF_FieldMeshReg  000000010923CC54  for__signal_handl     Unknown  Unknown
libsystem_platfor  00007FFF7B333B5D  _sigtramp             Unknown  Unknown
libmpi.40.dylib    000000010B9412A1  MPI_Comm_rank         Unknown  Unknown
libesmf.dylib      0000000109DDB6D2  _ZN5ESMCI3VMK4ini     Unknown  Unknown
libesmf.dylib      0000000109DB7085  _ZN5ESMCI2VM10ini     Unknown  Unknown
libesmf.dylib      0000000109DE7DB5  c_esmc_vminitiali     Unknown  Unknown
libesmf.dylib      000000010A5CE8D0  esmf_vmmod_mp_esm     Unknown  Unknown
libesmf.dylib      000000010A467BF6  esmf_initmod_mp_e     Unknown  Unknown
libesmf.dylib      000000010A46A2C8  esmf_initmod_mp_e     Unknown  Unknown
ESMF_FieldMeshReg  0000000109212D72  MAIN__                Unknown  Unknown
ESMF_FieldMeshReg  0000000109212A7E  main                  Unknown  Unknown
forrtl: severe (174): SIGSEGV, segmentation fault occurred
Image              PC                Routine            Line        Source             
ESMF_FieldMeshReg  0000000100D7DC54  for__signal_handl     Unknown  Unknown
libsystem_platfor  00007FFF7B333B5D  _sigtramp             Unknown  Unknown
libmpi.40.dylib    00000001011682A1  MPI_Comm_rank         Unknown  Unknown
libesmf.dylib      00000001031316D2  _ZN5ESMCI3VMK4ini     Unknown  Unknown
libesmf.dylib      000000010310D085  _ZN5ESMCI2VM10ini     Unknown  Unknown
libesmf.dylib      000000010313DDB5  c_esmc_vminitiali     Unknown  Unknown
libesmf.dylib      00000001039248D0  esmf_vmmod_mp_esm     Unknown  Unknown
libesmf.dylib      00000001037BDBF6  esmf_initmod_mp_e     Unknown  Unknown
libesmf.dylib      00000001037C02C8  esmf_initmod_mp_e     Unknown  Unknown
ESMF_FieldMeshReg  0000000100D53D72  MAIN__                Unknown  Unknown
ESMF_FieldMeshReg  0000000100D53A7E  main                  Unknown  Unknown
