build time -- 2022-01-12 13:07:19
forrtl: severe (174): SIGSEGV, segmentation fault occurred
Image              PC                Routine            Line        Source             
ESMF_FieldBundleH  0000000101B445A4  for__signal_handl     Unknown  Unknown
libsystem_platfor  00007FFF7B333B5D  _sigtramp             Unknown  Unknown
libmpi.40.dylib    0000000101F342A1  MPI_Comm_rank         Unknown  Unknown
libesmf.dylib      000000010313F6D2  _ZN5ESMCI3VMK4ini     Unknown  Unknown
libesmf.dylib      000000010311B085  _ZN5ESMCI2VM10ini     Unknown  Unknown
libesmf.dylib      000000010314BDB5  c_esmc_vminitiali     Unknown  Unknown
libesmf.dylib      00000001039328D0  esmf_vmmod_mp_esm     Unknown  Unknown
libesmf.dylib      00000001037CBBF6  esmf_initmod_mp_e     Unknown  Unknown
libesmf.dylib      00000001037CE2C8  esmf_initmod_mp_e     Unknown  Unknown
ESMF_FieldBundleH  0000000101B1DA13  MAIN__                Unknown  Unknown
ESMF_FieldBundleH  0000000101B1D7AE  main                  Unknown  Unknown
forrtl: severe (174): SIGSEGV, segmentation fault occurred
Image              PC                Routine            Line        Source             
ESMF_FieldBundleH  0000000105D575A4  for__signal_handl     Unknown  Unknown
libsystem_platfor  00007FFF7B333B5D  _sigtramp             Unknown  Unknown
libmpi.40.dylib    00000001061472A1  MPI_Comm_rank         Unknown  Unknown
libesmf.dylib      00000001084546D2  _ZN5ESMCI3VMK4ini     Unknown  Unknown
libesmf.dylib      0000000108430085  _ZN5ESMCI2VM10ini     Unknown  Unknown
libesmf.dylib      0000000108460DB5  c_esmc_vminitiali     Unknown  Unknown
libesmf.dylib      0000000108C478D0  esmf_vmmod_mp_esm     Unknown  Unknown
libesmf.dylib      0000000108AE0BF6  esmf_initmod_mp_e     Unknown  Unknown
libesmf.dylib      0000000108AE32C8  esmf_initmod_mp_e     Unknown  Unknown
ESMF_FieldBundleH  0000000105D30A13  MAIN__                Unknown  Unknown
ESMF_FieldBundleH  0000000105D307AE  main                  Unknown  Unknown
forrtl: severe (174): SIGSEGV, segmentation fault occurred
Image              PC                Routine            Line        Source             
ESMF_FieldBundleH  000000010D6255A4  for__signal_handl     Unknown  Unknown
libsystem_platfor  00007FFF7B333B5D  _sigtramp             Unknown  Unknown
libmpi.40.dylib    000000010FE862A1  MPI_Comm_rank         Unknown  Unknown
libesmf.dylib      000000010E5066D2  _ZN5ESMCI3VMK4ini     Unknown  Unknown
libesmf.dylib      000000010E4E2085  _ZN5ESMCI2VM10ini     Unknown  Unknown
libesmf.dylib      000000010E512DB5  c_esmc_vminitiali     Unknown  Unknown
libesmf.dylib      000000010ECF98D0  esmf_vmmod_mp_esm     Unknown  Unknown
libesmf.dylib      000000010EB92BF6  esmf_initmod_mp_e     Unknown  Unknown
libesmf.dylib      000000010EB952C8  esmf_initmod_mp_e     Unknown  Unknown
ESMF_FieldBundleH  000000010D5FEA13  MAIN__                Unknown  Unknown
ESMF_FieldBundleH  000000010D5FE7AE  main                  Unknown  Unknown
forrtl: severe (174): SIGSEGV, segmentation fault occurred
Image              PC                Routine            Line        Source             
ESMF_FieldBundleH  00000001072AF5A4  for__signal_handl     Unknown  Unknown
libsystem_platfor  00007FFF7B333B5D  _sigtramp             Unknown  Unknown
libmpi.40.dylib    00000001099C52A1  MPI_Comm_rank         Unknown  Unknown
libesmf.dylib      0000000107E576D2  _ZN5ESMCI3VMK4ini     Unknown  Unknown
libesmf.dylib      0000000107E33085  _ZN5ESMCI2VM10ini     Unknown  Unknown
libesmf.dylib      0000000107E63DB5  c_esmc_vminitiali     Unknown  Unknown
libesmf.dylib      000000010864A8D0  esmf_vmmod_mp_esm     Unknown  Unknown
libesmf.dylib      00000001084E3BF6  esmf_initmod_mp_e     Unknown  Unknown
libesmf.dylib      00000001084E62C8  esmf_initmod_mp_e     Unknown  Unknown
ESMF_FieldBundleH  0000000107288A13  MAIN__                Unknown  Unknown
ESMF_FieldBundleH  00000001072887AE  main                  Unknown  Unknown
