build time -- 2021-10-22 10:57:34
forrtl: severe (174): SIGSEGV, segmentation fault occurred
Image              PC                Routine            Line        Source             
ESMF_RHandleBitFo  0000000108BEC4B4  for__signal_handl     Unknown  Unknown
libsystem_platfor  00007FFF666F8B5D  _sigtramp             Unknown  Unknown
libmpi.40.dylib    000000010B44A2A1  MPI_Comm_rank         Unknown  Unknown
libesmf.dylib      000000010979D062  _ZN5ESMCI3VMK4ini     Unknown  Unknown
libesmf.dylib      0000000109779DA5  _ZN5ESMCI2VM10ini     Unknown  Unknown
libesmf.dylib      00000001097A7615  c_esmc_vminitiali     Unknown  Unknown
libesmf.dylib      0000000109F92220  esmf_vmmod_mp_esm     Unknown  Unknown
libesmf.dylib      0000000109E2B396  esmf_initmod_mp_e     Unknown  Unknown
libesmf.dylib      0000000109E2DA68  esmf_initmod_mp_e     Unknown  Unknown
ESMF_RHandleBitFo  0000000108BC2364  MAIN__                Unknown  Unknown
ESMF_RHandleBitFo  0000000108BC216E  main                  Unknown  Unknown
forrtl: severe (174): SIGSEGV, segmentation fault occurred
Image              PC                Routine            Line        Source             
ESMF_RHandleBitFo  00000001095424B4  for__signal_handl     Unknown  Unknown
libsystem_platfor  00007FFF666F8B5D  _sigtramp             Unknown  Unknown
libmpi.40.dylib    000000010BBE32A1  MPI_Comm_rank         Unknown  Unknown
libesmf.dylib      000000010A0ED062  _ZN5ESMCI3VMK4ini     Unknown  Unknown
libesmf.dylib      000000010A0C9DA5  _ZN5ESMCI2VM10ini     Unknown  Unknown
libesmf.dylib      000000010A0F7615  c_esmc_vminitiali     Unknown  Unknown
libesmf.dylib      000000010A8E2220  esmf_vmmod_mp_esm     Unknown  Unknown
libesmf.dylib      000000010A77B396  esmf_initmod_mp_e     Unknown  Unknown
libesmf.dylib      000000010A77DA68  esmf_initmod_mp_e     Unknown  Unknown
ESMF_RHandleBitFo  0000000109518364  MAIN__                Unknown  Unknown
ESMF_RHandleBitFo  000000010951816E  main                  Unknown  Unknown
forrtl: severe (174): SIGSEGV, segmentation fault occurred
Image              PC                Routine            Line        Source             
ESMF_RHandleBitFo  000000010F3DC4B4  for__signal_handl     Unknown  Unknown
libsystem_platfor  00007FFF666F8B5D  _sigtramp             Unknown  Unknown
libmpi.40.dylib    0000000111C392A1  MPI_Comm_rank         Unknown  Unknown
libesmf.dylib      000000010FF8C062  _ZN5ESMCI3VMK4ini     Unknown  Unknown
libesmf.dylib      000000010FF68DA5  _ZN5ESMCI2VM10ini     Unknown  Unknown
libesmf.dylib      000000010FF96615  c_esmc_vminitiali     Unknown  Unknown
libesmf.dylib      0000000110781220  esmf_vmmod_mp_esm     Unknown  Unknown
libesmf.dylib      000000011061A396  esmf_initmod_mp_e     Unknown  Unknown
libesmf.dylib      000000011061CA68  esmf_initmod_mp_e     Unknown  Unknown
ESMF_RHandleBitFo  000000010F3B2364  MAIN__                Unknown  Unknown
ESMF_RHandleBitFo  000000010F3B216E  main                  Unknown  Unknown
forrtl: severe (174): SIGSEGV, segmentation fault occurred
Image              PC                Routine            Line        Source             
ESMF_RHandleBitFo  000000010244D4B4  for__signal_handl     Unknown  Unknown
libsystem_platfor  00007FFF666F8B5D  _sigtramp             Unknown  Unknown
libmpi.40.dylib    0000000104CA92A1  MPI_Comm_rank         Unknown  Unknown
libesmf.dylib      0000000102FFB062  _ZN5ESMCI3VMK4ini     Unknown  Unknown
libesmf.dylib      0000000102FD7DA5  _ZN5ESMCI2VM10ini     Unknown  Unknown
libesmf.dylib      0000000103005615  c_esmc_vminitiali     Unknown  Unknown
libesmf.dylib      00000001037F0220  esmf_vmmod_mp_esm     Unknown  Unknown
libesmf.dylib      0000000103689396  esmf_initmod_mp_e     Unknown  Unknown
libesmf.dylib      000000010368BA68  esmf_initmod_mp_e     Unknown  Unknown
ESMF_RHandleBitFo  0000000102423364  MAIN__                Unknown  Unknown
ESMF_RHandleBitFo  000000010242316E  main                  Unknown  Unknown
