build time -- 2021-10-18 12:55:37
forrtl: severe (174): SIGSEGV, segmentation fault occurred
Image              PC                Routine            Line        Source             
ESMF_VMHigherRank  0000000109D9EF74  for__signal_handl     Unknown  Unknown
libsystem_platfor  00007FFF666F8B5D  _sigtramp             Unknown  Unknown
libmpi.40.dylib    000000010A1892A1  MPI_Comm_rank         Unknown  Unknown
libesmf.dylib      000000010C6F2002  _ZN5ESMCI3VMK4ini     Unknown  Unknown
libesmf.dylib      000000010C6CED45  _ZN5ESMCI2VM10ini     Unknown  Unknown
libesmf.dylib      000000010C6FC5B5  c_esmc_vminitiali     Unknown  Unknown
libesmf.dylib      000000010CEE71C0  esmf_vmmod_mp_esm     Unknown  Unknown
libesmf.dylib      000000010CD80336  esmf_initmod_mp_e     Unknown  Unknown
libesmf.dylib      000000010CD82A08  esmf_initmod_mp_e     Unknown  Unknown
ESMF_VMHigherRank  0000000109D784FA  MAIN__                Unknown  Unknown
ESMF_VMHigherRank  0000000109D7836E  main                  Unknown  Unknown
forrtl: severe (174): SIGSEGV, segmentation fault occurred
Image              PC                Routine            Line        Source             
ESMF_VMHigherRank  0000000103266F74  for__signal_handl     Unknown  Unknown
libsystem_platfor  00007FFF666F8B5D  _sigtramp             Unknown  Unknown
libmpi.40.dylib    0000000105AB32A1  MPI_Comm_rank         Unknown  Unknown
libesmf.dylib      0000000103E09002  _ZN5ESMCI3VMK4ini     Unknown  Unknown
libesmf.dylib      0000000103DE5D45  _ZN5ESMCI2VM10ini     Unknown  Unknown
libesmf.dylib      0000000103E135B5  c_esmc_vminitiali     Unknown  Unknown
libesmf.dylib      00000001045FE1C0  esmf_vmmod_mp_esm     Unknown  Unknown
libesmf.dylib      0000000104497336  esmf_initmod_mp_e     Unknown  Unknown
libesmf.dylib      0000000104499A08  esmf_initmod_mp_e     Unknown  Unknown
ESMF_VMHigherRank  00000001032404FA  MAIN__                Unknown  Unknown
ESMF_VMHigherRank  000000010324036E  main                  Unknown  Unknown
forrtl: severe (174): SIGSEGV, segmentation fault occurred
Image              PC                Routine            Line        Source             
ESMF_VMHigherRank  000000010CD92F74  for__signal_handl     Unknown  Unknown
libsystem_platfor  00007FFF666F8B5D  _sigtramp             Unknown  Unknown
libmpi.40.dylib    000000010D17D2A1  MPI_Comm_rank         Unknown  Unknown
libesmf.dylib      000000010DD95002  _ZN5ESMCI3VMK4ini     Unknown  Unknown
libesmf.dylib      000000010DD71D45  _ZN5ESMCI2VM10ini     Unknown  Unknown
libesmf.dylib      000000010DD9F5B5  c_esmc_vminitiali     Unknown  Unknown
libesmf.dylib      000000010E58A1C0  esmf_vmmod_mp_esm     Unknown  Unknown
libesmf.dylib      000000010E423336  esmf_initmod_mp_e     Unknown  Unknown
libesmf.dylib      000000010E425A08  esmf_initmod_mp_e     Unknown  Unknown
ESMF_VMHigherRank  000000010CD6C4FA  MAIN__                Unknown  Unknown
ESMF_VMHigherRank  000000010CD6C36E  main                  Unknown  Unknown
forrtl: severe (174): SIGSEGV, segmentation fault occurred
Image              PC                Routine            Line        Source             
ESMF_VMHigherRank  000000010378EF74  for__signal_handl     Unknown  Unknown
libsystem_platfor  00007FFF666F8B5D  _sigtramp             Unknown  Unknown
libmpi.40.dylib    0000000105FE12A1  MPI_Comm_rank         Unknown  Unknown
libesmf.dylib      0000000104331002  _ZN5ESMCI3VMK4ini     Unknown  Unknown
libesmf.dylib      000000010430DD45  _ZN5ESMCI2VM10ini     Unknown  Unknown
libesmf.dylib      000000010433B5B5  c_esmc_vminitiali     Unknown  Unknown
libesmf.dylib      0000000104B261C0  esmf_vmmod_mp_esm     Unknown  Unknown
libesmf.dylib      00000001049BF336  esmf_initmod_mp_e     Unknown  Unknown
libesmf.dylib      00000001049C1A08  esmf_initmod_mp_e     Unknown  Unknown
ESMF_VMHigherRank  00000001037684FA  MAIN__                Unknown  Unknown
ESMF_VMHigherRank  000000010376836E  main                  Unknown  Unknown
