build time -- 2021-10-18 22:37:10
forrtl: severe (174): SIGSEGV, segmentation fault occurred
Image              PC                Routine            Line        Source             
ESMF_FieldBundleS  000000010AA92BC4  for__signal_handl     Unknown  Unknown
libsystem_platfor  00007FFF666F8B5D  _sigtramp             Unknown  Unknown
libmpi.40.dylib    000000010AE7D2A1  MPI_Comm_rank         Unknown  Unknown
libesmf.dylib      000000010C819002  _ZN5ESMCI3VMK4ini     Unknown  Unknown
libesmf.dylib      000000010C7F5D45  _ZN5ESMCI2VM10ini     Unknown  Unknown
libesmf.dylib      000000010C8235B5  c_esmc_vminitiali     Unknown  Unknown
libesmf.dylib      000000010D00E1C0  esmf_vmmod_mp_esm     Unknown  Unknown
libesmf.dylib      000000010CEA7336  esmf_initmod_mp_e     Unknown  Unknown
libesmf.dylib      000000010CEA9A08  esmf_initmod_mp_e     Unknown  Unknown
ESMF_FieldBundleS  000000010AA6BD3A  MAIN__                Unknown  Unknown
ESMF_FieldBundleS  000000010AA6BA7E  main                  Unknown  Unknown
forrtl: severe (174): SIGSEGV, segmentation fault occurred
Image              PC                Routine            Line        Source             
ESMF_FieldBundleS  000000010C709BC4  for__signal_handl     Unknown  Unknown
libsystem_platfor  00007FFF666F8B5D  _sigtramp             Unknown  Unknown
libmpi.40.dylib    000000010EF582A1  MPI_Comm_rank         Unknown  Unknown
libesmf.dylib      000000010D2AE002  _ZN5ESMCI3VMK4ini     Unknown  Unknown
libesmf.dylib      000000010D28AD45  _ZN5ESMCI2VM10ini     Unknown  Unknown
libesmf.dylib      000000010D2B85B5  c_esmc_vminitiali     Unknown  Unknown
libesmf.dylib      000000010DAA31C0  esmf_vmmod_mp_esm     Unknown  Unknown
libesmf.dylib      000000010D93C336  esmf_initmod_mp_e     Unknown  Unknown
libesmf.dylib      000000010D93EA08  esmf_initmod_mp_e     Unknown  Unknown
ESMF_FieldBundleS  000000010C6E2D3A  MAIN__                Unknown  Unknown
ESMF_FieldBundleS  000000010C6E2A7E  main                  Unknown  Unknown
forrtl: severe (174): SIGSEGV, segmentation fault occurred
Image              PC                Routine            Line        Source             
ESMF_FieldBundleS  000000010D157BC4  for__signal_handl     Unknown  Unknown
libsystem_platfor  00007FFF666F8B5D  _sigtramp             Unknown  Unknown
libmpi.40.dylib    000000010F9B12A1  MPI_Comm_rank         Unknown  Unknown
libesmf.dylib      000000010DCFF002  _ZN5ESMCI3VMK4ini     Unknown  Unknown
libesmf.dylib      000000010DCDBD45  _ZN5ESMCI2VM10ini     Unknown  Unknown
libesmf.dylib      000000010DD095B5  c_esmc_vminitiali     Unknown  Unknown
libesmf.dylib      000000010E4F41C0  esmf_vmmod_mp_esm     Unknown  Unknown
libesmf.dylib      000000010E38D336  esmf_initmod_mp_e     Unknown  Unknown
libesmf.dylib      000000010E38FA08  esmf_initmod_mp_e     Unknown  Unknown
ESMF_FieldBundleS  000000010D130D3A  MAIN__                Unknown  Unknown
ESMF_FieldBundleS  000000010D130A7E  main                  Unknown  Unknown
forrtl: severe (174): SIGSEGV, segmentation fault occurred
Image              PC                Routine            Line        Source             
ESMF_FieldBundleS  000000010F3C8BC4  for__signal_handl     Unknown  Unknown
libsystem_platfor  00007FFF666F8B5D  _sigtramp             Unknown  Unknown
libmpi.40.dylib    0000000111C1F2A1  MPI_Comm_rank         Unknown  Unknown
libesmf.dylib      000000010FF71002  _ZN5ESMCI3VMK4ini     Unknown  Unknown
libesmf.dylib      000000010FF4DD45  _ZN5ESMCI2VM10ini     Unknown  Unknown
libesmf.dylib      000000010FF7B5B5  c_esmc_vminitiali     Unknown  Unknown
libesmf.dylib      00000001107661C0  esmf_vmmod_mp_esm     Unknown  Unknown
libesmf.dylib      00000001105FF336  esmf_initmod_mp_e     Unknown  Unknown
libesmf.dylib      0000000110601A08  esmf_initmod_mp_e     Unknown  Unknown
ESMF_FieldBundleS  000000010F3A1D3A  MAIN__                Unknown  Unknown
ESMF_FieldBundleS  000000010F3A1A7E  main                  Unknown  Unknown
