build time -- 2021-10-18 12:55:37
forrtl: severe (174): SIGSEGV, segmentation fault occurred
Image              PC                Routine            Line        Source             
ESMF_RHandleReusa  0000000100532834  for__signal_handl     Unknown  Unknown
libsystem_platfor  00007FFF666F8B5D  _sigtramp             Unknown  Unknown
libmpi.40.dylib    0000000102D862A1  MPI_Comm_rank         Unknown  Unknown
libesmf.dylib      00000001010D6002  _ZN5ESMCI3VMK4ini     Unknown  Unknown
libesmf.dylib      00000001010B2D45  _ZN5ESMCI2VM10ini     Unknown  Unknown
libesmf.dylib      00000001010E05B5  c_esmc_vminitiali     Unknown  Unknown
libesmf.dylib      00000001018CB1C0  esmf_vmmod_mp_esm     Unknown  Unknown
libesmf.dylib      0000000101764336  esmf_initmod_mp_e     Unknown  Unknown
libesmf.dylib      0000000101766A08  esmf_initmod_mp_e     Unknown  Unknown
ESMF_RHandleReusa  000000010050A1F4  MAIN__                Unknown  Unknown
ESMF_RHandleReusa  0000000100509E2E  main                  Unknown  Unknown
forrtl: severe (174): SIGSEGV, segmentation fault occurred
Image              PC                Routine            Line        Source             
ESMF_RHandleReusa  000000010EC59834  for__signal_handl     Unknown  Unknown
libsystem_platfor  00007FFF666F8B5D  _sigtramp             Unknown  Unknown
libmpi.40.dylib    00000001114AA2A1  MPI_Comm_rank         Unknown  Unknown
libesmf.dylib      000000010F7FD002  _ZN5ESMCI3VMK4ini     Unknown  Unknown
libesmf.dylib      000000010F7D9D45  _ZN5ESMCI2VM10ini     Unknown  Unknown
libesmf.dylib      000000010F8075B5  c_esmc_vminitiali     Unknown  Unknown
libesmf.dylib      000000010FFF21C0  esmf_vmmod_mp_esm     Unknown  Unknown
libesmf.dylib      000000010FE8B336  esmf_initmod_mp_e     Unknown  Unknown
libesmf.dylib      000000010FE8DA08  esmf_initmod_mp_e     Unknown  Unknown
ESMF_RHandleReusa  000000010EC311F4  MAIN__                Unknown  Unknown
ESMF_RHandleReusa  000000010EC30E2E  main                  Unknown  Unknown
forrtl: severe (174): SIGSEGV, segmentation fault occurred
Image              PC                Routine            Line        Source             
ESMF_RHandleReusa  0000000108801834  for__signal_handl     Unknown  Unknown
libsystem_platfor  00007FFF666F8B5D  _sigtramp             Unknown  Unknown
libmpi.40.dylib    0000000108BED2A1  MPI_Comm_rank         Unknown  Unknown
libesmf.dylib      000000010ADE5002  _ZN5ESMCI3VMK4ini     Unknown  Unknown
libesmf.dylib      000000010ADC1D45  _ZN5ESMCI2VM10ini     Unknown  Unknown
libesmf.dylib      000000010ADEF5B5  c_esmc_vminitiali     Unknown  Unknown
libesmf.dylib      000000010B5DA1C0  esmf_vmmod_mp_esm     Unknown  Unknown
libesmf.dylib      000000010B473336  esmf_initmod_mp_e     Unknown  Unknown
libesmf.dylib      000000010B475A08  esmf_initmod_mp_e     Unknown  Unknown
ESMF_RHandleReusa  00000001087D91F4  MAIN__                Unknown  Unknown
ESMF_RHandleReusa  00000001087D8E2E  main                  Unknown  Unknown
forrtl: severe (174): SIGSEGV, segmentation fault occurred
Image              PC                Routine            Line        Source             
ESMF_RHandleReusa  000000010910C834  for__signal_handl     Unknown  Unknown
libsystem_platfor  00007FFF666F8B5D  _sigtramp             Unknown  Unknown
libmpi.40.dylib    000000010B9632A1  MPI_Comm_rank         Unknown  Unknown
libesmf.dylib      0000000109CB6002  _ZN5ESMCI3VMK4ini     Unknown  Unknown
libesmf.dylib      0000000109C92D45  _ZN5ESMCI2VM10ini     Unknown  Unknown
libesmf.dylib      0000000109CC05B5  c_esmc_vminitiali     Unknown  Unknown
libesmf.dylib      000000010A4AB1C0  esmf_vmmod_mp_esm     Unknown  Unknown
libesmf.dylib      000000010A344336  esmf_initmod_mp_e     Unknown  Unknown
libesmf.dylib      000000010A346A08  esmf_initmod_mp_e     Unknown  Unknown
ESMF_RHandleReusa  00000001090E41F4  MAIN__                Unknown  Unknown
ESMF_RHandleReusa  00000001090E3E2E  main                  Unknown  Unknown
