build time -- 2021-10-18 12:55:37
forrtl: severe (174): SIGSEGV, segmentation fault occurred
Image              PC                Routine            Line        Source             
ESMF_AttachMethod  0000000104D0BC74  for__signal_handl     Unknown  Unknown
libsystem_platfor  00007FFF666F8B5D  _sigtramp             Unknown  Unknown
libmpi.40.dylib    00000001075692A1  MPI_Comm_rank         Unknown  Unknown
libesmf.dylib      00000001058B1002  _ZN5ESMCI3VMK4ini     Unknown  Unknown
libesmf.dylib      000000010588DD45  _ZN5ESMCI2VM10ini     Unknown  Unknown
libesmf.dylib      00000001058BB5B5  c_esmc_vminitiali     Unknown  Unknown
libesmf.dylib      00000001060A61C0  esmf_vmmod_mp_esm     Unknown  Unknown
libesmf.dylib      0000000105F3F336  esmf_initmod_mp_e     Unknown  Unknown
libesmf.dylib      0000000105F41A08  esmf_initmod_mp_e     Unknown  Unknown
ESMF_AttachMethod  0000000104CE5809  MAIN__                Unknown  Unknown
ESMF_AttachMethod  0000000104CE565E  main                  Unknown  Unknown
forrtl: severe (174): SIGSEGV, segmentation fault occurred
Image              PC                Routine            Line        Source             
ESMF_AttachMethod  0000000105FCFC74  for__signal_handl     Unknown  Unknown
libsystem_platfor  00007FFF666F8B5D  _sigtramp             Unknown  Unknown
libmpi.40.dylib    00000001088242A1  MPI_Comm_rank         Unknown  Unknown
libesmf.dylib      0000000106B72002  _ZN5ESMCI3VMK4ini     Unknown  Unknown
libesmf.dylib      0000000106B4ED45  _ZN5ESMCI2VM10ini     Unknown  Unknown
libesmf.dylib      0000000106B7C5B5  c_esmc_vminitiali     Unknown  Unknown
libesmf.dylib      00000001073671C0  esmf_vmmod_mp_esm     Unknown  Unknown
libesmf.dylib      0000000107200336  esmf_initmod_mp_e     Unknown  Unknown
libesmf.dylib      0000000107202A08  esmf_initmod_mp_e     Unknown  Unknown
ESMF_AttachMethod  0000000105FA9809  MAIN__                Unknown  Unknown
ESMF_AttachMethod  0000000105FA965E  main                  Unknown  Unknown
forrtl: severe (174): SIGSEGV, segmentation fault occurred
Image              PC                Routine            Line        Source             
ESMF_AttachMethod  000000010D992C74  for__signal_handl     Unknown  Unknown
libsystem_platfor  00007FFF666F8B5D  _sigtramp             Unknown  Unknown
libmpi.40.dylib    000000010DD7D2A1  MPI_Comm_rank         Unknown  Unknown
libesmf.dylib      000000010F113002  _ZN5ESMCI3VMK4ini     Unknown  Unknown
libesmf.dylib      000000010F0EFD45  _ZN5ESMCI2VM10ini     Unknown  Unknown
libesmf.dylib      000000010F11D5B5  c_esmc_vminitiali     Unknown  Unknown
libesmf.dylib      000000010F9081C0  esmf_vmmod_mp_esm     Unknown  Unknown
libesmf.dylib      000000010F7A1336  esmf_initmod_mp_e     Unknown  Unknown
libesmf.dylib      000000010F7A3A08  esmf_initmod_mp_e     Unknown  Unknown
ESMF_AttachMethod  000000010D96C809  MAIN__                Unknown  Unknown
ESMF_AttachMethod  000000010D96C65E  main                  Unknown  Unknown
forrtl: severe (174): SIGSEGV, segmentation fault occurred
Image              PC                Routine            Line        Source             
ESMF_AttachMethod  000000010C2D9C74  for__signal_handl     Unknown  Unknown
libsystem_platfor  00007FFF666F8B5D  _sigtramp             Unknown  Unknown
libmpi.40.dylib    000000010EB2F2A1  MPI_Comm_rank         Unknown  Unknown
libesmf.dylib      000000010CE82002  _ZN5ESMCI3VMK4ini     Unknown  Unknown
libesmf.dylib      000000010CE5ED45  _ZN5ESMCI2VM10ini     Unknown  Unknown
libesmf.dylib      000000010CE8C5B5  c_esmc_vminitiali     Unknown  Unknown
libesmf.dylib      000000010D6771C0  esmf_vmmod_mp_esm     Unknown  Unknown
libesmf.dylib      000000010D510336  esmf_initmod_mp_e     Unknown  Unknown
libesmf.dylib      000000010D512A08  esmf_initmod_mp_e     Unknown  Unknown
ESMF_AttachMethod  000000010C2B3809  MAIN__                Unknown  Unknown
ESMF_AttachMethod  000000010C2B365E  main                  Unknown  Unknown
