build time -- 2021-10-18 22:37:10
forrtl: severe (174): SIGSEGV, segmentation fault occurred
Image              PC                Routine            Line        Source             
ESMF_ArrayHaloEx   0000000102CFE174  for__signal_handl     Unknown  Unknown
libsystem_platfor  00007FFF666F8B5D  _sigtramp             Unknown  Unknown
libmpi.40.dylib    00000001055682A1  MPI_Comm_rank         Unknown  Unknown
libesmf.dylib      00000001038BC002  _ZN5ESMCI3VMK4ini     Unknown  Unknown
libesmf.dylib      0000000103898D45  _ZN5ESMCI2VM10ini     Unknown  Unknown
libesmf.dylib      00000001038C65B5  c_esmc_vminitiali     Unknown  Unknown
libesmf.dylib      00000001040B11C0  esmf_vmmod_mp_esm     Unknown  Unknown
libesmf.dylib      0000000103F4A336  esmf_initmod_mp_e     Unknown  Unknown
libesmf.dylib      0000000103F4CA08  esmf_initmod_mp_e     Unknown  Unknown
ESMF_ArrayHaloEx   0000000102CD3BB9  MAIN__                Unknown  Unknown
ESMF_ArrayHaloEx   0000000102CD398E  main                  Unknown  Unknown
forrtl: severe (174): SIGSEGV, segmentation fault occurred
Image              PC                Routine            Line        Source             
ESMF_ArrayHaloEx   0000000105D7A174  for__signal_handl     Unknown  Unknown
libsystem_platfor  00007FFF666F8B5D  _sigtramp             Unknown  Unknown
libmpi.40.dylib    00000001061792A1  MPI_Comm_rank         Unknown  Unknown
libesmf.dylib      0000000108A92002  _ZN5ESMCI3VMK4ini     Unknown  Unknown
libesmf.dylib      0000000108A6ED45  _ZN5ESMCI2VM10ini     Unknown  Unknown
libesmf.dylib      0000000108A9C5B5  c_esmc_vminitiali     Unknown  Unknown
libesmf.dylib      00000001092871C0  esmf_vmmod_mp_esm     Unknown  Unknown
libesmf.dylib      0000000109120336  esmf_initmod_mp_e     Unknown  Unknown
libesmf.dylib      0000000109122A08  esmf_initmod_mp_e     Unknown  Unknown
ESMF_ArrayHaloEx   0000000105D4FBB9  MAIN__                Unknown  Unknown
ESMF_ArrayHaloEx   0000000105D4F98E  main                  Unknown  Unknown
forrtl: severe (174): SIGSEGV, segmentation fault occurred
Image              PC                Routine            Line        Source             
ESMF_ArrayHaloEx   000000010455B174  for__signal_handl     Unknown  Unknown
libsystem_platfor  00007FFF666F8B5D  _sigtramp             Unknown  Unknown
libmpi.40.dylib    0000000106DC02A1  MPI_Comm_rank         Unknown  Unknown
libesmf.dylib      0000000105118002  _ZN5ESMCI3VMK4ini     Unknown  Unknown
libesmf.dylib      00000001050F4D45  _ZN5ESMCI2VM10ini     Unknown  Unknown
libesmf.dylib      00000001051225B5  c_esmc_vminitiali     Unknown  Unknown
libesmf.dylib      000000010590D1C0  esmf_vmmod_mp_esm     Unknown  Unknown
libesmf.dylib      00000001057A6336  esmf_initmod_mp_e     Unknown  Unknown
libesmf.dylib      00000001057A8A08  esmf_initmod_mp_e     Unknown  Unknown
ESMF_ArrayHaloEx   0000000104530BB9  MAIN__                Unknown  Unknown
ESMF_ArrayHaloEx   000000010453098E  main                  Unknown  Unknown
forrtl: severe (174): SIGSEGV, segmentation fault occurred
Image              PC                Routine            Line        Source             
ESMF_ArrayHaloEx   0000000102B8C174  for__signal_handl     Unknown  Unknown
libsystem_platfor  00007FFF666F8B5D  _sigtramp             Unknown  Unknown
libmpi.40.dylib    00000001053F12A1  MPI_Comm_rank         Unknown  Unknown
libesmf.dylib      0000000103745002  _ZN5ESMCI3VMK4ini     Unknown  Unknown
libesmf.dylib      0000000103721D45  _ZN5ESMCI2VM10ini     Unknown  Unknown
libesmf.dylib      000000010374F5B5  c_esmc_vminitiali     Unknown  Unknown
libesmf.dylib      0000000103F3A1C0  esmf_vmmod_mp_esm     Unknown  Unknown
libesmf.dylib      0000000103DD3336  esmf_initmod_mp_e     Unknown  Unknown
libesmf.dylib      0000000103DD5A08  esmf_initmod_mp_e     Unknown  Unknown
ESMF_ArrayHaloEx   0000000102B61BB9  MAIN__                Unknown  Unknown
ESMF_ArrayHaloEx   0000000102B6198E  main                  Unknown  Unknown
