build time -- 2021-10-18 22:37:10
forrtl: severe (174): SIGSEGV, segmentation fault occurred
Image              PC                Routine            Line        Source             
ESMF_VMGetMPIComm  0000000103BB3FF4  for__signal_handl     Unknown  Unknown
libsystem_platfor  00007FFF666F8B5D  _sigtramp             Unknown  Unknown
libmpi.40.dylib    000000010640C2A1  MPI_Comm_rank         Unknown  Unknown
libesmf.dylib      0000000104758002  _ZN5ESMCI3VMK4ini     Unknown  Unknown
libesmf.dylib      0000000104734D45  _ZN5ESMCI2VM10ini     Unknown  Unknown
libesmf.dylib      00000001047625B5  c_esmc_vminitiali     Unknown  Unknown
libesmf.dylib      0000000104F4D1C0  esmf_vmmod_mp_esm     Unknown  Unknown
libesmf.dylib      0000000104DE6336  esmf_initmod_mp_e     Unknown  Unknown
libesmf.dylib      0000000104DE8A08  esmf_initmod_mp_e     Unknown  Unknown
ESMF_VMGetMPIComm  0000000103B8E3CE  MAIN__                Unknown  Unknown
ESMF_VMGetMPIComm  0000000103B8E24E  main                  Unknown  Unknown
forrtl: severe (174): SIGSEGV, segmentation fault occurred
Image              PC                Routine            Line        Source             
ESMF_VMGetMPIComm  0000000107EC6FF4  for__signal_handl     Unknown  Unknown
libsystem_platfor  00007FFF666F8B5D  _sigtramp             Unknown  Unknown
libmpi.40.dylib    000000010A7212A1  MPI_Comm_rank         Unknown  Unknown
libesmf.dylib      0000000108A6A002  _ZN5ESMCI3VMK4ini     Unknown  Unknown
libesmf.dylib      0000000108A46D45  _ZN5ESMCI2VM10ini     Unknown  Unknown
libesmf.dylib      0000000108A745B5  c_esmc_vminitiali     Unknown  Unknown
libesmf.dylib      000000010925F1C0  esmf_vmmod_mp_esm     Unknown  Unknown
libesmf.dylib      00000001090F8336  esmf_initmod_mp_e     Unknown  Unknown
libesmf.dylib      00000001090FAA08  esmf_initmod_mp_e     Unknown  Unknown
ESMF_VMGetMPIComm  0000000107EA13CE  MAIN__                Unknown  Unknown
ESMF_VMGetMPIComm  0000000107EA124E  main                  Unknown  Unknown
forrtl: severe (174): SIGSEGV, segmentation fault occurred
Image              PC                Routine            Line        Source             
ESMF_VMGetMPIComm  000000010A443FF4  for__signal_handl     Unknown  Unknown
libsystem_platfor  00007FFF666F8B5D  _sigtramp             Unknown  Unknown
libmpi.40.dylib    000000010A82D2A1  MPI_Comm_rank         Unknown  Unknown
libesmf.dylib      000000010BB6A002  _ZN5ESMCI3VMK4ini     Unknown  Unknown
libesmf.dylib      000000010BB46D45  _ZN5ESMCI2VM10ini     Unknown  Unknown
libesmf.dylib      000000010BB745B5  c_esmc_vminitiali     Unknown  Unknown
libesmf.dylib      000000010C35F1C0  esmf_vmmod_mp_esm     Unknown  Unknown
libesmf.dylib      000000010C1F8336  esmf_initmod_mp_e     Unknown  Unknown
libesmf.dylib      000000010C1FAA08  esmf_initmod_mp_e     Unknown  Unknown
ESMF_VMGetMPIComm  000000010A41E3CE  MAIN__                Unknown  Unknown
ESMF_VMGetMPIComm  000000010A41E24E  main                  Unknown  Unknown
forrtl: severe (174): SIGSEGV, segmentation fault occurred
Image              PC                Routine            Line        Source             
ESMF_VMGetMPIComm  00000001058CEFF4  for__signal_handl     Unknown  Unknown
libsystem_platfor  00007FFF666F8B5D  _sigtramp             Unknown  Unknown
libmpi.40.dylib    00000001081222A1  MPI_Comm_rank         Unknown  Unknown
libesmf.dylib      0000000106470002  _ZN5ESMCI3VMK4ini     Unknown  Unknown
libesmf.dylib      000000010644CD45  _ZN5ESMCI2VM10ini     Unknown  Unknown
libesmf.dylib      000000010647A5B5  c_esmc_vminitiali     Unknown  Unknown
libesmf.dylib      0000000106C651C0  esmf_vmmod_mp_esm     Unknown  Unknown
libesmf.dylib      0000000106AFE336  esmf_initmod_mp_e     Unknown  Unknown
libesmf.dylib      0000000106B00A08  esmf_initmod_mp_e     Unknown  Unknown
ESMF_VMGetMPIComm  00000001058A93CE  MAIN__                Unknown  Unknown
ESMF_VMGetMPIComm  00000001058A924E  main                  Unknown  Unknown
