build time -- 2021-10-18 22:37:10
forrtl: severe (174): SIGSEGV, segmentation fault occurred
Image              PC                Routine            Line        Source             
ESMF_NUOPCAtmMode  00000001045D71F4  for__signal_handl     Unknown  Unknown
libsystem_platfor  00007FFF666F8B5D  _sigtramp             Unknown  Unknown
libmpi.40.dylib    0000000106E242A1  MPI_Comm_rank         Unknown  Unknown
libesmf.dylib      000000010517F002  _ZN5ESMCI3VMK4ini     Unknown  Unknown
libesmf.dylib      000000010515BD45  _ZN5ESMCI2VM10ini     Unknown  Unknown
libesmf.dylib      00000001051895B5  c_esmc_vminitiali     Unknown  Unknown
libesmf.dylib      00000001059741C0  esmf_vmmod_mp_esm     Unknown  Unknown
libesmf.dylib      000000010580D336  esmf_initmod_mp_e     Unknown  Unknown
libesmf.dylib      000000010580FA08  esmf_initmod_mp_e     Unknown  Unknown
ESMF_NUOPCAtmMode  00000001045AF2B6  MAIN__                Unknown  Unknown
ESMF_NUOPCAtmMode  00000001045AF0FE  main                  Unknown  Unknown
forrtl: severe (174): SIGSEGV, segmentation fault occurred
Image              PC                Routine            Line        Source             
ESMF_NUOPCAtmMode  0000000103CFA1F4  for__signal_handl     Unknown  Unknown
libsystem_platfor  00007FFF666F8B5D  _sigtramp             Unknown  Unknown
libmpi.40.dylib    00000001065572A1  MPI_Comm_rank         Unknown  Unknown
libesmf.dylib      00000001048A5002  _ZN5ESMCI3VMK4ini     Unknown  Unknown
libesmf.dylib      0000000104881D45  _ZN5ESMCI2VM10ini     Unknown  Unknown
libesmf.dylib      00000001048AF5B5  c_esmc_vminitiali     Unknown  Unknown
libesmf.dylib      000000010509A1C0  esmf_vmmod_mp_esm     Unknown  Unknown
libesmf.dylib      0000000104F33336  esmf_initmod_mp_e     Unknown  Unknown
libesmf.dylib      0000000104F35A08  esmf_initmod_mp_e     Unknown  Unknown
ESMF_NUOPCAtmMode  0000000103CD22B6  MAIN__                Unknown  Unknown
ESMF_NUOPCAtmMode  0000000103CD20FE  main                  Unknown  Unknown
forrtl: severe (174): SIGSEGV, segmentation fault occurred
Image              PC                Routine            Line        Source             
ESMF_NUOPCAtmMode  000000010BC531F4  for__signal_handl     Unknown  Unknown
libsystem_platfor  00007FFF666F8B5D  _sigtramp             Unknown  Unknown
libmpi.40.dylib    000000010E4A92A1  MPI_Comm_rank         Unknown  Unknown
libesmf.dylib      000000010C7FC002  _ZN5ESMCI3VMK4ini     Unknown  Unknown
libesmf.dylib      000000010C7D8D45  _ZN5ESMCI2VM10ini     Unknown  Unknown
libesmf.dylib      000000010C8065B5  c_esmc_vminitiali     Unknown  Unknown
libesmf.dylib      000000010CFF11C0  esmf_vmmod_mp_esm     Unknown  Unknown
libesmf.dylib      000000010CE8A336  esmf_initmod_mp_e     Unknown  Unknown
libesmf.dylib      000000010CE8CA08  esmf_initmod_mp_e     Unknown  Unknown
ESMF_NUOPCAtmMode  000000010BC2B2B6  MAIN__                Unknown  Unknown
ESMF_NUOPCAtmMode  000000010BC2B0FE  main                  Unknown  Unknown
forrtl: severe (174): SIGSEGV, segmentation fault occurred
Image              PC                Routine            Line        Source             
ESMF_NUOPCAtmMode  00000001076A91F4  for__signal_handl     Unknown  Unknown
libsystem_platfor  00007FFF666F8B5D  _sigtramp             Unknown  Unknown
libmpi.40.dylib    0000000107A972A1  MPI_Comm_rank         Unknown  Unknown
libesmf.dylib      0000000109582002  _ZN5ESMCI3VMK4ini     Unknown  Unknown
libesmf.dylib      000000010955ED45  _ZN5ESMCI2VM10ini     Unknown  Unknown
libesmf.dylib      000000010958C5B5  c_esmc_vminitiali     Unknown  Unknown
libesmf.dylib      0000000109D771C0  esmf_vmmod_mp_esm     Unknown  Unknown
libesmf.dylib      0000000109C10336  esmf_initmod_mp_e     Unknown  Unknown
libesmf.dylib      0000000109C12A08  esmf_initmod_mp_e     Unknown  Unknown
ESMF_NUOPCAtmMode  00000001076812B6  MAIN__                Unknown  Unknown
ESMF_NUOPCAtmMode  00000001076810FE  main                  Unknown  Unknown
