build time -- 2021-10-18 22:37:10
forrtl: severe (174): SIGSEGV, segmentation fault occurred
Image              PC                Routine            Line        Source             
ESMF_FieldHaloEx   0000000101BF0EB4  for__signal_handl     Unknown  Unknown
libsystem_platfor  00007FFF666F8B5D  _sigtramp             Unknown  Unknown
libmpi.40.dylib    000000010444F2A1  MPI_Comm_rank         Unknown  Unknown
libesmf.dylib      000000010279A002  _ZN5ESMCI3VMK4ini     Unknown  Unknown
libesmf.dylib      0000000102776D45  _ZN5ESMCI2VM10ini     Unknown  Unknown
libesmf.dylib      00000001027A45B5  c_esmc_vminitiali     Unknown  Unknown
libesmf.dylib      0000000102F8F1C0  esmf_vmmod_mp_esm     Unknown  Unknown
libesmf.dylib      0000000102E28336  esmf_initmod_mp_e     Unknown  Unknown
libesmf.dylib      0000000102E2AA08  esmf_initmod_mp_e     Unknown  Unknown
ESMF_FieldHaloEx   0000000101BC9F98  MAIN__                Unknown  Unknown
ESMF_FieldHaloEx   0000000101BC9D9E  main                  Unknown  Unknown
forrtl: severe (174): SIGSEGV, segmentation fault occurred
Image              PC                Routine            Line        Source             
ESMF_FieldHaloEx   000000010FD62EB4  for__signal_handl     Unknown  Unknown
libsystem_platfor  00007FFF666F8B5D  _sigtramp             Unknown  Unknown
libmpi.40.dylib    00000001125B42A1  MPI_Comm_rank         Unknown  Unknown
libesmf.dylib      0000000110909002  _ZN5ESMCI3VMK4ini     Unknown  Unknown
libesmf.dylib      00000001108E5D45  _ZN5ESMCI2VM10ini     Unknown  Unknown
libesmf.dylib      00000001109135B5  c_esmc_vminitiali     Unknown  Unknown
libesmf.dylib      00000001110FE1C0  esmf_vmmod_mp_esm     Unknown  Unknown
libesmf.dylib      0000000110F97336  esmf_initmod_mp_e     Unknown  Unknown
libesmf.dylib      0000000110F99A08  esmf_initmod_mp_e     Unknown  Unknown
ESMF_FieldHaloEx   000000010FD3BF98  MAIN__                Unknown  Unknown
ESMF_FieldHaloEx   000000010FD3BD9E  main                  Unknown  Unknown
forrtl: severe (174): SIGSEGV, segmentation fault occurred
Image              PC                Routine            Line        Source             
ESMF_FieldHaloEx   0000000108A18EB4  for__signal_handl     Unknown  Unknown
libsystem_platfor  00007FFF666F8B5D  _sigtramp             Unknown  Unknown
libmpi.40.dylib    000000010B2732A1  MPI_Comm_rank         Unknown  Unknown
libesmf.dylib      00000001095BF002  _ZN5ESMCI3VMK4ini     Unknown  Unknown
libesmf.dylib      000000010959BD45  _ZN5ESMCI2VM10ini     Unknown  Unknown
libesmf.dylib      00000001095C95B5  c_esmc_vminitiali     Unknown  Unknown
libesmf.dylib      0000000109DB41C0  esmf_vmmod_mp_esm     Unknown  Unknown
libesmf.dylib      0000000109C4D336  esmf_initmod_mp_e     Unknown  Unknown
libesmf.dylib      0000000109C4FA08  esmf_initmod_mp_e     Unknown  Unknown
ESMF_FieldHaloEx   00000001089F1F98  MAIN__                Unknown  Unknown
ESMF_FieldHaloEx   00000001089F1D9E  main                  Unknown  Unknown
forrtl: severe (174): SIGSEGV, segmentation fault occurred
Image              PC                Routine            Line        Source             
ESMF_FieldHaloEx   0000000101D48EB4  for__signal_handl     Unknown  Unknown
libsystem_platfor  00007FFF666F8B5D  _sigtramp             Unknown  Unknown
libmpi.40.dylib    00000001021332A1  MPI_Comm_rank         Unknown  Unknown
libesmf.dylib      000000010455D002  _ZN5ESMCI3VMK4ini     Unknown  Unknown
libesmf.dylib      0000000104539D45  _ZN5ESMCI2VM10ini     Unknown  Unknown
libesmf.dylib      00000001045675B5  c_esmc_vminitiali     Unknown  Unknown
libesmf.dylib      0000000104D521C0  esmf_vmmod_mp_esm     Unknown  Unknown
libesmf.dylib      0000000104BEB336  esmf_initmod_mp_e     Unknown  Unknown
libesmf.dylib      0000000104BEDA08  esmf_initmod_mp_e     Unknown  Unknown
ESMF_FieldHaloEx   0000000101D21F98  MAIN__                Unknown  Unknown
ESMF_FieldHaloEx   0000000101D21D9E  main                  Unknown  Unknown
