build time -- 2021-10-18 22:37:10
forrtl: severe (174): SIGSEGV, segmentation fault occurred
Image              PC                Routine            Line        Source             
ESMF_VMSendVMRecv  0000000109E51F94  for__signal_handl     Unknown  Unknown
libsystem_platfor  00007FFF666F8B5D  _sigtramp             Unknown  Unknown
libmpi.40.dylib    000000010C6AB2A1  MPI_Comm_rank         Unknown  Unknown
libesmf.dylib      000000010A9F9002  _ZN5ESMCI3VMK4ini     Unknown  Unknown
libesmf.dylib      000000010A9D5D45  _ZN5ESMCI2VM10ini     Unknown  Unknown
libesmf.dylib      000000010AA035B5  c_esmc_vminitiali     Unknown  Unknown
libesmf.dylib      000000010B1EE1C0  esmf_vmmod_mp_esm     Unknown  Unknown
libesmf.dylib      000000010B087336  esmf_initmod_mp_e     Unknown  Unknown
libesmf.dylib      000000010B089A08  esmf_initmod_mp_e     Unknown  Unknown
ESMF_VMSendVMRecv  0000000109E2BE5A  MAIN__                Unknown  Unknown
ESMF_VMSendVMRecv  0000000109E2BCCE  main                  Unknown  Unknown
forrtl: severe (174): SIGSEGV, segmentation fault occurred
Image              PC                Routine            Line        Source             
ESMF_VMSendVMRecv  0000000100FD8F94  for__signal_handl     Unknown  Unknown
libsystem_platfor  00007FFF666F8B5D  _sigtramp             Unknown  Unknown
libmpi.40.dylib    00000001038312A1  MPI_Comm_rank         Unknown  Unknown
libesmf.dylib      0000000101B82002  _ZN5ESMCI3VMK4ini     Unknown  Unknown
libesmf.dylib      0000000101B5ED45  _ZN5ESMCI2VM10ini     Unknown  Unknown
libesmf.dylib      0000000101B8C5B5  c_esmc_vminitiali     Unknown  Unknown
libesmf.dylib      00000001023771C0  esmf_vmmod_mp_esm     Unknown  Unknown
libesmf.dylib      0000000102210336  esmf_initmod_mp_e     Unknown  Unknown
libesmf.dylib      0000000102212A08  esmf_initmod_mp_e     Unknown  Unknown
ESMF_VMSendVMRecv  0000000100FB2E5A  MAIN__                Unknown  Unknown
ESMF_VMSendVMRecv  0000000100FB2CCE  main                  Unknown  Unknown
forrtl: severe (174): SIGSEGV, segmentation fault occurred
Image              PC                Routine            Line        Source             
ESMF_VMSendVMRecv  00000001077CBF94  for__signal_handl     Unknown  Unknown
libsystem_platfor  00007FFF666F8B5D  _sigtramp             Unknown  Unknown
libmpi.40.dylib    000000010A0242A1  MPI_Comm_rank         Unknown  Unknown
libesmf.dylib      0000000108375002  _ZN5ESMCI3VMK4ini     Unknown  Unknown
libesmf.dylib      0000000108351D45  _ZN5ESMCI2VM10ini     Unknown  Unknown
libesmf.dylib      000000010837F5B5  c_esmc_vminitiali     Unknown  Unknown
libesmf.dylib      0000000108B6A1C0  esmf_vmmod_mp_esm     Unknown  Unknown
libesmf.dylib      0000000108A03336  esmf_initmod_mp_e     Unknown  Unknown
libesmf.dylib      0000000108A05A08  esmf_initmod_mp_e     Unknown  Unknown
ESMF_VMSendVMRecv  00000001077A5E5A  MAIN__                Unknown  Unknown
ESMF_VMSendVMRecv  00000001077A5CCE  main                  Unknown  Unknown
forrtl: severe (174): SIGSEGV, segmentation fault occurred
Image              PC                Routine            Line        Source             
ESMF_VMSendVMRecv  0000000104383F94  for__signal_handl     Unknown  Unknown
libsystem_platfor  00007FFF666F8B5D  _sigtramp             Unknown  Unknown
libmpi.40.dylib    0000000106BD52A1  MPI_Comm_rank         Unknown  Unknown
libesmf.dylib      0000000104F2A002  _ZN5ESMCI3VMK4ini     Unknown  Unknown
libesmf.dylib      0000000104F06D45  _ZN5ESMCI2VM10ini     Unknown  Unknown
libesmf.dylib      0000000104F345B5  c_esmc_vminitiali     Unknown  Unknown
libesmf.dylib      000000010571F1C0  esmf_vmmod_mp_esm     Unknown  Unknown
libesmf.dylib      00000001055B8336  esmf_initmod_mp_e     Unknown  Unknown
libesmf.dylib      00000001055BAA08  esmf_initmod_mp_e     Unknown  Unknown
ESMF_VMSendVMRecv  000000010435DE5A  MAIN__                Unknown  Unknown
ESMF_VMSendVMRecv  000000010435DCCE  main                  Unknown  Unknown
