build time -- 2021-10-22 10:57:34
forrtl: severe (174): SIGSEGV, segmentation fault occurred
Image              PC                Routine            Line        Source             
ESMF_DistGridEx    0000000104F54F34  for__signal_handl     Unknown  Unknown
libsystem_platfor  00007FFF666F8B5D  _sigtramp             Unknown  Unknown
libmpi.40.dylib    00000001053402A1  MPI_Comm_rank         Unknown  Unknown
libesmf.dylib      0000000107012062  _ZN5ESMCI3VMK4ini     Unknown  Unknown
libesmf.dylib      0000000106FEEDA5  _ZN5ESMCI2VM10ini     Unknown  Unknown
libesmf.dylib      000000010701C615  c_esmc_vminitiali     Unknown  Unknown
libesmf.dylib      0000000107807220  esmf_vmmod_mp_esm     Unknown  Unknown
libesmf.dylib      00000001076A0396  esmf_initmod_mp_e     Unknown  Unknown
libesmf.dylib      00000001076A2A68  esmf_initmod_mp_e     Unknown  Unknown
ESMF_DistGridEx    0000000104F2831B  MAIN__                Unknown  Unknown
ESMF_DistGridEx    0000000104F2815E  main                  Unknown  Unknown
forrtl: severe (174): SIGSEGV, segmentation fault occurred
Image              PC                Routine            Line        Source             
ESMF_DistGridEx    0000000103435F34  for__signal_handl     Unknown  Unknown
libsystem_platfor  00007FFF666F8B5D  _sigtramp             Unknown  Unknown
libmpi.40.dylib    0000000105C882A1  MPI_Comm_rank         Unknown  Unknown
libesmf.dylib      0000000103FDB062  _ZN5ESMCI3VMK4ini     Unknown  Unknown
libesmf.dylib      0000000103FB7DA5  _ZN5ESMCI2VM10ini     Unknown  Unknown
libesmf.dylib      0000000103FE5615  c_esmc_vminitiali     Unknown  Unknown
libesmf.dylib      00000001047D0220  esmf_vmmod_mp_esm     Unknown  Unknown
libesmf.dylib      0000000104669396  esmf_initmod_mp_e     Unknown  Unknown
libesmf.dylib      000000010466BA68  esmf_initmod_mp_e     Unknown  Unknown
ESMF_DistGridEx    000000010340931B  MAIN__                Unknown  Unknown
ESMF_DistGridEx    000000010340915E  main                  Unknown  Unknown
forrtl: severe (174): SIGSEGV, segmentation fault occurred
Image              PC                Routine            Line        Source             
ESMF_DistGridEx    000000010C558F34  for__signal_handl     Unknown  Unknown
libsystem_platfor  00007FFF666F8B5D  _sigtramp             Unknown  Unknown
libmpi.40.dylib    000000010C9442A1  MPI_Comm_rank         Unknown  Unknown
libesmf.dylib      000000010DAF1062  _ZN5ESMCI3VMK4ini     Unknown  Unknown
libesmf.dylib      000000010DACDDA5  _ZN5ESMCI2VM10ini     Unknown  Unknown
libesmf.dylib      000000010DAFB615  c_esmc_vminitiali     Unknown  Unknown
libesmf.dylib      000000010E2E6220  esmf_vmmod_mp_esm     Unknown  Unknown
libesmf.dylib      000000010E17F396  esmf_initmod_mp_e     Unknown  Unknown
libesmf.dylib      000000010E181A68  esmf_initmod_mp_e     Unknown  Unknown
ESMF_DistGridEx    000000010C52C31B  MAIN__                Unknown  Unknown
ESMF_DistGridEx    000000010C52C15E  main                  Unknown  Unknown
forrtl: severe (174): SIGSEGV, segmentation fault occurred
Image              PC                Routine            Line        Source             
ESMF_DistGridEx    000000010E62BF34  for__signal_handl     Unknown  Unknown
libsystem_platfor  00007FFF666F8B5D  _sigtramp             Unknown  Unknown
libmpi.40.dylib    0000000110E822A1  MPI_Comm_rank         Unknown  Unknown
libesmf.dylib      000000010F1D2062  _ZN5ESMCI3VMK4ini     Unknown  Unknown
libesmf.dylib      000000010F1AEDA5  _ZN5ESMCI2VM10ini     Unknown  Unknown
libesmf.dylib      000000010F1DC615  c_esmc_vminitiali     Unknown  Unknown
libesmf.dylib      000000010F9C7220  esmf_vmmod_mp_esm     Unknown  Unknown
libesmf.dylib      000000010F860396  esmf_initmod_mp_e     Unknown  Unknown
libesmf.dylib      000000010F862A68  esmf_initmod_mp_e     Unknown  Unknown
ESMF_DistGridEx    000000010E5FF31B  MAIN__                Unknown  Unknown
ESMF_DistGridEx    000000010E5FF15E  main                  Unknown  Unknown
