build time -- 2021-10-22 10:57:34
forrtl: severe (174): SIGSEGV, segmentation fault occurred
Image              PC                Routine            Line        Source             
ESMF_StateReconci  0000000102673624  for__signal_handl     Unknown  Unknown
libsystem_platfor  00007FFF666F8B5D  _sigtramp             Unknown  Unknown
libmpi.40.dylib    0000000104ECE2A1  MPI_Comm_rank         Unknown  Unknown
libesmf.dylib      000000010321D062  _ZN5ESMCI3VMK4ini     Unknown  Unknown
libesmf.dylib      00000001031F9DA5  _ZN5ESMCI2VM10ini     Unknown  Unknown
libesmf.dylib      0000000103227615  c_esmc_vminitiali     Unknown  Unknown
libesmf.dylib      0000000103A12220  esmf_vmmod_mp_esm     Unknown  Unknown
libesmf.dylib      00000001038AB396  esmf_initmod_mp_e     Unknown  Unknown
libesmf.dylib      00000001038ADA68  esmf_initmod_mp_e     Unknown  Unknown
ESMF_StateReconci  000000010264CDC0  MAIN__                Unknown  Unknown
ESMF_StateReconci  000000010264CBDE  main                  Unknown  Unknown
forrtl: severe (174): SIGSEGV, segmentation fault occurred
Image              PC                Routine            Line        Source             
ESMF_StateReconci  0000000107DCA624  for__signal_handl     Unknown  Unknown
libsystem_platfor  00007FFF666F8B5D  _sigtramp             Unknown  Unknown
libmpi.40.dylib    000000010A6242A1  MPI_Comm_rank         Unknown  Unknown
libesmf.dylib      0000000108974062  _ZN5ESMCI3VMK4ini     Unknown  Unknown
libesmf.dylib      0000000108950DA5  _ZN5ESMCI2VM10ini     Unknown  Unknown
libesmf.dylib      000000010897E615  c_esmc_vminitiali     Unknown  Unknown
libesmf.dylib      0000000109169220  esmf_vmmod_mp_esm     Unknown  Unknown
libesmf.dylib      0000000109002396  esmf_initmod_mp_e     Unknown  Unknown
libesmf.dylib      0000000109004A68  esmf_initmod_mp_e     Unknown  Unknown
ESMF_StateReconci  0000000107DA3DC0  MAIN__                Unknown  Unknown
ESMF_StateReconci  0000000107DA3BDE  main                  Unknown  Unknown
forrtl: severe (174): SIGSEGV, segmentation fault occurred
Image              PC                Routine            Line        Source             
ESMF_StateReconci  000000010582B624  for__signal_handl     Unknown  Unknown
libsystem_platfor  00007FFF666F8B5D  _sigtramp             Unknown  Unknown
libmpi.40.dylib    0000000105C172A1  MPI_Comm_rank         Unknown  Unknown
libesmf.dylib      0000000107E86062  _ZN5ESMCI3VMK4ini     Unknown  Unknown
libesmf.dylib      0000000107E62DA5  _ZN5ESMCI2VM10ini     Unknown  Unknown
libesmf.dylib      0000000107E90615  c_esmc_vminitiali     Unknown  Unknown
libesmf.dylib      000000010867B220  esmf_vmmod_mp_esm     Unknown  Unknown
libesmf.dylib      0000000108514396  esmf_initmod_mp_e     Unknown  Unknown
libesmf.dylib      0000000108516A68  esmf_initmod_mp_e     Unknown  Unknown
ESMF_StateReconci  0000000105804DC0  MAIN__                Unknown  Unknown
ESMF_StateReconci  0000000105804BDE  main                  Unknown  Unknown
forrtl: severe (174): SIGSEGV, segmentation fault occurred
Image              PC                Routine            Line        Source             
ESMF_StateReconci  0000000100B8C624  for__signal_handl     Unknown  Unknown
libsystem_platfor  00007FFF666F8B5D  _sigtramp             Unknown  Unknown
libmpi.40.dylib    00000001033DE2A1  MPI_Comm_rank         Unknown  Unknown
libesmf.dylib      0000000101731062  _ZN5ESMCI3VMK4ini     Unknown  Unknown
libesmf.dylib      000000010170DDA5  _ZN5ESMCI2VM10ini     Unknown  Unknown
libesmf.dylib      000000010173B615  c_esmc_vminitiali     Unknown  Unknown
libesmf.dylib      0000000101F26220  esmf_vmmod_mp_esm     Unknown  Unknown
libesmf.dylib      0000000101DBF396  esmf_initmod_mp_e     Unknown  Unknown
libesmf.dylib      0000000101DC1A68  esmf_initmod_mp_e     Unknown  Unknown
ESMF_StateReconci  0000000100B65DC0  MAIN__                Unknown  Unknown
ESMF_StateReconci  0000000100B65BDE  main                  Unknown  Unknown
