build time -- 2021-10-18 22:37:10
forrtl: severe (174): SIGSEGV, segmentation fault occurred
Image              PC                Routine            Line        Source             
ESMF_FieldBundleH  00000001000535A4  for__signal_handl     Unknown  Unknown
libsystem_platfor  00007FFF666F8B5D  _sigtramp             Unknown  Unknown
libmpi.40.dylib    00000001028A82A1  MPI_Comm_rank         Unknown  Unknown
libesmf.dylib      0000000100BFF002  _ZN5ESMCI3VMK4ini     Unknown  Unknown
libesmf.dylib      0000000100BDBD45  _ZN5ESMCI2VM10ini     Unknown  Unknown
libesmf.dylib      0000000100C095B5  c_esmc_vminitiali     Unknown  Unknown
libesmf.dylib      00000001013F41C0  esmf_vmmod_mp_esm     Unknown  Unknown
libesmf.dylib      000000010128D336  esmf_initmod_mp_e     Unknown  Unknown
libesmf.dylib      000000010128FA08  esmf_initmod_mp_e     Unknown  Unknown
ESMF_FieldBundleH  000000010002CA13  MAIN__                Unknown  Unknown
ESMF_FieldBundleH  000000010002C7AE  main                  Unknown  Unknown
forrtl: severe (174): SIGSEGV, segmentation fault occurred
Image              PC                Routine            Line        Source             
ESMF_FieldBundleH  000000010ED265A4  for__signal_handl     Unknown  Unknown
libsystem_platfor  00007FFF666F8B5D  _sigtramp             Unknown  Unknown
libmpi.40.dylib    00000001115812A1  MPI_Comm_rank         Unknown  Unknown
libesmf.dylib      000000010F8D1002  _ZN5ESMCI3VMK4ini     Unknown  Unknown
libesmf.dylib      000000010F8ADD45  _ZN5ESMCI2VM10ini     Unknown  Unknown
libesmf.dylib      000000010F8DB5B5  c_esmc_vminitiali     Unknown  Unknown
libesmf.dylib      00000001100C61C0  esmf_vmmod_mp_esm     Unknown  Unknown
libesmf.dylib      000000010FF5F336  esmf_initmod_mp_e     Unknown  Unknown
libesmf.dylib      000000010FF61A08  esmf_initmod_mp_e     Unknown  Unknown
ESMF_FieldBundleH  000000010ECFFA13  MAIN__                Unknown  Unknown
ESMF_FieldBundleH  000000010ECFF7AE  main                  Unknown  Unknown
forrtl: severe (174): SIGSEGV, segmentation fault occurred
Image              PC                Routine            Line        Source             
ESMF_FieldBundleH  0000000106C865A4  for__signal_handl     Unknown  Unknown
libsystem_platfor  00007FFF666F8B5D  _sigtramp             Unknown  Unknown
libmpi.40.dylib    00000001094D22A1  MPI_Comm_rank         Unknown  Unknown
libesmf.dylib      000000010782E002  _ZN5ESMCI3VMK4ini     Unknown  Unknown
libesmf.dylib      000000010780AD45  _ZN5ESMCI2VM10ini     Unknown  Unknown
libesmf.dylib      00000001078385B5  c_esmc_vminitiali     Unknown  Unknown
libesmf.dylib      00000001080231C0  esmf_vmmod_mp_esm     Unknown  Unknown
libesmf.dylib      0000000107EBC336  esmf_initmod_mp_e     Unknown  Unknown
libesmf.dylib      0000000107EBEA08  esmf_initmod_mp_e     Unknown  Unknown
ESMF_FieldBundleH  0000000106C5FA13  MAIN__                Unknown  Unknown
ESMF_FieldBundleH  0000000106C5F7AE  main                  Unknown  Unknown
forrtl: severe (174): SIGSEGV, segmentation fault occurred
Image              PC                Routine            Line        Source             
ESMF_FieldBundleH  000000010696F5A4  for__signal_handl     Unknown  Unknown
libsystem_platfor  00007FFF666F8B5D  _sigtramp             Unknown  Unknown
libmpi.40.dylib    00000001091C52A1  MPI_Comm_rank         Unknown  Unknown
libesmf.dylib      000000010751B002  _ZN5ESMCI3VMK4ini     Unknown  Unknown
libesmf.dylib      00000001074F7D45  _ZN5ESMCI2VM10ini     Unknown  Unknown
libesmf.dylib      00000001075255B5  c_esmc_vminitiali     Unknown  Unknown
libesmf.dylib      0000000107D101C0  esmf_vmmod_mp_esm     Unknown  Unknown
libesmf.dylib      0000000107BA9336  esmf_initmod_mp_e     Unknown  Unknown
libesmf.dylib      0000000107BABA08  esmf_initmod_mp_e     Unknown  Unknown
ESMF_FieldBundleH  0000000106948A13  MAIN__                Unknown  Unknown
ESMF_FieldBundleH  00000001069487AE  main                  Unknown  Unknown
