build time -- 2021-10-18 22:37:10
forrtl: severe (174): SIGSEGV, segmentation fault occurred
Image              PC                Routine            Line        Source             
ESMF_VMComponentE  0000000106986ED4  for__signal_handl     Unknown  Unknown
libsystem_platfor  00007FFF666F8B5D  _sigtramp             Unknown  Unknown
libmpi.40.dylib    0000000106D712A1  MPI_Comm_rank         Unknown  Unknown
libesmf.dylib      0000000108E1C002  _ZN5ESMCI3VMK4ini     Unknown  Unknown
libesmf.dylib      0000000108DF8D45  _ZN5ESMCI2VM10ini     Unknown  Unknown
libesmf.dylib      0000000108E265B5  c_esmc_vminitiali     Unknown  Unknown
libesmf.dylib      00000001096111C0  esmf_vmmod_mp_esm     Unknown  Unknown
libesmf.dylib      00000001094AA336  esmf_initmod_mp_e     Unknown  Unknown
libesmf.dylib      00000001094ACA08  esmf_initmod_mp_e     Unknown  Unknown
ESMF_VMComponentE  0000000106960CDB  MAIN__                Unknown  Unknown
ESMF_VMComponentE  0000000106960B5E  main                  Unknown  Unknown
forrtl: severe (174): SIGSEGV, segmentation fault occurred
Image              PC                Routine            Line        Source             
ESMF_VMComponentE  0000000109C5CED4  for__signal_handl     Unknown  Unknown
libsystem_platfor  00007FFF666F8B5D  _sigtramp             Unknown  Unknown
libmpi.40.dylib    000000010C4AE2A1  MPI_Comm_rank         Unknown  Unknown
libesmf.dylib      000000010A801002  _ZN5ESMCI3VMK4ini     Unknown  Unknown
libesmf.dylib      000000010A7DDD45  _ZN5ESMCI2VM10ini     Unknown  Unknown
libesmf.dylib      000000010A80B5B5  c_esmc_vminitiali     Unknown  Unknown
libesmf.dylib      000000010AFF61C0  esmf_vmmod_mp_esm     Unknown  Unknown
libesmf.dylib      000000010AE8F336  esmf_initmod_mp_e     Unknown  Unknown
libesmf.dylib      000000010AE91A08  esmf_initmod_mp_e     Unknown  Unknown
ESMF_VMComponentE  0000000109C36CDB  MAIN__                Unknown  Unknown
ESMF_VMComponentE  0000000109C36B5E  main                  Unknown  Unknown
forrtl: severe (174): SIGSEGV, segmentation fault occurred
Image              PC                Routine            Line        Source             
ESMF_VMComponentE  000000010F254ED4  for__signal_handl     Unknown  Unknown
libsystem_platfor  00007FFF666F8B5D  _sigtramp             Unknown  Unknown
libmpi.40.dylib    0000000111AAD2A1  MPI_Comm_rank         Unknown  Unknown
libesmf.dylib      000000010FDFC002  _ZN5ESMCI3VMK4ini     Unknown  Unknown
libesmf.dylib      000000010FDD8D45  _ZN5ESMCI2VM10ini     Unknown  Unknown
libesmf.dylib      000000010FE065B5  c_esmc_vminitiali     Unknown  Unknown
libesmf.dylib      00000001105F11C0  esmf_vmmod_mp_esm     Unknown  Unknown
libesmf.dylib      000000011048A336  esmf_initmod_mp_e     Unknown  Unknown
libesmf.dylib      000000011048CA08  esmf_initmod_mp_e     Unknown  Unknown
ESMF_VMComponentE  000000010F22ECDB  MAIN__                Unknown  Unknown
ESMF_VMComponentE  000000010F22EB5E  main                  Unknown  Unknown
forrtl: severe (174): SIGSEGV, segmentation fault occurred
Image              PC                Routine            Line        Source             
ESMF_VMComponentE  00000001039F6ED4  for__signal_handl     Unknown  Unknown
libsystem_platfor  00007FFF666F8B5D  _sigtramp             Unknown  Unknown
libmpi.40.dylib    000000010623E2A1  MPI_Comm_rank         Unknown  Unknown
libesmf.dylib      0000000104599002  _ZN5ESMCI3VMK4ini     Unknown  Unknown
libesmf.dylib      0000000104575D45  _ZN5ESMCI2VM10ini     Unknown  Unknown
libesmf.dylib      00000001045A35B5  c_esmc_vminitiali     Unknown  Unknown
libesmf.dylib      0000000104D8E1C0  esmf_vmmod_mp_esm     Unknown  Unknown
libesmf.dylib      0000000104C27336  esmf_initmod_mp_e     Unknown  Unknown
libesmf.dylib      0000000104C29A08  esmf_initmod_mp_e     Unknown  Unknown
ESMF_VMComponentE  00000001039D0CDB  MAIN__                Unknown  Unknown
ESMF_VMComponentE  00000001039D0B5E  main                  Unknown  Unknown
