build time -- 2021-10-18 22:37:10
forrtl: severe (174): SIGSEGV, segmentation fault occurred
Image              PC                Routine            Line        Source             
ESMF_FieldBundleC  0000000108F35004  for__signal_handl     Unknown  Unknown
libsystem_platfor  00007FFF666F8B5D  _sigtramp             Unknown  Unknown
libmpi.40.dylib    000000010B78C2A1  MPI_Comm_rank         Unknown  Unknown
libesmf.dylib      0000000109AE1002  _ZN5ESMCI3VMK4ini     Unknown  Unknown
libesmf.dylib      0000000109ABDD45  _ZN5ESMCI2VM10ini     Unknown  Unknown
libesmf.dylib      0000000109AEB5B5  c_esmc_vminitiali     Unknown  Unknown
libesmf.dylib      000000010A2D61C0  esmf_vmmod_mp_esm     Unknown  Unknown
libesmf.dylib      000000010A16F336  esmf_initmod_mp_e     Unknown  Unknown
libesmf.dylib      000000010A171A08  esmf_initmod_mp_e     Unknown  Unknown
ESMF_FieldBundleC  0000000108F0BFE4  MAIN__                Unknown  Unknown
ESMF_FieldBundleC  0000000108F0BBEE  main                  Unknown  Unknown
forrtl: severe (174): SIGSEGV, segmentation fault occurred
Image              PC                Routine            Line        Source             
ESMF_FieldBundleC  0000000100952004  for__signal_handl     Unknown  Unknown
libsystem_platfor  00007FFF666F8B5D  _sigtramp             Unknown  Unknown
libmpi.40.dylib    00000001031AA2A1  MPI_Comm_rank         Unknown  Unknown
libesmf.dylib      0000000101500002  _ZN5ESMCI3VMK4ini     Unknown  Unknown
libesmf.dylib      00000001014DCD45  _ZN5ESMCI2VM10ini     Unknown  Unknown
libesmf.dylib      000000010150A5B5  c_esmc_vminitiali     Unknown  Unknown
libesmf.dylib      0000000101CF51C0  esmf_vmmod_mp_esm     Unknown  Unknown
libesmf.dylib      0000000101B8E336  esmf_initmod_mp_e     Unknown  Unknown
libesmf.dylib      0000000101B90A08  esmf_initmod_mp_e     Unknown  Unknown
ESMF_FieldBundleC  0000000100928FE4  MAIN__                Unknown  Unknown
ESMF_FieldBundleC  0000000100928BEE  main                  Unknown  Unknown
forrtl: severe (174): SIGSEGV, segmentation fault occurred
Image              PC                Routine            Line        Source             
ESMF_FieldBundleC  0000000102E69004  for__signal_handl     Unknown  Unknown
libsystem_platfor  00007FFF666F8B5D  _sigtramp             Unknown  Unknown
libmpi.40.dylib    00000001056C72A1  MPI_Comm_rank         Unknown  Unknown
libesmf.dylib      0000000103A13002  _ZN5ESMCI3VMK4ini     Unknown  Unknown
libesmf.dylib      00000001039EFD45  _ZN5ESMCI2VM10ini     Unknown  Unknown
libesmf.dylib      0000000103A1D5B5  c_esmc_vminitiali     Unknown  Unknown
libesmf.dylib      00000001042081C0  esmf_vmmod_mp_esm     Unknown  Unknown
libesmf.dylib      00000001040A1336  esmf_initmod_mp_e     Unknown  Unknown
libesmf.dylib      00000001040A3A08  esmf_initmod_mp_e     Unknown  Unknown
ESMF_FieldBundleC  0000000102E3FFE4  MAIN__                Unknown  Unknown
ESMF_FieldBundleC  0000000102E3FBEE  main                  Unknown  Unknown
forrtl: severe (174): SIGSEGV, segmentation fault occurred
Image              PC                Routine            Line        Source             
ESMF_FieldBundleC  000000010389C004  for__signal_handl     Unknown  Unknown
libsystem_platfor  00007FFF666F8B5D  _sigtramp             Unknown  Unknown
libmpi.40.dylib    00000001060F12A1  MPI_Comm_rank         Unknown  Unknown
libesmf.dylib      0000000104443002  _ZN5ESMCI3VMK4ini     Unknown  Unknown
libesmf.dylib      000000010441FD45  _ZN5ESMCI2VM10ini     Unknown  Unknown
libesmf.dylib      000000010444D5B5  c_esmc_vminitiali     Unknown  Unknown
libesmf.dylib      0000000104C381C0  esmf_vmmod_mp_esm     Unknown  Unknown
libesmf.dylib      0000000104AD1336  esmf_initmod_mp_e     Unknown  Unknown
libesmf.dylib      0000000104AD3A08  esmf_initmod_mp_e     Unknown  Unknown
ESMF_FieldBundleC  0000000103872FE4  MAIN__                Unknown  Unknown
ESMF_FieldBundleC  0000000103872BEE  main                  Unknown  Unknown
