build time -- 2021-10-22 10:57:34
forrtl: severe (174): SIGSEGV, segmentation fault occurred
Image              PC                Routine            Line        Source             
ESMF_MeshEx        000000010AE267A4  for__signal_handl     Unknown  Unknown
libsystem_platfor  00007FFF666F8B5D  _sigtramp             Unknown  Unknown
libmpi.40.dylib    000000010D67D2A1  MPI_Comm_rank         Unknown  Unknown
libesmf.dylib      000000010B9CA062  _ZN5ESMCI3VMK4ini     Unknown  Unknown
libesmf.dylib      000000010B9A6DA5  _ZN5ESMCI2VM10ini     Unknown  Unknown
libesmf.dylib      000000010B9D4615  c_esmc_vminitiali     Unknown  Unknown
libesmf.dylib      000000010C1BF220  esmf_vmmod_mp_esm     Unknown  Unknown
libesmf.dylib      000000010C058396  esmf_initmod_mp_e     Unknown  Unknown
libesmf.dylib      000000010C05AA68  esmf_initmod_mp_e     Unknown  Unknown
ESMF_MeshEx        000000010ADF4C53  MAIN__                Unknown  Unknown
ESMF_MeshEx        000000010ADF49FE  main                  Unknown  Unknown
forrtl: severe (174): SIGSEGV, segmentation fault occurred
Image              PC                Routine            Line        Source             
ESMF_MeshEx        00000001046917A4  for__signal_handl     Unknown  Unknown
libsystem_platfor  00007FFF666F8B5D  _sigtramp             Unknown  Unknown
libmpi.40.dylib    0000000104A7D2A1  MPI_Comm_rank         Unknown  Unknown
libesmf.dylib      0000000106A35062  _ZN5ESMCI3VMK4ini     Unknown  Unknown
libesmf.dylib      0000000106A11DA5  _ZN5ESMCI2VM10ini     Unknown  Unknown
libesmf.dylib      0000000106A3F615  c_esmc_vminitiali     Unknown  Unknown
libesmf.dylib      000000010722A220  esmf_vmmod_mp_esm     Unknown  Unknown
libesmf.dylib      00000001070C3396  esmf_initmod_mp_e     Unknown  Unknown
libesmf.dylib      00000001070C5A68  esmf_initmod_mp_e     Unknown  Unknown
ESMF_MeshEx        000000010465FC53  MAIN__                Unknown  Unknown
ESMF_MeshEx        000000010465F9FE  main                  Unknown  Unknown
forrtl: severe (174): SIGSEGV, segmentation fault occurred
Image              PC                Routine            Line        Source             
ESMF_MeshEx        00000001056D57A4  for__signal_handl     Unknown  Unknown
libsystem_platfor  00007FFF666F8B5D  _sigtramp             Unknown  Unknown
libmpi.40.dylib    0000000105AC12A1  MPI_Comm_rank         Unknown  Unknown
libesmf.dylib      0000000108678062  _ZN5ESMCI3VMK4ini     Unknown  Unknown
libesmf.dylib      0000000108654DA5  _ZN5ESMCI2VM10ini     Unknown  Unknown
libesmf.dylib      0000000108682615  c_esmc_vminitiali     Unknown  Unknown
libesmf.dylib      0000000108E6D220  esmf_vmmod_mp_esm     Unknown  Unknown
libesmf.dylib      0000000108D06396  esmf_initmod_mp_e     Unknown  Unknown
libesmf.dylib      0000000108D08A68  esmf_initmod_mp_e     Unknown  Unknown
ESMF_MeshEx        00000001056A3C53  MAIN__                Unknown  Unknown
ESMF_MeshEx        00000001056A39FE  main                  Unknown  Unknown
forrtl: severe (174): SIGSEGV, segmentation fault occurred
Image              PC                Routine            Line        Source             
ESMF_MeshEx        000000010D17F7A4  for__signal_handl     Unknown  Unknown
libsystem_platfor  00007FFF666F8B5D  _sigtramp             Unknown  Unknown
libmpi.40.dylib    000000010F9D42A1  MPI_Comm_rank         Unknown  Unknown
libesmf.dylib      000000010DD27062  _ZN5ESMCI3VMK4ini     Unknown  Unknown
libesmf.dylib      000000010DD03DA5  _ZN5ESMCI2VM10ini     Unknown  Unknown
libesmf.dylib      000000010DD31615  c_esmc_vminitiali     Unknown  Unknown
libesmf.dylib      000000010E51C220  esmf_vmmod_mp_esm     Unknown  Unknown
libesmf.dylib      000000010E3B5396  esmf_initmod_mp_e     Unknown  Unknown
libesmf.dylib      000000010E3B7A68  esmf_initmod_mp_e     Unknown  Unknown
ESMF_MeshEx        000000010D14DC53  MAIN__                Unknown  Unknown
ESMF_MeshEx        000000010D14D9FE  main                  Unknown  Unknown
