build time -- 2021-10-22 10:57:34
forrtl: severe (174): SIGSEGV, segmentation fault occurred
Image              PC                Routine            Line        Source             
ESMF_VMAllFullRed  00000001028D5F34  for__signal_handl     Unknown  Unknown
libsystem_platfor  00007FFF666F8B5D  _sigtramp             Unknown  Unknown
libmpi.40.dylib    0000000102CC02A1  MPI_Comm_rank         Unknown  Unknown
libesmf.dylib      0000000104347062  _ZN5ESMCI3VMK4ini     Unknown  Unknown
libesmf.dylib      0000000104323DA5  _ZN5ESMCI2VM10ini     Unknown  Unknown
libesmf.dylib      0000000104351615  c_esmc_vminitiali     Unknown  Unknown
libesmf.dylib      0000000104B3C220  esmf_vmmod_mp_esm     Unknown  Unknown
libesmf.dylib      00000001049D5396  esmf_initmod_mp_e     Unknown  Unknown
libesmf.dylib      00000001049D7A68  esmf_initmod_mp_e     Unknown  Unknown
ESMF_VMAllFullRed  00000001028AFDAB  MAIN__                Unknown  Unknown
ESMF_VMAllFullRed  00000001028AFC1E  main                  Unknown  Unknown
forrtl: severe (174): SIGSEGV, segmentation fault occurred
Image              PC                Routine            Line        Source             
ESMF_VMAllFullRed  0000000102F0BF34  for__signal_handl     Unknown  Unknown
libsystem_platfor  00007FFF666F8B5D  _sigtramp             Unknown  Unknown
libmpi.40.dylib    00000001032F62A1  MPI_Comm_rank         Unknown  Unknown
libesmf.dylib      0000000104A74062  _ZN5ESMCI3VMK4ini     Unknown  Unknown
libesmf.dylib      0000000104A50DA5  _ZN5ESMCI2VM10ini     Unknown  Unknown
libesmf.dylib      0000000104A7E615  c_esmc_vminitiali     Unknown  Unknown
libesmf.dylib      0000000105269220  esmf_vmmod_mp_esm     Unknown  Unknown
libesmf.dylib      0000000105102396  esmf_initmod_mp_e     Unknown  Unknown
libesmf.dylib      0000000105104A68  esmf_initmod_mp_e     Unknown  Unknown
ESMF_VMAllFullRed  0000000102EE5DAB  MAIN__                Unknown  Unknown
ESMF_VMAllFullRed  0000000102EE5C1E  main                  Unknown  Unknown
forrtl: severe (174): SIGSEGV, segmentation fault occurred
Image              PC                Routine            Line        Source             
ESMF_VMAllFullRed  0000000108777F34  for__signal_handl     Unknown  Unknown
libsystem_platfor  00007FFF666F8B5D  _sigtramp             Unknown  Unknown
libmpi.40.dylib    000000010AFD12A1  MPI_Comm_rank         Unknown  Unknown
libesmf.dylib      0000000109320062  _ZN5ESMCI3VMK4ini     Unknown  Unknown
libesmf.dylib      00000001092FCDA5  _ZN5ESMCI2VM10ini     Unknown  Unknown
libesmf.dylib      000000010932A615  c_esmc_vminitiali     Unknown  Unknown
libesmf.dylib      0000000109B15220  esmf_vmmod_mp_esm     Unknown  Unknown
libesmf.dylib      00000001099AE396  esmf_initmod_mp_e     Unknown  Unknown
libesmf.dylib      00000001099B0A68  esmf_initmod_mp_e     Unknown  Unknown
ESMF_VMAllFullRed  0000000108751DAB  MAIN__                Unknown  Unknown
ESMF_VMAllFullRed  0000000108751C1E  main                  Unknown  Unknown
forrtl: severe (174): SIGSEGV, segmentation fault occurred
Image              PC                Routine            Line        Source             
ESMF_VMAllFullRed  0000000106C10F34  for__signal_handl     Unknown  Unknown
libsystem_platfor  00007FFF666F8B5D  _sigtramp             Unknown  Unknown
libmpi.40.dylib    00000001094652A1  MPI_Comm_rank         Unknown  Unknown
libesmf.dylib      00000001077B8062  _ZN5ESMCI3VMK4ini     Unknown  Unknown
libesmf.dylib      0000000107794DA5  _ZN5ESMCI2VM10ini     Unknown  Unknown
libesmf.dylib      00000001077C2615  c_esmc_vminitiali     Unknown  Unknown
libesmf.dylib      0000000107FAD220  esmf_vmmod_mp_esm     Unknown  Unknown
libesmf.dylib      0000000107E46396  esmf_initmod_mp_e     Unknown  Unknown
libesmf.dylib      0000000107E48A68  esmf_initmod_mp_e     Unknown  Unknown
ESMF_VMAllFullRed  0000000106BEADAB  MAIN__                Unknown  Unknown
ESMF_VMAllFullRed  0000000106BEAC1E  main                  Unknown  Unknown
