build time -- 2021-10-18 22:37:10
 seqIndexOffset=         1099511627776
 seqIndexOffset=         1099511627776
 seqIndexOffset=         1099511627776
 seqIndexOffset=         1099511627776
forrtl: severe (174): SIGSEGV, segmentation fault occurred
Image              PC                Routine            Line        Source             
ESMF_ArrayArbHalo  0000000107885EF4  for__signal_handl     Unknown  Unknown
libsystem_platfor  00007FFF666F8B5D  _sigtramp             Unknown  Unknown
libmpi.40.dylib    000000010A0E02A1  MPI_Comm_rank         Unknown  Unknown
libesmf.dylib      000000010842F002  _ZN5ESMCI3VMK4ini     Unknown  Unknown
libesmf.dylib      000000010840BD45  _ZN5ESMCI2VM10ini     Unknown  Unknown
libesmf.dylib      00000001084395B5  c_esmc_vminitiali     Unknown  Unknown
libesmf.dylib      0000000108C241C0  esmf_vmmod_mp_esm     Unknown  Unknown
libesmf.dylib      0000000108ABD336  esmf_initmod_mp_e     Unknown  Unknown
libesmf.dylib      0000000108ABFA08  esmf_initmod_mp_e     Unknown  Unknown
ESMF_ArrayArbHalo  000000010785D46E  MAIN__                Unknown  Unknown
ESMF_ArrayArbHalo  000000010785D21E  main                  Unknown  Unknown
forrtl: severe (174): SIGSEGV, segmentation fault occurred
Image              PC                Routine            Line        Source             
ESMF_ArrayArbHalo  0000000105351EF4  for__signal_handl     Unknown  Unknown
libsystem_platfor  00007FFF666F8B5D  _sigtramp             Unknown  Unknown
libmpi.40.dylib    000000010573C2A1  MPI_Comm_rank         Unknown  Unknown
libesmf.dylib      0000000107FCB002  _ZN5ESMCI3VMK4ini     Unknown  Unknown
libesmf.dylib      0000000107FA7D45  _ZN5ESMCI2VM10ini     Unknown  Unknown
libesmf.dylib      0000000107FD55B5  c_esmc_vminitiali     Unknown  Unknown
libesmf.dylib      00000001087C01C0  esmf_vmmod_mp_esm     Unknown  Unknown
libesmf.dylib      0000000108659336  esmf_initmod_mp_e     Unknown  Unknown
libesmf.dylib      000000010865BA08  esmf_initmod_mp_e     Unknown  Unknown
ESMF_ArrayArbHalo  000000010532946E  MAIN__                Unknown  Unknown
ESMF_ArrayArbHalo  000000010532921E  main                  Unknown  Unknown
forrtl: severe (174): SIGSEGV, segmentation fault occurred
Image              PC                Routine            Line        Source             
ESMF_ArrayArbHalo  000000010B497EF4  for__signal_handl     Unknown  Unknown
libsystem_platfor  00007FFF666F8B5D  _sigtramp             Unknown  Unknown
libmpi.40.dylib    000000010B8822A1  MPI_Comm_rank         Unknown  Unknown
libesmf.dylib      000000010CF8E002  _ZN5ESMCI3VMK4ini     Unknown  Unknown
libesmf.dylib      000000010CF6AD45  _ZN5ESMCI2VM10ini     Unknown  Unknown
libesmf.dylib      000000010CF985B5  c_esmc_vminitiali     Unknown  Unknown
libesmf.dylib      000000010D7831C0  esmf_vmmod_mp_esm     Unknown  Unknown
libesmf.dylib      000000010D61C336  esmf_initmod_mp_e     Unknown  Unknown
libesmf.dylib      000000010D61EA08  esmf_initmod_mp_e     Unknown  Unknown
ESMF_ArrayArbHalo  000000010B46F46E  MAIN__                Unknown  Unknown
ESMF_ArrayArbHalo  000000010B46F21E  main                  Unknown  Unknown
forrtl: severe (174): SIGSEGV, segmentation fault occurred
Image              PC                Routine            Line        Source             
ESMF_ArrayArbHalo  0000000109558EF4  for__signal_handl     Unknown  Unknown
libsystem_platfor  00007FFF666F8B5D  _sigtramp             Unknown  Unknown
libmpi.40.dylib    000000010BDA82A1  MPI_Comm_rank         Unknown  Unknown
libesmf.dylib      000000010A0FB002  _ZN5ESMCI3VMK4ini     Unknown  Unknown
libesmf.dylib      000000010A0D7D45  _ZN5ESMCI2VM10ini     Unknown  Unknown
libesmf.dylib      000000010A1055B5  c_esmc_vminitiali     Unknown  Unknown
libesmf.dylib      000000010A8F01C0  esmf_vmmod_mp_esm     Unknown  Unknown
libesmf.dylib      000000010A789336  esmf_initmod_mp_e     Unknown  Unknown
libesmf.dylib      000000010A78BA08  esmf_initmod_mp_e     Unknown  Unknown
ESMF_ArrayArbHalo  000000010953046E  MAIN__                Unknown  Unknown
ESMF_ArrayArbHalo  000000010953021E  main                  Unknown  Unknown
