build time -- 2021-10-22 10:57:34
forrtl: severe (174): SIGSEGV, segmentation fault occurred
Image              PC                Routine            Line        Source             
ESMF_GCompEx       0000000102F82564  for__signal_handl     Unknown  Unknown
libsystem_platfor  00007FFF666F8B5D  _sigtramp             Unknown  Unknown
libmpi.40.dylib    00000001057DD2A1  MPI_Comm_rank         Unknown  Unknown
libesmf.dylib      0000000103B2D062  _ZN5ESMCI3VMK4ini     Unknown  Unknown
libesmf.dylib      0000000103B09DA5  _ZN5ESMCI2VM10ini     Unknown  Unknown
libesmf.dylib      0000000103B37615  c_esmc_vminitiali     Unknown  Unknown
libesmf.dylib      0000000104322220  esmf_vmmod_mp_esm     Unknown  Unknown
libesmf.dylib      00000001041BB396  esmf_initmod_mp_e     Unknown  Unknown
libesmf.dylib      00000001041BDA68  esmf_initmod_mp_e     Unknown  Unknown
ESMF_GCompEx       0000000102F5BC84  MAIN__                Unknown  Unknown
ESMF_GCompEx       0000000102F5B9AE  main                  Unknown  Unknown
forrtl: severe (174): SIGSEGV, segmentation fault occurred
Image              PC                Routine            Line        Source             
ESMF_GCompEx       0000000102F46564  for__signal_handl     Unknown  Unknown
libsystem_platfor  00007FFF666F8B5D  _sigtramp             Unknown  Unknown
libmpi.40.dylib    000000010579B2A1  MPI_Comm_rank         Unknown  Unknown
libesmf.dylib      0000000103AEF062  _ZN5ESMCI3VMK4ini     Unknown  Unknown
libesmf.dylib      0000000103ACBDA5  _ZN5ESMCI2VM10ini     Unknown  Unknown
libesmf.dylib      0000000103AF9615  c_esmc_vminitiali     Unknown  Unknown
libesmf.dylib      00000001042E4220  esmf_vmmod_mp_esm     Unknown  Unknown
libesmf.dylib      000000010417D396  esmf_initmod_mp_e     Unknown  Unknown
libesmf.dylib      000000010417FA68  esmf_initmod_mp_e     Unknown  Unknown
ESMF_GCompEx       0000000102F1FC84  MAIN__                Unknown  Unknown
ESMF_GCompEx       0000000102F1F9AE  main                  Unknown  Unknown
forrtl: severe (174): SIGSEGV, segmentation fault occurred
Image              PC                Routine            Line        Source             
ESMF_GCompEx       0000000107F8D564  for__signal_handl     Unknown  Unknown
libsystem_platfor  00007FFF666F8B5D  _sigtramp             Unknown  Unknown
libmpi.40.dylib    000000010837A2A1  MPI_Comm_rank         Unknown  Unknown
libesmf.dylib      000000010A15D062  _ZN5ESMCI3VMK4ini     Unknown  Unknown
libesmf.dylib      000000010A139DA5  _ZN5ESMCI2VM10ini     Unknown  Unknown
libesmf.dylib      000000010A167615  c_esmc_vminitiali     Unknown  Unknown
libesmf.dylib      000000010A952220  esmf_vmmod_mp_esm     Unknown  Unknown
libesmf.dylib      000000010A7EB396  esmf_initmod_mp_e     Unknown  Unknown
libesmf.dylib      000000010A7EDA68  esmf_initmod_mp_e     Unknown  Unknown
ESMF_GCompEx       0000000107F66C84  MAIN__                Unknown  Unknown
ESMF_GCompEx       0000000107F669AE  main                  Unknown  Unknown
forrtl: severe (174): SIGSEGV, segmentation fault occurred
Image              PC                Routine            Line        Source             
ESMF_GCompEx       000000010C52E564  for__signal_handl     Unknown  Unknown
libsystem_platfor  00007FFF666F8B5D  _sigtramp             Unknown  Unknown
libmpi.40.dylib    000000010ED822A1  MPI_Comm_rank         Unknown  Unknown
libesmf.dylib      000000010D0D5062  _ZN5ESMCI3VMK4ini     Unknown  Unknown
libesmf.dylib      000000010D0B1DA5  _ZN5ESMCI2VM10ini     Unknown  Unknown
libesmf.dylib      000000010D0DF615  c_esmc_vminitiali     Unknown  Unknown
libesmf.dylib      000000010D8CA220  esmf_vmmod_mp_esm     Unknown  Unknown
libesmf.dylib      000000010D763396  esmf_initmod_mp_e     Unknown  Unknown
libesmf.dylib      000000010D765A68  esmf_initmod_mp_e     Unknown  Unknown
ESMF_GCompEx       000000010C507C84  MAIN__                Unknown  Unknown
ESMF_GCompEx       000000010C5079AE  main                  Unknown  Unknown
