build time -- 2021-10-07 04:09:13.211534
 Somewhat of a SILLY @$^@_ label
 finalCalculation               
 dummy output from attached method 
 Somewhat of a SILLY @$^@_ label
 finalCalculation               
 dummy output from attached method 
 Somewhat of a SILLY @$^@_ label
 finalCalculation               
 dummy output from attached method 
 Somewhat of a SILLY @$^@_ label
 finalCalculation               
 dummy output from attached method 
  PASS  Example ESMF_AttachMethodsEx, ESMF_AttachMethodsEx.F90, line 292
  PASS  Example ESMF_AttachMethodsEx, ESMF_AttachMethodsEx.F90, line 292
  PASS  Example ESMF_AttachMethodsEx, ESMF_AttachMethodsEx.F90, line 292
  PASS  Example ESMF_AttachMethodsEx, ESMF_AttachMethodsEx.F90, line 292
 PASS: ESMF_AttachMethodsEx.F90
 PASS: ESMF_AttachMethodsEx.F90
 PASS: ESMF_AttachMethodsEx.F90
 PASS: ESMF_AttachMethodsEx.F90
