build time -- 2021-10-26 20:38:27
20211026 205814.536 INFO             PET0 !!!!!!!!!!!!!!!!!!!!!!!!!!!!!!!!!!!!!!!!!!!!!!!!!!!!!!
20211026 205814.537 INFO             PET0 !!! THE ESMF_LOG IS SET TO OUTPUT ALL LOG MESSAGES !!!
20211026 205814.537 INFO             PET0 !!!     THIS MAY CAUSE SLOWDOWN IN PERFORMANCE     !!!
20211026 205814.537 INFO             PET0 !!! FOR PRODUCTION RUNS, USE:                      !!!
20211026 205814.537 INFO             PET0 !!!                   ESMF_LOGKIND_Multi_On_Error  !!!
20211026 205814.537 INFO             PET0 !!!!!!!!!!!!!!!!!!!!!!!!!!!!!!!!!!!!!!!!!!!!!!!!!!!!!!
20211026 205814.537 INFO             PET0 Running with ESMF Version   : ESMF_8_2_0
20211026 205814.537 INFO             PET0 ESMF library build date/time: "Oct 26 2021" "20:37:07"
20211026 205814.537 INFO             PET0 ESMF library build location : /Volumes/esmf/rocky/esmf-testing/gfortran_9.3.0_openmpi_g_main
20211026 205814.537 INFO             PET0 ESMF_COMM                   : openmpi
20211026 205814.537 INFO             PET0 ESMF_MOAB                   : enabled
20211026 205814.537 INFO             PET0 ESMF_LAPACK                 : enabled
20211026 205814.537 INFO             PET0 ESMF_NETCDF                 : enabled
20211026 205814.537 INFO             PET0 ESMF_PNETCDF                : disabled
20211026 205814.537 INFO             PET0 ESMF_PIO                    : enabled
20211026 205814.537 INFO             PET0 ESMF_YAMLCPP                : enabled
20211026 205814.620 DEBUG            PET0 about to destroy Grid: 0x7f9971039400
20211026 205814.634 DEBUG            PET0 about to destroy Grid: 0x7f997103a000
20211026 205814.658 INFO             PET0  NUMBER_OF_PROCESSORS           4
20211026 205814.658 INFO             PET0  PASS  Example ESMF_NUOPCAtmModelEx, ESMF_NUOPCAtmModelEx.F90, line 806
20211026 205814.658 INFO             PET0 Finalizing ESMF
20211026 205814.537 INFO             PET1 !!!!!!!!!!!!!!!!!!!!!!!!!!!!!!!!!!!!!!!!!!!!!!!!!!!!!!
20211026 205814.537 INFO             PET1 !!! THE ESMF_LOG IS SET TO OUTPUT ALL LOG MESSAGES !!!
20211026 205814.537 INFO             PET1 !!!     THIS MAY CAUSE SLOWDOWN IN PERFORMANCE     !!!
20211026 205814.537 INFO             PET1 !!! FOR PRODUCTION RUNS, USE:                      !!!
20211026 205814.537 INFO             PET1 !!!                   ESMF_LOGKIND_Multi_On_Error  !!!
20211026 205814.537 INFO             PET1 !!!!!!!!!!!!!!!!!!!!!!!!!!!!!!!!!!!!!!!!!!!!!!!!!!!!!!
20211026 205814.537 INFO             PET1 Running with ESMF Version   : ESMF_8_2_0
20211026 205814.537 INFO             PET1 ESMF library build date/time: "Oct 26 2021" "20:37:07"
20211026 205814.537 INFO             PET1 ESMF library build location : /Volumes/esmf/rocky/esmf-testing/gfortran_9.3.0_openmpi_g_main
20211026 205814.537 INFO             PET1 ESMF_COMM                   : openmpi
20211026 205814.537 INFO             PET1 ESMF_MOAB                   : enabled
20211026 205814.537 INFO             PET1 ESMF_LAPACK                 : enabled
20211026 205814.537 INFO             PET1 ESMF_NETCDF                 : enabled
20211026 205814.537 INFO             PET1 ESMF_PNETCDF                : disabled
20211026 205814.537 INFO             PET1 ESMF_PIO                    : enabled
20211026 205814.537 INFO             PET1 ESMF_YAMLCPP                : enabled
20211026 205814.620 DEBUG            PET1 about to destroy Grid: 0x7fb20f859400
20211026 205814.634 DEBUG            PET1 about to destroy Grid: 0x7fb20f85a000
20211026 205814.658 INFO             PET1  NUMBER_OF_PROCESSORS           4
20211026 205814.658 INFO             PET1  PASS  Example ESMF_NUOPCAtmModelEx, ESMF_NUOPCAtmModelEx.F90, line 806
20211026 205814.658 INFO             PET1 Finalizing ESMF
20211026 205814.537 INFO             PET2 !!!!!!!!!!!!!!!!!!!!!!!!!!!!!!!!!!!!!!!!!!!!!!!!!!!!!!
20211026 205814.537 INFO             PET2 !!! THE ESMF_LOG IS SET TO OUTPUT ALL LOG MESSAGES !!!
20211026 205814.537 INFO             PET2 !!!     THIS MAY CAUSE SLOWDOWN IN PERFORMANCE     !!!
20211026 205814.537 INFO             PET2 !!! FOR PRODUCTION RUNS, USE:                      !!!
20211026 205814.537 INFO             PET2 !!!                   ESMF_LOGKIND_Multi_On_Error  !!!
20211026 205814.537 INFO             PET2 !!!!!!!!!!!!!!!!!!!!!!!!!!!!!!!!!!!!!!!!!!!!!!!!!!!!!!
20211026 205814.537 INFO             PET2 Running with ESMF Version   : ESMF_8_2_0
20211026 205814.537 INFO             PET2 ESMF library build date/time: "Oct 26 2021" "20:37:07"
20211026 205814.537 INFO             PET2 ESMF library build location : /Volumes/esmf/rocky/esmf-testing/gfortran_9.3.0_openmpi_g_main
20211026 205814.537 INFO             PET2 ESMF_COMM                   : openmpi
20211026 205814.537 INFO             PET2 ESMF_MOAB                   : enabled
20211026 205814.537 INFO             PET2 ESMF_LAPACK                 : enabled
20211026 205814.537 INFO             PET2 ESMF_NETCDF                 : enabled
20211026 205814.537 INFO             PET2 ESMF_PNETCDF                : disabled
20211026 205814.537 INFO             PET2 ESMF_PIO                    : enabled
20211026 205814.537 INFO             PET2 ESMF_YAMLCPP                : enabled
20211026 205814.620 DEBUG            PET2 about to destroy Grid: 0x7febdf030a00
20211026 205814.634 DEBUG            PET2 about to destroy Grid: 0x7febdf031600
20211026 205814.658 INFO             PET2  NUMBER_OF_PROCESSORS           4
20211026 205814.658 INFO             PET2  PASS  Example ESMF_NUOPCAtmModelEx, ESMF_NUOPCAtmModelEx.F90, line 806
20211026 205814.658 INFO             PET2 Finalizing ESMF
20211026 205814.537 INFO             PET3 !!!!!!!!!!!!!!!!!!!!!!!!!!!!!!!!!!!!!!!!!!!!!!!!!!!!!!
20211026 205814.537 INFO             PET3 !!! THE ESMF_LOG IS SET TO OUTPUT ALL LOG MESSAGES !!!
20211026 205814.537 INFO             PET3 !!!     THIS MAY CAUSE SLOWDOWN IN PERFORMANCE     !!!
20211026 205814.537 INFO             PET3 !!! FOR PRODUCTION RUNS, USE:                      !!!
20211026 205814.537 INFO             PET3 !!!                   ESMF_LOGKIND_Multi_On_Error  !!!
20211026 205814.537 INFO             PET3 !!!!!!!!!!!!!!!!!!!!!!!!!!!!!!!!!!!!!!!!!!!!!!!!!!!!!!
20211026 205814.537 INFO             PET3 Running with ESMF Version   : ESMF_8_2_0
20211026 205814.537 INFO             PET3 ESMF library build date/time: "Oct 26 2021" "20:37:07"
20211026 205814.537 INFO             PET3 ESMF library build location : /Volumes/esmf/rocky/esmf-testing/gfortran_9.3.0_openmpi_g_main
20211026 205814.537 INFO             PET3 ESMF_COMM                   : openmpi
20211026 205814.537 INFO             PET3 ESMF_MOAB                   : enabled
20211026 205814.537 INFO             PET3 ESMF_LAPACK                 : enabled
20211026 205814.537 INFO             PET3 ESMF_NETCDF                 : enabled
20211026 205814.537 INFO             PET3 ESMF_PNETCDF                : disabled
20211026 205814.537 INFO             PET3 ESMF_PIO                    : enabled
20211026 205814.537 INFO             PET3 ESMF_YAMLCPP                : enabled
20211026 205814.620 DEBUG            PET3 about to destroy Grid: 0x7fd1de82de00
20211026 205814.634 DEBUG            PET3 about to destroy Grid: 0x7fd1de824c00
20211026 205814.658 INFO             PET3  NUMBER_OF_PROCESSORS           4
20211026 205814.658 INFO             PET3  PASS  Example ESMF_NUOPCAtmModelEx, ESMF_NUOPCAtmModelEx.F90, line 806
20211026 205814.658 INFO             PET3 Finalizing ESMF
