build time -- 2021-10-15 09:12:18
20211015 094119.542 INFO             PET0 !!!!!!!!!!!!!!!!!!!!!!!!!!!!!!!!!!!!!!!!!!!!!!!!!!!!!!
20211015 094119.542 INFO             PET0 !!! THE ESMF_LOG IS SET TO OUTPUT ALL LOG MESSAGES !!!
20211015 094119.542 INFO             PET0 !!!     THIS MAY CAUSE SLOWDOWN IN PERFORMANCE     !!!
20211015 094119.542 INFO             PET0 !!! FOR PRODUCTION RUNS, USE:                      !!!
20211015 094119.542 INFO             PET0 !!!                   ESMF_LOGKIND_Multi_On_Error  !!!
20211015 094119.542 INFO             PET0 !!!!!!!!!!!!!!!!!!!!!!!!!!!!!!!!!!!!!!!!!!!!!!!!!!!!!!
20211015 094119.542 INFO             PET0 Running with ESMF Version   : ESMF_8_2_0_beta_snapshot_22-10-g6974ca47a6
20211015 094119.542 INFO             PET0 ESMF library build date/time: "Oct 15 2021" "09:11:13"
20211015 094119.542 INFO             PET0 ESMF library build location : /scratch1/NCEPDEV/stmp2/Mark.Potts/gfortran_9.2.0_openmpi_O_release_8.2.0
20211015 094119.542 INFO             PET0 ESMF_COMM                   : openmpi
20211015 094119.543 INFO             PET0 ESMF_MOAB                   : enabled
20211015 094119.543 INFO             PET0 ESMF_LAPACK                 : enabled
20211015 094119.543 INFO             PET0 ESMF_NETCDF                 : enabled
20211015 094119.543 INFO             PET0 ESMF_PNETCDF                : disabled
20211015 094119.543 INFO             PET0 ESMF_PIO                    : enabled
20211015 094119.543 INFO             PET0 ESMF_YAMLCPP                : enabled
20211015 094119.543 INFO             PET0  NUMBER_OF_PROCESSORS           1
20211015 094119.543 INFO             PET0  PASS  Example CalendarEx, ESMF_CalendarEx.F90, line 217
20211015 094119.543 INFO             PET0 Finalizing ESMF
