build time -- 2021-10-11 06:21:23
20211011 065341.788 INFO             PET0 !!!!!!!!!!!!!!!!!!!!!!!!!!!!!!!!!!!!!!!!!!!!!!!!!!!!!!
20211011 065341.788 INFO             PET0 !!! THE ESMF_LOG IS SET TO OUTPUT ALL LOG MESSAGES !!!
20211011 065341.788 INFO             PET0 !!!     THIS MAY CAUSE SLOWDOWN IN PERFORMANCE     !!!
20211011 065341.788 INFO             PET0 !!! FOR PRODUCTION RUNS, USE:                      !!!
20211011 065341.788 INFO             PET0 !!!                   ESMF_LOGKIND_Multi_On_Error  !!!
20211011 065341.788 INFO             PET0 !!!!!!!!!!!!!!!!!!!!!!!!!!!!!!!!!!!!!!!!!!!!!!!!!!!!!!
20211011 065341.788 INFO             PET0 Running with ESMF Version   : ESMF_8_2_0_beta_snapshot_21-1-g86aff4e5a1
20211011 065341.788 INFO             PET0 ESMF library build date/time: "Oct 11 2021" "06:20:18"
20211011 065341.788 INFO             PET0 ESMF library build location : /scratch1/NCEPDEV/stmp2/Mark.Potts/gfortran_9.2.0_openmpi_O_release_8.2.0
20211011 065341.788 INFO             PET0 ESMF_COMM                   : openmpi
20211011 065341.788 INFO             PET0 ESMF_MOAB                   : enabled
20211011 065341.788 INFO             PET0 ESMF_LAPACK                 : enabled
20211011 065341.788 INFO             PET0 ESMF_NETCDF                 : enabled
20211011 065341.788 INFO             PET0 ESMF_PNETCDF                : disabled
20211011 065341.788 INFO             PET0 ESMF_PIO                    : enabled
20211011 065341.788 INFO             PET0 ESMF_YAMLCPP                : enabled
20211011 065341.823 DEBUG            PET0 about to destroy Grid: 0xd9f410
20211011 065341.827 DEBUG            PET0 about to destroy Grid: 0xda0ca0
20211011 065341.836 INFO             PET0  NUMBER_OF_PROCESSORS           4
20211011 065341.836 INFO             PET0  PASS  Example ESMF_NUOPCAtmModelEx, ESMF_NUOPCAtmModelEx.F90, line 806
20211011 065341.836 INFO             PET0 Finalizing ESMF
20211011 065341.788 INFO             PET1 !!!!!!!!!!!!!!!!!!!!!!!!!!!!!!!!!!!!!!!!!!!!!!!!!!!!!!
20211011 065341.788 INFO             PET1 !!! THE ESMF_LOG IS SET TO OUTPUT ALL LOG MESSAGES !!!
20211011 065341.788 INFO             PET1 !!!     THIS MAY CAUSE SLOWDOWN IN PERFORMANCE     !!!
20211011 065341.788 INFO             PET1 !!! FOR PRODUCTION RUNS, USE:                      !!!
20211011 065341.788 INFO             PET1 !!!                   ESMF_LOGKIND_Multi_On_Error  !!!
20211011 065341.788 INFO             PET1 !!!!!!!!!!!!!!!!!!!!!!!!!!!!!!!!!!!!!!!!!!!!!!!!!!!!!!
20211011 065341.788 INFO             PET1 Running with ESMF Version   : ESMF_8_2_0_beta_snapshot_21-1-g86aff4e5a1
20211011 065341.788 INFO             PET1 ESMF library build date/time: "Oct 11 2021" "06:20:18"
20211011 065341.788 INFO             PET1 ESMF library build location : /scratch1/NCEPDEV/stmp2/Mark.Potts/gfortran_9.2.0_openmpi_O_release_8.2.0
20211011 065341.788 INFO             PET1 ESMF_COMM                   : openmpi
20211011 065341.789 INFO             PET1 ESMF_MOAB                   : enabled
20211011 065341.789 INFO             PET1 ESMF_LAPACK                 : enabled
20211011 065341.789 INFO             PET1 ESMF_NETCDF                 : enabled
20211011 065341.789 INFO             PET1 ESMF_PNETCDF                : disabled
20211011 065341.789 INFO             PET1 ESMF_PIO                    : enabled
20211011 065341.789 INFO             PET1 ESMF_YAMLCPP                : enabled
20211011 065341.823 DEBUG            PET1 about to destroy Grid: 0x299de50
20211011 065341.827 DEBUG            PET1 about to destroy Grid: 0x299eca0
20211011 065341.836 INFO             PET1  NUMBER_OF_PROCESSORS           4
20211011 065341.836 INFO             PET1  PASS  Example ESMF_NUOPCAtmModelEx, ESMF_NUOPCAtmModelEx.F90, line 806
20211011 065341.836 INFO             PET1 Finalizing ESMF
20211011 065341.787 INFO             PET2 !!!!!!!!!!!!!!!!!!!!!!!!!!!!!!!!!!!!!!!!!!!!!!!!!!!!!!
20211011 065341.787 INFO             PET2 !!! THE ESMF_LOG IS SET TO OUTPUT ALL LOG MESSAGES !!!
20211011 065341.787 INFO             PET2 !!!     THIS MAY CAUSE SLOWDOWN IN PERFORMANCE     !!!
20211011 065341.787 INFO             PET2 !!! FOR PRODUCTION RUNS, USE:                      !!!
20211011 065341.787 INFO             PET2 !!!                   ESMF_LOGKIND_Multi_On_Error  !!!
20211011 065341.787 INFO             PET2 !!!!!!!!!!!!!!!!!!!!!!!!!!!!!!!!!!!!!!!!!!!!!!!!!!!!!!
20211011 065341.787 INFO             PET2 Running with ESMF Version   : ESMF_8_2_0_beta_snapshot_21-1-g86aff4e5a1
20211011 065341.787 INFO             PET2 ESMF library build date/time: "Oct 11 2021" "06:20:18"
20211011 065341.787 INFO             PET2 ESMF library build location : /scratch1/NCEPDEV/stmp2/Mark.Potts/gfortran_9.2.0_openmpi_O_release_8.2.0
20211011 065341.787 INFO             PET2 ESMF_COMM                   : openmpi
20211011 065341.788 INFO             PET2 ESMF_MOAB                   : enabled
20211011 065341.788 INFO             PET2 ESMF_LAPACK                 : enabled
20211011 065341.788 INFO             PET2 ESMF_NETCDF                 : enabled
20211011 065341.788 INFO             PET2 ESMF_PNETCDF                : disabled
20211011 065341.788 INFO             PET2 ESMF_PIO                    : enabled
20211011 065341.788 INFO             PET2 ESMF_YAMLCPP                : enabled
20211011 065341.823 DEBUG            PET2 about to destroy Grid: 0x212e4c0
20211011 065341.827 DEBUG            PET2 about to destroy Grid: 0x212f780
20211011 065341.836 INFO             PET2  NUMBER_OF_PROCESSORS           4
20211011 065341.836 INFO             PET2  PASS  Example ESMF_NUOPCAtmModelEx, ESMF_NUOPCAtmModelEx.F90, line 806
20211011 065341.836 INFO             PET2 Finalizing ESMF
20211011 065341.788 INFO             PET3 !!!!!!!!!!!!!!!!!!!!!!!!!!!!!!!!!!!!!!!!!!!!!!!!!!!!!!
20211011 065341.788 INFO             PET3 !!! THE ESMF_LOG IS SET TO OUTPUT ALL LOG MESSAGES !!!
20211011 065341.788 INFO             PET3 !!!     THIS MAY CAUSE SLOWDOWN IN PERFORMANCE     !!!
20211011 065341.788 INFO             PET3 !!! FOR PRODUCTION RUNS, USE:                      !!!
20211011 065341.788 INFO             PET3 !!!                   ESMF_LOGKIND_Multi_On_Error  !!!
20211011 065341.788 INFO             PET3 !!!!!!!!!!!!!!!!!!!!!!!!!!!!!!!!!!!!!!!!!!!!!!!!!!!!!!
20211011 065341.788 INFO             PET3 Running with ESMF Version   : ESMF_8_2_0_beta_snapshot_21-1-g86aff4e5a1
20211011 065341.788 INFO             PET3 ESMF library build date/time: "Oct 11 2021" "06:20:18"
20211011 065341.788 INFO             PET3 ESMF library build location : /scratch1/NCEPDEV/stmp2/Mark.Potts/gfortran_9.2.0_openmpi_O_release_8.2.0
20211011 065341.788 INFO             PET3 ESMF_COMM                   : openmpi
20211011 065341.788 INFO             PET3 ESMF_MOAB                   : enabled
20211011 065341.788 INFO             PET3 ESMF_LAPACK                 : enabled
20211011 065341.788 INFO             PET3 ESMF_NETCDF                 : enabled
20211011 065341.788 INFO             PET3 ESMF_PNETCDF                : disabled
20211011 065341.788 INFO             PET3 ESMF_PIO                    : enabled
20211011 065341.788 INFO             PET3 ESMF_YAMLCPP                : enabled
20211011 065341.823 DEBUG            PET3 about to destroy Grid: 0x9f85f0
20211011 065341.827 DEBUG            PET3 about to destroy Grid: 0x9f9e70
20211011 065341.836 INFO             PET3  NUMBER_OF_PROCESSORS           4
20211011 065341.836 INFO             PET3  PASS  Example ESMF_NUOPCAtmModelEx, ESMF_NUOPCAtmModelEx.F90, line 806
20211011 065341.836 INFO             PET3 Finalizing ESMF
