build time -- 2021-10-10 06:13:19
20211010 064304.462 INFO             PET0 !!!!!!!!!!!!!!!!!!!!!!!!!!!!!!!!!!!!!!!!!!!!!!!!!!!!!!
20211010 064304.462 INFO             PET0 !!! THE ESMF_LOG IS SET TO OUTPUT ALL LOG MESSAGES !!!
20211010 064304.462 INFO             PET0 !!!     THIS MAY CAUSE SLOWDOWN IN PERFORMANCE     !!!
20211010 064304.462 INFO             PET0 !!! FOR PRODUCTION RUNS, USE:                      !!!
20211010 064304.462 INFO             PET0 !!!                   ESMF_LOGKIND_Multi_On_Error  !!!
20211010 064304.462 INFO             PET0 !!!!!!!!!!!!!!!!!!!!!!!!!!!!!!!!!!!!!!!!!!!!!!!!!!!!!!
20211010 064304.462 INFO             PET0 Running with ESMF Version   : ESMF_8_2_0_beta_snapshot_21-1-g86aff4e5a1
20211010 064304.462 INFO             PET0 ESMF library build date/time: "Oct 10 2021" "06:11:39"
20211010 064304.462 INFO             PET0 ESMF library build location : /scratch1/NCEPDEV/stmp2/Mark.Potts/intel_18.0.4_mpiuni_g_release_8.2.0
20211010 064304.462 INFO             PET0 ESMF_COMM                   : mpiuni
20211010 064304.463 INFO             PET0 ESMF_MOAB                   : enabled
20211010 064304.463 INFO             PET0 ESMF_LAPACK                 : enabled
20211010 064304.463 INFO             PET0 ESMF_NETCDF                 : enabled
20211010 064304.463 INFO             PET0 ESMF_PNETCDF                : disabled
20211010 064304.463 INFO             PET0 ESMF_PIO                    : disabled
20211010 064304.463 INFO             PET0 ESMF_YAMLCPP                : enabled
20211010 064304.464 INFO             PET0  NUMBER_OF_PROCESSORS           1
20211010 064304.465 INFO             PET0  PASS  Example ESMF_InfoGetFromHostEx, ESMF_InfoGetFromHostEx.F90, line 112
20211010 064304.465 INFO             PET0 Finalizing ESMF
