build time -- 2021-10-06 06:33:21
20211006 071012.741 INFO             PET0 !!!!!!!!!!!!!!!!!!!!!!!!!!!!!!!!!!!!!!!!!!!!!!!!!!!!!!
20211006 071012.741 INFO             PET0 !!! THE ESMF_LOG IS SET TO OUTPUT ALL LOG MESSAGES !!!
20211006 071012.741 INFO             PET0 !!!     THIS MAY CAUSE SLOWDOWN IN PERFORMANCE     !!!
20211006 071012.741 INFO             PET0 !!! FOR PRODUCTION RUNS, USE:                      !!!
20211006 071012.741 INFO             PET0 !!!                   ESMF_LOGKIND_Multi_On_Error  !!!
20211006 071012.741 INFO             PET0 !!!!!!!!!!!!!!!!!!!!!!!!!!!!!!!!!!!!!!!!!!!!!!!!!!!!!!
20211006 071012.741 INFO             PET0 Running with ESMF Version   : ESMF_8_2_0_beta_snapshot_21
20211006 071012.741 INFO             PET0 ESMF library build date/time: "Oct  6 2021" "06:31:45"
20211006 071012.741 INFO             PET0 ESMF library build location : /scratch1/NCEPDEV/stmp2/Mark.Potts/intel_18.0.4_mpiuni_g_release_8.2.0
20211006 071012.741 INFO             PET0 ESMF_COMM                   : mpiuni
20211006 071012.742 INFO             PET0 ESMF_MOAB                   : enabled
20211006 071012.742 INFO             PET0 ESMF_LAPACK                 : enabled
20211006 071012.742 INFO             PET0 ESMF_NETCDF                 : enabled
20211006 071012.742 INFO             PET0 ESMF_PNETCDF                : disabled
20211006 071012.742 INFO             PET0 ESMF_PIO                    : disabled
20211006 071012.742 INFO             PET0 ESMF_YAMLCPP                : enabled
20211006 071012.745 INFO             PET0  NUMBER_OF_PROCESSORS           1
20211006 071012.745 INFO             PET0  PASS  Example ESMF_ConfigOverviewEx, ESMF_ConfigOverviewEx.F90, line 415
20211006 071012.745 INFO             PET0 Finalizing ESMF
