build time -- 2021-10-23 02:29:57
20211023 024747.181 INFO             PET0 !!!!!!!!!!!!!!!!!!!!!!!!!!!!!!!!!!!!!!!!!!!!!!!!!!!!!!
20211023 024747.181 INFO             PET0 !!! THE ESMF_LOG IS SET TO OUTPUT ALL LOG MESSAGES !!!
20211023 024747.181 INFO             PET0 !!!     THIS MAY CAUSE SLOWDOWN IN PERFORMANCE     !!!
20211023 024747.181 INFO             PET0 !!! FOR PRODUCTION RUNS, USE:                      !!!
20211023 024747.181 INFO             PET0 !!!                   ESMF_LOGKIND_Multi_On_Error  !!!
20211023 024747.181 INFO             PET0 !!!!!!!!!!!!!!!!!!!!!!!!!!!!!!!!!!!!!!!!!!!!!!!!!!!!!!
20211023 024747.181 INFO             PET0 Running with ESMF Version   : ESMF_8_2_0_beta_snapshot_23
20211023 024747.181 INFO             PET0 ESMF library build date/time: "Oct 23 2021" "02:28:53"
20211023 024747.181 INFO             PET0 ESMF library build location : /work/noaa/da/mpotts/sandbox/gfortran_8.3.0_openmpi_O_release_8.2.0
20211023 024747.181 INFO             PET0 ESMF_COMM                   : openmpi
20211023 024747.181 INFO             PET0 ESMF_MOAB                   : enabled
20211023 024747.181 INFO             PET0 ESMF_LAPACK                 : enabled
20211023 024747.181 INFO             PET0 ESMF_NETCDF                 : enabled
20211023 024747.181 INFO             PET0 ESMF_PNETCDF                : disabled
20211023 024747.181 INFO             PET0 ESMF_PIO                    : enabled
20211023 024747.181 INFO             PET0 ESMF_YAMLCPP                : enabled
20211023 024747.182 INFO             PET0  NUMBER_OF_PROCESSORS           4
20211023 024747.182 INFO             PET0  PASS  Example ESMF_VMUserMpiCommMultiEx, ESMF_VMUserMpiCommMultiEx.F90, line 126
20211023 024747.182 INFO             PET0 Finalizing ESMF
20211023 024747.180 INFO             PET0 !!!!!!!!!!!!!!!!!!!!!!!!!!!!!!!!!!!!!!!!!!!!!!!!!!!!!!
20211023 024747.180 INFO             PET0 !!! THE ESMF_LOG IS SET TO OUTPUT ALL LOG MESSAGES !!!
20211023 024747.180 INFO             PET0 !!!     THIS MAY CAUSE SLOWDOWN IN PERFORMANCE     !!!
20211023 024747.180 INFO             PET0 !!! FOR PRODUCTION RUNS, USE:                      !!!
20211023 024747.180 INFO             PET0 !!!                   ESMF_LOGKIND_Multi_On_Error  !!!
20211023 024747.180 INFO             PET0 !!!!!!!!!!!!!!!!!!!!!!!!!!!!!!!!!!!!!!!!!!!!!!!!!!!!!!
20211023 024747.180 INFO             PET0 Running with ESMF Version   : ESMF_8_2_0_beta_snapshot_23
20211023 024747.180 INFO             PET0 ESMF library build date/time: "Oct 23 2021" "02:28:53"
20211023 024747.180 INFO             PET0 ESMF library build location : /work/noaa/da/mpotts/sandbox/gfortran_8.3.0_openmpi_O_release_8.2.0
20211023 024747.180 INFO             PET0 ESMF_COMM                   : openmpi
20211023 024747.180 INFO             PET0 ESMF_MOAB                   : enabled
20211023 024747.180 INFO             PET0 ESMF_LAPACK                 : enabled
20211023 024747.180 INFO             PET0 ESMF_NETCDF                 : enabled
20211023 024747.180 INFO             PET0 ESMF_PNETCDF                : disabled
20211023 024747.180 INFO             PET0 ESMF_PIO                    : enabled
20211023 024747.180 INFO             PET0 ESMF_YAMLCPP                : enabled
20211023 024747.181 INFO             PET0  NUMBER_OF_PROCESSORS           4
20211023 024747.181 INFO             PET0  PASS  Example ESMF_VMUserMpiCommMultiEx, ESMF_VMUserMpiCommMultiEx.F90, line 154
20211023 024747.181 INFO             PET0 Finalizing ESMF
20211023 024747.181 INFO             PET1 !!!!!!!!!!!!!!!!!!!!!!!!!!!!!!!!!!!!!!!!!!!!!!!!!!!!!!
20211023 024747.181 INFO             PET1 !!! THE ESMF_LOG IS SET TO OUTPUT ALL LOG MESSAGES !!!
20211023 024747.181 INFO             PET1 !!!     THIS MAY CAUSE SLOWDOWN IN PERFORMANCE     !!!
20211023 024747.181 INFO             PET1 !!! FOR PRODUCTION RUNS, USE:                      !!!
20211023 024747.181 INFO             PET1 !!!                   ESMF_LOGKIND_Multi_On_Error  !!!
20211023 024747.181 INFO             PET1 !!!!!!!!!!!!!!!!!!!!!!!!!!!!!!!!!!!!!!!!!!!!!!!!!!!!!!
20211023 024747.181 INFO             PET1 Running with ESMF Version   : ESMF_8_2_0_beta_snapshot_23
20211023 024747.181 INFO             PET1 ESMF library build date/time: "Oct 23 2021" "02:28:53"
20211023 024747.181 INFO             PET1 ESMF library build location : /work/noaa/da/mpotts/sandbox/gfortran_8.3.0_openmpi_O_release_8.2.0
20211023 024747.181 INFO             PET1 ESMF_COMM                   : openmpi
20211023 024747.181 INFO             PET1 ESMF_MOAB                   : enabled
20211023 024747.181 INFO             PET1 ESMF_LAPACK                 : enabled
20211023 024747.181 INFO             PET1 ESMF_NETCDF                 : enabled
20211023 024747.181 INFO             PET1 ESMF_PNETCDF                : disabled
20211023 024747.181 INFO             PET1 ESMF_PIO                    : enabled
20211023 024747.181 INFO             PET1 ESMF_YAMLCPP                : enabled
20211023 024747.182 INFO             PET1  NUMBER_OF_PROCESSORS           4
20211023 024747.182 INFO             PET1  PASS  Example ESMF_VMUserMpiCommMultiEx, ESMF_VMUserMpiCommMultiEx.F90, line 126
20211023 024747.182 INFO             PET1 Finalizing ESMF
20211023 024747.180 INFO             PET1 !!!!!!!!!!!!!!!!!!!!!!!!!!!!!!!!!!!!!!!!!!!!!!!!!!!!!!
20211023 024747.180 INFO             PET1 !!! THE ESMF_LOG IS SET TO OUTPUT ALL LOG MESSAGES !!!
20211023 024747.180 INFO             PET1 !!!     THIS MAY CAUSE SLOWDOWN IN PERFORMANCE     !!!
20211023 024747.180 INFO             PET1 !!! FOR PRODUCTION RUNS, USE:                      !!!
20211023 024747.180 INFO             PET1 !!!                   ESMF_LOGKIND_Multi_On_Error  !!!
20211023 024747.180 INFO             PET1 !!!!!!!!!!!!!!!!!!!!!!!!!!!!!!!!!!!!!!!!!!!!!!!!!!!!!!
20211023 024747.180 INFO             PET1 Running with ESMF Version   : ESMF_8_2_0_beta_snapshot_23
20211023 024747.180 INFO             PET1 ESMF library build date/time: "Oct 23 2021" "02:28:53"
20211023 024747.180 INFO             PET1 ESMF library build location : /work/noaa/da/mpotts/sandbox/gfortran_8.3.0_openmpi_O_release_8.2.0
20211023 024747.180 INFO             PET1 ESMF_COMM                   : openmpi
20211023 024747.181 INFO             PET1 ESMF_MOAB                   : enabled
20211023 024747.181 INFO             PET1 ESMF_LAPACK                 : enabled
20211023 024747.181 INFO             PET1 ESMF_NETCDF                 : enabled
20211023 024747.181 INFO             PET1 ESMF_PNETCDF                : disabled
20211023 024747.181 INFO             PET1 ESMF_PIO                    : enabled
20211023 024747.181 INFO             PET1 ESMF_YAMLCPP                : enabled
20211023 024747.181 INFO             PET1  NUMBER_OF_PROCESSORS           4
20211023 024747.181 INFO             PET1  PASS  Example ESMF_VMUserMpiCommMultiEx, ESMF_VMUserMpiCommMultiEx.F90, line 154
20211023 024747.181 INFO             PET1 Finalizing ESMF
