build time -- 2022-01-29 23:38:30
20220130 001251.409 INFO             PET0 !!!!!!!!!!!!!!!!!!!!!!!!!!!!!!!!!!!!!!!!!!!!!!!!!!!!!!
20220130 001251.409 INFO             PET0 !!! THE ESMF_LOG IS SET TO OUTPUT ALL LOG MESSAGES !!!
20220130 001251.409 INFO             PET0 !!!     THIS MAY CAUSE SLOWDOWN IN PERFORMANCE     !!!
20220130 001251.409 INFO             PET0 !!! FOR PRODUCTION RUNS, USE:                      !!!
20220130 001251.409 INFO             PET0 !!!                   ESMF_LOGKIND_Multi_On_Error  !!!
20220130 001251.409 INFO             PET0 !!!!!!!!!!!!!!!!!!!!!!!!!!!!!!!!!!!!!!!!!!!!!!!!!!!!!!
20220130 001251.409 INFO             PET0 Running with ESMF Version   : 8.3.0 beta snapshot
20220130 001251.409 INFO             PET0 ESMF library build date/time: "Jan 29 2022" "23:36:51"
20220130 001251.409 INFO             PET0 ESMF library build location : /lustre/f2/dev/ncep/Mark.Potts/intel_2019.5_mpi_O_develop
20220130 001251.409 INFO             PET0 ESMF_COMM                   : mpi
20220130 001251.410 INFO             PET0 ESMF_MOAB                   : enabled
20220130 001251.410 INFO             PET0 ESMF_LAPACK                 : enabled
20220130 001251.410 INFO             PET0 ESMF_NETCDF                 : enabled
20220130 001251.410 INFO             PET0 ESMF_PNETCDF                : disabled
20220130 001251.410 INFO             PET0 ESMF_PIO                    : enabled
20220130 001251.410 INFO             PET0 ESMF_YAMLCPP                : enabled
20220130 001251.542 INFO             PET0  NUMBER_OF_PROCESSORS           4
20220130 001251.542 INFO             PET0  PASS  Example ESMF_XGridEx, ESMF_XGridEx.F90, line 525
20220130 001251.542 INFO             PET0 Finalizing ESMF
20220130 001251.416 INFO             PET1 !!!!!!!!!!!!!!!!!!!!!!!!!!!!!!!!!!!!!!!!!!!!!!!!!!!!!!
20220130 001251.416 INFO             PET1 !!! THE ESMF_LOG IS SET TO OUTPUT ALL LOG MESSAGES !!!
20220130 001251.416 INFO             PET1 !!!     THIS MAY CAUSE SLOWDOWN IN PERFORMANCE     !!!
20220130 001251.416 INFO             PET1 !!! FOR PRODUCTION RUNS, USE:                      !!!
20220130 001251.416 INFO             PET1 !!!                   ESMF_LOGKIND_Multi_On_Error  !!!
20220130 001251.416 INFO             PET1 !!!!!!!!!!!!!!!!!!!!!!!!!!!!!!!!!!!!!!!!!!!!!!!!!!!!!!
20220130 001251.416 INFO             PET1 Running with ESMF Version   : 8.3.0 beta snapshot
20220130 001251.416 INFO             PET1 ESMF library build date/time: "Jan 29 2022" "23:36:51"
20220130 001251.416 INFO             PET1 ESMF library build location : /lustre/f2/dev/ncep/Mark.Potts/intel_2019.5_mpi_O_develop
20220130 001251.416 INFO             PET1 ESMF_COMM                   : mpi
20220130 001251.417 INFO             PET1 ESMF_MOAB                   : enabled
20220130 001251.417 INFO             PET1 ESMF_LAPACK                 : enabled
20220130 001251.417 INFO             PET1 ESMF_NETCDF                 : enabled
20220130 001251.417 INFO             PET1 ESMF_PNETCDF                : disabled
20220130 001251.417 INFO             PET1 ESMF_PIO                    : enabled
20220130 001251.417 INFO             PET1 ESMF_YAMLCPP                : enabled
20220130 001251.542 INFO             PET1  NUMBER_OF_PROCESSORS           4
20220130 001251.542 INFO             PET1  PASS  Example ESMF_XGridEx, ESMF_XGridEx.F90, line 525
20220130 001251.542 INFO             PET1 Finalizing ESMF
20220130 001251.416 INFO             PET2 !!!!!!!!!!!!!!!!!!!!!!!!!!!!!!!!!!!!!!!!!!!!!!!!!!!!!!
20220130 001251.416 INFO             PET2 !!! THE ESMF_LOG IS SET TO OUTPUT ALL LOG MESSAGES !!!
20220130 001251.416 INFO             PET2 !!!     THIS MAY CAUSE SLOWDOWN IN PERFORMANCE     !!!
20220130 001251.416 INFO             PET2 !!! FOR PRODUCTION RUNS, USE:                      !!!
20220130 001251.416 INFO             PET2 !!!                   ESMF_LOGKIND_Multi_On_Error  !!!
20220130 001251.416 INFO             PET2 !!!!!!!!!!!!!!!!!!!!!!!!!!!!!!!!!!!!!!!!!!!!!!!!!!!!!!
20220130 001251.416 INFO             PET2 Running with ESMF Version   : 8.3.0 beta snapshot
20220130 001251.416 INFO             PET2 ESMF library build date/time: "Jan 29 2022" "23:36:51"
20220130 001251.416 INFO             PET2 ESMF library build location : /lustre/f2/dev/ncep/Mark.Potts/intel_2019.5_mpi_O_develop
20220130 001251.416 INFO             PET2 ESMF_COMM                   : mpi
20220130 001251.417 INFO             PET2 ESMF_MOAB                   : enabled
20220130 001251.417 INFO             PET2 ESMF_LAPACK                 : enabled
20220130 001251.417 INFO             PET2 ESMF_NETCDF                 : enabled
20220130 001251.417 INFO             PET2 ESMF_PNETCDF                : disabled
20220130 001251.417 INFO             PET2 ESMF_PIO                    : enabled
20220130 001251.417 INFO             PET2 ESMF_YAMLCPP                : enabled
20220130 001251.542 INFO             PET2  NUMBER_OF_PROCESSORS           4
20220130 001251.542 INFO             PET2  PASS  Example ESMF_XGridEx, ESMF_XGridEx.F90, line 525
20220130 001251.542 INFO             PET2 Finalizing ESMF
20220130 001251.421 INFO             PET3 !!!!!!!!!!!!!!!!!!!!!!!!!!!!!!!!!!!!!!!!!!!!!!!!!!!!!!
20220130 001251.421 INFO             PET3 !!! THE ESMF_LOG IS SET TO OUTPUT ALL LOG MESSAGES !!!
20220130 001251.421 INFO             PET3 !!!     THIS MAY CAUSE SLOWDOWN IN PERFORMANCE     !!!
20220130 001251.421 INFO             PET3 !!! FOR PRODUCTION RUNS, USE:                      !!!
20220130 001251.421 INFO             PET3 !!!                   ESMF_LOGKIND_Multi_On_Error  !!!
20220130 001251.421 INFO             PET3 !!!!!!!!!!!!!!!!!!!!!!!!!!!!!!!!!!!!!!!!!!!!!!!!!!!!!!
20220130 001251.421 INFO             PET3 Running with ESMF Version   : 8.3.0 beta snapshot
20220130 001251.421 INFO             PET3 ESMF library build date/time: "Jan 29 2022" "23:36:51"
20220130 001251.421 INFO             PET3 ESMF library build location : /lustre/f2/dev/ncep/Mark.Potts/intel_2019.5_mpi_O_develop
20220130 001251.421 INFO             PET3 ESMF_COMM                   : mpi
20220130 001251.422 INFO             PET3 ESMF_MOAB                   : enabled
20220130 001251.422 INFO             PET3 ESMF_LAPACK                 : enabled
20220130 001251.422 INFO             PET3 ESMF_NETCDF                 : enabled
20220130 001251.422 INFO             PET3 ESMF_PNETCDF                : disabled
20220130 001251.422 INFO             PET3 ESMF_PIO                    : enabled
20220130 001251.422 INFO             PET3 ESMF_YAMLCPP                : enabled
20220130 001251.542 INFO             PET3  NUMBER_OF_PROCESSORS           4
20220130 001251.542 INFO             PET3  PASS  Example ESMF_XGridEx, ESMF_XGridEx.F90, line 525
20220130 001251.542 INFO             PET3 Finalizing ESMF
