build time -- 2021-11-24 23:40:44
20211125 001845.274 INFO             PET0 !!!!!!!!!!!!!!!!!!!!!!!!!!!!!!!!!!!!!!!!!!!!!!!!!!!!!!
20211125 001845.274 INFO             PET0 !!! THE ESMF_LOG IS SET TO OUTPUT ALL LOG MESSAGES !!!
20211125 001845.274 INFO             PET0 !!!     THIS MAY CAUSE SLOWDOWN IN PERFORMANCE     !!!
20211125 001845.274 INFO             PET0 !!! FOR PRODUCTION RUNS, USE:                      !!!
20211125 001845.274 INFO             PET0 !!!                   ESMF_LOGKIND_Multi_On_Error  !!!
20211125 001845.274 INFO             PET0 !!!!!!!!!!!!!!!!!!!!!!!!!!!!!!!!!!!!!!!!!!!!!!!!!!!!!!
20211125 001845.274 INFO             PET0 Running with ESMF Version   : 8.3.0 beta snapshot
20211125 001845.274 INFO             PET0 ESMF library build date/time: "Nov 24 2021" "23:38:48"
20211125 001845.274 INFO             PET0 ESMF library build location : /lustre/f2/dev/ncep/Mark.Potts/intel_2019.5_mpi_O_develop
20211125 001845.274 INFO             PET0 ESMF_COMM                   : mpi
20211125 001845.275 INFO             PET0 ESMF_MOAB                   : enabled
20211125 001845.275 INFO             PET0 ESMF_LAPACK                 : enabled
20211125 001845.275 INFO             PET0 ESMF_NETCDF                 : enabled
20211125 001845.275 INFO             PET0 ESMF_PNETCDF                : disabled
20211125 001845.275 INFO             PET0 ESMF_PIO                    : enabled
20211125 001845.275 INFO             PET0 ESMF_YAMLCPP                : enabled
20211125 001845.925 INFO             PET0  NUMBER_OF_PROCESSORS           4
20211125 001845.925 INFO             PET0  PASS  Example ESMF_FieldSphereRegridEx, ESMF_FieldSphereRegridEx.F90, line 407
20211125 001845.925 INFO             PET0 Finalizing ESMF
20211125 001845.279 INFO             PET1 !!!!!!!!!!!!!!!!!!!!!!!!!!!!!!!!!!!!!!!!!!!!!!!!!!!!!!
20211125 001845.279 INFO             PET1 !!! THE ESMF_LOG IS SET TO OUTPUT ALL LOG MESSAGES !!!
20211125 001845.279 INFO             PET1 !!!     THIS MAY CAUSE SLOWDOWN IN PERFORMANCE     !!!
20211125 001845.279 INFO             PET1 !!! FOR PRODUCTION RUNS, USE:                      !!!
20211125 001845.279 INFO             PET1 !!!                   ESMF_LOGKIND_Multi_On_Error  !!!
20211125 001845.279 INFO             PET1 !!!!!!!!!!!!!!!!!!!!!!!!!!!!!!!!!!!!!!!!!!!!!!!!!!!!!!
20211125 001845.279 INFO             PET1 Running with ESMF Version   : 8.3.0 beta snapshot
20211125 001845.279 INFO             PET1 ESMF library build date/time: "Nov 24 2021" "23:38:48"
20211125 001845.279 INFO             PET1 ESMF library build location : /lustre/f2/dev/ncep/Mark.Potts/intel_2019.5_mpi_O_develop
20211125 001845.279 INFO             PET1 ESMF_COMM                   : mpi
20211125 001845.280 INFO             PET1 ESMF_MOAB                   : enabled
20211125 001845.280 INFO             PET1 ESMF_LAPACK                 : enabled
20211125 001845.280 INFO             PET1 ESMF_NETCDF                 : enabled
20211125 001845.280 INFO             PET1 ESMF_PNETCDF                : disabled
20211125 001845.280 INFO             PET1 ESMF_PIO                    : enabled
20211125 001845.280 INFO             PET1 ESMF_YAMLCPP                : enabled
20211125 001845.925 INFO             PET1  NUMBER_OF_PROCESSORS           4
20211125 001845.925 INFO             PET1  PASS  Example ESMF_FieldSphereRegridEx, ESMF_FieldSphereRegridEx.F90, line 407
20211125 001845.925 INFO             PET1 Finalizing ESMF
20211125 001845.279 INFO             PET2 !!!!!!!!!!!!!!!!!!!!!!!!!!!!!!!!!!!!!!!!!!!!!!!!!!!!!!
20211125 001845.279 INFO             PET2 !!! THE ESMF_LOG IS SET TO OUTPUT ALL LOG MESSAGES !!!
20211125 001845.279 INFO             PET2 !!!     THIS MAY CAUSE SLOWDOWN IN PERFORMANCE     !!!
20211125 001845.279 INFO             PET2 !!! FOR PRODUCTION RUNS, USE:                      !!!
20211125 001845.279 INFO             PET2 !!!                   ESMF_LOGKIND_Multi_On_Error  !!!
20211125 001845.279 INFO             PET2 !!!!!!!!!!!!!!!!!!!!!!!!!!!!!!!!!!!!!!!!!!!!!!!!!!!!!!
20211125 001845.279 INFO             PET2 Running with ESMF Version   : 8.3.0 beta snapshot
20211125 001845.279 INFO             PET2 ESMF library build date/time: "Nov 24 2021" "23:38:48"
20211125 001845.279 INFO             PET2 ESMF library build location : /lustre/f2/dev/ncep/Mark.Potts/intel_2019.5_mpi_O_develop
20211125 001845.279 INFO             PET2 ESMF_COMM                   : mpi
20211125 001845.280 INFO             PET2 ESMF_MOAB                   : enabled
20211125 001845.280 INFO             PET2 ESMF_LAPACK                 : enabled
20211125 001845.280 INFO             PET2 ESMF_NETCDF                 : enabled
20211125 001845.280 INFO             PET2 ESMF_PNETCDF                : disabled
20211125 001845.280 INFO             PET2 ESMF_PIO                    : enabled
20211125 001845.280 INFO             PET2 ESMF_YAMLCPP                : enabled
20211125 001845.925 INFO             PET2  NUMBER_OF_PROCESSORS           4
20211125 001845.925 INFO             PET2  PASS  Example ESMF_FieldSphereRegridEx, ESMF_FieldSphereRegridEx.F90, line 407
20211125 001845.925 INFO             PET2 Finalizing ESMF
20211125 001845.322 INFO             PET3 !!!!!!!!!!!!!!!!!!!!!!!!!!!!!!!!!!!!!!!!!!!!!!!!!!!!!!
20211125 001845.322 INFO             PET3 !!! THE ESMF_LOG IS SET TO OUTPUT ALL LOG MESSAGES !!!
20211125 001845.322 INFO             PET3 !!!     THIS MAY CAUSE SLOWDOWN IN PERFORMANCE     !!!
20211125 001845.322 INFO             PET3 !!! FOR PRODUCTION RUNS, USE:                      !!!
20211125 001845.322 INFO             PET3 !!!                   ESMF_LOGKIND_Multi_On_Error  !!!
20211125 001845.322 INFO             PET3 !!!!!!!!!!!!!!!!!!!!!!!!!!!!!!!!!!!!!!!!!!!!!!!!!!!!!!
20211125 001845.322 INFO             PET3 Running with ESMF Version   : 8.3.0 beta snapshot
20211125 001845.322 INFO             PET3 ESMF library build date/time: "Nov 24 2021" "23:38:48"
20211125 001845.322 INFO             PET3 ESMF library build location : /lustre/f2/dev/ncep/Mark.Potts/intel_2019.5_mpi_O_develop
20211125 001845.322 INFO             PET3 ESMF_COMM                   : mpi
20211125 001845.353 INFO             PET3 ESMF_MOAB                   : enabled
20211125 001845.353 INFO             PET3 ESMF_LAPACK                 : enabled
20211125 001845.353 INFO             PET3 ESMF_NETCDF                 : enabled
20211125 001845.353 INFO             PET3 ESMF_PNETCDF                : disabled
20211125 001845.353 INFO             PET3 ESMF_PIO                    : enabled
20211125 001845.353 INFO             PET3 ESMF_YAMLCPP                : enabled
20211125 001845.925 INFO             PET3  NUMBER_OF_PROCESSORS           4
20211125 001845.925 INFO             PET3  PASS  Example ESMF_FieldSphereRegridEx, ESMF_FieldSphereRegridEx.F90, line 407
20211125 001845.925 INFO             PET3 Finalizing ESMF
