build time -- 2022-02-23 23:45:20
20220224 002429.209 INFO             PET0 !!!!!!!!!!!!!!!!!!!!!!!!!!!!!!!!!!!!!!!!!!!!!!!!!!!!!!
20220224 002429.210 INFO             PET0 !!! THE ESMF_LOG IS SET TO OUTPUT ALL LOG MESSAGES !!!
20220224 002429.210 INFO             PET0 !!!     THIS MAY CAUSE SLOWDOWN IN PERFORMANCE     !!!
20220224 002429.210 INFO             PET0 !!! FOR PRODUCTION RUNS, USE:                      !!!
20220224 002429.210 INFO             PET0 !!!                   ESMF_LOGKIND_Multi_On_Error  !!!
20220224 002429.210 INFO             PET0 !!!!!!!!!!!!!!!!!!!!!!!!!!!!!!!!!!!!!!!!!!!!!!!!!!!!!!
20220224 002429.210 INFO             PET0 Running with ESMF Version   : v8.3.0b08-1-gd4bb16874d
20220224 002429.210 INFO             PET0 ESMF library build date/time: "Feb 23 2022" "23:43:20"
20220224 002429.210 INFO             PET0 ESMF library build location : /lustre/f2/dev/ncep/Mark.Potts/intel_2019.5_mpi_O_develop
20220224 002429.210 INFO             PET0 ESMF_COMM                   : mpi
20220224 002429.211 INFO             PET0 ESMF_MOAB                   : enabled
20220224 002429.211 INFO             PET0 ESMF_LAPACK                 : enabled
20220224 002429.211 INFO             PET0 ESMF_NETCDF                 : enabled
20220224 002429.211 INFO             PET0 ESMF_PNETCDF                : disabled
20220224 002429.211 INFO             PET0 ESMF_PIO                    : enabled
20220224 002429.211 INFO             PET0 ESMF_YAMLCPP                : enabled
20220224 002429.211 INFO             PET0  NUMBER_OF_PROCESSORS           1
20220224 002429.211 INFO             PET0  PASS  Example ESMF_TimeEx, ESMF_TimeEx.F90, line 141
20220224 002429.211 INFO             PET0 Finalizing ESMF
