build time -- 2022-01-24 23:48:52
20220125 003043.354 INFO             PET0 !!!!!!!!!!!!!!!!!!!!!!!!!!!!!!!!!!!!!!!!!!!!!!!!!!!!!!
20220125 003043.354 INFO             PET0 !!! THE ESMF_LOG IS SET TO OUTPUT ALL LOG MESSAGES !!!
20220125 003043.354 INFO             PET0 !!!     THIS MAY CAUSE SLOWDOWN IN PERFORMANCE     !!!
20220125 003043.354 INFO             PET0 !!! FOR PRODUCTION RUNS, USE:                      !!!
20220125 003043.354 INFO             PET0 !!!                   ESMF_LOGKIND_Multi_On_Error  !!!
20220125 003043.354 INFO             PET0 !!!!!!!!!!!!!!!!!!!!!!!!!!!!!!!!!!!!!!!!!!!!!!!!!!!!!!
20220125 003043.354 INFO             PET0 Running with ESMF Version   : 8.3.0 beta snapshot
20220125 003043.354 INFO             PET0 ESMF library build date/time: "Jan 24 2022" "23:46:55"
20220125 003043.354 INFO             PET0 ESMF library build location : /lustre/f2/dev/ncep/Mark.Potts/intel_2019.5_mpi_O_develop
20220125 003043.354 INFO             PET0 ESMF_COMM                   : mpi
20220125 003043.355 INFO             PET0 ESMF_MOAB                   : enabled
20220125 003043.355 INFO             PET0 ESMF_LAPACK                 : enabled
20220125 003043.355 INFO             PET0 ESMF_NETCDF                 : enabled
20220125 003043.355 INFO             PET0 ESMF_PNETCDF                : disabled
20220125 003043.355 INFO             PET0 ESMF_PIO                    : enabled
20220125 003043.355 INFO             PET0 ESMF_YAMLCPP                : enabled
20220125 003043.358 INFO             PET0  NUMBER_OF_PROCESSORS           4
20220125 003043.358 INFO             PET0  PASS  Example ESMF_AppMainEx, ESMF_AppMainEx.F90, line 486
20220125 003043.358 INFO             PET0 Finalizing ESMF
20220125 003043.308 INFO             PET1 !!!!!!!!!!!!!!!!!!!!!!!!!!!!!!!!!!!!!!!!!!!!!!!!!!!!!!
20220125 003043.308 INFO             PET1 !!! THE ESMF_LOG IS SET TO OUTPUT ALL LOG MESSAGES !!!
20220125 003043.308 INFO             PET1 !!!     THIS MAY CAUSE SLOWDOWN IN PERFORMANCE     !!!
20220125 003043.308 INFO             PET1 !!! FOR PRODUCTION RUNS, USE:                      !!!
20220125 003043.308 INFO             PET1 !!!                   ESMF_LOGKIND_Multi_On_Error  !!!
20220125 003043.308 INFO             PET1 !!!!!!!!!!!!!!!!!!!!!!!!!!!!!!!!!!!!!!!!!!!!!!!!!!!!!!
20220125 003043.308 INFO             PET1 Running with ESMF Version   : 8.3.0 beta snapshot
20220125 003043.308 INFO             PET1 ESMF library build date/time: "Jan 24 2022" "23:46:55"
20220125 003043.308 INFO             PET1 ESMF library build location : /lustre/f2/dev/ncep/Mark.Potts/intel_2019.5_mpi_O_develop
20220125 003043.308 INFO             PET1 ESMF_COMM                   : mpi
20220125 003043.309 INFO             PET1 ESMF_MOAB                   : enabled
20220125 003043.309 INFO             PET1 ESMF_LAPACK                 : enabled
20220125 003043.309 INFO             PET1 ESMF_NETCDF                 : enabled
20220125 003043.309 INFO             PET1 ESMF_PNETCDF                : disabled
20220125 003043.309 INFO             PET1 ESMF_PIO                    : enabled
20220125 003043.309 INFO             PET1 ESMF_YAMLCPP                : enabled
20220125 003043.358 INFO             PET1  NUMBER_OF_PROCESSORS           4
20220125 003043.358 INFO             PET1  PASS  Example ESMF_AppMainEx, ESMF_AppMainEx.F90, line 486
20220125 003043.358 INFO             PET1 Finalizing ESMF
20220125 003043.310 INFO             PET2 !!!!!!!!!!!!!!!!!!!!!!!!!!!!!!!!!!!!!!!!!!!!!!!!!!!!!!
20220125 003043.310 INFO             PET2 !!! THE ESMF_LOG IS SET TO OUTPUT ALL LOG MESSAGES !!!
20220125 003043.310 INFO             PET2 !!!     THIS MAY CAUSE SLOWDOWN IN PERFORMANCE     !!!
20220125 003043.310 INFO             PET2 !!! FOR PRODUCTION RUNS, USE:                      !!!
20220125 003043.310 INFO             PET2 !!!                   ESMF_LOGKIND_Multi_On_Error  !!!
20220125 003043.310 INFO             PET2 !!!!!!!!!!!!!!!!!!!!!!!!!!!!!!!!!!!!!!!!!!!!!!!!!!!!!!
20220125 003043.310 INFO             PET2 Running with ESMF Version   : 8.3.0 beta snapshot
20220125 003043.310 INFO             PET2 ESMF library build date/time: "Jan 24 2022" "23:46:55"
20220125 003043.310 INFO             PET2 ESMF library build location : /lustre/f2/dev/ncep/Mark.Potts/intel_2019.5_mpi_O_develop
20220125 003043.310 INFO             PET2 ESMF_COMM                   : mpi
20220125 003043.311 INFO             PET2 ESMF_MOAB                   : enabled
20220125 003043.311 INFO             PET2 ESMF_LAPACK                 : enabled
20220125 003043.311 INFO             PET2 ESMF_NETCDF                 : enabled
20220125 003043.311 INFO             PET2 ESMF_PNETCDF                : disabled
20220125 003043.311 INFO             PET2 ESMF_PIO                    : enabled
20220125 003043.311 INFO             PET2 ESMF_YAMLCPP                : enabled
20220125 003043.358 INFO             PET2  NUMBER_OF_PROCESSORS           4
20220125 003043.358 INFO             PET2  PASS  Example ESMF_AppMainEx, ESMF_AppMainEx.F90, line 486
20220125 003043.358 INFO             PET2 Finalizing ESMF
20220125 003043.315 INFO             PET3 !!!!!!!!!!!!!!!!!!!!!!!!!!!!!!!!!!!!!!!!!!!!!!!!!!!!!!
20220125 003043.315 INFO             PET3 !!! THE ESMF_LOG IS SET TO OUTPUT ALL LOG MESSAGES !!!
20220125 003043.315 INFO             PET3 !!!     THIS MAY CAUSE SLOWDOWN IN PERFORMANCE     !!!
20220125 003043.315 INFO             PET3 !!! FOR PRODUCTION RUNS, USE:                      !!!
20220125 003043.315 INFO             PET3 !!!                   ESMF_LOGKIND_Multi_On_Error  !!!
20220125 003043.315 INFO             PET3 !!!!!!!!!!!!!!!!!!!!!!!!!!!!!!!!!!!!!!!!!!!!!!!!!!!!!!
20220125 003043.315 INFO             PET3 Running with ESMF Version   : 8.3.0 beta snapshot
20220125 003043.315 INFO             PET3 ESMF library build date/time: "Jan 24 2022" "23:46:55"
20220125 003043.315 INFO             PET3 ESMF library build location : /lustre/f2/dev/ncep/Mark.Potts/intel_2019.5_mpi_O_develop
20220125 003043.315 INFO             PET3 ESMF_COMM                   : mpi
20220125 003043.316 INFO             PET3 ESMF_MOAB                   : enabled
20220125 003043.316 INFO             PET3 ESMF_LAPACK                 : enabled
20220125 003043.316 INFO             PET3 ESMF_NETCDF                 : enabled
20220125 003043.316 INFO             PET3 ESMF_PNETCDF                : disabled
20220125 003043.316 INFO             PET3 ESMF_PIO                    : enabled
20220125 003043.316 INFO             PET3 ESMF_YAMLCPP                : enabled
20220125 003043.358 INFO             PET3  NUMBER_OF_PROCESSORS           4
20220125 003043.358 INFO             PET3  PASS  Example ESMF_AppMainEx, ESMF_AppMainEx.F90, line 486
20220125 003043.358 INFO             PET3 Finalizing ESMF
