build time -- 2022-01-20 23:43:28
20220121 002218.551 INFO             PET0 !!!!!!!!!!!!!!!!!!!!!!!!!!!!!!!!!!!!!!!!!!!!!!!!!!!!!!
20220121 002218.551 INFO             PET0 !!! THE ESMF_LOG IS SET TO OUTPUT ALL LOG MESSAGES !!!
20220121 002218.551 INFO             PET0 !!!     THIS MAY CAUSE SLOWDOWN IN PERFORMANCE     !!!
20220121 002218.551 INFO             PET0 !!! FOR PRODUCTION RUNS, USE:                      !!!
20220121 002218.551 INFO             PET0 !!!                   ESMF_LOGKIND_Multi_On_Error  !!!
20220121 002218.551 INFO             PET0 !!!!!!!!!!!!!!!!!!!!!!!!!!!!!!!!!!!!!!!!!!!!!!!!!!!!!!
20220121 002218.551 INFO             PET0 Running with ESMF Version   : 8.3.0 beta snapshot
20220121 002218.551 INFO             PET0 ESMF library build date/time: "Jan 20 2022" "23:41:35"
20220121 002218.551 INFO             PET0 ESMF library build location : /lustre/f2/dev/ncep/Mark.Potts/intel_2019.5_mpi_O_develop
20220121 002218.551 INFO             PET0 ESMF_COMM                   : mpi
20220121 002218.552 INFO             PET0 ESMF_MOAB                   : enabled
20220121 002218.552 INFO             PET0 ESMF_LAPACK                 : enabled
20220121 002218.552 INFO             PET0 ESMF_NETCDF                 : enabled
20220121 002218.552 INFO             PET0 ESMF_PNETCDF                : disabled
20220121 002218.552 INFO             PET0 ESMF_PIO                    : enabled
20220121 002218.552 INFO             PET0 ESMF_YAMLCPP                : enabled
20220121 002218.901 INFO             PET0  NUMBER_OF_PROCESSORS           4
20220121 002218.901 INFO             PET0  PASS  Example ESMF_ArrayRedistEx, ESMF_ArrayRedistEx.F90, line 595
20220121 002218.901 INFO             PET0 Finalizing ESMF
20220121 002218.558 INFO             PET1 !!!!!!!!!!!!!!!!!!!!!!!!!!!!!!!!!!!!!!!!!!!!!!!!!!!!!!
20220121 002218.558 INFO             PET1 !!! THE ESMF_LOG IS SET TO OUTPUT ALL LOG MESSAGES !!!
20220121 002218.558 INFO             PET1 !!!     THIS MAY CAUSE SLOWDOWN IN PERFORMANCE     !!!
20220121 002218.558 INFO             PET1 !!! FOR PRODUCTION RUNS, USE:                      !!!
20220121 002218.558 INFO             PET1 !!!                   ESMF_LOGKIND_Multi_On_Error  !!!
20220121 002218.558 INFO             PET1 !!!!!!!!!!!!!!!!!!!!!!!!!!!!!!!!!!!!!!!!!!!!!!!!!!!!!!
20220121 002218.558 INFO             PET1 Running with ESMF Version   : 8.3.0 beta snapshot
20220121 002218.558 INFO             PET1 ESMF library build date/time: "Jan 20 2022" "23:41:35"
20220121 002218.558 INFO             PET1 ESMF library build location : /lustre/f2/dev/ncep/Mark.Potts/intel_2019.5_mpi_O_develop
20220121 002218.558 INFO             PET1 ESMF_COMM                   : mpi
20220121 002218.559 INFO             PET1 ESMF_MOAB                   : enabled
20220121 002218.559 INFO             PET1 ESMF_LAPACK                 : enabled
20220121 002218.559 INFO             PET1 ESMF_NETCDF                 : enabled
20220121 002218.559 INFO             PET1 ESMF_PNETCDF                : disabled
20220121 002218.559 INFO             PET1 ESMF_PIO                    : enabled
20220121 002218.559 INFO             PET1 ESMF_YAMLCPP                : enabled
20220121 002218.901 INFO             PET1  NUMBER_OF_PROCESSORS           4
20220121 002218.901 INFO             PET1  PASS  Example ESMF_ArrayRedistEx, ESMF_ArrayRedistEx.F90, line 595
20220121 002218.901 INFO             PET1 Finalizing ESMF
20220121 002218.558 INFO             PET2 !!!!!!!!!!!!!!!!!!!!!!!!!!!!!!!!!!!!!!!!!!!!!!!!!!!!!!
20220121 002218.558 INFO             PET2 !!! THE ESMF_LOG IS SET TO OUTPUT ALL LOG MESSAGES !!!
20220121 002218.558 INFO             PET2 !!!     THIS MAY CAUSE SLOWDOWN IN PERFORMANCE     !!!
20220121 002218.558 INFO             PET2 !!! FOR PRODUCTION RUNS, USE:                      !!!
20220121 002218.558 INFO             PET2 !!!                   ESMF_LOGKIND_Multi_On_Error  !!!
20220121 002218.558 INFO             PET2 !!!!!!!!!!!!!!!!!!!!!!!!!!!!!!!!!!!!!!!!!!!!!!!!!!!!!!
20220121 002218.558 INFO             PET2 Running with ESMF Version   : 8.3.0 beta snapshot
20220121 002218.558 INFO             PET2 ESMF library build date/time: "Jan 20 2022" "23:41:35"
20220121 002218.558 INFO             PET2 ESMF library build location : /lustre/f2/dev/ncep/Mark.Potts/intel_2019.5_mpi_O_develop
20220121 002218.558 INFO             PET2 ESMF_COMM                   : mpi
20220121 002218.559 INFO             PET2 ESMF_MOAB                   : enabled
20220121 002218.559 INFO             PET2 ESMF_LAPACK                 : enabled
20220121 002218.559 INFO             PET2 ESMF_NETCDF                 : enabled
20220121 002218.559 INFO             PET2 ESMF_PNETCDF                : disabled
20220121 002218.559 INFO             PET2 ESMF_PIO                    : enabled
20220121 002218.559 INFO             PET2 ESMF_YAMLCPP                : enabled
20220121 002218.901 INFO             PET2  NUMBER_OF_PROCESSORS           4
20220121 002218.901 INFO             PET2  PASS  Example ESMF_ArrayRedistEx, ESMF_ArrayRedistEx.F90, line 595
20220121 002218.901 INFO             PET2 Finalizing ESMF
20220121 002218.548 INFO             PET3 !!!!!!!!!!!!!!!!!!!!!!!!!!!!!!!!!!!!!!!!!!!!!!!!!!!!!!
20220121 002218.548 INFO             PET3 !!! THE ESMF_LOG IS SET TO OUTPUT ALL LOG MESSAGES !!!
20220121 002218.548 INFO             PET3 !!!     THIS MAY CAUSE SLOWDOWN IN PERFORMANCE     !!!
20220121 002218.548 INFO             PET3 !!! FOR PRODUCTION RUNS, USE:                      !!!
20220121 002218.548 INFO             PET3 !!!                   ESMF_LOGKIND_Multi_On_Error  !!!
20220121 002218.548 INFO             PET3 !!!!!!!!!!!!!!!!!!!!!!!!!!!!!!!!!!!!!!!!!!!!!!!!!!!!!!
20220121 002218.548 INFO             PET3 Running with ESMF Version   : 8.3.0 beta snapshot
20220121 002218.548 INFO             PET3 ESMF library build date/time: "Jan 20 2022" "23:41:35"
20220121 002218.548 INFO             PET3 ESMF library build location : /lustre/f2/dev/ncep/Mark.Potts/intel_2019.5_mpi_O_develop
20220121 002218.548 INFO             PET3 ESMF_COMM                   : mpi
20220121 002218.549 INFO             PET3 ESMF_MOAB                   : enabled
20220121 002218.549 INFO             PET3 ESMF_LAPACK                 : enabled
20220121 002218.549 INFO             PET3 ESMF_NETCDF                 : enabled
20220121 002218.549 INFO             PET3 ESMF_PNETCDF                : disabled
20220121 002218.549 INFO             PET3 ESMF_PIO                    : enabled
20220121 002218.549 INFO             PET3 ESMF_YAMLCPP                : enabled
20220121 002218.901 INFO             PET3  NUMBER_OF_PROCESSORS           4
20220121 002218.901 INFO             PET3  PASS  Example ESMF_ArrayRedistEx, ESMF_ArrayRedistEx.F90, line 595
20220121 002218.901 INFO             PET3 Finalizing ESMF
