build time -- 2022-01-29 23:38:30
20220130 001129.669 INFO             PET0 !!!!!!!!!!!!!!!!!!!!!!!!!!!!!!!!!!!!!!!!!!!!!!!!!!!!!!
20220130 001129.669 INFO             PET0 !!! THE ESMF_LOG IS SET TO OUTPUT ALL LOG MESSAGES !!!
20220130 001129.669 INFO             PET0 !!!     THIS MAY CAUSE SLOWDOWN IN PERFORMANCE     !!!
20220130 001129.669 INFO             PET0 !!! FOR PRODUCTION RUNS, USE:                      !!!
20220130 001129.669 INFO             PET0 !!!                   ESMF_LOGKIND_Multi_On_Error  !!!
20220130 001129.669 INFO             PET0 !!!!!!!!!!!!!!!!!!!!!!!!!!!!!!!!!!!!!!!!!!!!!!!!!!!!!!
20220130 001129.669 INFO             PET0 Running with ESMF Version   : 8.3.0 beta snapshot
20220130 001129.669 INFO             PET0 ESMF library build date/time: "Jan 29 2022" "23:36:51"
20220130 001129.669 INFO             PET0 ESMF library build location : /lustre/f2/dev/ncep/Mark.Potts/intel_2019.5_mpi_O_develop
20220130 001129.669 INFO             PET0 ESMF_COMM                   : mpi
20220130 001129.670 INFO             PET0 ESMF_MOAB                   : enabled
20220130 001129.670 INFO             PET0 ESMF_LAPACK                 : enabled
20220130 001129.670 INFO             PET0 ESMF_NETCDF                 : enabled
20220130 001129.670 INFO             PET0 ESMF_PNETCDF                : disabled
20220130 001129.670 INFO             PET0 ESMF_PIO                    : enabled
20220130 001129.670 INFO             PET0 ESMF_YAMLCPP                : enabled
20220130 001129.670 INFO             PET0  NUMBER_OF_PROCESSORS           2
20220130 001129.670 INFO             PET0  PASS  Example ESMF_VMUserMpiCommEx, ESMF_VMUserMpiCommEx.F90, line 113
20220130 001129.670 INFO             PET0 Finalizing ESMF
20220130 001129.667 INFO             PET1 !!!!!!!!!!!!!!!!!!!!!!!!!!!!!!!!!!!!!!!!!!!!!!!!!!!!!!
20220130 001129.667 INFO             PET1 !!! THE ESMF_LOG IS SET TO OUTPUT ALL LOG MESSAGES !!!
20220130 001129.667 INFO             PET1 !!!     THIS MAY CAUSE SLOWDOWN IN PERFORMANCE     !!!
20220130 001129.667 INFO             PET1 !!! FOR PRODUCTION RUNS, USE:                      !!!
20220130 001129.667 INFO             PET1 !!!                   ESMF_LOGKIND_Multi_On_Error  !!!
20220130 001129.667 INFO             PET1 !!!!!!!!!!!!!!!!!!!!!!!!!!!!!!!!!!!!!!!!!!!!!!!!!!!!!!
20220130 001129.667 INFO             PET1 Running with ESMF Version   : 8.3.0 beta snapshot
20220130 001129.667 INFO             PET1 ESMF library build date/time: "Jan 29 2022" "23:36:51"
20220130 001129.667 INFO             PET1 ESMF library build location : /lustre/f2/dev/ncep/Mark.Potts/intel_2019.5_mpi_O_develop
20220130 001129.667 INFO             PET1 ESMF_COMM                   : mpi
20220130 001129.668 INFO             PET1 ESMF_MOAB                   : enabled
20220130 001129.668 INFO             PET1 ESMF_LAPACK                 : enabled
20220130 001129.668 INFO             PET1 ESMF_NETCDF                 : enabled
20220130 001129.668 INFO             PET1 ESMF_PNETCDF                : disabled
20220130 001129.668 INFO             PET1 ESMF_PIO                    : enabled
20220130 001129.668 INFO             PET1 ESMF_YAMLCPP                : enabled
20220130 001129.670 INFO             PET1  NUMBER_OF_PROCESSORS           2
20220130 001129.670 INFO             PET1  PASS  Example ESMF_VMUserMpiCommEx, ESMF_VMUserMpiCommEx.F90, line 113
20220130 001129.670 INFO             PET1 Finalizing ESMF
