build time -- 2021-12-19 23:41:21
20211220 001544.549 INFO             PET0 !!!!!!!!!!!!!!!!!!!!!!!!!!!!!!!!!!!!!!!!!!!!!!!!!!!!!!
20211220 001544.549 INFO             PET0 !!! THE ESMF_LOG IS SET TO OUTPUT ALL LOG MESSAGES !!!
20211220 001544.549 INFO             PET0 !!!     THIS MAY CAUSE SLOWDOWN IN PERFORMANCE     !!!
20211220 001544.549 INFO             PET0 !!! FOR PRODUCTION RUNS, USE:                      !!!
20211220 001544.549 INFO             PET0 !!!                   ESMF_LOGKIND_Multi_On_Error  !!!
20211220 001544.549 INFO             PET0 !!!!!!!!!!!!!!!!!!!!!!!!!!!!!!!!!!!!!!!!!!!!!!!!!!!!!!
20211220 001544.549 INFO             PET0 Running with ESMF Version   : 8.3.0 beta snapshot
20211220 001544.549 INFO             PET0 ESMF library build date/time: "Dec 19 2021" "23:39:32"
20211220 001544.549 INFO             PET0 ESMF library build location : /lustre/f2/dev/ncep/Mark.Potts/intel_2019.5_mpi_O_develop
20211220 001544.549 INFO             PET0 ESMF_COMM                   : mpi
20211220 001544.550 INFO             PET0 ESMF_MOAB                   : enabled
20211220 001544.550 INFO             PET0 ESMF_LAPACK                 : enabled
20211220 001544.550 INFO             PET0 ESMF_NETCDF                 : enabled
20211220 001544.550 INFO             PET0 ESMF_PNETCDF                : disabled
20211220 001544.550 INFO             PET0 ESMF_PIO                    : enabled
20211220 001544.550 INFO             PET0 ESMF_YAMLCPP                : enabled
20211220 001544.554 INFO             PET0 ESMF_FieldRedistStoreNF(): Just entered routine.
20211220 001544.591 INFO             PET0 ESMF_FieldRedistStoreNF(): Leaving routine.
20211220 001544.616 INFO             PET0  NUMBER_OF_PROCESSORS           4
20211220 001544.616 INFO             PET0  PASS  Example ESMF_RHandleFromFileEx, ESMF_RHandleFromFileEx.F90, line 192
20211220 001544.616 INFO             PET0 Finalizing ESMF
20211220 001544.541 INFO             PET1 !!!!!!!!!!!!!!!!!!!!!!!!!!!!!!!!!!!!!!!!!!!!!!!!!!!!!!
20211220 001544.541 INFO             PET1 !!! THE ESMF_LOG IS SET TO OUTPUT ALL LOG MESSAGES !!!
20211220 001544.541 INFO             PET1 !!!     THIS MAY CAUSE SLOWDOWN IN PERFORMANCE     !!!
20211220 001544.541 INFO             PET1 !!! FOR PRODUCTION RUNS, USE:                      !!!
20211220 001544.541 INFO             PET1 !!!                   ESMF_LOGKIND_Multi_On_Error  !!!
20211220 001544.541 INFO             PET1 !!!!!!!!!!!!!!!!!!!!!!!!!!!!!!!!!!!!!!!!!!!!!!!!!!!!!!
20211220 001544.541 INFO             PET1 Running with ESMF Version   : 8.3.0 beta snapshot
20211220 001544.541 INFO             PET1 ESMF library build date/time: "Dec 19 2021" "23:39:32"
20211220 001544.541 INFO             PET1 ESMF library build location : /lustre/f2/dev/ncep/Mark.Potts/intel_2019.5_mpi_O_develop
20211220 001544.541 INFO             PET1 ESMF_COMM                   : mpi
20211220 001544.542 INFO             PET1 ESMF_MOAB                   : enabled
20211220 001544.542 INFO             PET1 ESMF_LAPACK                 : enabled
20211220 001544.542 INFO             PET1 ESMF_NETCDF                 : enabled
20211220 001544.542 INFO             PET1 ESMF_PNETCDF                : disabled
20211220 001544.542 INFO             PET1 ESMF_PIO                    : enabled
20211220 001544.542 INFO             PET1 ESMF_YAMLCPP                : enabled
20211220 001544.553 INFO             PET1 ESMF_FieldRedistStoreNF(): Just entered routine.
20211220 001544.591 INFO             PET1 ESMF_FieldRedistStoreNF(): Leaving routine.
20211220 001544.616 INFO             PET1  NUMBER_OF_PROCESSORS           4
20211220 001544.616 INFO             PET1  PASS  Example ESMF_RHandleFromFileEx, ESMF_RHandleFromFileEx.F90, line 192
20211220 001544.616 INFO             PET1 Finalizing ESMF
20211220 001544.546 INFO             PET2 !!!!!!!!!!!!!!!!!!!!!!!!!!!!!!!!!!!!!!!!!!!!!!!!!!!!!!
20211220 001544.546 INFO             PET2 !!! THE ESMF_LOG IS SET TO OUTPUT ALL LOG MESSAGES !!!
20211220 001544.546 INFO             PET2 !!!     THIS MAY CAUSE SLOWDOWN IN PERFORMANCE     !!!
20211220 001544.546 INFO             PET2 !!! FOR PRODUCTION RUNS, USE:                      !!!
20211220 001544.546 INFO             PET2 !!!                   ESMF_LOGKIND_Multi_On_Error  !!!
20211220 001544.546 INFO             PET2 !!!!!!!!!!!!!!!!!!!!!!!!!!!!!!!!!!!!!!!!!!!!!!!!!!!!!!
20211220 001544.546 INFO             PET2 Running with ESMF Version   : 8.3.0 beta snapshot
20211220 001544.546 INFO             PET2 ESMF library build date/time: "Dec 19 2021" "23:39:32"
20211220 001544.546 INFO             PET2 ESMF library build location : /lustre/f2/dev/ncep/Mark.Potts/intel_2019.5_mpi_O_develop
20211220 001544.546 INFO             PET2 ESMF_COMM                   : mpi
20211220 001544.547 INFO             PET2 ESMF_MOAB                   : enabled
20211220 001544.547 INFO             PET2 ESMF_LAPACK                 : enabled
20211220 001544.547 INFO             PET2 ESMF_NETCDF                 : enabled
20211220 001544.547 INFO             PET2 ESMF_PNETCDF                : disabled
20211220 001544.547 INFO             PET2 ESMF_PIO                    : enabled
20211220 001544.547 INFO             PET2 ESMF_YAMLCPP                : enabled
20211220 001544.553 INFO             PET2 ESMF_FieldRedistStoreNF(): Just entered routine.
20211220 001544.591 INFO             PET2 ESMF_FieldRedistStoreNF(): Leaving routine.
20211220 001544.616 INFO             PET2  NUMBER_OF_PROCESSORS           4
20211220 001544.616 INFO             PET2  PASS  Example ESMF_RHandleFromFileEx, ESMF_RHandleFromFileEx.F90, line 192
20211220 001544.616 INFO             PET2 Finalizing ESMF
20211220 001544.545 INFO             PET3 !!!!!!!!!!!!!!!!!!!!!!!!!!!!!!!!!!!!!!!!!!!!!!!!!!!!!!
20211220 001544.545 INFO             PET3 !!! THE ESMF_LOG IS SET TO OUTPUT ALL LOG MESSAGES !!!
20211220 001544.545 INFO             PET3 !!!     THIS MAY CAUSE SLOWDOWN IN PERFORMANCE     !!!
20211220 001544.545 INFO             PET3 !!! FOR PRODUCTION RUNS, USE:                      !!!
20211220 001544.545 INFO             PET3 !!!                   ESMF_LOGKIND_Multi_On_Error  !!!
20211220 001544.545 INFO             PET3 !!!!!!!!!!!!!!!!!!!!!!!!!!!!!!!!!!!!!!!!!!!!!!!!!!!!!!
20211220 001544.545 INFO             PET3 Running with ESMF Version   : 8.3.0 beta snapshot
20211220 001544.545 INFO             PET3 ESMF library build date/time: "Dec 19 2021" "23:39:32"
20211220 001544.545 INFO             PET3 ESMF library build location : /lustre/f2/dev/ncep/Mark.Potts/intel_2019.5_mpi_O_develop
20211220 001544.545 INFO             PET3 ESMF_COMM                   : mpi
20211220 001544.546 INFO             PET3 ESMF_MOAB                   : enabled
20211220 001544.546 INFO             PET3 ESMF_LAPACK                 : enabled
20211220 001544.546 INFO             PET3 ESMF_NETCDF                 : enabled
20211220 001544.546 INFO             PET3 ESMF_PNETCDF                : disabled
20211220 001544.546 INFO             PET3 ESMF_PIO                    : enabled
20211220 001544.546 INFO             PET3 ESMF_YAMLCPP                : enabled
20211220 001544.554 INFO             PET3 ESMF_FieldRedistStoreNF(): Just entered routine.
20211220 001544.591 INFO             PET3 ESMF_FieldRedistStoreNF(): Leaving routine.
20211220 001544.616 INFO             PET3  NUMBER_OF_PROCESSORS           4
20211220 001544.616 INFO             PET3  PASS  Example ESMF_RHandleFromFileEx, ESMF_RHandleFromFileEx.F90, line 192
20211220 001544.616 INFO             PET3 Finalizing ESMF
