build time -- 2021-10-22 03:53:54.244915
--------------------------------------------------------------------------
A system call failed during shared memory initialization that should
not have.  It is likely that your MPI job will now either abort or
experience performance degradation.

  Local host:  r13i2n13
  System call: open(2) 
  Error:       Permission denied (errno 13)
--------------------------------------------------------------------------
 Regridding through XGrid example returned
  PASS  Example ESMF_XGridEx, ESMF_XGridEx.F90, line 525
 Regridding through XGrid example returned
  PASS  Example ESMF_XGridEx, ESMF_XGridEx.F90, line 525
 Regridding through XGrid example returned
  PASS  Example ESMF_XGridEx, ESMF_XGridEx.F90, line 525
 Regridding through XGrid example returned
  PASS  Example ESMF_XGridEx, ESMF_XGridEx.F90, line 525
 PASS: ESMF_XGridEx.F90
 PASS: ESMF_XGridEx.F90
 PASS: ESMF_XGridEx.F90
 PASS: ESMF_XGridEx.F90
[r13i2n13:59228] 3 more processes have sent help message help-opal-shmem-mmap.txt / sys call fail
[r13i2n13:59228] Set MCA parameter "orte_base_help_aggregate" to 0 to see all help / error messages
