build time -- 2022-01-11 06:01:10
20220111 062200.038 INFO             PET0 !!!!!!!!!!!!!!!!!!!!!!!!!!!!!!!!!!!!!!!!!!!!!!!!!!!!!!
20220111 062200.038 INFO             PET0 !!! THE ESMF_LOG IS SET TO OUTPUT ALL LOG MESSAGES !!!
20220111 062200.038 INFO             PET0 !!!     THIS MAY CAUSE SLOWDOWN IN PERFORMANCE     !!!
20220111 062200.038 INFO             PET0 !!! FOR PRODUCTION RUNS, USE:                      !!!
20220111 062200.038 INFO             PET0 !!!                   ESMF_LOGKIND_Multi_On_Error  !!!
20220111 062200.038 INFO             PET0 !!!!!!!!!!!!!!!!!!!!!!!!!!!!!!!!!!!!!!!!!!!!!!!!!!!!!!
20220111 062200.038 INFO             PET0 Running with ESMF Version   : ESMF_8_3_0_beta_snapshot_05-1-g3e9d170f1f
20220111 062200.038 INFO             PET0 ESMF library build date/time: "Jan 11 2022" "05:59:29"
20220111 062200.038 INFO             PET0 ESMF library build location : /scratch1/NCEPDEV/stmp2/role.esmfmaint/intel_18.0.4_mpiuni_O_develop
20220111 062200.038 INFO             PET0 ESMF_COMM                   : mpiuni
20220111 062200.039 INFO             PET0 ESMF_MOAB                   : enabled
20220111 062200.039 INFO             PET0 ESMF_LAPACK                 : enabled
20220111 062200.039 INFO             PET0 ESMF_NETCDF                 : enabled
20220111 062200.039 INFO             PET0 ESMF_PNETCDF                : disabled
20220111 062200.039 INFO             PET0 ESMF_PIO                    : disabled
20220111 062200.039 INFO             PET0 ESMF_YAMLCPP                : enabled
20220111 062200.075 INFO             PET0  NUMBER_OF_PROCESSORS           1
20220111 062200.076 INFO             PET0  PASS  Example ESMF_RHandleDynamicMaskingEx, ESMF_RHandleDynamicMaskingEx.F90, line 1116
20220111 062200.076 INFO             PET0 Finalizing ESMF
