build time -- 2021-11-25 06:10:59
20211125 063240.280 INFO             PET0 !!!!!!!!!!!!!!!!!!!!!!!!!!!!!!!!!!!!!!!!!!!!!!!!!!!!!!
20211125 063240.280 INFO             PET0 !!! THE ESMF_LOG IS SET TO OUTPUT ALL LOG MESSAGES !!!
20211125 063240.280 INFO             PET0 !!!     THIS MAY CAUSE SLOWDOWN IN PERFORMANCE     !!!
20211125 063240.280 INFO             PET0 !!! FOR PRODUCTION RUNS, USE:                      !!!
20211125 063240.280 INFO             PET0 !!!                   ESMF_LOGKIND_Multi_On_Error  !!!
20211125 063240.280 INFO             PET0 !!!!!!!!!!!!!!!!!!!!!!!!!!!!!!!!!!!!!!!!!!!!!!!!!!!!!!
20211125 063240.280 INFO             PET0 Running with ESMF Version   : ESMF_8_3_0_beta_snapshot_03
20211125 063240.280 INFO             PET0 ESMF library build date/time: "Nov 25 2021" "06:09:22"
20211125 063240.280 INFO             PET0 ESMF library build location : /scratch1/NCEPDEV/stmp2/Mark.Potts/intel_18.0.4_mpiuni_O_develop
20211125 063240.280 INFO             PET0 ESMF_COMM                   : mpiuni
20211125 063240.281 INFO             PET0 ESMF_MOAB                   : enabled
20211125 063240.281 INFO             PET0 ESMF_LAPACK                 : enabled
20211125 063240.281 INFO             PET0 ESMF_NETCDF                 : enabled
20211125 063240.281 INFO             PET0 ESMF_PNETCDF                : disabled
20211125 063240.281 INFO             PET0 ESMF_PIO                    : disabled
20211125 063240.281 INFO             PET0 ESMF_YAMLCPP                : enabled
20211125 063240.651 INFO             PET0  NUMBER_OF_PROCESSORS           1
20211125 063240.652 INFO             PET0  PASS  Example ESMF_GridUsageEx, ESMF_GridUsageEx.F90, line 3470
20211125 063240.652 INFO             PET0 Finalizing ESMF
