build time -- 2022-01-31 06:00:51
20220131 062134.226 INFO             PET0 !!!!!!!!!!!!!!!!!!!!!!!!!!!!!!!!!!!!!!!!!!!!!!!!!!!!!!
20220131 062134.226 INFO             PET0 !!! THE ESMF_LOG IS SET TO OUTPUT ALL LOG MESSAGES !!!
20220131 062134.226 INFO             PET0 !!!     THIS MAY CAUSE SLOWDOWN IN PERFORMANCE     !!!
20220131 062134.226 INFO             PET0 !!! FOR PRODUCTION RUNS, USE:                      !!!
20220131 062134.226 INFO             PET0 !!!                   ESMF_LOGKIND_Multi_On_Error  !!!
20220131 062134.226 INFO             PET0 !!!!!!!!!!!!!!!!!!!!!!!!!!!!!!!!!!!!!!!!!!!!!!!!!!!!!!
20220131 062134.226 INFO             PET0 Running with ESMF Version   : ESMF_8_3_0_beta_snapshot_06-10-gce27d44403
20220131 062134.226 INFO             PET0 ESMF library build date/time: "Jan 31 2022" "05:59:17"
20220131 062134.226 INFO             PET0 ESMF library build location : /scratch1/NCEPDEV/stmp2/role.esmfmaint/intel_18.0.4_mpiuni_O_develop
20220131 062134.226 INFO             PET0 ESMF_COMM                   : mpiuni
20220131 062134.227 INFO             PET0 ESMF_MOAB                   : enabled
20220131 062134.227 INFO             PET0 ESMF_LAPACK                 : enabled
20220131 062134.227 INFO             PET0 ESMF_NETCDF                 : enabled
20220131 062134.227 INFO             PET0 ESMF_PNETCDF                : disabled
20220131 062134.227 INFO             PET0 ESMF_PIO                    : disabled
20220131 062134.227 INFO             PET0 ESMF_YAMLCPP                : enabled
20220131 062134.228 INFO             PET0  NUMBER_OF_PROCESSORS           1
20220131 062134.228 INFO             PET0  PASS  Example ESMF_TimeIntervalEx, ESMF_TimeIntervalEx.F90, line 176
20220131 062134.228 INFO             PET0 Finalizing ESMF
