build time -- 2021-11-02 06:08:13
20211102 071433.784 INFO             PET0 !!!!!!!!!!!!!!!!!!!!!!!!!!!!!!!!!!!!!!!!!!!!!!!!!!!!!!
20211102 071433.784 INFO             PET0 !!! THE ESMF_LOG IS SET TO OUTPUT ALL LOG MESSAGES !!!
20211102 071433.784 INFO             PET0 !!!     THIS MAY CAUSE SLOWDOWN IN PERFORMANCE     !!!
20211102 071433.784 INFO             PET0 !!! FOR PRODUCTION RUNS, USE:                      !!!
20211102 071433.784 INFO             PET0 !!!                   ESMF_LOGKIND_Multi_On_Error  !!!
20211102 071433.784 INFO             PET0 !!!!!!!!!!!!!!!!!!!!!!!!!!!!!!!!!!!!!!!!!!!!!!!!!!!!!!
20211102 071433.784 INFO             PET0 Running with ESMF Version   : ESMF_8_3_0_beta_snapshot_02
20211102 071433.784 INFO             PET0 ESMF library build date/time: "Nov  2 2021" "06:06:41"
20211102 071433.784 INFO             PET0 ESMF library build location : /scratch1/NCEPDEV/stmp2/Mark.Potts/intel_18.0.4_mpiuni_O_develop
20211102 071433.784 INFO             PET0 ESMF_COMM                   : mpiuni
20211102 071433.785 INFO             PET0 ESMF_MOAB                   : enabled
20211102 071433.785 INFO             PET0 ESMF_LAPACK                 : enabled
20211102 071433.785 INFO             PET0 ESMF_NETCDF                 : enabled
20211102 071433.785 INFO             PET0 ESMF_PNETCDF                : disabled
20211102 071433.785 INFO             PET0 ESMF_PIO                    : disabled
20211102 071433.785 INFO             PET0 ESMF_YAMLCPP                : enabled
20211102 071433.786 INFO             PET0  NUMBER_OF_PROCESSORS           1
20211102 071433.786 INFO             PET0  PASS  Example ESMF_VMNonBlockingEx, ESMF_VMNonBlockingEx.F90, line 434
20211102 071433.786 INFO             PET0 Finalizing ESMF
