build time -- 2021-11-18 06:22:11
20211118 064613.004 INFO             PET0 !!!!!!!!!!!!!!!!!!!!!!!!!!!!!!!!!!!!!!!!!!!!!!!!!!!!!!
20211118 064613.004 INFO             PET0 !!! THE ESMF_LOG IS SET TO OUTPUT ALL LOG MESSAGES !!!
20211118 064613.004 INFO             PET0 !!!     THIS MAY CAUSE SLOWDOWN IN PERFORMANCE     !!!
20211118 064613.004 INFO             PET0 !!! FOR PRODUCTION RUNS, USE:                      !!!
20211118 064613.004 INFO             PET0 !!!                   ESMF_LOGKIND_Multi_On_Error  !!!
20211118 064613.004 INFO             PET0 !!!!!!!!!!!!!!!!!!!!!!!!!!!!!!!!!!!!!!!!!!!!!!!!!!!!!!
20211118 064613.004 INFO             PET0 Running with ESMF Version   : ESMF_8_3_0_beta_snapshot_02-9-g35b0f617ee
20211118 064613.004 INFO             PET0 ESMF library build date/time: "Nov 18 2021" "06:21:14"
20211118 064613.004 INFO             PET0 ESMF library build location : /scratch1/NCEPDEV/stmp2/Mark.Potts/gfortran_9.2.0b_intelmpi_O_develop
20211118 064613.004 INFO             PET0 ESMF_COMM                   : intelmpi
20211118 064613.007 INFO             PET0 ESMF_MOAB                   : enabled
20211118 064613.007 INFO             PET0 ESMF_LAPACK                 : enabled
20211118 064613.007 INFO             PET0 ESMF_NETCDF                 : disabled
20211118 064613.007 INFO             PET0 ESMF_PNETCDF                : disabled
20211118 064613.007 INFO             PET0 ESMF_PIO                    : enabled
20211118 064613.007 INFO             PET0 ESMF_YAMLCPP                : enabled
20211118 064613.007 INFO             PET0  NUMBER_OF_PROCESSORS           1
20211118 064613.007 INFO             PET0  PASS  Example ESMF_ClockEx, ESMF_ClockEx.F90, line 220
20211118 064613.007 INFO             PET0 Finalizing ESMF
