build time -- 2021-11-24 06:01:13
20211124 062244.189 INFO             PET0 !!!!!!!!!!!!!!!!!!!!!!!!!!!!!!!!!!!!!!!!!!!!!!!!!!!!!!
20211124 062244.189 INFO             PET0 !!! THE ESMF_LOG IS SET TO OUTPUT ALL LOG MESSAGES !!!
20211124 062244.189 INFO             PET0 !!!     THIS MAY CAUSE SLOWDOWN IN PERFORMANCE     !!!
20211124 062244.189 INFO             PET0 !!! FOR PRODUCTION RUNS, USE:                      !!!
20211124 062244.189 INFO             PET0 !!!                   ESMF_LOGKIND_Multi_On_Error  !!!
20211124 062244.189 INFO             PET0 !!!!!!!!!!!!!!!!!!!!!!!!!!!!!!!!!!!!!!!!!!!!!!!!!!!!!!
20211124 062244.189 INFO             PET0 Running with ESMF Version   : ESMF_8_3_0_beta_snapshot_03
20211124 062244.189 INFO             PET0 ESMF library build date/time: "Nov 24 2021" "06:00:16"
20211124 062244.189 INFO             PET0 ESMF library build location : /scratch1/NCEPDEV/stmp2/Mark.Potts/gfortran_9.2.0b_intelmpi_O_develop
20211124 062244.189 INFO             PET0 ESMF_COMM                   : intelmpi
20211124 062244.191 INFO             PET0 ESMF_MOAB                   : enabled
20211124 062244.191 INFO             PET0 ESMF_LAPACK                 : enabled
20211124 062244.191 INFO             PET0 ESMF_NETCDF                 : disabled
20211124 062244.191 INFO             PET0 ESMF_PNETCDF                : disabled
20211124 062244.191 INFO             PET0 ESMF_PIO                    : enabled
20211124 062244.191 INFO             PET0 ESMF_YAMLCPP                : enabled
20211124 062244.191 INFO             PET0  NUMBER_OF_PROCESSORS           2
20211124 062244.191 INFO             PET0  PASS  Example ESMF_VMUserMpiCommEx, ESMF_VMUserMpiCommEx.F90, line 113
20211124 062244.191 INFO             PET0 Finalizing ESMF
20211124 062244.189 INFO             PET1 !!!!!!!!!!!!!!!!!!!!!!!!!!!!!!!!!!!!!!!!!!!!!!!!!!!!!!
20211124 062244.189 INFO             PET1 !!! THE ESMF_LOG IS SET TO OUTPUT ALL LOG MESSAGES !!!
20211124 062244.189 INFO             PET1 !!!     THIS MAY CAUSE SLOWDOWN IN PERFORMANCE     !!!
20211124 062244.189 INFO             PET1 !!! FOR PRODUCTION RUNS, USE:                      !!!
20211124 062244.189 INFO             PET1 !!!                   ESMF_LOGKIND_Multi_On_Error  !!!
20211124 062244.189 INFO             PET1 !!!!!!!!!!!!!!!!!!!!!!!!!!!!!!!!!!!!!!!!!!!!!!!!!!!!!!
20211124 062244.189 INFO             PET1 Running with ESMF Version   : ESMF_8_3_0_beta_snapshot_03
20211124 062244.189 INFO             PET1 ESMF library build date/time: "Nov 24 2021" "06:00:16"
20211124 062244.189 INFO             PET1 ESMF library build location : /scratch1/NCEPDEV/stmp2/Mark.Potts/gfortran_9.2.0b_intelmpi_O_develop
20211124 062244.189 INFO             PET1 ESMF_COMM                   : intelmpi
20211124 062244.191 INFO             PET1 ESMF_MOAB                   : enabled
20211124 062244.191 INFO             PET1 ESMF_LAPACK                 : enabled
20211124 062244.191 INFO             PET1 ESMF_NETCDF                 : disabled
20211124 062244.191 INFO             PET1 ESMF_PNETCDF                : disabled
20211124 062244.191 INFO             PET1 ESMF_PIO                    : enabled
20211124 062244.191 INFO             PET1 ESMF_YAMLCPP                : enabled
20211124 062244.191 INFO             PET1  NUMBER_OF_PROCESSORS           2
20211124 062244.191 INFO             PET1  PASS  Example ESMF_VMUserMpiCommEx, ESMF_VMUserMpiCommEx.F90, line 113
20211124 062244.191 INFO             PET1 Finalizing ESMF
