build time -- 2021-11-21 00:02:48
20211121 003640.124 INFO             PET0 !!!!!!!!!!!!!!!!!!!!!!!!!!!!!!!!!!!!!!!!!!!!!!!!!!!!!!
20211121 003640.124 INFO             PET0 !!! THE ESMF_LOG IS SET TO OUTPUT ALL LOG MESSAGES !!!
20211121 003640.124 INFO             PET0 !!!     THIS MAY CAUSE SLOWDOWN IN PERFORMANCE     !!!
20211121 003640.124 INFO             PET0 !!! FOR PRODUCTION RUNS, USE:                      !!!
20211121 003640.124 INFO             PET0 !!!                   ESMF_LOGKIND_Multi_On_Error  !!!
20211121 003640.124 INFO             PET0 !!!!!!!!!!!!!!!!!!!!!!!!!!!!!!!!!!!!!!!!!!!!!!!!!!!!!!
20211121 003640.124 INFO             PET0 Running with ESMF Version   : 8.3.0 beta snapshot
20211121 003640.124 INFO             PET0 ESMF library build date/time: "Nov 21 2021" "00:00:49"
20211121 003640.124 INFO             PET0 ESMF library build location : /lustre/f2/dev/ncep/Mark.Potts/intel_2019.5_mpi_g_develop
20211121 003640.124 INFO             PET0 ESMF_COMM                   : mpi
20211121 003640.125 INFO             PET0 ESMF_MOAB                   : enabled
20211121 003640.125 INFO             PET0 ESMF_LAPACK                 : enabled
20211121 003640.125 INFO             PET0 ESMF_NETCDF                 : enabled
20211121 003640.125 INFO             PET0 ESMF_PNETCDF                : disabled
20211121 003640.125 INFO             PET0 ESMF_PIO                    : enabled
20211121 003640.125 INFO             PET0 ESMF_YAMLCPP                : enabled
20211121 003640.182 INFO             PET0  NUMBER_OF_PROCESSORS           4
20211121 003640.182 INFO             PET0  PASS  Example ESMF_RHandleBitForBitEx, ESMF_RHandleBitForBitEx.F90, line 1557
20211121 003640.182 INFO             PET0 Finalizing ESMF
20211121 003640.017 INFO             PET1 !!!!!!!!!!!!!!!!!!!!!!!!!!!!!!!!!!!!!!!!!!!!!!!!!!!!!!
20211121 003640.017 INFO             PET1 !!! THE ESMF_LOG IS SET TO OUTPUT ALL LOG MESSAGES !!!
20211121 003640.017 INFO             PET1 !!!     THIS MAY CAUSE SLOWDOWN IN PERFORMANCE     !!!
20211121 003640.017 INFO             PET1 !!! FOR PRODUCTION RUNS, USE:                      !!!
20211121 003640.017 INFO             PET1 !!!                   ESMF_LOGKIND_Multi_On_Error  !!!
20211121 003640.017 INFO             PET1 !!!!!!!!!!!!!!!!!!!!!!!!!!!!!!!!!!!!!!!!!!!!!!!!!!!!!!
20211121 003640.017 INFO             PET1 Running with ESMF Version   : 8.3.0 beta snapshot
20211121 003640.017 INFO             PET1 ESMF library build date/time: "Nov 21 2021" "00:00:49"
20211121 003640.017 INFO             PET1 ESMF library build location : /lustre/f2/dev/ncep/Mark.Potts/intel_2019.5_mpi_g_develop
20211121 003640.017 INFO             PET1 ESMF_COMM                   : mpi
20211121 003640.018 INFO             PET1 ESMF_MOAB                   : enabled
20211121 003640.018 INFO             PET1 ESMF_LAPACK                 : enabled
20211121 003640.018 INFO             PET1 ESMF_NETCDF                 : enabled
20211121 003640.018 INFO             PET1 ESMF_PNETCDF                : disabled
20211121 003640.018 INFO             PET1 ESMF_PIO                    : enabled
20211121 003640.018 INFO             PET1 ESMF_YAMLCPP                : enabled
20211121 003640.182 INFO             PET1  NUMBER_OF_PROCESSORS           4
20211121 003640.182 INFO             PET1  PASS  Example ESMF_RHandleBitForBitEx, ESMF_RHandleBitForBitEx.F90, line 1557
20211121 003640.182 INFO             PET1 Finalizing ESMF
20211121 003640.018 INFO             PET2 !!!!!!!!!!!!!!!!!!!!!!!!!!!!!!!!!!!!!!!!!!!!!!!!!!!!!!
20211121 003640.018 INFO             PET2 !!! THE ESMF_LOG IS SET TO OUTPUT ALL LOG MESSAGES !!!
20211121 003640.018 INFO             PET2 !!!     THIS MAY CAUSE SLOWDOWN IN PERFORMANCE     !!!
20211121 003640.018 INFO             PET2 !!! FOR PRODUCTION RUNS, USE:                      !!!
20211121 003640.018 INFO             PET2 !!!                   ESMF_LOGKIND_Multi_On_Error  !!!
20211121 003640.018 INFO             PET2 !!!!!!!!!!!!!!!!!!!!!!!!!!!!!!!!!!!!!!!!!!!!!!!!!!!!!!
20211121 003640.018 INFO             PET2 Running with ESMF Version   : 8.3.0 beta snapshot
20211121 003640.018 INFO             PET2 ESMF library build date/time: "Nov 21 2021" "00:00:49"
20211121 003640.018 INFO             PET2 ESMF library build location : /lustre/f2/dev/ncep/Mark.Potts/intel_2019.5_mpi_g_develop
20211121 003640.018 INFO             PET2 ESMF_COMM                   : mpi
20211121 003640.019 INFO             PET2 ESMF_MOAB                   : enabled
20211121 003640.019 INFO             PET2 ESMF_LAPACK                 : enabled
20211121 003640.019 INFO             PET2 ESMF_NETCDF                 : enabled
20211121 003640.019 INFO             PET2 ESMF_PNETCDF                : disabled
20211121 003640.019 INFO             PET2 ESMF_PIO                    : enabled
20211121 003640.019 INFO             PET2 ESMF_YAMLCPP                : enabled
20211121 003640.182 INFO             PET2  NUMBER_OF_PROCESSORS           4
20211121 003640.182 INFO             PET2  PASS  Example ESMF_RHandleBitForBitEx, ESMF_RHandleBitForBitEx.F90, line 1557
20211121 003640.182 INFO             PET2 Finalizing ESMF
20211121 003640.017 INFO             PET3 !!!!!!!!!!!!!!!!!!!!!!!!!!!!!!!!!!!!!!!!!!!!!!!!!!!!!!
20211121 003640.017 INFO             PET3 !!! THE ESMF_LOG IS SET TO OUTPUT ALL LOG MESSAGES !!!
20211121 003640.017 INFO             PET3 !!!     THIS MAY CAUSE SLOWDOWN IN PERFORMANCE     !!!
20211121 003640.017 INFO             PET3 !!! FOR PRODUCTION RUNS, USE:                      !!!
20211121 003640.017 INFO             PET3 !!!                   ESMF_LOGKIND_Multi_On_Error  !!!
20211121 003640.017 INFO             PET3 !!!!!!!!!!!!!!!!!!!!!!!!!!!!!!!!!!!!!!!!!!!!!!!!!!!!!!
20211121 003640.017 INFO             PET3 Running with ESMF Version   : 8.3.0 beta snapshot
20211121 003640.017 INFO             PET3 ESMF library build date/time: "Nov 21 2021" "00:00:49"
20211121 003640.017 INFO             PET3 ESMF library build location : /lustre/f2/dev/ncep/Mark.Potts/intel_2019.5_mpi_g_develop
20211121 003640.017 INFO             PET3 ESMF_COMM                   : mpi
20211121 003640.018 INFO             PET3 ESMF_MOAB                   : enabled
20211121 003640.018 INFO             PET3 ESMF_LAPACK                 : enabled
20211121 003640.018 INFO             PET3 ESMF_NETCDF                 : enabled
20211121 003640.018 INFO             PET3 ESMF_PNETCDF                : disabled
20211121 003640.018 INFO             PET3 ESMF_PIO                    : enabled
20211121 003640.018 INFO             PET3 ESMF_YAMLCPP                : enabled
20211121 003640.182 INFO             PET3  NUMBER_OF_PROCESSORS           4
20211121 003640.182 INFO             PET3  PASS  Example ESMF_RHandleBitForBitEx, ESMF_RHandleBitForBitEx.F90, line 1557
20211121 003640.182 INFO             PET3 Finalizing ESMF
