build time -- 2021-11-27 00:13:48
20211127 012649.234 INFO             PET0 !!!!!!!!!!!!!!!!!!!!!!!!!!!!!!!!!!!!!!!!!!!!!!!!!!!!!!
20211127 012649.234 INFO             PET0 !!! THE ESMF_LOG IS SET TO OUTPUT ALL LOG MESSAGES !!!
20211127 012649.234 INFO             PET0 !!!     THIS MAY CAUSE SLOWDOWN IN PERFORMANCE     !!!
20211127 012649.234 INFO             PET0 !!! FOR PRODUCTION RUNS, USE:                      !!!
20211127 012649.234 INFO             PET0 !!!                   ESMF_LOGKIND_Multi_On_Error  !!!
20211127 012649.234 INFO             PET0 !!!!!!!!!!!!!!!!!!!!!!!!!!!!!!!!!!!!!!!!!!!!!!!!!!!!!!
20211127 012649.234 INFO             PET0 Running with ESMF Version   : 8.3.0 beta snapshot
20211127 012649.234 INFO             PET0 ESMF library build date/time: "Nov 27 2021" "00:10:59"
20211127 012649.234 INFO             PET0 ESMF library build location : /lustre/f2/dev/ncep/Mark.Potts/intel_2019.5_mpi_g_develop
20211127 012649.234 INFO             PET0 ESMF_COMM                   : mpi
20211127 012649.236 INFO             PET0 ESMF_MOAB                   : enabled
20211127 012649.236 INFO             PET0 ESMF_LAPACK                 : enabled
20211127 012649.236 INFO             PET0 ESMF_NETCDF                 : enabled
20211127 012649.236 INFO             PET0 ESMF_PNETCDF                : disabled
20211127 012649.236 INFO             PET0 ESMF_PIO                    : enabled
20211127 012649.236 INFO             PET0 ESMF_YAMLCPP                : enabled
20211127 012649.237 INFO             PET0  NUMBER_OF_PROCESSORS           1
20211127 012649.237 INFO             PET0  PASS  Example ESMF_TimeIntervalEx, ESMF_TimeIntervalEx.F90, line 176
20211127 012649.237 INFO             PET0 Finalizing ESMF
