build time -- 2021-11-07 00:40:26
20211107 011609.700 INFO             PET0 !!!!!!!!!!!!!!!!!!!!!!!!!!!!!!!!!!!!!!!!!!!!!!!!!!!!!!
20211107 011609.700 INFO             PET0 !!! THE ESMF_LOG IS SET TO OUTPUT ALL LOG MESSAGES !!!
20211107 011609.700 INFO             PET0 !!!     THIS MAY CAUSE SLOWDOWN IN PERFORMANCE     !!!
20211107 011609.700 INFO             PET0 !!! FOR PRODUCTION RUNS, USE:                      !!!
20211107 011609.700 INFO             PET0 !!!                   ESMF_LOGKIND_Multi_On_Error  !!!
20211107 011609.700 INFO             PET0 !!!!!!!!!!!!!!!!!!!!!!!!!!!!!!!!!!!!!!!!!!!!!!!!!!!!!!
20211107 011609.700 INFO             PET0 Running with ESMF Version   : 8.3.0 beta snapshot
20211107 011609.700 INFO             PET0 ESMF library build date/time: "Nov  7 2021" "00:37:33"
20211107 011609.700 INFO             PET0 ESMF library build location : /lustre/f2/dev/ncep/Mark.Potts/intel_2019.5_mpi_g_develop
20211107 011609.700 INFO             PET0 ESMF_COMM                   : mpi
20211107 011609.701 INFO             PET0 ESMF_MOAB                   : enabled
20211107 011609.701 INFO             PET0 ESMF_LAPACK                 : enabled
20211107 011609.701 INFO             PET0 ESMF_NETCDF                 : enabled
20211107 011609.701 INFO             PET0 ESMF_PNETCDF                : disabled
20211107 011609.701 INFO             PET0 ESMF_PIO                    : enabled
20211107 011609.701 INFO             PET0 ESMF_YAMLCPP                : enabled
20211107 011609.701 INFO             PET0  NUMBER_OF_PROCESSORS           2
20211107 011609.701 INFO             PET0  PASS  Example ESMF_VMUserMpiCommEx, ESMF_VMUserMpiCommEx.F90, line 113
20211107 011609.701 INFO             PET0 Finalizing ESMF
20211107 011609.697 INFO             PET1 !!!!!!!!!!!!!!!!!!!!!!!!!!!!!!!!!!!!!!!!!!!!!!!!!!!!!!
20211107 011609.697 INFO             PET1 !!! THE ESMF_LOG IS SET TO OUTPUT ALL LOG MESSAGES !!!
20211107 011609.697 INFO             PET1 !!!     THIS MAY CAUSE SLOWDOWN IN PERFORMANCE     !!!
20211107 011609.697 INFO             PET1 !!! FOR PRODUCTION RUNS, USE:                      !!!
20211107 011609.697 INFO             PET1 !!!                   ESMF_LOGKIND_Multi_On_Error  !!!
20211107 011609.697 INFO             PET1 !!!!!!!!!!!!!!!!!!!!!!!!!!!!!!!!!!!!!!!!!!!!!!!!!!!!!!
20211107 011609.697 INFO             PET1 Running with ESMF Version   : 8.3.0 beta snapshot
20211107 011609.697 INFO             PET1 ESMF library build date/time: "Nov  7 2021" "00:37:33"
20211107 011609.697 INFO             PET1 ESMF library build location : /lustre/f2/dev/ncep/Mark.Potts/intel_2019.5_mpi_g_develop
20211107 011609.697 INFO             PET1 ESMF_COMM                   : mpi
20211107 011609.698 INFO             PET1 ESMF_MOAB                   : enabled
20211107 011609.698 INFO             PET1 ESMF_LAPACK                 : enabled
20211107 011609.698 INFO             PET1 ESMF_NETCDF                 : enabled
20211107 011609.698 INFO             PET1 ESMF_PNETCDF                : disabled
20211107 011609.698 INFO             PET1 ESMF_PIO                    : enabled
20211107 011609.698 INFO             PET1 ESMF_YAMLCPP                : enabled
20211107 011609.701 INFO             PET1  NUMBER_OF_PROCESSORS           2
20211107 011609.701 INFO             PET1  PASS  Example ESMF_VMUserMpiCommEx, ESMF_VMUserMpiCommEx.F90, line 113
20211107 011609.701 INFO             PET1 Finalizing ESMF
