build time -- 2021-12-12 23:56:09
20211213 003533.995 INFO             PET0 !!!!!!!!!!!!!!!!!!!!!!!!!!!!!!!!!!!!!!!!!!!!!!!!!!!!!!
20211213 003533.995 INFO             PET0 !!! THE ESMF_LOG IS SET TO OUTPUT ALL LOG MESSAGES !!!
20211213 003533.995 INFO             PET0 !!!     THIS MAY CAUSE SLOWDOWN IN PERFORMANCE     !!!
20211213 003533.995 INFO             PET0 !!! FOR PRODUCTION RUNS, USE:                      !!!
20211213 003533.995 INFO             PET0 !!!                   ESMF_LOGKIND_Multi_On_Error  !!!
20211213 003533.995 INFO             PET0 !!!!!!!!!!!!!!!!!!!!!!!!!!!!!!!!!!!!!!!!!!!!!!!!!!!!!!
20211213 003533.995 INFO             PET0 Running with ESMF Version   : 8.3.0 beta snapshot
20211213 003533.995 INFO             PET0 ESMF library build date/time: "Dec 12 2021" "23:54:10"
20211213 003533.995 INFO             PET0 ESMF library build location : /lustre/f2/dev/ncep/Mark.Potts/intel_2019.5_mpi_g_develop
20211213 003533.995 INFO             PET0 ESMF_COMM                   : mpi
20211213 003533.996 INFO             PET0 ESMF_MOAB                   : enabled
20211213 003533.996 INFO             PET0 ESMF_LAPACK                 : enabled
20211213 003533.996 INFO             PET0 ESMF_NETCDF                 : enabled
20211213 003533.996 INFO             PET0 ESMF_PNETCDF                : disabled
20211213 003533.996 INFO             PET0 ESMF_PIO                    : enabled
20211213 003533.996 INFO             PET0 ESMF_YAMLCPP                : enabled
20211213 003534.049 INFO             PET0  NUMBER_OF_PROCESSORS           4
20211213 003534.049 INFO             PET0  PASS  Example ESMF_RHandleDynamicMaskingEx, ESMF_RHandleDynamicMaskingEx.F90, line 1116
20211213 003534.049 INFO             PET0 Finalizing ESMF
20211213 003534.001 INFO             PET1 !!!!!!!!!!!!!!!!!!!!!!!!!!!!!!!!!!!!!!!!!!!!!!!!!!!!!!
20211213 003534.001 INFO             PET1 !!! THE ESMF_LOG IS SET TO OUTPUT ALL LOG MESSAGES !!!
20211213 003534.001 INFO             PET1 !!!     THIS MAY CAUSE SLOWDOWN IN PERFORMANCE     !!!
20211213 003534.001 INFO             PET1 !!! FOR PRODUCTION RUNS, USE:                      !!!
20211213 003534.001 INFO             PET1 !!!                   ESMF_LOGKIND_Multi_On_Error  !!!
20211213 003534.001 INFO             PET1 !!!!!!!!!!!!!!!!!!!!!!!!!!!!!!!!!!!!!!!!!!!!!!!!!!!!!!
20211213 003534.001 INFO             PET1 Running with ESMF Version   : 8.3.0 beta snapshot
20211213 003534.001 INFO             PET1 ESMF library build date/time: "Dec 12 2021" "23:54:10"
20211213 003534.001 INFO             PET1 ESMF library build location : /lustre/f2/dev/ncep/Mark.Potts/intel_2019.5_mpi_g_develop
20211213 003534.001 INFO             PET1 ESMF_COMM                   : mpi
20211213 003534.002 INFO             PET1 ESMF_MOAB                   : enabled
20211213 003534.002 INFO             PET1 ESMF_LAPACK                 : enabled
20211213 003534.002 INFO             PET1 ESMF_NETCDF                 : enabled
20211213 003534.002 INFO             PET1 ESMF_PNETCDF                : disabled
20211213 003534.002 INFO             PET1 ESMF_PIO                    : enabled
20211213 003534.002 INFO             PET1 ESMF_YAMLCPP                : enabled
20211213 003534.049 INFO             PET1  NUMBER_OF_PROCESSORS           4
20211213 003534.049 INFO             PET1  PASS  Example ESMF_RHandleDynamicMaskingEx, ESMF_RHandleDynamicMaskingEx.F90, line 1116
20211213 003534.049 INFO             PET1 Finalizing ESMF
20211213 003533.991 INFO             PET2 !!!!!!!!!!!!!!!!!!!!!!!!!!!!!!!!!!!!!!!!!!!!!!!!!!!!!!
20211213 003533.991 INFO             PET2 !!! THE ESMF_LOG IS SET TO OUTPUT ALL LOG MESSAGES !!!
20211213 003533.991 INFO             PET2 !!!     THIS MAY CAUSE SLOWDOWN IN PERFORMANCE     !!!
20211213 003533.991 INFO             PET2 !!! FOR PRODUCTION RUNS, USE:                      !!!
20211213 003533.991 INFO             PET2 !!!                   ESMF_LOGKIND_Multi_On_Error  !!!
20211213 003533.991 INFO             PET2 !!!!!!!!!!!!!!!!!!!!!!!!!!!!!!!!!!!!!!!!!!!!!!!!!!!!!!
20211213 003533.991 INFO             PET2 Running with ESMF Version   : 8.3.0 beta snapshot
20211213 003533.991 INFO             PET2 ESMF library build date/time: "Dec 12 2021" "23:54:10"
20211213 003533.992 INFO             PET2 ESMF library build location : /lustre/f2/dev/ncep/Mark.Potts/intel_2019.5_mpi_g_develop
20211213 003533.992 INFO             PET2 ESMF_COMM                   : mpi
20211213 003533.992 INFO             PET2 ESMF_MOAB                   : enabled
20211213 003533.992 INFO             PET2 ESMF_LAPACK                 : enabled
20211213 003533.992 INFO             PET2 ESMF_NETCDF                 : enabled
20211213 003533.992 INFO             PET2 ESMF_PNETCDF                : disabled
20211213 003533.992 INFO             PET2 ESMF_PIO                    : enabled
20211213 003533.993 INFO             PET2 ESMF_YAMLCPP                : enabled
20211213 003534.049 INFO             PET2  NUMBER_OF_PROCESSORS           4
20211213 003534.049 INFO             PET2  PASS  Example ESMF_RHandleDynamicMaskingEx, ESMF_RHandleDynamicMaskingEx.F90, line 1116
20211213 003534.049 INFO             PET2 Finalizing ESMF
20211213 003533.997 INFO             PET3 !!!!!!!!!!!!!!!!!!!!!!!!!!!!!!!!!!!!!!!!!!!!!!!!!!!!!!
20211213 003533.997 INFO             PET3 !!! THE ESMF_LOG IS SET TO OUTPUT ALL LOG MESSAGES !!!
20211213 003533.997 INFO             PET3 !!!     THIS MAY CAUSE SLOWDOWN IN PERFORMANCE     !!!
20211213 003533.997 INFO             PET3 !!! FOR PRODUCTION RUNS, USE:                      !!!
20211213 003533.997 INFO             PET3 !!!                   ESMF_LOGKIND_Multi_On_Error  !!!
20211213 003533.997 INFO             PET3 !!!!!!!!!!!!!!!!!!!!!!!!!!!!!!!!!!!!!!!!!!!!!!!!!!!!!!
20211213 003533.997 INFO             PET3 Running with ESMF Version   : 8.3.0 beta snapshot
20211213 003533.997 INFO             PET3 ESMF library build date/time: "Dec 12 2021" "23:54:10"
20211213 003533.997 INFO             PET3 ESMF library build location : /lustre/f2/dev/ncep/Mark.Potts/intel_2019.5_mpi_g_develop
20211213 003533.997 INFO             PET3 ESMF_COMM                   : mpi
20211213 003533.999 INFO             PET3 ESMF_MOAB                   : enabled
20211213 003533.999 INFO             PET3 ESMF_LAPACK                 : enabled
20211213 003533.999 INFO             PET3 ESMF_NETCDF                 : enabled
20211213 003533.999 INFO             PET3 ESMF_PNETCDF                : disabled
20211213 003533.999 INFO             PET3 ESMF_PIO                    : enabled
20211213 003533.999 INFO             PET3 ESMF_YAMLCPP                : enabled
20211213 003534.049 INFO             PET3  NUMBER_OF_PROCESSORS           4
20211213 003534.049 INFO             PET3  PASS  Example ESMF_RHandleDynamicMaskingEx, ESMF_RHandleDynamicMaskingEx.F90, line 1116
20211213 003534.049 INFO             PET3 Finalizing ESMF
