build time -- 2021-11-05 00:37:01
20211105 012756.129 INFO             PET0 !!!!!!!!!!!!!!!!!!!!!!!!!!!!!!!!!!!!!!!!!!!!!!!!!!!!!!
20211105 012756.129 INFO             PET0 !!! THE ESMF_LOG IS SET TO OUTPUT ALL LOG MESSAGES !!!
20211105 012756.129 INFO             PET0 !!!     THIS MAY CAUSE SLOWDOWN IN PERFORMANCE     !!!
20211105 012756.129 INFO             PET0 !!! FOR PRODUCTION RUNS, USE:                      !!!
20211105 012756.129 INFO             PET0 !!!                   ESMF_LOGKIND_Multi_On_Error  !!!
20211105 012756.129 INFO             PET0 !!!!!!!!!!!!!!!!!!!!!!!!!!!!!!!!!!!!!!!!!!!!!!!!!!!!!!
20211105 012756.129 INFO             PET0 Running with ESMF Version   : 8.3.0 beta snapshot
20211105 012756.129 INFO             PET0 ESMF library build date/time: "Nov  5 2021" "00:34:09"
20211105 012756.129 INFO             PET0 ESMF library build location : /lustre/f2/dev/ncep/Mark.Potts/intel_2019.5_mpi_g_develop
20211105 012756.129 INFO             PET0 ESMF_COMM                   : mpi
20211105 012756.130 INFO             PET0 ESMF_MOAB                   : enabled
20211105 012756.130 INFO             PET0 ESMF_LAPACK                 : enabled
20211105 012756.130 INFO             PET0 ESMF_NETCDF                 : enabled
20211105 012756.130 INFO             PET0 ESMF_PNETCDF                : disabled
20211105 012756.130 INFO             PET0 ESMF_PIO                    : enabled
20211105 012756.130 INFO             PET0 ESMF_YAMLCPP                : enabled
20211105 012756.611 INFO             PET0  NUMBER_OF_PROCESSORS           4
20211105 012756.611 INFO             PET0  PASS  Example ESMF_ArrayScatterGatherEx, ESMF_ArrayScatterGatherEx.F90, line 328
20211105 012756.611 INFO             PET0 Finalizing ESMF
20211105 012756.131 INFO             PET1 !!!!!!!!!!!!!!!!!!!!!!!!!!!!!!!!!!!!!!!!!!!!!!!!!!!!!!
20211105 012756.131 INFO             PET1 !!! THE ESMF_LOG IS SET TO OUTPUT ALL LOG MESSAGES !!!
20211105 012756.131 INFO             PET1 !!!     THIS MAY CAUSE SLOWDOWN IN PERFORMANCE     !!!
20211105 012756.131 INFO             PET1 !!! FOR PRODUCTION RUNS, USE:                      !!!
20211105 012756.131 INFO             PET1 !!!                   ESMF_LOGKIND_Multi_On_Error  !!!
20211105 012756.131 INFO             PET1 !!!!!!!!!!!!!!!!!!!!!!!!!!!!!!!!!!!!!!!!!!!!!!!!!!!!!!
20211105 012756.131 INFO             PET1 Running with ESMF Version   : 8.3.0 beta snapshot
20211105 012756.131 INFO             PET1 ESMF library build date/time: "Nov  5 2021" "00:34:09"
20211105 012756.131 INFO             PET1 ESMF library build location : /lustre/f2/dev/ncep/Mark.Potts/intel_2019.5_mpi_g_develop
20211105 012756.131 INFO             PET1 ESMF_COMM                   : mpi
20211105 012756.132 INFO             PET1 ESMF_MOAB                   : enabled
20211105 012756.132 INFO             PET1 ESMF_LAPACK                 : enabled
20211105 012756.132 INFO             PET1 ESMF_NETCDF                 : enabled
20211105 012756.132 INFO             PET1 ESMF_PNETCDF                : disabled
20211105 012756.132 INFO             PET1 ESMF_PIO                    : enabled
20211105 012756.132 INFO             PET1 ESMF_YAMLCPP                : enabled
20211105 012756.611 INFO             PET1  NUMBER_OF_PROCESSORS           4
20211105 012756.611 INFO             PET1  PASS  Example ESMF_ArrayScatterGatherEx, ESMF_ArrayScatterGatherEx.F90, line 328
20211105 012756.611 INFO             PET1 Finalizing ESMF
20211105 012756.116 INFO             PET2 !!!!!!!!!!!!!!!!!!!!!!!!!!!!!!!!!!!!!!!!!!!!!!!!!!!!!!
20211105 012756.116 INFO             PET2 !!! THE ESMF_LOG IS SET TO OUTPUT ALL LOG MESSAGES !!!
20211105 012756.116 INFO             PET2 !!!     THIS MAY CAUSE SLOWDOWN IN PERFORMANCE     !!!
20211105 012756.116 INFO             PET2 !!! FOR PRODUCTION RUNS, USE:                      !!!
20211105 012756.116 INFO             PET2 !!!                   ESMF_LOGKIND_Multi_On_Error  !!!
20211105 012756.116 INFO             PET2 !!!!!!!!!!!!!!!!!!!!!!!!!!!!!!!!!!!!!!!!!!!!!!!!!!!!!!
20211105 012756.116 INFO             PET2 Running with ESMF Version   : 8.3.0 beta snapshot
20211105 012756.116 INFO             PET2 ESMF library build date/time: "Nov  5 2021" "00:34:09"
20211105 012756.116 INFO             PET2 ESMF library build location : /lustre/f2/dev/ncep/Mark.Potts/intel_2019.5_mpi_g_develop
20211105 012756.116 INFO             PET2 ESMF_COMM                   : mpi
20211105 012756.427 INFO             PET2 ESMF_MOAB                   : enabled
20211105 012756.427 INFO             PET2 ESMF_LAPACK                 : enabled
20211105 012756.427 INFO             PET2 ESMF_NETCDF                 : enabled
20211105 012756.427 INFO             PET2 ESMF_PNETCDF                : disabled
20211105 012756.427 INFO             PET2 ESMF_PIO                    : enabled
20211105 012756.427 INFO             PET2 ESMF_YAMLCPP                : enabled
20211105 012756.611 INFO             PET2  NUMBER_OF_PROCESSORS           4
20211105 012756.611 INFO             PET2  PASS  Example ESMF_ArrayScatterGatherEx, ESMF_ArrayScatterGatherEx.F90, line 328
20211105 012756.611 INFO             PET2 Finalizing ESMF
20211105 012756.125 INFO             PET3 !!!!!!!!!!!!!!!!!!!!!!!!!!!!!!!!!!!!!!!!!!!!!!!!!!!!!!
20211105 012756.125 INFO             PET3 !!! THE ESMF_LOG IS SET TO OUTPUT ALL LOG MESSAGES !!!
20211105 012756.125 INFO             PET3 !!!     THIS MAY CAUSE SLOWDOWN IN PERFORMANCE     !!!
20211105 012756.125 INFO             PET3 !!! FOR PRODUCTION RUNS, USE:                      !!!
20211105 012756.125 INFO             PET3 !!!                   ESMF_LOGKIND_Multi_On_Error  !!!
20211105 012756.125 INFO             PET3 !!!!!!!!!!!!!!!!!!!!!!!!!!!!!!!!!!!!!!!!!!!!!!!!!!!!!!
20211105 012756.125 INFO             PET3 Running with ESMF Version   : 8.3.0 beta snapshot
20211105 012756.125 INFO             PET3 ESMF library build date/time: "Nov  5 2021" "00:34:09"
20211105 012756.125 INFO             PET3 ESMF library build location : /lustre/f2/dev/ncep/Mark.Potts/intel_2019.5_mpi_g_develop
20211105 012756.125 INFO             PET3 ESMF_COMM                   : mpi
20211105 012756.126 INFO             PET3 ESMF_MOAB                   : enabled
20211105 012756.126 INFO             PET3 ESMF_LAPACK                 : enabled
20211105 012756.126 INFO             PET3 ESMF_NETCDF                 : enabled
20211105 012756.126 INFO             PET3 ESMF_PNETCDF                : disabled
20211105 012756.126 INFO             PET3 ESMF_PIO                    : enabled
20211105 012756.126 INFO             PET3 ESMF_YAMLCPP                : enabled
20211105 012756.611 INFO             PET3  NUMBER_OF_PROCESSORS           4
20211105 012756.611 INFO             PET3  PASS  Example ESMF_ArrayScatterGatherEx, ESMF_ArrayScatterGatherEx.F90, line 328
20211105 012756.611 INFO             PET3 Finalizing ESMF
