build time -- 2021-10-30 00:56:08
20211030 013814.102 INFO             PET0 !!!!!!!!!!!!!!!!!!!!!!!!!!!!!!!!!!!!!!!!!!!!!!!!!!!!!!
20211030 013814.102 INFO             PET0 !!! THE ESMF_LOG IS SET TO OUTPUT ALL LOG MESSAGES !!!
20211030 013814.102 INFO             PET0 !!!     THIS MAY CAUSE SLOWDOWN IN PERFORMANCE     !!!
20211030 013814.102 INFO             PET0 !!! FOR PRODUCTION RUNS, USE:                      !!!
20211030 013814.102 INFO             PET0 !!!                   ESMF_LOGKIND_Multi_On_Error  !!!
20211030 013814.102 INFO             PET0 !!!!!!!!!!!!!!!!!!!!!!!!!!!!!!!!!!!!!!!!!!!!!!!!!!!!!!
20211030 013814.102 INFO             PET0 Running with ESMF Version   : 8.3.0 beta snapshot
20211030 013814.102 INFO             PET0 ESMF library build date/time: "Oct 30 2021" "00:53:56"
20211030 013814.102 INFO             PET0 ESMF library build location : /lustre/f2/dev/ncep/Mark.Potts/intel_2019.5_mpi_g_develop
20211030 013814.102 INFO             PET0 ESMF_COMM                   : mpi
20211030 013814.103 INFO             PET0 ESMF_MOAB                   : enabled
20211030 013814.103 INFO             PET0 ESMF_LAPACK                 : enabled
20211030 013814.103 INFO             PET0 ESMF_NETCDF                 : enabled
20211030 013814.103 INFO             PET0 ESMF_PNETCDF                : disabled
20211030 013814.103 INFO             PET0 ESMF_PIO                    : enabled
20211030 013814.103 INFO             PET0 ESMF_YAMLCPP                : enabled
20211030 013814.114 INFO             PET0  NUMBER_OF_PROCESSORS           4
20211030 013814.114 INFO             PET0  PASS  Example ESMF_NUOPCBasicModelEx, ESMF_NUOPCBasicModelEx.F90, line 339
20211030 013814.114 INFO             PET0 Finalizing ESMF
20211030 013814.086 INFO             PET1 !!!!!!!!!!!!!!!!!!!!!!!!!!!!!!!!!!!!!!!!!!!!!!!!!!!!!!
20211030 013814.086 INFO             PET1 !!! THE ESMF_LOG IS SET TO OUTPUT ALL LOG MESSAGES !!!
20211030 013814.086 INFO             PET1 !!!     THIS MAY CAUSE SLOWDOWN IN PERFORMANCE     !!!
20211030 013814.086 INFO             PET1 !!! FOR PRODUCTION RUNS, USE:                      !!!
20211030 013814.086 INFO             PET1 !!!                   ESMF_LOGKIND_Multi_On_Error  !!!
20211030 013814.086 INFO             PET1 !!!!!!!!!!!!!!!!!!!!!!!!!!!!!!!!!!!!!!!!!!!!!!!!!!!!!!
20211030 013814.086 INFO             PET1 Running with ESMF Version   : 8.3.0 beta snapshot
20211030 013814.086 INFO             PET1 ESMF library build date/time: "Oct 30 2021" "00:53:56"
20211030 013814.086 INFO             PET1 ESMF library build location : /lustre/f2/dev/ncep/Mark.Potts/intel_2019.5_mpi_g_develop
20211030 013814.086 INFO             PET1 ESMF_COMM                   : mpi
20211030 013814.087 INFO             PET1 ESMF_MOAB                   : enabled
20211030 013814.087 INFO             PET1 ESMF_LAPACK                 : enabled
20211030 013814.087 INFO             PET1 ESMF_NETCDF                 : enabled
20211030 013814.087 INFO             PET1 ESMF_PNETCDF                : disabled
20211030 013814.087 INFO             PET1 ESMF_PIO                    : enabled
20211030 013814.087 INFO             PET1 ESMF_YAMLCPP                : enabled
20211030 013814.114 INFO             PET1  NUMBER_OF_PROCESSORS           4
20211030 013814.114 INFO             PET1  PASS  Example ESMF_NUOPCBasicModelEx, ESMF_NUOPCBasicModelEx.F90, line 339
20211030 013814.114 INFO             PET1 Finalizing ESMF
20211030 013814.090 INFO             PET2 !!!!!!!!!!!!!!!!!!!!!!!!!!!!!!!!!!!!!!!!!!!!!!!!!!!!!!
20211030 013814.090 INFO             PET2 !!! THE ESMF_LOG IS SET TO OUTPUT ALL LOG MESSAGES !!!
20211030 013814.090 INFO             PET2 !!!     THIS MAY CAUSE SLOWDOWN IN PERFORMANCE     !!!
20211030 013814.090 INFO             PET2 !!! FOR PRODUCTION RUNS, USE:                      !!!
20211030 013814.090 INFO             PET2 !!!                   ESMF_LOGKIND_Multi_On_Error  !!!
20211030 013814.090 INFO             PET2 !!!!!!!!!!!!!!!!!!!!!!!!!!!!!!!!!!!!!!!!!!!!!!!!!!!!!!
20211030 013814.090 INFO             PET2 Running with ESMF Version   : 8.3.0 beta snapshot
20211030 013814.090 INFO             PET2 ESMF library build date/time: "Oct 30 2021" "00:53:56"
20211030 013814.090 INFO             PET2 ESMF library build location : /lustre/f2/dev/ncep/Mark.Potts/intel_2019.5_mpi_g_develop
20211030 013814.090 INFO             PET2 ESMF_COMM                   : mpi
20211030 013814.091 INFO             PET2 ESMF_MOAB                   : enabled
20211030 013814.091 INFO             PET2 ESMF_LAPACK                 : enabled
20211030 013814.091 INFO             PET2 ESMF_NETCDF                 : enabled
20211030 013814.091 INFO             PET2 ESMF_PNETCDF                : disabled
20211030 013814.091 INFO             PET2 ESMF_PIO                    : enabled
20211030 013814.091 INFO             PET2 ESMF_YAMLCPP                : enabled
20211030 013814.114 INFO             PET2  NUMBER_OF_PROCESSORS           4
20211030 013814.114 INFO             PET2  PASS  Example ESMF_NUOPCBasicModelEx, ESMF_NUOPCBasicModelEx.F90, line 339
20211030 013814.114 INFO             PET2 Finalizing ESMF
20211030 013814.094 INFO             PET3 !!!!!!!!!!!!!!!!!!!!!!!!!!!!!!!!!!!!!!!!!!!!!!!!!!!!!!
20211030 013814.094 INFO             PET3 !!! THE ESMF_LOG IS SET TO OUTPUT ALL LOG MESSAGES !!!
20211030 013814.094 INFO             PET3 !!!     THIS MAY CAUSE SLOWDOWN IN PERFORMANCE     !!!
20211030 013814.094 INFO             PET3 !!! FOR PRODUCTION RUNS, USE:                      !!!
20211030 013814.094 INFO             PET3 !!!                   ESMF_LOGKIND_Multi_On_Error  !!!
20211030 013814.094 INFO             PET3 !!!!!!!!!!!!!!!!!!!!!!!!!!!!!!!!!!!!!!!!!!!!!!!!!!!!!!
20211030 013814.094 INFO             PET3 Running with ESMF Version   : 8.3.0 beta snapshot
20211030 013814.094 INFO             PET3 ESMF library build date/time: "Oct 30 2021" "00:53:56"
20211030 013814.094 INFO             PET3 ESMF library build location : /lustre/f2/dev/ncep/Mark.Potts/intel_2019.5_mpi_g_develop
20211030 013814.094 INFO             PET3 ESMF_COMM                   : mpi
20211030 013814.095 INFO             PET3 ESMF_MOAB                   : enabled
20211030 013814.095 INFO             PET3 ESMF_LAPACK                 : enabled
20211030 013814.095 INFO             PET3 ESMF_NETCDF                 : enabled
20211030 013814.095 INFO             PET3 ESMF_PNETCDF                : disabled
20211030 013814.095 INFO             PET3 ESMF_PIO                    : enabled
20211030 013814.095 INFO             PET3 ESMF_YAMLCPP                : enabled
20211030 013814.114 INFO             PET3  NUMBER_OF_PROCESSORS           4
20211030 013814.114 INFO             PET3  PASS  Example ESMF_NUOPCBasicModelEx, ESMF_NUOPCBasicModelEx.F90, line 339
20211030 013814.114 INFO             PET3 Finalizing ESMF
