build time -- 2022-01-26 18:39:15.389552
20220126 193939.509 INFO             PET0 !!!!!!!!!!!!!!!!!!!!!!!!!!!!!!!!!!!!!!!!!!!!!!!!!!!!!!
20220126 193939.510 INFO             PET0 !!! THE ESMF_LOG IS SET TO OUTPUT ALL LOG MESSAGES !!!
20220126 193939.510 INFO             PET0 !!!     THIS MAY CAUSE SLOWDOWN IN PERFORMANCE     !!!
20220126 193939.510 INFO             PET0 !!! FOR PRODUCTION RUNS, USE:                      !!!
20220126 193939.510 INFO             PET0 !!!                   ESMF_LOGKIND_Multi_On_Error  !!!
20220126 193939.510 INFO             PET0 !!!!!!!!!!!!!!!!!!!!!!!!!!!!!!!!!!!!!!!!!!!!!!!!!!!!!!
20220126 193939.510 INFO             PET0 Running with ESMF Version   : ESMF_8_3_0_beta_snapshot_06-83-g4a71250d3d
20220126 193939.510 INFO             PET0 ESMF library build date/time: "Jan 26 2022" "18:33:06"
20220126 193939.510 INFO             PET0 ESMF library build location : /glade/scratch/rlong/esmf-testing/intel_18.0.5_openmpi_g_jedwards_pio_update
20220126 193939.510 INFO             PET0 ESMF_COMM                   : openmpi
20220126 193939.510 INFO             PET0 ESMF_MOAB                   : enabled
20220126 193939.510 INFO             PET0 ESMF_LAPACK                 : enabled
20220126 193939.510 INFO             PET0 ESMF_NETCDF                 : enabled
20220126 193939.510 INFO             PET0 ESMF_PNETCDF                : disabled
20220126 193939.510 INFO             PET0 ESMF_PIO                    : enabled
20220126 193939.510 INFO             PET0 ESMF_YAMLCPP                : enabled
20220126 193939.512 INFO             PET0  NUMBER_OF_PROCESSORS           4
20220126 193939.512 INFO             PET0  PASS  Example ESMF_VMUserMpiCommMultiEx, ESMF_VMUserMpiCommMultiEx.F90, line 126
20220126 193939.512 INFO             PET0 Finalizing ESMF
20220126 193939.512 INFO             PET0 ESMCI_IO_Handler.C:330 ESMCI::IO_Handler::finalize() 
20220126 193939.513 INFO             PET0 ESMCI_PIO_Handler.C:348 ESMCI::PIO_Handler::finalize() 
20220126 193939.513 INFO             PET0 ESMCI_IO_Handler.C:332 ESMCI::IO_Handler::finalize() after finalize, localrc = 0
20220126 193939.513 INFO             PET0 ESMCI_IO_Handler.C:355 ESMCI::IO_Handler::finalize() before return, localrc = 0
20220126 193939.511 INFO             PET0 !!!!!!!!!!!!!!!!!!!!!!!!!!!!!!!!!!!!!!!!!!!!!!!!!!!!!!
20220126 193939.511 INFO             PET0 !!! THE ESMF_LOG IS SET TO OUTPUT ALL LOG MESSAGES !!!
20220126 193939.511 INFO             PET0 !!!     THIS MAY CAUSE SLOWDOWN IN PERFORMANCE     !!!
20220126 193939.511 INFO             PET0 !!! FOR PRODUCTION RUNS, USE:                      !!!
20220126 193939.511 INFO             PET0 !!!                   ESMF_LOGKIND_Multi_On_Error  !!!
20220126 193939.511 INFO             PET0 !!!!!!!!!!!!!!!!!!!!!!!!!!!!!!!!!!!!!!!!!!!!!!!!!!!!!!
20220126 193939.511 INFO             PET0 Running with ESMF Version   : ESMF_8_3_0_beta_snapshot_06-83-g4a71250d3d
20220126 193939.511 INFO             PET0 ESMF library build date/time: "Jan 26 2022" "18:33:06"
20220126 193939.511 INFO             PET0 ESMF library build location : /glade/scratch/rlong/esmf-testing/intel_18.0.5_openmpi_g_jedwards_pio_update
20220126 193939.511 INFO             PET0 ESMF_COMM                   : openmpi
20220126 193939.511 INFO             PET0 ESMF_MOAB                   : enabled
20220126 193939.511 INFO             PET0 ESMF_LAPACK                 : enabled
20220126 193939.511 INFO             PET0 ESMF_NETCDF                 : enabled
20220126 193939.511 INFO             PET0 ESMF_PNETCDF                : disabled
20220126 193939.511 INFO             PET0 ESMF_PIO                    : enabled
20220126 193939.511 INFO             PET0 ESMF_YAMLCPP                : enabled
20220126 193939.511 INFO             PET0  NUMBER_OF_PROCESSORS           4
20220126 193939.511 INFO             PET0  PASS  Example ESMF_VMUserMpiCommMultiEx, ESMF_VMUserMpiCommMultiEx.F90, line 154
20220126 193939.511 INFO             PET0 Finalizing ESMF
20220126 193939.511 INFO             PET0 ESMCI_IO_Handler.C:330 ESMCI::IO_Handler::finalize() 
20220126 193939.511 INFO             PET0 ESMCI_PIO_Handler.C:348 ESMCI::PIO_Handler::finalize() 
20220126 193939.512 INFO             PET0 ESMCI_IO_Handler.C:332 ESMCI::IO_Handler::finalize() after finalize, localrc = 0
20220126 193939.512 INFO             PET0 ESMCI_IO_Handler.C:355 ESMCI::IO_Handler::finalize() before return, localrc = 0
20220126 193939.512 INFO             PET1 !!!!!!!!!!!!!!!!!!!!!!!!!!!!!!!!!!!!!!!!!!!!!!!!!!!!!!
20220126 193939.512 INFO             PET1 !!! THE ESMF_LOG IS SET TO OUTPUT ALL LOG MESSAGES !!!
20220126 193939.512 INFO             PET1 !!!     THIS MAY CAUSE SLOWDOWN IN PERFORMANCE     !!!
20220126 193939.512 INFO             PET1 !!! FOR PRODUCTION RUNS, USE:                      !!!
20220126 193939.512 INFO             PET1 !!!                   ESMF_LOGKIND_Multi_On_Error  !!!
20220126 193939.512 INFO             PET1 !!!!!!!!!!!!!!!!!!!!!!!!!!!!!!!!!!!!!!!!!!!!!!!!!!!!!!
20220126 193939.512 INFO             PET1 Running with ESMF Version   : ESMF_8_3_0_beta_snapshot_06-83-g4a71250d3d
20220126 193939.512 INFO             PET1 ESMF library build date/time: "Jan 26 2022" "18:33:06"
20220126 193939.512 INFO             PET1 ESMF library build location : /glade/scratch/rlong/esmf-testing/intel_18.0.5_openmpi_g_jedwards_pio_update
20220126 193939.512 INFO             PET1 ESMF_COMM                   : openmpi
20220126 193939.512 INFO             PET1 ESMF_MOAB                   : enabled
20220126 193939.512 INFO             PET1 ESMF_LAPACK                 : enabled
20220126 193939.512 INFO             PET1 ESMF_NETCDF                 : enabled
20220126 193939.512 INFO             PET1 ESMF_PNETCDF                : disabled
20220126 193939.512 INFO             PET1 ESMF_PIO                    : enabled
20220126 193939.512 INFO             PET1 ESMF_YAMLCPP                : enabled
20220126 193939.512 INFO             PET1  NUMBER_OF_PROCESSORS           4
20220126 193939.512 INFO             PET1  PASS  Example ESMF_VMUserMpiCommMultiEx, ESMF_VMUserMpiCommMultiEx.F90, line 126
20220126 193939.512 INFO             PET1 Finalizing ESMF
20220126 193939.512 INFO             PET1 ESMCI_IO_Handler.C:330 ESMCI::IO_Handler::finalize() 
20220126 193939.513 INFO             PET1 ESMCI_PIO_Handler.C:348 ESMCI::PIO_Handler::finalize() 
20220126 193939.513 INFO             PET1 ESMCI_IO_Handler.C:332 ESMCI::IO_Handler::finalize() after finalize, localrc = 0
20220126 193939.513 INFO             PET1 ESMCI_IO_Handler.C:355 ESMCI::IO_Handler::finalize() before return, localrc = 0
20220126 193939.508 INFO             PET1 !!!!!!!!!!!!!!!!!!!!!!!!!!!!!!!!!!!!!!!!!!!!!!!!!!!!!!
20220126 193939.509 INFO             PET1 !!! THE ESMF_LOG IS SET TO OUTPUT ALL LOG MESSAGES !!!
20220126 193939.509 INFO             PET1 !!!     THIS MAY CAUSE SLOWDOWN IN PERFORMANCE     !!!
20220126 193939.509 INFO             PET1 !!! FOR PRODUCTION RUNS, USE:                      !!!
20220126 193939.509 INFO             PET1 !!!                   ESMF_LOGKIND_Multi_On_Error  !!!
20220126 193939.509 INFO             PET1 !!!!!!!!!!!!!!!!!!!!!!!!!!!!!!!!!!!!!!!!!!!!!!!!!!!!!!
20220126 193939.509 INFO             PET1 Running with ESMF Version   : ESMF_8_3_0_beta_snapshot_06-83-g4a71250d3d
20220126 193939.509 INFO             PET1 ESMF library build date/time: "Jan 26 2022" "18:33:06"
20220126 193939.509 INFO             PET1 ESMF library build location : /glade/scratch/rlong/esmf-testing/intel_18.0.5_openmpi_g_jedwards_pio_update
20220126 193939.509 INFO             PET1 ESMF_COMM                   : openmpi
20220126 193939.509 INFO             PET1 ESMF_MOAB                   : enabled
20220126 193939.509 INFO             PET1 ESMF_LAPACK                 : enabled
20220126 193939.509 INFO             PET1 ESMF_NETCDF                 : enabled
20220126 193939.509 INFO             PET1 ESMF_PNETCDF                : disabled
20220126 193939.509 INFO             PET1 ESMF_PIO                    : enabled
20220126 193939.509 INFO             PET1 ESMF_YAMLCPP                : enabled
20220126 193939.511 INFO             PET1  NUMBER_OF_PROCESSORS           4
20220126 193939.511 INFO             PET1  PASS  Example ESMF_VMUserMpiCommMultiEx, ESMF_VMUserMpiCommMultiEx.F90, line 154
20220126 193939.511 INFO             PET1 Finalizing ESMF
20220126 193939.511 INFO             PET1 ESMCI_IO_Handler.C:330 ESMCI::IO_Handler::finalize() 
20220126 193939.511 INFO             PET1 ESMCI_PIO_Handler.C:348 ESMCI::PIO_Handler::finalize() 
20220126 193939.512 INFO             PET1 ESMCI_IO_Handler.C:332 ESMCI::IO_Handler::finalize() after finalize, localrc = 0
20220126 193939.512 INFO             PET1 ESMCI_IO_Handler.C:355 ESMCI::IO_Handler::finalize() before return, localrc = 0
