build time -- 2021-10-15 06:27:57
  PASS  Example ESMF_FieldHaloEx, ESMF_FieldHaloEx.F90, line 200
  PASS  Example ESMF_FieldHaloEx, ESMF_FieldHaloEx.F90, line 200
  PASS  Example ESMF_FieldHaloEx, ESMF_FieldHaloEx.F90, line 200
  PASS  Example ESMF_FieldHaloEx, ESMF_FieldHaloEx.F90, line 200
 PASS: ESMF_FieldHaloEx.F90
 PASS: ESMF_FieldHaloEx.F90
 PASS: ESMF_FieldHaloEx.F90
 PASS: ESMF_FieldHaloEx.F90
TOTCPU=16:42:40 ELAP=00:31:20 REQMEM=5875Mc REQCPUS=24 ALLOCCPUS=32 TIMELIMIT=02:30:00 PART=s4 ACCT=star
MAXRSS=0 MAXVMSIZE=196896K
________________________________________________________________
Job Resource Usage Summary for 11513295

  CPU Time Used : 16:42:40
  Memory Used : 0
  Virtual Memory Used : 196896K
  Walltime Used : 00:31:20

  Memory Requested : 5875Mc (n=per node; c=per core)
  CPUs Requested / Allocated : 24 / 32
  Walltime Requested : 02:30:00

  Execution Queue : s4
  Head Node : 
  Charged to : star

  Job Stopped : Fri Oct 15 06:59:17 UTC 2021
_____________________________________________________________________

