build time -- 2021-10-09 06:27:26
20211009 070500.288 INFO             PET0 !!!!!!!!!!!!!!!!!!!!!!!!!!!!!!!!!!!!!!!!!!!!!!!!!!!!!!
20211009 070500.288 INFO             PET0 !!! THE ESMF_LOG IS SET TO OUTPUT ALL LOG MESSAGES !!!
20211009 070500.288 INFO             PET0 !!!     THIS MAY CAUSE SLOWDOWN IN PERFORMANCE     !!!
20211009 070500.288 INFO             PET0 !!! FOR PRODUCTION RUNS, USE:                      !!!
20211009 070500.288 INFO             PET0 !!!                   ESMF_LOGKIND_Multi_On_Error  !!!
20211009 070500.288 INFO             PET0 !!!!!!!!!!!!!!!!!!!!!!!!!!!!!!!!!!!!!!!!!!!!!!!!!!!!!!
20211009 070500.288 INFO             PET0 Running with ESMF Version   : ESMF_8_2_0_beta_snapshot_21-1-g86aff4e
20211009 070500.288 INFO             PET0 ESMF library build date/time: "Oct  9 2021" "06:25:13"
20211009 070500.288 INFO             PET0 ESMF library build location : /scratch/users/mpotts/intel_2019.0.5_intelmpi_O_release_8.2.0
20211009 070500.288 INFO             PET0 ESMF_COMM                   : intelmpi
20211009 070500.290 INFO             PET0 ESMF_MOAB                   : enabled
20211009 070500.290 INFO             PET0 ESMF_LAPACK                 : enabled
20211009 070500.290 INFO             PET0 ESMF_NETCDF                 : enabled
20211009 070500.290 INFO             PET0 ESMF_PNETCDF                : disabled
20211009 070500.290 INFO             PET0 ESMF_PIO                    : enabled
20211009 070500.290 INFO             PET0 ESMF_YAMLCPP                : enabled
20211009 070500.296 INFO             PET0  NUMBER_OF_PROCESSORS           1
20211009 070500.296 INFO             PET0  PASS  Example ESMF_XGridSparseMatEx, ESMF_XGridSparseMatEx.F90, line 642
20211009 070500.296 INFO             PET0 Finalizing ESMF
