build time -- 2021-10-20 06:23:40
  PASS  Example ESMF_RHandleReusabilityEx, ESMF_RHandleReusabilityEx.F90, line 5
 82
  PASS  Example ESMF_RHandleReusabilityEx, ESMF_RHandleReusabilityEx.F90, line 5
 82
  PASS  Example ESMF_RHandleReusabilityEx, ESMF_RHandleReusabilityEx.F90, line 5
 82
  PASS  Example ESMF_RHandleReusabilityEx, ESMF_RHandleReusabilityEx.F90, line 5
 82
 PASS: ESMF_RHandleReusabilityEx.F90
 PASS: ESMF_RHandleReusabilityEx.F90
 PASS: ESMF_RHandleReusabilityEx.F90
 PASS: ESMF_RHandleReusabilityEx.F90
TOTCPU=14:45:52 ELAP=00:27:41 REQMEM=5875Mc REQCPUS=24 ALLOCCPUS=32 TIMELIMIT=02:30:00 PART=s4 ACCT=star
MAXRSS=0 MAXVMSIZE=196896K
________________________________________________________________
Job Resource Usage Summary for 11556876

  CPU Time Used : 14:45:52
  Memory Used : 0
  Virtual Memory Used : 196896K
  Walltime Used : 00:27:41

  Memory Requested : 5875Mc (n=per node; c=per core)
  CPUs Requested / Allocated : 24 / 32
  Walltime Requested : 02:30:00

  Execution Queue : s4
  Head Node : 
  Charged to : star

  Job Stopped : Wed Oct 20 06:51:21 UTC 2021
_____________________________________________________________________

