build time -- 2021-10-17 06:29:17
20211017 071134.176 INFO             PET0 !!!!!!!!!!!!!!!!!!!!!!!!!!!!!!!!!!!!!!!!!!!!!!!!!!!!!!
20211017 071134.176 INFO             PET0 !!! THE ESMF_LOG IS SET TO OUTPUT ALL LOG MESSAGES !!!
20211017 071134.176 INFO             PET0 !!!     THIS MAY CAUSE SLOWDOWN IN PERFORMANCE     !!!
20211017 071134.176 INFO             PET0 !!! FOR PRODUCTION RUNS, USE:                      !!!
20211017 071134.176 INFO             PET0 !!!                   ESMF_LOGKIND_Multi_On_Error  !!!
20211017 071134.176 INFO             PET0 !!!!!!!!!!!!!!!!!!!!!!!!!!!!!!!!!!!!!!!!!!!!!!!!!!!!!!
20211017 071134.176 INFO             PET0 Running with ESMF Version   : ESMF_8_2_0_beta_snapshot_22-10-g6974ca4
20211017 071134.176 INFO             PET0 ESMF library build date/time: "Oct 17 2021" "06:26:39"
20211017 071134.176 INFO             PET0 ESMF library build location : /scratch/users/mpotts/intel_2019.0.5_intelmpi_O_release_8.2.0
20211017 071134.176 INFO             PET0 ESMF_COMM                   : intelmpi
20211017 071134.177 INFO             PET0 ESMF_MOAB                   : enabled
20211017 071134.177 INFO             PET0 ESMF_LAPACK                 : enabled
20211017 071134.177 INFO             PET0 ESMF_NETCDF                 : enabled
20211017 071134.177 INFO             PET0 ESMF_PNETCDF                : disabled
20211017 071134.177 INFO             PET0 ESMF_PIO                    : enabled
20211017 071134.177 INFO             PET0 ESMF_YAMLCPP                : enabled
20211017 071134.264 DEBUG            PET0 about to destroy Grid: 0xed83c0
20211017 071134.271 DEBUG            PET0 about to destroy Grid: 0xed9630
20211017 071134.286 INFO             PET0  NUMBER_OF_PROCESSORS           4
20211017 071134.286 INFO             PET0  PASS  Example ESMF_NUOPCAtmModelEx, ESMF_NUOPCAtmModelEx.F90, line 806
20211017 071134.286 INFO             PET0 Finalizing ESMF
20211017 071134.151 INFO             PET1 !!!!!!!!!!!!!!!!!!!!!!!!!!!!!!!!!!!!!!!!!!!!!!!!!!!!!!
20211017 071134.152 INFO             PET1 !!! THE ESMF_LOG IS SET TO OUTPUT ALL LOG MESSAGES !!!
20211017 071134.152 INFO             PET1 !!!     THIS MAY CAUSE SLOWDOWN IN PERFORMANCE     !!!
20211017 071134.152 INFO             PET1 !!! FOR PRODUCTION RUNS, USE:                      !!!
20211017 071134.152 INFO             PET1 !!!                   ESMF_LOGKIND_Multi_On_Error  !!!
20211017 071134.152 INFO             PET1 !!!!!!!!!!!!!!!!!!!!!!!!!!!!!!!!!!!!!!!!!!!!!!!!!!!!!!
20211017 071134.152 INFO             PET1 Running with ESMF Version   : ESMF_8_2_0_beta_snapshot_22-10-g6974ca4
20211017 071134.152 INFO             PET1 ESMF library build date/time: "Oct 17 2021" "06:26:39"
20211017 071134.152 INFO             PET1 ESMF library build location : /scratch/users/mpotts/intel_2019.0.5_intelmpi_O_release_8.2.0
20211017 071134.152 INFO             PET1 ESMF_COMM                   : intelmpi
20211017 071134.153 INFO             PET1 ESMF_MOAB                   : enabled
20211017 071134.153 INFO             PET1 ESMF_LAPACK                 : enabled
20211017 071134.153 INFO             PET1 ESMF_NETCDF                 : enabled
20211017 071134.153 INFO             PET1 ESMF_PNETCDF                : disabled
20211017 071134.153 INFO             PET1 ESMF_PIO                    : enabled
20211017 071134.153 INFO             PET1 ESMF_YAMLCPP                : enabled
20211017 071134.264 DEBUG            PET1 about to destroy Grid: 0xfd7690
20211017 071134.271 DEBUG            PET1 about to destroy Grid: 0xfd8430
20211017 071134.286 INFO             PET1  NUMBER_OF_PROCESSORS           4
20211017 071134.286 INFO             PET1  PASS  Example ESMF_NUOPCAtmModelEx, ESMF_NUOPCAtmModelEx.F90, line 806
20211017 071134.286 INFO             PET1 Finalizing ESMF
20211017 071134.162 INFO             PET2 !!!!!!!!!!!!!!!!!!!!!!!!!!!!!!!!!!!!!!!!!!!!!!!!!!!!!!
20211017 071134.163 INFO             PET2 !!! THE ESMF_LOG IS SET TO OUTPUT ALL LOG MESSAGES !!!
20211017 071134.163 INFO             PET2 !!!     THIS MAY CAUSE SLOWDOWN IN PERFORMANCE     !!!
20211017 071134.163 INFO             PET2 !!! FOR PRODUCTION RUNS, USE:                      !!!
20211017 071134.163 INFO             PET2 !!!                   ESMF_LOGKIND_Multi_On_Error  !!!
20211017 071134.163 INFO             PET2 !!!!!!!!!!!!!!!!!!!!!!!!!!!!!!!!!!!!!!!!!!!!!!!!!!!!!!
20211017 071134.163 INFO             PET2 Running with ESMF Version   : ESMF_8_2_0_beta_snapshot_22-10-g6974ca4
20211017 071134.163 INFO             PET2 ESMF library build date/time: "Oct 17 2021" "06:26:39"
20211017 071134.163 INFO             PET2 ESMF library build location : /scratch/users/mpotts/intel_2019.0.5_intelmpi_O_release_8.2.0
20211017 071134.163 INFO             PET2 ESMF_COMM                   : intelmpi
20211017 071134.164 INFO             PET2 ESMF_MOAB                   : enabled
20211017 071134.164 INFO             PET2 ESMF_LAPACK                 : enabled
20211017 071134.164 INFO             PET2 ESMF_NETCDF                 : enabled
20211017 071134.164 INFO             PET2 ESMF_PNETCDF                : disabled
20211017 071134.164 INFO             PET2 ESMF_PIO                    : enabled
20211017 071134.164 INFO             PET2 ESMF_YAMLCPP                : enabled
20211017 071134.264 DEBUG            PET2 about to destroy Grid: 0x166e690
20211017 071134.271 DEBUG            PET2 about to destroy Grid: 0x166f430
20211017 071134.286 INFO             PET2  NUMBER_OF_PROCESSORS           4
20211017 071134.286 INFO             PET2  PASS  Example ESMF_NUOPCAtmModelEx, ESMF_NUOPCAtmModelEx.F90, line 806
20211017 071134.286 INFO             PET2 Finalizing ESMF
20211017 071134.151 INFO             PET3 !!!!!!!!!!!!!!!!!!!!!!!!!!!!!!!!!!!!!!!!!!!!!!!!!!!!!!
20211017 071134.151 INFO             PET3 !!! THE ESMF_LOG IS SET TO OUTPUT ALL LOG MESSAGES !!!
20211017 071134.151 INFO             PET3 !!!     THIS MAY CAUSE SLOWDOWN IN PERFORMANCE     !!!
20211017 071134.151 INFO             PET3 !!! FOR PRODUCTION RUNS, USE:                      !!!
20211017 071134.151 INFO             PET3 !!!                   ESMF_LOGKIND_Multi_On_Error  !!!
20211017 071134.151 INFO             PET3 !!!!!!!!!!!!!!!!!!!!!!!!!!!!!!!!!!!!!!!!!!!!!!!!!!!!!!
20211017 071134.151 INFO             PET3 Running with ESMF Version   : ESMF_8_2_0_beta_snapshot_22-10-g6974ca4
20211017 071134.151 INFO             PET3 ESMF library build date/time: "Oct 17 2021" "06:26:39"
20211017 071134.151 INFO             PET3 ESMF library build location : /scratch/users/mpotts/intel_2019.0.5_intelmpi_O_release_8.2.0
20211017 071134.151 INFO             PET3 ESMF_COMM                   : intelmpi
20211017 071134.152 INFO             PET3 ESMF_MOAB                   : enabled
20211017 071134.152 INFO             PET3 ESMF_LAPACK                 : enabled
20211017 071134.152 INFO             PET3 ESMF_NETCDF                 : enabled
20211017 071134.152 INFO             PET3 ESMF_PNETCDF                : disabled
20211017 071134.152 INFO             PET3 ESMF_PIO                    : enabled
20211017 071134.152 INFO             PET3 ESMF_YAMLCPP                : enabled
20211017 071134.264 DEBUG            PET3 about to destroy Grid: 0x1438650
20211017 071134.271 DEBUG            PET3 about to destroy Grid: 0x14393f0
20211017 071134.286 INFO             PET3  NUMBER_OF_PROCESSORS           4
20211017 071134.286 INFO             PET3  PASS  Example ESMF_NUOPCAtmModelEx, ESMF_NUOPCAtmModelEx.F90, line 806
20211017 071134.286 INFO             PET3 Finalizing ESMF
