build time -- 2021-10-20 06:23:40
  PASS  Example ESMF_VMUserMpiEx, ESMF_VMUserMpiEx.F90, line 96
  PASS  Example ESMF_VMUserMpiEx, ESMF_VMUserMpiEx.F90, line 96
  PASS  Example ESMF_VMUserMpiEx, ESMF_VMUserMpiEx.F90, line 96
  PASS  Example ESMF_VMUserMpiEx, ESMF_VMUserMpiEx.F90, line 96
 PASS: ESMF_VMUserMpiEx.F90
 PASS: ESMF_VMUserMpiEx.F90
 PASS: ESMF_VMUserMpiEx.F90
 PASS: ESMF_VMUserMpiEx.F90
TOTCPU=14:18:08 ELAP=00:26:49 REQMEM=5875Mc REQCPUS=24 ALLOCCPUS=32 TIMELIMIT=02:30:00 PART=s4 ACCT=star
MAXRSS=0 MAXVMSIZE=196896K
________________________________________________________________
Job Resource Usage Summary for 11556876

  CPU Time Used : 14:18:08
  Memory Used : 0
  Virtual Memory Used : 196896K
  Walltime Used : 00:26:49

  Memory Requested : 5875Mc (n=per node; c=per core)
  CPUs Requested / Allocated : 24 / 32
  Walltime Requested : 02:30:00

  Execution Queue : s4
  Head Node : 
  Charged to : star

  Job Stopped : Wed Oct 20 06:50:29 UTC 2021
_____________________________________________________________________

