build time -- 2021-10-16 06:22:54
  PASS  Example ESMF_FieldBundleHaloEx, ESMF_FieldBundleHaloEx.F90, line 319
  PASS  Example ESMF_FieldBundleHaloEx, ESMF_FieldBundleHaloEx.F90, line 319
  PASS  Example ESMF_FieldBundleHaloEx, ESMF_FieldBundleHaloEx.F90, line 319
  PASS  Example ESMF_FieldBundleHaloEx, ESMF_FieldBundleHaloEx.F90, line 319
 PASS: ESMF_FieldBundleHaloEx.F90
 PASS: ESMF_FieldBundleHaloEx.F90
 PASS: ESMF_FieldBundleHaloEx.F90
 PASS: ESMF_FieldBundleHaloEx.F90
TOTCPU=16:32:32 ELAP=00:31:01 REQMEM=5875Mc REQCPUS=24 ALLOCCPUS=32 TIMELIMIT=02:30:00 PART=s4 ACCT=star
MAXRSS=0 MAXVMSIZE=196896K
________________________________________________________________
Job Resource Usage Summary for 11523449

  CPU Time Used : 16:32:32
  Memory Used : 0
  Virtual Memory Used : 196896K
  Walltime Used : 00:31:01

  Memory Requested : 5875Mc (n=per node; c=per core)
  CPUs Requested / Allocated : 24 / 32
  Walltime Requested : 02:30:00

  Execution Queue : s4
  Head Node : 
  Charged to : star

  Job Stopped : Sat Oct 16 06:53:56 UTC 2021
_____________________________________________________________________

