build time -- 2021-10-16 06:22:54
20211016 065206.652 INFO             PET0 !!!!!!!!!!!!!!!!!!!!!!!!!!!!!!!!!!!!!!!!!!!!!!!!!!!!!!
20211016 065206.652 INFO             PET0 !!! THE ESMF_LOG IS SET TO OUTPUT ALL LOG MESSAGES !!!
20211016 065206.652 INFO             PET0 !!!     THIS MAY CAUSE SLOWDOWN IN PERFORMANCE     !!!
20211016 065206.652 INFO             PET0 !!! FOR PRODUCTION RUNS, USE:                      !!!
20211016 065206.652 INFO             PET0 !!!                   ESMF_LOGKIND_Multi_On_Error  !!!
20211016 065206.652 INFO             PET0 !!!!!!!!!!!!!!!!!!!!!!!!!!!!!!!!!!!!!!!!!!!!!!!!!!!!!!
20211016 065206.652 INFO             PET0 Running with ESMF Version   : ESMF_8_2_0_beta_snapshot_22-10-g6974ca4
20211016 065206.652 INFO             PET0 ESMF library build date/time: "Oct 16 2021" "06:21:31"
20211016 065206.652 INFO             PET0 ESMF library build location : /scratch/users/mpotts/intel_2019.0.5_intelmpi_O_release_8.2.0
20211016 065206.652 INFO             PET0 ESMF_COMM                   : intelmpi
20211016 065206.653 INFO             PET0 ESMF_MOAB                   : enabled
20211016 065206.653 INFO             PET0 ESMF_LAPACK                 : enabled
20211016 065206.653 INFO             PET0 ESMF_NETCDF                 : enabled
20211016 065206.653 INFO             PET0 ESMF_PNETCDF                : disabled
20211016 065206.653 INFO             PET0 ESMF_PIO                    : enabled
20211016 065206.653 INFO             PET0 ESMF_YAMLCPP                : enabled
20211016 065206.656 INFO             PET0 ESMF_FieldRedistStoreNF(): Just entered routine.
20211016 065206.686 INFO             PET0 ESMF_FieldRedistStoreNF(): Leaving routine.
20211016 065206.743 INFO             PET0  NUMBER_OF_PROCESSORS           4
20211016 065206.743 INFO             PET0  PASS  Example ESMF_RHandleFromFileEx, ESMF_RHandleFromFileEx.F90, line 192
20211016 065206.743 INFO             PET0 Finalizing ESMF
20211016 065206.645 INFO             PET1 !!!!!!!!!!!!!!!!!!!!!!!!!!!!!!!!!!!!!!!!!!!!!!!!!!!!!!
20211016 065206.645 INFO             PET1 !!! THE ESMF_LOG IS SET TO OUTPUT ALL LOG MESSAGES !!!
20211016 065206.645 INFO             PET1 !!!     THIS MAY CAUSE SLOWDOWN IN PERFORMANCE     !!!
20211016 065206.645 INFO             PET1 !!! FOR PRODUCTION RUNS, USE:                      !!!
20211016 065206.645 INFO             PET1 !!!                   ESMF_LOGKIND_Multi_On_Error  !!!
20211016 065206.645 INFO             PET1 !!!!!!!!!!!!!!!!!!!!!!!!!!!!!!!!!!!!!!!!!!!!!!!!!!!!!!
20211016 065206.645 INFO             PET1 Running with ESMF Version   : ESMF_8_2_0_beta_snapshot_22-10-g6974ca4
20211016 065206.645 INFO             PET1 ESMF library build date/time: "Oct 16 2021" "06:21:31"
20211016 065206.645 INFO             PET1 ESMF library build location : /scratch/users/mpotts/intel_2019.0.5_intelmpi_O_release_8.2.0
20211016 065206.645 INFO             PET1 ESMF_COMM                   : intelmpi
20211016 065206.646 INFO             PET1 ESMF_MOAB                   : enabled
20211016 065206.646 INFO             PET1 ESMF_LAPACK                 : enabled
20211016 065206.646 INFO             PET1 ESMF_NETCDF                 : enabled
20211016 065206.646 INFO             PET1 ESMF_PNETCDF                : disabled
20211016 065206.646 INFO             PET1 ESMF_PIO                    : enabled
20211016 065206.646 INFO             PET1 ESMF_YAMLCPP                : enabled
20211016 065206.655 INFO             PET1 ESMF_FieldRedistStoreNF(): Just entered routine.
20211016 065206.686 INFO             PET1 ESMF_FieldRedistStoreNF(): Leaving routine.
20211016 065206.743 INFO             PET1  NUMBER_OF_PROCESSORS           4
20211016 065206.743 INFO             PET1  PASS  Example ESMF_RHandleFromFileEx, ESMF_RHandleFromFileEx.F90, line 192
20211016 065206.743 INFO             PET1 Finalizing ESMF
20211016 065206.646 INFO             PET2 !!!!!!!!!!!!!!!!!!!!!!!!!!!!!!!!!!!!!!!!!!!!!!!!!!!!!!
20211016 065206.646 INFO             PET2 !!! THE ESMF_LOG IS SET TO OUTPUT ALL LOG MESSAGES !!!
20211016 065206.646 INFO             PET2 !!!     THIS MAY CAUSE SLOWDOWN IN PERFORMANCE     !!!
20211016 065206.646 INFO             PET2 !!! FOR PRODUCTION RUNS, USE:                      !!!
20211016 065206.646 INFO             PET2 !!!                   ESMF_LOGKIND_Multi_On_Error  !!!
20211016 065206.646 INFO             PET2 !!!!!!!!!!!!!!!!!!!!!!!!!!!!!!!!!!!!!!!!!!!!!!!!!!!!!!
20211016 065206.646 INFO             PET2 Running with ESMF Version   : ESMF_8_2_0_beta_snapshot_22-10-g6974ca4
20211016 065206.646 INFO             PET2 ESMF library build date/time: "Oct 16 2021" "06:21:31"
20211016 065206.646 INFO             PET2 ESMF library build location : /scratch/users/mpotts/intel_2019.0.5_intelmpi_O_release_8.2.0
20211016 065206.646 INFO             PET2 ESMF_COMM                   : intelmpi
20211016 065206.647 INFO             PET2 ESMF_MOAB                   : enabled
20211016 065206.647 INFO             PET2 ESMF_LAPACK                 : enabled
20211016 065206.647 INFO             PET2 ESMF_NETCDF                 : enabled
20211016 065206.647 INFO             PET2 ESMF_PNETCDF                : disabled
20211016 065206.647 INFO             PET2 ESMF_PIO                    : enabled
20211016 065206.647 INFO             PET2 ESMF_YAMLCPP                : enabled
20211016 065206.655 INFO             PET2 ESMF_FieldRedistStoreNF(): Just entered routine.
20211016 065206.686 INFO             PET2 ESMF_FieldRedistStoreNF(): Leaving routine.
20211016 065206.743 INFO             PET2  NUMBER_OF_PROCESSORS           4
20211016 065206.743 INFO             PET2  PASS  Example ESMF_RHandleFromFileEx, ESMF_RHandleFromFileEx.F90, line 192
20211016 065206.743 INFO             PET2 Finalizing ESMF
20211016 065206.643 INFO             PET3 !!!!!!!!!!!!!!!!!!!!!!!!!!!!!!!!!!!!!!!!!!!!!!!!!!!!!!
20211016 065206.643 INFO             PET3 !!! THE ESMF_LOG IS SET TO OUTPUT ALL LOG MESSAGES !!!
20211016 065206.643 INFO             PET3 !!!     THIS MAY CAUSE SLOWDOWN IN PERFORMANCE     !!!
20211016 065206.643 INFO             PET3 !!! FOR PRODUCTION RUNS, USE:                      !!!
20211016 065206.643 INFO             PET3 !!!                   ESMF_LOGKIND_Multi_On_Error  !!!
20211016 065206.643 INFO             PET3 !!!!!!!!!!!!!!!!!!!!!!!!!!!!!!!!!!!!!!!!!!!!!!!!!!!!!!
20211016 065206.643 INFO             PET3 Running with ESMF Version   : ESMF_8_2_0_beta_snapshot_22-10-g6974ca4
20211016 065206.643 INFO             PET3 ESMF library build date/time: "Oct 16 2021" "06:21:31"
20211016 065206.643 INFO             PET3 ESMF library build location : /scratch/users/mpotts/intel_2019.0.5_intelmpi_O_release_8.2.0
20211016 065206.643 INFO             PET3 ESMF_COMM                   : intelmpi
20211016 065206.644 INFO             PET3 ESMF_MOAB                   : enabled
20211016 065206.644 INFO             PET3 ESMF_LAPACK                 : enabled
20211016 065206.644 INFO             PET3 ESMF_NETCDF                 : enabled
20211016 065206.644 INFO             PET3 ESMF_PNETCDF                : disabled
20211016 065206.644 INFO             PET3 ESMF_PIO                    : enabled
20211016 065206.644 INFO             PET3 ESMF_YAMLCPP                : enabled
20211016 065206.656 INFO             PET3 ESMF_FieldRedistStoreNF(): Just entered routine.
20211016 065206.686 INFO             PET3 ESMF_FieldRedistStoreNF(): Leaving routine.
20211016 065206.743 INFO             PET3  NUMBER_OF_PROCESSORS           4
20211016 065206.743 INFO             PET3  PASS  Example ESMF_RHandleFromFileEx, ESMF_RHandleFromFileEx.F90, line 192
20211016 065206.743 INFO             PET3 Finalizing ESMF
