build time -- 2021-10-08 06:42:28
20211008 072141.418 INFO             PET0 !!!!!!!!!!!!!!!!!!!!!!!!!!!!!!!!!!!!!!!!!!!!!!!!!!!!!!
20211008 072141.418 INFO             PET0 !!! THE ESMF_LOG IS SET TO OUTPUT ALL LOG MESSAGES !!!
20211008 072141.418 INFO             PET0 !!!     THIS MAY CAUSE SLOWDOWN IN PERFORMANCE     !!!
20211008 072141.418 INFO             PET0 !!! FOR PRODUCTION RUNS, USE:                      !!!
20211008 072141.418 INFO             PET0 !!!                   ESMF_LOGKIND_Multi_On_Error  !!!
20211008 072141.418 INFO             PET0 !!!!!!!!!!!!!!!!!!!!!!!!!!!!!!!!!!!!!!!!!!!!!!!!!!!!!!
20211008 072141.418 INFO             PET0 Running with ESMF Version   : ESMF_8_2_0_beta_snapshot_21-1-g86aff4e
20211008 072141.418 INFO             PET0 ESMF library build date/time: "Oct  8 2021" "06:30:36"
20211008 072141.418 INFO             PET0 ESMF library build location : /scratch/users/mpotts/intel_2019.0.5_intelmpi_O_release_8.2.0
20211008 072141.418 INFO             PET0 ESMF_COMM                   : intelmpi
20211008 072141.420 INFO             PET0 ESMF_MOAB                   : enabled
20211008 072141.420 INFO             PET0 ESMF_LAPACK                 : enabled
20211008 072141.420 INFO             PET0 ESMF_NETCDF                 : enabled
20211008 072141.420 INFO             PET0 ESMF_PNETCDF                : disabled
20211008 072141.420 INFO             PET0 ESMF_PIO                    : enabled
20211008 072141.420 INFO             PET0 ESMF_YAMLCPP                : enabled
20211008 072141.421 INFO             PET0  NUMBER_OF_PROCESSORS           1
20211008 072141.421 INFO             PET0  PASS  Example ESMF_TimeIntervalEx, ESMF_TimeIntervalEx.F90, line 176
20211008 072141.421 INFO             PET0 Finalizing ESMF
