build time -- 2021-10-21 06:23:53
20211021 065218.251 INFO             PET0 !!!!!!!!!!!!!!!!!!!!!!!!!!!!!!!!!!!!!!!!!!!!!!!!!!!!!!
20211021 065218.251 INFO             PET0 !!! THE ESMF_LOG IS SET TO OUTPUT ALL LOG MESSAGES !!!
20211021 065218.251 INFO             PET0 !!!     THIS MAY CAUSE SLOWDOWN IN PERFORMANCE     !!!
20211021 065218.251 INFO             PET0 !!! FOR PRODUCTION RUNS, USE:                      !!!
20211021 065218.251 INFO             PET0 !!!                   ESMF_LOGKIND_Multi_On_Error  !!!
20211021 065218.251 INFO             PET0 !!!!!!!!!!!!!!!!!!!!!!!!!!!!!!!!!!!!!!!!!!!!!!!!!!!!!!
20211021 065218.251 INFO             PET0 Running with ESMF Version   : ESMF_8_2_0_beta_snapshot_22-18-g948e7ff
20211021 065218.251 INFO             PET0 ESMF library build date/time: "Oct 21 2021" "06:22:14"
20211021 065218.251 INFO             PET0 ESMF library build location : /scratch/users/mpotts/intel_2019.0.5_intelmpi_O_release_8.2.0
20211021 065218.251 INFO             PET0 ESMF_COMM                   : intelmpi
20211021 065218.252 INFO             PET0 ESMF_MOAB                   : enabled
20211021 065218.252 INFO             PET0 ESMF_LAPACK                 : enabled
20211021 065218.252 INFO             PET0 ESMF_NETCDF                 : enabled
20211021 065218.252 INFO             PET0 ESMF_PNETCDF                : disabled
20211021 065218.252 INFO             PET0 ESMF_PIO                    : enabled
20211021 065218.252 INFO             PET0 ESMF_YAMLCPP                : enabled
20211021 065218.255 INFO             PET0  NUMBER_OF_PROCESSORS           1
20211021 065218.255 INFO             PET0  PASS  Example ESMF_AlarmEx, ESMF_AlarmEx.F90, line 244
20211021 065218.255 INFO             PET0 Finalizing ESMF
