build time -- 2021-10-16 04:11:47.825431
20211016 051738.475 INFO             PET0 !!!!!!!!!!!!!!!!!!!!!!!!!!!!!!!!!!!!!!!!!!!!!!!!!!!!!!
20211016 051738.475 INFO             PET0 !!! THE ESMF_LOG IS SET TO OUTPUT ALL LOG MESSAGES !!!
20211016 051738.475 INFO             PET0 !!!     THIS MAY CAUSE SLOWDOWN IN PERFORMANCE     !!!
20211016 051738.475 INFO             PET0 !!! FOR PRODUCTION RUNS, USE:                      !!!
20211016 051738.475 INFO             PET0 !!!                   ESMF_LOGKIND_Multi_On_Error  !!!
20211016 051738.475 INFO             PET0 !!!!!!!!!!!!!!!!!!!!!!!!!!!!!!!!!!!!!!!!!!!!!!!!!!!!!!
20211016 051738.475 INFO             PET0 Running with ESMF Version   : ESMF_8_2_0_beta_snapshot_22-10-g6974ca47a6
20211016 051738.475 INFO             PET0 ESMF library build date/time: "Oct 16 2021" "04:05:40"
20211016 051738.475 INFO             PET0 ESMF library build location : /glade/scratch/mpotts/intel_18.0.5_mpt_g_release_8.2.0
20211016 051738.475 INFO             PET0 ESMF_COMM                   : mpt
20211016 051738.476 INFO             PET0 ESMF_MOAB                   : enabled
20211016 051738.476 INFO             PET0 ESMF_LAPACK                 : enabled
20211016 051738.476 INFO             PET0 ESMF_NETCDF                 : enabled
20211016 051738.476 INFO             PET0 ESMF_PNETCDF                : disabled
20211016 051738.476 INFO             PET0 ESMF_PIO                    : enabled
20211016 051738.476 INFO             PET0 ESMF_YAMLCPP                : enabled
20211016 051738.486 INFO             PET0  NUMBER_OF_PROCESSORS           1
20211016 051738.486 INFO             PET0  PASS  Example ESMF_XGridSparseMatEx, ESMF_XGridSparseMatEx.F90, line 642
20211016 051738.486 INFO             PET0 Finalizing ESMF
