build time -- 2021-10-07 04:10:23.243738
20211007 051616.815 INFO             PET0 !!!!!!!!!!!!!!!!!!!!!!!!!!!!!!!!!!!!!!!!!!!!!!!!!!!!!!
20211007 051616.815 INFO             PET0 !!! THE ESMF_LOG IS SET TO OUTPUT ALL LOG MESSAGES !!!
20211007 051616.815 INFO             PET0 !!!     THIS MAY CAUSE SLOWDOWN IN PERFORMANCE     !!!
20211007 051616.815 INFO             PET0 !!! FOR PRODUCTION RUNS, USE:                      !!!
20211007 051616.815 INFO             PET0 !!!                   ESMF_LOGKIND_Multi_On_Error  !!!
20211007 051616.815 INFO             PET0 !!!!!!!!!!!!!!!!!!!!!!!!!!!!!!!!!!!!!!!!!!!!!!!!!!!!!!
20211007 051616.815 INFO             PET0 Running with ESMF Version   : ESMF_8_2_0_beta_snapshot_21
20211007 051616.815 INFO             PET0 ESMF library build date/time: "Oct  7 2021" "04:04:19"
20211007 051616.815 INFO             PET0 ESMF library build location : /glade/scratch/mpotts/intel_18.0.5_mpt_g_release_8.2.0
20211007 051616.815 INFO             PET0 ESMF_COMM                   : mpt
20211007 051616.815 INFO             PET0 ESMF_MOAB                   : enabled
20211007 051616.815 INFO             PET0 ESMF_LAPACK                 : enabled
20211007 051616.815 INFO             PET0 ESMF_NETCDF                 : enabled
20211007 051616.815 INFO             PET0 ESMF_PNETCDF                : disabled
20211007 051616.815 INFO             PET0 ESMF_PIO                    : enabled
20211007 051616.815 INFO             PET0 ESMF_YAMLCPP                : enabled
20211007 051616.948 DEBUG            PET0 about to destroy Grid: 0x3153c00
20211007 051616.972 DEBUG            PET0 about to destroy Grid: 0x3154790
20211007 051617.017 INFO             PET0  NUMBER_OF_PROCESSORS           4
20211007 051617.017 INFO             PET0  PASS  Example ESMF_NUOPCAtmModelEx, ESMF_NUOPCAtmModelEx.F90, line 806
20211007 051617.017 INFO             PET0 Finalizing ESMF
20211007 051616.813 INFO             PET1 !!!!!!!!!!!!!!!!!!!!!!!!!!!!!!!!!!!!!!!!!!!!!!!!!!!!!!
20211007 051616.813 INFO             PET1 !!! THE ESMF_LOG IS SET TO OUTPUT ALL LOG MESSAGES !!!
20211007 051616.813 INFO             PET1 !!!     THIS MAY CAUSE SLOWDOWN IN PERFORMANCE     !!!
20211007 051616.813 INFO             PET1 !!! FOR PRODUCTION RUNS, USE:                      !!!
20211007 051616.813 INFO             PET1 !!!                   ESMF_LOGKIND_Multi_On_Error  !!!
20211007 051616.813 INFO             PET1 !!!!!!!!!!!!!!!!!!!!!!!!!!!!!!!!!!!!!!!!!!!!!!!!!!!!!!
20211007 051616.813 INFO             PET1 Running with ESMF Version   : ESMF_8_2_0_beta_snapshot_21
20211007 051616.814 INFO             PET1 ESMF library build date/time: "Oct  7 2021" "04:04:19"
20211007 051616.814 INFO             PET1 ESMF library build location : /glade/scratch/mpotts/intel_18.0.5_mpt_g_release_8.2.0
20211007 051616.814 INFO             PET1 ESMF_COMM                   : mpt
20211007 051616.814 INFO             PET1 ESMF_MOAB                   : enabled
20211007 051616.814 INFO             PET1 ESMF_LAPACK                 : enabled
20211007 051616.814 INFO             PET1 ESMF_NETCDF                 : enabled
20211007 051616.814 INFO             PET1 ESMF_PNETCDF                : disabled
20211007 051616.814 INFO             PET1 ESMF_PIO                    : enabled
20211007 051616.814 INFO             PET1 ESMF_YAMLCPP                : enabled
20211007 051616.948 DEBUG            PET1 about to destroy Grid: 0x3154ba0
20211007 051616.972 DEBUG            PET1 about to destroy Grid: 0x31559d0
20211007 051617.017 INFO             PET1  NUMBER_OF_PROCESSORS           4
20211007 051617.017 INFO             PET1  PASS  Example ESMF_NUOPCAtmModelEx, ESMF_NUOPCAtmModelEx.F90, line 806
20211007 051617.017 INFO             PET1 Finalizing ESMF
20211007 051616.813 INFO             PET2 !!!!!!!!!!!!!!!!!!!!!!!!!!!!!!!!!!!!!!!!!!!!!!!!!!!!!!
20211007 051616.813 INFO             PET2 !!! THE ESMF_LOG IS SET TO OUTPUT ALL LOG MESSAGES !!!
20211007 051616.813 INFO             PET2 !!!     THIS MAY CAUSE SLOWDOWN IN PERFORMANCE     !!!
20211007 051616.813 INFO             PET2 !!! FOR PRODUCTION RUNS, USE:                      !!!
20211007 051616.813 INFO             PET2 !!!                   ESMF_LOGKIND_Multi_On_Error  !!!
20211007 051616.813 INFO             PET2 !!!!!!!!!!!!!!!!!!!!!!!!!!!!!!!!!!!!!!!!!!!!!!!!!!!!!!
20211007 051616.813 INFO             PET2 Running with ESMF Version   : ESMF_8_2_0_beta_snapshot_21
20211007 051616.813 INFO             PET2 ESMF library build date/time: "Oct  7 2021" "04:04:19"
20211007 051616.813 INFO             PET2 ESMF library build location : /glade/scratch/mpotts/intel_18.0.5_mpt_g_release_8.2.0
20211007 051616.814 INFO             PET2 ESMF_COMM                   : mpt
20211007 051616.814 INFO             PET2 ESMF_MOAB                   : enabled
20211007 051616.814 INFO             PET2 ESMF_LAPACK                 : enabled
20211007 051616.814 INFO             PET2 ESMF_NETCDF                 : enabled
20211007 051616.814 INFO             PET2 ESMF_PNETCDF                : disabled
20211007 051616.814 INFO             PET2 ESMF_PIO                    : enabled
20211007 051616.814 INFO             PET2 ESMF_YAMLCPP                : enabled
20211007 051616.948 DEBUG            PET2 about to destroy Grid: 0x3154c20
20211007 051616.972 DEBUG            PET2 about to destroy Grid: 0x3155a50
20211007 051617.017 INFO             PET2  NUMBER_OF_PROCESSORS           4
20211007 051617.017 INFO             PET2  PASS  Example ESMF_NUOPCAtmModelEx, ESMF_NUOPCAtmModelEx.F90, line 806
20211007 051617.017 INFO             PET2 Finalizing ESMF
20211007 051616.816 INFO             PET3 !!!!!!!!!!!!!!!!!!!!!!!!!!!!!!!!!!!!!!!!!!!!!!!!!!!!!!
20211007 051616.816 INFO             PET3 !!! THE ESMF_LOG IS SET TO OUTPUT ALL LOG MESSAGES !!!
20211007 051616.816 INFO             PET3 !!!     THIS MAY CAUSE SLOWDOWN IN PERFORMANCE     !!!
20211007 051616.816 INFO             PET3 !!! FOR PRODUCTION RUNS, USE:                      !!!
20211007 051616.816 INFO             PET3 !!!                   ESMF_LOGKIND_Multi_On_Error  !!!
20211007 051616.816 INFO             PET3 !!!!!!!!!!!!!!!!!!!!!!!!!!!!!!!!!!!!!!!!!!!!!!!!!!!!!!
20211007 051616.816 INFO             PET3 Running with ESMF Version   : ESMF_8_2_0_beta_snapshot_21
20211007 051616.816 INFO             PET3 ESMF library build date/time: "Oct  7 2021" "04:04:19"
20211007 051616.816 INFO             PET3 ESMF library build location : /glade/scratch/mpotts/intel_18.0.5_mpt_g_release_8.2.0
20211007 051616.816 INFO             PET3 ESMF_COMM                   : mpt
20211007 051616.816 INFO             PET3 ESMF_MOAB                   : enabled
20211007 051616.816 INFO             PET3 ESMF_LAPACK                 : enabled
20211007 051616.816 INFO             PET3 ESMF_NETCDF                 : enabled
20211007 051616.816 INFO             PET3 ESMF_PNETCDF                : disabled
20211007 051616.816 INFO             PET3 ESMF_PIO                    : enabled
20211007 051616.816 INFO             PET3 ESMF_YAMLCPP                : enabled
20211007 051616.948 DEBUG            PET3 about to destroy Grid: 0x3154ce0
20211007 051616.972 DEBUG            PET3 about to destroy Grid: 0x3155b10
20211007 051617.017 INFO             PET3  NUMBER_OF_PROCESSORS           4
20211007 051617.017 INFO             PET3  PASS  Example ESMF_NUOPCAtmModelEx, ESMF_NUOPCAtmModelEx.F90, line 806
20211007 051617.017 INFO             PET3 Finalizing ESMF
