build time -- 2021-10-29 06:11:14
20211029 064043.593 INFO             PET0 !!!!!!!!!!!!!!!!!!!!!!!!!!!!!!!!!!!!!!!!!!!!!!!!!!!!!!
20211029 064043.593 INFO             PET0 !!! THE ESMF_LOG IS SET TO OUTPUT ALL LOG MESSAGES !!!
20211029 064043.593 INFO             PET0 !!!     THIS MAY CAUSE SLOWDOWN IN PERFORMANCE     !!!
20211029 064043.593 INFO             PET0 !!! FOR PRODUCTION RUNS, USE:                      !!!
20211029 064043.593 INFO             PET0 !!!                   ESMF_LOGKIND_Multi_On_Error  !!!
20211029 064043.593 INFO             PET0 !!!!!!!!!!!!!!!!!!!!!!!!!!!!!!!!!!!!!!!!!!!!!!!!!!!!!!
20211029 064043.593 INFO             PET0 Running with ESMF Version   : ESMF_8_2_0
20211029 064043.593 INFO             PET0 ESMF library build date/time: "Oct 29 2021" "06:10:22"
20211029 064043.593 INFO             PET0 ESMF library build location : /scratch1/NCEPDEV/stmp2/Mark.Potts/gfortran_9.2.0_mpiuni_O_main
20211029 064043.593 INFO             PET0 ESMF_COMM                   : mpiuni
20211029 064043.593 INFO             PET0 ESMF_MOAB                   : enabled
20211029 064043.593 INFO             PET0 ESMF_LAPACK                 : enabled
20211029 064043.593 INFO             PET0 ESMF_NETCDF                 : enabled
20211029 064043.593 INFO             PET0 ESMF_PNETCDF                : disabled
20211029 064043.593 INFO             PET0 ESMF_PIO                    : disabled
20211029 064043.593 INFO             PET0 ESMF_YAMLCPP                : enabled
20211029 064043.594 INFO             PET0  NUMBER_OF_PROCESSORS           1
20211029 064043.594 INFO             PET0  PASS  Example ESMF_VMNonBlockingEx, ESMF_VMNonBlockingEx.F90, line 434
20211029 064043.594 INFO             PET0 Finalizing ESMF
