build time -- 2022-02-18 06:00:09
20220218 062058.791 INFO             PET0 !!!!!!!!!!!!!!!!!!!!!!!!!!!!!!!!!!!!!!!!!!!!!!!!!!!!!!
20220218 062058.791 INFO             PET0 !!! THE ESMF_LOG IS SET TO OUTPUT ALL LOG MESSAGES !!!
20220218 062058.791 INFO             PET0 !!!     THIS MAY CAUSE SLOWDOWN IN PERFORMANCE     !!!
20220218 062058.791 INFO             PET0 !!! FOR PRODUCTION RUNS, USE:                      !!!
20220218 062058.791 INFO             PET0 !!!                   ESMF_LOGKIND_Multi_On_Error  !!!
20220218 062058.791 INFO             PET0 !!!!!!!!!!!!!!!!!!!!!!!!!!!!!!!!!!!!!!!!!!!!!!!!!!!!!!
20220218 062058.791 INFO             PET0 Running with ESMF Version   : ESMF_8_3_0_beta_snapshot_06-16-g2298b2e0a6
20220218 062058.791 INFO             PET0 ESMF library build date/time: "Feb 18 2022" "05:58:36"
20220218 062058.791 INFO             PET0 ESMF library build location : /scratch1/NCEPDEV/stmp2/role.esmfmaint/intel_18.0.4_mpiuni_O_develop
20220218 062058.791 INFO             PET0 ESMF_COMM                   : mpiuni
20220218 062058.792 INFO             PET0 ESMF_MOAB                   : enabled
20220218 062058.792 INFO             PET0 ESMF_LAPACK                 : enabled
20220218 062058.792 INFO             PET0 ESMF_NETCDF                 : enabled
20220218 062058.792 INFO             PET0 ESMF_PNETCDF                : disabled
20220218 062058.792 INFO             PET0 ESMF_PIO                    : disabled
20220218 062058.792 INFO             PET0 ESMF_YAMLCPP                : enabled
20220218 062058.794 ERROR            PET0 ESMCI_Info.C:1277 Info::set(<json>) Cannot set value  - Error/Return Code 540 (ESMC_RC_CANNOT_SET) - Key '/myIntegerKey' already in map and force=false.
20220218 062058.794 ERROR            PET0 ESMCI_Info.C:1280 Info::set(<json>) Cannot set value  - Internal subroutine call returned Error
20220218 062058.794 ERROR            PET0 ESMCI_Info.C:1322 Info::set(<json>) Cannot set value  - Internal subroutine call returned Error
20220218 062058.794 ERROR            PET0 ESMCI_Info.C:1325 Info::set(<json>) Cannot set value  - Internal subroutine call returned Error
20220218 062058.794 ERROR            PET0 ESMCI_Info.C:1373 Info::set(<scalar>) Cannot set value  - Internal subroutine call returned Error
20220218 062058.794 ERROR            PET0 ESMC_InfoCDefGeneric.C:387 ESMC_InfoSetI4() Cannot set value  - Internal subroutine call returned Error
20220218 062058.794 ERROR            PET0 ESMF_Info.F90:2866 ESMF_InfoSetI4() Cannot set value  - Internal subroutine call returned Error
20220218 062058.794 INFO             PET0  NUMBER_OF_PROCESSORS           1
20220218 062058.794 INFO             PET0  PASS  Example ESMF_InfoTutorialEx, ESMF_InfoTutorialEx.F90, line 335
20220218 062058.794 INFO             PET0 Finalizing ESMF
