build time -- 2022-01-17 06:02:56
20220117 062646.180 INFO             PET0 !!!!!!!!!!!!!!!!!!!!!!!!!!!!!!!!!!!!!!!!!!!!!!!!!!!!!!
20220117 062646.181 INFO             PET0 !!! THE ESMF_LOG IS SET TO OUTPUT ALL LOG MESSAGES !!!
20220117 062646.181 INFO             PET0 !!!     THIS MAY CAUSE SLOWDOWN IN PERFORMANCE     !!!
20220117 062646.181 INFO             PET0 !!! FOR PRODUCTION RUNS, USE:                      !!!
20220117 062646.181 INFO             PET0 !!!                   ESMF_LOGKIND_Multi_On_Error  !!!
20220117 062646.181 INFO             PET0 !!!!!!!!!!!!!!!!!!!!!!!!!!!!!!!!!!!!!!!!!!!!!!!!!!!!!!
20220117 062646.181 INFO             PET0 Running with ESMF Version   : ESMF_8_3_0_beta_snapshot_05-28-g1022def4d0
20220117 062646.181 INFO             PET0 ESMF library build date/time: "Jan 17 2022" "06:01:51"
20220117 062646.181 INFO             PET0 ESMF library build location : /scratch1/NCEPDEV/stmp2/role.esmfmaint/gfortran_9.2.0_mpiuni_g_develop
20220117 062646.181 INFO             PET0 ESMF_COMM                   : mpiuni
20220117 062646.181 INFO             PET0 ESMF_MOAB                   : enabled
20220117 062646.181 INFO             PET0 ESMF_LAPACK                 : enabled
20220117 062646.181 INFO             PET0 ESMF_NETCDF                 : enabled
20220117 062646.181 INFO             PET0 ESMF_PNETCDF                : disabled
20220117 062646.181 INFO             PET0 ESMF_PIO                    : disabled
20220117 062646.181 INFO             PET0 ESMF_YAMLCPP                : enabled
20220117 062646.186 INFO             PET0  NUMBER_OF_PROCESSORS           1
20220117 062646.186 INFO             PET0  PASS  Example ESMF_FieldArbGridEx, ESMF_FieldArbGridEx.F90, line 243
20220117 062646.186 INFO             PET0 Finalizing ESMF
