build time -- 2021-11-18 06:26:31
20211118 064914.195 INFO             PET0 !!!!!!!!!!!!!!!!!!!!!!!!!!!!!!!!!!!!!!!!!!!!!!!!!!!!!!
20211118 064914.195 INFO             PET0 !!! THE ESMF_LOG IS SET TO OUTPUT ALL LOG MESSAGES !!!
20211118 064914.195 INFO             PET0 !!!     THIS MAY CAUSE SLOWDOWN IN PERFORMANCE     !!!
20211118 064914.195 INFO             PET0 !!! FOR PRODUCTION RUNS, USE:                      !!!
20211118 064914.195 INFO             PET0 !!!                   ESMF_LOGKIND_Multi_On_Error  !!!
20211118 064914.195 INFO             PET0 !!!!!!!!!!!!!!!!!!!!!!!!!!!!!!!!!!!!!!!!!!!!!!!!!!!!!!
20211118 064914.195 INFO             PET0 Running with ESMF Version   : ESMF_8_3_0_beta_snapshot_02-9-g35b0f617ee
20211118 064914.195 INFO             PET0 ESMF library build date/time: "Nov 18 2021" "06:25:25"
20211118 064914.195 INFO             PET0 ESMF library build location : /scratch1/NCEPDEV/stmp2/Mark.Potts/gfortran_9.2.0_mpiuni_g_develop
20211118 064914.195 INFO             PET0 ESMF_COMM                   : mpiuni
20211118 064914.196 INFO             PET0 ESMF_MOAB                   : enabled
20211118 064914.196 INFO             PET0 ESMF_LAPACK                 : enabled
20211118 064914.196 INFO             PET0 ESMF_NETCDF                 : enabled
20211118 064914.196 INFO             PET0 ESMF_PNETCDF                : disabled
20211118 064914.196 INFO             PET0 ESMF_PIO                    : disabled
20211118 064914.196 INFO             PET0 ESMF_YAMLCPP                : enabled
20211118 064914.272 DEBUG            PET0 about to destroy Grid: 0xa626d0
20211118 064914.295 DEBUG            PET0 about to destroy Grid: 0xa63940
20211118 064914.328 INFO             PET0  NUMBER_OF_PROCESSORS           1
20211118 064914.328 INFO             PET0  PASS  Example ESMF_NUOPCAtmModelEx, ESMF_NUOPCAtmModelEx.F90, line 806
20211118 064914.328 INFO             PET0 Finalizing ESMF
