build time -- 2022-01-30 06:02:08
20220130 062508.582 INFO             PET0 !!!!!!!!!!!!!!!!!!!!!!!!!!!!!!!!!!!!!!!!!!!!!!!!!!!!!!
20220130 062508.583 INFO             PET0 !!! THE ESMF_LOG IS SET TO OUTPUT ALL LOG MESSAGES !!!
20220130 062508.583 INFO             PET0 !!!     THIS MAY CAUSE SLOWDOWN IN PERFORMANCE     !!!
20220130 062508.583 INFO             PET0 !!! FOR PRODUCTION RUNS, USE:                      !!!
20220130 062508.583 INFO             PET0 !!!                   ESMF_LOGKIND_Multi_On_Error  !!!
20220130 062508.583 INFO             PET0 !!!!!!!!!!!!!!!!!!!!!!!!!!!!!!!!!!!!!!!!!!!!!!!!!!!!!!
20220130 062508.583 INFO             PET0 Running with ESMF Version   : ESMF_8_3_0_beta_snapshot_06-10-gce27d44403
20220130 062508.583 INFO             PET0 ESMF library build date/time: "Jan 30 2022" "06:00:38"
20220130 062508.583 INFO             PET0 ESMF library build location : /scratch1/NCEPDEV/stmp2/role.esmfmaint/gfortran_9.2.0_mpiuni_g_develop
20220130 062508.583 INFO             PET0 ESMF_COMM                   : mpiuni
20220130 062508.583 INFO             PET0 ESMF_MOAB                   : enabled
20220130 062508.583 INFO             PET0 ESMF_LAPACK                 : enabled
20220130 062508.583 INFO             PET0 ESMF_NETCDF                 : enabled
20220130 062508.583 INFO             PET0 ESMF_PNETCDF                : disabled
20220130 062508.583 INFO             PET0 ESMF_PIO                    : disabled
20220130 062508.583 INFO             PET0 ESMF_YAMLCPP                : enabled
20220130 062508.585 ERROR            PET0 ESMCI_Info.C:1277 Info::set(<json>) Cannot set value  - Error/Return Code 540 (ESMC_RC_CANNOT_SET) - Key '/myIntegerKey' already in map and force=false.
20220130 062508.585 ERROR            PET0 ESMCI_Info.C:1280 Info::set(<json>) Cannot set value  - Internal subroutine call returned Error
20220130 062508.585 ERROR            PET0 ESMCI_Info.C:1322 Info::set(<json>) Cannot set value  - Internal subroutine call returned Error
20220130 062508.585 ERROR            PET0 ESMCI_Info.C:1325 Info::set(<json>) Cannot set value  - Internal subroutine call returned Error
20220130 062508.585 ERROR            PET0 ESMCI_Info.C:1373 Info::set(<scalar>) Cannot set value  - Internal subroutine call returned Error
20220130 062508.585 ERROR            PET0 ESMC_InfoCDefGeneric.C:387 ESMC_InfoSetI4() Cannot set value  - Internal subroutine call returned Error
20220130 062508.585 ERROR            PET0 ESMF_Info.F90:2866 ESMF_InfoSetI4() Cannot set value  - Internal subroutine call returned Error
20220130 062508.586 INFO             PET0  NUMBER_OF_PROCESSORS           1
20220130 062508.586 INFO             PET0  PASS  Example ESMF_InfoTutorialEx, ESMF_InfoTutorialEx.F90, line 335
20220130 062508.586 INFO             PET0 Finalizing ESMF
