build time -- 2021-11-21 06:13:12
20211121 063517.756 INFO             PET0 !!!!!!!!!!!!!!!!!!!!!!!!!!!!!!!!!!!!!!!!!!!!!!!!!!!!!!
20211121 063517.757 INFO             PET0 !!! THE ESMF_LOG IS SET TO OUTPUT ALL LOG MESSAGES !!!
20211121 063517.757 INFO             PET0 !!!     THIS MAY CAUSE SLOWDOWN IN PERFORMANCE     !!!
20211121 063517.757 INFO             PET0 !!! FOR PRODUCTION RUNS, USE:                      !!!
20211121 063517.757 INFO             PET0 !!!                   ESMF_LOGKIND_Multi_On_Error  !!!
20211121 063517.757 INFO             PET0 !!!!!!!!!!!!!!!!!!!!!!!!!!!!!!!!!!!!!!!!!!!!!!!!!!!!!!
20211121 063517.757 INFO             PET0 Running with ESMF Version   : ESMF_8_3_0_beta_snapshot_03
20211121 063517.757 INFO             PET0 ESMF library build date/time: "Nov 21 2021" "06:12:10"
20211121 063517.757 INFO             PET0 ESMF library build location : /scratch1/NCEPDEV/stmp2/Mark.Potts/gfortran_9.2.0_mpiuni_g_develop
20211121 063517.757 INFO             PET0 ESMF_COMM                   : mpiuni
20211121 063517.757 INFO             PET0 ESMF_MOAB                   : enabled
20211121 063517.758 INFO             PET0 ESMF_LAPACK                 : enabled
20211121 063517.758 INFO             PET0 ESMF_NETCDF                 : enabled
20211121 063517.758 INFO             PET0 ESMF_PNETCDF                : disabled
20211121 063517.758 INFO             PET0 ESMF_PIO                    : disabled
20211121 063517.758 INFO             PET0 ESMF_YAMLCPP                : enabled
20211121 063517.759 INFO             PET0  NUMBER_OF_PROCESSORS           1
20211121 063517.759 INFO             PET0  PASS  Example ESMF_InternalStateModEx, ESMF_InternalStateModEx.F90, line 239
20211121 063517.759 INFO             PET0 Finalizing ESMF
