build time -- 2022-01-30 06:02:08
20220130 062516.851 INFO             PET0 !!!!!!!!!!!!!!!!!!!!!!!!!!!!!!!!!!!!!!!!!!!!!!!!!!!!!!
20220130 062516.852 INFO             PET0 !!! THE ESMF_LOG IS SET TO OUTPUT ALL LOG MESSAGES !!!
20220130 062516.852 INFO             PET0 !!!     THIS MAY CAUSE SLOWDOWN IN PERFORMANCE     !!!
20220130 062516.852 INFO             PET0 !!! FOR PRODUCTION RUNS, USE:                      !!!
20220130 062516.852 INFO             PET0 !!!                   ESMF_LOGKIND_Multi_On_Error  !!!
20220130 062516.852 INFO             PET0 !!!!!!!!!!!!!!!!!!!!!!!!!!!!!!!!!!!!!!!!!!!!!!!!!!!!!!
20220130 062516.852 INFO             PET0 Running with ESMF Version   : ESMF_8_3_0_beta_snapshot_06-10-gce27d44403
20220130 062516.852 INFO             PET0 ESMF library build date/time: "Jan 30 2022" "06:00:38"
20220130 062516.852 INFO             PET0 ESMF library build location : /scratch1/NCEPDEV/stmp2/role.esmfmaint/gfortran_9.2.0_mpiuni_g_develop
20220130 062516.852 INFO             PET0 ESMF_COMM                   : mpiuni
20220130 062516.852 INFO             PET0 ESMF_MOAB                   : enabled
20220130 062516.852 INFO             PET0 ESMF_LAPACK                 : enabled
20220130 062516.852 INFO             PET0 ESMF_NETCDF                 : enabled
20220130 062516.852 INFO             PET0 ESMF_PNETCDF                : disabled
20220130 062516.852 INFO             PET0 ESMF_PIO                    : disabled
20220130 062516.852 INFO             PET0 ESMF_YAMLCPP                : enabled
20220130 062516.858 INFO             PET0 ESMF_FieldRedistStoreNF(): Just entered routine.
20220130 062517.397 INFO             PET0 ESMF_FieldRedistStoreNF(): Leaving routine.
20220130 062517.411 INFO             PET0  NUMBER_OF_PROCESSORS           1
20220130 062517.411 INFO             PET0  PASS  Example ESMF_RHandleFromFileEx, ESMF_RHandleFromFileEx.F90, line 192
20220130 062517.411 INFO             PET0 Finalizing ESMF
