build time -- 2022-01-30 23:53:50
20220131 002727.157 INFO             PET0 !!!!!!!!!!!!!!!!!!!!!!!!!!!!!!!!!!!!!!!!!!!!!!!!!!!!!!
20220131 002727.157 INFO             PET0 !!! THE ESMF_LOG IS SET TO OUTPUT ALL LOG MESSAGES !!!
20220131 002727.157 INFO             PET0 !!!     THIS MAY CAUSE SLOWDOWN IN PERFORMANCE     !!!
20220131 002727.158 INFO             PET0 !!! FOR PRODUCTION RUNS, USE:                      !!!
20220131 002727.158 INFO             PET0 !!!                   ESMF_LOGKIND_Multi_On_Error  !!!
20220131 002727.158 INFO             PET0 !!!!!!!!!!!!!!!!!!!!!!!!!!!!!!!!!!!!!!!!!!!!!!!!!!!!!!
20220131 002727.158 INFO             PET0 Running with ESMF Version   : 8.3.0 beta snapshot
20220131 002727.158 INFO             PET0 ESMF library build date/time: "Jan 30 2022" "23:51:59"
20220131 002727.158 INFO             PET0 ESMF library build location : /lustre/f2/dev/ncep/Mark.Potts/intel_2019.5_mpi_g_jedwards_pio_update
20220131 002727.158 INFO             PET0 ESMF_COMM                   : mpi
20220131 002727.158 INFO             PET0 ESMF_MOAB                   : enabled
20220131 002727.158 INFO             PET0 ESMF_LAPACK                 : enabled
20220131 002727.158 INFO             PET0 ESMF_NETCDF                 : enabled
20220131 002727.158 INFO             PET0 ESMF_PNETCDF                : disabled
20220131 002727.158 INFO             PET0 ESMF_PIO                    : enabled
20220131 002727.158 INFO             PET0 ESMF_YAMLCPP                : enabled
20220131 002727.225 INFO             PET0 ESMF_FieldRedistStoreNF(): Just entered routine.
20220131 002727.286 INFO             PET0 ESMF_FieldRedistStoreNF(): Leaving routine.
20220131 002727.308 INFO             PET0  NUMBER_OF_PROCESSORS           4
20220131 002727.308 INFO             PET0  PASS  Example ESMF_RHandleFromFileEx, ESMF_RHandleFromFileEx.F90, line 192
20220131 002727.308 INFO             PET0 Finalizing ESMF
20220131 002727.310 INFO             PET0 ESMCI_IO_Handler.C:330 ESMCI::IO_Handler::finalize() 
20220131 002727.311 INFO             PET0 ESMCI_PIO_Handler.C:348 ESMCI::PIO_Handler::finalize() 
20220131 002727.311 INFO             PET0 ESMCI_IO_Handler.C:332 ESMCI::IO_Handler::finalize() after finalize, localrc = 0
20220131 002727.311 INFO             PET0 ESMCI_IO_Handler.C:355 ESMCI::IO_Handler::finalize() before return, localrc = 0
20220131 002727.153 INFO             PET1 !!!!!!!!!!!!!!!!!!!!!!!!!!!!!!!!!!!!!!!!!!!!!!!!!!!!!!
20220131 002727.154 INFO             PET1 !!! THE ESMF_LOG IS SET TO OUTPUT ALL LOG MESSAGES !!!
20220131 002727.154 INFO             PET1 !!!     THIS MAY CAUSE SLOWDOWN IN PERFORMANCE     !!!
20220131 002727.154 INFO             PET1 !!! FOR PRODUCTION RUNS, USE:                      !!!
20220131 002727.154 INFO             PET1 !!!                   ESMF_LOGKIND_Multi_On_Error  !!!
20220131 002727.154 INFO             PET1 !!!!!!!!!!!!!!!!!!!!!!!!!!!!!!!!!!!!!!!!!!!!!!!!!!!!!!
20220131 002727.154 INFO             PET1 Running with ESMF Version   : 8.3.0 beta snapshot
20220131 002727.155 INFO             PET1 ESMF library build date/time: "Jan 30 2022" "23:51:59"
20220131 002727.155 INFO             PET1 ESMF library build location : /lustre/f2/dev/ncep/Mark.Potts/intel_2019.5_mpi_g_jedwards_pio_update
20220131 002727.155 INFO             PET1 ESMF_COMM                   : mpi
20220131 002727.157 INFO             PET1 ESMF_MOAB                   : enabled
20220131 002727.157 INFO             PET1 ESMF_LAPACK                 : enabled
20220131 002727.157 INFO             PET1 ESMF_NETCDF                 : enabled
20220131 002727.158 INFO             PET1 ESMF_PNETCDF                : disabled
20220131 002727.158 INFO             PET1 ESMF_PIO                    : enabled
20220131 002727.158 INFO             PET1 ESMF_YAMLCPP                : enabled
20220131 002727.225 INFO             PET1 ESMF_FieldRedistStoreNF(): Just entered routine.
20220131 002727.286 INFO             PET1 ESMF_FieldRedistStoreNF(): Leaving routine.
20220131 002727.308 INFO             PET1  NUMBER_OF_PROCESSORS           4
20220131 002727.308 INFO             PET1  PASS  Example ESMF_RHandleFromFileEx, ESMF_RHandleFromFileEx.F90, line 192
20220131 002727.308 INFO             PET1 Finalizing ESMF
20220131 002727.310 INFO             PET1 ESMCI_IO_Handler.C:330 ESMCI::IO_Handler::finalize() 
20220131 002727.311 INFO             PET1 ESMCI_PIO_Handler.C:348 ESMCI::PIO_Handler::finalize() 
20220131 002727.311 INFO             PET1 ESMCI_IO_Handler.C:332 ESMCI::IO_Handler::finalize() after finalize, localrc = 0
20220131 002727.311 INFO             PET1 ESMCI_IO_Handler.C:355 ESMCI::IO_Handler::finalize() before return, localrc = 0
20220131 002727.153 INFO             PET2 !!!!!!!!!!!!!!!!!!!!!!!!!!!!!!!!!!!!!!!!!!!!!!!!!!!!!!
20220131 002727.154 INFO             PET2 !!! THE ESMF_LOG IS SET TO OUTPUT ALL LOG MESSAGES !!!
20220131 002727.154 INFO             PET2 !!!     THIS MAY CAUSE SLOWDOWN IN PERFORMANCE     !!!
20220131 002727.154 INFO             PET2 !!! FOR PRODUCTION RUNS, USE:                      !!!
20220131 002727.154 INFO             PET2 !!!                   ESMF_LOGKIND_Multi_On_Error  !!!
20220131 002727.154 INFO             PET2 !!!!!!!!!!!!!!!!!!!!!!!!!!!!!!!!!!!!!!!!!!!!!!!!!!!!!!
20220131 002727.154 INFO             PET2 Running with ESMF Version   : 8.3.0 beta snapshot
20220131 002727.155 INFO             PET2 ESMF library build date/time: "Jan 30 2022" "23:51:59"
20220131 002727.155 INFO             PET2 ESMF library build location : /lustre/f2/dev/ncep/Mark.Potts/intel_2019.5_mpi_g_jedwards_pio_update
20220131 002727.155 INFO             PET2 ESMF_COMM                   : mpi
20220131 002727.157 INFO             PET2 ESMF_MOAB                   : enabled
20220131 002727.157 INFO             PET2 ESMF_LAPACK                 : enabled
20220131 002727.157 INFO             PET2 ESMF_NETCDF                 : enabled
20220131 002727.158 INFO             PET2 ESMF_PNETCDF                : disabled
20220131 002727.158 INFO             PET2 ESMF_PIO                    : enabled
20220131 002727.158 INFO             PET2 ESMF_YAMLCPP                : enabled
20220131 002727.225 INFO             PET2 ESMF_FieldRedistStoreNF(): Just entered routine.
20220131 002727.286 INFO             PET2 ESMF_FieldRedistStoreNF(): Leaving routine.
20220131 002727.308 INFO             PET2  NUMBER_OF_PROCESSORS           4
20220131 002727.308 INFO             PET2  PASS  Example ESMF_RHandleFromFileEx, ESMF_RHandleFromFileEx.F90, line 192
20220131 002727.308 INFO             PET2 Finalizing ESMF
20220131 002727.310 INFO             PET2 ESMCI_IO_Handler.C:330 ESMCI::IO_Handler::finalize() 
20220131 002727.311 INFO             PET2 ESMCI_PIO_Handler.C:348 ESMCI::PIO_Handler::finalize() 
20220131 002727.311 INFO             PET2 ESMCI_IO_Handler.C:332 ESMCI::IO_Handler::finalize() after finalize, localrc = 0
20220131 002727.311 INFO             PET2 ESMCI_IO_Handler.C:355 ESMCI::IO_Handler::finalize() before return, localrc = 0
20220131 002727.159 INFO             PET3 !!!!!!!!!!!!!!!!!!!!!!!!!!!!!!!!!!!!!!!!!!!!!!!!!!!!!!
20220131 002727.159 INFO             PET3 !!! THE ESMF_LOG IS SET TO OUTPUT ALL LOG MESSAGES !!!
20220131 002727.159 INFO             PET3 !!!     THIS MAY CAUSE SLOWDOWN IN PERFORMANCE     !!!
20220131 002727.159 INFO             PET3 !!! FOR PRODUCTION RUNS, USE:                      !!!
20220131 002727.159 INFO             PET3 !!!                   ESMF_LOGKIND_Multi_On_Error  !!!
20220131 002727.159 INFO             PET3 !!!!!!!!!!!!!!!!!!!!!!!!!!!!!!!!!!!!!!!!!!!!!!!!!!!!!!
20220131 002727.159 INFO             PET3 Running with ESMF Version   : 8.3.0 beta snapshot
20220131 002727.159 INFO             PET3 ESMF library build date/time: "Jan 30 2022" "23:51:59"
20220131 002727.159 INFO             PET3 ESMF library build location : /lustre/f2/dev/ncep/Mark.Potts/intel_2019.5_mpi_g_jedwards_pio_update
20220131 002727.159 INFO             PET3 ESMF_COMM                   : mpi
20220131 002727.160 INFO             PET3 ESMF_MOAB                   : enabled
20220131 002727.160 INFO             PET3 ESMF_LAPACK                 : enabled
20220131 002727.160 INFO             PET3 ESMF_NETCDF                 : enabled
20220131 002727.160 INFO             PET3 ESMF_PNETCDF                : disabled
20220131 002727.160 INFO             PET3 ESMF_PIO                    : enabled
20220131 002727.160 INFO             PET3 ESMF_YAMLCPP                : enabled
20220131 002727.225 INFO             PET3 ESMF_FieldRedistStoreNF(): Just entered routine.
20220131 002727.286 INFO             PET3 ESMF_FieldRedistStoreNF(): Leaving routine.
20220131 002727.308 INFO             PET3  NUMBER_OF_PROCESSORS           4
20220131 002727.308 INFO             PET3  PASS  Example ESMF_RHandleFromFileEx, ESMF_RHandleFromFileEx.F90, line 192
20220131 002727.308 INFO             PET3 Finalizing ESMF
20220131 002727.310 INFO             PET3 ESMCI_IO_Handler.C:330 ESMCI::IO_Handler::finalize() 
20220131 002727.311 INFO             PET3 ESMCI_PIO_Handler.C:348 ESMCI::PIO_Handler::finalize() 
20220131 002727.311 INFO             PET3 ESMCI_IO_Handler.C:332 ESMCI::IO_Handler::finalize() after finalize, localrc = 0
20220131 002727.311 INFO             PET3 ESMCI_IO_Handler.C:355 ESMCI::IO_Handler::finalize() before return, localrc = 0
