build time -- 2022-01-27 23:56:59
20220128 003504.868 INFO             PET0 !!!!!!!!!!!!!!!!!!!!!!!!!!!!!!!!!!!!!!!!!!!!!!!!!!!!!!
20220128 003504.868 INFO             PET0 !!! THE ESMF_LOG IS SET TO OUTPUT ALL LOG MESSAGES !!!
20220128 003504.868 INFO             PET0 !!!     THIS MAY CAUSE SLOWDOWN IN PERFORMANCE     !!!
20220128 003504.868 INFO             PET0 !!! FOR PRODUCTION RUNS, USE:                      !!!
20220128 003504.868 INFO             PET0 !!!                   ESMF_LOGKIND_Multi_On_Error  !!!
20220128 003504.868 INFO             PET0 !!!!!!!!!!!!!!!!!!!!!!!!!!!!!!!!!!!!!!!!!!!!!!!!!!!!!!
20220128 003504.868 INFO             PET0 Running with ESMF Version   : 8.3.0 beta snapshot
20220128 003504.868 INFO             PET0 ESMF library build date/time: "Jan 27 2022" "23:55:00"
20220128 003504.868 INFO             PET0 ESMF library build location : /lustre/f2/dev/ncep/Mark.Potts/intel_2019.5_mpi_g_jedwards_pio_update
20220128 003504.868 INFO             PET0 ESMF_COMM                   : mpi
20220128 003504.869 INFO             PET0 ESMF_MOAB                   : enabled
20220128 003504.869 INFO             PET0 ESMF_LAPACK                 : enabled
20220128 003504.869 INFO             PET0 ESMF_NETCDF                 : enabled
20220128 003504.869 INFO             PET0 ESMF_PNETCDF                : disabled
20220128 003504.869 INFO             PET0 ESMF_PIO                    : enabled
20220128 003504.869 INFO             PET0 ESMF_YAMLCPP                : enabled
20220128 003504.944 DEBUG            PET0 about to destroy Grid: 0x933580
20220128 003504.950 DEBUG            PET0 about to destroy Grid: 0x934d80
20220128 003504.968 INFO             PET0  NUMBER_OF_PROCESSORS           4
20220128 003504.968 INFO             PET0  PASS  Example ESMF_NUOPCAtmModelEx, ESMF_NUOPCAtmModelEx.F90, line 806
20220128 003504.968 INFO             PET0 Finalizing ESMF
20220128 003504.968 INFO             PET0 ESMCI_IO_Handler.C:330 ESMCI::IO_Handler::finalize() 
20220128 003504.968 INFO             PET0 ESMCI_PIO_Handler.C:348 ESMCI::PIO_Handler::finalize() 
20220128 003504.968 INFO             PET0 ESMCI_IO_Handler.C:332 ESMCI::IO_Handler::finalize() after finalize, localrc = 0
20220128 003504.968 INFO             PET0 ESMCI_IO_Handler.C:355 ESMCI::IO_Handler::finalize() before return, localrc = 0
20220128 003504.854 INFO             PET1 !!!!!!!!!!!!!!!!!!!!!!!!!!!!!!!!!!!!!!!!!!!!!!!!!!!!!!
20220128 003504.855 INFO             PET1 !!! THE ESMF_LOG IS SET TO OUTPUT ALL LOG MESSAGES !!!
20220128 003504.855 INFO             PET1 !!!     THIS MAY CAUSE SLOWDOWN IN PERFORMANCE     !!!
20220128 003504.855 INFO             PET1 !!! FOR PRODUCTION RUNS, USE:                      !!!
20220128 003504.855 INFO             PET1 !!!                   ESMF_LOGKIND_Multi_On_Error  !!!
20220128 003504.855 INFO             PET1 !!!!!!!!!!!!!!!!!!!!!!!!!!!!!!!!!!!!!!!!!!!!!!!!!!!!!!
20220128 003504.855 INFO             PET1 Running with ESMF Version   : 8.3.0 beta snapshot
20220128 003504.855 INFO             PET1 ESMF library build date/time: "Jan 27 2022" "23:55:00"
20220128 003504.855 INFO             PET1 ESMF library build location : /lustre/f2/dev/ncep/Mark.Potts/intel_2019.5_mpi_g_jedwards_pio_update
20220128 003504.855 INFO             PET1 ESMF_COMM                   : mpi
20220128 003504.855 INFO             PET1 ESMF_MOAB                   : enabled
20220128 003504.855 INFO             PET1 ESMF_LAPACK                 : enabled
20220128 003504.855 INFO             PET1 ESMF_NETCDF                 : enabled
20220128 003504.855 INFO             PET1 ESMF_PNETCDF                : disabled
20220128 003504.855 INFO             PET1 ESMF_PIO                    : enabled
20220128 003504.855 INFO             PET1 ESMF_YAMLCPP                : enabled
20220128 003504.944 DEBUG            PET1 about to destroy Grid: 0x931140
20220128 003504.950 DEBUG            PET1 about to destroy Grid: 0x932570
20220128 003504.968 INFO             PET1  NUMBER_OF_PROCESSORS           4
20220128 003504.968 INFO             PET1  PASS  Example ESMF_NUOPCAtmModelEx, ESMF_NUOPCAtmModelEx.F90, line 806
20220128 003504.968 INFO             PET1 Finalizing ESMF
20220128 003504.968 INFO             PET1 ESMCI_IO_Handler.C:330 ESMCI::IO_Handler::finalize() 
20220128 003504.968 INFO             PET1 ESMCI_PIO_Handler.C:348 ESMCI::PIO_Handler::finalize() 
20220128 003504.968 INFO             PET1 ESMCI_IO_Handler.C:332 ESMCI::IO_Handler::finalize() after finalize, localrc = 0
20220128 003504.968 INFO             PET1 ESMCI_IO_Handler.C:355 ESMCI::IO_Handler::finalize() before return, localrc = 0
20220128 003504.887 INFO             PET2 !!!!!!!!!!!!!!!!!!!!!!!!!!!!!!!!!!!!!!!!!!!!!!!!!!!!!!
20220128 003504.888 INFO             PET2 !!! THE ESMF_LOG IS SET TO OUTPUT ALL LOG MESSAGES !!!
20220128 003504.888 INFO             PET2 !!!     THIS MAY CAUSE SLOWDOWN IN PERFORMANCE     !!!
20220128 003504.888 INFO             PET2 !!! FOR PRODUCTION RUNS, USE:                      !!!
20220128 003504.888 INFO             PET2 !!!                   ESMF_LOGKIND_Multi_On_Error  !!!
20220128 003504.888 INFO             PET2 !!!!!!!!!!!!!!!!!!!!!!!!!!!!!!!!!!!!!!!!!!!!!!!!!!!!!!
20220128 003504.888 INFO             PET2 Running with ESMF Version   : 8.3.0 beta snapshot
20220128 003504.888 INFO             PET2 ESMF library build date/time: "Jan 27 2022" "23:55:00"
20220128 003504.888 INFO             PET2 ESMF library build location : /lustre/f2/dev/ncep/Mark.Potts/intel_2019.5_mpi_g_jedwards_pio_update
20220128 003504.888 INFO             PET2 ESMF_COMM                   : mpi
20220128 003504.888 INFO             PET2 ESMF_MOAB                   : enabled
20220128 003504.888 INFO             PET2 ESMF_LAPACK                 : enabled
20220128 003504.889 INFO             PET2 ESMF_NETCDF                 : enabled
20220128 003504.889 INFO             PET2 ESMF_PNETCDF                : disabled
20220128 003504.889 INFO             PET2 ESMF_PIO                    : enabled
20220128 003504.889 INFO             PET2 ESMF_YAMLCPP                : enabled
20220128 003504.944 DEBUG            PET2 about to destroy Grid: 0x930f60
20220128 003504.950 DEBUG            PET2 about to destroy Grid: 0x932390
20220128 003504.968 INFO             PET2  NUMBER_OF_PROCESSORS           4
20220128 003504.968 INFO             PET2  PASS  Example ESMF_NUOPCAtmModelEx, ESMF_NUOPCAtmModelEx.F90, line 806
20220128 003504.968 INFO             PET2 Finalizing ESMF
20220128 003504.968 INFO             PET2 ESMCI_IO_Handler.C:330 ESMCI::IO_Handler::finalize() 
20220128 003504.968 INFO             PET2 ESMCI_PIO_Handler.C:348 ESMCI::PIO_Handler::finalize() 
20220128 003504.968 INFO             PET2 ESMCI_IO_Handler.C:332 ESMCI::IO_Handler::finalize() after finalize, localrc = 0
20220128 003504.968 INFO             PET2 ESMCI_IO_Handler.C:355 ESMCI::IO_Handler::finalize() before return, localrc = 0
20220128 003504.853 INFO             PET3 !!!!!!!!!!!!!!!!!!!!!!!!!!!!!!!!!!!!!!!!!!!!!!!!!!!!!!
20220128 003504.853 INFO             PET3 !!! THE ESMF_LOG IS SET TO OUTPUT ALL LOG MESSAGES !!!
20220128 003504.853 INFO             PET3 !!!     THIS MAY CAUSE SLOWDOWN IN PERFORMANCE     !!!
20220128 003504.853 INFO             PET3 !!! FOR PRODUCTION RUNS, USE:                      !!!
20220128 003504.853 INFO             PET3 !!!                   ESMF_LOGKIND_Multi_On_Error  !!!
20220128 003504.853 INFO             PET3 !!!!!!!!!!!!!!!!!!!!!!!!!!!!!!!!!!!!!!!!!!!!!!!!!!!!!!
20220128 003504.853 INFO             PET3 Running with ESMF Version   : 8.3.0 beta snapshot
20220128 003504.853 INFO             PET3 ESMF library build date/time: "Jan 27 2022" "23:55:00"
20220128 003504.853 INFO             PET3 ESMF library build location : /lustre/f2/dev/ncep/Mark.Potts/intel_2019.5_mpi_g_jedwards_pio_update
20220128 003504.853 INFO             PET3 ESMF_COMM                   : mpi
20220128 003504.854 INFO             PET3 ESMF_MOAB                   : enabled
20220128 003504.854 INFO             PET3 ESMF_LAPACK                 : enabled
20220128 003504.854 INFO             PET3 ESMF_NETCDF                 : enabled
20220128 003504.854 INFO             PET3 ESMF_PNETCDF                : disabled
20220128 003504.854 INFO             PET3 ESMF_PIO                    : enabled
20220128 003504.854 INFO             PET3 ESMF_YAMLCPP                : enabled
20220128 003504.944 DEBUG            PET3 about to destroy Grid: 0x931140
20220128 003504.950 DEBUG            PET3 about to destroy Grid: 0x932570
20220128 003504.968 INFO             PET3  NUMBER_OF_PROCESSORS           4
20220128 003504.968 INFO             PET3  PASS  Example ESMF_NUOPCAtmModelEx, ESMF_NUOPCAtmModelEx.F90, line 806
20220128 003504.968 INFO             PET3 Finalizing ESMF
20220128 003504.968 INFO             PET3 ESMCI_IO_Handler.C:330 ESMCI::IO_Handler::finalize() 
20220128 003504.968 INFO             PET3 ESMCI_PIO_Handler.C:348 ESMCI::PIO_Handler::finalize() 
20220128 003504.968 INFO             PET3 ESMCI_IO_Handler.C:332 ESMCI::IO_Handler::finalize() after finalize, localrc = 0
20220128 003504.968 INFO             PET3 ESMCI_IO_Handler.C:355 ESMCI::IO_Handler::finalize() before return, localrc = 0
