build time -- 2022-01-26 23:40:34
20220127 001553.451 INFO             PET0 !!!!!!!!!!!!!!!!!!!!!!!!!!!!!!!!!!!!!!!!!!!!!!!!!!!!!!
20220127 001553.459 INFO             PET0 !!! THE ESMF_LOG IS SET TO OUTPUT ALL LOG MESSAGES !!!
20220127 001553.459 INFO             PET0 !!!     THIS MAY CAUSE SLOWDOWN IN PERFORMANCE     !!!
20220127 001553.459 INFO             PET0 !!! FOR PRODUCTION RUNS, USE:                      !!!
20220127 001553.459 INFO             PET0 !!!                   ESMF_LOGKIND_Multi_On_Error  !!!
20220127 001553.459 INFO             PET0 !!!!!!!!!!!!!!!!!!!!!!!!!!!!!!!!!!!!!!!!!!!!!!!!!!!!!!
20220127 001553.461 INFO             PET0 Running with ESMF Version   : 8.3.0 beta snapshot
20220127 001553.462 INFO             PET0 ESMF library build date/time: "Jan 26 2022" "23:38:56"
20220127 001553.462 INFO             PET0 ESMF library build location : /lustre/f2/dev/ncep/Mark.Potts/intel_2019.5_mpi_g_jedwards_pio_update
20220127 001553.462 INFO             PET0 ESMF_COMM                   : mpi
20220127 001553.464 INFO             PET0 ESMF_MOAB                   : enabled
20220127 001553.464 INFO             PET0 ESMF_LAPACK                 : enabled
20220127 001553.464 INFO             PET0 ESMF_NETCDF                 : enabled
20220127 001553.465 INFO             PET0 ESMF_PNETCDF                : disabled
20220127 001553.465 INFO             PET0 ESMF_PIO                    : enabled
20220127 001553.465 INFO             PET0 ESMF_YAMLCPP                : enabled
20220127 001553.599 INFO             PET0  NUMBER_OF_PROCESSORS           4
20220127 001553.599 INFO             PET0  PASS  Example ESMF_FieldBundleHaloEx, ESMF_FieldBundleHaloEx.F90, line 319
20220127 001553.599 INFO             PET0 Finalizing ESMF
20220127 001553.601 INFO             PET0 ESMCI_IO_Handler.C:330 ESMCI::IO_Handler::finalize() 
20220127 001553.601 INFO             PET0 ESMCI_PIO_Handler.C:348 ESMCI::PIO_Handler::finalize() 
20220127 001553.601 INFO             PET0 ESMCI_IO_Handler.C:332 ESMCI::IO_Handler::finalize() after finalize, localrc = 0
20220127 001553.602 INFO             PET0 ESMCI_IO_Handler.C:355 ESMCI::IO_Handler::finalize() before return, localrc = 0
20220127 001553.451 INFO             PET1 !!!!!!!!!!!!!!!!!!!!!!!!!!!!!!!!!!!!!!!!!!!!!!!!!!!!!!
20220127 001553.459 INFO             PET1 !!! THE ESMF_LOG IS SET TO OUTPUT ALL LOG MESSAGES !!!
20220127 001553.459 INFO             PET1 !!!     THIS MAY CAUSE SLOWDOWN IN PERFORMANCE     !!!
20220127 001553.459 INFO             PET1 !!! FOR PRODUCTION RUNS, USE:                      !!!
20220127 001553.459 INFO             PET1 !!!                   ESMF_LOGKIND_Multi_On_Error  !!!
20220127 001553.459 INFO             PET1 !!!!!!!!!!!!!!!!!!!!!!!!!!!!!!!!!!!!!!!!!!!!!!!!!!!!!!
20220127 001553.461 INFO             PET1 Running with ESMF Version   : 8.3.0 beta snapshot
20220127 001553.462 INFO             PET1 ESMF library build date/time: "Jan 26 2022" "23:38:56"
20220127 001553.462 INFO             PET1 ESMF library build location : /lustre/f2/dev/ncep/Mark.Potts/intel_2019.5_mpi_g_jedwards_pio_update
20220127 001553.462 INFO             PET1 ESMF_COMM                   : mpi
20220127 001553.464 INFO             PET1 ESMF_MOAB                   : enabled
20220127 001553.464 INFO             PET1 ESMF_LAPACK                 : enabled
20220127 001553.464 INFO             PET1 ESMF_NETCDF                 : enabled
20220127 001553.465 INFO             PET1 ESMF_PNETCDF                : disabled
20220127 001553.465 INFO             PET1 ESMF_PIO                    : enabled
20220127 001553.465 INFO             PET1 ESMF_YAMLCPP                : enabled
20220127 001553.599 INFO             PET1  NUMBER_OF_PROCESSORS           4
20220127 001553.599 INFO             PET1  PASS  Example ESMF_FieldBundleHaloEx, ESMF_FieldBundleHaloEx.F90, line 319
20220127 001553.599 INFO             PET1 Finalizing ESMF
20220127 001553.601 INFO             PET1 ESMCI_IO_Handler.C:330 ESMCI::IO_Handler::finalize() 
20220127 001553.601 INFO             PET1 ESMCI_PIO_Handler.C:348 ESMCI::PIO_Handler::finalize() 
20220127 001553.601 INFO             PET1 ESMCI_IO_Handler.C:332 ESMCI::IO_Handler::finalize() after finalize, localrc = 0
20220127 001553.602 INFO             PET1 ESMCI_IO_Handler.C:355 ESMCI::IO_Handler::finalize() before return, localrc = 0
20220127 001553.454 INFO             PET2 !!!!!!!!!!!!!!!!!!!!!!!!!!!!!!!!!!!!!!!!!!!!!!!!!!!!!!
20220127 001553.459 INFO             PET2 !!! THE ESMF_LOG IS SET TO OUTPUT ALL LOG MESSAGES !!!
20220127 001553.459 INFO             PET2 !!!     THIS MAY CAUSE SLOWDOWN IN PERFORMANCE     !!!
20220127 001553.459 INFO             PET2 !!! FOR PRODUCTION RUNS, USE:                      !!!
20220127 001553.459 INFO             PET2 !!!                   ESMF_LOGKIND_Multi_On_Error  !!!
20220127 001553.459 INFO             PET2 !!!!!!!!!!!!!!!!!!!!!!!!!!!!!!!!!!!!!!!!!!!!!!!!!!!!!!
20220127 001553.461 INFO             PET2 Running with ESMF Version   : 8.3.0 beta snapshot
20220127 001553.462 INFO             PET2 ESMF library build date/time: "Jan 26 2022" "23:38:56"
20220127 001553.462 INFO             PET2 ESMF library build location : /lustre/f2/dev/ncep/Mark.Potts/intel_2019.5_mpi_g_jedwards_pio_update
20220127 001553.462 INFO             PET2 ESMF_COMM                   : mpi
20220127 001553.464 INFO             PET2 ESMF_MOAB                   : enabled
20220127 001553.464 INFO             PET2 ESMF_LAPACK                 : enabled
20220127 001553.464 INFO             PET2 ESMF_NETCDF                 : enabled
20220127 001553.465 INFO             PET2 ESMF_PNETCDF                : disabled
20220127 001553.465 INFO             PET2 ESMF_PIO                    : enabled
20220127 001553.465 INFO             PET2 ESMF_YAMLCPP                : enabled
20220127 001553.599 INFO             PET2  NUMBER_OF_PROCESSORS           4
20220127 001553.599 INFO             PET2  PASS  Example ESMF_FieldBundleHaloEx, ESMF_FieldBundleHaloEx.F90, line 319
20220127 001553.599 INFO             PET2 Finalizing ESMF
20220127 001553.601 INFO             PET2 ESMCI_IO_Handler.C:330 ESMCI::IO_Handler::finalize() 
20220127 001553.601 INFO             PET2 ESMCI_PIO_Handler.C:348 ESMCI::PIO_Handler::finalize() 
20220127 001553.601 INFO             PET2 ESMCI_IO_Handler.C:332 ESMCI::IO_Handler::finalize() after finalize, localrc = 0
20220127 001553.602 INFO             PET2 ESMCI_IO_Handler.C:355 ESMCI::IO_Handler::finalize() before return, localrc = 0
20220127 001553.460 INFO             PET3 !!!!!!!!!!!!!!!!!!!!!!!!!!!!!!!!!!!!!!!!!!!!!!!!!!!!!!
20220127 001553.460 INFO             PET3 !!! THE ESMF_LOG IS SET TO OUTPUT ALL LOG MESSAGES !!!
20220127 001553.460 INFO             PET3 !!!     THIS MAY CAUSE SLOWDOWN IN PERFORMANCE     !!!
20220127 001553.460 INFO             PET3 !!! FOR PRODUCTION RUNS, USE:                      !!!
20220127 001553.460 INFO             PET3 !!!                   ESMF_LOGKIND_Multi_On_Error  !!!
20220127 001553.460 INFO             PET3 !!!!!!!!!!!!!!!!!!!!!!!!!!!!!!!!!!!!!!!!!!!!!!!!!!!!!!
20220127 001553.461 INFO             PET3 Running with ESMF Version   : 8.3.0 beta snapshot
20220127 001553.462 INFO             PET3 ESMF library build date/time: "Jan 26 2022" "23:38:56"
20220127 001553.462 INFO             PET3 ESMF library build location : /lustre/f2/dev/ncep/Mark.Potts/intel_2019.5_mpi_g_jedwards_pio_update
20220127 001553.462 INFO             PET3 ESMF_COMM                   : mpi
20220127 001553.464 INFO             PET3 ESMF_MOAB                   : enabled
20220127 001553.464 INFO             PET3 ESMF_LAPACK                 : enabled
20220127 001553.464 INFO             PET3 ESMF_NETCDF                 : enabled
20220127 001553.465 INFO             PET3 ESMF_PNETCDF                : disabled
20220127 001553.465 INFO             PET3 ESMF_PIO                    : enabled
20220127 001553.465 INFO             PET3 ESMF_YAMLCPP                : enabled
20220127 001553.599 INFO             PET3  NUMBER_OF_PROCESSORS           4
20220127 001553.599 INFO             PET3  PASS  Example ESMF_FieldBundleHaloEx, ESMF_FieldBundleHaloEx.F90, line 319
20220127 001553.599 INFO             PET3 Finalizing ESMF
20220127 001553.601 INFO             PET3 ESMCI_IO_Handler.C:330 ESMCI::IO_Handler::finalize() 
20220127 001553.601 INFO             PET3 ESMCI_PIO_Handler.C:348 ESMCI::PIO_Handler::finalize() 
20220127 001553.601 INFO             PET3 ESMCI_IO_Handler.C:332 ESMCI::IO_Handler::finalize() after finalize, localrc = 0
20220127 001553.602 INFO             PET3 ESMCI_IO_Handler.C:355 ESMCI::IO_Handler::finalize() before return, localrc = 0
