build time -- 2021-10-28 02:33:22
20211028 072305.700 INFO             PET0 !!!!!!!!!!!!!!!!!!!!!!!!!!!!!!!!!!!!!!!!!!!!!!!!!!!!!!
20211028 072305.700 INFO             PET0 !!! THE ESMF_LOG IS SET TO OUTPUT ALL LOG MESSAGES !!!
20211028 072305.700 INFO             PET0 !!!     THIS MAY CAUSE SLOWDOWN IN PERFORMANCE     !!!
20211028 072305.700 INFO             PET0 !!! FOR PRODUCTION RUNS, USE:                      !!!
20211028 072305.700 INFO             PET0 !!!                   ESMF_LOGKIND_Multi_On_Error  !!!
20211028 072305.700 INFO             PET0 !!!!!!!!!!!!!!!!!!!!!!!!!!!!!!!!!!!!!!!!!!!!!!!!!!!!!!
20211028 072305.700 INFO             PET0 Running with ESMF Version   : ESMF_8_2_0
20211028 072305.700 INFO             PET0 ESMF library build date/time: "Oct 28 2021" "02:31:57"
20211028 072305.700 INFO             PET0 ESMF library build location : /work/noaa/da/mpotts/sandbox/intel_2020_intelmpi_O_main
20211028 072305.700 INFO             PET0 ESMF_COMM                   : intelmpi
20211028 072305.728 INFO             PET0 ESMF_MOAB                   : enabled
20211028 072305.728 INFO             PET0 ESMF_LAPACK                 : enabled
20211028 072305.728 INFO             PET0 ESMF_NETCDF                 : enabled
20211028 072305.728 INFO             PET0 ESMF_PNETCDF                : disabled
20211028 072305.728 INFO             PET0 ESMF_PIO                    : enabled
20211028 072305.728 INFO             PET0 ESMF_YAMLCPP                : enabled
20211028 072306.464 INFO             PET0 ESMF_FieldRedistStoreNF(): Just entered routine.
20211028 072308.493 INFO             PET0 ESMF_FieldRedistStoreNF(): Leaving routine.
20211028 072308.495 INFO             PET0  NUMBER_OF_PROCESSORS           4
20211028 072308.498 INFO             PET0  PASS  Example ESMF_RHandleFromRHandleEx, ESMF_RHandleFromRHandleEx.F90, line 660
20211028 072308.499 INFO             PET0 Finalizing ESMF
20211028 072305.662 INFO             PET1 !!!!!!!!!!!!!!!!!!!!!!!!!!!!!!!!!!!!!!!!!!!!!!!!!!!!!!
20211028 072305.662 INFO             PET1 !!! THE ESMF_LOG IS SET TO OUTPUT ALL LOG MESSAGES !!!
20211028 072305.662 INFO             PET1 !!!     THIS MAY CAUSE SLOWDOWN IN PERFORMANCE     !!!
20211028 072305.662 INFO             PET1 !!! FOR PRODUCTION RUNS, USE:                      !!!
20211028 072305.662 INFO             PET1 !!!                   ESMF_LOGKIND_Multi_On_Error  !!!
20211028 072305.662 INFO             PET1 !!!!!!!!!!!!!!!!!!!!!!!!!!!!!!!!!!!!!!!!!!!!!!!!!!!!!!
20211028 072305.662 INFO             PET1 Running with ESMF Version   : ESMF_8_2_0
20211028 072305.662 INFO             PET1 ESMF library build date/time: "Oct 28 2021" "02:31:57"
20211028 072305.662 INFO             PET1 ESMF library build location : /work/noaa/da/mpotts/sandbox/intel_2020_intelmpi_O_main
20211028 072305.662 INFO             PET1 ESMF_COMM                   : intelmpi
20211028 072305.695 INFO             PET1 ESMF_MOAB                   : enabled
20211028 072305.695 INFO             PET1 ESMF_LAPACK                 : enabled
20211028 072305.695 INFO             PET1 ESMF_NETCDF                 : enabled
20211028 072305.695 INFO             PET1 ESMF_PNETCDF                : disabled
20211028 072305.695 INFO             PET1 ESMF_PIO                    : enabled
20211028 072305.695 INFO             PET1 ESMF_YAMLCPP                : enabled
20211028 072306.464 INFO             PET1 ESMF_FieldRedistStoreNF(): Just entered routine.
20211028 072308.493 INFO             PET1 ESMF_FieldRedistStoreNF(): Leaving routine.
20211028 072308.507 INFO             PET1  NUMBER_OF_PROCESSORS           4
20211028 072308.507 INFO             PET1  PASS  Example ESMF_RHandleFromRHandleEx, ESMF_RHandleFromRHandleEx.F90, line 660
20211028 072308.507 INFO             PET1 Finalizing ESMF
20211028 072305.647 INFO             PET2 !!!!!!!!!!!!!!!!!!!!!!!!!!!!!!!!!!!!!!!!!!!!!!!!!!!!!!
20211028 072305.647 INFO             PET2 !!! THE ESMF_LOG IS SET TO OUTPUT ALL LOG MESSAGES !!!
20211028 072305.647 INFO             PET2 !!!     THIS MAY CAUSE SLOWDOWN IN PERFORMANCE     !!!
20211028 072305.647 INFO             PET2 !!! FOR PRODUCTION RUNS, USE:                      !!!
20211028 072305.647 INFO             PET2 !!!                   ESMF_LOGKIND_Multi_On_Error  !!!
20211028 072305.647 INFO             PET2 !!!!!!!!!!!!!!!!!!!!!!!!!!!!!!!!!!!!!!!!!!!!!!!!!!!!!!
20211028 072305.647 INFO             PET2 Running with ESMF Version   : ESMF_8_2_0
20211028 072305.647 INFO             PET2 ESMF library build date/time: "Oct 28 2021" "02:31:57"
20211028 072305.647 INFO             PET2 ESMF library build location : /work/noaa/da/mpotts/sandbox/intel_2020_intelmpi_O_main
20211028 072305.647 INFO             PET2 ESMF_COMM                   : intelmpi
20211028 072305.648 INFO             PET2 ESMF_MOAB                   : enabled
20211028 072305.648 INFO             PET2 ESMF_LAPACK                 : enabled
20211028 072305.648 INFO             PET2 ESMF_NETCDF                 : enabled
20211028 072305.648 INFO             PET2 ESMF_PNETCDF                : disabled
20211028 072305.648 INFO             PET2 ESMF_PIO                    : enabled
20211028 072305.648 INFO             PET2 ESMF_YAMLCPP                : enabled
20211028 072306.475 INFO             PET2 ESMF_FieldRedistStoreNF(): Just entered routine.
20211028 072308.495 INFO             PET2 ESMF_FieldRedistStoreNF(): Leaving routine.
20211028 072308.498 INFO             PET2  NUMBER_OF_PROCESSORS           4
20211028 072308.511 INFO             PET2  PASS  Example ESMF_RHandleFromRHandleEx, ESMF_RHandleFromRHandleEx.F90, line 660
20211028 072308.511 INFO             PET2 Finalizing ESMF
20211028 072305.647 INFO             PET3 !!!!!!!!!!!!!!!!!!!!!!!!!!!!!!!!!!!!!!!!!!!!!!!!!!!!!!
20211028 072305.647 INFO             PET3 !!! THE ESMF_LOG IS SET TO OUTPUT ALL LOG MESSAGES !!!
20211028 072305.647 INFO             PET3 !!!     THIS MAY CAUSE SLOWDOWN IN PERFORMANCE     !!!
20211028 072305.647 INFO             PET3 !!! FOR PRODUCTION RUNS, USE:                      !!!
20211028 072305.647 INFO             PET3 !!!                   ESMF_LOGKIND_Multi_On_Error  !!!
20211028 072305.647 INFO             PET3 !!!!!!!!!!!!!!!!!!!!!!!!!!!!!!!!!!!!!!!!!!!!!!!!!!!!!!
20211028 072305.647 INFO             PET3 Running with ESMF Version   : ESMF_8_2_0
20211028 072305.647 INFO             PET3 ESMF library build date/time: "Oct 28 2021" "02:31:57"
20211028 072305.647 INFO             PET3 ESMF library build location : /work/noaa/da/mpotts/sandbox/intel_2020_intelmpi_O_main
20211028 072305.647 INFO             PET3 ESMF_COMM                   : intelmpi
20211028 072305.648 INFO             PET3 ESMF_MOAB                   : enabled
20211028 072305.648 INFO             PET3 ESMF_LAPACK                 : enabled
20211028 072305.648 INFO             PET3 ESMF_NETCDF                 : enabled
20211028 072305.649 INFO             PET3 ESMF_PNETCDF                : disabled
20211028 072305.649 INFO             PET3 ESMF_PIO                    : enabled
20211028 072305.649 INFO             PET3 ESMF_YAMLCPP                : enabled
20211028 072306.477 INFO             PET3 ESMF_FieldRedistStoreNF(): Just entered routine.
20211028 072308.493 INFO             PET3 ESMF_FieldRedistStoreNF(): Leaving routine.
20211028 072308.528 INFO             PET3  NUMBER_OF_PROCESSORS           4
20211028 072308.528 INFO             PET3  PASS  Example ESMF_RHandleFromRHandleEx, ESMF_RHandleFromRHandleEx.F90, line 660
20211028 072308.528 INFO             PET3 Finalizing ESMF
