build time -- 2021-10-27 02:31:34
20211027 053125.063 INFO             PET0 !!!!!!!!!!!!!!!!!!!!!!!!!!!!!!!!!!!!!!!!!!!!!!!!!!!!!!
20211027 053125.063 INFO             PET0 !!! THE ESMF_LOG IS SET TO OUTPUT ALL LOG MESSAGES !!!
20211027 053125.063 INFO             PET0 !!!     THIS MAY CAUSE SLOWDOWN IN PERFORMANCE     !!!
20211027 053125.063 INFO             PET0 !!! FOR PRODUCTION RUNS, USE:                      !!!
20211027 053125.063 INFO             PET0 !!!                   ESMF_LOGKIND_Multi_On_Error  !!!
20211027 053125.063 INFO             PET0 !!!!!!!!!!!!!!!!!!!!!!!!!!!!!!!!!!!!!!!!!!!!!!!!!!!!!!
20211027 053125.063 INFO             PET0 Running with ESMF Version   : ESMF_8_2_0
20211027 053125.063 INFO             PET0 ESMF library build date/time: "Oct 27 2021" "02:30:06"
20211027 053125.063 INFO             PET0 ESMF library build location : /work/noaa/da/mpotts/sandbox/intel_2020_intelmpi_O_main
20211027 053125.063 INFO             PET0 ESMF_COMM                   : intelmpi
20211027 053125.064 INFO             PET0 ESMF_MOAB                   : enabled
20211027 053125.064 INFO             PET0 ESMF_LAPACK                 : enabled
20211027 053125.064 INFO             PET0 ESMF_NETCDF                 : enabled
20211027 053125.064 INFO             PET0 ESMF_PNETCDF                : disabled
20211027 053125.064 INFO             PET0 ESMF_PIO                    : enabled
20211027 053125.064 INFO             PET0 ESMF_YAMLCPP                : enabled
20211027 053138.606 DEBUG            PET0 about to destroy Grid: 0x242cbe0
20211027 053143.905 DEBUG            PET0 about to destroy Grid: 0x242de10
20211027 053150.036 INFO             PET0  NUMBER_OF_PROCESSORS           4
20211027 053150.037 INFO             PET0  PASS  Example ESMF_NUOPCAtmModelEx, ESMF_NUOPCAtmModelEx.F90, line 806
20211027 053150.037 INFO             PET0 Finalizing ESMF
20211027 053125.075 INFO             PET1 !!!!!!!!!!!!!!!!!!!!!!!!!!!!!!!!!!!!!!!!!!!!!!!!!!!!!!
20211027 053125.075 INFO             PET1 !!! THE ESMF_LOG IS SET TO OUTPUT ALL LOG MESSAGES !!!
20211027 053125.075 INFO             PET1 !!!     THIS MAY CAUSE SLOWDOWN IN PERFORMANCE     !!!
20211027 053125.075 INFO             PET1 !!! FOR PRODUCTION RUNS, USE:                      !!!
20211027 053125.075 INFO             PET1 !!!                   ESMF_LOGKIND_Multi_On_Error  !!!
20211027 053125.075 INFO             PET1 !!!!!!!!!!!!!!!!!!!!!!!!!!!!!!!!!!!!!!!!!!!!!!!!!!!!!!
20211027 053125.075 INFO             PET1 Running with ESMF Version   : ESMF_8_2_0
20211027 053125.075 INFO             PET1 ESMF library build date/time: "Oct 27 2021" "02:30:06"
20211027 053125.075 INFO             PET1 ESMF library build location : /work/noaa/da/mpotts/sandbox/intel_2020_intelmpi_O_main
20211027 053125.075 INFO             PET1 ESMF_COMM                   : intelmpi
20211027 053125.078 INFO             PET1 ESMF_MOAB                   : enabled
20211027 053125.078 INFO             PET1 ESMF_LAPACK                 : enabled
20211027 053125.078 INFO             PET1 ESMF_NETCDF                 : enabled
20211027 053125.078 INFO             PET1 ESMF_PNETCDF                : disabled
20211027 053125.078 INFO             PET1 ESMF_PIO                    : enabled
20211027 053125.078 INFO             PET1 ESMF_YAMLCPP                : enabled
20211027 053138.619 DEBUG            PET1 about to destroy Grid: 0x2317420
20211027 053143.905 DEBUG            PET1 about to destroy Grid: 0x23181c0
20211027 053150.037 INFO             PET1  NUMBER_OF_PROCESSORS           4
20211027 053150.038 INFO             PET1  PASS  Example ESMF_NUOPCAtmModelEx, ESMF_NUOPCAtmModelEx.F90, line 806
20211027 053150.038 INFO             PET1 Finalizing ESMF
20211027 053125.078 INFO             PET2 !!!!!!!!!!!!!!!!!!!!!!!!!!!!!!!!!!!!!!!!!!!!!!!!!!!!!!
20211027 053125.078 INFO             PET2 !!! THE ESMF_LOG IS SET TO OUTPUT ALL LOG MESSAGES !!!
20211027 053125.078 INFO             PET2 !!!     THIS MAY CAUSE SLOWDOWN IN PERFORMANCE     !!!
20211027 053125.078 INFO             PET2 !!! FOR PRODUCTION RUNS, USE:                      !!!
20211027 053125.078 INFO             PET2 !!!                   ESMF_LOGKIND_Multi_On_Error  !!!
20211027 053125.078 INFO             PET2 !!!!!!!!!!!!!!!!!!!!!!!!!!!!!!!!!!!!!!!!!!!!!!!!!!!!!!
20211027 053125.078 INFO             PET2 Running with ESMF Version   : ESMF_8_2_0
20211027 053125.078 INFO             PET2 ESMF library build date/time: "Oct 27 2021" "02:30:06"
20211027 053125.078 INFO             PET2 ESMF library build location : /work/noaa/da/mpotts/sandbox/intel_2020_intelmpi_O_main
20211027 053125.078 INFO             PET2 ESMF_COMM                   : intelmpi
20211027 053125.088 INFO             PET2 ESMF_MOAB                   : enabled
20211027 053125.088 INFO             PET2 ESMF_LAPACK                 : enabled
20211027 053125.088 INFO             PET2 ESMF_NETCDF                 : enabled
20211027 053125.088 INFO             PET2 ESMF_PNETCDF                : disabled
20211027 053125.088 INFO             PET2 ESMF_PIO                    : enabled
20211027 053125.088 INFO             PET2 ESMF_YAMLCPP                : enabled
20211027 053138.619 DEBUG            PET2 about to destroy Grid: 0x24b24a0
20211027 053143.918 DEBUG            PET2 about to destroy Grid: 0x24b3240
20211027 053150.050 INFO             PET2  NUMBER_OF_PROCESSORS           4
20211027 053150.050 INFO             PET2  PASS  Example ESMF_NUOPCAtmModelEx, ESMF_NUOPCAtmModelEx.F90, line 806
20211027 053150.050 INFO             PET2 Finalizing ESMF
20211027 053125.077 INFO             PET3 !!!!!!!!!!!!!!!!!!!!!!!!!!!!!!!!!!!!!!!!!!!!!!!!!!!!!!
20211027 053125.077 INFO             PET3 !!! THE ESMF_LOG IS SET TO OUTPUT ALL LOG MESSAGES !!!
20211027 053125.077 INFO             PET3 !!!     THIS MAY CAUSE SLOWDOWN IN PERFORMANCE     !!!
20211027 053125.077 INFO             PET3 !!! FOR PRODUCTION RUNS, USE:                      !!!
20211027 053125.077 INFO             PET3 !!!                   ESMF_LOGKIND_Multi_On_Error  !!!
20211027 053125.077 INFO             PET3 !!!!!!!!!!!!!!!!!!!!!!!!!!!!!!!!!!!!!!!!!!!!!!!!!!!!!!
20211027 053125.077 INFO             PET3 Running with ESMF Version   : ESMF_8_2_0
20211027 053125.077 INFO             PET3 ESMF library build date/time: "Oct 27 2021" "02:30:06"
20211027 053125.077 INFO             PET3 ESMF library build location : /work/noaa/da/mpotts/sandbox/intel_2020_intelmpi_O_main
20211027 053125.077 INFO             PET3 ESMF_COMM                   : intelmpi
20211027 053125.090 INFO             PET3 ESMF_MOAB                   : enabled
20211027 053125.090 INFO             PET3 ESMF_LAPACK                 : enabled
20211027 053125.090 INFO             PET3 ESMF_NETCDF                 : enabled
20211027 053125.090 INFO             PET3 ESMF_PNETCDF                : disabled
20211027 053125.090 INFO             PET3 ESMF_PIO                    : enabled
20211027 053125.090 INFO             PET3 ESMF_YAMLCPP                : enabled
20211027 053138.632 DEBUG            PET3 about to destroy Grid: 0x127f680
20211027 053143.917 DEBUG            PET3 about to destroy Grid: 0x1280420
20211027 053150.038 INFO             PET3  NUMBER_OF_PROCESSORS           4
20211027 053150.050 INFO             PET3  PASS  Example ESMF_NUOPCAtmModelEx, ESMF_NUOPCAtmModelEx.F90, line 806
20211027 053150.050 INFO             PET3 Finalizing ESMF
