build time -- 2021-10-27 02:31:34
20211027 052233.369 INFO             PET0 !!!!!!!!!!!!!!!!!!!!!!!!!!!!!!!!!!!!!!!!!!!!!!!!!!!!!!
20211027 052233.369 INFO             PET0 !!! THE ESMF_LOG IS SET TO OUTPUT ALL LOG MESSAGES !!!
20211027 052233.369 INFO             PET0 !!!     THIS MAY CAUSE SLOWDOWN IN PERFORMANCE     !!!
20211027 052233.369 INFO             PET0 !!! FOR PRODUCTION RUNS, USE:                      !!!
20211027 052233.369 INFO             PET0 !!!                   ESMF_LOGKIND_Multi_On_Error  !!!
20211027 052233.369 INFO             PET0 !!!!!!!!!!!!!!!!!!!!!!!!!!!!!!!!!!!!!!!!!!!!!!!!!!!!!!
20211027 052233.369 INFO             PET0 Running with ESMF Version   : ESMF_8_2_0
20211027 052233.369 INFO             PET0 ESMF library build date/time: "Oct 27 2021" "02:30:06"
20211027 052233.369 INFO             PET0 ESMF library build location : /work/noaa/da/mpotts/sandbox/intel_2020_intelmpi_O_main
20211027 052233.369 INFO             PET0 ESMF_COMM                   : intelmpi
20211027 052233.376 INFO             PET0 ESMF_MOAB                   : enabled
20211027 052233.376 INFO             PET0 ESMF_LAPACK                 : enabled
20211027 052233.376 INFO             PET0 ESMF_NETCDF                 : enabled
20211027 052233.376 INFO             PET0 ESMF_PNETCDF                : disabled
20211027 052233.376 INFO             PET0 ESMF_PIO                    : enabled
20211027 052233.376 INFO             PET0 ESMF_YAMLCPP                : enabled
20211027 052233.404 INFO             PET0 ESMF_FieldRedistStoreNF(): Just entered routine.
20211027 052235.490 INFO             PET0 ESMF_FieldRedistStoreNF(): Leaving routine.
20211027 052236.777 INFO             PET0  NUMBER_OF_PROCESSORS           4
20211027 052236.777 INFO             PET0  PASS  Example ESMF_RHandleFromFileEx, ESMF_RHandleFromFileEx.F90, line 192
20211027 052236.777 INFO             PET0 Finalizing ESMF
20211027 052233.363 INFO             PET1 !!!!!!!!!!!!!!!!!!!!!!!!!!!!!!!!!!!!!!!!!!!!!!!!!!!!!!
20211027 052233.363 INFO             PET1 !!! THE ESMF_LOG IS SET TO OUTPUT ALL LOG MESSAGES !!!
20211027 052233.363 INFO             PET1 !!!     THIS MAY CAUSE SLOWDOWN IN PERFORMANCE     !!!
20211027 052233.363 INFO             PET1 !!! FOR PRODUCTION RUNS, USE:                      !!!
20211027 052233.363 INFO             PET1 !!!                   ESMF_LOGKIND_Multi_On_Error  !!!
20211027 052233.363 INFO             PET1 !!!!!!!!!!!!!!!!!!!!!!!!!!!!!!!!!!!!!!!!!!!!!!!!!!!!!!
20211027 052233.363 INFO             PET1 Running with ESMF Version   : ESMF_8_2_0
20211027 052233.363 INFO             PET1 ESMF library build date/time: "Oct 27 2021" "02:30:06"
20211027 052233.363 INFO             PET1 ESMF library build location : /work/noaa/da/mpotts/sandbox/intel_2020_intelmpi_O_main
20211027 052233.363 INFO             PET1 ESMF_COMM                   : intelmpi
20211027 052233.366 INFO             PET1 ESMF_MOAB                   : enabled
20211027 052233.366 INFO             PET1 ESMF_LAPACK                 : enabled
20211027 052233.366 INFO             PET1 ESMF_NETCDF                 : enabled
20211027 052233.366 INFO             PET1 ESMF_PNETCDF                : disabled
20211027 052233.366 INFO             PET1 ESMF_PIO                    : enabled
20211027 052233.366 INFO             PET1 ESMF_YAMLCPP                : enabled
20211027 052233.416 INFO             PET1 ESMF_FieldRedistStoreNF(): Just entered routine.
20211027 052235.495 INFO             PET1 ESMF_FieldRedistStoreNF(): Leaving routine.
20211027 052236.757 INFO             PET1  NUMBER_OF_PROCESSORS           4
20211027 052236.757 INFO             PET1  PASS  Example ESMF_RHandleFromFileEx, ESMF_RHandleFromFileEx.F90, line 192
20211027 052236.757 INFO             PET1 Finalizing ESMF
20211027 052233.363 INFO             PET2 !!!!!!!!!!!!!!!!!!!!!!!!!!!!!!!!!!!!!!!!!!!!!!!!!!!!!!
20211027 052233.363 INFO             PET2 !!! THE ESMF_LOG IS SET TO OUTPUT ALL LOG MESSAGES !!!
20211027 052233.363 INFO             PET2 !!!     THIS MAY CAUSE SLOWDOWN IN PERFORMANCE     !!!
20211027 052233.363 INFO             PET2 !!! FOR PRODUCTION RUNS, USE:                      !!!
20211027 052233.363 INFO             PET2 !!!                   ESMF_LOGKIND_Multi_On_Error  !!!
20211027 052233.363 INFO             PET2 !!!!!!!!!!!!!!!!!!!!!!!!!!!!!!!!!!!!!!!!!!!!!!!!!!!!!!
20211027 052233.363 INFO             PET2 Running with ESMF Version   : ESMF_8_2_0
20211027 052233.363 INFO             PET2 ESMF library build date/time: "Oct 27 2021" "02:30:06"
20211027 052233.363 INFO             PET2 ESMF library build location : /work/noaa/da/mpotts/sandbox/intel_2020_intelmpi_O_main
20211027 052233.363 INFO             PET2 ESMF_COMM                   : intelmpi
20211027 052233.364 INFO             PET2 ESMF_MOAB                   : enabled
20211027 052233.364 INFO             PET2 ESMF_LAPACK                 : enabled
20211027 052233.364 INFO             PET2 ESMF_NETCDF                 : enabled
20211027 052233.364 INFO             PET2 ESMF_PNETCDF                : disabled
20211027 052233.364 INFO             PET2 ESMF_PIO                    : enabled
20211027 052233.364 INFO             PET2 ESMF_YAMLCPP                : enabled
20211027 052233.416 INFO             PET2 ESMF_FieldRedistStoreNF(): Just entered routine.
20211027 052235.482 INFO             PET2 ESMF_FieldRedistStoreNF(): Leaving routine.
20211027 052236.757 INFO             PET2  NUMBER_OF_PROCESSORS           4
20211027 052236.757 INFO             PET2  PASS  Example ESMF_RHandleFromFileEx, ESMF_RHandleFromFileEx.F90, line 192
20211027 052236.757 INFO             PET2 Finalizing ESMF
20211027 052233.365 INFO             PET3 !!!!!!!!!!!!!!!!!!!!!!!!!!!!!!!!!!!!!!!!!!!!!!!!!!!!!!
20211027 052233.365 INFO             PET3 !!! THE ESMF_LOG IS SET TO OUTPUT ALL LOG MESSAGES !!!
20211027 052233.365 INFO             PET3 !!!     THIS MAY CAUSE SLOWDOWN IN PERFORMANCE     !!!
20211027 052233.365 INFO             PET3 !!! FOR PRODUCTION RUNS, USE:                      !!!
20211027 052233.365 INFO             PET3 !!!                   ESMF_LOGKIND_Multi_On_Error  !!!
20211027 052233.365 INFO             PET3 !!!!!!!!!!!!!!!!!!!!!!!!!!!!!!!!!!!!!!!!!!!!!!!!!!!!!!
20211027 052233.365 INFO             PET3 Running with ESMF Version   : ESMF_8_2_0
20211027 052233.365 INFO             PET3 ESMF library build date/time: "Oct 27 2021" "02:30:06"
20211027 052233.365 INFO             PET3 ESMF library build location : /work/noaa/da/mpotts/sandbox/intel_2020_intelmpi_O_main
20211027 052233.365 INFO             PET3 ESMF_COMM                   : intelmpi
20211027 052233.378 INFO             PET3 ESMF_MOAB                   : enabled
20211027 052233.378 INFO             PET3 ESMF_LAPACK                 : enabled
20211027 052233.378 INFO             PET3 ESMF_NETCDF                 : enabled
20211027 052233.378 INFO             PET3 ESMF_PNETCDF                : disabled
20211027 052233.378 INFO             PET3 ESMF_PIO                    : enabled
20211027 052233.378 INFO             PET3 ESMF_YAMLCPP                : enabled
20211027 052233.405 INFO             PET3 ESMF_FieldRedistStoreNF(): Just entered routine.
20211027 052235.482 INFO             PET3 ESMF_FieldRedistStoreNF(): Leaving routine.
20211027 052236.757 INFO             PET3  NUMBER_OF_PROCESSORS           4
20211027 052236.757 INFO             PET3  PASS  Example ESMF_RHandleFromFileEx, ESMF_RHandleFromFileEx.F90, line 192
20211027 052236.757 INFO             PET3 Finalizing ESMF
