build time -- 2021-10-28 02:33:22
20211028 072421.777 INFO             PET0 !!!!!!!!!!!!!!!!!!!!!!!!!!!!!!!!!!!!!!!!!!!!!!!!!!!!!!
20211028 072421.777 INFO             PET0 !!! THE ESMF_LOG IS SET TO OUTPUT ALL LOG MESSAGES !!!
20211028 072421.777 INFO             PET0 !!!     THIS MAY CAUSE SLOWDOWN IN PERFORMANCE     !!!
20211028 072421.777 INFO             PET0 !!! FOR PRODUCTION RUNS, USE:                      !!!
20211028 072421.777 INFO             PET0 !!!                   ESMF_LOGKIND_Multi_On_Error  !!!
20211028 072421.778 INFO             PET0 !!!!!!!!!!!!!!!!!!!!!!!!!!!!!!!!!!!!!!!!!!!!!!!!!!!!!!
20211028 072421.778 INFO             PET0 Running with ESMF Version   : ESMF_8_2_0
20211028 072421.778 INFO             PET0 ESMF library build date/time: "Oct 28 2021" "02:31:57"
20211028 072421.778 INFO             PET0 ESMF library build location : /work/noaa/da/mpotts/sandbox/intel_2020_intelmpi_O_main
20211028 072421.778 INFO             PET0 ESMF_COMM                   : intelmpi
20211028 072421.780 INFO             PET0 ESMF_MOAB                   : enabled
20211028 072421.780 INFO             PET0 ESMF_LAPACK                 : enabled
20211028 072421.780 INFO             PET0 ESMF_NETCDF                 : enabled
20211028 072421.780 INFO             PET0 ESMF_PNETCDF                : disabled
20211028 072421.780 INFO             PET0 ESMF_PIO                    : enabled
20211028 072421.780 INFO             PET0 ESMF_YAMLCPP                : enabled
20211028 072437.776 INFO             PET0  NUMBER_OF_PROCESSORS           4
20211028 072437.776 INFO             PET0  PASS  Example ESMF_ArrayRedistEx, ESMF_ArrayRedistEx.F90, line 595
20211028 072437.776 INFO             PET0 Finalizing ESMF
20211028 072421.777 INFO             PET1 !!!!!!!!!!!!!!!!!!!!!!!!!!!!!!!!!!!!!!!!!!!!!!!!!!!!!!
20211028 072421.777 INFO             PET1 !!! THE ESMF_LOG IS SET TO OUTPUT ALL LOG MESSAGES !!!
20211028 072421.777 INFO             PET1 !!!     THIS MAY CAUSE SLOWDOWN IN PERFORMANCE     !!!
20211028 072421.777 INFO             PET1 !!! FOR PRODUCTION RUNS, USE:                      !!!
20211028 072421.777 INFO             PET1 !!!                   ESMF_LOGKIND_Multi_On_Error  !!!
20211028 072421.777 INFO             PET1 !!!!!!!!!!!!!!!!!!!!!!!!!!!!!!!!!!!!!!!!!!!!!!!!!!!!!!
20211028 072421.777 INFO             PET1 Running with ESMF Version   : ESMF_8_2_0
20211028 072421.778 INFO             PET1 ESMF library build date/time: "Oct 28 2021" "02:31:57"
20211028 072421.778 INFO             PET1 ESMF library build location : /work/noaa/da/mpotts/sandbox/intel_2020_intelmpi_O_main
20211028 072421.778 INFO             PET1 ESMF_COMM                   : intelmpi
20211028 072421.780 INFO             PET1 ESMF_MOAB                   : enabled
20211028 072421.780 INFO             PET1 ESMF_LAPACK                 : enabled
20211028 072421.780 INFO             PET1 ESMF_NETCDF                 : enabled
20211028 072421.780 INFO             PET1 ESMF_PNETCDF                : disabled
20211028 072421.780 INFO             PET1 ESMF_PIO                    : enabled
20211028 072421.780 INFO             PET1 ESMF_YAMLCPP                : enabled
20211028 072437.776 INFO             PET1  NUMBER_OF_PROCESSORS           4
20211028 072437.776 INFO             PET1  PASS  Example ESMF_ArrayRedistEx, ESMF_ArrayRedistEx.F90, line 595
20211028 072437.776 INFO             PET1 Finalizing ESMF
20211028 072421.779 INFO             PET2 !!!!!!!!!!!!!!!!!!!!!!!!!!!!!!!!!!!!!!!!!!!!!!!!!!!!!!
20211028 072421.779 INFO             PET2 !!! THE ESMF_LOG IS SET TO OUTPUT ALL LOG MESSAGES !!!
20211028 072421.779 INFO             PET2 !!!     THIS MAY CAUSE SLOWDOWN IN PERFORMANCE     !!!
20211028 072421.779 INFO             PET2 !!! FOR PRODUCTION RUNS, USE:                      !!!
20211028 072421.779 INFO             PET2 !!!                   ESMF_LOGKIND_Multi_On_Error  !!!
20211028 072421.779 INFO             PET2 !!!!!!!!!!!!!!!!!!!!!!!!!!!!!!!!!!!!!!!!!!!!!!!!!!!!!!
20211028 072421.779 INFO             PET2 Running with ESMF Version   : ESMF_8_2_0
20211028 072421.779 INFO             PET2 ESMF library build date/time: "Oct 28 2021" "02:31:57"
20211028 072421.779 INFO             PET2 ESMF library build location : /work/noaa/da/mpotts/sandbox/intel_2020_intelmpi_O_main
20211028 072421.780 INFO             PET2 ESMF_COMM                   : intelmpi
20211028 072421.792 INFO             PET2 ESMF_MOAB                   : enabled
20211028 072421.792 INFO             PET2 ESMF_LAPACK                 : enabled
20211028 072421.792 INFO             PET2 ESMF_NETCDF                 : enabled
20211028 072421.792 INFO             PET2 ESMF_PNETCDF                : disabled
20211028 072421.792 INFO             PET2 ESMF_PIO                    : enabled
20211028 072421.792 INFO             PET2 ESMF_YAMLCPP                : enabled
20211028 072437.788 INFO             PET2  NUMBER_OF_PROCESSORS           4
20211028 072437.799 INFO             PET2  PASS  Example ESMF_ArrayRedistEx, ESMF_ArrayRedistEx.F90, line 595
20211028 072437.799 INFO             PET2 Finalizing ESMF
20211028 072421.779 INFO             PET3 !!!!!!!!!!!!!!!!!!!!!!!!!!!!!!!!!!!!!!!!!!!!!!!!!!!!!!
20211028 072421.779 INFO             PET3 !!! THE ESMF_LOG IS SET TO OUTPUT ALL LOG MESSAGES !!!
20211028 072421.779 INFO             PET3 !!!     THIS MAY CAUSE SLOWDOWN IN PERFORMANCE     !!!
20211028 072421.779 INFO             PET3 !!! FOR PRODUCTION RUNS, USE:                      !!!
20211028 072421.779 INFO             PET3 !!!                   ESMF_LOGKIND_Multi_On_Error  !!!
20211028 072421.779 INFO             PET3 !!!!!!!!!!!!!!!!!!!!!!!!!!!!!!!!!!!!!!!!!!!!!!!!!!!!!!
20211028 072421.779 INFO             PET3 Running with ESMF Version   : ESMF_8_2_0
20211028 072421.779 INFO             PET3 ESMF library build date/time: "Oct 28 2021" "02:31:57"
20211028 072421.779 INFO             PET3 ESMF library build location : /work/noaa/da/mpotts/sandbox/intel_2020_intelmpi_O_main
20211028 072421.779 INFO             PET3 ESMF_COMM                   : intelmpi
20211028 072421.792 INFO             PET3 ESMF_MOAB                   : enabled
20211028 072421.792 INFO             PET3 ESMF_LAPACK                 : enabled
20211028 072421.792 INFO             PET3 ESMF_NETCDF                 : enabled
20211028 072421.792 INFO             PET3 ESMF_PNETCDF                : disabled
20211028 072421.792 INFO             PET3 ESMF_PIO                    : enabled
20211028 072421.792 INFO             PET3 ESMF_YAMLCPP                : enabled
20211028 072437.776 INFO             PET3  NUMBER_OF_PROCESSORS           4
20211028 072437.776 INFO             PET3  PASS  Example ESMF_ArrayRedistEx, ESMF_ArrayRedistEx.F90, line 595
20211028 072437.776 INFO             PET3 Finalizing ESMF
