build time -- 2021-10-29 03:40:00
20211029 061208.439 INFO             PET0 !!!!!!!!!!!!!!!!!!!!!!!!!!!!!!!!!!!!!!!!!!!!!!!!!!!!!!
20211029 061208.439 INFO             PET0 !!! THE ESMF_LOG IS SET TO OUTPUT ALL LOG MESSAGES !!!
20211029 061208.439 INFO             PET0 !!!     THIS MAY CAUSE SLOWDOWN IN PERFORMANCE     !!!
20211029 061208.439 INFO             PET0 !!! FOR PRODUCTION RUNS, USE:                      !!!
20211029 061208.439 INFO             PET0 !!!                   ESMF_LOGKIND_Multi_On_Error  !!!
20211029 061208.439 INFO             PET0 !!!!!!!!!!!!!!!!!!!!!!!!!!!!!!!!!!!!!!!!!!!!!!!!!!!!!!
20211029 061208.439 INFO             PET0 Running with ESMF Version   : ESMF_8_2_0
20211029 061208.439 INFO             PET0 ESMF library build date/time: "Oct 29 2021" "03:38:28"
20211029 061208.439 INFO             PET0 ESMF library build location : /work/noaa/da/mpotts/sandbox/intel_2020_intelmpi_O_main
20211029 061208.439 INFO             PET0 ESMF_COMM                   : intelmpi
20211029 061208.440 INFO             PET0 ESMF_MOAB                   : enabled
20211029 061208.440 INFO             PET0 ESMF_LAPACK                 : enabled
20211029 061208.440 INFO             PET0 ESMF_NETCDF                 : enabled
20211029 061208.440 INFO             PET0 ESMF_PNETCDF                : disabled
20211029 061208.440 INFO             PET0 ESMF_PIO                    : enabled
20211029 061208.440 INFO             PET0 ESMF_YAMLCPP                : enabled
20211029 061208.442 INFO             PET0  NUMBER_OF_PROCESSORS           1
20211029 061208.442 INFO             PET0  PASS  Example ESMF_AlarmEx, ESMF_AlarmEx.F90, line 244
20211029 061208.442 INFO             PET0 Finalizing ESMF
