build time -- 2022-01-31 06:01:41
20220131 063538.039 INFO             PET0 !!!!!!!!!!!!!!!!!!!!!!!!!!!!!!!!!!!!!!!!!!!!!!!!!!!!!!
20220131 063538.039 INFO             PET0 !!! THE ESMF_LOG IS SET TO OUTPUT ALL LOG MESSAGES !!!
20220131 063538.039 INFO             PET0 !!!     THIS MAY CAUSE SLOWDOWN IN PERFORMANCE     !!!
20220131 063538.039 INFO             PET0 !!! FOR PRODUCTION RUNS, USE:                      !!!
20220131 063538.039 INFO             PET0 !!!                   ESMF_LOGKIND_Multi_On_Error  !!!
20220131 063538.039 INFO             PET0 !!!!!!!!!!!!!!!!!!!!!!!!!!!!!!!!!!!!!!!!!!!!!!!!!!!!!!
20220131 063538.039 INFO             PET0 Running with ESMF Version   : ESMF_8_3_0_beta_snapshot_06-10-gce27d44403
20220131 063538.039 INFO             PET0 ESMF library build date/time: "Jan 31 2022" "05:59:52"
20220131 063538.039 INFO             PET0 ESMF library build location : /scratch1/NCEPDEV/stmp2/role.esmfmaint/intel_18.0.4_intelmpi_g_develop
20220131 063538.039 INFO             PET0 ESMF_COMM                   : intelmpi
20220131 063538.041 INFO             PET0 ESMF_MOAB                   : enabled
20220131 063538.041 INFO             PET0 ESMF_LAPACK                 : enabled
20220131 063538.041 INFO             PET0 ESMF_NETCDF                 : enabled
20220131 063538.041 INFO             PET0 ESMF_PNETCDF                : disabled
20220131 063538.041 INFO             PET0 ESMF_PIO                    : enabled
20220131 063538.041 INFO             PET0 ESMF_YAMLCPP                : enabled
20220131 063538.059 INFO             PET0  NUMBER_OF_PROCESSORS           4
20220131 063538.059 INFO             PET0  PASS  Example ESMF_FieldCreateEx, ESMF_FieldCreateEx.F90, line 1058
20220131 063538.059 INFO             PET0 Finalizing ESMF
20220131 063538.027 INFO             PET1 !!!!!!!!!!!!!!!!!!!!!!!!!!!!!!!!!!!!!!!!!!!!!!!!!!!!!!
20220131 063538.027 INFO             PET1 !!! THE ESMF_LOG IS SET TO OUTPUT ALL LOG MESSAGES !!!
20220131 063538.027 INFO             PET1 !!!     THIS MAY CAUSE SLOWDOWN IN PERFORMANCE     !!!
20220131 063538.027 INFO             PET1 !!! FOR PRODUCTION RUNS, USE:                      !!!
20220131 063538.027 INFO             PET1 !!!                   ESMF_LOGKIND_Multi_On_Error  !!!
20220131 063538.027 INFO             PET1 !!!!!!!!!!!!!!!!!!!!!!!!!!!!!!!!!!!!!!!!!!!!!!!!!!!!!!
20220131 063538.027 INFO             PET1 Running with ESMF Version   : ESMF_8_3_0_beta_snapshot_06-10-gce27d44403
20220131 063538.027 INFO             PET1 ESMF library build date/time: "Jan 31 2022" "05:59:52"
20220131 063538.027 INFO             PET1 ESMF library build location : /scratch1/NCEPDEV/stmp2/role.esmfmaint/intel_18.0.4_intelmpi_g_develop
20220131 063538.027 INFO             PET1 ESMF_COMM                   : intelmpi
20220131 063538.030 INFO             PET1 ESMF_MOAB                   : enabled
20220131 063538.030 INFO             PET1 ESMF_LAPACK                 : enabled
20220131 063538.030 INFO             PET1 ESMF_NETCDF                 : enabled
20220131 063538.030 INFO             PET1 ESMF_PNETCDF                : disabled
20220131 063538.030 INFO             PET1 ESMF_PIO                    : enabled
20220131 063538.030 INFO             PET1 ESMF_YAMLCPP                : enabled
20220131 063538.059 INFO             PET1  NUMBER_OF_PROCESSORS           4
20220131 063538.059 INFO             PET1  PASS  Example ESMF_FieldCreateEx, ESMF_FieldCreateEx.F90, line 1058
20220131 063538.059 INFO             PET1 Finalizing ESMF
20220131 063538.040 INFO             PET2 !!!!!!!!!!!!!!!!!!!!!!!!!!!!!!!!!!!!!!!!!!!!!!!!!!!!!!
20220131 063538.040 INFO             PET2 !!! THE ESMF_LOG IS SET TO OUTPUT ALL LOG MESSAGES !!!
20220131 063538.040 INFO             PET2 !!!     THIS MAY CAUSE SLOWDOWN IN PERFORMANCE     !!!
20220131 063538.040 INFO             PET2 !!! FOR PRODUCTION RUNS, USE:                      !!!
20220131 063538.040 INFO             PET2 !!!                   ESMF_LOGKIND_Multi_On_Error  !!!
20220131 063538.040 INFO             PET2 !!!!!!!!!!!!!!!!!!!!!!!!!!!!!!!!!!!!!!!!!!!!!!!!!!!!!!
20220131 063538.040 INFO             PET2 Running with ESMF Version   : ESMF_8_3_0_beta_snapshot_06-10-gce27d44403
20220131 063538.040 INFO             PET2 ESMF library build date/time: "Jan 31 2022" "05:59:52"
20220131 063538.040 INFO             PET2 ESMF library build location : /scratch1/NCEPDEV/stmp2/role.esmfmaint/intel_18.0.4_intelmpi_g_develop
20220131 063538.040 INFO             PET2 ESMF_COMM                   : intelmpi
20220131 063538.042 INFO             PET2 ESMF_MOAB                   : enabled
20220131 063538.042 INFO             PET2 ESMF_LAPACK                 : enabled
20220131 063538.042 INFO             PET2 ESMF_NETCDF                 : enabled
20220131 063538.042 INFO             PET2 ESMF_PNETCDF                : disabled
20220131 063538.042 INFO             PET2 ESMF_PIO                    : enabled
20220131 063538.042 INFO             PET2 ESMF_YAMLCPP                : enabled
20220131 063538.059 INFO             PET2  NUMBER_OF_PROCESSORS           4
20220131 063538.059 INFO             PET2  PASS  Example ESMF_FieldCreateEx, ESMF_FieldCreateEx.F90, line 1058
20220131 063538.059 INFO             PET2 Finalizing ESMF
20220131 063538.030 INFO             PET3 !!!!!!!!!!!!!!!!!!!!!!!!!!!!!!!!!!!!!!!!!!!!!!!!!!!!!!
20220131 063538.031 INFO             PET3 !!! THE ESMF_LOG IS SET TO OUTPUT ALL LOG MESSAGES !!!
20220131 063538.031 INFO             PET3 !!!     THIS MAY CAUSE SLOWDOWN IN PERFORMANCE     !!!
20220131 063538.031 INFO             PET3 !!! FOR PRODUCTION RUNS, USE:                      !!!
20220131 063538.031 INFO             PET3 !!!                   ESMF_LOGKIND_Multi_On_Error  !!!
20220131 063538.031 INFO             PET3 !!!!!!!!!!!!!!!!!!!!!!!!!!!!!!!!!!!!!!!!!!!!!!!!!!!!!!
20220131 063538.031 INFO             PET3 Running with ESMF Version   : ESMF_8_3_0_beta_snapshot_06-10-gce27d44403
20220131 063538.031 INFO             PET3 ESMF library build date/time: "Jan 31 2022" "05:59:52"
20220131 063538.031 INFO             PET3 ESMF library build location : /scratch1/NCEPDEV/stmp2/role.esmfmaint/intel_18.0.4_intelmpi_g_develop
20220131 063538.031 INFO             PET3 ESMF_COMM                   : intelmpi
20220131 063538.033 INFO             PET3 ESMF_MOAB                   : enabled
20220131 063538.033 INFO             PET3 ESMF_LAPACK                 : enabled
20220131 063538.033 INFO             PET3 ESMF_NETCDF                 : enabled
20220131 063538.033 INFO             PET3 ESMF_PNETCDF                : disabled
20220131 063538.033 INFO             PET3 ESMF_PIO                    : enabled
20220131 063538.033 INFO             PET3 ESMF_YAMLCPP                : enabled
20220131 063538.059 INFO             PET3  NUMBER_OF_PROCESSORS           4
20220131 063538.059 INFO             PET3  PASS  Example ESMF_FieldCreateEx, ESMF_FieldCreateEx.F90, line 1058
20220131 063538.059 INFO             PET3 Finalizing ESMF
