build time -- 2022-01-15 06:01:54
20220115 063426.117 INFO             PET0 !!!!!!!!!!!!!!!!!!!!!!!!!!!!!!!!!!!!!!!!!!!!!!!!!!!!!!
20220115 063426.117 INFO             PET0 !!! THE ESMF_LOG IS SET TO OUTPUT ALL LOG MESSAGES !!!
20220115 063426.117 INFO             PET0 !!!     THIS MAY CAUSE SLOWDOWN IN PERFORMANCE     !!!
20220115 063426.117 INFO             PET0 !!! FOR PRODUCTION RUNS, USE:                      !!!
20220115 063426.117 INFO             PET0 !!!                   ESMF_LOGKIND_Multi_On_Error  !!!
20220115 063426.117 INFO             PET0 !!!!!!!!!!!!!!!!!!!!!!!!!!!!!!!!!!!!!!!!!!!!!!!!!!!!!!
20220115 063426.117 INFO             PET0 Running with ESMF Version   : ESMF_8_3_0_beta_snapshot_05-28-g1022def4d0
20220115 063426.117 INFO             PET0 ESMF library build date/time: "Jan 15 2022" "06:00:02"
20220115 063426.117 INFO             PET0 ESMF library build location : /scratch1/NCEPDEV/stmp2/role.esmfmaint/intel_18.0.4_intelmpi_g_develop
20220115 063426.117 INFO             PET0 ESMF_COMM                   : intelmpi
20220115 063426.118 INFO             PET0 ESMF_MOAB                   : enabled
20220115 063426.118 INFO             PET0 ESMF_LAPACK                 : enabled
20220115 063426.118 INFO             PET0 ESMF_NETCDF                 : enabled
20220115 063426.118 INFO             PET0 ESMF_PNETCDF                : disabled
20220115 063426.118 INFO             PET0 ESMF_PIO                    : enabled
20220115 063426.118 INFO             PET0 ESMF_YAMLCPP                : enabled
20220115 063426.119 INFO             PET0  NUMBER_OF_PROCESSORS           1
20220115 063426.119 INFO             PET0  PASS  Example ESMF_TimeEx, ESMF_TimeEx.F90, line 141
20220115 063426.119 INFO             PET0 Finalizing ESMF
