build time -- 2022-02-24 08:14:42
20220224 085001.352 INFO             PET0 !!!!!!!!!!!!!!!!!!!!!!!!!!!!!!!!!!!!!!!!!!!!!!!!!!!!!!
20220224 085001.353 INFO             PET0 !!! THE ESMF_LOG IS SET TO OUTPUT ALL LOG MESSAGES !!!
20220224 085001.353 INFO             PET0 !!!     THIS MAY CAUSE SLOWDOWN IN PERFORMANCE     !!!
20220224 085001.353 INFO             PET0 !!! FOR PRODUCTION RUNS, USE:                      !!!
20220224 085001.353 INFO             PET0 !!!                   ESMF_LOGKIND_Multi_On_Error  !!!
20220224 085001.353 INFO             PET0 !!!!!!!!!!!!!!!!!!!!!!!!!!!!!!!!!!!!!!!!!!!!!!!!!!!!!!
20220224 085001.353 INFO             PET0 Running with ESMF Version   : v8.3.0b08-1-gd4bb16874d
20220224 085001.353 INFO             PET0 ESMF library build date/time: "Feb 24 2022" "08:12:47"
20220224 085001.353 INFO             PET0 ESMF library build location : /scratch1/NCEPDEV/stmp2/role.esmfmaint/intel_18.0.4_intelmpi_g_develop
20220224 085001.353 INFO             PET0 ESMF_COMM                   : intelmpi
20220224 085001.353 INFO             PET0 ESMF_MOAB                   : enabled
20220224 085001.353 INFO             PET0 ESMF_LAPACK                 : enabled
20220224 085001.353 INFO             PET0 ESMF_NETCDF                 : enabled
20220224 085001.353 INFO             PET0 ESMF_PNETCDF                : disabled
20220224 085001.353 INFO             PET0 ESMF_PIO                    : enabled
20220224 085001.353 INFO             PET0 ESMF_YAMLCPP                : enabled
20220224 085001.354 INFO             PET0  NUMBER_OF_PROCESSORS           4
20220224 085001.354 INFO             PET0  PASS  Example ESMF_VMUserMpiCommMultiEx, ESMF_VMUserMpiCommMultiEx.F90, line 126
20220224 085001.354 INFO             PET0 Finalizing ESMF
20220224 085001.352 INFO             PET0 !!!!!!!!!!!!!!!!!!!!!!!!!!!!!!!!!!!!!!!!!!!!!!!!!!!!!!
20220224 085001.352 INFO             PET0 !!! THE ESMF_LOG IS SET TO OUTPUT ALL LOG MESSAGES !!!
20220224 085001.352 INFO             PET0 !!!     THIS MAY CAUSE SLOWDOWN IN PERFORMANCE     !!!
20220224 085001.352 INFO             PET0 !!! FOR PRODUCTION RUNS, USE:                      !!!
20220224 085001.352 INFO             PET0 !!!                   ESMF_LOGKIND_Multi_On_Error  !!!
20220224 085001.352 INFO             PET0 !!!!!!!!!!!!!!!!!!!!!!!!!!!!!!!!!!!!!!!!!!!!!!!!!!!!!!
20220224 085001.352 INFO             PET0 Running with ESMF Version   : v8.3.0b08-1-gd4bb16874d
20220224 085001.352 INFO             PET0 ESMF library build date/time: "Feb 24 2022" "08:12:47"
20220224 085001.352 INFO             PET0 ESMF library build location : /scratch1/NCEPDEV/stmp2/role.esmfmaint/intel_18.0.4_intelmpi_g_develop
20220224 085001.352 INFO             PET0 ESMF_COMM                   : intelmpi
20220224 085001.353 INFO             PET0 ESMF_MOAB                   : enabled
20220224 085001.353 INFO             PET0 ESMF_LAPACK                 : enabled
20220224 085001.353 INFO             PET0 ESMF_NETCDF                 : enabled
20220224 085001.353 INFO             PET0 ESMF_PNETCDF                : disabled
20220224 085001.353 INFO             PET0 ESMF_PIO                    : enabled
20220224 085001.353 INFO             PET0 ESMF_YAMLCPP                : enabled
20220224 085001.354 INFO             PET0  NUMBER_OF_PROCESSORS           4
20220224 085001.354 INFO             PET0  PASS  Example ESMF_VMUserMpiCommMultiEx, ESMF_VMUserMpiCommMultiEx.F90, line 154
20220224 085001.354 INFO             PET0 Finalizing ESMF
20220224 085001.352 INFO             PET1 !!!!!!!!!!!!!!!!!!!!!!!!!!!!!!!!!!!!!!!!!!!!!!!!!!!!!!
20220224 085001.352 INFO             PET1 !!! THE ESMF_LOG IS SET TO OUTPUT ALL LOG MESSAGES !!!
20220224 085001.352 INFO             PET1 !!!     THIS MAY CAUSE SLOWDOWN IN PERFORMANCE     !!!
20220224 085001.352 INFO             PET1 !!! FOR PRODUCTION RUNS, USE:                      !!!
20220224 085001.352 INFO             PET1 !!!                   ESMF_LOGKIND_Multi_On_Error  !!!
20220224 085001.352 INFO             PET1 !!!!!!!!!!!!!!!!!!!!!!!!!!!!!!!!!!!!!!!!!!!!!!!!!!!!!!
20220224 085001.352 INFO             PET1 Running with ESMF Version   : v8.3.0b08-1-gd4bb16874d
20220224 085001.352 INFO             PET1 ESMF library build date/time: "Feb 24 2022" "08:12:47"
20220224 085001.352 INFO             PET1 ESMF library build location : /scratch1/NCEPDEV/stmp2/role.esmfmaint/intel_18.0.4_intelmpi_g_develop
20220224 085001.352 INFO             PET1 ESMF_COMM                   : intelmpi
20220224 085001.353 INFO             PET1 ESMF_MOAB                   : enabled
20220224 085001.353 INFO             PET1 ESMF_LAPACK                 : enabled
20220224 085001.353 INFO             PET1 ESMF_NETCDF                 : enabled
20220224 085001.353 INFO             PET1 ESMF_PNETCDF                : disabled
20220224 085001.353 INFO             PET1 ESMF_PIO                    : enabled
20220224 085001.353 INFO             PET1 ESMF_YAMLCPP                : enabled
20220224 085001.354 INFO             PET1  NUMBER_OF_PROCESSORS           4
20220224 085001.354 INFO             PET1  PASS  Example ESMF_VMUserMpiCommMultiEx, ESMF_VMUserMpiCommMultiEx.F90, line 126
20220224 085001.354 INFO             PET1 Finalizing ESMF
20220224 085001.352 INFO             PET1 !!!!!!!!!!!!!!!!!!!!!!!!!!!!!!!!!!!!!!!!!!!!!!!!!!!!!!
20220224 085001.352 INFO             PET1 !!! THE ESMF_LOG IS SET TO OUTPUT ALL LOG MESSAGES !!!
20220224 085001.352 INFO             PET1 !!!     THIS MAY CAUSE SLOWDOWN IN PERFORMANCE     !!!
20220224 085001.352 INFO             PET1 !!! FOR PRODUCTION RUNS, USE:                      !!!
20220224 085001.352 INFO             PET1 !!!                   ESMF_LOGKIND_Multi_On_Error  !!!
20220224 085001.352 INFO             PET1 !!!!!!!!!!!!!!!!!!!!!!!!!!!!!!!!!!!!!!!!!!!!!!!!!!!!!!
20220224 085001.352 INFO             PET1 Running with ESMF Version   : v8.3.0b08-1-gd4bb16874d
20220224 085001.352 INFO             PET1 ESMF library build date/time: "Feb 24 2022" "08:12:47"
20220224 085001.352 INFO             PET1 ESMF library build location : /scratch1/NCEPDEV/stmp2/role.esmfmaint/intel_18.0.4_intelmpi_g_develop
20220224 085001.352 INFO             PET1 ESMF_COMM                   : intelmpi
20220224 085001.353 INFO             PET1 ESMF_MOAB                   : enabled
20220224 085001.353 INFO             PET1 ESMF_LAPACK                 : enabled
20220224 085001.353 INFO             PET1 ESMF_NETCDF                 : enabled
20220224 085001.353 INFO             PET1 ESMF_PNETCDF                : disabled
20220224 085001.353 INFO             PET1 ESMF_PIO                    : enabled
20220224 085001.353 INFO             PET1 ESMF_YAMLCPP                : enabled
20220224 085001.354 INFO             PET1  NUMBER_OF_PROCESSORS           4
20220224 085001.354 INFO             PET1  PASS  Example ESMF_VMUserMpiCommMultiEx, ESMF_VMUserMpiCommMultiEx.F90, line 154
20220224 085001.354 INFO             PET1 Finalizing ESMF
