build time -- 2022-02-25 06:09:40
20220225 064101.929 INFO             PET0 !!!!!!!!!!!!!!!!!!!!!!!!!!!!!!!!!!!!!!!!!!!!!!!!!!!!!!
20220225 064101.929 INFO             PET0 !!! THE ESMF_LOG IS SET TO OUTPUT ALL LOG MESSAGES !!!
20220225 064101.929 INFO             PET0 !!!     THIS MAY CAUSE SLOWDOWN IN PERFORMANCE     !!!
20220225 064101.929 INFO             PET0 !!! FOR PRODUCTION RUNS, USE:                      !!!
20220225 064101.929 INFO             PET0 !!!                   ESMF_LOGKIND_Multi_On_Error  !!!
20220225 064101.929 INFO             PET0 !!!!!!!!!!!!!!!!!!!!!!!!!!!!!!!!!!!!!!!!!!!!!!!!!!!!!!
20220225 064101.929 INFO             PET0 Running with ESMF Version   : v8.3.0b08-1-gd4bb16874d
20220225 064101.929 INFO             PET0 ESMF library build date/time: "Feb 25 2022" "06:07:46"
20220225 064101.929 INFO             PET0 ESMF library build location : /scratch1/NCEPDEV/stmp2/role.esmfmaint/intel_18.0.4_intelmpi_g_develop
20220225 064101.929 INFO             PET0 ESMF_COMM                   : intelmpi
20220225 064101.931 INFO             PET0 ESMF_MOAB                   : enabled
20220225 064101.931 INFO             PET0 ESMF_LAPACK                 : enabled
20220225 064101.931 INFO             PET0 ESMF_NETCDF                 : enabled
20220225 064101.931 INFO             PET0 ESMF_PNETCDF                : disabled
20220225 064101.931 INFO             PET0 ESMF_PIO                    : enabled
20220225 064101.931 INFO             PET0 ESMF_YAMLCPP                : enabled
20220225 064101.931 INFO             PET0  NUMBER_OF_PROCESSORS           1
20220225 064101.931 INFO             PET0  PASS  Example ESMF_TimeIntervalEx, ESMF_TimeIntervalEx.F90, line 176
20220225 064101.931 INFO             PET0 Finalizing ESMF
