build time -- 2022-01-20 02:30:52
20220120 024843.854 INFO             PET0 !!!!!!!!!!!!!!!!!!!!!!!!!!!!!!!!!!!!!!!!!!!!!!!!!!!!!!
20220120 024843.854 INFO             PET0 !!! THE ESMF_LOG IS SET TO OUTPUT ALL LOG MESSAGES !!!
20220120 024843.854 INFO             PET0 !!!     THIS MAY CAUSE SLOWDOWN IN PERFORMANCE     !!!
20220120 024843.854 INFO             PET0 !!! FOR PRODUCTION RUNS, USE:                      !!!
20220120 024843.854 INFO             PET0 !!!                   ESMF_LOGKIND_Multi_On_Error  !!!
20220120 024843.854 INFO             PET0 !!!!!!!!!!!!!!!!!!!!!!!!!!!!!!!!!!!!!!!!!!!!!!!!!!!!!!
20220120 024843.854 INFO             PET0 Running with ESMF Version   : ESMF_8_3_0_beta_snapshot_06-70-g65e948c
20220120 024843.854 INFO             PET0 ESMF library build date/time: "Jan 20 2022" "02:29:50"
20220120 024843.854 INFO             PET0 ESMF library build location : /work/noaa/da/mpotts/sandbox/gfortran_8.3.0_mpiuni_O_jedwards_pio_update
20220120 024843.854 INFO             PET0 ESMF_COMM                   : mpiuni
20220120 024843.855 INFO             PET0 ESMF_MOAB                   : enabled
20220120 024843.855 INFO             PET0 ESMF_LAPACK                 : enabled
20220120 024843.855 INFO             PET0 ESMF_NETCDF                 : enabled
20220120 024843.855 INFO             PET0 ESMF_PNETCDF                : disabled
20220120 024843.855 INFO             PET0 ESMF_PIO                    : disabled
20220120 024843.855 INFO             PET0 ESMF_YAMLCPP                : enabled
20220120 024843.855 INFO             PET0 ESMF Tracing Enabled
20220120 024843.855 INFO             PET0 ESMF Profiling Enabled
20220120 024843.855 INFO             PET0 ESMF Trace/Profile clock: REALTIME
20220120 024843.857 INFO             PET0  NUMBER_OF_PROCESSORS           1
20220120 024843.857 INFO             PET0  PASS  Example ESMF_TraceEx, ESMF_TraceEx.F90, line 178
20220120 024843.857 INFO             PET0 Finalizing ESMF
20220120 024843.857 INFO             PET0 **************** Region Timings *******************
20220120 024843.857 INFO             PET0 Region              Count  Total (s)   Self (s)    Mean (s)    Min (s)     Max (s)
20220120 024843.857 INFO             PET0   [test] Init 1     1      0.0000      0.0000      0.0000      0.0000      0.0000
20220120 024843.857 INFO             PET0   [test] Run 1      5      0.0000      0.0000      0.0000      0.0000      0.0000
20220120 024843.857 INFO             PET0   [test] Final 1    1      0.0000      0.0000      0.0000      0.0000      0.0000
20220120 024843.858 INFO             PET0 ESMCI_IO_Handler.C:355 ESMCI::IO_Handler::finalize() before return, localrc = 0
