build time -- 2022-01-26 02:35:19
20220126 025921.612 INFO             PET0 !!!!!!!!!!!!!!!!!!!!!!!!!!!!!!!!!!!!!!!!!!!!!!!!!!!!!!
20220126 025921.612 INFO             PET0 !!! THE ESMF_LOG IS SET TO OUTPUT ALL LOG MESSAGES !!!
20220126 025921.612 INFO             PET0 !!!     THIS MAY CAUSE SLOWDOWN IN PERFORMANCE     !!!
20220126 025921.612 INFO             PET0 !!! FOR PRODUCTION RUNS, USE:                      !!!
20220126 025921.612 INFO             PET0 !!!                   ESMF_LOGKIND_Multi_On_Error  !!!
20220126 025921.612 INFO             PET0 !!!!!!!!!!!!!!!!!!!!!!!!!!!!!!!!!!!!!!!!!!!!!!!!!!!!!!
20220126 025921.612 INFO             PET0 Running with ESMF Version   : ESMF_8_3_0_beta_snapshot_06-73-g57c5828
20220126 025921.612 INFO             PET0 ESMF library build date/time: "Jan 26 2022" "02:34:15"
20220126 025921.612 INFO             PET0 ESMF library build location : /work/noaa/da/mpotts/sandbox/gfortran_8.3.0_mpiuni_O_jedwards_pio_update
20220126 025921.612 INFO             PET0 ESMF_COMM                   : mpiuni
20220126 025921.613 INFO             PET0 ESMF_MOAB                   : enabled
20220126 025921.613 INFO             PET0 ESMF_LAPACK                 : enabled
20220126 025921.613 INFO             PET0 ESMF_NETCDF                 : enabled
20220126 025921.613 INFO             PET0 ESMF_PNETCDF                : disabled
20220126 025921.613 INFO             PET0 ESMF_PIO                    : disabled
20220126 025921.613 INFO             PET0 ESMF_YAMLCPP                : enabled
20220126 025921.614 INFO             PET0  NUMBER_OF_PROCESSORS           1
20220126 025921.614 INFO             PET0  PASS  Example ESMF_InternalStateModEx, ESMF_InternalStateModEx.F90, line 239
20220126 025921.614 INFO             PET0 Finalizing ESMF
20220126 025921.614 INFO             PET0 ESMCI_IO_Handler.C:355 ESMCI::IO_Handler::finalize() before return, localrc = 0
