build time -- 2021-11-30 06:11:47
20211130 062732.748 INFO             PET0 !!!!!!!!!!!!!!!!!!!!!!!!!!!!!!!!!!!!!!!!!!!!!!!!!!!!!!
20211130 062732.748 INFO             PET0 !!! THE ESMF_LOG IS SET TO OUTPUT ALL LOG MESSAGES !!!
20211130 062732.748 INFO             PET0 !!!     THIS MAY CAUSE SLOWDOWN IN PERFORMANCE     !!!
20211130 062732.748 INFO             PET0 !!! FOR PRODUCTION RUNS, USE:                      !!!
20211130 062732.748 INFO             PET0 !!!                   ESMF_LOGKIND_Multi_On_Error  !!!
20211130 062732.748 INFO             PET0 !!!!!!!!!!!!!!!!!!!!!!!!!!!!!!!!!!!!!!!!!!!!!!!!!!!!!!
20211130 062732.748 INFO             PET0 Running with ESMF Version   : ESMF_8_3_0_beta_snapshot_03
20211130 062732.748 INFO             PET0 ESMF library build date/time: "Nov 30 2021" "06:10:55"
20211130 062732.748 INFO             PET0 ESMF library build location : /scratch1/NCEPDEV/stmp2/role.esmfmaint/gfortran_9.2.0_mpiuni_O_develop
20211130 062732.748 INFO             PET0 ESMF_COMM                   : mpiuni
20211130 062732.749 INFO             PET0 ESMF_MOAB                   : enabled
20211130 062732.749 INFO             PET0 ESMF_LAPACK                 : enabled
20211130 062732.749 INFO             PET0 ESMF_NETCDF                 : enabled
20211130 062732.749 INFO             PET0 ESMF_PNETCDF                : disabled
20211130 062732.749 INFO             PET0 ESMF_PIO                    : disabled
20211130 062732.749 INFO             PET0 ESMF_YAMLCPP                : enabled
20211130 062732.750 INFO             PET0  NUMBER_OF_PROCESSORS           1
20211130 062732.750 INFO             PET0  PASS  Example ESMF_ClockEx, ESMF_ClockEx.F90, line 220
20211130 062732.750 INFO             PET0 Finalizing ESMF
