build time -- 2021-12-23 05:55:47
20211223 061215.058 INFO             PET0 !!!!!!!!!!!!!!!!!!!!!!!!!!!!!!!!!!!!!!!!!!!!!!!!!!!!!!
20211223 061215.059 INFO             PET0 !!! THE ESMF_LOG IS SET TO OUTPUT ALL LOG MESSAGES !!!
20211223 061215.059 INFO             PET0 !!!     THIS MAY CAUSE SLOWDOWN IN PERFORMANCE     !!!
20211223 061215.059 INFO             PET0 !!! FOR PRODUCTION RUNS, USE:                      !!!
20211223 061215.059 INFO             PET0 !!!                   ESMF_LOGKIND_Multi_On_Error  !!!
20211223 061215.059 INFO             PET0 !!!!!!!!!!!!!!!!!!!!!!!!!!!!!!!!!!!!!!!!!!!!!!!!!!!!!!
20211223 061215.059 INFO             PET0 Running with ESMF Version   : ESMF_8_3_0_beta_snapshot_05-1-g3e9d170f1f
20211223 061215.059 INFO             PET0 ESMF library build date/time: "Dec 23 2021" "05:54:50"
20211223 061215.059 INFO             PET0 ESMF library build location : /scratch1/NCEPDEV/stmp2/role.esmfmaint/gfortran_9.2.0_mpiuni_O_develop
20211223 061215.059 INFO             PET0 ESMF_COMM                   : mpiuni
20211223 061215.059 INFO             PET0 ESMF_MOAB                   : enabled
20211223 061215.059 INFO             PET0 ESMF_LAPACK                 : enabled
20211223 061215.059 INFO             PET0 ESMF_NETCDF                 : enabled
20211223 061215.059 INFO             PET0 ESMF_PNETCDF                : disabled
20211223 061215.060 INFO             PET0 ESMF_PIO                    : disabled
20211223 061215.060 INFO             PET0 ESMF_YAMLCPP                : enabled
20211223 061215.062 INFO             PET0  NUMBER_OF_PROCESSORS           1
20211223 061215.062 INFO             PET0  PASS  Example ESMF_XGridSparseMatEx, ESMF_XGridSparseMatEx.F90, line 642
20211223 061215.062 INFO             PET0 Finalizing ESMF
