build time -- 2022-02-15 02:53:48.288461
20220215 031242.542 INFO             PET0 !!!!!!!!!!!!!!!!!!!!!!!!!!!!!!!!!!!!!!!!!!!!!!!!!!!!!!
20220215 031242.542 INFO             PET0 !!! THE ESMF_LOG IS SET TO OUTPUT ALL LOG MESSAGES !!!
20220215 031242.542 INFO             PET0 !!!     THIS MAY CAUSE SLOWDOWN IN PERFORMANCE     !!!
20220215 031242.542 INFO             PET0 !!! FOR PRODUCTION RUNS, USE:                      !!!
20220215 031242.542 INFO             PET0 !!!                   ESMF_LOGKIND_Multi_On_Error  !!!
20220215 031242.542 INFO             PET0 !!!!!!!!!!!!!!!!!!!!!!!!!!!!!!!!!!!!!!!!!!!!!!!!!!!!!!
20220215 031242.542 INFO             PET0 Running with ESMF Version   : ESMF_8_3_0_beta_snapshot_06-14-g9f69d9060c
20220215 031242.542 INFO             PET0 ESMF library build date/time: "Feb 15 2022" "02:52:39"
20220215 031242.542 INFO             PET0 ESMF library build location : /home/mpotts/intel_2021.2_intelmpi_g_develop
20220215 031242.542 INFO             PET0 ESMF_COMM                   : intelmpi
20220215 031242.543 INFO             PET0 ESMF_MOAB                   : enabled
20220215 031242.543 INFO             PET0 ESMF_LAPACK                 : enabled
20220215 031242.543 INFO             PET0 ESMF_NETCDF                 : enabled
20220215 031242.543 INFO             PET0 ESMF_PNETCDF                : disabled
20220215 031242.543 INFO             PET0 ESMF_PIO                    : enabled
20220215 031242.543 INFO             PET0 ESMF_YAMLCPP                : enabled
20220215 031242.546 INFO             PET0  NUMBER_OF_PROCESSORS           1
20220215 031242.546 INFO             PET0  PASS  Example ESMF_AlarmEx, ESMF_AlarmEx.F90, line 244
20220215 031242.546 INFO             PET0 Finalizing ESMF
