build time -- 2022-02-17 02:54:44.081594
20220217 031343.415 INFO             PET0 !!!!!!!!!!!!!!!!!!!!!!!!!!!!!!!!!!!!!!!!!!!!!!!!!!!!!!
20220217 031343.415 INFO             PET0 !!! THE ESMF_LOG IS SET TO OUTPUT ALL LOG MESSAGES !!!
20220217 031343.415 INFO             PET0 !!!     THIS MAY CAUSE SLOWDOWN IN PERFORMANCE     !!!
20220217 031343.415 INFO             PET0 !!! FOR PRODUCTION RUNS, USE:                      !!!
20220217 031343.415 INFO             PET0 !!!                   ESMF_LOGKIND_Multi_On_Error  !!!
20220217 031343.415 INFO             PET0 !!!!!!!!!!!!!!!!!!!!!!!!!!!!!!!!!!!!!!!!!!!!!!!!!!!!!!
20220217 031343.415 INFO             PET0 Running with ESMF Version   : ESMF_8_3_0_beta_snapshot_06-15-g03510d5fb3
20220217 031343.415 INFO             PET0 ESMF library build date/time: "Feb 17 2022" "02:53:34"
20220217 031343.415 INFO             PET0 ESMF library build location : /home/mpotts/intel_2021.2_intelmpi_g_develop
20220217 031343.415 INFO             PET0 ESMF_COMM                   : intelmpi
20220217 031343.415 INFO             PET0 ESMF_MOAB                   : enabled
20220217 031343.415 INFO             PET0 ESMF_LAPACK                 : enabled
20220217 031343.415 INFO             PET0 ESMF_NETCDF                 : enabled
20220217 031343.415 INFO             PET0 ESMF_PNETCDF                : disabled
20220217 031343.415 INFO             PET0 ESMF_PIO                    : enabled
20220217 031343.415 INFO             PET0 ESMF_YAMLCPP                : enabled
20220217 031343.416 INFO             PET0  NUMBER_OF_PROCESSORS           1
20220217 031343.416 INFO             PET0  PASS  Example ESMF_TimeEx, ESMF_TimeEx.F90, line 141
20220217 031343.416 INFO             PET0 Finalizing ESMF
