build time -- 2021-10-23 06:19:51
  PASS  Example ESMF_ArrayRedistEx, ESMF_ArrayRedistEx.F90, line 595
  PASS  Example ESMF_ArrayRedistEx, ESMF_ArrayRedistEx.F90, line 595
  PASS  Example ESMF_ArrayRedistEx, ESMF_ArrayRedistEx.F90, line 595
  PASS  Example ESMF_ArrayRedistEx, ESMF_ArrayRedistEx.F90, line 595
 PASS: ESMF_ArrayRedistEx.F90
 PASS: ESMF_ArrayRedistEx.F90
 PASS: ESMF_ArrayRedistEx.F90
 PASS: ESMF_ArrayRedistEx.F90
TOTCPU=21:45:04 ELAP=00:40:47 REQMEM=5875Mc REQCPUS=24 ALLOCCPUS=32 TIMELIMIT=02:30:00 PART=s4 ACCT=star
MAXRSS=42936K MAXVMSIZE=2202468K
________________________________________________________________
Job Resource Usage Summary for 11564665

  CPU Time Used : 21:45:04
  Memory Used : 42936K
  Virtual Memory Used : 2202468K
  Walltime Used : 00:40:47

  Memory Requested : 5875Mc (n=per node; c=per core)
  CPUs Requested / Allocated : 24 / 32
  Walltime Requested : 02:30:00

  Execution Queue : s4
  Head Node : 
  Charged to : star

  Job Stopped : Sat Oct 23 07:00:39 UTC 2021
_____________________________________________________________________

