build time -- 2021-10-24 06:24:34
20211024 070948.680 INFO             PET0 !!!!!!!!!!!!!!!!!!!!!!!!!!!!!!!!!!!!!!!!!!!!!!!!!!!!!!
20211024 070948.680 INFO             PET0 !!! THE ESMF_LOG IS SET TO OUTPUT ALL LOG MESSAGES !!!
20211024 070948.680 INFO             PET0 !!!     THIS MAY CAUSE SLOWDOWN IN PERFORMANCE     !!!
20211024 070948.680 INFO             PET0 !!! FOR PRODUCTION RUNS, USE:                      !!!
20211024 070948.680 INFO             PET0 !!!                   ESMF_LOGKIND_Multi_On_Error  !!!
20211024 070948.680 INFO             PET0 !!!!!!!!!!!!!!!!!!!!!!!!!!!!!!!!!!!!!!!!!!!!!!!!!!!!!!
20211024 070948.680 INFO             PET0 Running with ESMF Version   : ESMF_8_2_0_beta_snapshot_23
20211024 070948.680 INFO             PET0 ESMF library build date/time: "Oct 24 2021" "06:21:21"
20211024 070948.680 INFO             PET0 ESMF library build location : /scratch/users/mpotts/intel_2019.0.5_intelmpi_g_release_8.2.0
20211024 070948.680 INFO             PET0 ESMF_COMM                   : intelmpi
20211024 070948.682 INFO             PET0 ESMF_MOAB                   : enabled
20211024 070948.682 INFO             PET0 ESMF_LAPACK                 : enabled
20211024 070948.682 INFO             PET0 ESMF_NETCDF                 : enabled
20211024 070948.682 INFO             PET0 ESMF_PNETCDF                : disabled
20211024 070948.682 INFO             PET0 ESMF_PIO                    : enabled
20211024 070948.682 INFO             PET0 ESMF_YAMLCPP                : enabled
20211024 070948.819 INFO             PET0  NUMBER_OF_PROCESSORS           4
20211024 070948.819 INFO             PET0  PASS  Example ESMF_FieldBundleCreateEx, ESMF_FieldBundleCreateEx.F90, line 561
20211024 070948.819 INFO             PET0 Finalizing ESMF
20211024 070948.636 INFO             PET1 !!!!!!!!!!!!!!!!!!!!!!!!!!!!!!!!!!!!!!!!!!!!!!!!!!!!!!
20211024 070948.637 INFO             PET1 !!! THE ESMF_LOG IS SET TO OUTPUT ALL LOG MESSAGES !!!
20211024 070948.637 INFO             PET1 !!!     THIS MAY CAUSE SLOWDOWN IN PERFORMANCE     !!!
20211024 070948.637 INFO             PET1 !!! FOR PRODUCTION RUNS, USE:                      !!!
20211024 070948.637 INFO             PET1 !!!                   ESMF_LOGKIND_Multi_On_Error  !!!
20211024 070948.637 INFO             PET1 !!!!!!!!!!!!!!!!!!!!!!!!!!!!!!!!!!!!!!!!!!!!!!!!!!!!!!
20211024 070948.637 INFO             PET1 Running with ESMF Version   : ESMF_8_2_0_beta_snapshot_23
20211024 070948.637 INFO             PET1 ESMF library build date/time: "Oct 24 2021" "06:21:21"
20211024 070948.637 INFO             PET1 ESMF library build location : /scratch/users/mpotts/intel_2019.0.5_intelmpi_g_release_8.2.0
20211024 070948.637 INFO             PET1 ESMF_COMM                   : intelmpi
20211024 070948.638 INFO             PET1 ESMF_MOAB                   : enabled
20211024 070948.638 INFO             PET1 ESMF_LAPACK                 : enabled
20211024 070948.638 INFO             PET1 ESMF_NETCDF                 : enabled
20211024 070948.638 INFO             PET1 ESMF_PNETCDF                : disabled
20211024 070948.638 INFO             PET1 ESMF_PIO                    : enabled
20211024 070948.638 INFO             PET1 ESMF_YAMLCPP                : enabled
20211024 070948.819 INFO             PET1  NUMBER_OF_PROCESSORS           4
20211024 070948.819 INFO             PET1  PASS  Example ESMF_FieldBundleCreateEx, ESMF_FieldBundleCreateEx.F90, line 561
20211024 070948.819 INFO             PET1 Finalizing ESMF
20211024 070948.684 INFO             PET2 !!!!!!!!!!!!!!!!!!!!!!!!!!!!!!!!!!!!!!!!!!!!!!!!!!!!!!
20211024 070948.685 INFO             PET2 !!! THE ESMF_LOG IS SET TO OUTPUT ALL LOG MESSAGES !!!
20211024 070948.685 INFO             PET2 !!!     THIS MAY CAUSE SLOWDOWN IN PERFORMANCE     !!!
20211024 070948.685 INFO             PET2 !!! FOR PRODUCTION RUNS, USE:                      !!!
20211024 070948.685 INFO             PET2 !!!                   ESMF_LOGKIND_Multi_On_Error  !!!
20211024 070948.685 INFO             PET2 !!!!!!!!!!!!!!!!!!!!!!!!!!!!!!!!!!!!!!!!!!!!!!!!!!!!!!
20211024 070948.685 INFO             PET2 Running with ESMF Version   : ESMF_8_2_0_beta_snapshot_23
20211024 070948.685 INFO             PET2 ESMF library build date/time: "Oct 24 2021" "06:21:21"
20211024 070948.685 INFO             PET2 ESMF library build location : /scratch/users/mpotts/intel_2019.0.5_intelmpi_g_release_8.2.0
20211024 070948.685 INFO             PET2 ESMF_COMM                   : intelmpi
20211024 070948.686 INFO             PET2 ESMF_MOAB                   : enabled
20211024 070948.686 INFO             PET2 ESMF_LAPACK                 : enabled
20211024 070948.686 INFO             PET2 ESMF_NETCDF                 : enabled
20211024 070948.686 INFO             PET2 ESMF_PNETCDF                : disabled
20211024 070948.686 INFO             PET2 ESMF_PIO                    : enabled
20211024 070948.686 INFO             PET2 ESMF_YAMLCPP                : enabled
20211024 070948.819 INFO             PET2  NUMBER_OF_PROCESSORS           4
20211024 070948.819 INFO             PET2  PASS  Example ESMF_FieldBundleCreateEx, ESMF_FieldBundleCreateEx.F90, line 561
20211024 070948.819 INFO             PET2 Finalizing ESMF
20211024 070948.794 INFO             PET3 !!!!!!!!!!!!!!!!!!!!!!!!!!!!!!!!!!!!!!!!!!!!!!!!!!!!!!
20211024 070948.794 INFO             PET3 !!! THE ESMF_LOG IS SET TO OUTPUT ALL LOG MESSAGES !!!
20211024 070948.794 INFO             PET3 !!!     THIS MAY CAUSE SLOWDOWN IN PERFORMANCE     !!!
20211024 070948.794 INFO             PET3 !!! FOR PRODUCTION RUNS, USE:                      !!!
20211024 070948.794 INFO             PET3 !!!                   ESMF_LOGKIND_Multi_On_Error  !!!
20211024 070948.794 INFO             PET3 !!!!!!!!!!!!!!!!!!!!!!!!!!!!!!!!!!!!!!!!!!!!!!!!!!!!!!
20211024 070948.794 INFO             PET3 Running with ESMF Version   : ESMF_8_2_0_beta_snapshot_23
20211024 070948.794 INFO             PET3 ESMF library build date/time: "Oct 24 2021" "06:21:21"
20211024 070948.794 INFO             PET3 ESMF library build location : /scratch/users/mpotts/intel_2019.0.5_intelmpi_g_release_8.2.0
20211024 070948.794 INFO             PET3 ESMF_COMM                   : intelmpi
20211024 070948.796 INFO             PET3 ESMF_MOAB                   : enabled
20211024 070948.796 INFO             PET3 ESMF_LAPACK                 : enabled
20211024 070948.796 INFO             PET3 ESMF_NETCDF                 : enabled
20211024 070948.796 INFO             PET3 ESMF_PNETCDF                : disabled
20211024 070948.796 INFO             PET3 ESMF_PIO                    : enabled
20211024 070948.796 INFO             PET3 ESMF_YAMLCPP                : enabled
20211024 070948.820 INFO             PET3  NUMBER_OF_PROCESSORS           4
20211024 070948.820 INFO             PET3  PASS  Example ESMF_FieldBundleCreateEx, ESMF_FieldBundleCreateEx.F90, line 561
20211024 070948.820 INFO             PET3 Finalizing ESMF
