build time -- 2021-10-19 06:25:03
 ESMF application on MPI rank:           0
  PASS  Example ESMF_VMUserMpiCommEx, ESMF_VMUserMpiCommEx.F90, line 113
 ESMF application on MPI rank:           1
  PASS  Example ESMF_VMUserMpiCommEx, ESMF_VMUserMpiCommEx.F90, line 113
 PASS: ESMF_VMUserMpiCommEx.F90
 PASS: ESMF_VMUserMpiCommEx.F90
 PASS: ESMF_VMUserMpiCommEx.F90
 PASS: ESMF_VMUserMpiCommEx.F90
TOTCPU=16:27:44 ELAP=00:30:52 REQMEM=5875Mc REQCPUS=24 ALLOCCPUS=32 TIMELIMIT=02:30:00 PART=s4 ACCT=star
MAXRSS=0 MAXVMSIZE=196896K
________________________________________________________________
Job Resource Usage Summary for 11555114

  CPU Time Used : 16:27:44
  Memory Used : 0
  Virtual Memory Used : 196896K
  Walltime Used : 00:30:52

  Memory Requested : 5875Mc (n=per node; c=per core)
  CPUs Requested / Allocated : 24 / 32
  Walltime Requested : 02:30:00

  Execution Queue : s4
  Head Node : 
  Charged to : star

  Job Stopped : Tue Oct 19 06:55:56 UTC 2021
_____________________________________________________________________

