build time -- 2021-10-21 06:24:55
20211021 070847.780 INFO             PET0 !!!!!!!!!!!!!!!!!!!!!!!!!!!!!!!!!!!!!!!!!!!!!!!!!!!!!!
20211021 070847.780 INFO             PET0 !!! THE ESMF_LOG IS SET TO OUTPUT ALL LOG MESSAGES !!!
20211021 070847.780 INFO             PET0 !!!     THIS MAY CAUSE SLOWDOWN IN PERFORMANCE     !!!
20211021 070847.780 INFO             PET0 !!! FOR PRODUCTION RUNS, USE:                      !!!
20211021 070847.780 INFO             PET0 !!!                   ESMF_LOGKIND_Multi_On_Error  !!!
20211021 070847.780 INFO             PET0 !!!!!!!!!!!!!!!!!!!!!!!!!!!!!!!!!!!!!!!!!!!!!!!!!!!!!!
20211021 070847.780 INFO             PET0 Running with ESMF Version   : ESMF_8_2_0_beta_snapshot_22-18-g948e7ff
20211021 070847.780 INFO             PET0 ESMF library build date/time: "Oct 21 2021" "06:22:15"
20211021 070847.780 INFO             PET0 ESMF library build location : /scratch/users/mpotts/intel_2019.0.5_intelmpi_g_release_8.2.0
20211021 070847.780 INFO             PET0 ESMF_COMM                   : intelmpi
20211021 070847.781 INFO             PET0 ESMF_MOAB                   : enabled
20211021 070847.781 INFO             PET0 ESMF_LAPACK                 : enabled
20211021 070847.781 INFO             PET0 ESMF_NETCDF                 : enabled
20211021 070847.781 INFO             PET0 ESMF_PNETCDF                : disabled
20211021 070847.781 INFO             PET0 ESMF_PIO                    : enabled
20211021 070847.781 INFO             PET0 ESMF_YAMLCPP                : enabled
20211021 070847.785 ERROR            PET0 ESMF_StateAPI.cppF90:1189 ESMF_StateAddList Object being used before creation  - Bad Object
20211021 070847.791 INFO             PET0  NUMBER_OF_PROCESSORS           4
20211021 070847.792 INFO             PET0  PASS  Example ESMF_StateReconcileEx, ESMF_StateReconcileEx.F90, line 294
20211021 070847.792 INFO             PET0 Finalizing ESMF
20211021 070847.781 INFO             PET1 !!!!!!!!!!!!!!!!!!!!!!!!!!!!!!!!!!!!!!!!!!!!!!!!!!!!!!
20211021 070847.781 INFO             PET1 !!! THE ESMF_LOG IS SET TO OUTPUT ALL LOG MESSAGES !!!
20211021 070847.781 INFO             PET1 !!!     THIS MAY CAUSE SLOWDOWN IN PERFORMANCE     !!!
20211021 070847.781 INFO             PET1 !!! FOR PRODUCTION RUNS, USE:                      !!!
20211021 070847.781 INFO             PET1 !!!                   ESMF_LOGKIND_Multi_On_Error  !!!
20211021 070847.781 INFO             PET1 !!!!!!!!!!!!!!!!!!!!!!!!!!!!!!!!!!!!!!!!!!!!!!!!!!!!!!
20211021 070847.781 INFO             PET1 Running with ESMF Version   : ESMF_8_2_0_beta_snapshot_22-18-g948e7ff
20211021 070847.781 INFO             PET1 ESMF library build date/time: "Oct 21 2021" "06:22:15"
20211021 070847.781 INFO             PET1 ESMF library build location : /scratch/users/mpotts/intel_2019.0.5_intelmpi_g_release_8.2.0
20211021 070847.781 INFO             PET1 ESMF_COMM                   : intelmpi
20211021 070847.782 INFO             PET1 ESMF_MOAB                   : enabled
20211021 070847.782 INFO             PET1 ESMF_LAPACK                 : enabled
20211021 070847.782 INFO             PET1 ESMF_NETCDF                 : enabled
20211021 070847.782 INFO             PET1 ESMF_PNETCDF                : disabled
20211021 070847.782 INFO             PET1 ESMF_PIO                    : enabled
20211021 070847.782 INFO             PET1 ESMF_YAMLCPP                : enabled
20211021 070847.785 ERROR            PET1 ESMF_StateAPI.cppF90:1189 ESMF_StateAddList Object being used before creation  - Bad Object
20211021 070847.791 INFO             PET1  NUMBER_OF_PROCESSORS           4
20211021 070847.792 INFO             PET1  PASS  Example ESMF_StateReconcileEx, ESMF_StateReconcileEx.F90, line 294
20211021 070847.792 INFO             PET1 Finalizing ESMF
20211021 070847.779 INFO             PET2 !!!!!!!!!!!!!!!!!!!!!!!!!!!!!!!!!!!!!!!!!!!!!!!!!!!!!!
20211021 070847.779 INFO             PET2 !!! THE ESMF_LOG IS SET TO OUTPUT ALL LOG MESSAGES !!!
20211021 070847.779 INFO             PET2 !!!     THIS MAY CAUSE SLOWDOWN IN PERFORMANCE     !!!
20211021 070847.779 INFO             PET2 !!! FOR PRODUCTION RUNS, USE:                      !!!
20211021 070847.779 INFO             PET2 !!!                   ESMF_LOGKIND_Multi_On_Error  !!!
20211021 070847.779 INFO             PET2 !!!!!!!!!!!!!!!!!!!!!!!!!!!!!!!!!!!!!!!!!!!!!!!!!!!!!!
20211021 070847.779 INFO             PET2 Running with ESMF Version   : ESMF_8_2_0_beta_snapshot_22-18-g948e7ff
20211021 070847.779 INFO             PET2 ESMF library build date/time: "Oct 21 2021" "06:22:15"
20211021 070847.779 INFO             PET2 ESMF library build location : /scratch/users/mpotts/intel_2019.0.5_intelmpi_g_release_8.2.0
20211021 070847.779 INFO             PET2 ESMF_COMM                   : intelmpi
20211021 070847.780 INFO             PET2 ESMF_MOAB                   : enabled
20211021 070847.780 INFO             PET2 ESMF_LAPACK                 : enabled
20211021 070847.780 INFO             PET2 ESMF_NETCDF                 : enabled
20211021 070847.780 INFO             PET2 ESMF_PNETCDF                : disabled
20211021 070847.780 INFO             PET2 ESMF_PIO                    : enabled
20211021 070847.780 INFO             PET2 ESMF_YAMLCPP                : enabled
20211021 070847.785 ERROR            PET2 ESMF_StateAPI.cppF90:1189 ESMF_StateAddList Object being used before creation  - Bad Object
20211021 070847.791 INFO             PET2  NUMBER_OF_PROCESSORS           4
20211021 070847.792 INFO             PET2  PASS  Example ESMF_StateReconcileEx, ESMF_StateReconcileEx.F90, line 294
20211021 070847.792 INFO             PET2 Finalizing ESMF
20211021 070847.778 INFO             PET3 !!!!!!!!!!!!!!!!!!!!!!!!!!!!!!!!!!!!!!!!!!!!!!!!!!!!!!
20211021 070847.778 INFO             PET3 !!! THE ESMF_LOG IS SET TO OUTPUT ALL LOG MESSAGES !!!
20211021 070847.778 INFO             PET3 !!!     THIS MAY CAUSE SLOWDOWN IN PERFORMANCE     !!!
20211021 070847.778 INFO             PET3 !!! FOR PRODUCTION RUNS, USE:                      !!!
20211021 070847.778 INFO             PET3 !!!                   ESMF_LOGKIND_Multi_On_Error  !!!
20211021 070847.778 INFO             PET3 !!!!!!!!!!!!!!!!!!!!!!!!!!!!!!!!!!!!!!!!!!!!!!!!!!!!!!
20211021 070847.778 INFO             PET3 Running with ESMF Version   : ESMF_8_2_0_beta_snapshot_22-18-g948e7ff
20211021 070847.778 INFO             PET3 ESMF library build date/time: "Oct 21 2021" "06:22:15"
20211021 070847.778 INFO             PET3 ESMF library build location : /scratch/users/mpotts/intel_2019.0.5_intelmpi_g_release_8.2.0
20211021 070847.778 INFO             PET3 ESMF_COMM                   : intelmpi
20211021 070847.780 INFO             PET3 ESMF_MOAB                   : enabled
20211021 070847.780 INFO             PET3 ESMF_LAPACK                 : enabled
20211021 070847.780 INFO             PET3 ESMF_NETCDF                 : enabled
20211021 070847.780 INFO             PET3 ESMF_PNETCDF                : disabled
20211021 070847.780 INFO             PET3 ESMF_PIO                    : enabled
20211021 070847.780 INFO             PET3 ESMF_YAMLCPP                : enabled
20211021 070847.785 ERROR            PET3 ESMF_StateAPI.cppF90:1189 ESMF_StateAddList Object being used before creation  - Bad Object
20211021 070847.792 INFO             PET3  NUMBER_OF_PROCESSORS           4
20211021 070847.792 INFO             PET3  PASS  Example ESMF_StateReconcileEx, ESMF_StateReconcileEx.F90, line 294
20211021 070847.792 INFO             PET3 Finalizing ESMF
