build time -- 2021-10-22 06:23:48
20211022 070300.277 INFO             PET0 !!!!!!!!!!!!!!!!!!!!!!!!!!!!!!!!!!!!!!!!!!!!!!!!!!!!!!
20211022 070300.277 INFO             PET0 !!! THE ESMF_LOG IS SET TO OUTPUT ALL LOG MESSAGES !!!
20211022 070300.277 INFO             PET0 !!!     THIS MAY CAUSE SLOWDOWN IN PERFORMANCE     !!!
20211022 070300.277 INFO             PET0 !!! FOR PRODUCTION RUNS, USE:                      !!!
20211022 070300.277 INFO             PET0 !!!                   ESMF_LOGKIND_Multi_On_Error  !!!
20211022 070300.277 INFO             PET0 !!!!!!!!!!!!!!!!!!!!!!!!!!!!!!!!!!!!!!!!!!!!!!!!!!!!!!
20211022 070300.277 INFO             PET0 Running with ESMF Version   : ESMF_8_2_0_beta_snapshot_23
20211022 070300.277 INFO             PET0 ESMF library build date/time: "Oct 22 2021" "06:21:10"
20211022 070300.277 INFO             PET0 ESMF library build location : /scratch/users/mpotts/intel_2019.0.5_intelmpi_g_release_8.2.0
20211022 070300.277 INFO             PET0 ESMF_COMM                   : intelmpi
20211022 070300.279 INFO             PET0 ESMF_MOAB                   : enabled
20211022 070300.279 INFO             PET0 ESMF_LAPACK                 : enabled
20211022 070300.279 INFO             PET0 ESMF_NETCDF                 : enabled
20211022 070300.279 INFO             PET0 ESMF_PNETCDF                : disabled
20211022 070300.279 INFO             PET0 ESMF_PIO                    : enabled
20211022 070300.279 INFO             PET0 ESMF_YAMLCPP                : enabled
20211022 070300.280 INFO             PET0  NUMBER_OF_PROCESSORS           1
20211022 070300.280 INFO             PET0  PASS  Example ESMF_TimeEx, ESMF_TimeEx.F90, line 141
20211022 070300.280 INFO             PET0 Finalizing ESMF
