build time -- 2021-10-07 06:52:15
20211007 073053.439 INFO             PET0 !!!!!!!!!!!!!!!!!!!!!!!!!!!!!!!!!!!!!!!!!!!!!!!!!!!!!!
20211007 073053.439 INFO             PET0 !!! THE ESMF_LOG IS SET TO OUTPUT ALL LOG MESSAGES !!!
20211007 073053.439 INFO             PET0 !!!     THIS MAY CAUSE SLOWDOWN IN PERFORMANCE     !!!
20211007 073053.439 INFO             PET0 !!! FOR PRODUCTION RUNS, USE:                      !!!
20211007 073053.439 INFO             PET0 !!!                   ESMF_LOGKIND_Multi_On_Error  !!!
20211007 073053.439 INFO             PET0 !!!!!!!!!!!!!!!!!!!!!!!!!!!!!!!!!!!!!!!!!!!!!!!!!!!!!!
20211007 073053.439 INFO             PET0 Running with ESMF Version   : ESMF_8_2_0_beta_snapshot_21
20211007 073053.439 INFO             PET0 ESMF library build date/time: "Oct  7 2021" "06:49:10"
20211007 073053.439 INFO             PET0 ESMF library build location : /scratch/users/mpotts/intel_2019.0.5_intelmpi_g_release_8.2.0
20211007 073053.439 INFO             PET0 ESMF_COMM                   : intelmpi
20211007 073053.440 INFO             PET0 ESMF_MOAB                   : enabled
20211007 073053.440 INFO             PET0 ESMF_LAPACK                 : enabled
20211007 073053.440 INFO             PET0 ESMF_NETCDF                 : enabled
20211007 073053.440 INFO             PET0 ESMF_PNETCDF                : disabled
20211007 073053.440 INFO             PET0 ESMF_PIO                    : enabled
20211007 073053.440 INFO             PET0 ESMF_YAMLCPP                : enabled
20211007 073053.525 WARNING          PET0 ESMF_IOScrip.F90:4704 ESMF_EsmfGetElement Variable centerCoords in data/ne4np4-esmf.nc does not exist
20211007 073053.708 INFO             PET0  NUMBER_OF_PROCESSORS           4
20211007 073053.708 INFO             PET0  PASS  Example ESMF_MeshEx, ESMF_MeshEx.F90, line 1795
20211007 073053.708 INFO             PET0 Finalizing ESMF
20211007 073053.461 INFO             PET1 !!!!!!!!!!!!!!!!!!!!!!!!!!!!!!!!!!!!!!!!!!!!!!!!!!!!!!
20211007 073053.461 INFO             PET1 !!! THE ESMF_LOG IS SET TO OUTPUT ALL LOG MESSAGES !!!
20211007 073053.461 INFO             PET1 !!!     THIS MAY CAUSE SLOWDOWN IN PERFORMANCE     !!!
20211007 073053.461 INFO             PET1 !!! FOR PRODUCTION RUNS, USE:                      !!!
20211007 073053.461 INFO             PET1 !!!                   ESMF_LOGKIND_Multi_On_Error  !!!
20211007 073053.461 INFO             PET1 !!!!!!!!!!!!!!!!!!!!!!!!!!!!!!!!!!!!!!!!!!!!!!!!!!!!!!
20211007 073053.461 INFO             PET1 Running with ESMF Version   : ESMF_8_2_0_beta_snapshot_21
20211007 073053.462 INFO             PET1 ESMF library build date/time: "Oct  7 2021" "06:49:10"
20211007 073053.462 INFO             PET1 ESMF library build location : /scratch/users/mpotts/intel_2019.0.5_intelmpi_g_release_8.2.0
20211007 073053.462 INFO             PET1 ESMF_COMM                   : intelmpi
20211007 073053.463 INFO             PET1 ESMF_MOAB                   : enabled
20211007 073053.463 INFO             PET1 ESMF_LAPACK                 : enabled
20211007 073053.463 INFO             PET1 ESMF_NETCDF                 : enabled
20211007 073053.463 INFO             PET1 ESMF_PNETCDF                : disabled
20211007 073053.463 INFO             PET1 ESMF_PIO                    : enabled
20211007 073053.463 INFO             PET1 ESMF_YAMLCPP                : enabled
20211007 073053.527 WARNING          PET1 ESMF_IOScrip.F90:4704 ESMF_EsmfGetElement Variable centerCoords in data/ne4np4-esmf.nc does not exist
20211007 073053.708 INFO             PET1  NUMBER_OF_PROCESSORS           4
20211007 073053.708 INFO             PET1  PASS  Example ESMF_MeshEx, ESMF_MeshEx.F90, line 1795
20211007 073053.708 INFO             PET1 Finalizing ESMF
20211007 073053.450 INFO             PET2 !!!!!!!!!!!!!!!!!!!!!!!!!!!!!!!!!!!!!!!!!!!!!!!!!!!!!!
20211007 073053.450 INFO             PET2 !!! THE ESMF_LOG IS SET TO OUTPUT ALL LOG MESSAGES !!!
20211007 073053.450 INFO             PET2 !!!     THIS MAY CAUSE SLOWDOWN IN PERFORMANCE     !!!
20211007 073053.450 INFO             PET2 !!! FOR PRODUCTION RUNS, USE:                      !!!
20211007 073053.450 INFO             PET2 !!!                   ESMF_LOGKIND_Multi_On_Error  !!!
20211007 073053.450 INFO             PET2 !!!!!!!!!!!!!!!!!!!!!!!!!!!!!!!!!!!!!!!!!!!!!!!!!!!!!!
20211007 073053.450 INFO             PET2 Running with ESMF Version   : ESMF_8_2_0_beta_snapshot_21
20211007 073053.450 INFO             PET2 ESMF library build date/time: "Oct  7 2021" "06:49:10"
20211007 073053.450 INFO             PET2 ESMF library build location : /scratch/users/mpotts/intel_2019.0.5_intelmpi_g_release_8.2.0
20211007 073053.450 INFO             PET2 ESMF_COMM                   : intelmpi
20211007 073053.451 INFO             PET2 ESMF_MOAB                   : enabled
20211007 073053.451 INFO             PET2 ESMF_LAPACK                 : enabled
20211007 073053.451 INFO             PET2 ESMF_NETCDF                 : enabled
20211007 073053.451 INFO             PET2 ESMF_PNETCDF                : disabled
20211007 073053.451 INFO             PET2 ESMF_PIO                    : enabled
20211007 073053.451 INFO             PET2 ESMF_YAMLCPP                : enabled
20211007 073053.527 WARNING          PET2 ESMF_IOScrip.F90:4704 ESMF_EsmfGetElement Variable centerCoords in data/ne4np4-esmf.nc does not exist
20211007 073053.708 INFO             PET2  NUMBER_OF_PROCESSORS           4
20211007 073053.708 INFO             PET2  PASS  Example ESMF_MeshEx, ESMF_MeshEx.F90, line 1795
20211007 073053.708 INFO             PET2 Finalizing ESMF
20211007 073053.434 INFO             PET3 !!!!!!!!!!!!!!!!!!!!!!!!!!!!!!!!!!!!!!!!!!!!!!!!!!!!!!
20211007 073053.435 INFO             PET3 !!! THE ESMF_LOG IS SET TO OUTPUT ALL LOG MESSAGES !!!
20211007 073053.435 INFO             PET3 !!!     THIS MAY CAUSE SLOWDOWN IN PERFORMANCE     !!!
20211007 073053.435 INFO             PET3 !!! FOR PRODUCTION RUNS, USE:                      !!!
20211007 073053.435 INFO             PET3 !!!                   ESMF_LOGKIND_Multi_On_Error  !!!
20211007 073053.435 INFO             PET3 !!!!!!!!!!!!!!!!!!!!!!!!!!!!!!!!!!!!!!!!!!!!!!!!!!!!!!
20211007 073053.435 INFO             PET3 Running with ESMF Version   : ESMF_8_2_0_beta_snapshot_21
20211007 073053.435 INFO             PET3 ESMF library build date/time: "Oct  7 2021" "06:49:10"
20211007 073053.435 INFO             PET3 ESMF library build location : /scratch/users/mpotts/intel_2019.0.5_intelmpi_g_release_8.2.0
20211007 073053.435 INFO             PET3 ESMF_COMM                   : intelmpi
20211007 073053.436 INFO             PET3 ESMF_MOAB                   : enabled
20211007 073053.436 INFO             PET3 ESMF_LAPACK                 : enabled
20211007 073053.436 INFO             PET3 ESMF_NETCDF                 : enabled
20211007 073053.436 INFO             PET3 ESMF_PNETCDF                : disabled
20211007 073053.436 INFO             PET3 ESMF_PIO                    : enabled
20211007 073053.436 INFO             PET3 ESMF_YAMLCPP                : enabled
20211007 073053.527 WARNING          PET3 ESMF_IOScrip.F90:4704 ESMF_EsmfGetElement Variable centerCoords in data/ne4np4-esmf.nc does not exist
20211007 073053.708 INFO             PET3  NUMBER_OF_PROCESSORS           4
20211007 073053.708 INFO             PET3  PASS  Example ESMF_MeshEx, ESMF_MeshEx.F90, line 1795
20211007 073053.708 INFO             PET3 Finalizing ESMF
