build time -- 2021-10-07 06:52:15
 Application Example 1:
 Application Example 1:
 Application Example 1:
 Application Example 1:
 Comp Create returned, name = Atmosphere Model Gridded Component
 Comp Create returned, name = Atmosphere Model Gridded Component
 Gridded Comp Init starting
 Gridded Comp Init returning
 Comp Create returned, name = Atmosphere Model Gridded Component
 Comp Initialize complete
 Gridded Comp Run starting
 Gridded Comp Run returning
 Comp Create returned, name = Atmosphere Model Gridded Component
 Gridded Comp Run starting
 Gridded Comp Run returning
 Gridded Comp Run starting
 Gridded Comp Run returning
 Gridded Comp Run starting
 Gridded Comp Run returning
 Comp Run complete
 Gridded Comp Final starting
 Gridded Comp Final returning
 Comp Finalize complete
 Gridded Comp Init starting
 Gridded Comp Init returning
 Comp Initialize complete
 Gridded Comp Run starting
 Gridded Comp Run returning
 Gridded Comp Run starting
 Gridded Comp Run returning
 Gridded Comp Run starting
 Gridded Comp Run returning
 Gridded Comp Run starting
 Gridded Comp Run returning
 Comp Run complete
 Destroy calls returned
 Application Example 1 finished
 Gridded Comp Final starting
 Gridded Comp Final returning
 Comp Finalize complete
  PASS  Example ESMF_GCompEx, ESMF_GCompEx.F90, line 465
 Gridded Comp Init starting
 Gridded Comp Init returning
 Comp Initialize complete
 Destroy calls returned
 Application Example 1 finished
 Gridded Comp Run starting
 Gridded Comp Run returning
  PASS  Example ESMF_GCompEx, ESMF_GCompEx.F90, line 465
 Gridded Comp Run starting
 Gridded Comp Run returning
 Gridded Comp Run starting
 Gridded Comp Run returning
 Gridded Comp Run starting
 Gridded Comp Run returning
 Comp Run complete
 Gridded Comp Final starting
 Gridded Comp Final returning
 Comp Finalize complete
 Gridded Comp Init starting
 Gridded Comp Init returning
 Comp Initialize complete
 Gridded Comp Run starting
 Gridded Comp Run returning
 Destroy calls returned
 Application Example 1 finished
  PASS  Example ESMF_GCompEx, ESMF_GCompEx.F90, line 465
 Gridded Comp Run starting
 Gridded Comp Run returning
 Gridded Comp Run starting
 Gridded Comp Run returning
 Gridded Comp Run starting
 Gridded Comp Run returning
 Comp Run complete
 Gridded Comp Final starting
 Gridded Comp Final returning
 Comp Finalize complete
 Destroy calls returned
 Application Example 1 finished
  PASS  Example ESMF_GCompEx, ESMF_GCompEx.F90, line 465
 PASS: ESMF_GCompEx.F90
 PASS: ESMF_GCompEx.F90
 PASS: ESMF_GCompEx.F90
 PASS: ESMF_GCompEx.F90
TOTCPU=21:14:40 ELAP=00:39:50 REQMEM=5875Mc REQCPUS=24 ALLOCCPUS=32 TIMELIMIT=02:30:00 PART=s4 ACCT=star
MAXRSS=50792K MAXVMSIZE=196896K
________________________________________________________________
Job Resource Usage Summary for 11479699

  CPU Time Used : 21:14:40
  Memory Used : 50792K
  Virtual Memory Used : 196896K
  Walltime Used : 00:39:50

  Memory Requested : 5875Mc (n=per node; c=per core)
  CPUs Requested / Allocated : 24 / 32
  Walltime Requested : 02:30:00

  Execution Queue : s4
  Head Node : 
  Charged to : star

  Job Stopped : Thu Oct  7 07:32:05 UTC 2021
_____________________________________________________________________

