build time -- 2022-02-14 23:43:51
20220215 011312.124 INFO             PET0 !!!!!!!!!!!!!!!!!!!!!!!!!!!!!!!!!!!!!!!!!!!!!!!!!!!!!!
20220215 011312.124 INFO             PET0 !!! THE ESMF_LOG IS SET TO OUTPUT ALL LOG MESSAGES !!!
20220215 011312.124 INFO             PET0 !!!     THIS MAY CAUSE SLOWDOWN IN PERFORMANCE     !!!
20220215 011312.124 INFO             PET0 !!! FOR PRODUCTION RUNS, USE:                      !!!
20220215 011312.124 INFO             PET0 !!!                   ESMF_LOGKIND_Multi_On_Error  !!!
20220215 011312.124 INFO             PET0 !!!!!!!!!!!!!!!!!!!!!!!!!!!!!!!!!!!!!!!!!!!!!!!!!!!!!!
20220215 011312.124 INFO             PET0 Running with ESMF Version   : 8.3.0 beta snapshot
20220215 011312.124 INFO             PET0 ESMF library build date/time: "Feb 14 2022" "23:42:06"
20220215 011312.124 INFO             PET0 ESMF library build location : /lustre/f2/dev/ncep/Mark.Potts/gfortran_8.3.0_mpi_g_jedwards_pio_update
20220215 011312.124 INFO             PET0 ESMF_COMM                   : mpi
20220215 011312.125 INFO             PET0 ESMF_MOAB                   : enabled
20220215 011312.125 INFO             PET0 ESMF_LAPACK                 : enabled
20220215 011312.125 INFO             PET0 ESMF_NETCDF                 : enabled
20220215 011312.125 INFO             PET0 ESMF_PNETCDF                : disabled
20220215 011312.125 INFO             PET0 ESMF_PIO                    : enabled
20220215 011312.125 INFO             PET0 ESMF_YAMLCPP                : enabled
20220215 011312.152 INFO             PET0  NUMBER_OF_PROCESSORS           4
20220215 011312.152 INFO             PET0  PASS  Example ESMF_VMUserMpiCommMultiEx, ESMF_VMUserMpiCommMultiEx.F90, line 126
20220215 011312.152 INFO             PET0 Finalizing ESMF
20220215 011312.152 INFO             PET0 ESMCI_IO_Handler.C:330 ESMCI::IO_Handler::finalize() 
20220215 011312.152 INFO             PET0 ESMCI_PIO_Handler.C:347 ESMCI::PIO_Handler::finalize() 
20220215 011312.152 INFO             PET0 ESMCI_IO_Handler.C:332 ESMCI::IO_Handler::finalize() after finalize, localrc = 0
20220215 011312.152 INFO             PET0 ESMCI_IO_Handler.C:355 ESMCI::IO_Handler::finalize() before return, localrc = 0
20220215 011312.118 INFO             PET0 !!!!!!!!!!!!!!!!!!!!!!!!!!!!!!!!!!!!!!!!!!!!!!!!!!!!!!
20220215 011312.118 INFO             PET0 !!! THE ESMF_LOG IS SET TO OUTPUT ALL LOG MESSAGES !!!
20220215 011312.118 INFO             PET0 !!!     THIS MAY CAUSE SLOWDOWN IN PERFORMANCE     !!!
20220215 011312.118 INFO             PET0 !!! FOR PRODUCTION RUNS, USE:                      !!!
20220215 011312.118 INFO             PET0 !!!                   ESMF_LOGKIND_Multi_On_Error  !!!
20220215 011312.118 INFO             PET0 !!!!!!!!!!!!!!!!!!!!!!!!!!!!!!!!!!!!!!!!!!!!!!!!!!!!!!
20220215 011312.118 INFO             PET0 Running with ESMF Version   : 8.3.0 beta snapshot
20220215 011312.118 INFO             PET0 ESMF library build date/time: "Feb 14 2022" "23:42:06"
20220215 011312.118 INFO             PET0 ESMF library build location : /lustre/f2/dev/ncep/Mark.Potts/gfortran_8.3.0_mpi_g_jedwards_pio_update
20220215 011312.118 INFO             PET0 ESMF_COMM                   : mpi
20220215 011312.120 INFO             PET0 ESMF_MOAB                   : enabled
20220215 011312.120 INFO             PET0 ESMF_LAPACK                 : enabled
20220215 011312.120 INFO             PET0 ESMF_NETCDF                 : enabled
20220215 011312.120 INFO             PET0 ESMF_PNETCDF                : disabled
20220215 011312.120 INFO             PET0 ESMF_PIO                    : enabled
20220215 011312.120 INFO             PET0 ESMF_YAMLCPP                : enabled
20220215 011312.120 INFO             PET0  NUMBER_OF_PROCESSORS           4
20220215 011312.120 INFO             PET0  PASS  Example ESMF_VMUserMpiCommMultiEx, ESMF_VMUserMpiCommMultiEx.F90, line 154
20220215 011312.120 INFO             PET0 Finalizing ESMF
20220215 011312.120 INFO             PET0 ESMCI_IO_Handler.C:330 ESMCI::IO_Handler::finalize() 
20220215 011312.120 INFO             PET0 ESMCI_PIO_Handler.C:347 ESMCI::PIO_Handler::finalize() 
20220215 011312.120 INFO             PET0 ESMCI_IO_Handler.C:332 ESMCI::IO_Handler::finalize() after finalize, localrc = 0
20220215 011312.120 INFO             PET0 ESMCI_IO_Handler.C:355 ESMCI::IO_Handler::finalize() before return, localrc = 0
20220215 011312.152 INFO             PET1 !!!!!!!!!!!!!!!!!!!!!!!!!!!!!!!!!!!!!!!!!!!!!!!!!!!!!!
20220215 011312.152 INFO             PET1 !!! THE ESMF_LOG IS SET TO OUTPUT ALL LOG MESSAGES !!!
20220215 011312.152 INFO             PET1 !!!     THIS MAY CAUSE SLOWDOWN IN PERFORMANCE     !!!
20220215 011312.152 INFO             PET1 !!! FOR PRODUCTION RUNS, USE:                      !!!
20220215 011312.152 INFO             PET1 !!!                   ESMF_LOGKIND_Multi_On_Error  !!!
20220215 011312.152 INFO             PET1 !!!!!!!!!!!!!!!!!!!!!!!!!!!!!!!!!!!!!!!!!!!!!!!!!!!!!!
20220215 011312.152 INFO             PET1 Running with ESMF Version   : 8.3.0 beta snapshot
20220215 011312.152 INFO             PET1 ESMF library build date/time: "Feb 14 2022" "23:42:06"
20220215 011312.152 INFO             PET1 ESMF library build location : /lustre/f2/dev/ncep/Mark.Potts/gfortran_8.3.0_mpi_g_jedwards_pio_update
20220215 011312.152 INFO             PET1 ESMF_COMM                   : mpi
20220215 011312.152 INFO             PET1 ESMF_MOAB                   : enabled
20220215 011312.152 INFO             PET1 ESMF_LAPACK                 : enabled
20220215 011312.152 INFO             PET1 ESMF_NETCDF                 : enabled
20220215 011312.152 INFO             PET1 ESMF_PNETCDF                : disabled
20220215 011312.152 INFO             PET1 ESMF_PIO                    : enabled
20220215 011312.152 INFO             PET1 ESMF_YAMLCPP                : enabled
20220215 011312.152 INFO             PET1  NUMBER_OF_PROCESSORS           4
20220215 011312.152 INFO             PET1  PASS  Example ESMF_VMUserMpiCommMultiEx, ESMF_VMUserMpiCommMultiEx.F90, line 126
20220215 011312.152 INFO             PET1 Finalizing ESMF
20220215 011312.152 INFO             PET1 ESMCI_IO_Handler.C:330 ESMCI::IO_Handler::finalize() 
20220215 011312.152 INFO             PET1 ESMCI_PIO_Handler.C:347 ESMCI::PIO_Handler::finalize() 
20220215 011312.152 INFO             PET1 ESMCI_IO_Handler.C:332 ESMCI::IO_Handler::finalize() after finalize, localrc = 0
20220215 011312.152 INFO             PET1 ESMCI_IO_Handler.C:355 ESMCI::IO_Handler::finalize() before return, localrc = 0
20220215 011312.113 INFO             PET1 !!!!!!!!!!!!!!!!!!!!!!!!!!!!!!!!!!!!!!!!!!!!!!!!!!!!!!
20220215 011312.113 INFO             PET1 !!! THE ESMF_LOG IS SET TO OUTPUT ALL LOG MESSAGES !!!
20220215 011312.113 INFO             PET1 !!!     THIS MAY CAUSE SLOWDOWN IN PERFORMANCE     !!!
20220215 011312.113 INFO             PET1 !!! FOR PRODUCTION RUNS, USE:                      !!!
20220215 011312.113 INFO             PET1 !!!                   ESMF_LOGKIND_Multi_On_Error  !!!
20220215 011312.113 INFO             PET1 !!!!!!!!!!!!!!!!!!!!!!!!!!!!!!!!!!!!!!!!!!!!!!!!!!!!!!
20220215 011312.113 INFO             PET1 Running with ESMF Version   : 8.3.0 beta snapshot
20220215 011312.113 INFO             PET1 ESMF library build date/time: "Feb 14 2022" "23:42:06"
20220215 011312.113 INFO             PET1 ESMF library build location : /lustre/f2/dev/ncep/Mark.Potts/gfortran_8.3.0_mpi_g_jedwards_pio_update
20220215 011312.113 INFO             PET1 ESMF_COMM                   : mpi
20220215 011312.114 INFO             PET1 ESMF_MOAB                   : enabled
20220215 011312.114 INFO             PET1 ESMF_LAPACK                 : enabled
20220215 011312.114 INFO             PET1 ESMF_NETCDF                 : enabled
20220215 011312.114 INFO             PET1 ESMF_PNETCDF                : disabled
20220215 011312.114 INFO             PET1 ESMF_PIO                    : enabled
20220215 011312.114 INFO             PET1 ESMF_YAMLCPP                : enabled
20220215 011312.120 INFO             PET1  NUMBER_OF_PROCESSORS           4
20220215 011312.120 INFO             PET1  PASS  Example ESMF_VMUserMpiCommMultiEx, ESMF_VMUserMpiCommMultiEx.F90, line 154
20220215 011312.120 INFO             PET1 Finalizing ESMF
20220215 011312.120 INFO             PET1 ESMCI_IO_Handler.C:330 ESMCI::IO_Handler::finalize() 
20220215 011312.120 INFO             PET1 ESMCI_PIO_Handler.C:347 ESMCI::PIO_Handler::finalize() 
20220215 011312.120 INFO             PET1 ESMCI_IO_Handler.C:332 ESMCI::IO_Handler::finalize() after finalize, localrc = 0
20220215 011312.120 INFO             PET1 ESMCI_IO_Handler.C:355 ESMCI::IO_Handler::finalize() before return, localrc = 0
