build time -- 2022-02-21 23:45:14
20220222 011940.774 INFO             PET0 !!!!!!!!!!!!!!!!!!!!!!!!!!!!!!!!!!!!!!!!!!!!!!!!!!!!!!
20220222 011940.775 INFO             PET0 !!! THE ESMF_LOG IS SET TO OUTPUT ALL LOG MESSAGES !!!
20220222 011940.775 INFO             PET0 !!!     THIS MAY CAUSE SLOWDOWN IN PERFORMANCE     !!!
20220222 011940.775 INFO             PET0 !!! FOR PRODUCTION RUNS, USE:                      !!!
20220222 011940.776 INFO             PET0 !!!                   ESMF_LOGKIND_Multi_On_Error  !!!
20220222 011940.776 INFO             PET0 !!!!!!!!!!!!!!!!!!!!!!!!!!!!!!!!!!!!!!!!!!!!!!!!!!!!!!
20220222 011940.776 INFO             PET0 Running with ESMF Version   : ESMF_8_3_0_beta_snapshot_06-85-gae1d61de23
20220222 011940.776 INFO             PET0 ESMF library build date/time: "Feb 21 2022" "23:43:23"
20220222 011940.776 INFO             PET0 ESMF library build location : /lustre/f2/dev/ncep/Mark.Potts/gfortran_8.3.0_mpi_g_jedwards_pio_update
20220222 011940.776 INFO             PET0 ESMF_COMM                   : mpi
20220222 011940.777 INFO             PET0 ESMF_MOAB                   : enabled
20220222 011940.777 INFO             PET0 ESMF_LAPACK                 : enabled
20220222 011940.777 INFO             PET0 ESMF_NETCDF                 : enabled
20220222 011940.777 INFO             PET0 ESMF_PNETCDF                : disabled
20220222 011940.777 INFO             PET0 ESMF_PIO                    : enabled
20220222 011940.777 INFO             PET0 ESMF_YAMLCPP                : enabled
20220222 011940.782 INFO             PET0  NUMBER_OF_PROCESSORS           1
20220222 011940.782 INFO             PET0  PASS  Example ESMF_ClockEx, ESMF_ClockEx.F90, line 220
20220222 011940.782 INFO             PET0 Finalizing ESMF
20220222 011940.783 INFO             PET0 ESMCI_IO_Handler.C:330 ESMCI::IO_Handler::finalize() 
20220222 011940.784 INFO             PET0 ESMCI_PIO_Handler.C:347 ESMCI::PIO_Handler::finalize() 
20220222 011940.785 INFO             PET0 ESMCI_IO_Handler.C:332 ESMCI::IO_Handler::finalize() after finalize, localrc = 0
20220222 011940.785 INFO             PET0 ESMCI_IO_Handler.C:355 ESMCI::IO_Handler::finalize() before return, localrc = 0
