build time -- 2022-02-01 23:36:47
20220202 010214.750 INFO             PET0 !!!!!!!!!!!!!!!!!!!!!!!!!!!!!!!!!!!!!!!!!!!!!!!!!!!!!!
20220202 010214.750 INFO             PET0 !!! THE ESMF_LOG IS SET TO OUTPUT ALL LOG MESSAGES !!!
20220202 010214.750 INFO             PET0 !!!     THIS MAY CAUSE SLOWDOWN IN PERFORMANCE     !!!
20220202 010214.750 INFO             PET0 !!! FOR PRODUCTION RUNS, USE:                      !!!
20220202 010214.750 INFO             PET0 !!!                   ESMF_LOGKIND_Multi_On_Error  !!!
20220202 010214.750 INFO             PET0 !!!!!!!!!!!!!!!!!!!!!!!!!!!!!!!!!!!!!!!!!!!!!!!!!!!!!!
20220202 010214.750 INFO             PET0 Running with ESMF Version   : 8.3.0 beta snapshot
20220202 010214.750 INFO             PET0 ESMF library build date/time: "Feb  1 2022" "23:35:09"
20220202 010214.750 INFO             PET0 ESMF library build location : /lustre/f2/dev/ncep/Mark.Potts/gfortran_8.3.0_mpi_g_jedwards_pio_update
20220202 010214.750 INFO             PET0 ESMF_COMM                   : mpi
20220202 010214.751 INFO             PET0 ESMF_MOAB                   : enabled
20220202 010214.751 INFO             PET0 ESMF_LAPACK                 : enabled
20220202 010214.751 INFO             PET0 ESMF_NETCDF                 : enabled
20220202 010214.751 INFO             PET0 ESMF_PNETCDF                : disabled
20220202 010214.751 INFO             PET0 ESMF_PIO                    : enabled
20220202 010214.751 INFO             PET0 ESMF_YAMLCPP                : enabled
20220202 010214.834 INFO             PET0  NUMBER_OF_PROCESSORS           4
20220202 010214.834 INFO             PET0  PASS  Example ESMF_NUOPCBasicModelEx, ESMF_NUOPCBasicModelEx.F90, line 339
20220202 010214.834 INFO             PET0 Finalizing ESMF
20220202 010214.834 INFO             PET0 ESMCI_IO_Handler.C:330 ESMCI::IO_Handler::finalize() 
20220202 010214.834 INFO             PET0 ESMCI_PIO_Handler.C:348 ESMCI::PIO_Handler::finalize() 
20220202 010214.834 INFO             PET0 ESMCI_IO_Handler.C:332 ESMCI::IO_Handler::finalize() after finalize, localrc = 0
20220202 010214.834 INFO             PET0 ESMCI_IO_Handler.C:355 ESMCI::IO_Handler::finalize() before return, localrc = 0
20220202 010214.745 INFO             PET1 !!!!!!!!!!!!!!!!!!!!!!!!!!!!!!!!!!!!!!!!!!!!!!!!!!!!!!
20220202 010214.745 INFO             PET1 !!! THE ESMF_LOG IS SET TO OUTPUT ALL LOG MESSAGES !!!
20220202 010214.745 INFO             PET1 !!!     THIS MAY CAUSE SLOWDOWN IN PERFORMANCE     !!!
20220202 010214.745 INFO             PET1 !!! FOR PRODUCTION RUNS, USE:                      !!!
20220202 010214.745 INFO             PET1 !!!                   ESMF_LOGKIND_Multi_On_Error  !!!
20220202 010214.745 INFO             PET1 !!!!!!!!!!!!!!!!!!!!!!!!!!!!!!!!!!!!!!!!!!!!!!!!!!!!!!
20220202 010214.745 INFO             PET1 Running with ESMF Version   : 8.3.0 beta snapshot
20220202 010214.745 INFO             PET1 ESMF library build date/time: "Feb  1 2022" "23:35:09"
20220202 010214.745 INFO             PET1 ESMF library build location : /lustre/f2/dev/ncep/Mark.Potts/gfortran_8.3.0_mpi_g_jedwards_pio_update
20220202 010214.745 INFO             PET1 ESMF_COMM                   : mpi
20220202 010214.746 INFO             PET1 ESMF_MOAB                   : enabled
20220202 010214.746 INFO             PET1 ESMF_LAPACK                 : enabled
20220202 010214.746 INFO             PET1 ESMF_NETCDF                 : enabled
20220202 010214.746 INFO             PET1 ESMF_PNETCDF                : disabled
20220202 010214.746 INFO             PET1 ESMF_PIO                    : enabled
20220202 010214.746 INFO             PET1 ESMF_YAMLCPP                : enabled
20220202 010214.834 INFO             PET1  NUMBER_OF_PROCESSORS           4
20220202 010214.834 INFO             PET1  PASS  Example ESMF_NUOPCBasicModelEx, ESMF_NUOPCBasicModelEx.F90, line 339
20220202 010214.834 INFO             PET1 Finalizing ESMF
20220202 010214.834 INFO             PET1 ESMCI_IO_Handler.C:330 ESMCI::IO_Handler::finalize() 
20220202 010214.834 INFO             PET1 ESMCI_PIO_Handler.C:348 ESMCI::PIO_Handler::finalize() 
20220202 010214.834 INFO             PET1 ESMCI_IO_Handler.C:332 ESMCI::IO_Handler::finalize() after finalize, localrc = 0
20220202 010214.834 INFO             PET1 ESMCI_IO_Handler.C:355 ESMCI::IO_Handler::finalize() before return, localrc = 0
20220202 010214.754 INFO             PET2 !!!!!!!!!!!!!!!!!!!!!!!!!!!!!!!!!!!!!!!!!!!!!!!!!!!!!!
20220202 010214.754 INFO             PET2 !!! THE ESMF_LOG IS SET TO OUTPUT ALL LOG MESSAGES !!!
20220202 010214.754 INFO             PET2 !!!     THIS MAY CAUSE SLOWDOWN IN PERFORMANCE     !!!
20220202 010214.754 INFO             PET2 !!! FOR PRODUCTION RUNS, USE:                      !!!
20220202 010214.754 INFO             PET2 !!!                   ESMF_LOGKIND_Multi_On_Error  !!!
20220202 010214.754 INFO             PET2 !!!!!!!!!!!!!!!!!!!!!!!!!!!!!!!!!!!!!!!!!!!!!!!!!!!!!!
20220202 010214.754 INFO             PET2 Running with ESMF Version   : 8.3.0 beta snapshot
20220202 010214.754 INFO             PET2 ESMF library build date/time: "Feb  1 2022" "23:35:09"
20220202 010214.754 INFO             PET2 ESMF library build location : /lustre/f2/dev/ncep/Mark.Potts/gfortran_8.3.0_mpi_g_jedwards_pio_update
20220202 010214.754 INFO             PET2 ESMF_COMM                   : mpi
20220202 010214.754 INFO             PET2 ESMF_MOAB                   : enabled
20220202 010214.754 INFO             PET2 ESMF_LAPACK                 : enabled
20220202 010214.754 INFO             PET2 ESMF_NETCDF                 : enabled
20220202 010214.754 INFO             PET2 ESMF_PNETCDF                : disabled
20220202 010214.754 INFO             PET2 ESMF_PIO                    : enabled
20220202 010214.754 INFO             PET2 ESMF_YAMLCPP                : enabled
20220202 010214.834 INFO             PET2  NUMBER_OF_PROCESSORS           4
20220202 010214.834 INFO             PET2  PASS  Example ESMF_NUOPCBasicModelEx, ESMF_NUOPCBasicModelEx.F90, line 339
20220202 010214.834 INFO             PET2 Finalizing ESMF
20220202 010214.834 INFO             PET2 ESMCI_IO_Handler.C:330 ESMCI::IO_Handler::finalize() 
20220202 010214.834 INFO             PET2 ESMCI_PIO_Handler.C:348 ESMCI::PIO_Handler::finalize() 
20220202 010214.834 INFO             PET2 ESMCI_IO_Handler.C:332 ESMCI::IO_Handler::finalize() after finalize, localrc = 0
20220202 010214.834 INFO             PET2 ESMCI_IO_Handler.C:355 ESMCI::IO_Handler::finalize() before return, localrc = 0
20220202 010214.748 INFO             PET3 !!!!!!!!!!!!!!!!!!!!!!!!!!!!!!!!!!!!!!!!!!!!!!!!!!!!!!
20220202 010214.748 INFO             PET3 !!! THE ESMF_LOG IS SET TO OUTPUT ALL LOG MESSAGES !!!
20220202 010214.748 INFO             PET3 !!!     THIS MAY CAUSE SLOWDOWN IN PERFORMANCE     !!!
20220202 010214.748 INFO             PET3 !!! FOR PRODUCTION RUNS, USE:                      !!!
20220202 010214.748 INFO             PET3 !!!                   ESMF_LOGKIND_Multi_On_Error  !!!
20220202 010214.748 INFO             PET3 !!!!!!!!!!!!!!!!!!!!!!!!!!!!!!!!!!!!!!!!!!!!!!!!!!!!!!
20220202 010214.748 INFO             PET3 Running with ESMF Version   : 8.3.0 beta snapshot
20220202 010214.748 INFO             PET3 ESMF library build date/time: "Feb  1 2022" "23:35:09"
20220202 010214.748 INFO             PET3 ESMF library build location : /lustre/f2/dev/ncep/Mark.Potts/gfortran_8.3.0_mpi_g_jedwards_pio_update
20220202 010214.748 INFO             PET3 ESMF_COMM                   : mpi
20220202 010214.748 INFO             PET3 ESMF_MOAB                   : enabled
20220202 010214.748 INFO             PET3 ESMF_LAPACK                 : enabled
20220202 010214.748 INFO             PET3 ESMF_NETCDF                 : enabled
20220202 010214.748 INFO             PET3 ESMF_PNETCDF                : disabled
20220202 010214.748 INFO             PET3 ESMF_PIO                    : enabled
20220202 010214.748 INFO             PET3 ESMF_YAMLCPP                : enabled
20220202 010214.834 INFO             PET3  NUMBER_OF_PROCESSORS           4
20220202 010214.834 INFO             PET3  PASS  Example ESMF_NUOPCBasicModelEx, ESMF_NUOPCBasicModelEx.F90, line 339
20220202 010214.834 INFO             PET3 Finalizing ESMF
20220202 010214.834 INFO             PET3 ESMCI_IO_Handler.C:330 ESMCI::IO_Handler::finalize() 
20220202 010214.834 INFO             PET3 ESMCI_PIO_Handler.C:348 ESMCI::PIO_Handler::finalize() 
20220202 010214.834 INFO             PET3 ESMCI_IO_Handler.C:332 ESMCI::IO_Handler::finalize() after finalize, localrc = 0
20220202 010214.834 INFO             PET3 ESMCI_IO_Handler.C:355 ESMCI::IO_Handler::finalize() before return, localrc = 0
