build time -- 2021-10-28 06:19:10
  PASS  Example ESMF_GridCreateRegFromDGEx, ESMF_GridCreateRegFromDGEx.F90, line
  112
  PASS  Example ESMF_GridCreateRegFromDGEx, ESMF_GridCreateRegFromDGEx.F90, line
  112
  PASS  Example ESMF_GridCreateRegFromDGEx, ESMF_GridCreateRegFromDGEx.F90, line
  112
  PASS  Example ESMF_GridCreateRegFromDGEx, ESMF_GridCreateRegFromDGEx.F90, line
  112
 PASS: ESMF_GridCreateRegFromDGEx.F90
 PASS: ESMF_GridCreateRegFromDGEx.F90
 PASS: ESMF_GridCreateRegFromDGEx.F90
 PASS: ESMF_GridCreateRegFromDGEx.F90
TOTCPU=16:47:28 ELAP=00:31:29 REQMEM=5875Mc REQCPUS=24 ALLOCCPUS=32 TIMELIMIT=02:30:00 PART=s4 ACCT=star
MAXRSS=0 MAXVMSIZE=2185264K
________________________________________________________________
Job Resource Usage Summary for 11573701

  CPU Time Used : 16:47:28
  Memory Used : 0
  Virtual Memory Used : 2185264K
  Walltime Used : 00:31:29

  Memory Requested : 5875Mc (n=per node; c=per core)
  CPUs Requested / Allocated : 24 / 32
  Walltime Requested : 02:30:00

  Execution Queue : s4
  Head Node : 
  Charged to : star

  Job Stopped : Thu Oct 28 06:50:40 UTC 2021
_____________________________________________________________________

