build time -- 2021-10-27 06:28:01
   12.4500000000000        12.4500000000000        12.4500000000000     
   12.4500000000000        12.4500000000000        12.4500000000000     
   12.4500000000000        12.4500000000000        12.4500000000000     
   12.4500000000000        12.4500000000000        12.4500000000000     
   12.4500000000000        12.4500000000000        12.4500000000000     
   12.4500000000000        12.4500000000000        12.4500000000000     
   12.4500000000000        12.4500000000000        12.4500000000000     
   12.4500000000000        12.4500000000000        12.4500000000000     
   12.4500000000000        12.4500000000000        12.4500000000000     
   12.4500000000000        12.4500000000000        12.4500000000000     
   12.4500000000000        12.4500000000000        12.4500000000000     
   12.4500000000000        12.4500000000000        12.4500000000000     
   12.4500000000000        12.4500000000000        12.4500000000000     
   12.4500000000000        12.4500000000000        12.4500000000000     
   12.4500000000000        12.4500000000000        12.4500000000000     
   12.4500000000000        12.4500000000000        12.4500000000000     
   12.4500000000000        12.4500000000000        12.4500000000000     
   12.4500000000000        12.4500000000000        12.4500000000000     
   12.4500000000000        12.4500000000000        12.4500000000000     
   12.4500000000000        12.4500000000000        12.4500000000000     
   12.4500000000000        12.4500000000000        12.4500000000000     
   12.4500000000000        12.4500000000000        12.4500000000000     
   12.4500000000000        12.4500000000000        12.4500000000000     
   12.4500000000000        12.4500000000000        12.4500000000000     
   12.4500000000000        12.4500000000000        12.4500000000000     
   12.4500000000000        12.4500000000000        12.4500000000000     
   12.4500000000000        12.4500000000000        12.4500000000000     
   12.4500000000000        12.4500000000000        12.4500000000000     
   12.4500000000000        12.4500000000000        12.4500000000000     
   12.4500000000000        12.4500000000000        12.4500000000000     
   12.4500000000000        12.4500000000000        12.4500000000000     
   12.4500000000000        12.4500000000000        12.4500000000000     
   12.4500000000000        12.4500000000000        12.4500000000000     
   12.4500000000000        12.4500000000000        12.4500000000000     
   12.4500000000000        12.4500000000000        12.4500000000000     
   12.4500000000000        12.4500000000000        12.4500000000000     
   12.4500000000000        12.4500000000000        12.4500000000000     
   12.4500000000000        12.4500000000000        12.4500000000000     
   12.4500000000000        12.4500000000000        12.4500000000000     
   12.4500000000000        12.4500000000000        12.4500000000000     
   12.4500000000000        12.4500000000000        12.4500000000000     
   12.4500000000000        12.4500000000000        12.4500000000000     
   12.4500000000000        12.4500000000000        12.4500000000000     
   12.4500000000000        12.4500000000000        12.4500000000000     
   12.4500000000000        12.4500000000000        12.4500000000000     
   12.4500000000000        12.4500000000000        12.4500000000000     
   12.4500000000000        12.4500000000000        12.4500000000000     
   12.4500000000000        12.4500000000000        12.4500000000000     
   12.4500000000000        12.4500000000000        12.4500000000000     
   12.4500000000000        12.4500000000000        12.4500000000000     
   12.4500000000000        12.4500000000000        12.4500000000000     
   12.4500000000000        12.4500000000000        12.4500000000000     
   12.4500000000000        12.4500000000000        12.4500000000000     
   12.4500000000000        12.4500000000000        12.4500000000000     
   12.4500000000000        12.4500000000000        12.4500000000000     
   12.4500000000000        12.4500000000000        12.4500000000000     
   12.4500000000000        12.4500000000000        12.4500000000000     
   12.4500000000000        12.4500000000000        12.4500000000000     
   12.4500000000000        12.4500000000000        12.4500000000000     
   12.4500000000000        12.4500000000000        12.4500000000000     
   12.4500000000000        12.4500000000000        12.4500000000000     
   12.4500000000000        12.4500000000000        12.4500000000000     
   12.4500000000000        12.4500000000000        12.4500000000000     
   12.4500000000000        12.4500000000000        12.4500000000000     
   12.4500000000000        12.4500000000000        12.4500000000000     
   12.4500000000000        12.4500000000000        12.4500000000000     
   12.4500000000000        12.4500000000000        12.4500000000000     
   12.4500000000000        12.4500000000000        12.4500000000000     
   12.4500000000000     
   12.4500000000000        12.4500000000000        12.4500000000000     
   12.4500000000000        12.4500000000000        12.4500000000000     
   12.4500000000000        12.4500000000000        12.4500000000000     
   12.4500000000000        12.4500000000000        12.4500000000000     
   12.4500000000000        12.4500000000000        12.4500000000000     
   12.4500000000000        12.4500000000000        12.4500000000000     
   12.4500000000000        12.4500000000000        12.4500000000000     
   12.4500000000000        12.4500000000000        12.4500000000000     
   12.4500000000000        12.4500000000000        12.4500000000000     
   12.4500000000000        12.4500000000000        12.4500000000000     
   12.4500000000000        12.4500000000000        12.4500000000000     
   12.4500000000000        12.4500000000000        12.4500000000000     
   12.4500000000000        12.4500000000000        12.4500000000000     
   12.4500000000000        12.4500000000000        12.4500000000000     
   12.4500000000000        12.4500000000000        12.4500000000000     
   12.4500000000000        12.4500000000000        12.4500000000000     
   12.4500000000000        12.4500000000000        12.4500000000000     
   12.4500000000000        12.4500000000000        12.4500000000000     
   12.4500000000000        12.4500000000000        12.4500000000000     
   12.4500000000000        12.4500000000000        12.4500000000000     
   12.4500000000000        12.4500000000000        12.4500000000000     
   12.4500000000000        12.4500000000000        12.4500000000000     
   12.4500000000000        12.4500000000000        12.4500000000000     
   12.4500000000000        12.4500000000000        12.4500000000000     
   12.4500000000000        12.4500000000000        12.4500000000000     
   12.4500000000000        12.4500000000000        12.4500000000000     
   12.4500000000000        12.4500000000000        12.4500000000000     
   12.4500000000000        12.4500000000000        12.4500000000000     
   12.4500000000000        12.4500000000000        12.4500000000000     
   12.4500000000000        12.4500000000000        12.4500000000000     
   12.4500000000000        12.4500000000000        12.4500000000000     
   12.4500000000000        12.4500000000000        12.4500000000000     
   12.4500000000000        12.4500000000000        12.4500000000000     
   12.4500000000000     
   12.4500000000000        12.4500000000000        12.4500000000000     
   12.4500000000000        12.4500000000000        12.4500000000000     
   12.4500000000000        12.4500000000000        12.4500000000000     
   12.4500000000000        12.4500000000000        12.4500000000000     
   12.4500000000000        12.4500000000000        12.4500000000000     
   12.4500000000000        12.4500000000000        12.4500000000000     
   12.4500000000000        12.4500000000000        12.4500000000000     
   12.4500000000000        12.4500000000000        12.4500000000000     
   12.4500000000000        12.4500000000000        12.4500000000000     
   12.4500000000000        12.4500000000000        12.4500000000000     
   12.4500000000000        12.4500000000000        12.4500000000000     
   12.4500000000000        12.4500000000000        12.4500000000000     
   12.4500000000000        12.4500000000000        12.4500000000000     
   12.4500000000000        12.4500000000000        12.4500000000000     
   12.4500000000000        12.4500000000000        12.4500000000000     
   12.4500000000000        12.4500000000000        12.4500000000000     
   12.4500000000000        12.4500000000000        12.4500000000000     
   12.4500000000000        12.4500000000000        12.4500000000000     
   12.4500000000000        12.4500000000000        12.4500000000000     
   12.4500000000000        12.4500000000000        12.4500000000000     
   12.4500000000000        12.4500000000000        12.4500000000000     
   12.4500000000000        12.4500000000000        12.4500000000000     
   12.4500000000000        12.4500000000000        12.4500000000000     
   12.4500000000000        12.4500000000000        12.4500000000000     
   12.4500000000000        12.4500000000000        12.4500000000000     
   12.4500000000000        12.4500000000000        12.4500000000000     
   12.4500000000000        12.4500000000000        12.4500000000000     
   12.4500000000000        12.4500000000000        12.4500000000000     
   12.4500000000000        12.4500000000000        12.4500000000000     
   12.4500000000000        12.4500000000000        12.4500000000000     
   12.4500000000000        12.4500000000000        12.4500000000000     
   12.4500000000000        12.4500000000000        12.4500000000000     
   12.4500000000000        12.4500000000000        12.4500000000000     
   12.4500000000000        12.4500000000000        12.4500000000000     
   12.4500000000000        12.4500000000000        12.4500000000000     
   12.4500000000000        12.4500000000000        12.4500000000000     
   12.4500000000000        12.4500000000000        12.4500000000000     
   12.4500000000000     
   12.4500000000000        12.4500000000000        12.4500000000000     
   12.4500000000000        12.4500000000000        12.4500000000000     
   12.4500000000000        12.4500000000000        12.4500000000000     
   12.4500000000000        12.4500000000000        12.4500000000000     
   12.4500000000000        12.4500000000000        12.4500000000000     
   12.4500000000000        12.4500000000000        12.4500000000000     
   12.4500000000000        12.4500000000000        12.4500000000000     
   12.4500000000000        12.4500000000000        12.4500000000000     
   12.4500000000000        12.4500000000000        12.4500000000000     
   12.4500000000000        12.4500000000000        12.4500000000000     
   12.4500000000000        12.4500000000000        12.4500000000000     
   12.4500000000000        12.4500000000000        12.4500000000000     
   12.4500000000000        12.4500000000000        12.4500000000000     
   12.4500000000000        12.4500000000000        12.4500000000000     
   12.4500000000000        12.4500000000000        12.4500000000000     
   12.4500000000000        12.4500000000000        12.4500000000000     
   12.4500000000000        12.4500000000000        12.4500000000000     
   12.4500000000000        12.4500000000000        12.4500000000000     
   12.4500000000000        12.4500000000000        12.4500000000000     
   12.4500000000000        12.4500000000000        12.4500000000000     
   12.4500000000000        12.4500000000000        12.4500000000000     
   12.4500000000000        12.4500000000000        12.4500000000000     
   12.4500000000000        12.4500000000000        12.4500000000000     
   12.4500000000000        12.4500000000000        12.4500000000000     
   12.4500000000000        12.4500000000000        12.4500000000000     
   12.4500000000000        12.4500000000000        12.4500000000000     
   12.4500000000000        12.4500000000000        12.4500000000000     
   12.4500000000000     
   12.4500000000000        12.4500000000000        12.4500000000000     
   12.4500000000000        12.4500000000000        12.4500000000000     
   12.4500000000000        12.4500000000000        12.4500000000000     
   12.4500000000000        12.4500000000000        12.4500000000000     
   12.4500000000000        12.4500000000000        12.4500000000000     
   12.4500000000000        12.4500000000000        12.4500000000000     
   12.4500000000000        12.4500000000000        12.4500000000000     
   12.4500000000000        12.4500000000000        12.4500000000000     
   12.4500000000000        12.4500000000000        12.4500000000000     
   12.4500000000000        12.4500000000000        12.4500000000000     
   12.4500000000000        12.4500000000000        12.4500000000000     
   12.4500000000000        12.4500000000000        12.4500000000000     
   12.4500000000000        12.4500000000000        12.4500000000000     
   12.4500000000000        12.4500000000000        12.4500000000000     
   12.4500000000000        12.4500000000000        12.4500000000000     
   12.4500000000000        12.4500000000000        12.4500000000000     
   12.4500000000000        12.4500000000000        12.4500000000000     
   12.4500000000000        12.4500000000000        12.4500000000000     
   12.4500000000000        12.4500000000000        12.4500000000000     
   12.4500000000000        12.4500000000000        12.4500000000000     
   12.4500000000000        12.4500000000000        12.4500000000000     
   12.4500000000000        12.4500000000000        12.4500000000000     
   12.4500000000000        12.4500000000000        12.4500000000000     
   12.4500000000000        12.4500000000000        12.4500000000000     
   12.4500000000000        12.4500000000000        12.4500000000000     
   12.4500000000000        12.4500000000000        12.4500000000000     
   12.4500000000000        12.4500000000000        12.4500000000000     
   12.4500000000000        12.4500000000000        12.4500000000000     
   12.4500000000000        12.4500000000000        12.4500000000000     
   12.4500000000000        12.4500000000000        12.4500000000000     
   12.4500000000000        12.4500000000000        12.4500000000000     
   12.4500000000000        12.4500000000000        12.4500000000000     
   12.4500000000000        12.4500000000000        12.4500000000000     
   12.4500000000000     
   12.4500000000000        12.4500000000000        12.4500000000000     
   12.4500000000000        12.4500000000000        12.4500000000000     
   12.4500000000000        12.4500000000000        12.4500000000000     
   12.4500000000000        12.4500000000000        12.4500000000000     
   12.4500000000000        12.4500000000000        12.4500000000000     
   12.4500000000000        12.4500000000000        12.4500000000000     
   12.4500000000000        12.4500000000000        12.4500000000000     
   12.4500000000000        12.4500000000000        12.4500000000000     
   12.4500000000000        12.4500000000000        12.4500000000000     
   12.4500000000000        12.4500000000000        12.4500000000000     
   12.4500000000000        12.4500000000000        12.4500000000000     
   12.4500000000000        12.4500000000000        12.4500000000000     
   12.4500000000000        12.4500000000000        12.4500000000000     
   12.4500000000000        12.4500000000000        12.4500000000000     
   12.4500000000000        12.4500000000000        12.4500000000000     
   12.4500000000000        12.4500000000000        12.4500000000000     
   12.4500000000000        12.4500000000000        12.4500000000000     
   12.4500000000000        12.4500000000000        12.4500000000000     
   12.4500000000000        12.4500000000000        12.4500000000000     
   12.4500000000000        12.4500000000000        12.4500000000000     
   12.4500000000000        12.4500000000000        12.4500000000000     
   12.4500000000000        12.4500000000000        12.4500000000000     
   12.4500000000000        12.4500000000000        12.4500000000000     
   12.4500000000000        12.4500000000000        12.4500000000000     
   12.4500000000000        12.4500000000000        12.4500000000000     
   12.4500000000000        12.4500000000000        12.4500000000000     
   12.4500000000000        12.4500000000000        12.4500000000000     
   12.4500000000000        12.4500000000000        12.4500000000000     
   12.4500000000000        12.4500000000000        12.4500000000000     
   12.4500000000000        12.4500000000000        12.4500000000000     
   12.4500000000000        12.4500000000000        12.4500000000000     
   12.4500000000000        12.4500000000000        12.4500000000000     
   12.4500000000000        12.4500000000000        12.4500000000000     
   12.4500000000000     
   23.6700000000000        23.6700000000000        23.6700000000000     
   23.6700000000000        23.6700000000000        23.6700000000000     
   23.6700000000000        23.6700000000000        23.6700000000000     
   23.6700000000000        23.6700000000000        23.6700000000000     
   23.6700000000000        23.6700000000000        23.6700000000000     
   23.6700000000000        23.6700000000000        23.6700000000000     
   23.6700000000000        23.6700000000000        23.6700000000000     
   23.6700000000000        23.6700000000000        23.6700000000000     
   23.6700000000000        23.6700000000000        23.6700000000000     
   23.6700000000000        23.6700000000000        23.6700000000000     
   23.6700000000000        23.6700000000000        23.6700000000000     
   23.6700000000000        23.6700000000000        23.6700000000000     
   23.6700000000000        23.6700000000000        23.6700000000000     
   23.6700000000000        23.6700000000000        23.6700000000000     
   23.6700000000000        23.6700000000000        23.6700000000000     
   23.6700000000000        23.6700000000000        23.6700000000000     
   23.6700000000000        23.6700000000000        23.6700000000000     
   23.6700000000000        23.6700000000000        23.6700000000000     
   23.6700000000000        23.6700000000000        23.6700000000000     
   23.6700000000000        23.6700000000000        23.6700000000000     
   12.4500000000000        12.4500000000000        12.4500000000000     
   12.4500000000000        12.4500000000000        12.4500000000000     
   12.4500000000000        12.4500000000000        12.4500000000000     
   12.4500000000000        12.4500000000000        12.4500000000000     
   12.4500000000000        12.4500000000000        12.4500000000000     
   12.4500000000000        12.4500000000000        12.4500000000000     
   12.4500000000000        12.4500000000000        12.4500000000000     
   12.4500000000000        12.4500000000000        12.4500000000000     
   12.4500000000000        12.4500000000000        12.4500000000000     
   12.4500000000000        12.4500000000000        12.4500000000000     
   12.4500000000000        12.4500000000000        12.4500000000000     
   12.4500000000000        12.4500000000000        12.4500000000000     
   12.4500000000000        12.4500000000000        12.4500000000000     
   12.4500000000000        12.4500000000000        12.4500000000000     
   12.4500000000000        12.4500000000000        12.4500000000000     
   12.4500000000000        12.4500000000000        12.4500000000000     
   12.4500000000000        12.4500000000000        12.4500000000000     
   12.4500000000000        12.4500000000000        12.4500000000000     
   12.4500000000000        12.4500000000000        12.4500000000000     
   12.4500000000000        12.4500000000000        12.4500000000000     
   12.4500000000000     
   23.6700000000000        23.6700000000000        23.6700000000000     
   23.6700000000000        23.6700000000000        23.6700000000000     
   23.6700000000000        23.6700000000000        23.6700000000000     
   23.6700000000000        23.6700000000000        23.6700000000000     
   23.6700000000000        23.6700000000000        23.6700000000000     
   23.6700000000000        23.6700000000000        23.6700000000000     
   23.6700000000000        23.6700000000000        23.6700000000000     
   23.6700000000000        23.6700000000000        23.6700000000000     
   23.6700000000000        23.6700000000000        23.6700000000000     
   23.6700000000000        23.6700000000000        23.6700000000000     
   23.6700000000000        23.6700000000000        23.6700000000000     
   23.6700000000000        23.6700000000000        23.6700000000000     
   23.6700000000000        23.6700000000000        23.6700000000000     
   23.6700000000000        23.6700000000000        23.6700000000000     
   23.6700000000000        23.6700000000000        23.6700000000000     
   23.6700000000000        23.6700000000000        23.6700000000000     
   23.6700000000000        23.6700000000000        23.6700000000000     
   23.6700000000000        23.6700000000000        23.6700000000000     
   23.6700000000000        23.6700000000000        23.6700000000000     
   23.6700000000000        23.6700000000000        23.6700000000000     
   23.6700000000000        23.6700000000000        23.6700000000000     
   23.6700000000000        23.6700000000000        23.6700000000000     
   23.6700000000000        23.6700000000000        23.6700000000000     
   23.6700000000000        23.6700000000000        23.6700000000000     
   23.6700000000000        23.6700000000000        23.6700000000000     
   23.6700000000000        23.6700000000000        23.6700000000000     
   23.6700000000000        23.6700000000000        23.6700000000000     
   23.6700000000000        23.6700000000000        23.6700000000000     
   23.6700000000000        23.6700000000000        23.6700000000000     
   23.6700000000000        23.6700000000000        23.6700000000000     
   23.6700000000000        23.6700000000000        23.6700000000000     
   23.6700000000000        23.6700000000000        23.6700000000000     
   23.6700000000000        23.6700000000000        23.6700000000000     
   23.6700000000000     
   23.6700000000000        23.6700000000000        23.6700000000000     
   23.6700000000000        23.6700000000000        23.6700000000000     
   12.4500000000000        12.4500000000000        12.4500000000000     
   12.4500000000000        12.4500000000000        12.4500000000000     
   12.4500000000000        12.4500000000000        12.4500000000000     
   12.4500000000000        12.4500000000000        12.4500000000000     
   12.4500000000000        12.4500000000000        12.4500000000000     
   12.4500000000000        12.4500000000000        12.4500000000000     
   12.4500000000000        12.4500000000000        12.4500000000000     
   12.4500000000000        12.4500000000000        12.4500000000000     
   12.4500000000000        12.4500000000000        12.4500000000000     
   12.4500000000000        12.4500000000000        12.4500000000000     
   12.4500000000000        12.4500000000000        12.4500000000000     
   12.4500000000000        12.4500000000000        12.4500000000000     
   12.4500000000000        12.4500000000000        12.4500000000000     
   12.4500000000000     
   23.6700000000000        23.6700000000000        23.6700000000000     
   23.6700000000000        23.6700000000000        23.6700000000000     
   23.6700000000000        23.6700000000000        23.6700000000000     
   23.6700000000000        23.6700000000000        23.6700000000000     
   23.6700000000000        23.6700000000000        23.6700000000000     
   23.6700000000000        23.6700000000000        23.6700000000000     
   23.6700000000000        23.6700000000000        23.6700000000000     
   23.6700000000000        23.6700000000000        23.6700000000000     
   23.6700000000000        23.6700000000000        23.6700000000000     
   23.6700000000000        23.6700000000000        23.6700000000000     
   23.6700000000000        23.6700000000000        23.6700000000000     
   23.6700000000000        23.6700000000000        23.6700000000000     
   23.6700000000000        23.6700000000000        23.6700000000000     
   23.6700000000000        23.6700000000000        23.6700000000000     
   23.6700000000000        23.6700000000000        23.6700000000000     
   23.6700000000000        23.6700000000000        23.6700000000000     
   23.6700000000000        23.6700000000000        23.6700000000000     
   23.6700000000000        23.6700000000000        23.6700000000000     
   23.6700000000000        23.6700000000000        23.6700000000000     
   23.6700000000000        23.6700000000000        23.6700000000000     
   23.6700000000000        23.6700000000000        23.6700000000000     
   23.6700000000000        23.6700000000000        23.6700000000000     
   23.6700000000000        23.6700000000000        23.6700000000000     
   23.6700000000000        23.6700000000000        23.6700000000000     
   23.6700000000000        23.6700000000000        23.6700000000000     
   23.6700000000000        23.6700000000000        23.6700000000000     
   23.6700000000000        23.6700000000000        23.6700000000000     
   23.6700000000000        23.6700000000000        23.6700000000000     
   23.6700000000000        23.6700000000000        23.6700000000000     
   23.6700000000000        23.6700000000000        23.6700000000000     
   23.6700000000000        23.6700000000000        23.6700000000000     
   23.6700000000000        23.6700000000000        23.6700000000000     
   23.6700000000000        23.6700000000000        23.6700000000000     
   23.6700000000000     
   23.6700000000000        23.6700000000000        23.6700000000000     
   23.6700000000000        23.6700000000000        23.6700000000000     
   23.6700000000000        23.6700000000000        23.6700000000000     
   23.6700000000000        23.6700000000000        23.6700000000000     
   23.6700000000000        23.6700000000000        23.6700000000000     
   23.6700000000000        23.6700000000000        23.6700000000000     
   23.6700000000000        23.6700000000000        23.6700000000000     
   23.6700000000000        23.6700000000000        23.6700000000000     
   23.6700000000000        23.6700000000000        23.6700000000000     
   23.6700000000000        23.6700000000000        23.6700000000000     
   23.6700000000000        23.6700000000000        23.6700000000000     
   23.6700000000000        23.6700000000000        23.6700000000000     
   23.6700000000000        23.6700000000000        23.6700000000000     
   23.6700000000000        23.6700000000000        23.6700000000000     
   23.6700000000000        23.6700000000000        23.6700000000000     
   23.6700000000000        23.6700000000000        23.6700000000000     
   23.6700000000000        23.6700000000000        23.6700000000000     
   23.6700000000000        23.6700000000000        23.6700000000000     
   23.6700000000000        23.6700000000000        23.6700000000000     
   23.6700000000000        23.6700000000000        23.6700000000000     
   23.6700000000000        23.6700000000000        23.6700000000000     
   23.6700000000000        23.6700000000000        23.6700000000000     
   23.6700000000000        23.6700000000000        23.6700000000000     
   23.6700000000000        23.6700000000000        23.6700000000000     
   23.6700000000000        23.6700000000000        23.6700000000000     
   23.6700000000000        23.6700000000000        23.6700000000000     
   23.6700000000000        23.6700000000000        23.6700000000000     
   23.6700000000000        23.6700000000000        23.6700000000000     
   23.6700000000000        23.6700000000000        23.6700000000000     
   23.6700000000000        23.6700000000000        23.6700000000000     
   23.6700000000000        23.6700000000000        23.6700000000000     
   23.6700000000000        23.6700000000000        23.6700000000000     
   23.6700000000000        23.6700000000000        23.6700000000000     
   23.6700000000000        23.6700000000000        23.6700000000000     
   23.6700000000000        23.6700000000000        23.6700000000000     
   23.6700000000000     
   23.6700000000000        23.6700000000000        23.6700000000000     
   23.6700000000000        23.6700000000000        23.6700000000000     
   23.6700000000000        23.6700000000000        23.6700000000000     
   23.6700000000000        23.6700000000000        23.6700000000000     
   23.6700000000000        23.6700000000000        23.6700000000000     
   23.6700000000000        23.6700000000000        23.6700000000000     
   23.6700000000000        23.6700000000000        23.6700000000000     
   23.6700000000000        23.6700000000000        23.6700000000000     
   23.6700000000000        23.6700000000000        23.6700000000000     
   23.6700000000000        23.6700000000000        23.6700000000000     
   23.6700000000000        23.6700000000000        23.6700000000000     
   23.6700000000000        23.6700000000000        23.6700000000000     
   23.6700000000000        23.6700000000000        23.6700000000000     
   23.6700000000000        23.6700000000000        23.6700000000000     
   23.6700000000000        23.6700000000000        23.6700000000000     
   23.6700000000000        23.6700000000000        23.6700000000000     
   23.6700000000000        23.6700000000000        23.6700000000000     
   23.6700000000000        23.6700000000000        23.6700000000000     
   23.6700000000000        23.6700000000000        23.6700000000000     
   23.6700000000000        23.6700000000000        23.6700000000000     
   23.6700000000000        23.6700000000000        23.6700000000000     
   23.6700000000000        23.6700000000000        23.6700000000000     
   23.6700000000000        23.6700000000000        23.6700000000000     
   23.6700000000000        23.6700000000000        23.6700000000000     
   23.6700000000000        23.6700000000000        23.6700000000000     
   23.6700000000000        23.6700000000000        23.6700000000000     
   23.6700000000000        23.6700000000000        23.6700000000000     
   23.6700000000000        23.6700000000000        23.6700000000000     
   23.6700000000000        23.6700000000000        23.6700000000000     
   23.6700000000000        23.6700000000000        23.6700000000000     
   23.6700000000000        23.6700000000000        23.6700000000000     
   23.6700000000000        23.6700000000000        23.6700000000000     
   23.6700000000000        23.6700000000000        23.6700000000000     
   23.6700000000000        23.6700000000000        23.6700000000000     
   23.6700000000000        23.6700000000000        23.6700000000000     
   23.6700000000000     
   23.6700000000000        23.6700000000000        23.6700000000000     
   23.6700000000000        23.6700000000000        23.6700000000000     
   23.6700000000000        23.6700000000000        23.6700000000000     
   23.6700000000000        23.6700000000000        23.6700000000000     
   23.6700000000000        23.6700000000000        23.6700000000000     
   23.6700000000000        23.6700000000000        23.6700000000000     
   23.6700000000000        23.6700000000000        23.6700000000000     
   23.6700000000000        23.6700000000000        23.6700000000000     
   23.6700000000000        23.6700000000000        23.6700000000000     
   23.6700000000000        23.6700000000000        23.6700000000000     
   23.6700000000000        23.6700000000000        23.6700000000000     
   23.6700000000000        23.6700000000000        23.6700000000000     
   23.6700000000000        23.6700000000000        23.6700000000000     
   23.6700000000000        23.6700000000000        23.6700000000000     
   23.6700000000000        23.6700000000000        23.6700000000000     
   23.6700000000000        23.6700000000000        23.6700000000000     
   23.6700000000000        23.6700000000000        23.6700000000000     
   23.6700000000000        23.6700000000000        23.6700000000000     
   23.6700000000000        23.6700000000000        23.6700000000000     
   23.6700000000000        23.6700000000000        23.6700000000000     
   23.6700000000000        23.6700000000000        23.6700000000000     
   23.6700000000000        23.6700000000000        23.6700000000000     
   23.6700000000000        23.6700000000000        23.6700000000000     
   23.6700000000000        23.6700000000000        23.6700000000000     
   23.6700000000000        23.6700000000000        23.6700000000000     
   23.6700000000000        23.6700000000000        23.6700000000000     
   23.6700000000000        23.6700000000000        23.6700000000000     
   23.6700000000000        23.6700000000000        23.6700000000000     
   23.6700000000000        23.6700000000000        23.6700000000000     
   23.6700000000000        23.6700000000000        23.6700000000000     
   23.6700000000000        23.6700000000000        23.6700000000000     
   23.6700000000000        23.6700000000000        23.6700000000000     
   23.6700000000000        23.6700000000000        23.6700000000000     
   23.6700000000000     
   56.8100000000000        56.8100000000000        56.8100000000000     
   56.8100000000000        56.8100000000000        56.8100000000000     
   56.8100000000000        56.8100000000000        56.8100000000000     
   56.8100000000000        56.8100000000000        56.8100000000000     
   56.8100000000000        56.8100000000000        56.8100000000000     
   56.8100000000000        56.8100000000000        56.8100000000000     
   56.8100000000000        56.8100000000000        56.8100000000000     
   56.8100000000000        56.8100000000000        56.8100000000000     
   56.8100000000000        56.8100000000000        56.8100000000000     
   23.6700000000000        23.6700000000000        23.6700000000000     
   23.6700000000000        23.6700000000000        23.6700000000000     
   23.6700000000000        23.6700000000000        23.6700000000000     
   23.6700000000000        23.6700000000000        23.6700000000000     
   23.6700000000000        23.6700000000000        23.6700000000000     
   23.6700000000000        23.6700000000000        23.6700000000000     
   23.6700000000000        23.6700000000000        23.6700000000000     
   23.6700000000000        23.6700000000000        23.6700000000000     
   23.6700000000000        23.6700000000000        23.6700000000000     
   23.6700000000000        23.6700000000000        23.6700000000000     
   23.6700000000000        23.6700000000000        23.6700000000000     
   23.6700000000000        23.6700000000000        23.6700000000000     
   23.6700000000000        23.6700000000000        23.6700000000000     
   23.6700000000000        23.6700000000000        23.6700000000000     
   23.6700000000000        23.6700000000000        23.6700000000000     
   23.6700000000000        23.6700000000000        23.6700000000000     
   23.6700000000000        23.6700000000000        23.6700000000000     
   23.6700000000000        23.6700000000000        23.6700000000000     
   23.6700000000000        23.6700000000000        23.6700000000000     
   23.6700000000000        23.6700000000000        23.6700000000000     
   23.6700000000000        23.6700000000000        23.6700000000000     
   23.6700000000000        23.6700000000000        23.6700000000000     
   23.6700000000000        23.6700000000000        23.6700000000000     
   23.6700000000000        23.6700000000000        23.6700000000000     
   23.6700000000000        23.6700000000000        23.6700000000000     
   23.6700000000000        23.6700000000000        23.6700000000000     
   23.6700000000000        23.6700000000000        23.6700000000000     
   23.6700000000000        23.6700000000000        23.6700000000000     
   23.6700000000000        23.6700000000000        23.6700000000000     
   23.6700000000000        23.6700000000000        23.6700000000000     
   23.6700000000000        23.6700000000000        23.6700000000000     
   23.6700000000000     
   56.8100000000000        56.8100000000000        56.8100000000000     
   56.8100000000000        56.8100000000000        56.8100000000000     
   56.8100000000000        56.8100000000000        56.8100000000000     
   56.8100000000000        56.8100000000000        56.8100000000000     
   56.8100000000000        56.8100000000000        56.8100000000000     
   56.8100000000000        56.8100000000000        56.8100000000000     
   56.8100000000000        56.8100000000000        56.8100000000000     
   56.8100000000000        56.8100000000000        56.8100000000000     
   56.8100000000000        56.8100000000000        56.8100000000000     
   56.8100000000000        56.8100000000000        56.8100000000000     
   56.8100000000000        56.8100000000000        56.8100000000000     
   56.8100000000000        56.8100000000000        56.8100000000000     
   56.8100000000000        56.8100000000000        56.8100000000000     
   56.8100000000000        56.8100000000000        56.8100000000000     
   56.8100000000000        56.8100000000000        56.8100000000000     
   56.8100000000000        56.8100000000000        56.8100000000000     
   56.8100000000000        56.8100000000000        56.8100000000000     
   56.8100000000000        56.8100000000000        56.8100000000000     
   56.8100000000000        56.8100000000000        56.8100000000000     
   56.8100000000000        56.8100000000000        56.8100000000000     
   56.8100000000000        56.8100000000000        56.8100000000000     
   56.8100000000000        56.8100000000000        56.8100000000000     
   56.8100000000000        56.8100000000000        56.8100000000000     
   56.8100000000000        56.8100000000000        56.8100000000000     
   23.6700000000000        23.6700000000000        23.6700000000000     
   23.6700000000000        23.6700000000000        23.6700000000000     
   23.6700000000000        23.6700000000000        23.6700000000000     
   23.6700000000000        23.6700000000000        23.6700000000000     
   23.6700000000000        23.6700000000000        23.6700000000000     
   23.6700000000000        23.6700000000000        23.6700000000000     
   23.6700000000000        23.6700000000000        23.6700000000000     
   23.6700000000000        23.6700000000000        23.6700000000000     
   23.6700000000000        23.6700000000000        23.6700000000000     
   23.6700000000000        23.6700000000000        23.6700000000000     
   23.6700000000000        23.6700000000000        23.6700000000000     
   23.6700000000000        23.6700000000000        23.6700000000000     
   23.6700000000000        23.6700000000000        23.6700000000000     
   23.6700000000000        23.6700000000000        23.6700000000000     
   23.6700000000000        23.6700000000000        23.6700000000000     
   23.6700000000000        23.6700000000000        23.6700000000000     
   23.6700000000000        23.6700000000000        23.6700000000000     
   23.6700000000000        23.6700000000000        23.6700000000000     
   23.6700000000000        23.6700000000000        23.6700000000000     
   23.6700000000000        23.6700000000000        23.6700000000000     
   23.6700000000000        23.6700000000000        23.6700000000000     
   23.6700000000000        23.6700000000000        23.6700000000000     
   23.6700000000000        23.6700000000000        23.6700000000000     
   23.6700000000000        23.6700000000000        23.6700000000000     
   23.6700000000000        23.6700000000000        23.6700000000000     
   23.6700000000000        23.6700000000000        23.6700000000000     
   23.6700000000000        23.6700000000000        23.6700000000000     
   23.6700000000000        23.6700000000000        23.6700000000000     
   23.6700000000000        23.6700000000000        23.6700000000000     
   23.6700000000000        23.6700000000000        23.6700000000000     
   23.6700000000000        23.6700000000000        23.6700000000000     
   23.6700000000000     
   56.8100000000000        56.8100000000000        56.8100000000000     
   56.8100000000000        56.8100000000000        56.8100000000000     
   56.8100000000000        56.8100000000000        56.8100000000000     
   56.8100000000000        56.8100000000000        56.8100000000000     
   56.8100000000000        56.8100000000000        56.8100000000000     
   56.8100000000000        56.8100000000000        56.8100000000000     
   56.8100000000000        56.8100000000000        56.8100000000000     
   56.8100000000000        56.8100000000000        56.8100000000000     
   56.8100000000000        56.8100000000000        56.8100000000000     
   56.8100000000000        56.8100000000000        56.8100000000000     
   56.8100000000000        56.8100000000000        56.8100000000000     
   56.8100000000000        56.8100000000000        56.8100000000000     
   56.8100000000000        56.8100000000000        56.8100000000000     
   56.8100000000000        56.8100000000000        56.8100000000000     
   56.8100000000000        56.8100000000000        56.8100000000000     
   56.8100000000000        56.8100000000000        56.8100000000000     
   56.8100000000000        56.8100000000000        56.8100000000000     
   56.8100000000000        56.8100000000000        56.8100000000000     
   56.8100000000000        56.8100000000000        56.8100000000000     
   56.8100000000000        56.8100000000000        56.8100000000000     
   56.8100000000000        56.8100000000000        56.8100000000000     
   56.8100000000000        56.8100000000000        56.8100000000000     
   56.8100000000000        56.8100000000000        56.8100000000000     
   56.8100000000000        56.8100000000000        56.8100000000000     
   23.6700000000000        23.6700000000000        23.6700000000000     
   23.6700000000000        23.6700000000000        23.6700000000000     
   23.6700000000000        23.6700000000000        23.6700000000000     
   23.6700000000000        23.6700000000000        23.6700000000000     
   23.6700000000000        23.6700000000000        23.6700000000000     
   23.6700000000000        23.6700000000000        23.6700000000000     
   23.6700000000000        23.6700000000000        23.6700000000000     
   23.6700000000000        23.6700000000000        23.6700000000000     
   23.6700000000000        23.6700000000000        23.6700000000000     
   23.6700000000000        23.6700000000000        23.6700000000000     
   23.6700000000000        23.6700000000000        23.6700000000000     
   23.6700000000000     
   56.8100000000000        56.8100000000000        56.8100000000000     
   56.8100000000000        56.8100000000000        56.8100000000000     
   56.8100000000000        56.8100000000000        56.8100000000000     
   56.8100000000000        56.8100000000000        56.8100000000000     
   56.8100000000000        56.8100000000000        56.8100000000000     
   56.8100000000000        56.8100000000000        56.8100000000000     
   56.8100000000000        56.8100000000000        56.8100000000000     
   56.8100000000000        56.8100000000000        56.8100000000000     
   56.8100000000000        56.8100000000000        56.8100000000000     
   56.8100000000000        56.8100000000000        56.8100000000000     
   56.8100000000000        56.8100000000000        56.8100000000000     
   56.8100000000000        56.8100000000000        56.8100000000000     
   56.8100000000000        56.8100000000000        56.8100000000000     
   56.8100000000000        56.8100000000000        56.8100000000000     
   56.8100000000000        56.8100000000000        56.8100000000000     
   56.8100000000000        56.8100000000000        56.8100000000000     
   56.8100000000000        56.8100000000000        56.8100000000000     
   56.8100000000000        56.8100000000000        56.8100000000000     
   56.8100000000000        56.8100000000000        56.8100000000000     
   56.8100000000000        56.8100000000000        56.8100000000000     
   56.8100000000000        56.8100000000000        56.8100000000000     
   56.8100000000000        56.8100000000000        56.8100000000000     
   56.8100000000000        56.8100000000000        56.8100000000000     
   56.8100000000000        56.8100000000000        56.8100000000000     
   56.8100000000000        56.8100000000000        56.8100000000000     
   56.8100000000000        56.8100000000000        56.8100000000000     
   56.8100000000000        56.8100000000000        56.8100000000000     
   56.8100000000000        56.8100000000000        56.8100000000000     
   56.8100000000000        56.8100000000000        56.8100000000000     
   56.8100000000000        56.8100000000000        56.8100000000000     
   56.8100000000000        56.8100000000000        56.8100000000000     
   56.8100000000000        56.8100000000000        56.8100000000000     
   56.8100000000000        56.8100000000000        56.8100000000000     
   56.8100000000000     
   56.8100000000000        56.8100000000000        56.8100000000000     
   56.8100000000000        56.8100000000000        56.8100000000000     
   56.8100000000000        56.8100000000000        56.8100000000000     
   56.8100000000000        56.8100000000000        56.8100000000000     
   56.8100000000000        56.8100000000000        56.8100000000000     
   56.8100000000000        56.8100000000000        56.8100000000000     
   56.8100000000000        56.8100000000000        56.8100000000000     
   56.8100000000000        56.8100000000000        56.8100000000000     
   56.8100000000000        56.8100000000000        56.8100000000000     
   56.8100000000000        56.8100000000000        56.8100000000000     
   56.8100000000000        56.8100000000000        56.8100000000000     
   56.8100000000000        56.8100000000000        56.8100000000000     
   56.8100000000000        56.8100000000000        56.8100000000000     
   56.8100000000000        56.8100000000000        56.8100000000000     
   56.8100000000000        56.8100000000000        56.8100000000000     
   56.8100000000000        56.8100000000000        56.8100000000000     
   56.8100000000000        56.8100000000000        56.8100000000000     
   56.8100000000000        56.8100000000000        56.8100000000000     
   56.8100000000000        56.8100000000000        56.8100000000000     
   56.8100000000000        56.8100000000000        56.8100000000000     
   56.8100000000000        56.8100000000000        56.8100000000000     
   56.8100000000000        56.8100000000000        56.8100000000000     
   56.8100000000000        56.8100000000000        56.8100000000000     
   56.8100000000000        56.8100000000000        56.8100000000000     
   56.8100000000000        56.8100000000000        56.8100000000000     
   56.8100000000000        56.8100000000000        56.8100000000000     
   56.8100000000000        56.8100000000000        56.8100000000000     
   56.8100000000000        56.8100000000000        56.8100000000000     
   56.8100000000000        56.8100000000000        56.8100000000000     
   56.8100000000000        56.8100000000000        56.8100000000000     
   56.8100000000000        56.8100000000000        56.8100000000000     
   56.8100000000000        56.8100000000000        56.8100000000000     
   56.8100000000000        56.8100000000000        56.8100000000000     
   56.8100000000000        56.8100000000000        56.8100000000000     
   56.8100000000000        56.8100000000000        56.8100000000000     
   56.8100000000000     
   56.8100000000000        56.8100000000000        56.8100000000000     
   56.8100000000000        56.8100000000000        56.8100000000000     
   56.8100000000000        56.8100000000000        56.8100000000000     
   56.8100000000000        56.8100000000000        56.8100000000000     
   56.8100000000000        56.8100000000000        56.8100000000000     
   56.8100000000000        56.8100000000000        56.8100000000000     
   56.8100000000000        56.8100000000000        56.8100000000000     
   56.8100000000000        56.8100000000000        56.8100000000000     
   56.8100000000000        56.8100000000000        56.8100000000000     
   56.8100000000000        56.8100000000000        56.8100000000000     
   56.8100000000000        56.8100000000000        56.8100000000000     
   56.8100000000000        56.8100000000000        56.8100000000000     
   56.8100000000000        56.8100000000000        56.8100000000000     
   56.8100000000000        56.8100000000000        56.8100000000000     
   56.8100000000000        56.8100000000000        56.8100000000000     
   56.8100000000000        56.8100000000000        56.8100000000000     
   56.8100000000000        56.8100000000000        56.8100000000000     
   56.8100000000000        56.8100000000000        56.8100000000000     
   56.8100000000000        56.8100000000000        56.8100000000000     
   56.8100000000000        56.8100000000000        56.8100000000000     
   56.8100000000000        56.8100000000000        56.8100000000000     
   56.8100000000000        56.8100000000000        56.8100000000000     
   56.8100000000000        56.8100000000000        56.8100000000000     
   56.8100000000000        56.8100000000000        56.8100000000000     
   56.8100000000000        56.8100000000000        56.8100000000000     
   56.8100000000000        56.8100000000000        56.8100000000000     
   56.8100000000000        56.8100000000000        56.8100000000000     
   56.8100000000000        56.8100000000000        56.8100000000000     
   56.8100000000000        56.8100000000000        56.8100000000000     
   56.8100000000000        56.8100000000000        56.8100000000000     
   56.8100000000000        56.8100000000000        56.8100000000000     
   56.8100000000000        56.8100000000000        56.8100000000000     
   56.8100000000000        56.8100000000000        56.8100000000000     
   56.8100000000000        56.8100000000000        56.8100000000000     
   56.8100000000000        56.8100000000000        56.8100000000000     
   56.8100000000000        56.8100000000000        56.8100000000000     
   56.8100000000000        56.8100000000000        56.8100000000000     
   56.8100000000000        56.8100000000000        56.8100000000000     
   56.8100000000000        56.8100000000000        56.8100000000000     
   56.8100000000000        56.8100000000000        56.8100000000000     
   56.8100000000000     
   56.8100000000000        56.8100000000000        56.8100000000000     
   56.8100000000000        56.8100000000000        56.8100000000000     
   56.8100000000000        56.8100000000000        56.8100000000000     
   56.8100000000000        56.8100000000000        56.8100000000000     
   56.8100000000000        56.8100000000000        56.8100000000000     
   56.8100000000000        56.8100000000000        56.8100000000000     
   56.8100000000000        56.8100000000000        56.8100000000000     
   56.8100000000000        56.8100000000000        56.8100000000000     
   56.8100000000000        56.8100000000000        56.8100000000000     
   56.8100000000000        56.8100000000000        56.8100000000000     
   56.8100000000000        56.8100000000000        56.8100000000000     
   56.8100000000000        56.8100000000000        56.8100000000000     
   56.8100000000000        56.8100000000000        56.8100000000000     
   56.8100000000000        56.8100000000000        56.8100000000000     
   56.8100000000000        56.8100000000000        56.8100000000000     
   56.8100000000000        56.8100000000000        56.8100000000000     
   56.8100000000000        56.8100000000000        56.8100000000000     
   56.8100000000000        56.8100000000000        56.8100000000000     
   56.8100000000000        56.8100000000000        56.8100000000000     
   56.8100000000000        56.8100000000000        56.8100000000000     
   56.8100000000000        56.8100000000000        56.8100000000000     
   56.8100000000000        56.8100000000000        56.8100000000000     
   56.8100000000000        56.8100000000000        56.8100000000000     
   56.8100000000000        56.8100000000000        56.8100000000000     
   56.8100000000000        56.8100000000000        56.8100000000000     
   56.8100000000000        56.8100000000000        56.8100000000000     
   56.8100000000000        56.8100000000000        56.8100000000000     
   56.8100000000000        56.8100000000000        56.8100000000000     
   56.8100000000000        56.8100000000000        56.8100000000000     
   56.8100000000000        56.8100000000000        56.8100000000000     
   56.8100000000000        56.8100000000000        56.8100000000000     
   56.8100000000000        56.8100000000000        56.8100000000000     
   56.8100000000000        56.8100000000000        56.8100000000000     
   56.8100000000000     
  PASS  Example ESMF_ArrayFarrayEx, ESMF_ArrayFarrayEx.F90, line 288
   56.8100000000000        56.8100000000000        56.8100000000000     
   56.8100000000000        56.8100000000000        56.8100000000000     
   56.8100000000000        56.8100000000000        56.8100000000000     
   56.8100000000000        56.8100000000000        56.8100000000000     
   56.8100000000000        56.8100000000000        56.8100000000000     
   56.8100000000000        56.8100000000000        56.8100000000000     
   56.8100000000000        56.8100000000000        56.8100000000000     
   56.8100000000000        56.8100000000000        56.8100000000000     
   56.8100000000000        56.8100000000000        56.8100000000000     
   56.8100000000000     
   56.8100000000000        56.8100000000000        56.8100000000000     
   56.8100000000000        56.8100000000000        56.8100000000000     
   56.8100000000000        56.8100000000000        56.8100000000000     
   56.8100000000000        56.8100000000000        56.8100000000000     
   56.8100000000000        56.8100000000000        56.8100000000000     
   56.8100000000000        56.8100000000000        56.8100000000000     
   56.8100000000000        56.8100000000000        56.8100000000000     
   56.8100000000000        56.8100000000000        56.8100000000000     
   56.8100000000000        56.8100000000000        56.8100000000000     
   56.8100000000000        56.8100000000000        56.8100000000000     
   56.8100000000000        56.8100000000000        56.8100000000000     
   56.8100000000000        56.8100000000000        56.8100000000000     
   56.8100000000000        56.8100000000000        56.8100000000000     
   56.8100000000000        56.8100000000000        56.8100000000000     
   56.8100000000000        56.8100000000000        56.8100000000000     
   56.8100000000000        56.8100000000000        56.8100000000000     
   56.8100000000000        56.8100000000000        56.8100000000000     
   56.8100000000000        56.8100000000000        56.8100000000000     
   56.8100000000000        56.8100000000000        56.8100000000000     
   56.8100000000000        56.8100000000000        56.8100000000000     
   56.8100000000000        56.8100000000000        56.8100000000000     
   56.8100000000000        56.8100000000000        56.8100000000000     
   56.8100000000000        56.8100000000000        56.8100000000000     
   56.8100000000000        56.8100000000000        56.8100000000000     
   56.8100000000000        56.8100000000000        56.8100000000000     
   56.8100000000000        56.8100000000000        56.8100000000000     
   56.8100000000000        56.8100000000000        56.8100000000000     
   56.8100000000000        56.8100000000000        56.8100000000000     
   56.8100000000000        56.8100000000000        56.8100000000000     
   56.8100000000000        56.8100000000000        56.8100000000000     
   56.8100000000000        56.8100000000000        56.8100000000000     
   56.8100000000000        56.8100000000000        56.8100000000000     
   56.8100000000000        56.8100000000000        56.8100000000000     
   56.8100000000000     
  PASS  Example ESMF_ArrayFarrayEx, ESMF_ArrayFarrayEx.F90, line 288
   56.8100000000000        56.8100000000000        56.8100000000000     
   56.8100000000000        56.8100000000000        56.8100000000000     
   56.8100000000000        56.8100000000000        56.8100000000000     
   56.8100000000000        56.8100000000000        56.8100000000000     
   56.8100000000000        56.8100000000000        56.8100000000000     
   56.8100000000000        56.8100000000000        56.8100000000000     
   56.8100000000000        56.8100000000000        56.8100000000000     
   56.8100000000000        56.8100000000000        56.8100000000000     
   56.8100000000000        56.8100000000000        56.8100000000000     
   56.8100000000000        56.8100000000000        56.8100000000000     
   56.8100000000000        56.8100000000000        56.8100000000000     
   56.8100000000000        56.8100000000000        56.8100000000000     
   56.8100000000000        56.8100000000000        56.8100000000000     
   56.8100000000000        56.8100000000000        56.8100000000000     
   56.8100000000000        56.8100000000000        56.8100000000000     
   56.8100000000000        56.8100000000000        56.8100000000000     
   56.8100000000000        56.8100000000000        56.8100000000000     
   56.8100000000000        56.8100000000000        56.8100000000000     
   56.8100000000000        56.8100000000000        56.8100000000000     
   56.8100000000000        56.8100000000000        56.8100000000000     
   56.8100000000000        56.8100000000000        56.8100000000000     
   56.8100000000000        56.8100000000000        56.8100000000000     
   56.8100000000000     
  PASS  Example ESMF_ArrayFarrayEx, ESMF_ArrayFarrayEx.F90, line 288
   56.8100000000000        56.8100000000000        56.8100000000000     
   56.8100000000000        56.8100000000000        56.8100000000000     
   56.8100000000000     
  PASS  Example ESMF_ArrayFarrayEx, ESMF_ArrayFarrayEx.F90, line 288
 PASS: ESMF_ArrayFarrayEx.F90
 PASS: ESMF_ArrayFarrayEx.F90
 PASS: ESMF_ArrayFarrayEx.F90
 PASS: ESMF_ArrayFarrayEx.F90
TOTCPU=21:44:00 ELAP=00:40:45 REQMEM=5875Mc REQCPUS=24 ALLOCCPUS=32 TIMELIMIT=02:30:00 PART=s4 ACCT=star
MAXRSS=31512K MAXVMSIZE=196896K
________________________________________________________________
Job Resource Usage Summary for 11572276

  CPU Time Used : 21:44:00
  Memory Used : 31512K
  Virtual Memory Used : 196896K
  Walltime Used : 00:40:45

  Memory Requested : 5875Mc (n=per node; c=per core)
  CPUs Requested / Allocated : 24 / 32
  Walltime Requested : 02:30:00

  Execution Queue : s4
  Head Node : 
  Charged to : star

  Job Stopped : Wed Oct 27 07:08:47 UTC 2021
_____________________________________________________________________

