build time -- 2021-10-28 06:19:10
  PASS  Example ESMF_ArrayRedistEx, ESMF_ArrayRedistEx.F90, line 595
  PASS  Example ESMF_ArrayRedistEx, ESMF_ArrayRedistEx.F90, line 595
  PASS  Example ESMF_ArrayRedistEx, ESMF_ArrayRedistEx.F90, line 595
  PASS  Example ESMF_ArrayRedistEx, ESMF_ArrayRedistEx.F90, line 595
 PASS: ESMF_ArrayRedistEx.F90
 PASS: ESMF_ArrayRedistEx.F90
 PASS: ESMF_ArrayRedistEx.F90
 PASS: ESMF_ArrayRedistEx.F90
TOTCPU=16:37:52 ELAP=00:31:11 REQMEM=5875Mc REQCPUS=24 ALLOCCPUS=32 TIMELIMIT=02:30:00 PART=s4 ACCT=star
MAXRSS=15808K MAXVMSIZE=2204248K
________________________________________________________________
Job Resource Usage Summary for 11573701

  CPU Time Used : 16:37:52
  Memory Used : 15808K
  Virtual Memory Used : 2204248K
  Walltime Used : 00:31:11

  Memory Requested : 5875Mc (n=per node; c=per core)
  CPUs Requested / Allocated : 24 / 32
  Walltime Requested : 02:30:00

  Execution Queue : s4
  Head Node : 
  Charged to : star

  Job Stopped : Thu Oct 28 06:50:22 UTC 2021
_____________________________________________________________________

