build time -- 2021-10-27 06:28:01
  PASS  Example ESMF_FieldRegridEx, ESMF_FieldRegridEx.F90, line 352
  PASS  Example ESMF_FieldRegridEx, ESMF_FieldRegridEx.F90, line 352
  PASS  Example ESMF_FieldRegridEx, ESMF_FieldRegridEx.F90, line 352
  PASS  Example ESMF_FieldRegridEx, ESMF_FieldRegridEx.F90, line 352
 PASS: ESMF_FieldRegridEx.F90
 PASS: ESMF_FieldRegridEx.F90
 PASS: ESMF_FieldRegridEx.F90
 PASS: ESMF_FieldRegridEx.F90
TOTCPU=22:30:56 ELAP=00:42:13 REQMEM=5875Mc REQCPUS=24 ALLOCCPUS=32 TIMELIMIT=02:30:00 PART=s4 ACCT=star
MAXRSS=0 MAXVMSIZE=196896K
________________________________________________________________
Job Resource Usage Summary for 11572276

  CPU Time Used : 22:30:56
  Memory Used : 0
  Virtual Memory Used : 196896K
  Walltime Used : 00:42:13

  Memory Requested : 5875Mc (n=per node; c=per core)
  CPUs Requested / Allocated : 24 / 32
  Walltime Requested : 02:30:00

  Execution Queue : s4
  Head Node : 
  Charged to : star

  Job Stopped : Wed Oct 27 07:10:15 UTC 2021
_____________________________________________________________________

