build time -- 2021-10-27 06:28:01
  PASS  Example ESMF_FieldMeshRegridEx, ESMF_FieldMeshRegridEx.F90, line 807
  PASS  Example ESMF_FieldMeshRegridEx, ESMF_FieldMeshRegridEx.F90, line 807
  PASS  Example ESMF_FieldMeshRegridEx, ESMF_FieldMeshRegridEx.F90, line 807
  PASS  Example ESMF_FieldMeshRegridEx, ESMF_FieldMeshRegridEx.F90, line 807
 PASS: ESMF_FieldMeshRegridEx.F90
 PASS: ESMF_FieldMeshRegridEx.F90
 PASS: ESMF_FieldMeshRegridEx.F90
 PASS: ESMF_FieldMeshRegridEx.F90
TOTCPU=22:38:24 ELAP=00:42:27 REQMEM=5875Mc REQCPUS=24 ALLOCCPUS=32 TIMELIMIT=02:30:00 PART=s4 ACCT=star
MAXRSS=31480K MAXVMSIZE=196896K
________________________________________________________________
Job Resource Usage Summary for 11572276

  CPU Time Used : 22:38:24
  Memory Used : 31480K
  Virtual Memory Used : 196896K
  Walltime Used : 00:42:27

  Memory Requested : 5875Mc (n=per node; c=per core)
  CPUs Requested / Allocated : 24 / 32
  Walltime Requested : 02:30:00

  Execution Queue : s4
  Head Node : 
  Charged to : star

  Job Stopped : Wed Oct 27 07:10:29 UTC 2021
_____________________________________________________________________

