build time -- 2021-10-28 06:19:10
  PASS  Example ESMF_ArrayScatterGatherArbEx, ESMF_ArrayScatterGatherArbEx.F90, 
 line 313
  PASS  Example ESMF_ArrayScatterGatherArbEx, ESMF_ArrayScatterGatherArbEx.F90, 
 line 313
  PASS  Example ESMF_ArrayScatterGatherArbEx, ESMF_ArrayScatterGatherArbEx.F90, 
 line 313
  PASS  Example ESMF_ArrayScatterGatherArbEx, ESMF_ArrayScatterGatherArbEx.F90, 
 line 313
 PASS: ESMF_ArrayScatterGatherArbEx.F90
 PASS: ESMF_ArrayScatterGatherArbEx.F90
 PASS: ESMF_ArrayScatterGatherArbEx.F90
 PASS: ESMF_ArrayScatterGatherArbEx.F90
TOTCPU=16:39:28 ELAP=00:31:14 REQMEM=5875Mc REQCPUS=24 ALLOCCPUS=32 TIMELIMIT=02:30:00 PART=s4 ACCT=star
MAXRSS=0 MAXVMSIZE=2188328K
________________________________________________________________
Job Resource Usage Summary for 11573701

  CPU Time Used : 16:39:28
  Memory Used : 0
  Virtual Memory Used : 2188328K
  Walltime Used : 00:31:14

  Memory Requested : 5875Mc (n=per node; c=per core)
  CPUs Requested / Allocated : 24 / 32
  Walltime Requested : 02:30:00

  Execution Queue : s4
  Head Node : 
  Charged to : star

  Job Stopped : Thu Oct 28 06:50:25 UTC 2021
_____________________________________________________________________

