build time -- 2021-10-28 06:19:10
 Field rank, dimCount           2           3
 Field with replicated dimension returned
 Field with replicated dimension returned
  PASS  Example ESMF_FieldArbGridEx, ESMF_FieldArbGridEx.F90, line 243
  PASS  Example ESMF_FieldArbGridEx, ESMF_FieldArbGridEx.F90, line 243
 Field rank, dimCount           2           2
 Field with replicated dimension returned
 Field with replicated dimension returned
  PASS  Example ESMF_FieldArbGridEx, ESMF_FieldArbGridEx.F90, line 243
  PASS  Example ESMF_FieldArbGridEx, ESMF_FieldArbGridEx.F90, line 243
 PASS: ESMF_FieldArgGridEx.F90
 PASS: ESMF_FieldArgGridEx.F90
 PASS: ESMF_FieldArgGridEx.F90
 PASS: ESMF_FieldArgGridEx.F90
TOTCPU=17:14:40 ELAP=00:32:20 REQMEM=5875Mc REQCPUS=24 ALLOCCPUS=32 TIMELIMIT=02:30:00 PART=s4 ACCT=star
MAXRSS=2512K MAXVMSIZE=196896K
________________________________________________________________
Job Resource Usage Summary for 11573701

  CPU Time Used : 17:14:40
  Memory Used : 2512K
  Virtual Memory Used : 196896K
  Walltime Used : 00:32:20

  Memory Requested : 5875Mc (n=per node; c=per core)
  CPUs Requested / Allocated : 24 / 32
  Walltime Requested : 02:30:00

  Execution Queue : s4
  Head Node : 
  Charged to : star

  Job Stopped : Thu Oct 28 06:51:31 UTC 2021
_____________________________________________________________________

