build time -- 2021-10-28 06:19:10
 Field Get Data Pointer example returned
 Field Get Data Pointer example returned
 Field Get Data Pointer example returned
 Field Get Grid and Array example returned
 Field Get Grid and Array example returned
 Field Get Grid and Array example returned
 Field creation from Grid, typekind, and rank returned
 Field creation from Grid, typekind, and rank returned
 Field creation from Grid, typekind, and rank returned
 Field Get Data Pointer example returned
 Field creation from Grid and Arrayspec returned
 Field creation from Grid and Arrayspec returned
 Field creation from Grid and Arrayspec returned
 Field Get Grid and Array example returned
 Field Create from a Grid and an Array returned
 Field Create from a Grid and an Array returned
 Field Create from a Grid and an Array returned
 Complete a Field created by ESMF_FieldEmptyCreate returned
 Complete a Field created by ESMF_FieldEmptyCreate returned
 Complete a Field created by ESMF_FieldEmptyCreate returned
 Field creation from Grid, typekind, and rank returned
 Complete a Field created by ESMF_FieldEmptyCreate returned
 Complete a Field created by ESMF_FieldEmptyCreate returned
 Complete a Field created by ESMF_FieldEmptyCreate returned
 Field creation from Grid and Arrayspec returned
 Field Create from a Grid and an Array returned
 Complete a Field created by ESMF_FieldEmptyCreate returned
 Complete a Field created by ESMF_FieldEmptyCreate returned
 Field Create from a Grid and a Fortran data pointer returned
 Field Create from a Grid and a Fortran data pointer returned
 Field Create from a Grid and a Fortran data pointer returned
 Field Create from a Grid and a Fortran data pointer returned
  PASS  Example ESMF_FieldEx, ESMF_FieldEx.F90, line 999
  PASS  Example ESMF_FieldEx, ESMF_FieldEx.F90, line 999
  PASS  Example ESMF_FieldEx, ESMF_FieldEx.F90, line 999
  PASS  Example ESMF_FieldEx, ESMF_FieldEx.F90, line 999
 PASS: ESMF_FieldEx.F90
 PASS: ESMF_FieldEx.F90
 PASS: ESMF_FieldEx.F90
 PASS: ESMF_FieldEx.F90
TOTCPU=17:04:32 ELAP=00:32:01 REQMEM=5875Mc REQCPUS=24 ALLOCCPUS=32 TIMELIMIT=02:30:00 PART=s4 ACCT=star
MAXRSS=3404K MAXVMSIZE=196896K
________________________________________________________________
Job Resource Usage Summary for 11573701

  CPU Time Used : 17:04:32
  Memory Used : 3404K
  Virtual Memory Used : 196896K
  Walltime Used : 00:32:01

  Memory Requested : 5875Mc (n=per node; c=per core)
  CPUs Requested / Allocated : 24 / 32
  Walltime Requested : 02:30:00

  Execution Queue : s4
  Head Node : 
  Charged to : star

  Job Stopped : Thu Oct 28 06:51:12 UTC 2021
_____________________________________________________________________

