build time -- 2021-10-27 06:28:01
  PASS  Example ESMF_RHandleFromRHandleEx, ESMF_RHandleFromRHandleEx.F90, line 6
 60
  PASS  Example ESMF_RHandleFromRHandleEx, ESMF_RHandleFromRHandleEx.F90, line 6
 60
  PASS  Example ESMF_RHandleFromRHandleEx, ESMF_RHandleFromRHandleEx.F90, line 6
 60
  PASS  Example ESMF_RHandleFromRHandleEx, ESMF_RHandleFromRHandleEx.F90, line 6
 60
 PASS: ESMF_RHandleFromRHandleEx.F90
 PASS: ESMF_RHandleFromRHandleEx.F90
 PASS: ESMF_RHandleFromRHandleEx.F90
 PASS: ESMF_RHandleFromRHandleEx.F90
TOTCPU=21:34:56 ELAP=00:40:28 REQMEM=5875Mc REQCPUS=24 ALLOCCPUS=32 TIMELIMIT=02:30:00 PART=s4 ACCT=star
MAXRSS=44212K MAXVMSIZE=196896K
________________________________________________________________
Job Resource Usage Summary for 11572276

  CPU Time Used : 21:34:56
  Memory Used : 44212K
  Virtual Memory Used : 196896K
  Walltime Used : 00:40:28

  Memory Requested : 5875Mc (n=per node; c=per core)
  CPUs Requested / Allocated : 24 / 32
  Walltime Requested : 02:30:00

  Execution Queue : s4
  Head Node : 
  Charged to : star

  Job Stopped : Wed Oct 27 07:08:30 UTC 2021
_____________________________________________________________________

