build time -- 2021-10-28 06:19:10
  PASS  Example ESMF_FieldBundleHaloEx, ESMF_FieldBundleHaloEx.F90, line 319
  PASS  Example ESMF_FieldBundleHaloEx, ESMF_FieldBundleHaloEx.F90, line 319
  PASS  Example ESMF_FieldBundleHaloEx, ESMF_FieldBundleHaloEx.F90, line 319
  PASS  Example ESMF_FieldBundleHaloEx, ESMF_FieldBundleHaloEx.F90, line 319
 PASS: ESMF_FieldBundleHaloEx.F90
 PASS: ESMF_FieldBundleHaloEx.F90
 PASS: ESMF_FieldBundleHaloEx.F90
 PASS: ESMF_FieldBundleHaloEx.F90
TOTCPU=17:23:44 ELAP=00:32:37 REQMEM=5875Mc REQCPUS=24 ALLOCCPUS=32 TIMELIMIT=02:30:00 PART=s4 ACCT=star
MAXRSS=0 MAXVMSIZE=196896K
________________________________________________________________
Job Resource Usage Summary for 11573701

  CPU Time Used : 17:23:44
  Memory Used : 0
  Virtual Memory Used : 196896K
  Walltime Used : 00:32:37

  Memory Requested : 5875Mc (n=per node; c=per core)
  CPUs Requested / Allocated : 24 / 32
  Walltime Requested : 02:30:00

  Execution Queue : s4
  Head Node : 
  Charged to : star

  Job Stopped : Thu Oct 28 06:51:48 UTC 2021
_____________________________________________________________________

