build time -- 2022-01-19 04:06:16
20220119 050342.512 INFO             PET0 !!!!!!!!!!!!!!!!!!!!!!!!!!!!!!!!!!!!!!!!!!!!!!!!!!!!!!
20220119 050342.512 INFO             PET0 !!! THE ESMF_LOG IS SET TO OUTPUT ALL LOG MESSAGES !!!
20220119 050342.512 INFO             PET0 !!!     THIS MAY CAUSE SLOWDOWN IN PERFORMANCE     !!!
20220119 050342.512 INFO             PET0 !!! FOR PRODUCTION RUNS, USE:                      !!!
20220119 050342.512 INFO             PET0 !!!                   ESMF_LOGKIND_Multi_On_Error  !!!
20220119 050342.512 INFO             PET0 !!!!!!!!!!!!!!!!!!!!!!!!!!!!!!!!!!!!!!!!!!!!!!!!!!!!!!
20220119 050342.512 INFO             PET0 Running with ESMF Version   : ESMF_8_3_0_beta_snapshot_05-30-gf84ebe0184
20220119 050342.512 INFO             PET0 ESMF library build date/time: "Jan 19 2022" "04:03:14"
20220119 050342.512 INFO             PET0 ESMF library build location : /mnt/lfs4/HFIP/hfv3gfs/Mark.Potts/intel_2020.2_mvapich2_g_develop
20220119 050342.512 INFO             PET0 ESMF_COMM                   : mvapich2
20220119 050342.513 INFO             PET0 ESMF_MOAB                   : enabled
20220119 050342.513 INFO             PET0 ESMF_LAPACK                 : enabled
20220119 050342.513 INFO             PET0 ESMF_NETCDF                 : enabled
20220119 050342.513 INFO             PET0 ESMF_PNETCDF                : disabled
20220119 050342.513 INFO             PET0 ESMF_PIO                    : enabled
20220119 050342.513 INFO             PET0 ESMF_YAMLCPP                : enabled
20220119 050342.517 INFO             PET0 ESMF_FieldRedistStoreNF(): Just entered routine.
20220119 050342.521 INFO             PET0 ESMF_FieldRedistStoreNF(): Leaving routine.
20220119 050342.529 INFO             PET0 ESMF_FieldRedistStoreNF(): Just entered routine.
20220119 050342.530 INFO             PET0 ESMF_FieldRedistStoreNF(): Leaving routine.
20220119 050342.531 INFO             PET0 ESMF_FieldRedistStoreNF(): Just entered routine.
20220119 050342.532 INFO             PET0 ESMF_FieldRedistStoreNF(): Leaving routine.
20220119 050342.532 INFO             PET0  NUMBER_OF_PROCESSORS           4
20220119 050342.532 INFO             PET0  PASS  Example ESMF_FieldRedistEx, ESMF_FieldRedistEx.F90, line 521
20220119 050342.532 INFO             PET0 Finalizing ESMF
20220119 050342.512 INFO             PET1 !!!!!!!!!!!!!!!!!!!!!!!!!!!!!!!!!!!!!!!!!!!!!!!!!!!!!!
20220119 050342.512 INFO             PET1 !!! THE ESMF_LOG IS SET TO OUTPUT ALL LOG MESSAGES !!!
20220119 050342.512 INFO             PET1 !!!     THIS MAY CAUSE SLOWDOWN IN PERFORMANCE     !!!
20220119 050342.512 INFO             PET1 !!! FOR PRODUCTION RUNS, USE:                      !!!
20220119 050342.512 INFO             PET1 !!!                   ESMF_LOGKIND_Multi_On_Error  !!!
20220119 050342.512 INFO             PET1 !!!!!!!!!!!!!!!!!!!!!!!!!!!!!!!!!!!!!!!!!!!!!!!!!!!!!!
20220119 050342.512 INFO             PET1 Running with ESMF Version   : ESMF_8_3_0_beta_snapshot_05-30-gf84ebe0184
20220119 050342.512 INFO             PET1 ESMF library build date/time: "Jan 19 2022" "04:03:14"
20220119 050342.512 INFO             PET1 ESMF library build location : /mnt/lfs4/HFIP/hfv3gfs/Mark.Potts/intel_2020.2_mvapich2_g_develop
20220119 050342.512 INFO             PET1 ESMF_COMM                   : mvapich2
20220119 050342.513 INFO             PET1 ESMF_MOAB                   : enabled
20220119 050342.513 INFO             PET1 ESMF_LAPACK                 : enabled
20220119 050342.513 INFO             PET1 ESMF_NETCDF                 : enabled
20220119 050342.513 INFO             PET1 ESMF_PNETCDF                : disabled
20220119 050342.513 INFO             PET1 ESMF_PIO                    : enabled
20220119 050342.513 INFO             PET1 ESMF_YAMLCPP                : enabled
20220119 050342.517 INFO             PET1 ESMF_FieldRedistStoreNF(): Just entered routine.
20220119 050342.521 INFO             PET1 ESMF_FieldRedistStoreNF(): Leaving routine.
20220119 050342.529 INFO             PET1 ESMF_FieldRedistStoreNF(): Just entered routine.
20220119 050342.530 INFO             PET1 ESMF_FieldRedistStoreNF(): Leaving routine.
20220119 050342.531 INFO             PET1 ESMF_FieldRedistStoreNF(): Just entered routine.
20220119 050342.532 INFO             PET1 ESMF_FieldRedistStoreNF(): Leaving routine.
20220119 050342.532 INFO             PET1  NUMBER_OF_PROCESSORS           4
20220119 050342.532 INFO             PET1  PASS  Example ESMF_FieldRedistEx, ESMF_FieldRedistEx.F90, line 521
20220119 050342.532 INFO             PET1 Finalizing ESMF
20220119 050342.512 INFO             PET2 !!!!!!!!!!!!!!!!!!!!!!!!!!!!!!!!!!!!!!!!!!!!!!!!!!!!!!
20220119 050342.512 INFO             PET2 !!! THE ESMF_LOG IS SET TO OUTPUT ALL LOG MESSAGES !!!
20220119 050342.512 INFO             PET2 !!!     THIS MAY CAUSE SLOWDOWN IN PERFORMANCE     !!!
20220119 050342.512 INFO             PET2 !!! FOR PRODUCTION RUNS, USE:                      !!!
20220119 050342.512 INFO             PET2 !!!                   ESMF_LOGKIND_Multi_On_Error  !!!
20220119 050342.512 INFO             PET2 !!!!!!!!!!!!!!!!!!!!!!!!!!!!!!!!!!!!!!!!!!!!!!!!!!!!!!
20220119 050342.512 INFO             PET2 Running with ESMF Version   : ESMF_8_3_0_beta_snapshot_05-30-gf84ebe0184
20220119 050342.512 INFO             PET2 ESMF library build date/time: "Jan 19 2022" "04:03:14"
20220119 050342.512 INFO             PET2 ESMF library build location : /mnt/lfs4/HFIP/hfv3gfs/Mark.Potts/intel_2020.2_mvapich2_g_develop
20220119 050342.512 INFO             PET2 ESMF_COMM                   : mvapich2
20220119 050342.513 INFO             PET2 ESMF_MOAB                   : enabled
20220119 050342.513 INFO             PET2 ESMF_LAPACK                 : enabled
20220119 050342.513 INFO             PET2 ESMF_NETCDF                 : enabled
20220119 050342.513 INFO             PET2 ESMF_PNETCDF                : disabled
20220119 050342.513 INFO             PET2 ESMF_PIO                    : enabled
20220119 050342.513 INFO             PET2 ESMF_YAMLCPP                : enabled
20220119 050342.517 INFO             PET2 ESMF_FieldRedistStoreNF(): Just entered routine.
20220119 050342.521 INFO             PET2 ESMF_FieldRedistStoreNF(): Leaving routine.
20220119 050342.529 INFO             PET2 ESMF_FieldRedistStoreNF(): Just entered routine.
20220119 050342.530 INFO             PET2 ESMF_FieldRedistStoreNF(): Leaving routine.
20220119 050342.531 INFO             PET2 ESMF_FieldRedistStoreNF(): Just entered routine.
20220119 050342.532 INFO             PET2 ESMF_FieldRedistStoreNF(): Leaving routine.
20220119 050342.532 INFO             PET2  NUMBER_OF_PROCESSORS           4
20220119 050342.532 INFO             PET2  PASS  Example ESMF_FieldRedistEx, ESMF_FieldRedistEx.F90, line 521
20220119 050342.532 INFO             PET2 Finalizing ESMF
20220119 050342.512 INFO             PET3 !!!!!!!!!!!!!!!!!!!!!!!!!!!!!!!!!!!!!!!!!!!!!!!!!!!!!!
20220119 050342.513 INFO             PET3 !!! THE ESMF_LOG IS SET TO OUTPUT ALL LOG MESSAGES !!!
20220119 050342.513 INFO             PET3 !!!     THIS MAY CAUSE SLOWDOWN IN PERFORMANCE     !!!
20220119 050342.513 INFO             PET3 !!! FOR PRODUCTION RUNS, USE:                      !!!
20220119 050342.513 INFO             PET3 !!!                   ESMF_LOGKIND_Multi_On_Error  !!!
20220119 050342.513 INFO             PET3 !!!!!!!!!!!!!!!!!!!!!!!!!!!!!!!!!!!!!!!!!!!!!!!!!!!!!!
20220119 050342.513 INFO             PET3 Running with ESMF Version   : ESMF_8_3_0_beta_snapshot_05-30-gf84ebe0184
20220119 050342.513 INFO             PET3 ESMF library build date/time: "Jan 19 2022" "04:03:14"
20220119 050342.513 INFO             PET3 ESMF library build location : /mnt/lfs4/HFIP/hfv3gfs/Mark.Potts/intel_2020.2_mvapich2_g_develop
20220119 050342.513 INFO             PET3 ESMF_COMM                   : mvapich2
20220119 050342.514 INFO             PET3 ESMF_MOAB                   : enabled
20220119 050342.514 INFO             PET3 ESMF_LAPACK                 : enabled
20220119 050342.514 INFO             PET3 ESMF_NETCDF                 : enabled
20220119 050342.514 INFO             PET3 ESMF_PNETCDF                : disabled
20220119 050342.514 INFO             PET3 ESMF_PIO                    : enabled
20220119 050342.514 INFO             PET3 ESMF_YAMLCPP                : enabled
20220119 050342.517 INFO             PET3 ESMF_FieldRedistStoreNF(): Just entered routine.
20220119 050342.521 INFO             PET3 ESMF_FieldRedistStoreNF(): Leaving routine.
20220119 050342.529 INFO             PET3 ESMF_FieldRedistStoreNF(): Just entered routine.
20220119 050342.530 INFO             PET3 ESMF_FieldRedistStoreNF(): Leaving routine.
20220119 050342.531 INFO             PET3 ESMF_FieldRedistStoreNF(): Just entered routine.
20220119 050342.532 INFO             PET3 ESMF_FieldRedistStoreNF(): Leaving routine.
20220119 050342.532 INFO             PET3  NUMBER_OF_PROCESSORS           4
20220119 050342.532 INFO             PET3  PASS  Example ESMF_FieldRedistEx, ESMF_FieldRedistEx.F90, line 521
20220119 050342.532 INFO             PET3 Finalizing ESMF
