build time -- 2021-11-13 04:06:33
20211113 051620.834 INFO             PET0 !!!!!!!!!!!!!!!!!!!!!!!!!!!!!!!!!!!!!!!!!!!!!!!!!!!!!!
20211113 051620.835 INFO             PET0 !!! THE ESMF_LOG IS SET TO OUTPUT ALL LOG MESSAGES !!!
20211113 051620.835 INFO             PET0 !!!     THIS MAY CAUSE SLOWDOWN IN PERFORMANCE     !!!
20211113 051620.835 INFO             PET0 !!! FOR PRODUCTION RUNS, USE:                      !!!
20211113 051620.835 INFO             PET0 !!!                   ESMF_LOGKIND_Multi_On_Error  !!!
20211113 051620.835 INFO             PET0 !!!!!!!!!!!!!!!!!!!!!!!!!!!!!!!!!!!!!!!!!!!!!!!!!!!!!!
20211113 051620.835 INFO             PET0 Running with ESMF Version   : ESMF_8_3_0_beta_snapshot_02-9-g35b0f617ee
20211113 051620.835 INFO             PET0 ESMF library build date/time: "Nov 13 2021" "04:03:28"
20211113 051620.835 INFO             PET0 ESMF library build location : /mnt/lfs4/HFIP/hfv3gfs/Mark.Potts/intel_2020.2_mvapich2_g_develop
20211113 051620.835 INFO             PET0 ESMF_COMM                   : mvapich2
20211113 051620.836 INFO             PET0 ESMF_MOAB                   : enabled
20211113 051620.836 INFO             PET0 ESMF_LAPACK                 : enabled
20211113 051620.836 INFO             PET0 ESMF_NETCDF                 : enabled
20211113 051620.836 INFO             PET0 ESMF_PNETCDF                : disabled
20211113 051620.836 INFO             PET0 ESMF_PIO                    : enabled
20211113 051620.836 INFO             PET0 ESMF_YAMLCPP                : enabled
20211113 051621.014 DEBUG            PET0 about to destroy Grid: 0x22f4a80
20211113 051621.048 DEBUG            PET0 about to destroy Grid: 0x22f68a0
20211113 051621.108 INFO             PET0  NUMBER_OF_PROCESSORS           4
20211113 051621.108 INFO             PET0  PASS  Example ESMF_NUOPCAtmModelEx, ESMF_NUOPCAtmModelEx.F90, line 806
20211113 051621.108 INFO             PET0 Finalizing ESMF
20211113 051620.834 INFO             PET1 !!!!!!!!!!!!!!!!!!!!!!!!!!!!!!!!!!!!!!!!!!!!!!!!!!!!!!
20211113 051620.834 INFO             PET1 !!! THE ESMF_LOG IS SET TO OUTPUT ALL LOG MESSAGES !!!
20211113 051620.834 INFO             PET1 !!!     THIS MAY CAUSE SLOWDOWN IN PERFORMANCE     !!!
20211113 051620.834 INFO             PET1 !!! FOR PRODUCTION RUNS, USE:                      !!!
20211113 051620.834 INFO             PET1 !!!                   ESMF_LOGKIND_Multi_On_Error  !!!
20211113 051620.834 INFO             PET1 !!!!!!!!!!!!!!!!!!!!!!!!!!!!!!!!!!!!!!!!!!!!!!!!!!!!!!
20211113 051620.834 INFO             PET1 Running with ESMF Version   : ESMF_8_3_0_beta_snapshot_02-9-g35b0f617ee
20211113 051620.834 INFO             PET1 ESMF library build date/time: "Nov 13 2021" "04:03:28"
20211113 051620.834 INFO             PET1 ESMF library build location : /mnt/lfs4/HFIP/hfv3gfs/Mark.Potts/intel_2020.2_mvapich2_g_develop
20211113 051620.834 INFO             PET1 ESMF_COMM                   : mvapich2
20211113 051620.836 INFO             PET1 ESMF_MOAB                   : enabled
20211113 051620.836 INFO             PET1 ESMF_LAPACK                 : enabled
20211113 051620.836 INFO             PET1 ESMF_NETCDF                 : enabled
20211113 051620.836 INFO             PET1 ESMF_PNETCDF                : disabled
20211113 051620.836 INFO             PET1 ESMF_PIO                    : enabled
20211113 051620.836 INFO             PET1 ESMF_YAMLCPP                : enabled
20211113 051621.014 DEBUG            PET1 about to destroy Grid: 0x19a50e0
20211113 051621.048 DEBUG            PET1 about to destroy Grid: 0x19a75a0
20211113 051621.108 INFO             PET1  NUMBER_OF_PROCESSORS           4
20211113 051621.108 INFO             PET1  PASS  Example ESMF_NUOPCAtmModelEx, ESMF_NUOPCAtmModelEx.F90, line 806
20211113 051621.108 INFO             PET1 Finalizing ESMF
20211113 051620.834 INFO             PET2 !!!!!!!!!!!!!!!!!!!!!!!!!!!!!!!!!!!!!!!!!!!!!!!!!!!!!!
20211113 051620.834 INFO             PET2 !!! THE ESMF_LOG IS SET TO OUTPUT ALL LOG MESSAGES !!!
20211113 051620.834 INFO             PET2 !!!     THIS MAY CAUSE SLOWDOWN IN PERFORMANCE     !!!
20211113 051620.834 INFO             PET2 !!! FOR PRODUCTION RUNS, USE:                      !!!
20211113 051620.834 INFO             PET2 !!!                   ESMF_LOGKIND_Multi_On_Error  !!!
20211113 051620.834 INFO             PET2 !!!!!!!!!!!!!!!!!!!!!!!!!!!!!!!!!!!!!!!!!!!!!!!!!!!!!!
20211113 051620.834 INFO             PET2 Running with ESMF Version   : ESMF_8_3_0_beta_snapshot_02-9-g35b0f617ee
20211113 051620.834 INFO             PET2 ESMF library build date/time: "Nov 13 2021" "04:03:28"
20211113 051620.834 INFO             PET2 ESMF library build location : /mnt/lfs4/HFIP/hfv3gfs/Mark.Potts/intel_2020.2_mvapich2_g_develop
20211113 051620.834 INFO             PET2 ESMF_COMM                   : mvapich2
20211113 051620.835 INFO             PET2 ESMF_MOAB                   : enabled
20211113 051620.835 INFO             PET2 ESMF_LAPACK                 : enabled
20211113 051620.835 INFO             PET2 ESMF_NETCDF                 : enabled
20211113 051620.835 INFO             PET2 ESMF_PNETCDF                : disabled
20211113 051620.835 INFO             PET2 ESMF_PIO                    : enabled
20211113 051620.835 INFO             PET2 ESMF_YAMLCPP                : enabled
20211113 051621.014 DEBUG            PET2 about to destroy Grid: 0x26d60e0
20211113 051621.048 DEBUG            PET2 about to destroy Grid: 0x26d85a0
20211113 051621.108 INFO             PET2  NUMBER_OF_PROCESSORS           4
20211113 051621.108 INFO             PET2  PASS  Example ESMF_NUOPCAtmModelEx, ESMF_NUOPCAtmModelEx.F90, line 806
20211113 051621.108 INFO             PET2 Finalizing ESMF
20211113 051620.834 INFO             PET3 !!!!!!!!!!!!!!!!!!!!!!!!!!!!!!!!!!!!!!!!!!!!!!!!!!!!!!
20211113 051620.834 INFO             PET3 !!! THE ESMF_LOG IS SET TO OUTPUT ALL LOG MESSAGES !!!
20211113 051620.834 INFO             PET3 !!!     THIS MAY CAUSE SLOWDOWN IN PERFORMANCE     !!!
20211113 051620.834 INFO             PET3 !!! FOR PRODUCTION RUNS, USE:                      !!!
20211113 051620.834 INFO             PET3 !!!                   ESMF_LOGKIND_Multi_On_Error  !!!
20211113 051620.834 INFO             PET3 !!!!!!!!!!!!!!!!!!!!!!!!!!!!!!!!!!!!!!!!!!!!!!!!!!!!!!
20211113 051620.834 INFO             PET3 Running with ESMF Version   : ESMF_8_3_0_beta_snapshot_02-9-g35b0f617ee
20211113 051620.834 INFO             PET3 ESMF library build date/time: "Nov 13 2021" "04:03:28"
20211113 051620.834 INFO             PET3 ESMF library build location : /mnt/lfs4/HFIP/hfv3gfs/Mark.Potts/intel_2020.2_mvapich2_g_develop
20211113 051620.834 INFO             PET3 ESMF_COMM                   : mvapich2
20211113 051620.835 INFO             PET3 ESMF_MOAB                   : enabled
20211113 051620.835 INFO             PET3 ESMF_LAPACK                 : enabled
20211113 051620.835 INFO             PET3 ESMF_NETCDF                 : enabled
20211113 051620.835 INFO             PET3 ESMF_PNETCDF                : disabled
20211113 051620.835 INFO             PET3 ESMF_PIO                    : enabled
20211113 051620.835 INFO             PET3 ESMF_YAMLCPP                : enabled
20211113 051621.014 DEBUG            PET3 about to destroy Grid: 0x1c0a0e0
20211113 051621.048 DEBUG            PET3 about to destroy Grid: 0x1c0c5a0
20211113 051621.108 INFO             PET3  NUMBER_OF_PROCESSORS           4
20211113 051621.108 INFO             PET3  PASS  Example ESMF_NUOPCAtmModelEx, ESMF_NUOPCAtmModelEx.F90, line 806
20211113 051621.108 INFO             PET3 Finalizing ESMF
