build time -- 2022-02-15 04:07:18
20220215 051416.744 INFO             PET0 !!!!!!!!!!!!!!!!!!!!!!!!!!!!!!!!!!!!!!!!!!!!!!!!!!!!!!
20220215 051416.744 INFO             PET0 !!! THE ESMF_LOG IS SET TO OUTPUT ALL LOG MESSAGES !!!
20220215 051416.744 INFO             PET0 !!!     THIS MAY CAUSE SLOWDOWN IN PERFORMANCE     !!!
20220215 051416.744 INFO             PET0 !!! FOR PRODUCTION RUNS, USE:                      !!!
20220215 051416.744 INFO             PET0 !!!                   ESMF_LOGKIND_Multi_On_Error  !!!
20220215 051416.744 INFO             PET0 !!!!!!!!!!!!!!!!!!!!!!!!!!!!!!!!!!!!!!!!!!!!!!!!!!!!!!
20220215 051416.744 INFO             PET0 Running with ESMF Version   : ESMF_8_3_0_beta_snapshot_06-14-g9f69d9060c
20220215 051416.744 INFO             PET0 ESMF library build date/time: "Feb 15 2022" "04:04:10"
20220215 051416.744 INFO             PET0 ESMF library build location : /mnt/lfs4/HFIP/hfv3gfs/Mark.Potts/intel_2020.2_mvapich2_g_develop
20220215 051416.744 INFO             PET0 ESMF_COMM                   : mvapich2
20220215 051416.745 INFO             PET0 ESMF_MOAB                   : enabled
20220215 051416.745 INFO             PET0 ESMF_LAPACK                 : enabled
20220215 051416.745 INFO             PET0 ESMF_NETCDF                 : enabled
20220215 051416.745 INFO             PET0 ESMF_PNETCDF                : disabled
20220215 051416.745 INFO             PET0 ESMF_PIO                    : enabled
20220215 051416.745 INFO             PET0 ESMF_YAMLCPP                : enabled
20220215 051416.748 ERROR            PET0 ESMF_StateAPI.cppF90:1189 ESMF_StateAddList Object being used before creation  - Bad Object
20220215 051416.752 INFO             PET0  NUMBER_OF_PROCESSORS           4
20220215 051416.752 INFO             PET0  PASS  Example ESMF_StateReconcileEx, ESMF_StateReconcileEx.F90, line 294
20220215 051416.752 INFO             PET0 Finalizing ESMF
20220215 051416.744 INFO             PET1 !!!!!!!!!!!!!!!!!!!!!!!!!!!!!!!!!!!!!!!!!!!!!!!!!!!!!!
20220215 051416.745 INFO             PET1 !!! THE ESMF_LOG IS SET TO OUTPUT ALL LOG MESSAGES !!!
20220215 051416.745 INFO             PET1 !!!     THIS MAY CAUSE SLOWDOWN IN PERFORMANCE     !!!
20220215 051416.745 INFO             PET1 !!! FOR PRODUCTION RUNS, USE:                      !!!
20220215 051416.745 INFO             PET1 !!!                   ESMF_LOGKIND_Multi_On_Error  !!!
20220215 051416.745 INFO             PET1 !!!!!!!!!!!!!!!!!!!!!!!!!!!!!!!!!!!!!!!!!!!!!!!!!!!!!!
20220215 051416.745 INFO             PET1 Running with ESMF Version   : ESMF_8_3_0_beta_snapshot_06-14-g9f69d9060c
20220215 051416.745 INFO             PET1 ESMF library build date/time: "Feb 15 2022" "04:04:10"
20220215 051416.745 INFO             PET1 ESMF library build location : /mnt/lfs4/HFIP/hfv3gfs/Mark.Potts/intel_2020.2_mvapich2_g_develop
20220215 051416.745 INFO             PET1 ESMF_COMM                   : mvapich2
20220215 051416.746 INFO             PET1 ESMF_MOAB                   : enabled
20220215 051416.746 INFO             PET1 ESMF_LAPACK                 : enabled
20220215 051416.746 INFO             PET1 ESMF_NETCDF                 : enabled
20220215 051416.746 INFO             PET1 ESMF_PNETCDF                : disabled
20220215 051416.746 INFO             PET1 ESMF_PIO                    : enabled
20220215 051416.746 INFO             PET1 ESMF_YAMLCPP                : enabled
20220215 051416.748 ERROR            PET1 ESMF_StateAPI.cppF90:1189 ESMF_StateAddList Object being used before creation  - Bad Object
20220215 051416.752 INFO             PET1  NUMBER_OF_PROCESSORS           4
20220215 051416.752 INFO             PET1  PASS  Example ESMF_StateReconcileEx, ESMF_StateReconcileEx.F90, line 294
20220215 051416.752 INFO             PET1 Finalizing ESMF
20220215 051416.744 INFO             PET2 !!!!!!!!!!!!!!!!!!!!!!!!!!!!!!!!!!!!!!!!!!!!!!!!!!!!!!
20220215 051416.744 INFO             PET2 !!! THE ESMF_LOG IS SET TO OUTPUT ALL LOG MESSAGES !!!
20220215 051416.744 INFO             PET2 !!!     THIS MAY CAUSE SLOWDOWN IN PERFORMANCE     !!!
20220215 051416.744 INFO             PET2 !!! FOR PRODUCTION RUNS, USE:                      !!!
20220215 051416.744 INFO             PET2 !!!                   ESMF_LOGKIND_Multi_On_Error  !!!
20220215 051416.744 INFO             PET2 !!!!!!!!!!!!!!!!!!!!!!!!!!!!!!!!!!!!!!!!!!!!!!!!!!!!!!
20220215 051416.744 INFO             PET2 Running with ESMF Version   : ESMF_8_3_0_beta_snapshot_06-14-g9f69d9060c
20220215 051416.744 INFO             PET2 ESMF library build date/time: "Feb 15 2022" "04:04:10"
20220215 051416.744 INFO             PET2 ESMF library build location : /mnt/lfs4/HFIP/hfv3gfs/Mark.Potts/intel_2020.2_mvapich2_g_develop
20220215 051416.744 INFO             PET2 ESMF_COMM                   : mvapich2
20220215 051416.745 INFO             PET2 ESMF_MOAB                   : enabled
20220215 051416.745 INFO             PET2 ESMF_LAPACK                 : enabled
20220215 051416.745 INFO             PET2 ESMF_NETCDF                 : enabled
20220215 051416.745 INFO             PET2 ESMF_PNETCDF                : disabled
20220215 051416.745 INFO             PET2 ESMF_PIO                    : enabled
20220215 051416.745 INFO             PET2 ESMF_YAMLCPP                : enabled
20220215 051416.748 ERROR            PET2 ESMF_StateAPI.cppF90:1189 ESMF_StateAddList Object being used before creation  - Bad Object
20220215 051416.752 INFO             PET2  NUMBER_OF_PROCESSORS           4
20220215 051416.752 INFO             PET2  PASS  Example ESMF_StateReconcileEx, ESMF_StateReconcileEx.F90, line 294
20220215 051416.752 INFO             PET2 Finalizing ESMF
20220215 051416.744 INFO             PET3 !!!!!!!!!!!!!!!!!!!!!!!!!!!!!!!!!!!!!!!!!!!!!!!!!!!!!!
20220215 051416.744 INFO             PET3 !!! THE ESMF_LOG IS SET TO OUTPUT ALL LOG MESSAGES !!!
20220215 051416.744 INFO             PET3 !!!     THIS MAY CAUSE SLOWDOWN IN PERFORMANCE     !!!
20220215 051416.744 INFO             PET3 !!! FOR PRODUCTION RUNS, USE:                      !!!
20220215 051416.744 INFO             PET3 !!!                   ESMF_LOGKIND_Multi_On_Error  !!!
20220215 051416.744 INFO             PET3 !!!!!!!!!!!!!!!!!!!!!!!!!!!!!!!!!!!!!!!!!!!!!!!!!!!!!!
20220215 051416.744 INFO             PET3 Running with ESMF Version   : ESMF_8_3_0_beta_snapshot_06-14-g9f69d9060c
20220215 051416.744 INFO             PET3 ESMF library build date/time: "Feb 15 2022" "04:04:10"
20220215 051416.744 INFO             PET3 ESMF library build location : /mnt/lfs4/HFIP/hfv3gfs/Mark.Potts/intel_2020.2_mvapich2_g_develop
20220215 051416.744 INFO             PET3 ESMF_COMM                   : mvapich2
20220215 051416.745 INFO             PET3 ESMF_MOAB                   : enabled
20220215 051416.745 INFO             PET3 ESMF_LAPACK                 : enabled
20220215 051416.745 INFO             PET3 ESMF_NETCDF                 : enabled
20220215 051416.745 INFO             PET3 ESMF_PNETCDF                : disabled
20220215 051416.745 INFO             PET3 ESMF_PIO                    : enabled
20220215 051416.745 INFO             PET3 ESMF_YAMLCPP                : enabled
20220215 051416.748 ERROR            PET3 ESMF_StateAPI.cppF90:1189 ESMF_StateAddList Object being used before creation  - Bad Object
20220215 051416.752 INFO             PET3  NUMBER_OF_PROCESSORS           4
20220215 051416.752 INFO             PET3  PASS  Example ESMF_StateReconcileEx, ESMF_StateReconcileEx.F90, line 294
20220215 051416.752 INFO             PET3 Finalizing ESMF
