build time -- 2021-11-18 01:28:39
20211118 014751.417 INFO             PET0 !!!!!!!!!!!!!!!!!!!!!!!!!!!!!!!!!!!!!!!!!!!!!!!!!!!!!!
20211118 014751.417 INFO             PET0 !!! THE ESMF_LOG IS SET TO OUTPUT ALL LOG MESSAGES !!!
20211118 014751.417 INFO             PET0 !!!     THIS MAY CAUSE SLOWDOWN IN PERFORMANCE     !!!
20211118 014751.417 INFO             PET0 !!! FOR PRODUCTION RUNS, USE:                      !!!
20211118 014751.417 INFO             PET0 !!!                   ESMF_LOGKIND_Multi_On_Error  !!!
20211118 014751.417 INFO             PET0 !!!!!!!!!!!!!!!!!!!!!!!!!!!!!!!!!!!!!!!!!!!!!!!!!!!!!!
20211118 014751.417 INFO             PET0 Running with ESMF Version   : ESMF_8_3_0_beta_snapshot_02-9-g35b0f617ee
20211118 014751.417 INFO             PET0 ESMF library build date/time: "Nov 18 2021" "01:27:37"
20211118 014751.417 INFO             PET0 ESMF library build location : /lfs/h1/emc/ptmp/Mark.Potts/gfortran_10.3.0_mpich3_g_develop
20211118 014751.417 INFO             PET0 ESMF_COMM                   : mpich3
20211118 014751.418 INFO             PET0 ESMF_MOAB                   : enabled
20211118 014751.418 INFO             PET0 ESMF_LAPACK                 : enabled
20211118 014751.418 INFO             PET0 ESMF_NETCDF                 : enabled
20211118 014751.418 INFO             PET0 ESMF_PNETCDF                : disabled
20211118 014751.418 INFO             PET0 ESMF_PIO                    : enabled
20211118 014751.418 INFO             PET0 ESMF_YAMLCPP                : enabled
20211118 014751.418 INFO             PET0  NUMBER_OF_PROCESSORS           1
20211118 014751.418 INFO             PET0  PASS  Example ESMF_AlarmEx, ESMF_AlarmEx.F90, line 244
20211118 014751.418 INFO             PET0 Finalizing ESMF
