build time -- 2021-12-07 01:28:44
20211207 014745.436 INFO             PET0 !!!!!!!!!!!!!!!!!!!!!!!!!!!!!!!!!!!!!!!!!!!!!!!!!!!!!!
20211207 014745.436 INFO             PET0 !!! THE ESMF_LOG IS SET TO OUTPUT ALL LOG MESSAGES !!!
20211207 014745.436 INFO             PET0 !!!     THIS MAY CAUSE SLOWDOWN IN PERFORMANCE     !!!
20211207 014745.436 INFO             PET0 !!! FOR PRODUCTION RUNS, USE:                      !!!
20211207 014745.436 INFO             PET0 !!!                   ESMF_LOGKIND_Multi_On_Error  !!!
20211207 014745.436 INFO             PET0 !!!!!!!!!!!!!!!!!!!!!!!!!!!!!!!!!!!!!!!!!!!!!!!!!!!!!!
20211207 014745.436 INFO             PET0 Running with ESMF Version   : ESMF_8_3_0_beta_snapshot_04-7-gc7b07b1e9a
20211207 014745.436 INFO             PET0 ESMF library build date/time: "Dec  7 2021" "01:27:42"
20211207 014745.436 INFO             PET0 ESMF library build location : /lfs/h1/emc/ptmp/Mark.Potts/gfortran_10.3.0_mpich3_g_develop
20211207 014745.436 INFO             PET0 ESMF_COMM                   : mpich3
20211207 014745.436 INFO             PET0 ESMF_MOAB                   : enabled
20211207 014745.436 INFO             PET0 ESMF_LAPACK                 : enabled
20211207 014745.436 INFO             PET0 ESMF_NETCDF                 : enabled
20211207 014745.436 INFO             PET0 ESMF_PNETCDF                : disabled
20211207 014745.436 INFO             PET0 ESMF_PIO                    : enabled
20211207 014745.436 INFO             PET0 ESMF_YAMLCPP                : enabled
20211207 014745.436 INFO             PET0  NUMBER_OF_PROCESSORS           4
20211207 014745.436 INFO             PET0  PASS  Example ESMF_VMUserMpiCommMultiEx, ESMF_VMUserMpiCommMultiEx.F90, line 126
20211207 014745.436 INFO             PET0 Finalizing ESMF
20211207 014745.436 INFO             PET0 !!!!!!!!!!!!!!!!!!!!!!!!!!!!!!!!!!!!!!!!!!!!!!!!!!!!!!
20211207 014745.436 INFO             PET0 !!! THE ESMF_LOG IS SET TO OUTPUT ALL LOG MESSAGES !!!
20211207 014745.436 INFO             PET0 !!!     THIS MAY CAUSE SLOWDOWN IN PERFORMANCE     !!!
20211207 014745.436 INFO             PET0 !!! FOR PRODUCTION RUNS, USE:                      !!!
20211207 014745.436 INFO             PET0 !!!                   ESMF_LOGKIND_Multi_On_Error  !!!
20211207 014745.436 INFO             PET0 !!!!!!!!!!!!!!!!!!!!!!!!!!!!!!!!!!!!!!!!!!!!!!!!!!!!!!
20211207 014745.436 INFO             PET0 Running with ESMF Version   : ESMF_8_3_0_beta_snapshot_04-7-gc7b07b1e9a
20211207 014745.436 INFO             PET0 ESMF library build date/time: "Dec  7 2021" "01:27:42"
20211207 014745.436 INFO             PET0 ESMF library build location : /lfs/h1/emc/ptmp/Mark.Potts/gfortran_10.3.0_mpich3_g_develop
20211207 014745.436 INFO             PET0 ESMF_COMM                   : mpich3
20211207 014745.436 INFO             PET0 ESMF_MOAB                   : enabled
20211207 014745.436 INFO             PET0 ESMF_LAPACK                 : enabled
20211207 014745.436 INFO             PET0 ESMF_NETCDF                 : enabled
20211207 014745.436 INFO             PET0 ESMF_PNETCDF                : disabled
20211207 014745.436 INFO             PET0 ESMF_PIO                    : enabled
20211207 014745.436 INFO             PET0 ESMF_YAMLCPP                : enabled
20211207 014745.436 INFO             PET0  NUMBER_OF_PROCESSORS           4
20211207 014745.436 INFO             PET0  PASS  Example ESMF_VMUserMpiCommMultiEx, ESMF_VMUserMpiCommMultiEx.F90, line 154
20211207 014745.436 INFO             PET0 Finalizing ESMF
20211207 014745.436 INFO             PET1 !!!!!!!!!!!!!!!!!!!!!!!!!!!!!!!!!!!!!!!!!!!!!!!!!!!!!!
20211207 014745.436 INFO             PET1 !!! THE ESMF_LOG IS SET TO OUTPUT ALL LOG MESSAGES !!!
20211207 014745.436 INFO             PET1 !!!     THIS MAY CAUSE SLOWDOWN IN PERFORMANCE     !!!
20211207 014745.436 INFO             PET1 !!! FOR PRODUCTION RUNS, USE:                      !!!
20211207 014745.436 INFO             PET1 !!!                   ESMF_LOGKIND_Multi_On_Error  !!!
20211207 014745.436 INFO             PET1 !!!!!!!!!!!!!!!!!!!!!!!!!!!!!!!!!!!!!!!!!!!!!!!!!!!!!!
20211207 014745.436 INFO             PET1 Running with ESMF Version   : ESMF_8_3_0_beta_snapshot_04-7-gc7b07b1e9a
20211207 014745.436 INFO             PET1 ESMF library build date/time: "Dec  7 2021" "01:27:42"
20211207 014745.436 INFO             PET1 ESMF library build location : /lfs/h1/emc/ptmp/Mark.Potts/gfortran_10.3.0_mpich3_g_develop
20211207 014745.436 INFO             PET1 ESMF_COMM                   : mpich3
20211207 014745.436 INFO             PET1 ESMF_MOAB                   : enabled
20211207 014745.436 INFO             PET1 ESMF_LAPACK                 : enabled
20211207 014745.436 INFO             PET1 ESMF_NETCDF                 : enabled
20211207 014745.436 INFO             PET1 ESMF_PNETCDF                : disabled
20211207 014745.436 INFO             PET1 ESMF_PIO                    : enabled
20211207 014745.436 INFO             PET1 ESMF_YAMLCPP                : enabled
20211207 014745.436 INFO             PET1  NUMBER_OF_PROCESSORS           4
20211207 014745.436 INFO             PET1  PASS  Example ESMF_VMUserMpiCommMultiEx, ESMF_VMUserMpiCommMultiEx.F90, line 126
20211207 014745.436 INFO             PET1 Finalizing ESMF
20211207 014745.436 INFO             PET1 !!!!!!!!!!!!!!!!!!!!!!!!!!!!!!!!!!!!!!!!!!!!!!!!!!!!!!
20211207 014745.436 INFO             PET1 !!! THE ESMF_LOG IS SET TO OUTPUT ALL LOG MESSAGES !!!
20211207 014745.436 INFO             PET1 !!!     THIS MAY CAUSE SLOWDOWN IN PERFORMANCE     !!!
20211207 014745.436 INFO             PET1 !!! FOR PRODUCTION RUNS, USE:                      !!!
20211207 014745.436 INFO             PET1 !!!                   ESMF_LOGKIND_Multi_On_Error  !!!
20211207 014745.436 INFO             PET1 !!!!!!!!!!!!!!!!!!!!!!!!!!!!!!!!!!!!!!!!!!!!!!!!!!!!!!
20211207 014745.436 INFO             PET1 Running with ESMF Version   : ESMF_8_3_0_beta_snapshot_04-7-gc7b07b1e9a
20211207 014745.436 INFO             PET1 ESMF library build date/time: "Dec  7 2021" "01:27:42"
20211207 014745.436 INFO             PET1 ESMF library build location : /lfs/h1/emc/ptmp/Mark.Potts/gfortran_10.3.0_mpich3_g_develop
20211207 014745.436 INFO             PET1 ESMF_COMM                   : mpich3
20211207 014745.436 INFO             PET1 ESMF_MOAB                   : enabled
20211207 014745.436 INFO             PET1 ESMF_LAPACK                 : enabled
20211207 014745.436 INFO             PET1 ESMF_NETCDF                 : enabled
20211207 014745.436 INFO             PET1 ESMF_PNETCDF                : disabled
20211207 014745.436 INFO             PET1 ESMF_PIO                    : enabled
20211207 014745.436 INFO             PET1 ESMF_YAMLCPP                : enabled
20211207 014745.436 INFO             PET1  NUMBER_OF_PROCESSORS           4
20211207 014745.436 INFO             PET1  PASS  Example ESMF_VMUserMpiCommMultiEx, ESMF_VMUserMpiCommMultiEx.F90, line 154
20211207 014745.436 INFO             PET1 Finalizing ESMF
