build time -- 2021-12-12 01:28:38
20211212 014745.852 INFO             PET0 !!!!!!!!!!!!!!!!!!!!!!!!!!!!!!!!!!!!!!!!!!!!!!!!!!!!!!
20211212 014745.852 INFO             PET0 !!! THE ESMF_LOG IS SET TO OUTPUT ALL LOG MESSAGES !!!
20211212 014745.852 INFO             PET0 !!!     THIS MAY CAUSE SLOWDOWN IN PERFORMANCE     !!!
20211212 014745.852 INFO             PET0 !!! FOR PRODUCTION RUNS, USE:                      !!!
20211212 014745.852 INFO             PET0 !!!                   ESMF_LOGKIND_Multi_On_Error  !!!
20211212 014745.852 INFO             PET0 !!!!!!!!!!!!!!!!!!!!!!!!!!!!!!!!!!!!!!!!!!!!!!!!!!!!!!
20211212 014745.852 INFO             PET0 Running with ESMF Version   : ESMF_8_3_0_beta_snapshot_04-8-g60a38ef462
20211212 014745.852 INFO             PET0 ESMF library build date/time: "Dec 12 2021" "01:27:36"
20211212 014745.852 INFO             PET0 ESMF library build location : /lfs/h1/emc/ptmp/Mark.Potts/gfortran_10.3.0_mpich3_g_develop
20211212 014745.852 INFO             PET0 ESMF_COMM                   : mpich3
20211212 014745.852 INFO             PET0 ESMF_MOAB                   : enabled
20211212 014745.852 INFO             PET0 ESMF_LAPACK                 : enabled
20211212 014745.852 INFO             PET0 ESMF_NETCDF                 : enabled
20211212 014745.852 INFO             PET0 ESMF_PNETCDF                : disabled
20211212 014745.852 INFO             PET0 ESMF_PIO                    : enabled
20211212 014745.852 INFO             PET0 ESMF_YAMLCPP                : enabled
20211212 014745.853 INFO             PET0  NUMBER_OF_PROCESSORS           1
20211212 014745.853 INFO             PET0  PASS  Example ESMF_TimeIntervalEx, ESMF_TimeIntervalEx.F90, line 176
20211212 014745.853 INFO             PET0 Finalizing ESMF
