build time -- 2021-10-12 01:33:06.443246
20211012 015058.853 INFO             PET0 !!!!!!!!!!!!!!!!!!!!!!!!!!!!!!!!!!!!!!!!!!!!!!!!!!!!!!
20211012 015058.853 INFO             PET0 !!! THE ESMF_LOG IS SET TO OUTPUT ALL LOG MESSAGES !!!
20211012 015058.853 INFO             PET0 !!!     THIS MAY CAUSE SLOWDOWN IN PERFORMANCE     !!!
20211012 015058.853 INFO             PET0 !!! FOR PRODUCTION RUNS, USE:                      !!!
20211012 015058.853 INFO             PET0 !!!                   ESMF_LOGKIND_Multi_On_Error  !!!
20211012 015058.853 INFO             PET0 !!!!!!!!!!!!!!!!!!!!!!!!!!!!!!!!!!!!!!!!!!!!!!!!!!!!!!
20211012 015058.853 INFO             PET0 Running with ESMF Version   : ESMF_8_2_0_beta_snapshot_21-3-ge04105f13a
20211012 015058.853 INFO             PET0 ESMF library build date/time: "Oct 12 2021" "01:32:09"
20211012 015058.853 INFO             PET0 ESMF library build location : /gpfsm/dnb04/projects/p98/mpotts/esmf/gfortran_8.3.0_mpiuni_O_release_8.2.0
20211012 015058.853 INFO             PET0 ESMF_COMM                   : mpiuni
20211012 015058.853 INFO             PET0 ESMF_MOAB                   : enabled
20211012 015058.853 INFO             PET0 ESMF_LAPACK                 : enabled
20211012 015058.853 INFO             PET0 ESMF_NETCDF                 : disabled
20211012 015058.853 INFO             PET0 ESMF_PNETCDF                : disabled
20211012 015058.853 INFO             PET0 ESMF_PIO                    : disabled
20211012 015058.853 INFO             PET0 ESMF_YAMLCPP                : enabled
20211012 015058.854 INFO             PET0 ESMF Tracing Enabled
20211012 015058.854 INFO             PET0 ESMF Profiling Enabled
20211012 015058.854 INFO             PET0 ESMF Trace/Profile clock: REALTIME
20211012 015058.854 INFO             PET0  NUMBER_OF_PROCESSORS           1
20211012 015058.854 INFO             PET0  PASS  Example ESMF_TraceUserEx, ESMF_TraceUserEx.F90, line 125
20211012 015058.854 INFO             PET0 Finalizing ESMF
20211012 015058.854 INFO             PET0 **************** Region Timings *******************
20211012 015058.854 INFO             PET0 Region              Count  Total (s)   Self (s)    Mean (s)    Min (s)     Max (s)
20211012 015058.854 INFO             PET0   outer_region      1      0.0001      0.0000      0.0001      0.0001      0.0001
20211012 015058.854 INFO             PET0     inner_region_1  10     0.0000      0.0000      0.0000      0.0000      0.0000
20211012 015058.854 INFO             PET0     inner_region_2  10     0.0000      0.0000      0.0000      0.0000      0.0000
