build time -- 2021-10-13 01:45:44.991353
20211013 020310.098 INFO             PET0 !!!!!!!!!!!!!!!!!!!!!!!!!!!!!!!!!!!!!!!!!!!!!!!!!!!!!!
20211013 020310.098 INFO             PET0 !!! THE ESMF_LOG IS SET TO OUTPUT ALL LOG MESSAGES !!!
20211013 020310.098 INFO             PET0 !!!     THIS MAY CAUSE SLOWDOWN IN PERFORMANCE     !!!
20211013 020310.098 INFO             PET0 !!! FOR PRODUCTION RUNS, USE:                      !!!
20211013 020310.098 INFO             PET0 !!!                   ESMF_LOGKIND_Multi_On_Error  !!!
20211013 020310.098 INFO             PET0 !!!!!!!!!!!!!!!!!!!!!!!!!!!!!!!!!!!!!!!!!!!!!!!!!!!!!!
20211013 020310.098 INFO             PET0 Running with ESMF Version   : ESMF_8_2_0_beta_snapshot_22-1-g094508a720
20211013 020310.098 INFO             PET0 ESMF library build date/time: "Oct 13 2021" "01:44:54"
20211013 020310.098 INFO             PET0 ESMF library build location : /gpfsm/dnb04/projects/p98/mpotts/esmf/gfortran_8.3.0_mpiuni_O_release_8.2.0
20211013 020310.098 INFO             PET0 ESMF_COMM                   : mpiuni
20211013 020310.098 INFO             PET0 ESMF_MOAB                   : enabled
20211013 020310.098 INFO             PET0 ESMF_LAPACK                 : enabled
20211013 020310.098 INFO             PET0 ESMF_NETCDF                 : disabled
20211013 020310.098 INFO             PET0 ESMF_PNETCDF                : disabled
20211013 020310.098 INFO             PET0 ESMF_PIO                    : disabled
20211013 020310.098 INFO             PET0 ESMF_YAMLCPP                : enabled
20211013 020310.100 INFO             PET0 ESMF_FieldRedistStoreNF(): Just entered routine.
20211013 020310.201 INFO             PET0 ESMF_FieldRedistStoreNF(): Leaving routine.
20211013 020310.211 INFO             PET0  NUMBER_OF_PROCESSORS           1
20211013 020310.211 INFO             PET0  PASS  Example ESMF_RHandleFromFileEx, ESMF_RHandleFromFileEx.F90, line 192
20211013 020310.211 INFO             PET0 Finalizing ESMF
