build time -- 2022-02-28 06:31:45.247845
20220228 074520.373 INFO             PET0 !!!!!!!!!!!!!!!!!!!!!!!!!!!!!!!!!!!!!!!!!!!!!!!!!!!!!!
20220228 074520.373 INFO             PET0 !!! THE ESMF_LOG IS SET TO OUTPUT ALL LOG MESSAGES !!!
20220228 074520.373 INFO             PET0 !!!     THIS MAY CAUSE SLOWDOWN IN PERFORMANCE     !!!
20220228 074520.373 INFO             PET0 !!! FOR PRODUCTION RUNS, USE:                      !!!
20220228 074520.373 INFO             PET0 !!!                   ESMF_LOGKIND_Multi_On_Error  !!!
20220228 074520.373 INFO             PET0 !!!!!!!!!!!!!!!!!!!!!!!!!!!!!!!!!!!!!!!!!!!!!!!!!!!!!!
20220228 074520.373 INFO             PET0 Running with ESMF Version   : ESMF_8_3_0_beta_snapshot_06-85-gae1d61de23
20220228 074520.373 INFO             PET0 ESMF library build date/time: "Feb 28 2022" "06:24:30"
20220228 074520.373 INFO             PET0 ESMF library build location : /glade/scratch/rlong/esmf-testing/intel_18.0.5_mpt_g_jedwards_pio_update
20220228 074520.373 INFO             PET0 ESMF_COMM                   : mpt
20220228 074520.373 INFO             PET0 ESMF_MOAB                   : enabled
20220228 074520.373 INFO             PET0 ESMF_LAPACK                 : enabled
20220228 074520.373 INFO             PET0 ESMF_NETCDF                 : enabled
20220228 074520.373 INFO             PET0 ESMF_PNETCDF                : disabled
20220228 074520.373 INFO             PET0 ESMF_PIO                    : enabled
20220228 074520.373 INFO             PET0 ESMF_YAMLCPP                : enabled
20220228 074520.506 DEBUG            PET0 about to destroy Grid: 0x2ea1b50
20220228 074520.531 DEBUG            PET0 about to destroy Grid: 0x2ea26e0
20220228 074520.577 INFO             PET0  NUMBER_OF_PROCESSORS           4
20220228 074520.577 INFO             PET0  PASS  Example ESMF_NUOPCAtmModelEx, ESMF_NUOPCAtmModelEx.F90, line 806
20220228 074520.577 INFO             PET0 Finalizing ESMF
20220228 074520.577 INFO             PET0 ESMCI_IO_Handler.C:330 ESMCI::IO_Handler::finalize() 
20220228 074520.577 INFO             PET0 ESMCI_PIO_Handler.C:347 ESMCI::PIO_Handler::finalize() 
20220228 074520.577 INFO             PET0 ESMCI_IO_Handler.C:332 ESMCI::IO_Handler::finalize() after finalize, localrc = 0
20220228 074520.577 INFO             PET0 ESMCI_IO_Handler.C:355 ESMCI::IO_Handler::finalize() before return, localrc = 0
20220228 074520.373 INFO             PET1 !!!!!!!!!!!!!!!!!!!!!!!!!!!!!!!!!!!!!!!!!!!!!!!!!!!!!!
20220228 074520.373 INFO             PET1 !!! THE ESMF_LOG IS SET TO OUTPUT ALL LOG MESSAGES !!!
20220228 074520.373 INFO             PET1 !!!     THIS MAY CAUSE SLOWDOWN IN PERFORMANCE     !!!
20220228 074520.373 INFO             PET1 !!! FOR PRODUCTION RUNS, USE:                      !!!
20220228 074520.373 INFO             PET1 !!!                   ESMF_LOGKIND_Multi_On_Error  !!!
20220228 074520.373 INFO             PET1 !!!!!!!!!!!!!!!!!!!!!!!!!!!!!!!!!!!!!!!!!!!!!!!!!!!!!!
20220228 074520.373 INFO             PET1 Running with ESMF Version   : ESMF_8_3_0_beta_snapshot_06-85-gae1d61de23
20220228 074520.373 INFO             PET1 ESMF library build date/time: "Feb 28 2022" "06:24:30"
20220228 074520.373 INFO             PET1 ESMF library build location : /glade/scratch/rlong/esmf-testing/intel_18.0.5_mpt_g_jedwards_pio_update
20220228 074520.373 INFO             PET1 ESMF_COMM                   : mpt
20220228 074520.373 INFO             PET1 ESMF_MOAB                   : enabled
20220228 074520.373 INFO             PET1 ESMF_LAPACK                 : enabled
20220228 074520.373 INFO             PET1 ESMF_NETCDF                 : enabled
20220228 074520.373 INFO             PET1 ESMF_PNETCDF                : disabled
20220228 074520.373 INFO             PET1 ESMF_PIO                    : enabled
20220228 074520.373 INFO             PET1 ESMF_YAMLCPP                : enabled
20220228 074520.506 DEBUG            PET1 about to destroy Grid: 0x2ea2b00
20220228 074520.531 DEBUG            PET1 about to destroy Grid: 0x2ea3930
20220228 074520.577 INFO             PET1  NUMBER_OF_PROCESSORS           4
20220228 074520.577 INFO             PET1  PASS  Example ESMF_NUOPCAtmModelEx, ESMF_NUOPCAtmModelEx.F90, line 806
20220228 074520.577 INFO             PET1 Finalizing ESMF
20220228 074520.577 INFO             PET1 ESMCI_IO_Handler.C:330 ESMCI::IO_Handler::finalize() 
20220228 074520.577 INFO             PET1 ESMCI_PIO_Handler.C:347 ESMCI::PIO_Handler::finalize() 
20220228 074520.577 INFO             PET1 ESMCI_IO_Handler.C:332 ESMCI::IO_Handler::finalize() after finalize, localrc = 0
20220228 074520.577 INFO             PET1 ESMCI_IO_Handler.C:355 ESMCI::IO_Handler::finalize() before return, localrc = 0
20220228 074520.373 INFO             PET2 !!!!!!!!!!!!!!!!!!!!!!!!!!!!!!!!!!!!!!!!!!!!!!!!!!!!!!
20220228 074520.373 INFO             PET2 !!! THE ESMF_LOG IS SET TO OUTPUT ALL LOG MESSAGES !!!
20220228 074520.373 INFO             PET2 !!!     THIS MAY CAUSE SLOWDOWN IN PERFORMANCE     !!!
20220228 074520.373 INFO             PET2 !!! FOR PRODUCTION RUNS, USE:                      !!!
20220228 074520.373 INFO             PET2 !!!                   ESMF_LOGKIND_Multi_On_Error  !!!
20220228 074520.373 INFO             PET2 !!!!!!!!!!!!!!!!!!!!!!!!!!!!!!!!!!!!!!!!!!!!!!!!!!!!!!
20220228 074520.373 INFO             PET2 Running with ESMF Version   : ESMF_8_3_0_beta_snapshot_06-85-gae1d61de23
20220228 074520.373 INFO             PET2 ESMF library build date/time: "Feb 28 2022" "06:24:30"
20220228 074520.373 INFO             PET2 ESMF library build location : /glade/scratch/rlong/esmf-testing/intel_18.0.5_mpt_g_jedwards_pio_update
20220228 074520.373 INFO             PET2 ESMF_COMM                   : mpt
20220228 074520.373 INFO             PET2 ESMF_MOAB                   : enabled
20220228 074520.373 INFO             PET2 ESMF_LAPACK                 : enabled
20220228 074520.373 INFO             PET2 ESMF_NETCDF                 : enabled
20220228 074520.373 INFO             PET2 ESMF_PNETCDF                : disabled
20220228 074520.373 INFO             PET2 ESMF_PIO                    : enabled
20220228 074520.373 INFO             PET2 ESMF_YAMLCPP                : enabled
20220228 074520.506 DEBUG            PET2 about to destroy Grid: 0x2ea2bc0
20220228 074520.531 DEBUG            PET2 about to destroy Grid: 0x2ea39f0
20220228 074520.577 INFO             PET2  NUMBER_OF_PROCESSORS           4
20220228 074520.577 INFO             PET2  PASS  Example ESMF_NUOPCAtmModelEx, ESMF_NUOPCAtmModelEx.F90, line 806
20220228 074520.577 INFO             PET2 Finalizing ESMF
20220228 074520.577 INFO             PET2 ESMCI_IO_Handler.C:330 ESMCI::IO_Handler::finalize() 
20220228 074520.577 INFO             PET2 ESMCI_PIO_Handler.C:347 ESMCI::PIO_Handler::finalize() 
20220228 074520.577 INFO             PET2 ESMCI_IO_Handler.C:332 ESMCI::IO_Handler::finalize() after finalize, localrc = 0
20220228 074520.577 INFO             PET2 ESMCI_IO_Handler.C:355 ESMCI::IO_Handler::finalize() before return, localrc = 0
20220228 074520.372 INFO             PET3 !!!!!!!!!!!!!!!!!!!!!!!!!!!!!!!!!!!!!!!!!!!!!!!!!!!!!!
20220228 074520.373 INFO             PET3 !!! THE ESMF_LOG IS SET TO OUTPUT ALL LOG MESSAGES !!!
20220228 074520.373 INFO             PET3 !!!     THIS MAY CAUSE SLOWDOWN IN PERFORMANCE     !!!
20220228 074520.373 INFO             PET3 !!! FOR PRODUCTION RUNS, USE:                      !!!
20220228 074520.373 INFO             PET3 !!!                   ESMF_LOGKIND_Multi_On_Error  !!!
20220228 074520.373 INFO             PET3 !!!!!!!!!!!!!!!!!!!!!!!!!!!!!!!!!!!!!!!!!!!!!!!!!!!!!!
20220228 074520.373 INFO             PET3 Running with ESMF Version   : ESMF_8_3_0_beta_snapshot_06-85-gae1d61de23
20220228 074520.373 INFO             PET3 ESMF library build date/time: "Feb 28 2022" "06:24:30"
20220228 074520.373 INFO             PET3 ESMF library build location : /glade/scratch/rlong/esmf-testing/intel_18.0.5_mpt_g_jedwards_pio_update
20220228 074520.373 INFO             PET3 ESMF_COMM                   : mpt
20220228 074520.373 INFO             PET3 ESMF_MOAB                   : enabled
20220228 074520.373 INFO             PET3 ESMF_LAPACK                 : enabled
20220228 074520.373 INFO             PET3 ESMF_NETCDF                 : enabled
20220228 074520.373 INFO             PET3 ESMF_PNETCDF                : disabled
20220228 074520.373 INFO             PET3 ESMF_PIO                    : enabled
20220228 074520.373 INFO             PET3 ESMF_YAMLCPP                : enabled
20220228 074520.506 DEBUG            PET3 about to destroy Grid: 0x2ea2c40
20220228 074520.531 DEBUG            PET3 about to destroy Grid: 0x2ea3a70
20220228 074520.577 INFO             PET3  NUMBER_OF_PROCESSORS           4
20220228 074520.577 INFO             PET3  PASS  Example ESMF_NUOPCAtmModelEx, ESMF_NUOPCAtmModelEx.F90, line 806
20220228 074520.577 INFO             PET3 Finalizing ESMF
20220228 074520.577 INFO             PET3 ESMCI_IO_Handler.C:330 ESMCI::IO_Handler::finalize() 
20220228 074520.577 INFO             PET3 ESMCI_PIO_Handler.C:347 ESMCI::PIO_Handler::finalize() 
20220228 074520.577 INFO             PET3 ESMCI_IO_Handler.C:332 ESMCI::IO_Handler::finalize() after finalize, localrc = 0
20220228 074520.577 INFO             PET3 ESMCI_IO_Handler.C:355 ESMCI::IO_Handler::finalize() before return, localrc = 0
