build time -- 2022-02-09 06:30:49.256404
2: --- ESMCI::ArrayBundle::print start ---
2: ArrayBundle: MyArrayBundle
2: arrayCount = 3
3: --- ESMCI::ArrayBundle::print start ---
3: ArrayBundle: MyArrayBundle
3: arrayCount = 3
0: --- ESMCI::ArrayBundle::print start ---
0: ArrayBundle: MyArrayBundle
0: arrayCount = 3
1: --- ESMCI::ArrayBundle::print start ---
1: ArrayBundle: MyArrayBundle
1: arrayCount = 3
0: Container::print() multipmap:item=0 key=AonFly value=0x2635c20
1: Container::print() multipmap:item=0 key=AonFly value=0x2635cb0
1: Container::print() multipmap:item=1 key=Array002 value=0x2631bb0
2: Container::print() multipmap:item=0 key=AonFly value=0x2634b60
2: Container::print() multipmap:item=1 key=Array002 value=0x26317e0
2: Container::print() multipmap:item=2 key=Array003 value=0x2632270
2: Container::print()      list:item=0 key=Array002 value=0x26317e0
3: Container::print() multipmap:item=0 key=AonFly value=0x2634be0
3: Container::print() multipmap:item=1 key=Array002 value=0x2631860
3: Container::print() multipmap:item=2 key=Array003 value=0x26322f0
3: Container::print()      list:item=0 key=Array002 value=0x2631860
0: Container::print() multipmap:item=1 key=Array002 value=0x2631b40
0: Container::print() multipmap:item=2 key=Array003 value=0x26328e0
0: Container::print()      list:item=0 key=Array002 value=0x2631b40
0: Container::print()      list:item=1 key=Array003 value=0x26328e0
0: Container::print()      list:item=2 key=AonFly value=0x2635c20
0: --- ESMCI::ArrayBundle::print end ---
1: Container::print() multipmap:item=2 key=Array003 value=0x2632970
1: Container::print()      list:item=0 key=Array002 value=0x2631bb0
1: Container::print()      list:item=1 key=Array003 value=0x2632970
1: Container::print()      list:item=2 key=AonFly value=0x2635cb0
1: --- ESMCI::ArrayBundle::print end ---
2: Container::print()      list:item=1 key=Array003 value=0x2632270
2: Container::print()      list:item=2 key=AonFly value=0x2634b60
2: --- ESMCI::ArrayBundle::print end ---
3: Container::print()      list:item=1 key=Array003 value=0x26322f0
3: Container::print()      list:item=2 key=AonFly value=0x2634be0
3: --- ESMCI::ArrayBundle::print end ---
0: --- ESMCI::Array::print start ---
1: --- ESMCI::Array::print start ---
1:  Base name    = AonFly
2: --- ESMCI::Array::print start ---
2:  Base name    = AonFly
2:  Status: Base = Ready,  object = Ready
3: --- ESMCI::Array::print start ---
3:  Base name    = AonFly
3:  Status: Base = Ready,  object = Ready
3:  Proxy        = no
3:  Root Info (Attributes):
0:  Base name    = AonFly
0:  Status: Base = Ready,  object = Ready
0:  Proxy        = no
0:  Root Info (Attributes):
1:  Status: Base = Ready,  object = Ready
1:  Proxy        = no
1:  Root Info (Attributes):
2:  Proxy        = no
2:  Root Info (Attributes):
0: {}Array typekind/rank: Real*4 / 2 
0: ~ lower class' values ~
0: DistGrid dimCount = 2
0: deCount = 6
1: {}Array typekind/rank: Real*4 / 2 
1: ~ lower class' values ~
1: DistGrid dimCount = 2
1: deCount = 6
1: localDeCount = 2
1: ~ local data in LocalArray for DE 1 ~
2: {}Array typekind/rank: Real*4 / 2 
2: ~ lower class' values ~
2: DistGrid dimCount = 2
2: deCount = 6
2: localDeCount = 1
2: ~ local data in LocalArray for DE 2 ~
2: LocalArrayPrint: Array at address 0x2634830:
0: localDeCount = 2
0: ~ local data in LocalArray for DE 0 ~
0: LocalArrayPrint: Array at address 0x26355c0:
0:             rank = 2, typekind = 5, base_addr = 0x2ba42d11bf40
0:             dim[0] = 3  dim[1] = 2  
0:   Real, *4, Dim 2, Data values:
1: LocalArrayPrint: Array at address 0x2635650:
1:             rank = 2, typekind = 5, base_addr = 0x2ba42d11bee0
1:             dim[0] = 2  dim[1] = 2  
1:   Real, *4, Dim 2, Data values:
2:             rank = 2, typekind = 5, base_addr = 0x2ba42d11bfc0
2:             dim[0] = 3  dim[1] = 2  
2:   Real, *4, Dim 2, Data values:
3: {}Array typekind/rank: Real*4 / 2 
3: ~ lower class' values ~
3: DistGrid dimCount = 2
3: deCount = 6
3: localDeCount = 1
3: ~ local data in LocalArray for DE 3 ~
3: LocalArrayPrint: Array at address 0x26348b0:
3:             rank = 2, typekind = 5, base_addr = 0x2ba42d11bf60
3:             dim[0] = 2  dim[1] = 2  
3:   Real, *4, Dim 2, Data values:
3: ( 1, 1) =  0
3: ( 2, 1) =  0
3: ( 1, 2) =  0
3: ( 2, 2) =  0
0: ( 1, 1) =  0
0: ( 2, 1) =  0
0: ( 3, 1) =  0
0: ( 1, 2) =  0
0: ( 2, 2) =  0
0: ( 3, 2) =  0
0: dim 1: [0]: [1 [1 [1, 3] 3] 3]
0: dim 2: [1]: [1 [1 [1, 2] 2] 2]
0: ~ local data in LocalArray for DE 4 ~
0: LocalArrayPrint: Array at address 0x26358f0:
1: ( 1, 1) =  0
1: ( 2, 1) =  0
1: ( 1, 2) =  0
1: ( 2, 2) =  0
1: dim 1: [0]: [1 [1 [1, 2] 2] 2]
1: dim 2: [1]: [1 [1 [1, 2] 2] 2]
1: ~ local data in LocalArray for DE 5 ~
1: LocalArrayPrint: Array at address 0x2635980:
1:             rank = 2, typekind = 5, base_addr = 0x2ba42d11bec0
1:             dim[0] = 2  dim[1] = 1  
1:   Real, *4, Dim 2, Data values:
1: ( 1, 1) =  0
1: ( 2, 1) =  0
2: ( 1, 1) =  0
2: ( 2, 1) =  0
2: ( 3, 1) =  1.66872e-37
2: ( 1, 2) =  0
2: ( 2, 2) =  0
2: ( 3, 2) =  0
2: dim 1: [0]: [1 [1 [1, 3] 3] 3]
2: dim 2: [1]: [1 [1 [1, 2] 2] 2]
2: --- ESMCI::Array::print end ---
2: --- ESMCI::Array::print start ---
2:  Base name    = Array002
3: dim 1: [0]: [1 [1 [1, 2] 2] 2]
3: dim 2: [1]: [1 [1 [1, 2] 2] 2]
3: --- ESMCI::Array::print end ---
3: --- ESMCI::Array::print start ---
3:  Base name    = Array002
3:  Status: Base = Ready,  object = Ready
3:  Proxy        = no
3:  Root Info (Attributes):
0:             rank = 2, typekind = 5, base_addr = 0x2ba42d11bf20
0:             dim[0] = 3  dim[1] = 1  
0:   Real, *4, Dim 2, Data values:
0: ( 1, 1) =  0
0: ( 2, 1) =  0
0: ( 3, 1) =  0
0: dim 1: [0]: [1 [1 [1, 3] 3] 3]
0: dim 2: [1]: [1 [1 [1, 1] 1] 1]
0: --- ESMCI::Array::print end ---
0: --- ESMCI::Array::print start ---
0:  Base name    = Array002
0:  Status: Base = Ready,  object = Ready
0:  Proxy        = no
1: dim 1: [0]: [1 [1 [1, 2] 2] 2]
1: dim 2: [1]: [1 [1 [1, 1] 1] 1]
1: --- ESMCI::Array::print end ---
1: --- ESMCI::Array::print start ---
1:  Base name    = Array002
1:  Status: Base = Ready,  object = Ready
1:  Proxy        = no
1:  Root Info (Attributes):
2:  Status: Base = Ready,  object = Ready
2:  Proxy        = no
2:  Root Info (Attributes):
2: {}Array typekind/rank: Real*8 / 2 
2: ~ lower class' values ~
2: DistGrid dimCount = 2
2: deCount = 6
2: localDeCount = 1
2: ~ local data in LocalArray for DE 2 ~
2: LocalArrayPrint: Array at address 0x26314b0:
2:             rank = 2, typekind = 6, base_addr = 0x2ba42d13bd80
2:             dim[0] = 3  dim[1] = 2  
2:   Real, *8, Dim 2, Data values:
3: {}Array typekind/rank: Real*8 / 2 
3: ~ lower class' values ~
3: DistGrid dimCount = 2
3: deCount = 6
3: localDeCount = 1
3: ~ local data in LocalArray for DE 3 ~
3: LocalArrayPrint: Array at address 0x2631530:
3:             rank = 2, typekind = 6, base_addr = 0x2ba42d11bfc0
3:             dim[0] = 2  dim[1] = 2  
3:   Real, *8, Dim 2, Data values:
3: ( 1, 1) =  0
3: ( 2, 1) =  0
3: ( 1, 2) =  0
3: ( 2, 2) =  0
3: dim 1: [0]: [1 [1 [1, 2] 2] 2]
3: dim 2: [1]: [1 [1 [1, 2] 2] 2]
3: --- ESMCI::Array::print end ---
0:  Root Info (Attributes):
0: {}Array typekind/rank: Real*8 / 2 
0: ~ lower class' values ~
0: DistGrid dimCount = 2
0: deCount = 6
0: localDeCount = 2
0: ~ local data in LocalArray for DE 0 ~
0: LocalArrayPrint: Array at address 0x26314e0:
0:             rank = 2, typekind = 6, base_addr = 0x2ba42d13bd80
0:             dim[0] = 3  dim[1] = 2  
0:   Real, *8, Dim 2, Data values:
1: {}Array typekind/rank: Real*8 / 2 
1: ~ lower class' values ~
1: DistGrid dimCount = 2
1: deCount = 6
1: localDeCount = 2
1: ~ local data in LocalArray for DE 1 ~
1: LocalArrayPrint: Array at address 0x2631550:
1:             rank = 2, typekind = 6, base_addr = 0x2ba42d11bfc0
1:             dim[0] = 2  dim[1] = 2  
1:   Real, *8, Dim 2, Data values:
1: ( 1, 1) =  0
1: ( 2, 1) =  0
1: ( 1, 2) =  0
1: ( 2, 2) =  0
1: dim 1: [0]: [1 [1 [1, 2] 2] 2]
1: dim 2: [1]: [1 [1 [1, 2] 2] 2]
1: ~ local data in LocalArray for DE 5 ~
1: LocalArrayPrint: Array at address 0x2631880:
1:             rank = 2, typekind = 6, base_addr = 0x2ba42d11bfa0
2: ( 1, 1) =  2.37073e-310
2: ( 2, 1) =  6.01347e-154
2: ( 3, 1) =  6.01347e-154
2: ( 1, 2) =  6.10916e+223
2: ( 2, 2) =  7.88786e+73
2: ( 3, 2) =  6.06757e-154
2: dim 1: [0]: [1 [1 [1, 3] 3] 3]
2: dim 2: [1]: [1 [1 [1, 2] 2] 2]
2: --- ESMCI::Array::print end ---
2: --- ESMCI::Array::print start ---
2:  Base name    = Array003
3: --- ESMCI::Array::print start ---
3:  Base name    = Array003
3:  Status: Base = Ready,  object = Ready
3:  Proxy        = no
3:  Root Info (Attributes):
3: {}Array typekind/rank: Real*8 / 2 
3: ~ lower class' values ~
3: DistGrid dimCount = 2
3: deCount = 6
3: localDeCount = 1
3: ~ local data in LocalArray for DE 3 ~
3: LocalArrayPrint: Array at address 0x2631fc0:
3:             rank = 2, typekind = 6, base_addr = 0x2ba42d11bfa0
3:             dim[0] = 2  dim[1] = 2  
3:   Real, *8, Dim 2, Data values:
0: ( 1, 1) =  2.37073e-310
0: ( 2, 1) =  6.01347e-154
0: ( 3, 1) =  6.01347e-154
0: ( 1, 2) =  6.10916e+223
0: ( 2, 2) =  7.88786e+73
0: ( 3, 2) =  6.06757e-154
0: dim 1: [0]: [1 [1 [1, 3] 3] 3]
0: dim 2: [1]: [1 [1 [1, 2] 2] 2]
0: ~ local data in LocalArray for DE 4 ~
0: LocalArrayPrint: Array at address 0x2631810:
0:             rank = 2, typekind = 6, base_addr = 0x2ba42d11bfc0
0:             dim[0] = 3  dim[1] = 1  
0:   Real, *8, Dim 2, Data values:
0: ( 1, 1) =  0
1:             dim[0] = 2  dim[1] = 1  
1:   Real, *8, Dim 2, Data values:
1: ( 1, 1) =  0
1: ( 2, 1) =  0
1: dim 1: [0]: [1 [1 [1, 2] 2] 2]
1: dim 2: [1]: [1 [1 [1, 1] 1] 1]
1: --- ESMCI::Array::print end ---
1: --- ESMCI::Array::print start ---
1:  Base name    = Array003
1:  Status: Base = Ready,  object = Ready
1:  Proxy        = no
1:  Root Info (Attributes):
1: {}Array typekind/rank: Real*8 / 2 
1: ~ lower class' values ~
2:  Status: Base = Ready,  object = Ready
2:  Proxy        = no
2:  Root Info (Attributes):
2: {}Array typekind/rank: Real*8 / 2 
2: ~ lower class' values ~
2: DistGrid dimCount = 2
2: deCount = 6
2: localDeCount = 1
2: ~ local data in LocalArray for DE 2 ~
2: LocalArrayPrint: Array at address 0x2631f40:
2:             rank = 2, typekind = 6, base_addr = 0x2ba42d13bd40
2:             dim[0] = 3  dim[1] = 2  
2:   Real, *8, Dim 2, Data values:
2: ( 1, 1) =  2.37073e-310
2: ( 2, 1) =  6.01347e-154
3: ( 1, 1) =  0
3: ( 2, 1) =  0
3: ( 1, 2) =  0
3: ( 2, 2) =  0
3: dim 1: [0]: [1 [1 [1, 2] 2] 2]
3: dim 2: [1]: [1 [1 [1, 2] 2] 2]
3: --- ESMCI::Array::print end ---
0: ( 2, 1) =  0
0: ( 3, 1) =  0
0: dim 1: [0]: [1 [1 [1, 3] 3] 3]
0: dim 2: [1]: [1 [1 [1, 1] 1] 1]
0: --- ESMCI::Array::print end ---
0: --- ESMCI::Array::print start ---
0:  Base name    = Array003
0:  Status: Base = Ready,  object = Ready
0:  Proxy        = no
0:  Root Info (Attributes):
0: {}Array typekind/rank: Real*8 / 2 
0: ~ lower class' values ~
0: DistGrid dimCount = 2
0: deCount = 6
1: DistGrid dimCount = 2
1: deCount = 6
1: localDeCount = 2
1: ~ local data in LocalArray for DE 1 ~
1: LocalArrayPrint: Array at address 0x2632310:
1:             rank = 2, typekind = 6, base_addr = 0x2ba42d11bf80
1:             dim[0] = 2  dim[1] = 2  
1:   Real, *8, Dim 2, Data values:
1: ( 1, 1) =  0
1: ( 2, 1) =  0
1: ( 1, 2) =  0
1: ( 2, 2) =  0
1: dim 1: [0]: [1 [1 [1, 2] 2] 2]
1: dim 2: [1]: [1 [1 [1, 2] 2] 2]
1: ~ local data in LocalArray for DE 5 ~
1: LocalArrayPrint: Array at address 0x2632640:
1:             rank = 2, typekind = 6, base_addr = 0x2ba42d11bf60
2: ( 3, 1) =  6.01347e-154
2: ( 1, 2) =  6.10916e+223
2: ( 2, 2) =  6.01386e-154
2: ( 3, 2) =  6.01347e-154
2: dim 1: [0]: [1 [1 [1, 3] 3] 3]
2: dim 2: [1]: [1 [1 [1, 2] 2] 2]
2: --- ESMCI::Array::print end ---
0: localDeCount = 2
0: ~ local data in LocalArray for DE 0 ~
0: LocalArrayPrint: Array at address 0x2632280:
0:             rank = 2, typekind = 6, base_addr = 0x2ba42d13bd40
0:             dim[0] = 3  dim[1] = 2  
0:   Real, *8, Dim 2, Data values:
0: ( 1, 1) =  2.37073e-310
0: ( 2, 1) =  6.01347e-154
0: ( 3, 1) =  6.01347e-154
0: ( 1, 2) =  6.10916e+223
0: ( 2, 2) =  6.01386e-154
0: ( 3, 2) =  6.01347e-154
1:             dim[0] = 2  dim[1] = 1  
1:   Real, *8, Dim 2, Data values:
1: ( 1, 1) =  0
1: ( 2, 1) =  0
1: dim 1: [0]: [1 [1 [1, 2] 2] 2]
1: dim 2: [1]: [1 [1 [1, 1] 1] 1]
1: --- ESMCI::Array::print end ---
0: dim 1: [0]: [1 [1 [1, 3] 3] 3]
0: dim 2: [1]: [1 [1 [1, 2] 2] 2]
0: ~ local data in LocalArray for DE 4 ~
0: LocalArrayPrint: Array at address 0x26325b0:
0:             rank = 2, typekind = 6, base_addr = 0x2ba42d11bfa0
0:             dim[0] = 3  dim[1] = 1  
0:   Real, *8, Dim 2, Data values:
0: ( 1, 1) =  0
0: ( 2, 1) =  0
0: ( 3, 1) =  0
0: dim 1: [0]: [1 [1 [1, 3] 3] 3]
0: dim 2: [1]: [1 [1 [1, 1] 1] 1]
0: --- ESMCI::Array::print end ---
2:   PASS  Example ESMF_ArrayBundleEx, ESMF_ArrayBundleEx.F90, line 267
3:   PASS  Example ESMF_ArrayBundleEx, ESMF_ArrayBundleEx.F90, line 267
1:   PASS  Example ESMF_ArrayBundleEx, ESMF_ArrayBundleEx.F90, line 267
0:   PASS  Example ESMF_ArrayBundleEx, ESMF_ArrayBundleEx.F90, line 267
2:  PASS: ESMF_ArrayBundleEx.F90
3:  PASS: ESMF_ArrayBundleEx.F90
0:  PASS: ESMF_ArrayBundleEx.F90
1:  PASS: ESMF_ArrayBundleEx.F90
