build time -- 2022-01-23 02:39:21
20220123 030251.023 INFO             PET0 !!!!!!!!!!!!!!!!!!!!!!!!!!!!!!!!!!!!!!!!!!!!!!!!!!!!!!
20220123 030251.023 INFO             PET0 !!! THE ESMF_LOG IS SET TO OUTPUT ALL LOG MESSAGES !!!
20220123 030251.023 INFO             PET0 !!!     THIS MAY CAUSE SLOWDOWN IN PERFORMANCE     !!!
20220123 030251.023 INFO             PET0 !!! FOR PRODUCTION RUNS, USE:                      !!!
20220123 030251.023 INFO             PET0 !!!                   ESMF_LOGKIND_Multi_On_Error  !!!
20220123 030251.023 INFO             PET0 !!!!!!!!!!!!!!!!!!!!!!!!!!!!!!!!!!!!!!!!!!!!!!!!!!!!!!
20220123 030251.023 INFO             PET0 Running with ESMF Version   : ESMF_8_3_0_beta_snapshot_06-71-gddb9877
20220123 030251.023 INFO             PET0 ESMF library build date/time: "Jan 23 2022" "02:38:11"
20220123 030251.023 INFO             PET0 ESMF library build location : /work/noaa/da/mpotts/sandbox/gfortran_8.3.0_mpiuni_g_jedwards_pio_update
20220123 030251.023 INFO             PET0 ESMF_COMM                   : mpiuni
20220123 030251.023 INFO             PET0 ESMF_MOAB                   : enabled
20220123 030251.023 INFO             PET0 ESMF_LAPACK                 : enabled
20220123 030251.023 INFO             PET0 ESMF_NETCDF                 : enabled
20220123 030251.023 INFO             PET0 ESMF_PNETCDF                : disabled
20220123 030251.023 INFO             PET0 ESMF_PIO                    : disabled
20220123 030251.023 INFO             PET0 ESMF_YAMLCPP                : enabled
20220123 030251.024 INFO             PET0  NUMBER_OF_PROCESSORS           1
20220123 030251.024 INFO             PET0  PASS  Example ESMF_TimeEx, ESMF_TimeEx.F90, line 141
20220123 030251.024 INFO             PET0 Finalizing ESMF
20220123 030251.024 INFO             PET0 ESMCI_IO_Handler.C:355 ESMCI::IO_Handler::finalize() before return, localrc = 0
