build time -- 2022-02-01 01:19:49.375490
20220201 014454.616 INFO             PET0 !!!!!!!!!!!!!!!!!!!!!!!!!!!!!!!!!!!!!!!!!!!!!!!!!!!!!!
20220201 014454.617 INFO             PET0 !!! THE ESMF_LOG IS SET TO OUTPUT ALL LOG MESSAGES !!!
20220201 014454.617 INFO             PET0 !!!     THIS MAY CAUSE SLOWDOWN IN PERFORMANCE     !!!
20220201 014454.617 INFO             PET0 !!! FOR PRODUCTION RUNS, USE:                      !!!
20220201 014454.617 INFO             PET0 !!!                   ESMF_LOGKIND_Multi_On_Error  !!!
20220201 014454.617 INFO             PET0 !!!!!!!!!!!!!!!!!!!!!!!!!!!!!!!!!!!!!!!!!!!!!!!!!!!!!!
20220201 014454.617 INFO             PET0 Running with ESMF Version   : ESMF_8_3_0_beta_snapshot_06-83-g4a71250d3d
20220201 014454.617 INFO             PET0 ESMF library build date/time: "Feb  1 2022" "01:18:18"
20220201 014454.617 INFO             PET0 ESMF library build location : /gpfsm/dnb04/projects/p98/mpotts/esmf/gfortran_10.1.0_intelmpi_g_jedwards_pio_update
20220201 014454.617 INFO             PET0 ESMF_COMM                   : intelmpi
20220201 014454.617 INFO             PET0 ESMF_MOAB                   : enabled
20220201 014454.617 INFO             PET0 ESMF_LAPACK                 : enabled
20220201 014454.617 INFO             PET0 ESMF_NETCDF                 : disabled
20220201 014454.617 INFO             PET0 ESMF_PNETCDF                : disabled
20220201 014454.617 INFO             PET0 ESMF_PIO                    : disabled
20220201 014454.617 INFO             PET0 ESMF_YAMLCPP                : enabled
20220201 014454.730 INFO             PET0  NUMBER_OF_PROCESSORS           4
20220201 014454.730 INFO             PET0  PASS  Example ESMF_VMComponentEx, ESMF_VMComponentEx.F90, line 197
20220201 014454.730 INFO             PET0 Finalizing ESMF
20220201 014454.730 INFO             PET0 ESMCI_IO_Handler.C:355 ESMCI::IO_Handler::finalize() before return, localrc = 0
20220201 014454.616 INFO             PET1 !!!!!!!!!!!!!!!!!!!!!!!!!!!!!!!!!!!!!!!!!!!!!!!!!!!!!!
20220201 014454.616 INFO             PET1 !!! THE ESMF_LOG IS SET TO OUTPUT ALL LOG MESSAGES !!!
20220201 014454.616 INFO             PET1 !!!     THIS MAY CAUSE SLOWDOWN IN PERFORMANCE     !!!
20220201 014454.616 INFO             PET1 !!! FOR PRODUCTION RUNS, USE:                      !!!
20220201 014454.616 INFO             PET1 !!!                   ESMF_LOGKIND_Multi_On_Error  !!!
20220201 014454.616 INFO             PET1 !!!!!!!!!!!!!!!!!!!!!!!!!!!!!!!!!!!!!!!!!!!!!!!!!!!!!!
20220201 014454.616 INFO             PET1 Running with ESMF Version   : ESMF_8_3_0_beta_snapshot_06-83-g4a71250d3d
20220201 014454.616 INFO             PET1 ESMF library build date/time: "Feb  1 2022" "01:18:18"
20220201 014454.616 INFO             PET1 ESMF library build location : /gpfsm/dnb04/projects/p98/mpotts/esmf/gfortran_10.1.0_intelmpi_g_jedwards_pio_update
20220201 014454.616 INFO             PET1 ESMF_COMM                   : intelmpi
20220201 014454.617 INFO             PET1 ESMF_MOAB                   : enabled
20220201 014454.617 INFO             PET1 ESMF_LAPACK                 : enabled
20220201 014454.617 INFO             PET1 ESMF_NETCDF                 : disabled
20220201 014454.617 INFO             PET1 ESMF_PNETCDF                : disabled
20220201 014454.617 INFO             PET1 ESMF_PIO                    : disabled
20220201 014454.617 INFO             PET1 ESMF_YAMLCPP                : enabled
20220201 014454.728 INFO             PET1  NUMBER_OF_PROCESSORS           4
20220201 014454.728 INFO             PET1  PASS  Example ESMF_VMComponentEx, ESMF_VMComponentEx.F90, line 197
20220201 014454.728 INFO             PET1 Finalizing ESMF
20220201 014454.728 INFO             PET1 ESMCI_IO_Handler.C:355 ESMCI::IO_Handler::finalize() before return, localrc = 0
20220201 014454.617 INFO             PET2 !!!!!!!!!!!!!!!!!!!!!!!!!!!!!!!!!!!!!!!!!!!!!!!!!!!!!!
20220201 014454.617 INFO             PET2 !!! THE ESMF_LOG IS SET TO OUTPUT ALL LOG MESSAGES !!!
20220201 014454.617 INFO             PET2 !!!     THIS MAY CAUSE SLOWDOWN IN PERFORMANCE     !!!
20220201 014454.617 INFO             PET2 !!! FOR PRODUCTION RUNS, USE:                      !!!
20220201 014454.617 INFO             PET2 !!!                   ESMF_LOGKIND_Multi_On_Error  !!!
20220201 014454.617 INFO             PET2 !!!!!!!!!!!!!!!!!!!!!!!!!!!!!!!!!!!!!!!!!!!!!!!!!!!!!!
20220201 014454.617 INFO             PET2 Running with ESMF Version   : ESMF_8_3_0_beta_snapshot_06-83-g4a71250d3d
20220201 014454.617 INFO             PET2 ESMF library build date/time: "Feb  1 2022" "01:18:18"
20220201 014454.617 INFO             PET2 ESMF library build location : /gpfsm/dnb04/projects/p98/mpotts/esmf/gfortran_10.1.0_intelmpi_g_jedwards_pio_update
20220201 014454.617 INFO             PET2 ESMF_COMM                   : intelmpi
20220201 014454.617 INFO             PET2 ESMF_MOAB                   : enabled
20220201 014454.617 INFO             PET2 ESMF_LAPACK                 : enabled
20220201 014454.617 INFO             PET2 ESMF_NETCDF                 : disabled
20220201 014454.617 INFO             PET2 ESMF_PNETCDF                : disabled
20220201 014454.617 INFO             PET2 ESMF_PIO                    : disabled
20220201 014454.617 INFO             PET2 ESMF_YAMLCPP                : enabled
20220201 014454.728 INFO             PET2  NUMBER_OF_PROCESSORS           4
20220201 014454.728 INFO             PET2  PASS  Example ESMF_VMComponentEx, ESMF_VMComponentEx.F90, line 197
20220201 014454.728 INFO             PET2 Finalizing ESMF
20220201 014454.728 INFO             PET2 ESMCI_IO_Handler.C:355 ESMCI::IO_Handler::finalize() before return, localrc = 0
20220201 014454.617 INFO             PET3 !!!!!!!!!!!!!!!!!!!!!!!!!!!!!!!!!!!!!!!!!!!!!!!!!!!!!!
20220201 014454.617 INFO             PET3 !!! THE ESMF_LOG IS SET TO OUTPUT ALL LOG MESSAGES !!!
20220201 014454.617 INFO             PET3 !!!     THIS MAY CAUSE SLOWDOWN IN PERFORMANCE     !!!
20220201 014454.617 INFO             PET3 !!! FOR PRODUCTION RUNS, USE:                      !!!
20220201 014454.617 INFO             PET3 !!!                   ESMF_LOGKIND_Multi_On_Error  !!!
20220201 014454.617 INFO             PET3 !!!!!!!!!!!!!!!!!!!!!!!!!!!!!!!!!!!!!!!!!!!!!!!!!!!!!!
20220201 014454.617 INFO             PET3 Running with ESMF Version   : ESMF_8_3_0_beta_snapshot_06-83-g4a71250d3d
20220201 014454.617 INFO             PET3 ESMF library build date/time: "Feb  1 2022" "01:18:18"
20220201 014454.617 INFO             PET3 ESMF library build location : /gpfsm/dnb04/projects/p98/mpotts/esmf/gfortran_10.1.0_intelmpi_g_jedwards_pio_update
20220201 014454.617 INFO             PET3 ESMF_COMM                   : intelmpi
20220201 014454.617 INFO             PET3 ESMF_MOAB                   : enabled
20220201 014454.617 INFO             PET3 ESMF_LAPACK                 : enabled
20220201 014454.617 INFO             PET3 ESMF_NETCDF                 : disabled
20220201 014454.617 INFO             PET3 ESMF_PNETCDF                : disabled
20220201 014454.617 INFO             PET3 ESMF_PIO                    : disabled
20220201 014454.617 INFO             PET3 ESMF_YAMLCPP                : enabled
20220201 014454.728 INFO             PET3  NUMBER_OF_PROCESSORS           4
20220201 014454.728 INFO             PET3  PASS  Example ESMF_VMComponentEx, ESMF_VMComponentEx.F90, line 197
20220201 014454.728 INFO             PET3 Finalizing ESMF
20220201 014454.728 INFO             PET3 ESMCI_IO_Handler.C:355 ESMCI::IO_Handler::finalize() before return, localrc = 0
