build time -- 2022-03-02 16:45:07.671346
20220302 175707.918 INFO             PET0 !!!!!!!!!!!!!!!!!!!!!!!!!!!!!!!!!!!!!!!!!!!!!!!!!!!!!!
20220302 175707.918 INFO             PET0 !!! THE ESMF_LOG IS SET TO OUTPUT ALL LOG MESSAGES !!!
20220302 175707.918 INFO             PET0 !!!     THIS MAY CAUSE SLOWDOWN IN PERFORMANCE     !!!
20220302 175707.918 INFO             PET0 !!! FOR PRODUCTION RUNS, USE:                      !!!
20220302 175707.918 INFO             PET0 !!!                   ESMF_LOGKIND_Multi_On_Error  !!!
20220302 175707.918 INFO             PET0 !!!!!!!!!!!!!!!!!!!!!!!!!!!!!!!!!!!!!!!!!!!!!!!!!!!!!!
20220302 175707.918 INFO             PET0 Running with ESMF Version   : v8.3.0b08-90-g763a12848c
20220302 175707.918 INFO             PET0 ESMF library build date/time: "Mar  2 2022" "16:37:52"
20220302 175707.918 INFO             PET0 ESMF library build location : /glade/scratch/rlong/esmf-testing/intel_18.0.5_mpt_g_jedwards_pio_update2
20220302 175707.918 INFO             PET0 ESMF_COMM                   : mpt
20220302 175707.918 INFO             PET0 ESMF_MOAB                   : enabled
20220302 175707.918 INFO             PET0 ESMF_LAPACK                 : enabled
20220302 175707.918 INFO             PET0 ESMF_NETCDF                 : enabled
20220302 175707.918 INFO             PET0 ESMF_PNETCDF                : disabled
20220302 175707.918 INFO             PET0 ESMF_PIO                    : enabled
20220302 175707.918 INFO             PET0 ESMF_YAMLCPP                : enabled
20220302 175707.920 INFO             PET0  NUMBER_OF_PROCESSORS           4
20220302 175707.920 INFO             PET0  PASS  Example ESMF_InfoGetFromHostEx, ESMF_InfoGetFromHostEx.F90, line 112
20220302 175707.920 INFO             PET0 Finalizing ESMF
20220302 175707.920 INFO             PET0 ESMCI_IO_Handler.C:331 ESMCI::IO_Handler::finalize() 
20220302 175707.920 INFO             PET0 ESMCI_PIO_Handler.C:361 ESMCI::PIO_Handler::finalize() 
20220302 175707.920 INFO             PET0 ESMCI_IO_Handler.C:333 ESMCI::IO_Handler::finalize() after finalize, localrc = 0
20220302 175707.920 INFO             PET0 ESMCI_IO_Handler.C:356 ESMCI::IO_Handler::finalize() before return, localrc = 0
20220302 175707.918 INFO             PET1 !!!!!!!!!!!!!!!!!!!!!!!!!!!!!!!!!!!!!!!!!!!!!!!!!!!!!!
20220302 175707.918 INFO             PET1 !!! THE ESMF_LOG IS SET TO OUTPUT ALL LOG MESSAGES !!!
20220302 175707.918 INFO             PET1 !!!     THIS MAY CAUSE SLOWDOWN IN PERFORMANCE     !!!
20220302 175707.918 INFO             PET1 !!! FOR PRODUCTION RUNS, USE:                      !!!
20220302 175707.918 INFO             PET1 !!!                   ESMF_LOGKIND_Multi_On_Error  !!!
20220302 175707.918 INFO             PET1 !!!!!!!!!!!!!!!!!!!!!!!!!!!!!!!!!!!!!!!!!!!!!!!!!!!!!!
20220302 175707.918 INFO             PET1 Running with ESMF Version   : v8.3.0b08-90-g763a12848c
20220302 175707.918 INFO             PET1 ESMF library build date/time: "Mar  2 2022" "16:37:52"
20220302 175707.918 INFO             PET1 ESMF library build location : /glade/scratch/rlong/esmf-testing/intel_18.0.5_mpt_g_jedwards_pio_update2
20220302 175707.918 INFO             PET1 ESMF_COMM                   : mpt
20220302 175707.918 INFO             PET1 ESMF_MOAB                   : enabled
20220302 175707.918 INFO             PET1 ESMF_LAPACK                 : enabled
20220302 175707.918 INFO             PET1 ESMF_NETCDF                 : enabled
20220302 175707.918 INFO             PET1 ESMF_PNETCDF                : disabled
20220302 175707.918 INFO             PET1 ESMF_PIO                    : enabled
20220302 175707.918 INFO             PET1 ESMF_YAMLCPP                : enabled
20220302 175707.920 INFO             PET1  NUMBER_OF_PROCESSORS           4
20220302 175707.920 INFO             PET1  PASS  Example ESMF_InfoGetFromHostEx, ESMF_InfoGetFromHostEx.F90, line 112
20220302 175707.920 INFO             PET1 Finalizing ESMF
20220302 175707.920 INFO             PET1 ESMCI_IO_Handler.C:331 ESMCI::IO_Handler::finalize() 
20220302 175707.920 INFO             PET1 ESMCI_PIO_Handler.C:361 ESMCI::PIO_Handler::finalize() 
20220302 175707.920 INFO             PET1 ESMCI_IO_Handler.C:333 ESMCI::IO_Handler::finalize() after finalize, localrc = 0
20220302 175707.920 INFO             PET1 ESMCI_IO_Handler.C:356 ESMCI::IO_Handler::finalize() before return, localrc = 0
20220302 175707.917 INFO             PET2 !!!!!!!!!!!!!!!!!!!!!!!!!!!!!!!!!!!!!!!!!!!!!!!!!!!!!!
20220302 175707.917 INFO             PET2 !!! THE ESMF_LOG IS SET TO OUTPUT ALL LOG MESSAGES !!!
20220302 175707.917 INFO             PET2 !!!     THIS MAY CAUSE SLOWDOWN IN PERFORMANCE     !!!
20220302 175707.917 INFO             PET2 !!! FOR PRODUCTION RUNS, USE:                      !!!
20220302 175707.917 INFO             PET2 !!!                   ESMF_LOGKIND_Multi_On_Error  !!!
20220302 175707.917 INFO             PET2 !!!!!!!!!!!!!!!!!!!!!!!!!!!!!!!!!!!!!!!!!!!!!!!!!!!!!!
20220302 175707.917 INFO             PET2 Running with ESMF Version   : v8.3.0b08-90-g763a12848c
20220302 175707.917 INFO             PET2 ESMF library build date/time: "Mar  2 2022" "16:37:52"
20220302 175707.917 INFO             PET2 ESMF library build location : /glade/scratch/rlong/esmf-testing/intel_18.0.5_mpt_g_jedwards_pio_update2
20220302 175707.917 INFO             PET2 ESMF_COMM                   : mpt
20220302 175707.917 INFO             PET2 ESMF_MOAB                   : enabled
20220302 175707.917 INFO             PET2 ESMF_LAPACK                 : enabled
20220302 175707.917 INFO             PET2 ESMF_NETCDF                 : enabled
20220302 175707.917 INFO             PET2 ESMF_PNETCDF                : disabled
20220302 175707.917 INFO             PET2 ESMF_PIO                    : enabled
20220302 175707.917 INFO             PET2 ESMF_YAMLCPP                : enabled
20220302 175707.920 INFO             PET2  NUMBER_OF_PROCESSORS           4
20220302 175707.920 INFO             PET2  PASS  Example ESMF_InfoGetFromHostEx, ESMF_InfoGetFromHostEx.F90, line 112
20220302 175707.920 INFO             PET2 Finalizing ESMF
20220302 175707.920 INFO             PET2 ESMCI_IO_Handler.C:331 ESMCI::IO_Handler::finalize() 
20220302 175707.920 INFO             PET2 ESMCI_PIO_Handler.C:361 ESMCI::PIO_Handler::finalize() 
20220302 175707.920 INFO             PET2 ESMCI_IO_Handler.C:333 ESMCI::IO_Handler::finalize() after finalize, localrc = 0
20220302 175707.920 INFO             PET2 ESMCI_IO_Handler.C:356 ESMCI::IO_Handler::finalize() before return, localrc = 0
20220302 175707.918 INFO             PET3 !!!!!!!!!!!!!!!!!!!!!!!!!!!!!!!!!!!!!!!!!!!!!!!!!!!!!!
20220302 175707.918 INFO             PET3 !!! THE ESMF_LOG IS SET TO OUTPUT ALL LOG MESSAGES !!!
20220302 175707.918 INFO             PET3 !!!     THIS MAY CAUSE SLOWDOWN IN PERFORMANCE     !!!
20220302 175707.918 INFO             PET3 !!! FOR PRODUCTION RUNS, USE:                      !!!
20220302 175707.918 INFO             PET3 !!!                   ESMF_LOGKIND_Multi_On_Error  !!!
20220302 175707.918 INFO             PET3 !!!!!!!!!!!!!!!!!!!!!!!!!!!!!!!!!!!!!!!!!!!!!!!!!!!!!!
20220302 175707.918 INFO             PET3 Running with ESMF Version   : v8.3.0b08-90-g763a12848c
20220302 175707.918 INFO             PET3 ESMF library build date/time: "Mar  2 2022" "16:37:52"
20220302 175707.918 INFO             PET3 ESMF library build location : /glade/scratch/rlong/esmf-testing/intel_18.0.5_mpt_g_jedwards_pio_update2
20220302 175707.918 INFO             PET3 ESMF_COMM                   : mpt
20220302 175707.918 INFO             PET3 ESMF_MOAB                   : enabled
20220302 175707.918 INFO             PET3 ESMF_LAPACK                 : enabled
20220302 175707.918 INFO             PET3 ESMF_NETCDF                 : enabled
20220302 175707.918 INFO             PET3 ESMF_PNETCDF                : disabled
20220302 175707.918 INFO             PET3 ESMF_PIO                    : enabled
20220302 175707.918 INFO             PET3 ESMF_YAMLCPP                : enabled
20220302 175707.920 INFO             PET3  NUMBER_OF_PROCESSORS           4
20220302 175707.920 INFO             PET3  PASS  Example ESMF_InfoGetFromHostEx, ESMF_InfoGetFromHostEx.F90, line 112
20220302 175707.920 INFO             PET3 Finalizing ESMF
20220302 175707.920 INFO             PET3 ESMCI_IO_Handler.C:331 ESMCI::IO_Handler::finalize() 
20220302 175707.920 INFO             PET3 ESMCI_PIO_Handler.C:361 ESMCI::PIO_Handler::finalize() 
20220302 175707.920 INFO             PET3 ESMCI_IO_Handler.C:333 ESMCI::IO_Handler::finalize() after finalize, localrc = 0
20220302 175707.920 INFO             PET3 ESMCI_IO_Handler.C:356 ESMCI::IO_Handler::finalize() before return, localrc = 0
