build time -- 2021-10-24 01:59:34.012278
20211024 021333.912 INFO             PET0 !!!!!!!!!!!!!!!!!!!!!!!!!!!!!!!!!!!!!!!!!!!!!!!!!!!!!!
20211024 021333.912 INFO             PET0 !!! THE ESMF_LOG IS SET TO OUTPUT ALL LOG MESSAGES !!!
20211024 021333.912 INFO             PET0 !!!     THIS MAY CAUSE SLOWDOWN IN PERFORMANCE     !!!
20211024 021333.912 INFO             PET0 !!! FOR PRODUCTION RUNS, USE:                      !!!
20211024 021333.912 INFO             PET0 !!!                   ESMF_LOGKIND_Multi_On_Error  !!!
20211024 021333.912 INFO             PET0 !!!!!!!!!!!!!!!!!!!!!!!!!!!!!!!!!!!!!!!!!!!!!!!!!!!!!!
20211024 021333.912 INFO             PET0 Running with ESMF Version   : ESMF_8_2_0_beta_snapshot_23
20211024 021333.912 INFO             PET0 ESMF library build date/time: "Oct 24 2021" "01:58:42"
20211024 021333.912 INFO             PET0 ESMF library build location : /home/mpotts/gfortran_9.3.0_openmpi_O_release_8.2.0
20211024 021333.912 INFO             PET0 ESMF_COMM                   : openmpi
20211024 021333.913 INFO             PET0 ESMF_MOAB                   : enabled
20211024 021333.913 INFO             PET0 ESMF_LAPACK                 : enabled
20211024 021333.913 INFO             PET0 ESMF_NETCDF                 : enabled
20211024 021333.913 INFO             PET0 ESMF_PNETCDF                : disabled
20211024 021333.913 INFO             PET0 ESMF_PIO                    : enabled
20211024 021333.913 INFO             PET0 ESMF_YAMLCPP                : enabled
20211024 021333.932 DEBUG            PET0 about to destroy Grid: 0x26e1470
20211024 021333.934 DEBUG            PET0 about to destroy Grid: 0x26e34b0
20211024 021333.940 INFO             PET0  NUMBER_OF_PROCESSORS           4
20211024 021333.940 INFO             PET0  PASS  Example ESMF_NUOPCAtmModelEx, ESMF_NUOPCAtmModelEx.F90, line 806
20211024 021333.940 INFO             PET0 Finalizing ESMF
20211024 021333.912 INFO             PET1 !!!!!!!!!!!!!!!!!!!!!!!!!!!!!!!!!!!!!!!!!!!!!!!!!!!!!!
20211024 021333.912 INFO             PET1 !!! THE ESMF_LOG IS SET TO OUTPUT ALL LOG MESSAGES !!!
20211024 021333.912 INFO             PET1 !!!     THIS MAY CAUSE SLOWDOWN IN PERFORMANCE     !!!
20211024 021333.912 INFO             PET1 !!! FOR PRODUCTION RUNS, USE:                      !!!
20211024 021333.912 INFO             PET1 !!!                   ESMF_LOGKIND_Multi_On_Error  !!!
20211024 021333.912 INFO             PET1 !!!!!!!!!!!!!!!!!!!!!!!!!!!!!!!!!!!!!!!!!!!!!!!!!!!!!!
20211024 021333.912 INFO             PET1 Running with ESMF Version   : ESMF_8_2_0_beta_snapshot_23
20211024 021333.912 INFO             PET1 ESMF library build date/time: "Oct 24 2021" "01:58:42"
20211024 021333.912 INFO             PET1 ESMF library build location : /home/mpotts/gfortran_9.3.0_openmpi_O_release_8.2.0
20211024 021333.912 INFO             PET1 ESMF_COMM                   : openmpi
20211024 021333.913 INFO             PET1 ESMF_MOAB                   : enabled
20211024 021333.913 INFO             PET1 ESMF_LAPACK                 : enabled
20211024 021333.913 INFO             PET1 ESMF_NETCDF                 : enabled
20211024 021333.913 INFO             PET1 ESMF_PNETCDF                : disabled
20211024 021333.913 INFO             PET1 ESMF_PIO                    : enabled
20211024 021333.913 INFO             PET1 ESMF_YAMLCPP                : enabled
20211024 021333.932 DEBUG            PET1 about to destroy Grid: 0x16cc0c0
20211024 021333.934 DEBUG            PET1 about to destroy Grid: 0x16ce140
20211024 021333.940 INFO             PET1  NUMBER_OF_PROCESSORS           4
20211024 021333.940 INFO             PET1  PASS  Example ESMF_NUOPCAtmModelEx, ESMF_NUOPCAtmModelEx.F90, line 806
20211024 021333.940 INFO             PET1 Finalizing ESMF
20211024 021333.912 INFO             PET2 !!!!!!!!!!!!!!!!!!!!!!!!!!!!!!!!!!!!!!!!!!!!!!!!!!!!!!
20211024 021333.912 INFO             PET2 !!! THE ESMF_LOG IS SET TO OUTPUT ALL LOG MESSAGES !!!
20211024 021333.912 INFO             PET2 !!!     THIS MAY CAUSE SLOWDOWN IN PERFORMANCE     !!!
20211024 021333.912 INFO             PET2 !!! FOR PRODUCTION RUNS, USE:                      !!!
20211024 021333.912 INFO             PET2 !!!                   ESMF_LOGKIND_Multi_On_Error  !!!
20211024 021333.912 INFO             PET2 !!!!!!!!!!!!!!!!!!!!!!!!!!!!!!!!!!!!!!!!!!!!!!!!!!!!!!
20211024 021333.912 INFO             PET2 Running with ESMF Version   : ESMF_8_2_0_beta_snapshot_23
20211024 021333.912 INFO             PET2 ESMF library build date/time: "Oct 24 2021" "01:58:42"
20211024 021333.912 INFO             PET2 ESMF library build location : /home/mpotts/gfortran_9.3.0_openmpi_O_release_8.2.0
20211024 021333.912 INFO             PET2 ESMF_COMM                   : openmpi
20211024 021333.913 INFO             PET2 ESMF_MOAB                   : enabled
20211024 021333.913 INFO             PET2 ESMF_LAPACK                 : enabled
20211024 021333.913 INFO             PET2 ESMF_NETCDF                 : enabled
20211024 021333.913 INFO             PET2 ESMF_PNETCDF                : disabled
20211024 021333.913 INFO             PET2 ESMF_PIO                    : enabled
20211024 021333.913 INFO             PET2 ESMF_YAMLCPP                : enabled
20211024 021333.932 DEBUG            PET2 about to destroy Grid: 0x1905680
20211024 021333.934 DEBUG            PET2 about to destroy Grid: 0x1907750
20211024 021333.940 INFO             PET2  NUMBER_OF_PROCESSORS           4
20211024 021333.940 INFO             PET2  PASS  Example ESMF_NUOPCAtmModelEx, ESMF_NUOPCAtmModelEx.F90, line 806
20211024 021333.940 INFO             PET2 Finalizing ESMF
20211024 021333.912 INFO             PET3 !!!!!!!!!!!!!!!!!!!!!!!!!!!!!!!!!!!!!!!!!!!!!!!!!!!!!!
20211024 021333.912 INFO             PET3 !!! THE ESMF_LOG IS SET TO OUTPUT ALL LOG MESSAGES !!!
20211024 021333.912 INFO             PET3 !!!     THIS MAY CAUSE SLOWDOWN IN PERFORMANCE     !!!
20211024 021333.912 INFO             PET3 !!! FOR PRODUCTION RUNS, USE:                      !!!
20211024 021333.912 INFO             PET3 !!!                   ESMF_LOGKIND_Multi_On_Error  !!!
20211024 021333.912 INFO             PET3 !!!!!!!!!!!!!!!!!!!!!!!!!!!!!!!!!!!!!!!!!!!!!!!!!!!!!!
20211024 021333.912 INFO             PET3 Running with ESMF Version   : ESMF_8_2_0_beta_snapshot_23
20211024 021333.912 INFO             PET3 ESMF library build date/time: "Oct 24 2021" "01:58:42"
20211024 021333.912 INFO             PET3 ESMF library build location : /home/mpotts/gfortran_9.3.0_openmpi_O_release_8.2.0
20211024 021333.912 INFO             PET3 ESMF_COMM                   : openmpi
20211024 021333.913 INFO             PET3 ESMF_MOAB                   : enabled
20211024 021333.913 INFO             PET3 ESMF_LAPACK                 : enabled
20211024 021333.913 INFO             PET3 ESMF_NETCDF                 : enabled
20211024 021333.913 INFO             PET3 ESMF_PNETCDF                : disabled
20211024 021333.913 INFO             PET3 ESMF_PIO                    : enabled
20211024 021333.913 INFO             PET3 ESMF_YAMLCPP                : enabled
20211024 021333.932 DEBUG            PET3 about to destroy Grid: 0x19b5dc0
20211024 021333.934 DEBUG            PET3 about to destroy Grid: 0x19b7f60
20211024 021333.940 INFO             PET3  NUMBER_OF_PROCESSORS           4
20211024 021333.940 INFO             PET3  PASS  Example ESMF_NUOPCAtmModelEx, ESMF_NUOPCAtmModelEx.F90, line 806
20211024 021333.940 INFO             PET3 Finalizing ESMF
