build time -- 2022-01-17 02:35:45
20220117 052947.279 INFO             PET0 !!!!!!!!!!!!!!!!!!!!!!!!!!!!!!!!!!!!!!!!!!!!!!!!!!!!!!
20220117 052947.280 INFO             PET0 !!! THE ESMF_LOG IS SET TO OUTPUT ALL LOG MESSAGES !!!
20220117 052947.280 INFO             PET0 !!!     THIS MAY CAUSE SLOWDOWN IN PERFORMANCE     !!!
20220117 052947.280 INFO             PET0 !!! FOR PRODUCTION RUNS, USE:                      !!!
20220117 052947.280 INFO             PET0 !!!                   ESMF_LOGKIND_Multi_On_Error  !!!
20220117 052947.280 INFO             PET0 !!!!!!!!!!!!!!!!!!!!!!!!!!!!!!!!!!!!!!!!!!!!!!!!!!!!!!
20220117 052947.280 INFO             PET0 Running with ESMF Version   : ESMF_8_3_0_beta_snapshot_05-71-g471943e
20220117 052947.280 INFO             PET0 ESMF library build date/time: "Jan 17 2022" "02:34:03"
20220117 052947.280 INFO             PET0 ESMF library build location : /work/noaa/da/mpotts/sandbox/intel_2020_intelmpi_g_jedwards_pio_update
20220117 052947.280 INFO             PET0 ESMF_COMM                   : intelmpi
20220117 052947.281 INFO             PET0 ESMF_MOAB                   : enabled
20220117 052947.281 INFO             PET0 ESMF_LAPACK                 : enabled
20220117 052947.281 INFO             PET0 ESMF_NETCDF                 : enabled
20220117 052947.281 INFO             PET0 ESMF_PNETCDF                : disabled
20220117 052947.281 INFO             PET0 ESMF_PIO                    : enabled
20220117 052947.281 INFO             PET0 ESMF_YAMLCPP                : enabled
20220117 053014.578 INFO             PET0  NUMBER_OF_PROCESSORS           4
20220117 053014.591 INFO             PET0  PASS  Example ESMF_ArrayRedistEx, ESMF_ArrayRedistEx.F90, line 595
20220117 053014.591 INFO             PET0 Finalizing ESMF
20220117 053014.591 INFO             PET0 ESMCI_IO_Handler.C:330 ESMCI::IO_Handler::finalize() 
20220117 053014.591 INFO             PET0 ESMCI_PIO_Handler.C:348 ESMCI::PIO_Handler::finalize() 
20220117 053014.591 INFO             PET0 ESMCI_IO_Handler.C:332 ESMCI::IO_Handler::finalize() after finalize, localrc = 0
20220117 053014.591 INFO             PET0 ESMCI_IO_Handler.C:355 ESMCI::IO_Handler::finalize() before return, localrc = 0
20220117 052947.290 INFO             PET1 !!!!!!!!!!!!!!!!!!!!!!!!!!!!!!!!!!!!!!!!!!!!!!!!!!!!!!
20220117 052947.290 INFO             PET1 !!! THE ESMF_LOG IS SET TO OUTPUT ALL LOG MESSAGES !!!
20220117 052947.290 INFO             PET1 !!!     THIS MAY CAUSE SLOWDOWN IN PERFORMANCE     !!!
20220117 052947.290 INFO             PET1 !!! FOR PRODUCTION RUNS, USE:                      !!!
20220117 052947.290 INFO             PET1 !!!                   ESMF_LOGKIND_Multi_On_Error  !!!
20220117 052947.290 INFO             PET1 !!!!!!!!!!!!!!!!!!!!!!!!!!!!!!!!!!!!!!!!!!!!!!!!!!!!!!
20220117 052947.290 INFO             PET1 Running with ESMF Version   : ESMF_8_3_0_beta_snapshot_05-71-g471943e
20220117 052947.290 INFO             PET1 ESMF library build date/time: "Jan 17 2022" "02:34:03"
20220117 052947.290 INFO             PET1 ESMF library build location : /work/noaa/da/mpotts/sandbox/intel_2020_intelmpi_g_jedwards_pio_update
20220117 052947.290 INFO             PET1 ESMF_COMM                   : intelmpi
20220117 052947.293 INFO             PET1 ESMF_MOAB                   : enabled
20220117 052947.293 INFO             PET1 ESMF_LAPACK                 : enabled
20220117 052947.293 INFO             PET1 ESMF_NETCDF                 : enabled
20220117 052947.293 INFO             PET1 ESMF_PNETCDF                : disabled
20220117 052947.293 INFO             PET1 ESMF_PIO                    : enabled
20220117 052947.293 INFO             PET1 ESMF_YAMLCPP                : enabled
20220117 053014.578 INFO             PET1  NUMBER_OF_PROCESSORS           4
20220117 053014.578 INFO             PET1  PASS  Example ESMF_ArrayRedistEx, ESMF_ArrayRedistEx.F90, line 595
20220117 053014.578 INFO             PET1 Finalizing ESMF
20220117 053014.578 INFO             PET1 ESMCI_IO_Handler.C:330 ESMCI::IO_Handler::finalize() 
20220117 053014.579 INFO             PET1 ESMCI_PIO_Handler.C:348 ESMCI::PIO_Handler::finalize() 
20220117 053014.579 INFO             PET1 ESMCI_IO_Handler.C:332 ESMCI::IO_Handler::finalize() after finalize, localrc = 0
20220117 053014.579 INFO             PET1 ESMCI_IO_Handler.C:355 ESMCI::IO_Handler::finalize() before return, localrc = 0
20220117 052947.301 INFO             PET2 !!!!!!!!!!!!!!!!!!!!!!!!!!!!!!!!!!!!!!!!!!!!!!!!!!!!!!
20220117 052947.301 INFO             PET2 !!! THE ESMF_LOG IS SET TO OUTPUT ALL LOG MESSAGES !!!
20220117 052947.301 INFO             PET2 !!!     THIS MAY CAUSE SLOWDOWN IN PERFORMANCE     !!!
20220117 052947.301 INFO             PET2 !!! FOR PRODUCTION RUNS, USE:                      !!!
20220117 052947.301 INFO             PET2 !!!                   ESMF_LOGKIND_Multi_On_Error  !!!
20220117 052947.301 INFO             PET2 !!!!!!!!!!!!!!!!!!!!!!!!!!!!!!!!!!!!!!!!!!!!!!!!!!!!!!
20220117 052947.301 INFO             PET2 Running with ESMF Version   : ESMF_8_3_0_beta_snapshot_05-71-g471943e
20220117 052947.301 INFO             PET2 ESMF library build date/time: "Jan 17 2022" "02:34:03"
20220117 052947.301 INFO             PET2 ESMF library build location : /work/noaa/da/mpotts/sandbox/intel_2020_intelmpi_g_jedwards_pio_update
20220117 052947.301 INFO             PET2 ESMF_COMM                   : intelmpi
20220117 052947.302 INFO             PET2 ESMF_MOAB                   : enabled
20220117 052947.302 INFO             PET2 ESMF_LAPACK                 : enabled
20220117 052947.302 INFO             PET2 ESMF_NETCDF                 : enabled
20220117 052947.302 INFO             PET2 ESMF_PNETCDF                : disabled
20220117 052947.302 INFO             PET2 ESMF_PIO                    : enabled
20220117 052947.302 INFO             PET2 ESMF_YAMLCPP                : enabled
20220117 053014.578 INFO             PET2  NUMBER_OF_PROCESSORS           4
20220117 053014.578 INFO             PET2  PASS  Example ESMF_ArrayRedistEx, ESMF_ArrayRedistEx.F90, line 595
20220117 053014.578 INFO             PET2 Finalizing ESMF
20220117 053014.578 INFO             PET2 ESMCI_IO_Handler.C:330 ESMCI::IO_Handler::finalize() 
20220117 053014.579 INFO             PET2 ESMCI_PIO_Handler.C:348 ESMCI::PIO_Handler::finalize() 
20220117 053014.579 INFO             PET2 ESMCI_IO_Handler.C:332 ESMCI::IO_Handler::finalize() after finalize, localrc = 0
20220117 053014.579 INFO             PET2 ESMCI_IO_Handler.C:355 ESMCI::IO_Handler::finalize() before return, localrc = 0
20220117 052947.292 INFO             PET3 !!!!!!!!!!!!!!!!!!!!!!!!!!!!!!!!!!!!!!!!!!!!!!!!!!!!!!
20220117 052947.292 INFO             PET3 !!! THE ESMF_LOG IS SET TO OUTPUT ALL LOG MESSAGES !!!
20220117 052947.292 INFO             PET3 !!!     THIS MAY CAUSE SLOWDOWN IN PERFORMANCE     !!!
20220117 052947.292 INFO             PET3 !!! FOR PRODUCTION RUNS, USE:                      !!!
20220117 052947.292 INFO             PET3 !!!                   ESMF_LOGKIND_Multi_On_Error  !!!
20220117 052947.292 INFO             PET3 !!!!!!!!!!!!!!!!!!!!!!!!!!!!!!!!!!!!!!!!!!!!!!!!!!!!!!
20220117 052947.292 INFO             PET3 Running with ESMF Version   : ESMF_8_3_0_beta_snapshot_05-71-g471943e
20220117 052947.292 INFO             PET3 ESMF library build date/time: "Jan 17 2022" "02:34:03"
20220117 052947.292 INFO             PET3 ESMF library build location : /work/noaa/da/mpotts/sandbox/intel_2020_intelmpi_g_jedwards_pio_update
20220117 052947.292 INFO             PET3 ESMF_COMM                   : intelmpi
20220117 052947.305 INFO             PET3 ESMF_MOAB                   : enabled
20220117 052947.305 INFO             PET3 ESMF_LAPACK                 : enabled
20220117 052947.305 INFO             PET3 ESMF_NETCDF                 : enabled
20220117 052947.305 INFO             PET3 ESMF_PNETCDF                : disabled
20220117 052947.305 INFO             PET3 ESMF_PIO                    : enabled
20220117 052947.305 INFO             PET3 ESMF_YAMLCPP                : enabled
20220117 053014.578 INFO             PET3  NUMBER_OF_PROCESSORS           4
20220117 053014.592 INFO             PET3  PASS  Example ESMF_ArrayRedistEx, ESMF_ArrayRedistEx.F90, line 595
20220117 053014.592 INFO             PET3 Finalizing ESMF
20220117 053014.592 INFO             PET3 ESMCI_IO_Handler.C:330 ESMCI::IO_Handler::finalize() 
20220117 053014.592 INFO             PET3 ESMCI_PIO_Handler.C:348 ESMCI::PIO_Handler::finalize() 
20220117 053014.592 INFO             PET3 ESMCI_IO_Handler.C:332 ESMCI::IO_Handler::finalize() after finalize, localrc = 0
20220117 053014.592 INFO             PET3 ESMCI_IO_Handler.C:355 ESMCI::IO_Handler::finalize() before return, localrc = 0
