build time -- 2022-01-13 02:32:22
20220113 052316.522 INFO             PET0 !!!!!!!!!!!!!!!!!!!!!!!!!!!!!!!!!!!!!!!!!!!!!!!!!!!!!!
20220113 052316.522 INFO             PET0 !!! THE ESMF_LOG IS SET TO OUTPUT ALL LOG MESSAGES !!!
20220113 052316.522 INFO             PET0 !!!     THIS MAY CAUSE SLOWDOWN IN PERFORMANCE     !!!
20220113 052316.522 INFO             PET0 !!! FOR PRODUCTION RUNS, USE:                      !!!
20220113 052316.522 INFO             PET0 !!!                   ESMF_LOGKIND_Multi_On_Error  !!!
20220113 052316.522 INFO             PET0 !!!!!!!!!!!!!!!!!!!!!!!!!!!!!!!!!!!!!!!!!!!!!!!!!!!!!!
20220113 052316.522 INFO             PET0 Running with ESMF Version   : ESMF_8_3_0_beta_snapshot_05-69-g4b689dc
20220113 052316.522 INFO             PET0 ESMF library build date/time: "Jan 13 2022" "02:30:52"
20220113 052316.522 INFO             PET0 ESMF library build location : /work/noaa/da/mpotts/sandbox/intel_2020_intelmpi_g_jedwards_pio_update
20220113 052316.522 INFO             PET0 ESMF_COMM                   : intelmpi
20220113 052316.533 INFO             PET0 ESMF_MOAB                   : enabled
20220113 052316.533 INFO             PET0 ESMF_LAPACK                 : enabled
20220113 052316.533 INFO             PET0 ESMF_NETCDF                 : enabled
20220113 052316.533 INFO             PET0 ESMF_PNETCDF                : disabled
20220113 052316.533 INFO             PET0 ESMF_PIO                    : enabled
20220113 052316.533 INFO             PET0 ESMF_YAMLCPP                : enabled
20220113 052327.881 INFO             PET0  NUMBER_OF_PROCESSORS           4
20220113 052327.881 INFO             PET0  PASS  Example ESMF_RHandleReusabilityEx, ESMF_RHandleReusabilityEx.F90, line 582
20220113 052327.881 INFO             PET0 Finalizing ESMF
20220113 052327.881 INFO             PET0 ESMCI_IO_Handler.C:330 ESMCI::IO_Handler::finalize() 
20220113 052327.881 INFO             PET0 ESMCI_PIO_Handler.C:348 ESMCI::PIO_Handler::finalize() 
20220113 052327.881 INFO             PET0 ESMCI_IO_Handler.C:332 ESMCI::IO_Handler::finalize() after finalize, localrc = 0
20220113 052327.881 INFO             PET0 ESMCI_IO_Handler.C:355 ESMCI::IO_Handler::finalize() before return, localrc = 0
20220113 052316.519 INFO             PET1 !!!!!!!!!!!!!!!!!!!!!!!!!!!!!!!!!!!!!!!!!!!!!!!!!!!!!!
20220113 052316.520 INFO             PET1 !!! THE ESMF_LOG IS SET TO OUTPUT ALL LOG MESSAGES !!!
20220113 052316.520 INFO             PET1 !!!     THIS MAY CAUSE SLOWDOWN IN PERFORMANCE     !!!
20220113 052316.520 INFO             PET1 !!! FOR PRODUCTION RUNS, USE:                      !!!
20220113 052316.520 INFO             PET1 !!!                   ESMF_LOGKIND_Multi_On_Error  !!!
20220113 052316.520 INFO             PET1 !!!!!!!!!!!!!!!!!!!!!!!!!!!!!!!!!!!!!!!!!!!!!!!!!!!!!!
20220113 052316.520 INFO             PET1 Running with ESMF Version   : ESMF_8_3_0_beta_snapshot_05-69-g4b689dc
20220113 052316.520 INFO             PET1 ESMF library build date/time: "Jan 13 2022" "02:30:52"
20220113 052316.520 INFO             PET1 ESMF library build location : /work/noaa/da/mpotts/sandbox/intel_2020_intelmpi_g_jedwards_pio_update
20220113 052316.520 INFO             PET1 ESMF_COMM                   : intelmpi
20220113 052316.521 INFO             PET1 ESMF_MOAB                   : enabled
20220113 052316.521 INFO             PET1 ESMF_LAPACK                 : enabled
20220113 052316.521 INFO             PET1 ESMF_NETCDF                 : enabled
20220113 052316.521 INFO             PET1 ESMF_PNETCDF                : disabled
20220113 052316.521 INFO             PET1 ESMF_PIO                    : enabled
20220113 052316.521 INFO             PET1 ESMF_YAMLCPP                : enabled
20220113 052327.863 INFO             PET1  NUMBER_OF_PROCESSORS           4
20220113 052327.873 INFO             PET1  PASS  Example ESMF_RHandleReusabilityEx, ESMF_RHandleReusabilityEx.F90, line 582
20220113 052327.873 INFO             PET1 Finalizing ESMF
20220113 052327.873 INFO             PET1 ESMCI_IO_Handler.C:330 ESMCI::IO_Handler::finalize() 
20220113 052327.873 INFO             PET1 ESMCI_PIO_Handler.C:348 ESMCI::PIO_Handler::finalize() 
20220113 052327.873 INFO             PET1 ESMCI_IO_Handler.C:332 ESMCI::IO_Handler::finalize() after finalize, localrc = 0
20220113 052327.873 INFO             PET1 ESMCI_IO_Handler.C:355 ESMCI::IO_Handler::finalize() before return, localrc = 0
20220113 052316.520 INFO             PET2 !!!!!!!!!!!!!!!!!!!!!!!!!!!!!!!!!!!!!!!!!!!!!!!!!!!!!!
20220113 052316.520 INFO             PET2 !!! THE ESMF_LOG IS SET TO OUTPUT ALL LOG MESSAGES !!!
20220113 052316.520 INFO             PET2 !!!     THIS MAY CAUSE SLOWDOWN IN PERFORMANCE     !!!
20220113 052316.520 INFO             PET2 !!! FOR PRODUCTION RUNS, USE:                      !!!
20220113 052316.520 INFO             PET2 !!!                   ESMF_LOGKIND_Multi_On_Error  !!!
20220113 052316.520 INFO             PET2 !!!!!!!!!!!!!!!!!!!!!!!!!!!!!!!!!!!!!!!!!!!!!!!!!!!!!!
20220113 052316.520 INFO             PET2 Running with ESMF Version   : ESMF_8_3_0_beta_snapshot_05-69-g4b689dc
20220113 052316.520 INFO             PET2 ESMF library build date/time: "Jan 13 2022" "02:30:52"
20220113 052316.520 INFO             PET2 ESMF library build location : /work/noaa/da/mpotts/sandbox/intel_2020_intelmpi_g_jedwards_pio_update
20220113 052316.520 INFO             PET2 ESMF_COMM                   : intelmpi
20220113 052316.522 INFO             PET2 ESMF_MOAB                   : enabled
20220113 052316.522 INFO             PET2 ESMF_LAPACK                 : enabled
20220113 052316.522 INFO             PET2 ESMF_NETCDF                 : enabled
20220113 052316.522 INFO             PET2 ESMF_PNETCDF                : disabled
20220113 052316.522 INFO             PET2 ESMF_PIO                    : enabled
20220113 052316.522 INFO             PET2 ESMF_YAMLCPP                : enabled
20220113 052327.862 INFO             PET2  NUMBER_OF_PROCESSORS           4
20220113 052327.863 INFO             PET2  PASS  Example ESMF_RHandleReusabilityEx, ESMF_RHandleReusabilityEx.F90, line 582
20220113 052327.863 INFO             PET2 Finalizing ESMF
20220113 052327.863 INFO             PET2 ESMCI_IO_Handler.C:330 ESMCI::IO_Handler::finalize() 
20220113 052327.863 INFO             PET2 ESMCI_PIO_Handler.C:348 ESMCI::PIO_Handler::finalize() 
20220113 052327.863 INFO             PET2 ESMCI_IO_Handler.C:332 ESMCI::IO_Handler::finalize() after finalize, localrc = 0
20220113 052327.863 INFO             PET2 ESMCI_IO_Handler.C:355 ESMCI::IO_Handler::finalize() before return, localrc = 0
20220113 052316.534 INFO             PET3 !!!!!!!!!!!!!!!!!!!!!!!!!!!!!!!!!!!!!!!!!!!!!!!!!!!!!!
20220113 052316.535 INFO             PET3 !!! THE ESMF_LOG IS SET TO OUTPUT ALL LOG MESSAGES !!!
20220113 052316.535 INFO             PET3 !!!     THIS MAY CAUSE SLOWDOWN IN PERFORMANCE     !!!
20220113 052316.535 INFO             PET3 !!! FOR PRODUCTION RUNS, USE:                      !!!
20220113 052316.535 INFO             PET3 !!!                   ESMF_LOGKIND_Multi_On_Error  !!!
20220113 052316.535 INFO             PET3 !!!!!!!!!!!!!!!!!!!!!!!!!!!!!!!!!!!!!!!!!!!!!!!!!!!!!!
20220113 052316.535 INFO             PET3 Running with ESMF Version   : ESMF_8_3_0_beta_snapshot_05-69-g4b689dc
20220113 052316.535 INFO             PET3 ESMF library build date/time: "Jan 13 2022" "02:30:52"
20220113 052316.535 INFO             PET3 ESMF library build location : /work/noaa/da/mpotts/sandbox/intel_2020_intelmpi_g_jedwards_pio_update
20220113 052316.535 INFO             PET3 ESMF_COMM                   : intelmpi
20220113 052316.536 INFO             PET3 ESMF_MOAB                   : enabled
20220113 052316.536 INFO             PET3 ESMF_LAPACK                 : enabled
20220113 052316.536 INFO             PET3 ESMF_NETCDF                 : enabled
20220113 052316.536 INFO             PET3 ESMF_PNETCDF                : disabled
20220113 052316.536 INFO             PET3 ESMF_PIO                    : enabled
20220113 052316.536 INFO             PET3 ESMF_YAMLCPP                : enabled
20220113 052327.862 INFO             PET3  NUMBER_OF_PROCESSORS           4
20220113 052327.863 INFO             PET3  PASS  Example ESMF_RHandleReusabilityEx, ESMF_RHandleReusabilityEx.F90, line 582
20220113 052327.863 INFO             PET3 Finalizing ESMF
20220113 052327.863 INFO             PET3 ESMCI_IO_Handler.C:330 ESMCI::IO_Handler::finalize() 
20220113 052327.863 INFO             PET3 ESMCI_PIO_Handler.C:348 ESMCI::PIO_Handler::finalize() 
20220113 052327.863 INFO             PET3 ESMCI_IO_Handler.C:332 ESMCI::IO_Handler::finalize() after finalize, localrc = 0
20220113 052327.863 INFO             PET3 ESMCI_IO_Handler.C:355 ESMCI::IO_Handler::finalize() before return, localrc = 0
