build time -- 2022-01-13 02:32:22
20220113 052304.266 INFO             PET0 !!!!!!!!!!!!!!!!!!!!!!!!!!!!!!!!!!!!!!!!!!!!!!!!!!!!!!
20220113 052304.266 INFO             PET0 !!! THE ESMF_LOG IS SET TO OUTPUT ALL LOG MESSAGES !!!
20220113 052304.266 INFO             PET0 !!!     THIS MAY CAUSE SLOWDOWN IN PERFORMANCE     !!!
20220113 052304.266 INFO             PET0 !!! FOR PRODUCTION RUNS, USE:                      !!!
20220113 052304.266 INFO             PET0 !!!                   ESMF_LOGKIND_Multi_On_Error  !!!
20220113 052304.266 INFO             PET0 !!!!!!!!!!!!!!!!!!!!!!!!!!!!!!!!!!!!!!!!!!!!!!!!!!!!!!
20220113 052304.266 INFO             PET0 Running with ESMF Version   : ESMF_8_3_0_beta_snapshot_05-69-g4b689dc
20220113 052304.266 INFO             PET0 ESMF library build date/time: "Jan 13 2022" "02:30:52"
20220113 052304.266 INFO             PET0 ESMF library build location : /work/noaa/da/mpotts/sandbox/intel_2020_intelmpi_g_jedwards_pio_update
20220113 052304.266 INFO             PET0 ESMF_COMM                   : intelmpi
20220113 052304.269 INFO             PET0 ESMF_MOAB                   : enabled
20220113 052304.269 INFO             PET0 ESMF_LAPACK                 : enabled
20220113 052304.269 INFO             PET0 ESMF_NETCDF                 : enabled
20220113 052304.269 INFO             PET0 ESMF_PNETCDF                : disabled
20220113 052304.269 INFO             PET0 ESMF_PIO                    : enabled
20220113 052304.269 INFO             PET0 ESMF_YAMLCPP                : enabled
20220113 052305.051 INFO             PET0 ESMF_FieldRedistStoreNF(): Just entered routine.
20220113 052307.809 INFO             PET0 ESMF_FieldRedistStoreNF(): Leaving routine.
20220113 052307.814 INFO             PET0  NUMBER_OF_PROCESSORS           4
20220113 052307.814 INFO             PET0  PASS  Example ESMF_RHandleFromRHandleEx, ESMF_RHandleFromRHandleEx.F90, line 660
20220113 052307.814 INFO             PET0 Finalizing ESMF
20220113 052307.814 INFO             PET0 ESMCI_IO_Handler.C:330 ESMCI::IO_Handler::finalize() 
20220113 052307.814 INFO             PET0 ESMCI_PIO_Handler.C:348 ESMCI::PIO_Handler::finalize() 
20220113 052307.814 INFO             PET0 ESMCI_IO_Handler.C:332 ESMCI::IO_Handler::finalize() after finalize, localrc = 0
20220113 052307.814 INFO             PET0 ESMCI_IO_Handler.C:355 ESMCI::IO_Handler::finalize() before return, localrc = 0
20220113 052304.266 INFO             PET1 !!!!!!!!!!!!!!!!!!!!!!!!!!!!!!!!!!!!!!!!!!!!!!!!!!!!!!
20220113 052304.266 INFO             PET1 !!! THE ESMF_LOG IS SET TO OUTPUT ALL LOG MESSAGES !!!
20220113 052304.266 INFO             PET1 !!!     THIS MAY CAUSE SLOWDOWN IN PERFORMANCE     !!!
20220113 052304.266 INFO             PET1 !!! FOR PRODUCTION RUNS, USE:                      !!!
20220113 052304.266 INFO             PET1 !!!                   ESMF_LOGKIND_Multi_On_Error  !!!
20220113 052304.266 INFO             PET1 !!!!!!!!!!!!!!!!!!!!!!!!!!!!!!!!!!!!!!!!!!!!!!!!!!!!!!
20220113 052304.266 INFO             PET1 Running with ESMF Version   : ESMF_8_3_0_beta_snapshot_05-69-g4b689dc
20220113 052304.266 INFO             PET1 ESMF library build date/time: "Jan 13 2022" "02:30:52"
20220113 052304.266 INFO             PET1 ESMF library build location : /work/noaa/da/mpotts/sandbox/intel_2020_intelmpi_g_jedwards_pio_update
20220113 052304.266 INFO             PET1 ESMF_COMM                   : intelmpi
20220113 052304.269 INFO             PET1 ESMF_MOAB                   : enabled
20220113 052304.269 INFO             PET1 ESMF_LAPACK                 : enabled
20220113 052304.269 INFO             PET1 ESMF_NETCDF                 : enabled
20220113 052304.269 INFO             PET1 ESMF_PNETCDF                : disabled
20220113 052304.269 INFO             PET1 ESMF_PIO                    : enabled
20220113 052304.269 INFO             PET1 ESMF_YAMLCPP                : enabled
20220113 052305.051 INFO             PET1 ESMF_FieldRedistStoreNF(): Just entered routine.
20220113 052307.811 INFO             PET1 ESMF_FieldRedistStoreNF(): Leaving routine.
20220113 052307.816 INFO             PET1  NUMBER_OF_PROCESSORS           4
20220113 052307.825 INFO             PET1  PASS  Example ESMF_RHandleFromRHandleEx, ESMF_RHandleFromRHandleEx.F90, line 660
20220113 052307.825 INFO             PET1 Finalizing ESMF
20220113 052307.825 INFO             PET1 ESMCI_IO_Handler.C:330 ESMCI::IO_Handler::finalize() 
20220113 052307.825 INFO             PET1 ESMCI_PIO_Handler.C:348 ESMCI::PIO_Handler::finalize() 
20220113 052307.825 INFO             PET1 ESMCI_IO_Handler.C:332 ESMCI::IO_Handler::finalize() after finalize, localrc = 0
20220113 052307.825 INFO             PET1 ESMCI_IO_Handler.C:355 ESMCI::IO_Handler::finalize() before return, localrc = 0
20220113 052304.268 INFO             PET2 !!!!!!!!!!!!!!!!!!!!!!!!!!!!!!!!!!!!!!!!!!!!!!!!!!!!!!
20220113 052304.268 INFO             PET2 !!! THE ESMF_LOG IS SET TO OUTPUT ALL LOG MESSAGES !!!
20220113 052304.268 INFO             PET2 !!!     THIS MAY CAUSE SLOWDOWN IN PERFORMANCE     !!!
20220113 052304.268 INFO             PET2 !!! FOR PRODUCTION RUNS, USE:                      !!!
20220113 052304.268 INFO             PET2 !!!                   ESMF_LOGKIND_Multi_On_Error  !!!
20220113 052304.268 INFO             PET2 !!!!!!!!!!!!!!!!!!!!!!!!!!!!!!!!!!!!!!!!!!!!!!!!!!!!!!
20220113 052304.268 INFO             PET2 Running with ESMF Version   : ESMF_8_3_0_beta_snapshot_05-69-g4b689dc
20220113 052304.268 INFO             PET2 ESMF library build date/time: "Jan 13 2022" "02:30:52"
20220113 052304.268 INFO             PET2 ESMF library build location : /work/noaa/da/mpotts/sandbox/intel_2020_intelmpi_g_jedwards_pio_update
20220113 052304.268 INFO             PET2 ESMF_COMM                   : intelmpi
20220113 052304.282 INFO             PET2 ESMF_MOAB                   : enabled
20220113 052304.282 INFO             PET2 ESMF_LAPACK                 : enabled
20220113 052304.282 INFO             PET2 ESMF_NETCDF                 : enabled
20220113 052304.282 INFO             PET2 ESMF_PNETCDF                : disabled
20220113 052304.282 INFO             PET2 ESMF_PIO                    : enabled
20220113 052304.282 INFO             PET2 ESMF_YAMLCPP                : enabled
20220113 052305.064 INFO             PET2 ESMF_FieldRedistStoreNF(): Just entered routine.
20220113 052307.827 INFO             PET2 ESMF_FieldRedistStoreNF(): Leaving routine.
20220113 052307.832 INFO             PET2  NUMBER_OF_PROCESSORS           4
20220113 052307.841 INFO             PET2  PASS  Example ESMF_RHandleFromRHandleEx, ESMF_RHandleFromRHandleEx.F90, line 660
20220113 052307.841 INFO             PET2 Finalizing ESMF
20220113 052307.841 INFO             PET2 ESMCI_IO_Handler.C:330 ESMCI::IO_Handler::finalize() 
20220113 052307.841 INFO             PET2 ESMCI_PIO_Handler.C:348 ESMCI::PIO_Handler::finalize() 
20220113 052307.841 INFO             PET2 ESMCI_IO_Handler.C:332 ESMCI::IO_Handler::finalize() after finalize, localrc = 0
20220113 052307.841 INFO             PET2 ESMCI_IO_Handler.C:355 ESMCI::IO_Handler::finalize() before return, localrc = 0
20220113 052304.268 INFO             PET3 !!!!!!!!!!!!!!!!!!!!!!!!!!!!!!!!!!!!!!!!!!!!!!!!!!!!!!
20220113 052304.268 INFO             PET3 !!! THE ESMF_LOG IS SET TO OUTPUT ALL LOG MESSAGES !!!
20220113 052304.268 INFO             PET3 !!!     THIS MAY CAUSE SLOWDOWN IN PERFORMANCE     !!!
20220113 052304.268 INFO             PET3 !!! FOR PRODUCTION RUNS, USE:                      !!!
20220113 052304.268 INFO             PET3 !!!                   ESMF_LOGKIND_Multi_On_Error  !!!
20220113 052304.268 INFO             PET3 !!!!!!!!!!!!!!!!!!!!!!!!!!!!!!!!!!!!!!!!!!!!!!!!!!!!!!
20220113 052304.268 INFO             PET3 Running with ESMF Version   : ESMF_8_3_0_beta_snapshot_05-69-g4b689dc
20220113 052304.268 INFO             PET3 ESMF library build date/time: "Jan 13 2022" "02:30:52"
20220113 052304.268 INFO             PET3 ESMF library build location : /work/noaa/da/mpotts/sandbox/intel_2020_intelmpi_g_jedwards_pio_update
20220113 052304.268 INFO             PET3 ESMF_COMM                   : intelmpi
20220113 052304.277 INFO             PET3 ESMF_MOAB                   : enabled
20220113 052304.277 INFO             PET3 ESMF_LAPACK                 : enabled
20220113 052304.277 INFO             PET3 ESMF_NETCDF                 : enabled
20220113 052304.277 INFO             PET3 ESMF_PNETCDF                : disabled
20220113 052304.277 INFO             PET3 ESMF_PIO                    : enabled
20220113 052304.277 INFO             PET3 ESMF_YAMLCPP                : enabled
20220113 052305.052 INFO             PET3 ESMF_FieldRedistStoreNF(): Just entered routine.
20220113 052307.816 INFO             PET3 ESMF_FieldRedistStoreNF(): Leaving routine.
20220113 052307.850 INFO             PET3  NUMBER_OF_PROCESSORS           4
20220113 052307.863 INFO             PET3  PASS  Example ESMF_RHandleFromRHandleEx, ESMF_RHandleFromRHandleEx.F90, line 660
20220113 052307.863 INFO             PET3 Finalizing ESMF
20220113 052307.863 INFO             PET3 ESMCI_IO_Handler.C:330 ESMCI::IO_Handler::finalize() 
20220113 052307.863 INFO             PET3 ESMCI_PIO_Handler.C:348 ESMCI::PIO_Handler::finalize() 
20220113 052307.863 INFO             PET3 ESMCI_IO_Handler.C:332 ESMCI::IO_Handler::finalize() after finalize, localrc = 0
20220113 052307.863 INFO             PET3 ESMCI_IO_Handler.C:355 ESMCI::IO_Handler::finalize() before return, localrc = 0
