build time -- 2021-10-26 19:43:33
forrtl: severe (174): SIGSEGV, segmentation fault occurred
Image              PC                Routine            Line        Source             
ESMF_NUOPCBasicMo  000000010CEB8994  for__signal_handl     Unknown  Unknown
libsystem_platfor  00007FFF666F8B5D  _sigtramp             Unknown  Unknown
libmpi.40.dylib    000000010F7102A1  MPI_Comm_rank         Unknown  Unknown
libesmf.dylib      000000010DA5B6B2  _ZN5ESMCI3VMK4ini     Unknown  Unknown
libesmf.dylib      000000010DA383F5  _ZN5ESMCI2VM10ini     Unknown  Unknown
libesmf.dylib      000000010DA65C65  c_esmc_vminitiali     Unknown  Unknown
libesmf.dylib      000000010E250850  esmf_vmmod_mp_esm     Unknown  Unknown
libesmf.dylib      000000010E0E99D6  esmf_initmod_mp_e     Unknown  Unknown
libesmf.dylib      000000010E0EC0A8  esmf_initmod_mp_e     Unknown  Unknown
ESMF_NUOPCBasicMo  000000010CE92056  MAIN__                Unknown  Unknown
ESMF_NUOPCBasicMo  000000010CE91EDE  main                  Unknown  Unknown
forrtl: severe (174): SIGSEGV, segmentation fault occurred
Image              PC                Routine            Line        Source             
ESMF_NUOPCBasicMo  00000001012BB994  for__signal_handl     Unknown  Unknown
libsystem_platfor  00007FFF666F8B5D  _sigtramp             Unknown  Unknown
libmpi.40.dylib    00000001016A72A1  MPI_Comm_rank         Unknown  Unknown
libesmf.dylib      00000001036F36B2  _ZN5ESMCI3VMK4ini     Unknown  Unknown
libesmf.dylib      00000001036D03F5  _ZN5ESMCI2VM10ini     Unknown  Unknown
libesmf.dylib      00000001036FDC65  c_esmc_vminitiali     Unknown  Unknown
libesmf.dylib      0000000103EE8850  esmf_vmmod_mp_esm     Unknown  Unknown
libesmf.dylib      0000000103D819D6  esmf_initmod_mp_e     Unknown  Unknown
libesmf.dylib      0000000103D840A8  esmf_initmod_mp_e     Unknown  Unknown
ESMF_NUOPCBasicMo  0000000101295056  MAIN__                Unknown  Unknown
ESMF_NUOPCBasicMo  0000000101294EDE  main                  Unknown  Unknown
forrtl: severe (174): SIGSEGV, segmentation fault occurred
Image              PC                Routine            Line        Source             
ESMF_NUOPCBasicMo  000000010569E994  for__signal_handl     Unknown  Unknown
libsystem_platfor  00007FFF666F8B5D  _sigtramp             Unknown  Unknown
libmpi.40.dylib    0000000105A8A2A1  MPI_Comm_rank         Unknown  Unknown
libesmf.dylib      0000000107E0B6B2  _ZN5ESMCI3VMK4ini     Unknown  Unknown
libesmf.dylib      0000000107DE83F5  _ZN5ESMCI2VM10ini     Unknown  Unknown
libesmf.dylib      0000000107E15C65  c_esmc_vminitiali     Unknown  Unknown
libesmf.dylib      0000000108600850  esmf_vmmod_mp_esm     Unknown  Unknown
libesmf.dylib      00000001084999D6  esmf_initmod_mp_e     Unknown  Unknown
libesmf.dylib      000000010849C0A8  esmf_initmod_mp_e     Unknown  Unknown
ESMF_NUOPCBasicMo  0000000105678056  MAIN__                Unknown  Unknown
ESMF_NUOPCBasicMo  0000000105677EDE  main                  Unknown  Unknown
forrtl: severe (174): SIGSEGV, segmentation fault occurred
Image              PC                Routine            Line        Source             
ESMF_NUOPCBasicMo  0000000107E09994  for__signal_handl     Unknown  Unknown
libsystem_platfor  00007FFF666F8B5D  _sigtramp             Unknown  Unknown
libmpi.40.dylib    000000010A6582A1  MPI_Comm_rank         Unknown  Unknown
libesmf.dylib      00000001089B26B2  _ZN5ESMCI3VMK4ini     Unknown  Unknown
libesmf.dylib      000000010898F3F5  _ZN5ESMCI2VM10ini     Unknown  Unknown
libesmf.dylib      00000001089BCC65  c_esmc_vminitiali     Unknown  Unknown
libesmf.dylib      00000001091A7850  esmf_vmmod_mp_esm     Unknown  Unknown
libesmf.dylib      00000001090409D6  esmf_initmod_mp_e     Unknown  Unknown
libesmf.dylib      00000001090430A8  esmf_initmod_mp_e     Unknown  Unknown
ESMF_NUOPCBasicMo  0000000107DE3056  MAIN__                Unknown  Unknown
ESMF_NUOPCBasicMo  0000000107DE2EDE  main                  Unknown  Unknown
