build time -- 2021-10-26 19:43:33
forrtl: severe (174): SIGSEGV, segmentation fault occurred
Image              PC                Routine            Line        Source             
ESMF_ConfigOvervi  0000000107F5DBA4  for__signal_handl     Unknown  Unknown
libsystem_platfor  00007FFF666F8B5D  _sigtramp             Unknown  Unknown
libmpi.40.dylib    000000010A7AD2A1  MPI_Comm_rank         Unknown  Unknown
libesmf.dylib      0000000108B036B2  _ZN5ESMCI3VMK4ini     Unknown  Unknown
libesmf.dylib      0000000108AE03F5  _ZN5ESMCI2VM10ini     Unknown  Unknown
libesmf.dylib      0000000108B0DC65  c_esmc_vminitiali     Unknown  Unknown
libesmf.dylib      00000001092F8850  esmf_vmmod_mp_esm     Unknown  Unknown
libesmf.dylib      00000001091919D6  esmf_initmod_mp_e     Unknown  Unknown
libesmf.dylib      00000001091940A8  esmf_initmod_mp_e     Unknown  Unknown
ESMF_ConfigOvervi  0000000107F367D4  MAIN__                Unknown  Unknown
ESMF_ConfigOvervi  0000000107F3663E  main                  Unknown  Unknown
forrtl: severe (174): SIGSEGV, segmentation fault occurred
Image              PC                Routine            Line        Source             
ESMF_ConfigOvervi  000000010FE9BBA4  for__signal_handl     Unknown  Unknown
libsystem_platfor  00007FFF666F8B5D  _sigtramp             Unknown  Unknown
libmpi.40.dylib    00000001126F32A1  MPI_Comm_rank         Unknown  Unknown
libesmf.dylib      0000000110A436B2  _ZN5ESMCI3VMK4ini     Unknown  Unknown
libesmf.dylib      0000000110A203F5  _ZN5ESMCI2VM10ini     Unknown  Unknown
libesmf.dylib      0000000110A4DC65  c_esmc_vminitiali     Unknown  Unknown
libesmf.dylib      0000000111238850  esmf_vmmod_mp_esm     Unknown  Unknown
libesmf.dylib      00000001110D19D6  esmf_initmod_mp_e     Unknown  Unknown
libesmf.dylib      00000001110D40A8  esmf_initmod_mp_e     Unknown  Unknown
ESMF_ConfigOvervi  000000010FE747D4  MAIN__                Unknown  Unknown
ESMF_ConfigOvervi  000000010FE7463E  main                  Unknown  Unknown
forrtl: severe (174): SIGSEGV, segmentation fault occurred
Image              PC                Routine            Line        Source             
ESMF_ConfigOvervi  000000010DECCBA4  for__signal_handl     Unknown  Unknown
libsystem_platfor  00007FFF666F8B5D  _sigtramp             Unknown  Unknown
libmpi.40.dylib    00000001107242A1  MPI_Comm_rank         Unknown  Unknown
libesmf.dylib      000000010EA746B2  _ZN5ESMCI3VMK4ini     Unknown  Unknown
libesmf.dylib      000000010EA513F5  _ZN5ESMCI2VM10ini     Unknown  Unknown
libesmf.dylib      000000010EA7EC65  c_esmc_vminitiali     Unknown  Unknown
libesmf.dylib      000000010F269850  esmf_vmmod_mp_esm     Unknown  Unknown
libesmf.dylib      000000010F1029D6  esmf_initmod_mp_e     Unknown  Unknown
libesmf.dylib      000000010F1050A8  esmf_initmod_mp_e     Unknown  Unknown
ESMF_ConfigOvervi  000000010DEA57D4  MAIN__                Unknown  Unknown
ESMF_ConfigOvervi  000000010DEA563E  main                  Unknown  Unknown
forrtl: severe (174): SIGSEGV, segmentation fault occurred
Image              PC                Routine            Line        Source             
ESMF_ConfigOvervi  0000000109950BA4  for__signal_handl     Unknown  Unknown
libsystem_platfor  00007FFF666F8B5D  _sigtramp             Unknown  Unknown
libmpi.40.dylib    000000010C1A42A1  MPI_Comm_rank         Unknown  Unknown
libesmf.dylib      000000010A4F86B2  _ZN5ESMCI3VMK4ini     Unknown  Unknown
libesmf.dylib      000000010A4D53F5  _ZN5ESMCI2VM10ini     Unknown  Unknown
libesmf.dylib      000000010A502C65  c_esmc_vminitiali     Unknown  Unknown
libesmf.dylib      000000010ACED850  esmf_vmmod_mp_esm     Unknown  Unknown
libesmf.dylib      000000010AB869D6  esmf_initmod_mp_e     Unknown  Unknown
libesmf.dylib      000000010AB890A8  esmf_initmod_mp_e     Unknown  Unknown
ESMF_ConfigOvervi  00000001099297D4  MAIN__                Unknown  Unknown
ESMF_ConfigOvervi  000000010992963E  main                  Unknown  Unknown
