build time -- 2021-10-26 19:43:33
forrtl: severe (174): SIGSEGV, segmentation fault occurred
Image              PC                Routine            Line        Source             
ESMF_StateEx       000000010AE58584  for__signal_handl     Unknown  Unknown
libsystem_platfor  00007FFF666F8B5D  _sigtramp             Unknown  Unknown
libmpi.40.dylib    000000010D6AB2A1  MPI_Comm_rank         Unknown  Unknown
libesmf.dylib      000000010BA016B2  _ZN5ESMCI3VMK4ini     Unknown  Unknown
libesmf.dylib      000000010B9DE3F5  _ZN5ESMCI2VM10ini     Unknown  Unknown
libesmf.dylib      000000010BA0BC65  c_esmc_vminitiali     Unknown  Unknown
libesmf.dylib      000000010C1F6850  esmf_vmmod_mp_esm     Unknown  Unknown
libesmf.dylib      000000010C08F9D6  esmf_initmod_mp_e     Unknown  Unknown
libesmf.dylib      000000010C0920A8  esmf_initmod_mp_e     Unknown  Unknown
ESMF_StateEx       000000010AE31A80  MAIN__                Unknown  Unknown
ESMF_StateEx       000000010AE318CE  main                  Unknown  Unknown
forrtl: severe (174): SIGSEGV, segmentation fault occurred
Image              PC                Routine            Line        Source             
ESMF_StateEx       00000001084E3584  for__signal_handl     Unknown  Unknown
libsystem_platfor  00007FFF666F8B5D  _sigtramp             Unknown  Unknown
libmpi.40.dylib    000000010AD372A1  MPI_Comm_rank         Unknown  Unknown
libesmf.dylib      00000001090886B2  _ZN5ESMCI3VMK4ini     Unknown  Unknown
libesmf.dylib      00000001090653F5  _ZN5ESMCI2VM10ini     Unknown  Unknown
libesmf.dylib      0000000109092C65  c_esmc_vminitiali     Unknown  Unknown
libesmf.dylib      000000010987D850  esmf_vmmod_mp_esm     Unknown  Unknown
libesmf.dylib      00000001097169D6  esmf_initmod_mp_e     Unknown  Unknown
libesmf.dylib      00000001097190A8  esmf_initmod_mp_e     Unknown  Unknown
ESMF_StateEx       00000001084BCA80  MAIN__                Unknown  Unknown
ESMF_StateEx       00000001084BC8CE  main                  Unknown  Unknown
forrtl: severe (174): SIGSEGV, segmentation fault occurred
Image              PC                Routine            Line        Source             
ESMF_StateEx       000000010DDC9584  for__signal_handl     Unknown  Unknown
libsystem_platfor  00007FFF666F8B5D  _sigtramp             Unknown  Unknown
libmpi.40.dylib    000000011061A2A1  MPI_Comm_rank         Unknown  Unknown
libesmf.dylib      000000010E96E6B2  _ZN5ESMCI3VMK4ini     Unknown  Unknown
libesmf.dylib      000000010E94B3F5  _ZN5ESMCI2VM10ini     Unknown  Unknown
libesmf.dylib      000000010E978C65  c_esmc_vminitiali     Unknown  Unknown
libesmf.dylib      000000010F163850  esmf_vmmod_mp_esm     Unknown  Unknown
libesmf.dylib      000000010EFFC9D6  esmf_initmod_mp_e     Unknown  Unknown
libesmf.dylib      000000010EFFF0A8  esmf_initmod_mp_e     Unknown  Unknown
ESMF_StateEx       000000010DDA2A80  MAIN__                Unknown  Unknown
ESMF_StateEx       000000010DDA28CE  main                  Unknown  Unknown
forrtl: severe (174): SIGSEGV, segmentation fault occurred
Image              PC                Routine            Line        Source             
ESMF_StateEx       0000000102F15584  for__signal_handl     Unknown  Unknown
libsystem_platfor  00007FFF666F8B5D  _sigtramp             Unknown  Unknown
libmpi.40.dylib    00000001057692A1  MPI_Comm_rank         Unknown  Unknown
libesmf.dylib      0000000103ABA6B2  _ZN5ESMCI3VMK4ini     Unknown  Unknown
libesmf.dylib      0000000103A973F5  _ZN5ESMCI2VM10ini     Unknown  Unknown
libesmf.dylib      0000000103AC4C65  c_esmc_vminitiali     Unknown  Unknown
libesmf.dylib      00000001042AF850  esmf_vmmod_mp_esm     Unknown  Unknown
libesmf.dylib      00000001041489D6  esmf_initmod_mp_e     Unknown  Unknown
libesmf.dylib      000000010414B0A8  esmf_initmod_mp_e     Unknown  Unknown
ESMF_StateEx       0000000102EEEA80  MAIN__                Unknown  Unknown
ESMF_StateEx       0000000102EEE8CE  main                  Unknown  Unknown
