build time -- 2021-10-26 19:43:33
forrtl: severe (174): SIGSEGV, segmentation fault occurred
Image              PC                Routine            Line        Source             
ESMF_ArrayEx       0000000100EDFD14  for__signal_handl     Unknown  Unknown
libsystem_platfor  00007FFF666F8B5D  _sigtramp             Unknown  Unknown
libmpi.40.dylib    00000001037362A1  MPI_Comm_rank         Unknown  Unknown
libesmf.dylib      0000000101A8A6B2  _ZN5ESMCI3VMK4ini     Unknown  Unknown
libesmf.dylib      0000000101A673F5  _ZN5ESMCI2VM10ini     Unknown  Unknown
libesmf.dylib      0000000101A94C65  c_esmc_vminitiali     Unknown  Unknown
libesmf.dylib      000000010227F850  esmf_vmmod_mp_esm     Unknown  Unknown
libesmf.dylib      00000001021189D6  esmf_initmod_mp_e     Unknown  Unknown
libesmf.dylib      000000010211B0A8  esmf_initmod_mp_e     Unknown  Unknown
ESMF_ArrayEx       0000000100EB08D0  MAIN__                Unknown  Unknown
ESMF_ArrayEx       0000000100EB05CE  main                  Unknown  Unknown
forrtl: severe (174): SIGSEGV, segmentation fault occurred
Image              PC                Routine            Line        Source             
ESMF_ArrayEx       000000010B68AD14  for__signal_handl     Unknown  Unknown
libsystem_platfor  00007FFF666F8B5D  _sigtramp             Unknown  Unknown
libmpi.40.dylib    000000010BA772A1  MPI_Comm_rank         Unknown  Unknown
libesmf.dylib      000000010D0226B2  _ZN5ESMCI3VMK4ini     Unknown  Unknown
libesmf.dylib      000000010CFFF3F5  _ZN5ESMCI2VM10ini     Unknown  Unknown
libesmf.dylib      000000010D02CC65  c_esmc_vminitiali     Unknown  Unknown
libesmf.dylib      000000010D817850  esmf_vmmod_mp_esm     Unknown  Unknown
libesmf.dylib      000000010D6B09D6  esmf_initmod_mp_e     Unknown  Unknown
libesmf.dylib      000000010D6B30A8  esmf_initmod_mp_e     Unknown  Unknown
ESMF_ArrayEx       000000010B65B8D0  MAIN__                Unknown  Unknown
ESMF_ArrayEx       000000010B65B5CE  main                  Unknown  Unknown
forrtl: severe (174): SIGSEGV, segmentation fault occurred
Image              PC                Routine            Line        Source             
ESMF_ArrayEx       0000000107C32D14  for__signal_handl     Unknown  Unknown
libsystem_platfor  00007FFF666F8B5D  _sigtramp             Unknown  Unknown
libmpi.40.dylib    000000010A4872A1  MPI_Comm_rank         Unknown  Unknown
libesmf.dylib      00000001087DA6B2  _ZN5ESMCI3VMK4ini     Unknown  Unknown
libesmf.dylib      00000001087B73F5  _ZN5ESMCI2VM10ini     Unknown  Unknown
libesmf.dylib      00000001087E4C65  c_esmc_vminitiali     Unknown  Unknown
libesmf.dylib      0000000108FCF850  esmf_vmmod_mp_esm     Unknown  Unknown
libesmf.dylib      0000000108E689D6  esmf_initmod_mp_e     Unknown  Unknown
libesmf.dylib      0000000108E6B0A8  esmf_initmod_mp_e     Unknown  Unknown
ESMF_ArrayEx       0000000107C038D0  MAIN__                Unknown  Unknown
ESMF_ArrayEx       0000000107C035CE  main                  Unknown  Unknown
forrtl: severe (174): SIGSEGV, segmentation fault occurred
Image              PC                Routine            Line        Source             
ESMF_ArrayEx       0000000105A05D14  for__signal_handl     Unknown  Unknown
libsystem_platfor  00007FFF666F8B5D  _sigtramp             Unknown  Unknown
libmpi.40.dylib    00000001082582A1  MPI_Comm_rank         Unknown  Unknown
libesmf.dylib      00000001065AB6B2  _ZN5ESMCI3VMK4ini     Unknown  Unknown
libesmf.dylib      00000001065883F5  _ZN5ESMCI2VM10ini     Unknown  Unknown
libesmf.dylib      00000001065B5C65  c_esmc_vminitiali     Unknown  Unknown
libesmf.dylib      0000000106DA0850  esmf_vmmod_mp_esm     Unknown  Unknown
libesmf.dylib      0000000106C399D6  esmf_initmod_mp_e     Unknown  Unknown
libesmf.dylib      0000000106C3C0A8  esmf_initmod_mp_e     Unknown  Unknown
ESMF_ArrayEx       00000001059D68D0  MAIN__                Unknown  Unknown
ESMF_ArrayEx       00000001059D65CE  main                  Unknown  Unknown
