build time -- 2021-10-26 19:43:33
forrtl: severe (174): SIGSEGV, segmentation fault occurred
Image              PC                Routine            Line        Source             
ESMF_MeshEx        000000010BB837A4  for__signal_handl     Unknown  Unknown
libsystem_platfor  00007FFF666F8B5D  _sigtramp             Unknown  Unknown
libmpi.40.dylib    000000010E3DE2A1  MPI_Comm_rank         Unknown  Unknown
libesmf.dylib      000000010C72D6B2  _ZN5ESMCI3VMK4ini     Unknown  Unknown
libesmf.dylib      000000010C70A3F5  _ZN5ESMCI2VM10ini     Unknown  Unknown
libesmf.dylib      000000010C737C65  c_esmc_vminitiali     Unknown  Unknown
libesmf.dylib      000000010CF22850  esmf_vmmod_mp_esm     Unknown  Unknown
libesmf.dylib      000000010CDBB9D6  esmf_initmod_mp_e     Unknown  Unknown
libesmf.dylib      000000010CDBE0A8  esmf_initmod_mp_e     Unknown  Unknown
ESMF_MeshEx        000000010BB51C53  MAIN__                Unknown  Unknown
ESMF_MeshEx        000000010BB519FE  main                  Unknown  Unknown
forrtl: severe (174): SIGSEGV, segmentation fault occurred
Image              PC                Routine            Line        Source             
ESMF_MeshEx        000000010E1857A4  for__signal_handl     Unknown  Unknown
libsystem_platfor  00007FFF666F8B5D  _sigtramp             Unknown  Unknown
libmpi.40.dylib    00000001109D92A1  MPI_Comm_rank         Unknown  Unknown
libesmf.dylib      000000010ED2B6B2  _ZN5ESMCI3VMK4ini     Unknown  Unknown
libesmf.dylib      000000010ED083F5  _ZN5ESMCI2VM10ini     Unknown  Unknown
libesmf.dylib      000000010ED35C65  c_esmc_vminitiali     Unknown  Unknown
libesmf.dylib      000000010F520850  esmf_vmmod_mp_esm     Unknown  Unknown
libesmf.dylib      000000010F3B99D6  esmf_initmod_mp_e     Unknown  Unknown
libesmf.dylib      000000010F3BC0A8  esmf_initmod_mp_e     Unknown  Unknown
ESMF_MeshEx        000000010E153C53  MAIN__                Unknown  Unknown
ESMF_MeshEx        000000010E1539FE  main                  Unknown  Unknown
forrtl: severe (174): SIGSEGV, segmentation fault occurred
Image              PC                Routine            Line        Source             
ESMF_MeshEx        0000000103D5E7A4  for__signal_handl     Unknown  Unknown
libsystem_platfor  00007FFF666F8B5D  _sigtramp             Unknown  Unknown
libmpi.40.dylib    00000001065BF2A1  MPI_Comm_rank         Unknown  Unknown
libesmf.dylib      00000001049066B2  _ZN5ESMCI3VMK4ini     Unknown  Unknown
libesmf.dylib      00000001048E33F5  _ZN5ESMCI2VM10ini     Unknown  Unknown
libesmf.dylib      0000000104910C65  c_esmc_vminitiali     Unknown  Unknown
libesmf.dylib      00000001050FB850  esmf_vmmod_mp_esm     Unknown  Unknown
libesmf.dylib      0000000104F949D6  esmf_initmod_mp_e     Unknown  Unknown
libesmf.dylib      0000000104F970A8  esmf_initmod_mp_e     Unknown  Unknown
ESMF_MeshEx        0000000103D2CC53  MAIN__                Unknown  Unknown
ESMF_MeshEx        0000000103D2C9FE  main                  Unknown  Unknown
forrtl: severe (174): SIGSEGV, segmentation fault occurred
Image              PC                Routine            Line        Source             
ESMF_MeshEx        000000010437D7A4  for__signal_handl     Unknown  Unknown
libsystem_platfor  00007FFF666F8B5D  _sigtramp             Unknown  Unknown
libmpi.40.dylib    0000000106BCD2A1  MPI_Comm_rank         Unknown  Unknown
libesmf.dylib      0000000104F206B2  _ZN5ESMCI3VMK4ini     Unknown  Unknown
libesmf.dylib      0000000104EFD3F5  _ZN5ESMCI2VM10ini     Unknown  Unknown
libesmf.dylib      0000000104F2AC65  c_esmc_vminitiali     Unknown  Unknown
libesmf.dylib      0000000105715850  esmf_vmmod_mp_esm     Unknown  Unknown
libesmf.dylib      00000001055AE9D6  esmf_initmod_mp_e     Unknown  Unknown
libesmf.dylib      00000001055B10A8  esmf_initmod_mp_e     Unknown  Unknown
ESMF_MeshEx        000000010434BC53  MAIN__                Unknown  Unknown
ESMF_MeshEx        000000010434B9FE  main                  Unknown  Unknown
