build time -- 2021-10-26 19:43:33
forrtl: severe (174): SIGSEGV, segmentation fault occurred
Image              PC                Routine            Line        Source             
ESMF_NUOPCAtmMode  000000010374C1F4  for__signal_handl     Unknown  Unknown
libsystem_platfor  00007FFF666F8B5D  _sigtramp             Unknown  Unknown
libmpi.40.dylib    0000000105F9C2A1  MPI_Comm_rank         Unknown  Unknown
libesmf.dylib      00000001042F16B2  _ZN5ESMCI3VMK4ini     Unknown  Unknown
libesmf.dylib      00000001042CE3F5  _ZN5ESMCI2VM10ini     Unknown  Unknown
libesmf.dylib      00000001042FBC65  c_esmc_vminitiali     Unknown  Unknown
libesmf.dylib      0000000104AE6850  esmf_vmmod_mp_esm     Unknown  Unknown
libesmf.dylib      000000010497F9D6  esmf_initmod_mp_e     Unknown  Unknown
libesmf.dylib      00000001049820A8  esmf_initmod_mp_e     Unknown  Unknown
ESMF_NUOPCAtmMode  00000001037242B6  MAIN__                Unknown  Unknown
ESMF_NUOPCAtmMode  00000001037240FE  main                  Unknown  Unknown
forrtl: severe (174): SIGSEGV, segmentation fault occurred
Image              PC                Routine            Line        Source             
ESMF_NUOPCAtmMode  0000000103EB91F4  for__signal_handl     Unknown  Unknown
libsystem_platfor  00007FFF666F8B5D  _sigtramp             Unknown  Unknown
libmpi.40.dylib    00000001067182A1  MPI_Comm_rank         Unknown  Unknown
libesmf.dylib      0000000104A656B2  _ZN5ESMCI3VMK4ini     Unknown  Unknown
libesmf.dylib      0000000104A423F5  _ZN5ESMCI2VM10ini     Unknown  Unknown
libesmf.dylib      0000000104A6FC65  c_esmc_vminitiali     Unknown  Unknown
libesmf.dylib      000000010525A850  esmf_vmmod_mp_esm     Unknown  Unknown
libesmf.dylib      00000001050F39D6  esmf_initmod_mp_e     Unknown  Unknown
libesmf.dylib      00000001050F60A8  esmf_initmod_mp_e     Unknown  Unknown
ESMF_NUOPCAtmMode  0000000103E912B6  MAIN__                Unknown  Unknown
ESMF_NUOPCAtmMode  0000000103E910FE  main                  Unknown  Unknown
forrtl: severe (174): SIGSEGV, segmentation fault occurred
Image              PC                Routine            Line        Source             
ESMF_NUOPCAtmMode  00000001093A91F4  for__signal_handl     Unknown  Unknown
libsystem_platfor  00007FFF666F8B5D  _sigtramp             Unknown  Unknown
libmpi.40.dylib    000000010BC042A1  MPI_Comm_rank         Unknown  Unknown
libesmf.dylib      0000000109F556B2  _ZN5ESMCI3VMK4ini     Unknown  Unknown
libesmf.dylib      0000000109F323F5  _ZN5ESMCI2VM10ini     Unknown  Unknown
libesmf.dylib      0000000109F5FC65  c_esmc_vminitiali     Unknown  Unknown
libesmf.dylib      000000010A74A850  esmf_vmmod_mp_esm     Unknown  Unknown
libesmf.dylib      000000010A5E39D6  esmf_initmod_mp_e     Unknown  Unknown
libesmf.dylib      000000010A5E60A8  esmf_initmod_mp_e     Unknown  Unknown
ESMF_NUOPCAtmMode  00000001093812B6  MAIN__                Unknown  Unknown
ESMF_NUOPCAtmMode  00000001093810FE  main                  Unknown  Unknown
forrtl: severe (174): SIGSEGV, segmentation fault occurred
Image              PC                Routine            Line        Source             
ESMF_NUOPCAtmMode  000000010FF291F4  for__signal_handl     Unknown  Unknown
libsystem_platfor  00007FFF666F8B5D  _sigtramp             Unknown  Unknown
libmpi.40.dylib    000000011277D2A1  MPI_Comm_rank         Unknown  Unknown
libesmf.dylib      0000000110AD06B2  _ZN5ESMCI3VMK4ini     Unknown  Unknown
libesmf.dylib      0000000110AAD3F5  _ZN5ESMCI2VM10ini     Unknown  Unknown
libesmf.dylib      0000000110ADAC65  c_esmc_vminitiali     Unknown  Unknown
libesmf.dylib      00000001112C5850  esmf_vmmod_mp_esm     Unknown  Unknown
libesmf.dylib      000000011115E9D6  esmf_initmod_mp_e     Unknown  Unknown
libesmf.dylib      00000001111610A8  esmf_initmod_mp_e     Unknown  Unknown
ESMF_NUOPCAtmMode  000000010FF012B6  MAIN__                Unknown  Unknown
ESMF_NUOPCAtmMode  000000010FF010FE  main                  Unknown  Unknown
