build time -- 2021-10-26 19:43:33
forrtl: severe (174): SIGSEGV, segmentation fault occurred
Image              PC                Routine            Line        Source             
ESMF_CplEx         0000000106B815A4  for__signal_handl     Unknown  Unknown
libsystem_platfor  00007FFF666F8B5D  _sigtramp             Unknown  Unknown
libmpi.40.dylib    00000001093D72A1  MPI_Comm_rank         Unknown  Unknown
libesmf.dylib      000000010772C6B2  _ZN5ESMCI3VMK4ini     Unknown  Unknown
libesmf.dylib      00000001077093F5  _ZN5ESMCI2VM10ini     Unknown  Unknown
libesmf.dylib      0000000107736C65  c_esmc_vminitiali     Unknown  Unknown
libesmf.dylib      0000000107F21850  esmf_vmmod_mp_esm     Unknown  Unknown
libesmf.dylib      0000000107DBA9D6  esmf_initmod_mp_e     Unknown  Unknown
libesmf.dylib      0000000107DBD0A8  esmf_initmod_mp_e     Unknown  Unknown
ESMF_CplEx         0000000106B5AD24  MAIN__                Unknown  Unknown
ESMF_CplEx         0000000106B5AA4E  main                  Unknown  Unknown
forrtl: severe (174): SIGSEGV, segmentation fault occurred
Image              PC                Routine            Line        Source             
ESMF_CplEx         0000000101D155A4  for__signal_handl     Unknown  Unknown
libsystem_platfor  00007FFF666F8B5D  _sigtramp             Unknown  Unknown
libmpi.40.dylib    00000001045722A1  MPI_Comm_rank         Unknown  Unknown
libesmf.dylib      00000001028BE6B2  _ZN5ESMCI3VMK4ini     Unknown  Unknown
libesmf.dylib      000000010289B3F5  _ZN5ESMCI2VM10ini     Unknown  Unknown
libesmf.dylib      00000001028C8C65  c_esmc_vminitiali     Unknown  Unknown
libesmf.dylib      00000001030B3850  esmf_vmmod_mp_esm     Unknown  Unknown
libesmf.dylib      0000000102F4C9D6  esmf_initmod_mp_e     Unknown  Unknown
libesmf.dylib      0000000102F4F0A8  esmf_initmod_mp_e     Unknown  Unknown
ESMF_CplEx         0000000101CEED24  MAIN__                Unknown  Unknown
ESMF_CplEx         0000000101CEEA4E  main                  Unknown  Unknown
forrtl: severe (174): SIGSEGV, segmentation fault occurred
Image              PC                Routine            Line        Source             
ESMF_CplEx         000000010177A5A4  for__signal_handl     Unknown  Unknown
libsystem_platfor  00007FFF666F8B5D  _sigtramp             Unknown  Unknown
libmpi.40.dylib    0000000103FCF2A1  MPI_Comm_rank         Unknown  Unknown
libesmf.dylib      00000001023206B2  _ZN5ESMCI3VMK4ini     Unknown  Unknown
libesmf.dylib      00000001022FD3F5  _ZN5ESMCI2VM10ini     Unknown  Unknown
libesmf.dylib      000000010232AC65  c_esmc_vminitiali     Unknown  Unknown
libesmf.dylib      0000000102B15850  esmf_vmmod_mp_esm     Unknown  Unknown
libesmf.dylib      00000001029AE9D6  esmf_initmod_mp_e     Unknown  Unknown
libesmf.dylib      00000001029B10A8  esmf_initmod_mp_e     Unknown  Unknown
ESMF_CplEx         0000000101753D24  MAIN__                Unknown  Unknown
ESMF_CplEx         0000000101753A4E  main                  Unknown  Unknown
forrtl: severe (174): SIGSEGV, segmentation fault occurred
Image              PC                Routine            Line        Source             
ESMF_CplEx         000000010D5DD5A4  for__signal_handl     Unknown  Unknown
libsystem_platfor  00007FFF666F8B5D  _sigtramp             Unknown  Unknown
libmpi.40.dylib    000000010FE342A1  MPI_Comm_rank         Unknown  Unknown
libesmf.dylib      000000010E1876B2  _ZN5ESMCI3VMK4ini     Unknown  Unknown
libesmf.dylib      000000010E1643F5  _ZN5ESMCI2VM10ini     Unknown  Unknown
libesmf.dylib      000000010E191C65  c_esmc_vminitiali     Unknown  Unknown
libesmf.dylib      000000010E97C850  esmf_vmmod_mp_esm     Unknown  Unknown
libesmf.dylib      000000010E8159D6  esmf_initmod_mp_e     Unknown  Unknown
libesmf.dylib      000000010E8180A8  esmf_initmod_mp_e     Unknown  Unknown
ESMF_CplEx         000000010D5B6D24  MAIN__                Unknown  Unknown
ESMF_CplEx         000000010D5B6A4E  main                  Unknown  Unknown
