build time -- 2021-10-26 19:43:33
forrtl: severe (174): SIGSEGV, segmentation fault occurred
Image              PC                Routine            Line        Source             
ESMF_FieldSMMEx    000000010D544B24  for__signal_handl     Unknown  Unknown
libsystem_platfor  00007FFF666F8B5D  _sigtramp             Unknown  Unknown
libmpi.40.dylib    000000010FD962A1  MPI_Comm_rank         Unknown  Unknown
libesmf.dylib      000000010E0E76B2  _ZN5ESMCI3VMK4ini     Unknown  Unknown
libesmf.dylib      000000010E0C43F5  _ZN5ESMCI2VM10ini     Unknown  Unknown
libesmf.dylib      000000010E0F1C65  c_esmc_vminitiali     Unknown  Unknown
libesmf.dylib      000000010E8DC850  esmf_vmmod_mp_esm     Unknown  Unknown
libesmf.dylib      000000010E7759D6  esmf_initmod_mp_e     Unknown  Unknown
libesmf.dylib      000000010E7780A8  esmf_initmod_mp_e     Unknown  Unknown
ESMF_FieldSMMEx    000000010D51C56A  MAIN__                Unknown  Unknown
ESMF_FieldSMMEx    000000010D51C28E  main                  Unknown  Unknown
forrtl: severe (174): SIGSEGV, segmentation fault occurred
Image              PC                Routine            Line        Source             
ESMF_FieldSMMEx    000000010B866B24  for__signal_handl     Unknown  Unknown
libsystem_platfor  00007FFF666F8B5D  _sigtramp             Unknown  Unknown
libmpi.40.dylib    000000010E0BB2A1  MPI_Comm_rank         Unknown  Unknown
libesmf.dylib      000000010C40B6B2  _ZN5ESMCI3VMK4ini     Unknown  Unknown
libesmf.dylib      000000010C3E83F5  _ZN5ESMCI2VM10ini     Unknown  Unknown
libesmf.dylib      000000010C415C65  c_esmc_vminitiali     Unknown  Unknown
libesmf.dylib      000000010CC00850  esmf_vmmod_mp_esm     Unknown  Unknown
libesmf.dylib      000000010CA999D6  esmf_initmod_mp_e     Unknown  Unknown
libesmf.dylib      000000010CA9C0A8  esmf_initmod_mp_e     Unknown  Unknown
ESMF_FieldSMMEx    000000010B83E56A  MAIN__                Unknown  Unknown
ESMF_FieldSMMEx    000000010B83E28E  main                  Unknown  Unknown
forrtl: severe (174): SIGSEGV, segmentation fault occurred
Image              PC                Routine            Line        Source             
ESMF_FieldSMMEx    000000010CACEB24  for__signal_handl     Unknown  Unknown
libsystem_platfor  00007FFF666F8B5D  _sigtramp             Unknown  Unknown
libmpi.40.dylib    000000010CEBA2A1  MPI_Comm_rank         Unknown  Unknown
libesmf.dylib      000000010DE906B2  _ZN5ESMCI3VMK4ini     Unknown  Unknown
libesmf.dylib      000000010DE6D3F5  _ZN5ESMCI2VM10ini     Unknown  Unknown
libesmf.dylib      000000010DE9AC65  c_esmc_vminitiali     Unknown  Unknown
libesmf.dylib      000000010E685850  esmf_vmmod_mp_esm     Unknown  Unknown
libesmf.dylib      000000010E51E9D6  esmf_initmod_mp_e     Unknown  Unknown
libesmf.dylib      000000010E5210A8  esmf_initmod_mp_e     Unknown  Unknown
ESMF_FieldSMMEx    000000010CAA656A  MAIN__                Unknown  Unknown
ESMF_FieldSMMEx    000000010CAA628E  main                  Unknown  Unknown
forrtl: severe (174): SIGSEGV, segmentation fault occurred
Image              PC                Routine            Line        Source             
ESMF_FieldSMMEx    0000000105443B24  for__signal_handl     Unknown  Unknown
libsystem_platfor  00007FFF666F8B5D  _sigtramp             Unknown  Unknown
libmpi.40.dylib    0000000107C992A1  MPI_Comm_rank         Unknown  Unknown
libesmf.dylib      0000000105FEC6B2  _ZN5ESMCI3VMK4ini     Unknown  Unknown
libesmf.dylib      0000000105FC93F5  _ZN5ESMCI2VM10ini     Unknown  Unknown
libesmf.dylib      0000000105FF6C65  c_esmc_vminitiali     Unknown  Unknown
libesmf.dylib      00000001067E1850  esmf_vmmod_mp_esm     Unknown  Unknown
libesmf.dylib      000000010667A9D6  esmf_initmod_mp_e     Unknown  Unknown
libesmf.dylib      000000010667D0A8  esmf_initmod_mp_e     Unknown  Unknown
ESMF_FieldSMMEx    000000010541B56A  MAIN__                Unknown  Unknown
ESMF_FieldSMMEx    000000010541B28E  main                  Unknown  Unknown
