build time -- 2021-10-26 19:43:33
forrtl: severe (174): SIGSEGV, segmentation fault occurred
Image              PC                Routine            Line        Source             
ESMF_ArrayFarrayE  0000000109475FD4  for__signal_handl     Unknown  Unknown
libsystem_platfor  00007FFF666F8B5D  _sigtramp             Unknown  Unknown
libmpi.40.dylib    000000010BCBD2A1  MPI_Comm_rank         Unknown  Unknown
libesmf.dylib      000000010A0186B2  _ZN5ESMCI3VMK4ini     Unknown  Unknown
libesmf.dylib      0000000109FF53F5  _ZN5ESMCI2VM10ini     Unknown  Unknown
libesmf.dylib      000000010A022C65  c_esmc_vminitiali     Unknown  Unknown
libesmf.dylib      000000010A80D850  esmf_vmmod_mp_esm     Unknown  Unknown
libesmf.dylib      000000010A6A69D6  esmf_initmod_mp_e     Unknown  Unknown
libesmf.dylib      000000010A6A90A8  esmf_initmod_mp_e     Unknown  Unknown
ESMF_ArrayFarrayE  000000010944E703  MAIN__                Unknown  Unknown
ESMF_ArrayFarrayE  000000010944E54E  main                  Unknown  Unknown
forrtl: severe (174): SIGSEGV, segmentation fault occurred
Image              PC                Routine            Line        Source             
ESMF_ArrayFarrayE  000000010F85BFD4  for__signal_handl     Unknown  Unknown
libsystem_platfor  00007FFF666F8B5D  _sigtramp             Unknown  Unknown
libmpi.40.dylib    00000001120B62A1  MPI_Comm_rank         Unknown  Unknown
libesmf.dylib      00000001104046B2  _ZN5ESMCI3VMK4ini     Unknown  Unknown
libesmf.dylib      00000001103E13F5  _ZN5ESMCI2VM10ini     Unknown  Unknown
libesmf.dylib      000000011040EC65  c_esmc_vminitiali     Unknown  Unknown
libesmf.dylib      0000000110BF9850  esmf_vmmod_mp_esm     Unknown  Unknown
libesmf.dylib      0000000110A929D6  esmf_initmod_mp_e     Unknown  Unknown
libesmf.dylib      0000000110A950A8  esmf_initmod_mp_e     Unknown  Unknown
ESMF_ArrayFarrayE  000000010F834703  MAIN__                Unknown  Unknown
ESMF_ArrayFarrayE  000000010F83454E  main                  Unknown  Unknown
forrtl: severe (174): SIGSEGV, segmentation fault occurred
Image              PC                Routine            Line        Source             
ESMF_ArrayFarrayE  0000000108117FD4  for__signal_handl     Unknown  Unknown
libsystem_platfor  00007FFF666F8B5D  _sigtramp             Unknown  Unknown
libmpi.40.dylib    000000010A96B2A1  MPI_Comm_rank         Unknown  Unknown
libesmf.dylib      0000000108CBE6B2  _ZN5ESMCI3VMK4ini     Unknown  Unknown
libesmf.dylib      0000000108C9B3F5  _ZN5ESMCI2VM10ini     Unknown  Unknown
libesmf.dylib      0000000108CC8C65  c_esmc_vminitiali     Unknown  Unknown
libesmf.dylib      00000001094B3850  esmf_vmmod_mp_esm     Unknown  Unknown
libesmf.dylib      000000010934C9D6  esmf_initmod_mp_e     Unknown  Unknown
libesmf.dylib      000000010934F0A8  esmf_initmod_mp_e     Unknown  Unknown
ESMF_ArrayFarrayE  00000001080F0703  MAIN__                Unknown  Unknown
ESMF_ArrayFarrayE  00000001080F054E  main                  Unknown  Unknown
forrtl: severe (174): SIGSEGV, segmentation fault occurred
Image              PC                Routine            Line        Source             
ESMF_ArrayFarrayE  0000000106602FD4  for__signal_handl     Unknown  Unknown
libsystem_platfor  00007FFF666F8B5D  _sigtramp             Unknown  Unknown
libmpi.40.dylib    0000000108E5C2A1  MPI_Comm_rank         Unknown  Unknown
libesmf.dylib      00000001071A96B2  _ZN5ESMCI3VMK4ini     Unknown  Unknown
libesmf.dylib      00000001071863F5  _ZN5ESMCI2VM10ini     Unknown  Unknown
libesmf.dylib      00000001071B3C65  c_esmc_vminitiali     Unknown  Unknown
libesmf.dylib      000000010799E850  esmf_vmmod_mp_esm     Unknown  Unknown
libesmf.dylib      00000001078379D6  esmf_initmod_mp_e     Unknown  Unknown
libesmf.dylib      000000010783A0A8  esmf_initmod_mp_e     Unknown  Unknown
ESMF_ArrayFarrayE  00000001065DB703  MAIN__                Unknown  Unknown
ESMF_ArrayFarrayE  00000001065DB54E  main                  Unknown  Unknown
