build time -- 2021-10-26 19:43:33
forrtl: severe (174): SIGSEGV, segmentation fault occurred
Image              PC                Routine            Line        Source             
ESMF_ArrayRedistE  000000010160CF54  for__signal_handl     Unknown  Unknown
libsystem_platfor  00007FFF666F8B5D  _sigtramp             Unknown  Unknown
libmpi.40.dylib    0000000103E622A1  MPI_Comm_rank         Unknown  Unknown
libesmf.dylib      00000001021B26B2  _ZN5ESMCI3VMK4ini     Unknown  Unknown
libesmf.dylib      000000010218F3F5  _ZN5ESMCI2VM10ini     Unknown  Unknown
libesmf.dylib      00000001021BCC65  c_esmc_vminitiali     Unknown  Unknown
libesmf.dylib      00000001029A7850  esmf_vmmod_mp_esm     Unknown  Unknown
libesmf.dylib      00000001028409D6  esmf_initmod_mp_e     Unknown  Unknown
libesmf.dylib      00000001028430A8  esmf_initmod_mp_e     Unknown  Unknown
ESMF_ArrayRedistE  00000001015E4540  MAIN__                Unknown  Unknown
ESMF_ArrayRedistE  00000001015E423E  main                  Unknown  Unknown
forrtl: severe (174): SIGSEGV, segmentation fault occurred
Image              PC                Routine            Line        Source             
ESMF_ArrayRedistE  0000000101717F54  for__signal_handl     Unknown  Unknown
libsystem_platfor  00007FFF666F8B5D  _sigtramp             Unknown  Unknown
libmpi.40.dylib    0000000103F6C2A1  MPI_Comm_rank         Unknown  Unknown
libesmf.dylib      00000001022C06B2  _ZN5ESMCI3VMK4ini     Unknown  Unknown
libesmf.dylib      000000010229D3F5  _ZN5ESMCI2VM10ini     Unknown  Unknown
libesmf.dylib      00000001022CAC65  c_esmc_vminitiali     Unknown  Unknown
libesmf.dylib      0000000102AB5850  esmf_vmmod_mp_esm     Unknown  Unknown
libesmf.dylib      000000010294E9D6  esmf_initmod_mp_e     Unknown  Unknown
libesmf.dylib      00000001029510A8  esmf_initmod_mp_e     Unknown  Unknown
ESMF_ArrayRedistE  00000001016EF540  MAIN__                Unknown  Unknown
ESMF_ArrayRedistE  00000001016EF23E  main                  Unknown  Unknown
forrtl: severe (174): SIGSEGV, segmentation fault occurred
Image              PC                Routine            Line        Source             
ESMF_ArrayRedistE  00000001047BDF54  for__signal_handl     Unknown  Unknown
libsystem_platfor  00007FFF666F8B5D  _sigtramp             Unknown  Unknown
libmpi.40.dylib    00000001070132A1  MPI_Comm_rank         Unknown  Unknown
libesmf.dylib      00000001053636B2  _ZN5ESMCI3VMK4ini     Unknown  Unknown
libesmf.dylib      00000001053403F5  _ZN5ESMCI2VM10ini     Unknown  Unknown
libesmf.dylib      000000010536DC65  c_esmc_vminitiali     Unknown  Unknown
libesmf.dylib      0000000105B58850  esmf_vmmod_mp_esm     Unknown  Unknown
libesmf.dylib      00000001059F19D6  esmf_initmod_mp_e     Unknown  Unknown
libesmf.dylib      00000001059F40A8  esmf_initmod_mp_e     Unknown  Unknown
ESMF_ArrayRedistE  0000000104795540  MAIN__                Unknown  Unknown
ESMF_ArrayRedistE  000000010479523E  main                  Unknown  Unknown
forrtl: severe (174): SIGSEGV, segmentation fault occurred
Image              PC                Routine            Line        Source             
ESMF_ArrayRedistE  00000001000C8F54  for__signal_handl     Unknown  Unknown
libsystem_platfor  00007FFF666F8B5D  _sigtramp             Unknown  Unknown
libmpi.40.dylib    00000001004B32A1  MPI_Comm_rank         Unknown  Unknown
libesmf.dylib      00000001011636B2  _ZN5ESMCI3VMK4ini     Unknown  Unknown
libesmf.dylib      00000001011403F5  _ZN5ESMCI2VM10ini     Unknown  Unknown
libesmf.dylib      000000010116DC65  c_esmc_vminitiali     Unknown  Unknown
libesmf.dylib      0000000101958850  esmf_vmmod_mp_esm     Unknown  Unknown
libesmf.dylib      00000001017F19D6  esmf_initmod_mp_e     Unknown  Unknown
libesmf.dylib      00000001017F40A8  esmf_initmod_mp_e     Unknown  Unknown
ESMF_ArrayRedistE  00000001000A0540  MAIN__                Unknown  Unknown
ESMF_ArrayRedistE  00000001000A023E  main                  Unknown  Unknown
