build time -- 2021-10-26 19:43:33
forrtl: severe (174): SIGSEGV, segmentation fault occurred
Image              PC                Routine            Line        Source             
ESMF_TraceUserEx   000000010E913E54  for__signal_handl     Unknown  Unknown
libsystem_platfor  00007FFF666F8B5D  _sigtramp             Unknown  Unknown
libmpi.40.dylib    00000001111632A1  MPI_Comm_rank         Unknown  Unknown
libesmf.dylib      000000010F4B76B2  _ZN5ESMCI3VMK4ini     Unknown  Unknown
libesmf.dylib      000000010F4943F5  _ZN5ESMCI2VM10ini     Unknown  Unknown
libesmf.dylib      000000010F4C1C65  c_esmc_vminitiali     Unknown  Unknown
libesmf.dylib      000000010FCAC850  esmf_vmmod_mp_esm     Unknown  Unknown
libesmf.dylib      000000010FB459D6  esmf_initmod_mp_e     Unknown  Unknown
libesmf.dylib      000000010FB480A8  esmf_initmod_mp_e     Unknown  Unknown
ESMF_TraceUserEx   000000010E8EE02E  MAIN__                Unknown  Unknown
ESMF_TraceUserEx   000000010E8EDEAE  main                  Unknown  Unknown
forrtl: severe (174): SIGSEGV, segmentation fault occurred
Image              PC                Routine            Line        Source             
ESMF_TraceUserEx   0000000104DB3E54  for__signal_handl     Unknown  Unknown
libsystem_platfor  00007FFF666F8B5D  _sigtramp             Unknown  Unknown
libmpi.40.dylib    00000001076092A1  MPI_Comm_rank         Unknown  Unknown
libesmf.dylib      00000001059556B2  _ZN5ESMCI3VMK4ini     Unknown  Unknown
libesmf.dylib      00000001059323F5  _ZN5ESMCI2VM10ini     Unknown  Unknown
libesmf.dylib      000000010595FC65  c_esmc_vminitiali     Unknown  Unknown
libesmf.dylib      000000010614A850  esmf_vmmod_mp_esm     Unknown  Unknown
libesmf.dylib      0000000105FE39D6  esmf_initmod_mp_e     Unknown  Unknown
libesmf.dylib      0000000105FE60A8  esmf_initmod_mp_e     Unknown  Unknown
ESMF_TraceUserEx   0000000104D8E02E  MAIN__                Unknown  Unknown
ESMF_TraceUserEx   0000000104D8DEAE  main                  Unknown  Unknown
forrtl: severe (174): SIGSEGV, segmentation fault occurred
Image              PC                Routine            Line        Source             
ESMF_TraceUserEx   000000010D90DE54  for__signal_handl     Unknown  Unknown
libsystem_platfor  00007FFF666F8B5D  _sigtramp             Unknown  Unknown
libmpi.40.dylib    00000001101652A1  MPI_Comm_rank         Unknown  Unknown
libesmf.dylib      000000010E4B26B2  _ZN5ESMCI3VMK4ini     Unknown  Unknown
libesmf.dylib      000000010E48F3F5  _ZN5ESMCI2VM10ini     Unknown  Unknown
libesmf.dylib      000000010E4BCC65  c_esmc_vminitiali     Unknown  Unknown
libesmf.dylib      000000010ECA7850  esmf_vmmod_mp_esm     Unknown  Unknown
libesmf.dylib      000000010EB409D6  esmf_initmod_mp_e     Unknown  Unknown
libesmf.dylib      000000010EB430A8  esmf_initmod_mp_e     Unknown  Unknown
ESMF_TraceUserEx   000000010D8E802E  MAIN__                Unknown  Unknown
ESMF_TraceUserEx   000000010D8E7EAE  main                  Unknown  Unknown
forrtl: severe (174): SIGSEGV, segmentation fault occurred
Image              PC                Routine            Line        Source             
ESMF_TraceUserEx   000000010AF8FE54  for__signal_handl     Unknown  Unknown
libsystem_platfor  00007FFF666F8B5D  _sigtramp             Unknown  Unknown
libmpi.40.dylib    000000010D7E82A1  MPI_Comm_rank         Unknown  Unknown
libesmf.dylib      000000010BB376B2  _ZN5ESMCI3VMK4ini     Unknown  Unknown
libesmf.dylib      000000010BB143F5  _ZN5ESMCI2VM10ini     Unknown  Unknown
libesmf.dylib      000000010BB41C65  c_esmc_vminitiali     Unknown  Unknown
libesmf.dylib      000000010C32C850  esmf_vmmod_mp_esm     Unknown  Unknown
libesmf.dylib      000000010C1C59D6  esmf_initmod_mp_e     Unknown  Unknown
libesmf.dylib      000000010C1C80A8  esmf_initmod_mp_e     Unknown  Unknown
ESMF_TraceUserEx   000000010AF6A02E  MAIN__                Unknown  Unknown
ESMF_TraceUserEx   000000010AF69EAE  main                  Unknown  Unknown
