build time -- 2021-10-26 19:43:33
forrtl: severe (174): SIGSEGV, segmentation fault occurred
Image              PC                Routine            Line        Source             
ESMF_ArrayScatter  000000010151FF14  for__signal_handl     Unknown  Unknown
libsystem_platfor  00007FFF666F8B5D  _sigtramp             Unknown  Unknown
libmpi.40.dylib    0000000103D732A1  MPI_Comm_rank         Unknown  Unknown
libesmf.dylib      00000001020C76B2  _ZN5ESMCI3VMK4ini     Unknown  Unknown
libesmf.dylib      00000001020A43F5  _ZN5ESMCI2VM10ini     Unknown  Unknown
libesmf.dylib      00000001020D1C65  c_esmc_vminitiali     Unknown  Unknown
libesmf.dylib      00000001028BC850  esmf_vmmod_mp_esm     Unknown  Unknown
libesmf.dylib      00000001027559D6  esmf_initmod_mp_e     Unknown  Unknown
libesmf.dylib      00000001027580A8  esmf_initmod_mp_e     Unknown  Unknown
ESMF_ArrayScatter  00000001014F97A6  MAIN__                Unknown  Unknown
ESMF_ArrayScatter  00000001014F954E  main                  Unknown  Unknown
forrtl: severe (174): SIGSEGV, segmentation fault occurred
Image              PC                Routine            Line        Source             
ESMF_ArrayScatter  0000000103876F14  for__signal_handl     Unknown  Unknown
libsystem_platfor  00007FFF666F8B5D  _sigtramp             Unknown  Unknown
libmpi.40.dylib    00000001060CE2A1  MPI_Comm_rank         Unknown  Unknown
libesmf.dylib      000000010441A6B2  _ZN5ESMCI3VMK4ini     Unknown  Unknown
libesmf.dylib      00000001043F73F5  _ZN5ESMCI2VM10ini     Unknown  Unknown
libesmf.dylib      0000000104424C65  c_esmc_vminitiali     Unknown  Unknown
libesmf.dylib      0000000104C0F850  esmf_vmmod_mp_esm     Unknown  Unknown
libesmf.dylib      0000000104AA89D6  esmf_initmod_mp_e     Unknown  Unknown
libesmf.dylib      0000000104AAB0A8  esmf_initmod_mp_e     Unknown  Unknown
ESMF_ArrayScatter  00000001038507A6  MAIN__                Unknown  Unknown
ESMF_ArrayScatter  000000010385054E  main                  Unknown  Unknown
forrtl: severe (174): SIGSEGV, segmentation fault occurred
Image              PC                Routine            Line        Source             
ESMF_ArrayScatter  0000000101C6AF14  for__signal_handl     Unknown  Unknown
libsystem_platfor  00007FFF666F8B5D  _sigtramp             Unknown  Unknown
libmpi.40.dylib    00000001044C12A1  MPI_Comm_rank         Unknown  Unknown
libesmf.dylib      000000010280F6B2  _ZN5ESMCI3VMK4ini     Unknown  Unknown
libesmf.dylib      00000001027EC3F5  _ZN5ESMCI2VM10ini     Unknown  Unknown
libesmf.dylib      0000000102819C65  c_esmc_vminitiali     Unknown  Unknown
libesmf.dylib      0000000103004850  esmf_vmmod_mp_esm     Unknown  Unknown
libesmf.dylib      0000000102E9D9D6  esmf_initmod_mp_e     Unknown  Unknown
libesmf.dylib      0000000102EA00A8  esmf_initmod_mp_e     Unknown  Unknown
ESMF_ArrayScatter  0000000101C447A6  MAIN__                Unknown  Unknown
ESMF_ArrayScatter  0000000101C4454E  main                  Unknown  Unknown
forrtl: severe (174): SIGSEGV, segmentation fault occurred
Image              PC                Routine            Line        Source             
ESMF_ArrayScatter  000000010C3FAF14  for__signal_handl     Unknown  Unknown
libsystem_platfor  00007FFF666F8B5D  _sigtramp             Unknown  Unknown
libmpi.40.dylib    000000010EC532A1  MPI_Comm_rank         Unknown  Unknown
libesmf.dylib      000000010CFA36B2  _ZN5ESMCI3VMK4ini     Unknown  Unknown
libesmf.dylib      000000010CF803F5  _ZN5ESMCI2VM10ini     Unknown  Unknown
libesmf.dylib      000000010CFADC65  c_esmc_vminitiali     Unknown  Unknown
libesmf.dylib      000000010D798850  esmf_vmmod_mp_esm     Unknown  Unknown
libesmf.dylib      000000010D6319D6  esmf_initmod_mp_e     Unknown  Unknown
libesmf.dylib      000000010D6340A8  esmf_initmod_mp_e     Unknown  Unknown
ESMF_ArrayScatter  000000010C3D47A6  MAIN__                Unknown  Unknown
ESMF_ArrayScatter  000000010C3D454E  main                  Unknown  Unknown
