build time -- 2021-11-06 06:23:51
  PASS  Example ESMF_FieldSphereRegridEx, ESMF_FieldSphereRegridEx.F90, line 407
  PASS  Example ESMF_FieldSphereRegridEx, ESMF_FieldSphereRegridEx.F90, line 407
  PASS  Example ESMF_FieldSphereRegridEx, ESMF_FieldSphereRegridEx.F90, line 407
  PASS  Example ESMF_FieldSphereRegridEx, ESMF_FieldSphereRegridEx.F90, line 407
 PASS: ESMF_FieldSphereRegridEx.F90
 PASS: ESMF_FieldSphereRegridEx.F90
 PASS: ESMF_FieldSphereRegridEx.F90
 PASS: ESMF_FieldSphereRegridEx.F90
TOTCPU=22:21:20 ELAP=00:41:55 REQMEM=5875Mc REQCPUS=24 ALLOCCPUS=32 TIMELIMIT=02:30:00 PART=s4 ACCT=star
MAXRSS=81080K MAXVMSIZE=2220388K
________________________________________________________________
Job Resource Usage Summary for 11586545

  CPU Time Used : 22:21:20
  Memory Used : 81080K
  Virtual Memory Used : 2220388K
  Walltime Used : 00:41:55

  Memory Requested : 5875Mc (n=per node; c=per core)
  CPUs Requested / Allocated : 24 / 32
  Walltime Requested : 02:30:00

  Execution Queue : s4
  Head Node : 
  Charged to : star

  Job Stopped : Sat Nov  6 07:05:47 UTC 2021
_____________________________________________________________________

