build time -- 2021-11-07 06:23:23
  PASS  Example ESMF_VMGetMPICommunicatorEx, ESMF_VMGetMPICommunicatorEx.F90, li
 ne 95
  PASS  Example ESMF_VMGetMPICommunicatorEx, ESMF_VMGetMPICommunicatorEx.F90, li
 ne 95
  PASS  Example ESMF_VMGetMPICommunicatorEx, ESMF_VMGetMPICommunicatorEx.F90, li
 ne 95
  PASS  Example ESMF_VMGetMPICommunicatorEx, ESMF_VMGetMPICommunicatorEx.F90, li
 ne 95
 PASS: ESMF_VMGetMPICommunicatorEx.F90
 PASS: ESMF_VMGetMPICommunicatorEx.F90
 PASS: ESMF_VMGetMPICommunicatorEx.F90
 PASS: ESMF_VMGetMPICommunicatorEx.F90
TOTCPU=20:10:40 ELAP=00:37:50 REQMEM=5875Mc REQCPUS=24 ALLOCCPUS=32 TIMELIMIT=02:30:00 PART=s4 ACCT=star
MAXRSS=0 MAXVMSIZE=196896K
________________________________________________________________
Job Resource Usage Summary for 11588140

  CPU Time Used : 20:10:40
  Memory Used : 0
  Virtual Memory Used : 196896K
  Walltime Used : 00:37:50

  Memory Requested : 5875Mc (n=per node; c=per core)
  CPUs Requested / Allocated : 24 / 32
  Walltime Requested : 02:30:00

  Execution Queue : s4
  Head Node : 
  Charged to : star

  Job Stopped : Sun Nov  7 07:01:14 UTC 2021
_____________________________________________________________________

