build time -- 2021-11-25 06:24:43
  PASS  Example ESMF_FieldHaloEx, ESMF_FieldHaloEx.F90, line 200
  PASS  Example ESMF_FieldHaloEx, ESMF_FieldHaloEx.F90, line 200
  PASS  Example ESMF_FieldHaloEx, ESMF_FieldHaloEx.F90, line 200
  PASS  Example ESMF_FieldHaloEx, ESMF_FieldHaloEx.F90, line 200
 PASS: ESMF_FieldHaloEx.F90
 PASS: ESMF_FieldHaloEx.F90
 PASS: ESMF_FieldHaloEx.F90
 PASS: ESMF_FieldHaloEx.F90
TOTCPU=22:38:24 ELAP=00:42:27 REQMEM=5875Mc REQCPUS=24 ALLOCCPUS=32 TIMELIMIT=02:30:00 PART=s4 ACCT=star
MAXRSS=0 MAXVMSIZE=2190088K
________________________________________________________________
Job Resource Usage Summary for 11638911

  CPU Time Used : 22:38:24
  Memory Used : 0
  Virtual Memory Used : 2190088K
  Walltime Used : 00:42:27

  Memory Requested : 5875Mc (n=per node; c=per core)
  CPUs Requested / Allocated : 24 / 32
  Walltime Requested : 02:30:00

  Execution Queue : s4
  Head Node : 
  Charged to : star

  Job Stopped : Thu Nov 25 07:07:12 UTC 2021
_____________________________________________________________________

