build time -- 2021-12-14 06:21:09
20211214 065526.814 INFO             PET0 !!!!!!!!!!!!!!!!!!!!!!!!!!!!!!!!!!!!!!!!!!!!!!!!!!!!!!
20211214 065526.815 INFO             PET0 !!! THE ESMF_LOG IS SET TO OUTPUT ALL LOG MESSAGES !!!
20211214 065526.815 INFO             PET0 !!!     THIS MAY CAUSE SLOWDOWN IN PERFORMANCE     !!!
20211214 065526.815 INFO             PET0 !!! FOR PRODUCTION RUNS, USE:                      !!!
20211214 065526.815 INFO             PET0 !!!                   ESMF_LOGKIND_Multi_On_Error  !!!
20211214 065526.815 INFO             PET0 !!!!!!!!!!!!!!!!!!!!!!!!!!!!!!!!!!!!!!!!!!!!!!!!!!!!!!
20211214 065526.815 INFO             PET0 Running with ESMF Version   : ESMF_8_3_0_beta_snapshot_04-8-g60a38ef
20211214 065526.815 INFO             PET0 ESMF library build date/time: "Dec 14 2021" "06:19:24"
20211214 065526.815 INFO             PET0 ESMF library build location : /scratch/users/mpotts/intel_2019.0.5_intelmpi_g_develop
20211214 065526.815 INFO             PET0 ESMF_COMM                   : intelmpi
20211214 065526.820 INFO             PET0 ESMF_MOAB                   : enabled
20211214 065526.820 INFO             PET0 ESMF_LAPACK                 : enabled
20211214 065526.820 INFO             PET0 ESMF_NETCDF                 : enabled
20211214 065526.820 INFO             PET0 ESMF_PNETCDF                : disabled
20211214 065526.820 INFO             PET0 ESMF_PIO                    : enabled
20211214 065526.820 INFO             PET0 ESMF_YAMLCPP                : enabled
20211214 065527.032 INFO             PET0  NUMBER_OF_PROCESSORS           4
20211214 065527.032 INFO             PET0  PASS  Example ESMF_MeshEx, ESMF_MeshEx.F90, line 1795
20211214 065527.032 INFO             PET0 Finalizing ESMF
20211214 065526.815 INFO             PET1 !!!!!!!!!!!!!!!!!!!!!!!!!!!!!!!!!!!!!!!!!!!!!!!!!!!!!!
20211214 065526.815 INFO             PET1 !!! THE ESMF_LOG IS SET TO OUTPUT ALL LOG MESSAGES !!!
20211214 065526.815 INFO             PET1 !!!     THIS MAY CAUSE SLOWDOWN IN PERFORMANCE     !!!
20211214 065526.815 INFO             PET1 !!! FOR PRODUCTION RUNS, USE:                      !!!
20211214 065526.815 INFO             PET1 !!!                   ESMF_LOGKIND_Multi_On_Error  !!!
20211214 065526.815 INFO             PET1 !!!!!!!!!!!!!!!!!!!!!!!!!!!!!!!!!!!!!!!!!!!!!!!!!!!!!!
20211214 065526.815 INFO             PET1 Running with ESMF Version   : ESMF_8_3_0_beta_snapshot_04-8-g60a38ef
20211214 065526.815 INFO             PET1 ESMF library build date/time: "Dec 14 2021" "06:19:24"
20211214 065526.815 INFO             PET1 ESMF library build location : /scratch/users/mpotts/intel_2019.0.5_intelmpi_g_develop
20211214 065526.815 INFO             PET1 ESMF_COMM                   : intelmpi
20211214 065526.820 INFO             PET1 ESMF_MOAB                   : enabled
20211214 065526.820 INFO             PET1 ESMF_LAPACK                 : enabled
20211214 065526.820 INFO             PET1 ESMF_NETCDF                 : enabled
20211214 065526.820 INFO             PET1 ESMF_PNETCDF                : disabled
20211214 065526.820 INFO             PET1 ESMF_PIO                    : enabled
20211214 065526.820 INFO             PET1 ESMF_YAMLCPP                : enabled
20211214 065527.033 INFO             PET1  NUMBER_OF_PROCESSORS           4
20211214 065527.033 INFO             PET1  PASS  Example ESMF_MeshEx, ESMF_MeshEx.F90, line 1795
20211214 065527.033 INFO             PET1 Finalizing ESMF
20211214 065526.815 INFO             PET2 !!!!!!!!!!!!!!!!!!!!!!!!!!!!!!!!!!!!!!!!!!!!!!!!!!!!!!
20211214 065526.815 INFO             PET2 !!! THE ESMF_LOG IS SET TO OUTPUT ALL LOG MESSAGES !!!
20211214 065526.815 INFO             PET2 !!!     THIS MAY CAUSE SLOWDOWN IN PERFORMANCE     !!!
20211214 065526.815 INFO             PET2 !!! FOR PRODUCTION RUNS, USE:                      !!!
20211214 065526.815 INFO             PET2 !!!                   ESMF_LOGKIND_Multi_On_Error  !!!
20211214 065526.815 INFO             PET2 !!!!!!!!!!!!!!!!!!!!!!!!!!!!!!!!!!!!!!!!!!!!!!!!!!!!!!
20211214 065526.815 INFO             PET2 Running with ESMF Version   : ESMF_8_3_0_beta_snapshot_04-8-g60a38ef
20211214 065526.815 INFO             PET2 ESMF library build date/time: "Dec 14 2021" "06:19:24"
20211214 065526.815 INFO             PET2 ESMF library build location : /scratch/users/mpotts/intel_2019.0.5_intelmpi_g_develop
20211214 065526.815 INFO             PET2 ESMF_COMM                   : intelmpi
20211214 065526.820 INFO             PET2 ESMF_MOAB                   : enabled
20211214 065526.820 INFO             PET2 ESMF_LAPACK                 : enabled
20211214 065526.820 INFO             PET2 ESMF_NETCDF                 : enabled
20211214 065526.820 INFO             PET2 ESMF_PNETCDF                : disabled
20211214 065526.820 INFO             PET2 ESMF_PIO                    : enabled
20211214 065526.820 INFO             PET2 ESMF_YAMLCPP                : enabled
20211214 065527.032 INFO             PET2  NUMBER_OF_PROCESSORS           4
20211214 065527.032 INFO             PET2  PASS  Example ESMF_MeshEx, ESMF_MeshEx.F90, line 1795
20211214 065527.032 INFO             PET2 Finalizing ESMF
20211214 065526.817 INFO             PET3 !!!!!!!!!!!!!!!!!!!!!!!!!!!!!!!!!!!!!!!!!!!!!!!!!!!!!!
20211214 065526.817 INFO             PET3 !!! THE ESMF_LOG IS SET TO OUTPUT ALL LOG MESSAGES !!!
20211214 065526.817 INFO             PET3 !!!     THIS MAY CAUSE SLOWDOWN IN PERFORMANCE     !!!
20211214 065526.817 INFO             PET3 !!! FOR PRODUCTION RUNS, USE:                      !!!
20211214 065526.817 INFO             PET3 !!!                   ESMF_LOGKIND_Multi_On_Error  !!!
20211214 065526.817 INFO             PET3 !!!!!!!!!!!!!!!!!!!!!!!!!!!!!!!!!!!!!!!!!!!!!!!!!!!!!!
20211214 065526.817 INFO             PET3 Running with ESMF Version   : ESMF_8_3_0_beta_snapshot_04-8-g60a38ef
20211214 065526.817 INFO             PET3 ESMF library build date/time: "Dec 14 2021" "06:19:24"
20211214 065526.817 INFO             PET3 ESMF library build location : /scratch/users/mpotts/intel_2019.0.5_intelmpi_g_develop
20211214 065526.817 INFO             PET3 ESMF_COMM                   : intelmpi
20211214 065526.820 INFO             PET3 ESMF_MOAB                   : enabled
20211214 065526.820 INFO             PET3 ESMF_LAPACK                 : enabled
20211214 065526.820 INFO             PET3 ESMF_NETCDF                 : enabled
20211214 065526.820 INFO             PET3 ESMF_PNETCDF                : disabled
20211214 065526.820 INFO             PET3 ESMF_PIO                    : enabled
20211214 065526.820 INFO             PET3 ESMF_YAMLCPP                : enabled
20211214 065527.032 INFO             PET3  NUMBER_OF_PROCESSORS           4
20211214 065527.032 INFO             PET3  PASS  Example ESMF_MeshEx, ESMF_MeshEx.F90, line 1795
20211214 065527.032 INFO             PET3 Finalizing ESMF
