build time -- 2021-11-10 06:22:11
  PASS  Example ESMF_RHandleFromRHandleEx, ESMF_RHandleFromRHandleEx.F90, line 6
 60
  PASS  Example ESMF_RHandleFromRHandleEx, ESMF_RHandleFromRHandleEx.F90, line 6
 60
  PASS  Example ESMF_RHandleFromRHandleEx, ESMF_RHandleFromRHandleEx.F90, line 6
 60
  PASS  Example ESMF_RHandleFromRHandleEx, ESMF_RHandleFromRHandleEx.F90, line 6
 60
 PASS: ESMF_RHandleFromRHandleEx.F90
 PASS: ESMF_RHandleFromRHandleEx.F90
 PASS: ESMF_RHandleFromRHandleEx.F90
 PASS: ESMF_RHandleFromRHandleEx.F90
TOTCPU=21:10:24 ELAP=00:39:42 REQMEM=5875Mc REQCPUS=24 ALLOCCPUS=32 TIMELIMIT=02:30:00 PART=s4 ACCT=star
MAXRSS=0 MAXVMSIZE=196896K
________________________________________________________________
Job Resource Usage Summary for 11593190

  CPU Time Used : 21:10:24
  Memory Used : 0
  Virtual Memory Used : 196896K
  Walltime Used : 00:39:42

  Memory Requested : 5875Mc (n=per node; c=per core)
  CPUs Requested / Allocated : 24 / 32
  Walltime Requested : 02:30:00

  Execution Queue : s4
  Head Node : 
  Charged to : star

  Job Stopped : Wed Nov 10 07:01:54 UTC 2021
_____________________________________________________________________

