build time -- 2021-12-13 06:23:46
20211213 070355.882 INFO             PET0 !!!!!!!!!!!!!!!!!!!!!!!!!!!!!!!!!!!!!!!!!!!!!!!!!!!!!!
20211213 070355.882 INFO             PET0 !!! THE ESMF_LOG IS SET TO OUTPUT ALL LOG MESSAGES !!!
20211213 070355.882 INFO             PET0 !!!     THIS MAY CAUSE SLOWDOWN IN PERFORMANCE     !!!
20211213 070355.882 INFO             PET0 !!! FOR PRODUCTION RUNS, USE:                      !!!
20211213 070355.882 INFO             PET0 !!!                   ESMF_LOGKIND_Multi_On_Error  !!!
20211213 070355.882 INFO             PET0 !!!!!!!!!!!!!!!!!!!!!!!!!!!!!!!!!!!!!!!!!!!!!!!!!!!!!!
20211213 070355.882 INFO             PET0 Running with ESMF Version   : ESMF_8_3_0_beta_snapshot_04-8-g60a38ef
20211213 070355.882 INFO             PET0 ESMF library build date/time: "Dec 13 2021" "06:21:07"
20211213 070355.882 INFO             PET0 ESMF library build location : /scratch/users/mpotts/intel_2019.0.5_intelmpi_g_develop
20211213 070355.882 INFO             PET0 ESMF_COMM                   : intelmpi
20211213 070355.884 INFO             PET0 ESMF_MOAB                   : enabled
20211213 070355.884 INFO             PET0 ESMF_LAPACK                 : enabled
20211213 070355.884 INFO             PET0 ESMF_NETCDF                 : enabled
20211213 070355.884 INFO             PET0 ESMF_PNETCDF                : disabled
20211213 070355.884 INFO             PET0 ESMF_PIO                    : enabled
20211213 070355.884 INFO             PET0 ESMF_YAMLCPP                : enabled
20211213 070355.885 INFO             PET0  NUMBER_OF_PROCESSORS           1
20211213 070355.885 INFO             PET0  PASS  Example CalendarEx, ESMF_CalendarEx.F90, line 217
20211213 070355.885 INFO             PET0 Finalizing ESMF
