build time -- 2021-11-29 06:20:05
 recvData for PET            0 :            0
 recvData for PET            0 :            0
 recvData for PET            0 :            0
 recvData for PET            0 :            0
 recvData for PET            0 :            0
 recvData for PET            0 :            0
 recvData for PET            0 :            0
 recvData for PET            0 :            0
 recvData for PET            0 :            0
 recvData for PET            0 :            0
 recvData for PET            0 :            0
 recvData for PET            0 :            0
 recvData for PET            0 :            0
 recvData for PET            0 :            0
 recvData for PET            0 :            0
 recvData for PET            0 :            0
 recvData for PET            0 :            0
 recvData for PET            0 :            0
 recvData for PET            0 :            0
 recvData for PET            0 :            0
 recvData for PET            0 :            0
 recvData for PET            0 :            0
 recvData for PET            0 :            0
 recvData for PET            0 :            0
 recvData for PET            0 :            0
 recvData for PET            0 :            0
 recvData for PET            0 :            0
 recvData for PET            0 :            0
 recvData for PET            0 :            0
 recvData for PET            0 :            0
 recvData for PET            0 :            0
 recvData for PET            0 :            0
 recvData for PET            0 :            0
 recvData for PET            0 :            0
 recvData for PET            0 :            0
 recvData for PET            0 :            0
 recvData for PET            0 :            0
 recvData for PET            0 :            0
 recvData for PET            0 :            0
 recvData for PET            0 :            0
 recvData for PET            1 :            0
 recvData for PET            1 :            0
 recvData for PET            1 :            0
 recvData for PET            1 :            0
 recvData for PET            1 :            0
 recvData for PET            1 :            0
 recvData for PET            1 :            0
 recvData for PET            1 :            0
 recvData for PET            1 :            0
 recvData for PET            1 :            0
 recvData for PET            1 :            0
 recvData for PET            1 :            0
 recvData for PET            1 :            0
 recvData for PET            1 :            0
 recvData for PET            1 :            0
 recvData for PET            1 :            0
 recvData for PET            1 :            0
 recvData for PET            1 :            0
 recvData for PET            1 :            0
 recvData for PET            1 :            0
 recvData for PET            1 :            0
 recvData for PET            1 :            0
 recvData for PET            1 :            0
 recvData for PET            1 :            0
 recvData for PET            1 :            0
 recvData for PET            1 :            0
 recvData for PET            1 :            0
 recvData for PET            1 :            0
 recvData for PET            1 :            0
 recvData for PET            1 :            0
 recvData for PET            1 :            0
 recvData for PET            1 :            0
 recvData for PET            1 :            0
 recvData for PET            1 :            0
 recvData for PET            1 :            0
 recvData for PET            1 :            0
 recvData for PET            1 :            0
 recvData for PET            1 :            0
 recvData for PET            1 :            0
 recvData for PET            1 :            0
  PASS  Example ESMF_VMHigherRankDataEx, ESMF_VMHigherRankDataEx.F90, line 140
 recvData for PET            2 :            0
 recvData for PET            2 :            0
 recvData for PET            2 :            0
 recvData for PET            2 :            0
 recvData for PET            2 :            0
 recvData for PET            2 :            0
 recvData for PET            2 :            0
 recvData for PET            2 :            0
 recvData for PET            2 :            0
 recvData for PET            2 :            0
 recvData for PET            2 :            0
 recvData for PET            2 :            0
 recvData for PET            2 :            0
 recvData for PET            2 :            0
 recvData for PET            2 :            0
 recvData for PET            2 :            0
 recvData for PET            2 :            0
 recvData for PET            2 :            0
 recvData for PET            2 :            0
 recvData for PET            2 :            0
 recvData for PET            2 :            0
 recvData for PET            2 :            0
 recvData for PET            2 :            0
 recvData for PET            2 :            0
 recvData for PET            2 :            0
 recvData for PET            2 :            0
 recvData for PET            2 :            0
 recvData for PET            2 :            0
 recvData for PET            2 :            0
 recvData for PET            2 :            0
 recvData for PET            2 :            0
 recvData for PET            2 :            0
 recvData for PET            2 :            0
 recvData for PET            2 :            0
 recvData for PET            2 :            0
 recvData for PET            2 :            0
 recvData for PET            2 :            0
 recvData for PET            2 :            0
 recvData for PET            2 :            0
 recvData for PET            2 :            0
  PASS  Example ESMF_VMHigherRankDataEx, ESMF_VMHigherRankDataEx.F90, line 140
 recvData for PET            3 :            1
 recvData for PET            3 :            2
 recvData for PET            3 :            3
 recvData for PET            3 :            4
 recvData for PET            3 :            5
 recvData for PET            3 :            6
 recvData for PET            3 :            7
 recvData for PET            3 :            8
 recvData for PET            3 :            9
 recvData for PET            3 :           10
 recvData for PET            3 :            0
 recvData for PET            3 :            0
 recvData for PET            3 :            0
 recvData for PET            3 :            0
 recvData for PET            3 :            0
 recvData for PET            3 :            0
 recvData for PET            3 :            0
 recvData for PET            3 :            0
 recvData for PET            3 :            0
 recvData for PET            3 :            0
 recvData for PET            3 :            0
 recvData for PET            3 :            0
 recvData for PET            3 :            0
 recvData for PET            3 :            0
 recvData for PET            3 :            0
 recvData for PET            3 :            0
 recvData for PET            3 :            0
 recvData for PET            3 :            0
 recvData for PET            3 :            0
 recvData for PET            3 :            0
 recvData for PET            3 :            0
 recvData for PET            3 :            0
 recvData for PET            3 :            0
 recvData for PET            3 :            0
 recvData for PET            3 :            0
 recvData for PET            3 :            0
 recvData for PET            3 :            0
 recvData for PET            3 :            0
 recvData for PET            3 :            0
 recvData for PET            3 :            0
  PASS  Example ESMF_VMHigherRankDataEx, ESMF_VMHigherRankDataEx.F90, line 140
  PASS  Example ESMF_VMHigherRankDataEx, ESMF_VMHigherRankDataEx.F90, line 140
 PASS: ESMF_VMHigherRankDataEx.F90
 PASS: ESMF_VMHigherRankDataEx.F90
 PASS: ESMF_VMHigherRankDataEx.F90
 PASS: ESMF_VMHigherRankDataEx.F90
TOTCPU=16:54:24 ELAP=00:31:42 REQMEM=5875Mc REQCPUS=24 ALLOCCPUS=32 TIMELIMIT=02:30:00 PART=s4 ACCT=star
MAXRSS=52756K MAXVMSIZE=196896K
________________________________________________________________
Job Resource Usage Summary for 11649212

  CPU Time Used : 16:54:24
  Memory Used : 52756K
  Virtual Memory Used : 196896K
  Walltime Used : 00:31:42

  Memory Requested : 5875Mc (n=per node; c=per core)
  CPUs Requested / Allocated : 24 / 32
  Walltime Requested : 02:30:00

  Execution Queue : s4
  Head Node : 
  Charged to : star

  Job Stopped : Mon Nov 29 06:51:48 UTC 2021
_____________________________________________________________________

