build time -- 2021-11-29 06:20:05
Hi there from socketServerInit()
Hi there from socketServerInit()
socketServerInit waited: 2
Hi there from socketClientInit() with timeout 10
socketClientInit connect(), not yet established... continue: Operation now in progress
socketClientInit: getsockopt() at 7.35037e-05 SO_ERROR: Success
socketClientInit waited: 7.35037e-05
socketClientInit: CONNECTED!
Hi there from socketRecv()
socketServerInit waited: 2.00348
socketServerInit: CONNECTED!
Hi there from socketSend()
socketSend: buffer size=41, bytes sent=41
Hi there from socketRecv()
socketRecv: buffer size=160, bytes recvd=41
Hi there from socketSend()
socketSend: buffer size=9, bytes sent=9
Hi there from socketRecv()
socketRecv: buffer size=160, bytes recvd=9
Hi there from socketSend()
socketSend: buffer size=43, bytes sent=43
socketRecv: buffer size=160, bytes recvd=43
calling CompTunnel::execute() for name: InitializeIC01P
in CompTunnel::execute() ... call CompTunnel::dual2actual() with method 7
calling CompTunnel::execute() for name: InitializeIC01P
in CompTunnel::execute() ... call CompTunnel::dual2actual() with method 7
calling CompTunnel::execute() for name: InitializeIC01P
in CompTunnel::execute() ... call CompTunnel::dual2actual() with method 7
Hi there from socketSend()
socketSend: buffer size=4, bytes sent=4
Hi there from socketSend()
socketSend: buffer size=4, bytes sent=4
calling CompTunnel::execute() for name: InitializeIC01P
in CompTunnel::execute() ... call CompTunnel::wait, cargo=0x1c660b0
in CompTunnel::execute() ... call CompTunnel::wait really calling
calling CompTunnel::wait() for name: InitializeIC01P
in CompTunnel::wait() ... 
calling CompTunnel::execute() for name: InitializeIC01P
in CompTunnel::execute() ... call CompTunnel::wait, cargo=0x1c1e660
in CompTunnel::execute() ... call CompTunnel::wait really calling
calling CompTunnel::wait() for name: InitializeIC01P
in CompTunnel::wait() ... 
Hi there from socketRecv()
calling CompTunnel::execute() for name: InitializeIC01P
in CompTunnel::execute() ... call CompTunnel::wait, cargo=0x1d2b660
in CompTunnel::execute() ... call CompTunnel::wait really calling
calling CompTunnel::wait() for name: InitializeIC01P
in CompTunnel::wait() ... 
Hi there from socketRecv()
socketRecv: buffer size=4, bytes recvd=4
Hi there from socketRecv()
socketRecv: buffer size=4, bytes recvd=4
Hi there from socketSend()
socketSend: buffer size=8, bytes sent=8
Hi there from socketRecv()
in CompTunnel::wait() ... received RC=0, userRC=0
socketRecv: buffer size=8, bytes recvd=8
in CompTunnel::wait() ... received RC=0, userRC=0
calling CompTunnel::execute() for name: RunIC01P
in CompTunnel::execute() ... call CompTunnel::dual2actual() with method 8
calling CompTunnel::execute() for name: RunIC01P
in CompTunnel::execute() ... call CompTunnel::dual2actual() with method 8
Hi there from socketSend()
socketSend: buffer size=4, bytes sent=4
Hi there from socketSend()
socketSend: buffer size=4, bytes sent=4
in CompTunnel::wait() ... received RC=0, userRC=0
calling CompTunnel::execute() for name: RunIC01P
in CompTunnel::execute() ... call CompTunnel::dual2actual() with method 8
calling CompTunnel::execute() for name: RunIC01P
in CompTunnel::execute() ... call CompTunnel::wait, cargo=0x1d2b660
in CompTunnel::execute() ... call CompTunnel::wait really calling
calling CompTunnel::wait() for name: RunIC01P
in CompTunnel::wait() ... 
socketRecv: buffer size=4, bytes recvd=4
calling CompTunnel::execute() for name: RunIC01P
in CompTunnel::execute() ... call CompTunnel::wait, cargo=0x1c660b0
in CompTunnel::execute() ... call CompTunnel::wait really calling
calling CompTunnel::wait() for name: RunIC01P
in CompTunnel::wait() ... 
calling CompTunnel::execute() for name: RunIC01P
in CompTunnel::execute() ... call CompTunnel::wait, cargo=0x1c1e660
in CompTunnel::execute() ... call CompTunnel::wait really calling
calling CompTunnel::wait() for name: RunIC01P
in CompTunnel::wait() ... 
Hi there from socketRecv()
Hi there from socketRecv()
socketRecv: buffer size=4, bytes recvd=4
Hi there from socketSend()
socketSend: buffer size=8, bytes sent=8
Hi there from socketRecv()
in CompTunnel::wait() ... received RC=0, userRC=0
in CompTunnel::wait() ... received RC=0, userRC=0
socketRecv: buffer size=8, bytes recvd=8
in CompTunnel::wait() ... received RC=0, userRC=0
calling CompTunnel::execute() for name: FinalizeIC01P
in CompTunnel::execute() ... call CompTunnel::dual2actual() with method 9
socketRecv: buffer size=4, bytes recvd=4
calling CompTunnel::execute() for name: FinalizeIC01P
in CompTunnel::execute() ... call CompTunnel::dual2actual() with method 9
calling CompTunnel::execute() for name: FinalizeIC01P
in CompTunnel::execute() ... call CompTunnel::dual2actual() with method 9
Hi there from socketSend()
socketSend: buffer size=4, bytes sent=4
Hi there from socketRecv()
calling CompTunnel::execute() for name: FinalizeIC01P
in CompTunnel::execute() ... call CompTunnel::wait, cargo=0x1c660b0
in CompTunnel::execute() ... call CompTunnel::wait really calling
calling CompTunnel::wait() for name: FinalizeIC01P
in CompTunnel::wait() ... 
calling CompTunnel::execute() for name: FinalizeIC01P
in CompTunnel::execute() ... call CompTunnel::wait, cargo=0x1c1e660
in CompTunnel::execute() ... call CompTunnel::wait really calling
calling CompTunnel::wait() for name: FinalizeIC01P
in CompTunnel::wait() ... 
Hi there from socketSend()
socketSend: buffer size=4, bytes sent=4
Hi there from socketRecv()
calling CompTunnel::execute() for name: FinalizeIC01P
in CompTunnel::execute() ... call CompTunnel::wait, cargo=0x1d2b660
in CompTunnel::execute() ... call CompTunnel::wait really calling
calling CompTunnel::wait() for name: FinalizeIC01P
in CompTunnel::wait() ... 
socketRecv: buffer size=4, bytes recvd=4
Hi there from socketSend()
socketSend: buffer size=8, bytes sent=8
Hi there from socketRecv()
in CompTunnel::wait() ... received RC=0, userRC=0
calling CompTunnel::execute() for name: InitializeIC01P
in CompTunnel::execute() ... call CompTunnel::dual2actual() with method 7
in CompTunnel::wait() ... received RC=0, userRC=0
socketRecv: buffer size=8, bytes recvd=8
in CompTunnel::wait() ... received RC=0, userRC=0
calling CompTunnel::execute() for name: InitializeIC01P
in CompTunnel::execute() ... call CompTunnel::dual2actual() with method 7
calling CompTunnel::execute() for name: InitializeIC01P
in CompTunnel::execute() ... call CompTunnel::dual2actual() with method 7
Hi there from socketSend()
socketRecv: buffer size=4, bytes recvd=4
socketSend: buffer size=4, bytes sent=4
Hi there from socketSend()
socketSend: buffer size=4, bytes sent=4
calling CompTunnel::execute() for name: InitializeIC01P
in CompTunnel::execute() ... call CompTunnel::wait, cargo=0x1c660b0
in CompTunnel::execute() ... call CompTunnel::wait really calling
calling CompTunnel::wait() for name: InitializeIC01P
in CompTunnel::wait() ... 
calling CompTunnel::execute() for name: InitializeIC01P
in CompTunnel::execute() ... call CompTunnel::wait, cargo=0x1d2b660
in CompTunnel::execute() ... call CompTunnel::wait really calling
calling CompTunnel::wait() for name: InitializeIC01P
in CompTunnel::wait() ... 
Hi there from socketRecv()
calling CompTunnel::execute() for name: InitializeIC01P
in CompTunnel::execute() ... call CompTunnel::wait, cargo=0x1c1e660
in CompTunnel::execute() ... call CompTunnel::wait really calling
calling CompTunnel::wait() for name: InitializeIC01P
in CompTunnel::wait() ... 
Hi there from socketRecv()
socketRecv: buffer size=4, bytes recvd=4
Hi there from socketSend()
socketSend: buffer size=8, bytes sent=8
Hi there from socketRecv()
socketRecv: buffer size=8, bytes recvd=8
in CompTunnel::wait() ... received RC=0, userRC=0
calling CompTunnel::execute() for name: InitializeIC01P
in CompTunnel::execute() ... call CompTunnel::dual2actual() with method 7
in CompTunnel::wait() ... received RC=0, userRC=0
in CompTunnel::wait() ... received RC=0, userRC=0
calling CompTunnel::execute() for name: InitializeIC01P
in CompTunnel::execute() ... call CompTunnel::dual2actual() with method 7
calling CompTunnel::execute() for name: InitializeIC01P
in CompTunnel::execute() ... call CompTunnel::dual2actual() with method 7
Hi there from socketSend()
socketRecv: buffer size=4, bytes recvd=4
Hi there from socketRecv()
socketSend: buffer size=4, bytes sent=4
Hi there from socketSend()
socketSend: buffer size=4, bytes sent=4
calling CompTunnel::execute() for name: InitializeIC01P
in CompTunnel::execute() ... call CompTunnel::wait, cargo=0x1c660b0
in CompTunnel::execute() ... call CompTunnel::wait really calling
calling CompTunnel::wait() for name: InitializeIC01P
in CompTunnel::wait() ... 
calling CompTunnel::execute() for name: InitializeIC01P
in CompTunnel::execute() ... call CompTunnel::wait, cargo=0x1c1e660
in CompTunnel::execute() ... call CompTunnel::wait really calling
calling CompTunnel::wait() for name: InitializeIC01P
in CompTunnel::wait() ... 
calling CompTunnel::execute() for name: InitializeIC01P
in CompTunnel::execute() ... call CompTunnel::wait, cargo=0x1d2b660
in CompTunnel::execute() ... call CompTunnel::wait really calling
calling CompTunnel::wait() for name: InitializeIC01P
in CompTunnel::wait() ... 
Hi there from socketRecv()
socketRecv: buffer size=4, bytes recvd=4
Hi there from socketSend()
socketSend: buffer size=8, bytes sent=8
Hi there from socketRecv()
socketRecv: buffer size=8, bytes recvd=8
in CompTunnel::wait() ... received RC=0, userRC=0
calling CompTunnel::execute() for name: RunIC01P
in CompTunnel::execute() ... call CompTunnel::dual2actual() with method 8
in CompTunnel::wait() ... received RC=0, userRC=0
in CompTunnel::wait() ... received RC=0, userRC=0
calling CompTunnel::execute() for name: RunIC01P
in CompTunnel::execute() ... call CompTunnel::dual2actual() with method 8
calling CompTunnel::execute() for name: RunIC01P
in CompTunnel::execute() ... call CompTunnel::dual2actual() with method 8
Hi there from socketSend()
socketRecv: buffer size=4, bytes recvd=4
socketSend: buffer size=4, bytes sent=4
Hi there from socketSend()
calling CompTunnel::execute() for name: RunIC01P
in CompTunnel::execute() ... call CompTunnel::wait, cargo=0x1c660b0
in CompTunnel::execute() ... call CompTunnel::wait really calling
calling CompTunnel::wait() for name: RunIC01P
in CompTunnel::wait() ... 
socketSend: buffer size=4, bytes sent=4
calling CompTunnel::execute() for name: RunIC01P
in CompTunnel::execute() ... call CompTunnel::wait, cargo=0x1d2b660
in CompTunnel::execute() ... call CompTunnel::wait really calling
calling CompTunnel::wait() for name: RunIC01P
in CompTunnel::wait() ... 
calling CompTunnel::execute() for name: RunIC01P
in CompTunnel::execute() ... call CompTunnel::wait, cargo=0x1c1e660
in CompTunnel::execute() ... call CompTunnel::wait really calling
calling CompTunnel::wait() for name: RunIC01P
in CompTunnel::wait() ... 
Hi there from socketRecv()
Hi there from socketRecv()
socketRecv: buffer size=4, bytes recvd=4
Hi there from socketSend()
socketSend: buffer size=8, bytes sent=8
Hi there from socketRecv()
socketRecv: buffer size=8, bytes recvd=8
in CompTunnel::wait() ... received RC=0, userRC=0
calling CompTunnel::execute() for name: None01P
in CompTunnel::execute() ... call CompTunnel::dual2actual() with method 0
in CompTunnel::wait() ... received RC=0, userRC=0
in CompTunnel::wait() ... received RC=0, userRC=0
calling CompTunnel::execute() for name: None01P
in CompTunnel::execute() ... call CompTunnel::dual2actual() with method 0
calling CompTunnel::execute() for name: None01P
in CompTunnel::execute() ... call CompTunnel::dual2actual() with method 0
Hi there from socketSend()
socketSend: buffer size=4, bytes sent=4
socketRecv: buffer size=4, bytes recvd=4
Hi there from socketRecv()
Hi there from socketSend()
socketSend: buffer size=4, bytes sent=4
calling CompTunnel::execute() for name: None01P
in CompTunnel::execute() ... call CompTunnel::wait, cargo=0x1c660b0
in CompTunnel::execute() ... call CompTunnel::wait really calling
calling CompTunnel::wait() for name: None01P
in CompTunnel::wait() ... 
calling CompTunnel::execute() for name: None01P
in CompTunnel::execute() ... call CompTunnel::wait, cargo=0x1c1e660
in CompTunnel::execute() ... call CompTunnel::wait really calling
calling CompTunnel::wait() for name: None01P
in CompTunnel::wait() ... 
calling CompTunnel::execute() for name: None01P
in CompTunnel::execute() ... call CompTunnel::wait, cargo=0x1d2b660
in CompTunnel::execute() ... call CompTunnel::wait really calling
calling CompTunnel::wait() for name: None01P
in CompTunnel::wait() ... 
Hi there from socketRecv()
socketRecv: buffer size=4, bytes recvd=4
Hi there from socketSend()
socketSend: buffer size=8, bytes sent=8
in CompTunnel::wait() ... received RC=0, userRC=0
in CompTunnel::wait() ... received RC=0, userRC=0
socketRecv: buffer size=8, bytes recvd=8
in CompTunnel::wait() ... received RC=0, userRC=0
  PASS  Example ESMF_CompTunnelEx, ESMF_CompTunnelEx.F90, line 549
 PASS: ESMF_CompTunnelEx.F90
  PASS  Example ESMF_CompTunnelEx, ESMF_CompTunnelEx.F90, line 549
 PASS: ESMF_CompTunnelEx.F90
  PASS  Example ESMF_CompTunnelEx, ESMF_CompTunnelEx.F90, line 549
 PASS: ESMF_CompTunnelEx.F90
  PASS  Example ESMF_CompTunnelEx, ESMF_CompTunnelEx.F90, line 549
 PASS: ESMF_CompTunnelEx.F90
  PASS  Example ESMF_CompTunnelEx, ESMF_CompTunnelEx.F90, line 549
 PASS: ESMF_CompTunnelEx.F90
  PASS  Example ESMF_CompTunnelEx, ESMF_CompTunnelEx.F90, line 549
 PASS: ESMF_CompTunnelEx.F90
TOTCPU=18:25:36 ELAP=00:34:33 REQMEM=5875Mc REQCPUS=24 ALLOCCPUS=32 TIMELIMIT=02:30:00 PART=s4 ACCT=star
MAXRSS=51280K MAXVMSIZE=2272352K
________________________________________________________________
Job Resource Usage Summary for 11649212

  CPU Time Used : 18:25:36
  Memory Used : 51280K
  Virtual Memory Used : 2272352K
  Walltime Used : 00:34:33

  Memory Requested : 5875Mc (n=per node; c=per core)
  CPUs Requested / Allocated : 24 / 32
  Walltime Requested : 02:30:00

  Execution Queue : s4
  Head Node : 
  Charged to : star

  Job Stopped : Mon Nov 29 06:54:39 UTC 2021
_____________________________________________________________________

