build time -- 2021-12-07 06:25:44
20211207 070902.227 INFO             PET0 !!!!!!!!!!!!!!!!!!!!!!!!!!!!!!!!!!!!!!!!!!!!!!!!!!!!!!
20211207 070902.227 INFO             PET0 !!! THE ESMF_LOG IS SET TO OUTPUT ALL LOG MESSAGES !!!
20211207 070902.227 INFO             PET0 !!!     THIS MAY CAUSE SLOWDOWN IN PERFORMANCE     !!!
20211207 070902.227 INFO             PET0 !!! FOR PRODUCTION RUNS, USE:                      !!!
20211207 070902.227 INFO             PET0 !!!                   ESMF_LOGKIND_Multi_On_Error  !!!
20211207 070902.227 INFO             PET0 !!!!!!!!!!!!!!!!!!!!!!!!!!!!!!!!!!!!!!!!!!!!!!!!!!!!!!
20211207 070902.227 INFO             PET0 Running with ESMF Version   : ESMF_8_3_0_beta_snapshot_04-7-gc7b07b1
20211207 070902.227 INFO             PET0 ESMF library build date/time: "Dec  7 2021" "06:22:56"
20211207 070902.227 INFO             PET0 ESMF library build location : /scratch/users/mpotts/intel_2019.0.5_intelmpi_g_develop
20211207 070902.227 INFO             PET0 ESMF_COMM                   : intelmpi
20211207 070902.229 INFO             PET0 ESMF_MOAB                   : enabled
20211207 070902.229 INFO             PET0 ESMF_LAPACK                 : enabled
20211207 070902.229 INFO             PET0 ESMF_NETCDF                 : enabled
20211207 070902.229 INFO             PET0 ESMF_PNETCDF                : disabled
20211207 070902.229 INFO             PET0 ESMF_PIO                    : enabled
20211207 070902.229 INFO             PET0 ESMF_YAMLCPP                : enabled
20211207 070906.019 INFO             PET0  NUMBER_OF_PROCESSORS           4
20211207 070906.019 INFO             PET0  PASS  Example ESMF_FieldEx, ESMF_FieldEx.F90, line 999
20211207 070906.019 INFO             PET0 Finalizing ESMF
20211207 070902.233 INFO             PET1 !!!!!!!!!!!!!!!!!!!!!!!!!!!!!!!!!!!!!!!!!!!!!!!!!!!!!!
20211207 070902.233 INFO             PET1 !!! THE ESMF_LOG IS SET TO OUTPUT ALL LOG MESSAGES !!!
20211207 070902.233 INFO             PET1 !!!     THIS MAY CAUSE SLOWDOWN IN PERFORMANCE     !!!
20211207 070902.233 INFO             PET1 !!! FOR PRODUCTION RUNS, USE:                      !!!
20211207 070902.233 INFO             PET1 !!!                   ESMF_LOGKIND_Multi_On_Error  !!!
20211207 070902.233 INFO             PET1 !!!!!!!!!!!!!!!!!!!!!!!!!!!!!!!!!!!!!!!!!!!!!!!!!!!!!!
20211207 070902.233 INFO             PET1 Running with ESMF Version   : ESMF_8_3_0_beta_snapshot_04-7-gc7b07b1
20211207 070902.233 INFO             PET1 ESMF library build date/time: "Dec  7 2021" "06:22:56"
20211207 070902.233 INFO             PET1 ESMF library build location : /scratch/users/mpotts/intel_2019.0.5_intelmpi_g_develop
20211207 070902.233 INFO             PET1 ESMF_COMM                   : intelmpi
20211207 070902.235 INFO             PET1 ESMF_MOAB                   : enabled
20211207 070902.235 INFO             PET1 ESMF_LAPACK                 : enabled
20211207 070902.235 INFO             PET1 ESMF_NETCDF                 : enabled
20211207 070902.235 INFO             PET1 ESMF_PNETCDF                : disabled
20211207 070902.235 INFO             PET1 ESMF_PIO                    : enabled
20211207 070902.235 INFO             PET1 ESMF_YAMLCPP                : enabled
20211207 070906.019 INFO             PET1  NUMBER_OF_PROCESSORS           4
20211207 070906.019 INFO             PET1  PASS  Example ESMF_FieldEx, ESMF_FieldEx.F90, line 999
20211207 070906.019 INFO             PET1 Finalizing ESMF
20211207 070902.226 INFO             PET2 !!!!!!!!!!!!!!!!!!!!!!!!!!!!!!!!!!!!!!!!!!!!!!!!!!!!!!
20211207 070902.226 INFO             PET2 !!! THE ESMF_LOG IS SET TO OUTPUT ALL LOG MESSAGES !!!
20211207 070902.226 INFO             PET2 !!!     THIS MAY CAUSE SLOWDOWN IN PERFORMANCE     !!!
20211207 070902.226 INFO             PET2 !!! FOR PRODUCTION RUNS, USE:                      !!!
20211207 070902.226 INFO             PET2 !!!                   ESMF_LOGKIND_Multi_On_Error  !!!
20211207 070902.226 INFO             PET2 !!!!!!!!!!!!!!!!!!!!!!!!!!!!!!!!!!!!!!!!!!!!!!!!!!!!!!
20211207 070902.226 INFO             PET2 Running with ESMF Version   : ESMF_8_3_0_beta_snapshot_04-7-gc7b07b1
20211207 070902.226 INFO             PET2 ESMF library build date/time: "Dec  7 2021" "06:22:56"
20211207 070902.226 INFO             PET2 ESMF library build location : /scratch/users/mpotts/intel_2019.0.5_intelmpi_g_develop
20211207 070902.226 INFO             PET2 ESMF_COMM                   : intelmpi
20211207 070902.227 INFO             PET2 ESMF_MOAB                   : enabled
20211207 070902.227 INFO             PET2 ESMF_LAPACK                 : enabled
20211207 070902.227 INFO             PET2 ESMF_NETCDF                 : enabled
20211207 070902.227 INFO             PET2 ESMF_PNETCDF                : disabled
20211207 070902.227 INFO             PET2 ESMF_PIO                    : enabled
20211207 070902.227 INFO             PET2 ESMF_YAMLCPP                : enabled
20211207 070906.019 INFO             PET2  NUMBER_OF_PROCESSORS           4
20211207 070906.019 INFO             PET2  PASS  Example ESMF_FieldEx, ESMF_FieldEx.F90, line 999
20211207 070906.019 INFO             PET2 Finalizing ESMF
20211207 070902.225 INFO             PET3 !!!!!!!!!!!!!!!!!!!!!!!!!!!!!!!!!!!!!!!!!!!!!!!!!!!!!!
20211207 070902.226 INFO             PET3 !!! THE ESMF_LOG IS SET TO OUTPUT ALL LOG MESSAGES !!!
20211207 070902.226 INFO             PET3 !!!     THIS MAY CAUSE SLOWDOWN IN PERFORMANCE     !!!
20211207 070902.226 INFO             PET3 !!! FOR PRODUCTION RUNS, USE:                      !!!
20211207 070902.226 INFO             PET3 !!!                   ESMF_LOGKIND_Multi_On_Error  !!!
20211207 070902.226 INFO             PET3 !!!!!!!!!!!!!!!!!!!!!!!!!!!!!!!!!!!!!!!!!!!!!!!!!!!!!!
20211207 070902.226 INFO             PET3 Running with ESMF Version   : ESMF_8_3_0_beta_snapshot_04-7-gc7b07b1
20211207 070902.226 INFO             PET3 ESMF library build date/time: "Dec  7 2021" "06:22:56"
20211207 070902.226 INFO             PET3 ESMF library build location : /scratch/users/mpotts/intel_2019.0.5_intelmpi_g_develop
20211207 070902.226 INFO             PET3 ESMF_COMM                   : intelmpi
20211207 070902.227 INFO             PET3 ESMF_MOAB                   : enabled
20211207 070902.227 INFO             PET3 ESMF_LAPACK                 : enabled
20211207 070902.227 INFO             PET3 ESMF_NETCDF                 : enabled
20211207 070902.227 INFO             PET3 ESMF_PNETCDF                : disabled
20211207 070902.227 INFO             PET3 ESMF_PIO                    : enabled
20211207 070902.227 INFO             PET3 ESMF_YAMLCPP                : enabled
20211207 070906.019 INFO             PET3  NUMBER_OF_PROCESSORS           4
20211207 070906.019 INFO             PET3  PASS  Example ESMF_FieldEx, ESMF_FieldEx.F90, line 999
20211207 070906.019 INFO             PET3 Finalizing ESMF
