build time -- 2021-11-17 06:17:54
  PASS  Example ESMF_FieldBundleSMMEx, ESMF_FieldBundleSMMEx.F90, line 242
  PASS  Example ESMF_FieldBundleSMMEx, ESMF_FieldBundleSMMEx.F90, line 242
  PASS  Example ESMF_FieldBundleSMMEx, ESMF_FieldBundleSMMEx.F90, line 242
  PASS  Example ESMF_FieldBundleSMMEx, ESMF_FieldBundleSMMEx.F90, line 242
 PASS: ESMF_FieldBundleSMMEx.F90
 PASS: ESMF_FieldBundleSMMEx.F90
 PASS: ESMF_FieldBundleSMMEx.F90
 PASS: ESMF_FieldBundleSMMEx.F90
TOTCPU=17:10:56 ELAP=00:32:13 REQMEM=5875Mc REQCPUS=24 ALLOCCPUS=32 TIMELIMIT=02:30:00 PART=s4 ACCT=star
MAXRSS=0 MAXVMSIZE=2183660K
________________________________________________________________
Job Resource Usage Summary for 11611369

  CPU Time Used : 17:10:56
  Memory Used : 0
  Virtual Memory Used : 2183660K
  Walltime Used : 00:32:13

  Memory Requested : 5875Mc (n=per node; c=per core)
  CPUs Requested / Allocated : 24 / 32
  Walltime Requested : 02:30:00

  Execution Queue : s4
  Head Node : 
  Charged to : star

  Job Stopped : Wed Nov 17 06:50:07 UTC 2021
_____________________________________________________________________

