build time -- 2021-11-26 06:18:12
  PASS  Example ESMF_ArrayCommNBEx, ESMF_ArrayCommNBEx.F90, line 277
  PASS  Example ESMF_ArrayCommNBEx, ESMF_ArrayCommNBEx.F90, line 277
  PASS  Example ESMF_ArrayCommNBEx, ESMF_ArrayCommNBEx.F90, line 277
  PASS  Example ESMF_ArrayCommNBEx, ESMF_ArrayCommNBEx.F90, line 277
 PASS: ESMF_ArrayCommNBEx.F90
 PASS: ESMF_ArrayCommNBEx.F90
 PASS: ESMF_ArrayCommNBEx.F90
 PASS: ESMF_ArrayCommNBEx.F90
TOTCPU=21:37:04 ELAP=00:40:32 REQMEM=5875Mc REQCPUS=24 ALLOCCPUS=32 TIMELIMIT=02:30:00 PART=s4 ACCT=star
MAXRSS=0 MAXVMSIZE=196896K
________________________________________________________________
Job Resource Usage Summary for 11641015

  CPU Time Used : 21:37:04
  Memory Used : 0
  Virtual Memory Used : 196896K
  Walltime Used : 00:40:32

  Memory Requested : 5875Mc (n=per node; c=per core)
  CPUs Requested / Allocated : 24 / 32
  Walltime Requested : 02:30:00

  Execution Queue : s4
  Head Node : 
  Charged to : star

  Job Stopped : Fri Nov 26 06:58:45 UTC 2021
_____________________________________________________________________

