build time -- 2021-11-13 06:23:21
20211113 070249.617 INFO             PET0 !!!!!!!!!!!!!!!!!!!!!!!!!!!!!!!!!!!!!!!!!!!!!!!!!!!!!!
20211113 070249.617 INFO             PET0 !!! THE ESMF_LOG IS SET TO OUTPUT ALL LOG MESSAGES !!!
20211113 070249.617 INFO             PET0 !!!     THIS MAY CAUSE SLOWDOWN IN PERFORMANCE     !!!
20211113 070249.617 INFO             PET0 !!! FOR PRODUCTION RUNS, USE:                      !!!
20211113 070249.617 INFO             PET0 !!!                   ESMF_LOGKIND_Multi_On_Error  !!!
20211113 070249.617 INFO             PET0 !!!!!!!!!!!!!!!!!!!!!!!!!!!!!!!!!!!!!!!!!!!!!!!!!!!!!!
20211113 070249.617 INFO             PET0 Running with ESMF Version   : ESMF_8_3_0_beta_snapshot_02-9-g35b0f61
20211113 070249.617 INFO             PET0 ESMF library build date/time: "Nov 13 2021" "06:20:54"
20211113 070249.617 INFO             PET0 ESMF library build location : /scratch/users/mpotts/intel_2019.0.5_intelmpi_g_develop
20211113 070249.617 INFO             PET0 ESMF_COMM                   : intelmpi
20211113 070249.619 INFO             PET0 ESMF_MOAB                   : enabled
20211113 070249.619 INFO             PET0 ESMF_LAPACK                 : enabled
20211113 070249.619 INFO             PET0 ESMF_NETCDF                 : enabled
20211113 070249.619 INFO             PET0 ESMF_PNETCDF                : disabled
20211113 070249.619 INFO             PET0 ESMF_PIO                    : enabled
20211113 070249.619 INFO             PET0 ESMF_YAMLCPP                : enabled
20211113 070249.646 INFO             PET0 ESMF_FieldRedistStoreNF(): Just entered routine.
20211113 070250.037 INFO             PET0 ESMF_FieldRedistStoreNF(): Leaving routine.
20211113 070250.040 INFO             PET0  NUMBER_OF_PROCESSORS           4
20211113 070250.040 INFO             PET0  PASS  Example ESMF_RHandleFromRHandleEx, ESMF_RHandleFromRHandleEx.F90, line 660
20211113 070250.040 INFO             PET0 Finalizing ESMF
20211113 070249.616 INFO             PET1 !!!!!!!!!!!!!!!!!!!!!!!!!!!!!!!!!!!!!!!!!!!!!!!!!!!!!!
20211113 070249.616 INFO             PET1 !!! THE ESMF_LOG IS SET TO OUTPUT ALL LOG MESSAGES !!!
20211113 070249.616 INFO             PET1 !!!     THIS MAY CAUSE SLOWDOWN IN PERFORMANCE     !!!
20211113 070249.616 INFO             PET1 !!! FOR PRODUCTION RUNS, USE:                      !!!
20211113 070249.616 INFO             PET1 !!!                   ESMF_LOGKIND_Multi_On_Error  !!!
20211113 070249.616 INFO             PET1 !!!!!!!!!!!!!!!!!!!!!!!!!!!!!!!!!!!!!!!!!!!!!!!!!!!!!!
20211113 070249.616 INFO             PET1 Running with ESMF Version   : ESMF_8_3_0_beta_snapshot_02-9-g35b0f61
20211113 070249.616 INFO             PET1 ESMF library build date/time: "Nov 13 2021" "06:20:54"
20211113 070249.616 INFO             PET1 ESMF library build location : /scratch/users/mpotts/intel_2019.0.5_intelmpi_g_develop
20211113 070249.616 INFO             PET1 ESMF_COMM                   : intelmpi
20211113 070249.618 INFO             PET1 ESMF_MOAB                   : enabled
20211113 070249.618 INFO             PET1 ESMF_LAPACK                 : enabled
20211113 070249.618 INFO             PET1 ESMF_NETCDF                 : enabled
20211113 070249.618 INFO             PET1 ESMF_PNETCDF                : disabled
20211113 070249.618 INFO             PET1 ESMF_PIO                    : enabled
20211113 070249.618 INFO             PET1 ESMF_YAMLCPP                : enabled
20211113 070249.646 INFO             PET1 ESMF_FieldRedistStoreNF(): Just entered routine.
20211113 070250.037 INFO             PET1 ESMF_FieldRedistStoreNF(): Leaving routine.
20211113 070250.040 INFO             PET1  NUMBER_OF_PROCESSORS           4
20211113 070250.040 INFO             PET1  PASS  Example ESMF_RHandleFromRHandleEx, ESMF_RHandleFromRHandleEx.F90, line 660
20211113 070250.040 INFO             PET1 Finalizing ESMF
20211113 070249.615 INFO             PET2 !!!!!!!!!!!!!!!!!!!!!!!!!!!!!!!!!!!!!!!!!!!!!!!!!!!!!!
20211113 070249.615 INFO             PET2 !!! THE ESMF_LOG IS SET TO OUTPUT ALL LOG MESSAGES !!!
20211113 070249.615 INFO             PET2 !!!     THIS MAY CAUSE SLOWDOWN IN PERFORMANCE     !!!
20211113 070249.615 INFO             PET2 !!! FOR PRODUCTION RUNS, USE:                      !!!
20211113 070249.615 INFO             PET2 !!!                   ESMF_LOGKIND_Multi_On_Error  !!!
20211113 070249.615 INFO             PET2 !!!!!!!!!!!!!!!!!!!!!!!!!!!!!!!!!!!!!!!!!!!!!!!!!!!!!!
20211113 070249.615 INFO             PET2 Running with ESMF Version   : ESMF_8_3_0_beta_snapshot_02-9-g35b0f61
20211113 070249.615 INFO             PET2 ESMF library build date/time: "Nov 13 2021" "06:20:54"
20211113 070249.615 INFO             PET2 ESMF library build location : /scratch/users/mpotts/intel_2019.0.5_intelmpi_g_develop
20211113 070249.615 INFO             PET2 ESMF_COMM                   : intelmpi
20211113 070249.617 INFO             PET2 ESMF_MOAB                   : enabled
20211113 070249.617 INFO             PET2 ESMF_LAPACK                 : enabled
20211113 070249.617 INFO             PET2 ESMF_NETCDF                 : enabled
20211113 070249.617 INFO             PET2 ESMF_PNETCDF                : disabled
20211113 070249.617 INFO             PET2 ESMF_PIO                    : enabled
20211113 070249.617 INFO             PET2 ESMF_YAMLCPP                : enabled
20211113 070249.646 INFO             PET2 ESMF_FieldRedistStoreNF(): Just entered routine.
20211113 070250.037 INFO             PET2 ESMF_FieldRedistStoreNF(): Leaving routine.
20211113 070250.042 INFO             PET2  NUMBER_OF_PROCESSORS           4
20211113 070250.042 INFO             PET2  PASS  Example ESMF_RHandleFromRHandleEx, ESMF_RHandleFromRHandleEx.F90, line 660
20211113 070250.042 INFO             PET2 Finalizing ESMF
20211113 070249.615 INFO             PET3 !!!!!!!!!!!!!!!!!!!!!!!!!!!!!!!!!!!!!!!!!!!!!!!!!!!!!!
20211113 070249.615 INFO             PET3 !!! THE ESMF_LOG IS SET TO OUTPUT ALL LOG MESSAGES !!!
20211113 070249.615 INFO             PET3 !!!     THIS MAY CAUSE SLOWDOWN IN PERFORMANCE     !!!
20211113 070249.615 INFO             PET3 !!! FOR PRODUCTION RUNS, USE:                      !!!
20211113 070249.615 INFO             PET3 !!!                   ESMF_LOGKIND_Multi_On_Error  !!!
20211113 070249.615 INFO             PET3 !!!!!!!!!!!!!!!!!!!!!!!!!!!!!!!!!!!!!!!!!!!!!!!!!!!!!!
20211113 070249.615 INFO             PET3 Running with ESMF Version   : ESMF_8_3_0_beta_snapshot_02-9-g35b0f61
20211113 070249.615 INFO             PET3 ESMF library build date/time: "Nov 13 2021" "06:20:54"
20211113 070249.615 INFO             PET3 ESMF library build location : /scratch/users/mpotts/intel_2019.0.5_intelmpi_g_develop
20211113 070249.615 INFO             PET3 ESMF_COMM                   : intelmpi
20211113 070249.617 INFO             PET3 ESMF_MOAB                   : enabled
20211113 070249.617 INFO             PET3 ESMF_LAPACK                 : enabled
20211113 070249.617 INFO             PET3 ESMF_NETCDF                 : enabled
20211113 070249.617 INFO             PET3 ESMF_PNETCDF                : disabled
20211113 070249.617 INFO             PET3 ESMF_PIO                    : enabled
20211113 070249.617 INFO             PET3 ESMF_YAMLCPP                : enabled
20211113 070249.646 INFO             PET3 ESMF_FieldRedistStoreNF(): Just entered routine.
20211113 070250.036 INFO             PET3 ESMF_FieldRedistStoreNF(): Leaving routine.
20211113 070250.043 INFO             PET3  NUMBER_OF_PROCESSORS           4
20211113 070250.044 INFO             PET3  PASS  Example ESMF_RHandleFromRHandleEx, ESMF_RHandleFromRHandleEx.F90, line 660
20211113 070250.044 INFO             PET3 Finalizing ESMF
