build time -- 2021-11-13 06:23:21
  PASS  Example ESMF_LogErrEx, ESMF_LogErrEx.F90, line 186
  PASS  Example ESMF_LogErrEx, ESMF_LogErrEx.F90, line 186
  PASS  Example ESMF_LogErrEx, ESMF_LogErrEx.F90, line 186
  PASS  Example ESMF_LogErrEx, ESMF_LogErrEx.F90, line 186
 PASS: ESMF_LogErrEx.F90
 PASS: ESMF_LogErrEx.F90
 PASS: ESMF_LogErrEx.F90
 PASS: ESMF_LogErrEx.F90
TOTCPU=20:19:12 ELAP=00:38:06 REQMEM=5875Mc REQCPUS=24 ALLOCCPUS=32 TIMELIMIT=02:30:00 PART=s4 ACCT=star
MAXRSS=32840K MAXVMSIZE=196896K
________________________________________________________________
Job Resource Usage Summary for 11601230

  CPU Time Used : 20:19:12
  Memory Used : 32840K
  Virtual Memory Used : 196896K
  Walltime Used : 00:38:06

  Memory Requested : 5875Mc (n=per node; c=per core)
  CPUs Requested / Allocated : 24 / 32
  Walltime Requested : 02:30:00

  Execution Queue : s4
  Head Node : 
  Charged to : star

  Job Stopped : Sat Nov 13 07:01:28 UTC 2021
_____________________________________________________________________

