build time -- 2021-11-18 06:23:18
 ESMF application on MPI rank:           0
 ESMF application on MPI rank:           1
  PASS  Example ESMF_VMUserMpiCommEx, ESMF_VMUserMpiCommEx.F90, line 113
  PASS  Example ESMF_VMUserMpiCommEx, ESMF_VMUserMpiCommEx.F90, line 113
 PASS: ESMF_VMUserMpiCommEx.F90
 PASS: ESMF_VMUserMpiCommEx.F90
 PASS: ESMF_VMUserMpiCommEx.F90
 PASS: ESMF_VMUserMpiCommEx.F90
TOTCPU=20:50:40 ELAP=00:39:05 REQMEM=5875Mc REQCPUS=24 ALLOCCPUS=32 TIMELIMIT=02:30:00 PART=s4 ACCT=star
MAXRSS=0 MAXVMSIZE=196896K
________________________________________________________________
Job Resource Usage Summary for 11613530

  CPU Time Used : 20:50:40
  Memory Used : 0
  Virtual Memory Used : 196896K
  Walltime Used : 00:39:05

  Memory Requested : 5875Mc (n=per node; c=per core)
  CPUs Requested / Allocated : 24 / 32
  Walltime Requested : 02:30:00

  Execution Queue : s4
  Head Node : 
  Charged to : star

  Job Stopped : Thu Nov 18 07:02:25 UTC 2021
_____________________________________________________________________

