build time -- 2021-11-10 06:22:11
  PASS  Example ESMF_FieldRedistEx, ESMF_FieldRedistEx.F90, line 521
  PASS  Example ESMF_FieldRedistEx, ESMF_FieldRedistEx.F90, line 521
  PASS  Example ESMF_FieldRedistEx, ESMF_FieldRedistEx.F90, line 521
  PASS  Example ESMF_FieldRedistEx, ESMF_FieldRedistEx.F90, line 521
 PASS: ESMF_FieldRedistEx.F90
 PASS: ESMF_FieldRedistEx.F90
 PASS: ESMF_FieldRedistEx.F90
 PASS: ESMF_FieldRedistEx.F90
TOTCPU=22:29:52 ELAP=00:42:11 REQMEM=5875Mc REQCPUS=24 ALLOCCPUS=32 TIMELIMIT=02:30:00 PART=s4 ACCT=star
MAXRSS=0 MAXVMSIZE=196896K
________________________________________________________________
Job Resource Usage Summary for 11593190

  CPU Time Used : 22:29:52
  Memory Used : 0
  Virtual Memory Used : 196896K
  Walltime Used : 00:42:11

  Memory Requested : 5875Mc (n=per node; c=per core)
  CPUs Requested / Allocated : 24 / 32
  Walltime Requested : 02:30:00

  Execution Queue : s4
  Head Node : 
  Charged to : star

  Job Stopped : Wed Nov 10 07:04:23 UTC 2021
_____________________________________________________________________

