build time -- 2022-01-18 06:23:48
20220118 070305.837 INFO             PET0 !!!!!!!!!!!!!!!!!!!!!!!!!!!!!!!!!!!!!!!!!!!!!!!!!!!!!!
20220118 070305.837 INFO             PET0 !!! THE ESMF_LOG IS SET TO OUTPUT ALL LOG MESSAGES !!!
20220118 070305.837 INFO             PET0 !!!     THIS MAY CAUSE SLOWDOWN IN PERFORMANCE     !!!
20220118 070305.837 INFO             PET0 !!! FOR PRODUCTION RUNS, USE:                      !!!
20220118 070305.837 INFO             PET0 !!!                   ESMF_LOGKIND_Multi_On_Error  !!!
20220118 070305.837 INFO             PET0 !!!!!!!!!!!!!!!!!!!!!!!!!!!!!!!!!!!!!!!!!!!!!!!!!!!!!!
20220118 070305.837 INFO             PET0 Running with ESMF Version   : ESMF_8_3_0_beta_snapshot_05-30-gf84ebe0
20220118 070305.837 INFO             PET0 ESMF library build date/time: "Jan 18 2022" "06:21:19"
20220118 070305.837 INFO             PET0 ESMF library build location : /scratch/users/mpotts/intel_2019.0.5_intelmpi_g_develop
20220118 070305.837 INFO             PET0 ESMF_COMM                   : intelmpi
20220118 070305.838 INFO             PET0 ESMF_MOAB                   : enabled
20220118 070305.838 INFO             PET0 ESMF_LAPACK                 : enabled
20220118 070305.838 INFO             PET0 ESMF_NETCDF                 : enabled
20220118 070305.838 INFO             PET0 ESMF_PNETCDF                : disabled
20220118 070305.838 INFO             PET0 ESMF_PIO                    : enabled
20220118 070305.838 INFO             PET0 ESMF_YAMLCPP                : enabled
20220118 070305.839 INFO             PET0 ESMF Tracing Enabled
20220118 070305.839 INFO             PET0 ESMF Profiling Enabled
20220118 070305.839 INFO             PET0 ESMF Trace/Profile clock: REALTIME
20220118 070305.843 INFO             PET0  NUMBER_OF_PROCESSORS           4
20220118 070305.843 INFO             PET0  PASS  Example ESMF_TraceUserEx, ESMF_TraceUserEx.F90, line 125
20220118 070305.843 INFO             PET0 Finalizing ESMF
20220118 070305.844 INFO             PET0 **************** Region Timings *******************
20220118 070305.844 INFO             PET0 Region              Count  Total (s)   Self (s)    Mean (s)    Min (s)     Max (s)
20220118 070305.844 INFO             PET0   outer_region      1      0.0013      0.0001      0.0013      0.0013      0.0013
20220118 070305.844 INFO             PET0     inner_region_1  10     0.0008      0.0008      0.0001      0.0001      0.0001
20220118 070305.844 INFO             PET0     inner_region_2  10     0.0004      0.0004      0.0000      0.0000      0.0000
20220118 070305.808 INFO             PET1 !!!!!!!!!!!!!!!!!!!!!!!!!!!!!!!!!!!!!!!!!!!!!!!!!!!!!!
20220118 070305.808 INFO             PET1 !!! THE ESMF_LOG IS SET TO OUTPUT ALL LOG MESSAGES !!!
20220118 070305.808 INFO             PET1 !!!     THIS MAY CAUSE SLOWDOWN IN PERFORMANCE     !!!
20220118 070305.808 INFO             PET1 !!! FOR PRODUCTION RUNS, USE:                      !!!
20220118 070305.808 INFO             PET1 !!!                   ESMF_LOGKIND_Multi_On_Error  !!!
20220118 070305.808 INFO             PET1 !!!!!!!!!!!!!!!!!!!!!!!!!!!!!!!!!!!!!!!!!!!!!!!!!!!!!!
20220118 070305.808 INFO             PET1 Running with ESMF Version   : ESMF_8_3_0_beta_snapshot_05-30-gf84ebe0
20220118 070305.808 INFO             PET1 ESMF library build date/time: "Jan 18 2022" "06:21:19"
20220118 070305.808 INFO             PET1 ESMF library build location : /scratch/users/mpotts/intel_2019.0.5_intelmpi_g_develop
20220118 070305.808 INFO             PET1 ESMF_COMM                   : intelmpi
20220118 070305.809 INFO             PET1 ESMF_MOAB                   : enabled
20220118 070305.809 INFO             PET1 ESMF_LAPACK                 : enabled
20220118 070305.809 INFO             PET1 ESMF_NETCDF                 : enabled
20220118 070305.809 INFO             PET1 ESMF_PNETCDF                : disabled
20220118 070305.809 INFO             PET1 ESMF_PIO                    : enabled
20220118 070305.809 INFO             PET1 ESMF_YAMLCPP                : enabled
20220118 070305.810 INFO             PET1 ESMF Tracing Enabled
20220118 070305.810 INFO             PET1 ESMF Profiling Enabled
20220118 070305.810 INFO             PET1 ESMF Trace/Profile clock: REALTIME
20220118 070305.842 INFO             PET1  NUMBER_OF_PROCESSORS           4
20220118 070305.842 INFO             PET1  PASS  Example ESMF_TraceUserEx, ESMF_TraceUserEx.F90, line 125
20220118 070305.842 INFO             PET1 Finalizing ESMF
20220118 070305.842 INFO             PET1 **************** Region Timings *******************
20220118 070305.842 INFO             PET1 Region              Count  Total (s)   Self (s)    Mean (s)    Min (s)     Max (s)
20220118 070305.843 INFO             PET1   outer_region      1      0.0005      0.0001      0.0005      0.0005      0.0005
20220118 070305.843 INFO             PET1     inner_region_1  10     0.0003      0.0003      0.0000      0.0000      0.0000
20220118 070305.843 INFO             PET1     inner_region_2  10     0.0001      0.0001      0.0000      0.0000      0.0000
20220118 070305.834 INFO             PET2 !!!!!!!!!!!!!!!!!!!!!!!!!!!!!!!!!!!!!!!!!!!!!!!!!!!!!!
20220118 070305.835 INFO             PET2 !!! THE ESMF_LOG IS SET TO OUTPUT ALL LOG MESSAGES !!!
20220118 070305.835 INFO             PET2 !!!     THIS MAY CAUSE SLOWDOWN IN PERFORMANCE     !!!
20220118 070305.835 INFO             PET2 !!! FOR PRODUCTION RUNS, USE:                      !!!
20220118 070305.835 INFO             PET2 !!!                   ESMF_LOGKIND_Multi_On_Error  !!!
20220118 070305.835 INFO             PET2 !!!!!!!!!!!!!!!!!!!!!!!!!!!!!!!!!!!!!!!!!!!!!!!!!!!!!!
20220118 070305.835 INFO             PET2 Running with ESMF Version   : ESMF_8_3_0_beta_snapshot_05-30-gf84ebe0
20220118 070305.835 INFO             PET2 ESMF library build date/time: "Jan 18 2022" "06:21:19"
20220118 070305.835 INFO             PET2 ESMF library build location : /scratch/users/mpotts/intel_2019.0.5_intelmpi_g_develop
20220118 070305.835 INFO             PET2 ESMF_COMM                   : intelmpi
20220118 070305.836 INFO             PET2 ESMF_MOAB                   : enabled
20220118 070305.836 INFO             PET2 ESMF_LAPACK                 : enabled
20220118 070305.836 INFO             PET2 ESMF_NETCDF                 : enabled
20220118 070305.836 INFO             PET2 ESMF_PNETCDF                : disabled
20220118 070305.836 INFO             PET2 ESMF_PIO                    : enabled
20220118 070305.836 INFO             PET2 ESMF_YAMLCPP                : enabled
20220118 070305.837 INFO             PET2 ESMF Tracing Enabled
20220118 070305.837 INFO             PET2 ESMF Profiling Enabled
20220118 070305.837 INFO             PET2 ESMF Trace/Profile clock: REALTIME
20220118 070305.842 INFO             PET2  NUMBER_OF_PROCESSORS           4
20220118 070305.843 INFO             PET2  PASS  Example ESMF_TraceUserEx, ESMF_TraceUserEx.F90, line 125
20220118 070305.843 INFO             PET2 Finalizing ESMF
20220118 070305.843 INFO             PET2 **************** Region Timings *******************
20220118 070305.843 INFO             PET2 Region              Count  Total (s)   Self (s)    Mean (s)    Min (s)     Max (s)
20220118 070305.843 INFO             PET2   outer_region      1      0.0007      0.0001      0.0007      0.0007      0.0007
20220118 070305.843 INFO             PET2     inner_region_1  10     0.0004      0.0004      0.0000      0.0000      0.0001
20220118 070305.843 INFO             PET2     inner_region_2  10     0.0002      0.0002      0.0000      0.0000      0.0000
20220118 070305.806 INFO             PET3 !!!!!!!!!!!!!!!!!!!!!!!!!!!!!!!!!!!!!!!!!!!!!!!!!!!!!!
20220118 070305.807 INFO             PET3 !!! THE ESMF_LOG IS SET TO OUTPUT ALL LOG MESSAGES !!!
20220118 070305.807 INFO             PET3 !!!     THIS MAY CAUSE SLOWDOWN IN PERFORMANCE     !!!
20220118 070305.807 INFO             PET3 !!! FOR PRODUCTION RUNS, USE:                      !!!
20220118 070305.807 INFO             PET3 !!!                   ESMF_LOGKIND_Multi_On_Error  !!!
20220118 070305.807 INFO             PET3 !!!!!!!!!!!!!!!!!!!!!!!!!!!!!!!!!!!!!!!!!!!!!!!!!!!!!!
20220118 070305.807 INFO             PET3 Running with ESMF Version   : ESMF_8_3_0_beta_snapshot_05-30-gf84ebe0
20220118 070305.807 INFO             PET3 ESMF library build date/time: "Jan 18 2022" "06:21:19"
20220118 070305.807 INFO             PET3 ESMF library build location : /scratch/users/mpotts/intel_2019.0.5_intelmpi_g_develop
20220118 070305.807 INFO             PET3 ESMF_COMM                   : intelmpi
20220118 070305.808 INFO             PET3 ESMF_MOAB                   : enabled
20220118 070305.808 INFO             PET3 ESMF_LAPACK                 : enabled
20220118 070305.808 INFO             PET3 ESMF_NETCDF                 : enabled
20220118 070305.808 INFO             PET3 ESMF_PNETCDF                : disabled
20220118 070305.808 INFO             PET3 ESMF_PIO                    : enabled
20220118 070305.808 INFO             PET3 ESMF_YAMLCPP                : enabled
20220118 070305.808 INFO             PET3 ESMF Tracing Enabled
20220118 070305.808 INFO             PET3 ESMF Profiling Enabled
20220118 070305.808 INFO             PET3 ESMF Trace/Profile clock: REALTIME
20220118 070305.842 INFO             PET3  NUMBER_OF_PROCESSORS           4
20220118 070305.842 INFO             PET3  PASS  Example ESMF_TraceUserEx, ESMF_TraceUserEx.F90, line 125
20220118 070305.842 INFO             PET3 Finalizing ESMF
20220118 070305.842 INFO             PET3 **************** Region Timings *******************
20220118 070305.842 INFO             PET3 Region              Count  Total (s)   Self (s)    Mean (s)    Min (s)     Max (s)
20220118 070305.843 INFO             PET3   outer_region      1      0.0005      0.0001      0.0005      0.0005      0.0005
20220118 070305.843 INFO             PET3     inner_region_1  10     0.0003      0.0003      0.0000      0.0000      0.0000
20220118 070305.843 INFO             PET3     inner_region_2  10     0.0001      0.0001      0.0000      0.0000      0.0000
