build time -- 2021-10-05 17:24:57
20211005 180610.728 INFO             PET0 !!!!!!!!!!!!!!!!!!!!!!!!!!!!!!!!!!!!!!!!!!!!!!!!!!!!!!
20211005 180610.728 INFO             PET0 !!! THE ESMF_LOG IS SET TO OUTPUT ALL LOG MESSAGES !!!
20211005 180610.728 INFO             PET0 !!!     THIS MAY CAUSE SLOWDOWN IN PERFORMANCE     !!!
20211005 180610.728 INFO             PET0 !!! FOR PRODUCTION RUNS, USE:                      !!!
20211005 180610.728 INFO             PET0 !!!                   ESMF_LOGKIND_Multi_On_Error  !!!
20211005 180610.728 INFO             PET0 !!!!!!!!!!!!!!!!!!!!!!!!!!!!!!!!!!!!!!!!!!!!!!!!!!!!!!
20211005 180610.728 INFO             PET0 Running with ESMF Version   : ESMF_8_2_0_beta_snapshot_20-18-g0aeed17
20211005 180610.729 INFO             PET0 ESMF library build date/time: "Oct  5 2021" "17:22:38"
20211005 180610.729 INFO             PET0 ESMF library build location : /scratch/users/mpotts/intel_2019.0.5_intelmpi_g_develop
20211005 180610.729 INFO             PET0 ESMF_COMM                   : intelmpi
20211005 180610.730 INFO             PET0 ESMF_MOAB                   : enabled
20211005 180610.730 INFO             PET0 ESMF_LAPACK                 : enabled
20211005 180610.730 INFO             PET0 ESMF_NETCDF                 : enabled
20211005 180610.730 INFO             PET0 ESMF_PNETCDF                : disabled
20211005 180610.730 INFO             PET0 ESMF_PIO                    : enabled
20211005 180610.730 INFO             PET0 ESMF_YAMLCPP                : enabled
20211005 180612.490 INFO             PET0  NUMBER_OF_PROCESSORS           4
20211005 180612.491 INFO             PET0  PASS  Example ESMF_GridUsageEx, ESMF_GridUsageEx.F90, line 3470
20211005 180612.491 INFO             PET0 Finalizing ESMF
20211005 180610.728 INFO             PET1 !!!!!!!!!!!!!!!!!!!!!!!!!!!!!!!!!!!!!!!!!!!!!!!!!!!!!!
20211005 180610.728 INFO             PET1 !!! THE ESMF_LOG IS SET TO OUTPUT ALL LOG MESSAGES !!!
20211005 180610.728 INFO             PET1 !!!     THIS MAY CAUSE SLOWDOWN IN PERFORMANCE     !!!
20211005 180610.728 INFO             PET1 !!! FOR PRODUCTION RUNS, USE:                      !!!
20211005 180610.728 INFO             PET1 !!!                   ESMF_LOGKIND_Multi_On_Error  !!!
20211005 180610.728 INFO             PET1 !!!!!!!!!!!!!!!!!!!!!!!!!!!!!!!!!!!!!!!!!!!!!!!!!!!!!!
20211005 180610.728 INFO             PET1 Running with ESMF Version   : ESMF_8_2_0_beta_snapshot_20-18-g0aeed17
20211005 180610.728 INFO             PET1 ESMF library build date/time: "Oct  5 2021" "17:22:38"
20211005 180610.728 INFO             PET1 ESMF library build location : /scratch/users/mpotts/intel_2019.0.5_intelmpi_g_develop
20211005 180610.728 INFO             PET1 ESMF_COMM                   : intelmpi
20211005 180610.730 INFO             PET1 ESMF_MOAB                   : enabled
20211005 180610.730 INFO             PET1 ESMF_LAPACK                 : enabled
20211005 180610.730 INFO             PET1 ESMF_NETCDF                 : enabled
20211005 180610.730 INFO             PET1 ESMF_PNETCDF                : disabled
20211005 180610.730 INFO             PET1 ESMF_PIO                    : enabled
20211005 180610.730 INFO             PET1 ESMF_YAMLCPP                : enabled
20211005 180612.488 INFO             PET1  NUMBER_OF_PROCESSORS           4
20211005 180612.489 INFO             PET1  PASS  Example ESMF_GridUsageEx, ESMF_GridUsageEx.F90, line 3470
20211005 180612.489 INFO             PET1 Finalizing ESMF
20211005 180610.728 INFO             PET2 !!!!!!!!!!!!!!!!!!!!!!!!!!!!!!!!!!!!!!!!!!!!!!!!!!!!!!
20211005 180610.729 INFO             PET2 !!! THE ESMF_LOG IS SET TO OUTPUT ALL LOG MESSAGES !!!
20211005 180610.729 INFO             PET2 !!!     THIS MAY CAUSE SLOWDOWN IN PERFORMANCE     !!!
20211005 180610.729 INFO             PET2 !!! FOR PRODUCTION RUNS, USE:                      !!!
20211005 180610.729 INFO             PET2 !!!                   ESMF_LOGKIND_Multi_On_Error  !!!
20211005 180610.729 INFO             PET2 !!!!!!!!!!!!!!!!!!!!!!!!!!!!!!!!!!!!!!!!!!!!!!!!!!!!!!
20211005 180610.729 INFO             PET2 Running with ESMF Version   : ESMF_8_2_0_beta_snapshot_20-18-g0aeed17
20211005 180610.729 INFO             PET2 ESMF library build date/time: "Oct  5 2021" "17:22:38"
20211005 180610.729 INFO             PET2 ESMF library build location : /scratch/users/mpotts/intel_2019.0.5_intelmpi_g_develop
20211005 180610.729 INFO             PET2 ESMF_COMM                   : intelmpi
20211005 180610.730 INFO             PET2 ESMF_MOAB                   : enabled
20211005 180610.730 INFO             PET2 ESMF_LAPACK                 : enabled
20211005 180610.730 INFO             PET2 ESMF_NETCDF                 : enabled
20211005 180610.730 INFO             PET2 ESMF_PNETCDF                : disabled
20211005 180610.730 INFO             PET2 ESMF_PIO                    : enabled
20211005 180610.730 INFO             PET2 ESMF_YAMLCPP                : enabled
20211005 180612.487 INFO             PET2  NUMBER_OF_PROCESSORS           4
20211005 180612.487 INFO             PET2  PASS  Example ESMF_GridUsageEx, ESMF_GridUsageEx.F90, line 3470
20211005 180612.487 INFO             PET2 Finalizing ESMF
20211005 180610.728 INFO             PET3 !!!!!!!!!!!!!!!!!!!!!!!!!!!!!!!!!!!!!!!!!!!!!!!!!!!!!!
20211005 180610.728 INFO             PET3 !!! THE ESMF_LOG IS SET TO OUTPUT ALL LOG MESSAGES !!!
20211005 180610.728 INFO             PET3 !!!     THIS MAY CAUSE SLOWDOWN IN PERFORMANCE     !!!
20211005 180610.728 INFO             PET3 !!! FOR PRODUCTION RUNS, USE:                      !!!
20211005 180610.728 INFO             PET3 !!!                   ESMF_LOGKIND_Multi_On_Error  !!!
20211005 180610.728 INFO             PET3 !!!!!!!!!!!!!!!!!!!!!!!!!!!!!!!!!!!!!!!!!!!!!!!!!!!!!!
20211005 180610.728 INFO             PET3 Running with ESMF Version   : ESMF_8_2_0_beta_snapshot_20-18-g0aeed17
20211005 180610.728 INFO             PET3 ESMF library build date/time: "Oct  5 2021" "17:22:38"
20211005 180610.728 INFO             PET3 ESMF library build location : /scratch/users/mpotts/intel_2019.0.5_intelmpi_g_develop
20211005 180610.728 INFO             PET3 ESMF_COMM                   : intelmpi
20211005 180610.730 INFO             PET3 ESMF_MOAB                   : enabled
20211005 180610.730 INFO             PET3 ESMF_LAPACK                 : enabled
20211005 180610.730 INFO             PET3 ESMF_NETCDF                 : enabled
20211005 180610.730 INFO             PET3 ESMF_PNETCDF                : disabled
20211005 180610.730 INFO             PET3 ESMF_PIO                    : enabled
20211005 180610.730 INFO             PET3 ESMF_YAMLCPP                : enabled
20211005 180612.489 INFO             PET3  NUMBER_OF_PROCESSORS           4
20211005 180612.489 INFO             PET3  PASS  Example ESMF_GridUsageEx, ESMF_GridUsageEx.F90, line 3470
20211005 180612.489 INFO             PET3 Finalizing ESMF
