build time -- 2021-12-14 04:38:10
20211214 055844.132 INFO             PET0 !!!!!!!!!!!!!!!!!!!!!!!!!!!!!!!!!!!!!!!!!!!!!!!!!!!!!!
20211214 055844.132 INFO             PET0 !!! THE ESMF_LOG IS SET TO OUTPUT ALL LOG MESSAGES !!!
20211214 055844.132 INFO             PET0 !!!     THIS MAY CAUSE SLOWDOWN IN PERFORMANCE     !!!
20211214 055844.132 INFO             PET0 !!! FOR PRODUCTION RUNS, USE:                      !!!
20211214 055844.132 INFO             PET0 !!!                   ESMF_LOGKIND_Multi_On_Error  !!!
20211214 055844.132 INFO             PET0 !!!!!!!!!!!!!!!!!!!!!!!!!!!!!!!!!!!!!!!!!!!!!!!!!!!!!!
20211214 055844.132 INFO             PET0 Running with ESMF Version   : ESMF_8_3_0_beta_snapshot_04-8-g60a38ef462
20211214 055844.132 INFO             PET0 ESMF library build date/time: "Dec 14 2021" "04:36:02"
20211214 055844.132 INFO             PET0 ESMF library build location : /mnt/lfs4/HFIP/hfv3gfs/Mark.Potts/intel_2020.2_intelmpi_g_develop
20211214 055844.132 INFO             PET0 ESMF_COMM                   : intelmpi
20211214 055844.133 INFO             PET0 ESMF_MOAB                   : enabled
20211214 055844.133 INFO             PET0 ESMF_LAPACK                 : enabled
20211214 055844.133 INFO             PET0 ESMF_NETCDF                 : enabled
20211214 055844.134 INFO             PET0 ESMF_PNETCDF                : disabled
20211214 055844.134 INFO             PET0 ESMF_PIO                    : enabled
20211214 055844.134 INFO             PET0 ESMF_YAMLCPP                : enabled
20211214 055844.134 INFO             PET0  NUMBER_OF_PROCESSORS           1
20211214 055844.134 INFO             PET0  PASS  Example CalendarEx, ESMF_CalendarEx.F90, line 217
20211214 055844.134 INFO             PET0 Finalizing ESMF
