build time -- 2021-11-15 03:59:38
20211115 044503.044 INFO             PET0 !!!!!!!!!!!!!!!!!!!!!!!!!!!!!!!!!!!!!!!!!!!!!!!!!!!!!!
20211115 044503.045 INFO             PET0 !!! THE ESMF_LOG IS SET TO OUTPUT ALL LOG MESSAGES !!!
20211115 044503.045 INFO             PET0 !!!     THIS MAY CAUSE SLOWDOWN IN PERFORMANCE     !!!
20211115 044503.045 INFO             PET0 !!! FOR PRODUCTION RUNS, USE:                      !!!
20211115 044503.045 INFO             PET0 !!!                   ESMF_LOGKIND_Multi_On_Error  !!!
20211115 044503.045 INFO             PET0 !!!!!!!!!!!!!!!!!!!!!!!!!!!!!!!!!!!!!!!!!!!!!!!!!!!!!!
20211115 044503.045 INFO             PET0 Running with ESMF Version   : ESMF_8_3_0_beta_snapshot_02-9-g35b0f617ee
20211115 044503.045 INFO             PET0 ESMF library build date/time: "Nov 15 2021" "03:57:33"
20211115 044503.045 INFO             PET0 ESMF library build location : /mnt/lfs4/HFIP/hfv3gfs/Mark.Potts/intel_2020.2_intelmpi_g_develop
20211115 044503.045 INFO             PET0 ESMF_COMM                   : intelmpi
20211115 044503.046 INFO             PET0 ESMF_MOAB                   : enabled
20211115 044503.046 INFO             PET0 ESMF_LAPACK                 : enabled
20211115 044503.046 INFO             PET0 ESMF_NETCDF                 : enabled
20211115 044503.046 INFO             PET0 ESMF_PNETCDF                : disabled
20211115 044503.046 INFO             PET0 ESMF_PIO                    : enabled
20211115 044503.046 INFO             PET0 ESMF_YAMLCPP                : enabled
20211115 044503.237 DEBUG            PET0 about to destroy Grid: 0x1e8b460
20211115 044503.271 DEBUG            PET0 about to destroy Grid: 0x1e8d1d0
20211115 044503.333 INFO             PET0  NUMBER_OF_PROCESSORS           4
20211115 044503.333 INFO             PET0  PASS  Example ESMF_NUOPCAtmModelEx, ESMF_NUOPCAtmModelEx.F90, line 806
20211115 044503.333 INFO             PET0 Finalizing ESMF
20211115 044503.044 INFO             PET1 !!!!!!!!!!!!!!!!!!!!!!!!!!!!!!!!!!!!!!!!!!!!!!!!!!!!!!
20211115 044503.045 INFO             PET1 !!! THE ESMF_LOG IS SET TO OUTPUT ALL LOG MESSAGES !!!
20211115 044503.045 INFO             PET1 !!!     THIS MAY CAUSE SLOWDOWN IN PERFORMANCE     !!!
20211115 044503.045 INFO             PET1 !!! FOR PRODUCTION RUNS, USE:                      !!!
20211115 044503.045 INFO             PET1 !!!                   ESMF_LOGKIND_Multi_On_Error  !!!
20211115 044503.045 INFO             PET1 !!!!!!!!!!!!!!!!!!!!!!!!!!!!!!!!!!!!!!!!!!!!!!!!!!!!!!
20211115 044503.045 INFO             PET1 Running with ESMF Version   : ESMF_8_3_0_beta_snapshot_02-9-g35b0f617ee
20211115 044503.045 INFO             PET1 ESMF library build date/time: "Nov 15 2021" "03:57:33"
20211115 044503.045 INFO             PET1 ESMF library build location : /mnt/lfs4/HFIP/hfv3gfs/Mark.Potts/intel_2020.2_intelmpi_g_develop
20211115 044503.045 INFO             PET1 ESMF_COMM                   : intelmpi
20211115 044503.046 INFO             PET1 ESMF_MOAB                   : enabled
20211115 044503.046 INFO             PET1 ESMF_LAPACK                 : enabled
20211115 044503.046 INFO             PET1 ESMF_NETCDF                 : enabled
20211115 044503.046 INFO             PET1 ESMF_PNETCDF                : disabled
20211115 044503.046 INFO             PET1 ESMF_PIO                    : enabled
20211115 044503.046 INFO             PET1 ESMF_YAMLCPP                : enabled
20211115 044503.237 DEBUG            PET1 about to destroy Grid: 0x171ae60
20211115 044503.271 DEBUG            PET1 about to destroy Grid: 0x171d190
20211115 044503.332 INFO             PET1  NUMBER_OF_PROCESSORS           4
20211115 044503.332 INFO             PET1  PASS  Example ESMF_NUOPCAtmModelEx, ESMF_NUOPCAtmModelEx.F90, line 806
20211115 044503.332 INFO             PET1 Finalizing ESMF
20211115 044503.044 INFO             PET2 !!!!!!!!!!!!!!!!!!!!!!!!!!!!!!!!!!!!!!!!!!!!!!!!!!!!!!
20211115 044503.044 INFO             PET2 !!! THE ESMF_LOG IS SET TO OUTPUT ALL LOG MESSAGES !!!
20211115 044503.044 INFO             PET2 !!!     THIS MAY CAUSE SLOWDOWN IN PERFORMANCE     !!!
20211115 044503.044 INFO             PET2 !!! FOR PRODUCTION RUNS, USE:                      !!!
20211115 044503.044 INFO             PET2 !!!                   ESMF_LOGKIND_Multi_On_Error  !!!
20211115 044503.044 INFO             PET2 !!!!!!!!!!!!!!!!!!!!!!!!!!!!!!!!!!!!!!!!!!!!!!!!!!!!!!
20211115 044503.044 INFO             PET2 Running with ESMF Version   : ESMF_8_3_0_beta_snapshot_02-9-g35b0f617ee
20211115 044503.044 INFO             PET2 ESMF library build date/time: "Nov 15 2021" "03:57:33"
20211115 044503.044 INFO             PET2 ESMF library build location : /mnt/lfs4/HFIP/hfv3gfs/Mark.Potts/intel_2020.2_intelmpi_g_develop
20211115 044503.045 INFO             PET2 ESMF_COMM                   : intelmpi
20211115 044503.046 INFO             PET2 ESMF_MOAB                   : enabled
20211115 044503.046 INFO             PET2 ESMF_LAPACK                 : enabled
20211115 044503.046 INFO             PET2 ESMF_NETCDF                 : enabled
20211115 044503.046 INFO             PET2 ESMF_PNETCDF                : disabled
20211115 044503.046 INFO             PET2 ESMF_PIO                    : enabled
20211115 044503.046 INFO             PET2 ESMF_YAMLCPP                : enabled
20211115 044503.237 DEBUG            PET2 about to destroy Grid: 0x2479e80
20211115 044503.271 DEBUG            PET2 about to destroy Grid: 0x247c1b0
20211115 044503.332 INFO             PET2  NUMBER_OF_PROCESSORS           4
20211115 044503.332 INFO             PET2  PASS  Example ESMF_NUOPCAtmModelEx, ESMF_NUOPCAtmModelEx.F90, line 806
20211115 044503.332 INFO             PET2 Finalizing ESMF
20211115 044503.044 INFO             PET3 !!!!!!!!!!!!!!!!!!!!!!!!!!!!!!!!!!!!!!!!!!!!!!!!!!!!!!
20211115 044503.044 INFO             PET3 !!! THE ESMF_LOG IS SET TO OUTPUT ALL LOG MESSAGES !!!
20211115 044503.044 INFO             PET3 !!!     THIS MAY CAUSE SLOWDOWN IN PERFORMANCE     !!!
20211115 044503.044 INFO             PET3 !!! FOR PRODUCTION RUNS, USE:                      !!!
20211115 044503.044 INFO             PET3 !!!                   ESMF_LOGKIND_Multi_On_Error  !!!
20211115 044503.044 INFO             PET3 !!!!!!!!!!!!!!!!!!!!!!!!!!!!!!!!!!!!!!!!!!!!!!!!!!!!!!
20211115 044503.044 INFO             PET3 Running with ESMF Version   : ESMF_8_3_0_beta_snapshot_02-9-g35b0f617ee
20211115 044503.044 INFO             PET3 ESMF library build date/time: "Nov 15 2021" "03:57:33"
20211115 044503.044 INFO             PET3 ESMF library build location : /mnt/lfs4/HFIP/hfv3gfs/Mark.Potts/intel_2020.2_intelmpi_g_develop
20211115 044503.044 INFO             PET3 ESMF_COMM                   : intelmpi
20211115 044503.046 INFO             PET3 ESMF_MOAB                   : enabled
20211115 044503.046 INFO             PET3 ESMF_LAPACK                 : enabled
20211115 044503.046 INFO             PET3 ESMF_NETCDF                 : enabled
20211115 044503.046 INFO             PET3 ESMF_PNETCDF                : disabled
20211115 044503.046 INFO             PET3 ESMF_PIO                    : enabled
20211115 044503.046 INFO             PET3 ESMF_YAMLCPP                : enabled
20211115 044503.237 DEBUG            PET3 about to destroy Grid: 0x253ce60
20211115 044503.271 DEBUG            PET3 about to destroy Grid: 0x253f190
20211115 044503.332 INFO             PET3  NUMBER_OF_PROCESSORS           4
20211115 044503.332 INFO             PET3  PASS  Example ESMF_NUOPCAtmModelEx, ESMF_NUOPCAtmModelEx.F90, line 806
20211115 044503.332 INFO             PET3 Finalizing ESMF
