build time -- 2022-01-29 04:00:09
20220129 045018.509 INFO             PET0 !!!!!!!!!!!!!!!!!!!!!!!!!!!!!!!!!!!!!!!!!!!!!!!!!!!!!!
20220129 045018.509 INFO             PET0 !!! THE ESMF_LOG IS SET TO OUTPUT ALL LOG MESSAGES !!!
20220129 045018.509 INFO             PET0 !!!     THIS MAY CAUSE SLOWDOWN IN PERFORMANCE     !!!
20220129 045018.509 INFO             PET0 !!! FOR PRODUCTION RUNS, USE:                      !!!
20220129 045018.509 INFO             PET0 !!!                   ESMF_LOGKIND_Multi_On_Error  !!!
20220129 045018.509 INFO             PET0 !!!!!!!!!!!!!!!!!!!!!!!!!!!!!!!!!!!!!!!!!!!!!!!!!!!!!!
20220129 045018.509 INFO             PET0 Running with ESMF Version   : ESMF_8_3_0_beta_snapshot_06-10-gce27d44403
20220129 045018.509 INFO             PET0 ESMF library build date/time: "Jan 29 2022" "03:57:59"
20220129 045018.509 INFO             PET0 ESMF library build location : /mnt/lfs4/HFIP/hfv3gfs/Mark.Potts/intel_2020.2_intelmpi_g_develop
20220129 045018.509 INFO             PET0 ESMF_COMM                   : intelmpi
20220129 045018.510 INFO             PET0 ESMF_MOAB                   : enabled
20220129 045018.510 INFO             PET0 ESMF_LAPACK                 : enabled
20220129 045018.510 INFO             PET0 ESMF_NETCDF                 : enabled
20220129 045018.510 INFO             PET0 ESMF_PNETCDF                : disabled
20220129 045018.510 INFO             PET0 ESMF_PIO                    : enabled
20220129 045018.510 INFO             PET0 ESMF_YAMLCPP                : enabled
20220129 045018.513 INFO             PET0  NUMBER_OF_PROCESSORS           4
20220129 045018.513 INFO             PET0  PASS  Example ESMF_GridCreateRegFromDGEx, ESMF_GridCreateRegFromDGEx.F90, line 112
20220129 045018.513 INFO             PET0 Finalizing ESMF
20220129 045018.508 INFO             PET1 !!!!!!!!!!!!!!!!!!!!!!!!!!!!!!!!!!!!!!!!!!!!!!!!!!!!!!
20220129 045018.509 INFO             PET1 !!! THE ESMF_LOG IS SET TO OUTPUT ALL LOG MESSAGES !!!
20220129 045018.509 INFO             PET1 !!!     THIS MAY CAUSE SLOWDOWN IN PERFORMANCE     !!!
20220129 045018.509 INFO             PET1 !!! FOR PRODUCTION RUNS, USE:                      !!!
20220129 045018.509 INFO             PET1 !!!                   ESMF_LOGKIND_Multi_On_Error  !!!
20220129 045018.509 INFO             PET1 !!!!!!!!!!!!!!!!!!!!!!!!!!!!!!!!!!!!!!!!!!!!!!!!!!!!!!
20220129 045018.509 INFO             PET1 Running with ESMF Version   : ESMF_8_3_0_beta_snapshot_06-10-gce27d44403
20220129 045018.509 INFO             PET1 ESMF library build date/time: "Jan 29 2022" "03:57:59"
20220129 045018.509 INFO             PET1 ESMF library build location : /mnt/lfs4/HFIP/hfv3gfs/Mark.Potts/intel_2020.2_intelmpi_g_develop
20220129 045018.509 INFO             PET1 ESMF_COMM                   : intelmpi
20220129 045018.510 INFO             PET1 ESMF_MOAB                   : enabled
20220129 045018.510 INFO             PET1 ESMF_LAPACK                 : enabled
20220129 045018.510 INFO             PET1 ESMF_NETCDF                 : enabled
20220129 045018.510 INFO             PET1 ESMF_PNETCDF                : disabled
20220129 045018.510 INFO             PET1 ESMF_PIO                    : enabled
20220129 045018.510 INFO             PET1 ESMF_YAMLCPP                : enabled
20220129 045018.513 INFO             PET1  NUMBER_OF_PROCESSORS           4
20220129 045018.513 INFO             PET1  PASS  Example ESMF_GridCreateRegFromDGEx, ESMF_GridCreateRegFromDGEx.F90, line 112
20220129 045018.513 INFO             PET1 Finalizing ESMF
20220129 045018.509 INFO             PET2 !!!!!!!!!!!!!!!!!!!!!!!!!!!!!!!!!!!!!!!!!!!!!!!!!!!!!!
20220129 045018.509 INFO             PET2 !!! THE ESMF_LOG IS SET TO OUTPUT ALL LOG MESSAGES !!!
20220129 045018.509 INFO             PET2 !!!     THIS MAY CAUSE SLOWDOWN IN PERFORMANCE     !!!
20220129 045018.509 INFO             PET2 !!! FOR PRODUCTION RUNS, USE:                      !!!
20220129 045018.509 INFO             PET2 !!!                   ESMF_LOGKIND_Multi_On_Error  !!!
20220129 045018.509 INFO             PET2 !!!!!!!!!!!!!!!!!!!!!!!!!!!!!!!!!!!!!!!!!!!!!!!!!!!!!!
20220129 045018.509 INFO             PET2 Running with ESMF Version   : ESMF_8_3_0_beta_snapshot_06-10-gce27d44403
20220129 045018.509 INFO             PET2 ESMF library build date/time: "Jan 29 2022" "03:57:59"
20220129 045018.509 INFO             PET2 ESMF library build location : /mnt/lfs4/HFIP/hfv3gfs/Mark.Potts/intel_2020.2_intelmpi_g_develop
20220129 045018.509 INFO             PET2 ESMF_COMM                   : intelmpi
20220129 045018.510 INFO             PET2 ESMF_MOAB                   : enabled
20220129 045018.510 INFO             PET2 ESMF_LAPACK                 : enabled
20220129 045018.510 INFO             PET2 ESMF_NETCDF                 : enabled
20220129 045018.510 INFO             PET2 ESMF_PNETCDF                : disabled
20220129 045018.510 INFO             PET2 ESMF_PIO                    : enabled
20220129 045018.510 INFO             PET2 ESMF_YAMLCPP                : enabled
20220129 045018.513 INFO             PET2  NUMBER_OF_PROCESSORS           4
20220129 045018.513 INFO             PET2  PASS  Example ESMF_GridCreateRegFromDGEx, ESMF_GridCreateRegFromDGEx.F90, line 112
20220129 045018.513 INFO             PET2 Finalizing ESMF
20220129 045018.508 INFO             PET3 !!!!!!!!!!!!!!!!!!!!!!!!!!!!!!!!!!!!!!!!!!!!!!!!!!!!!!
20220129 045018.508 INFO             PET3 !!! THE ESMF_LOG IS SET TO OUTPUT ALL LOG MESSAGES !!!
20220129 045018.508 INFO             PET3 !!!     THIS MAY CAUSE SLOWDOWN IN PERFORMANCE     !!!
20220129 045018.508 INFO             PET3 !!! FOR PRODUCTION RUNS, USE:                      !!!
20220129 045018.508 INFO             PET3 !!!                   ESMF_LOGKIND_Multi_On_Error  !!!
20220129 045018.508 INFO             PET3 !!!!!!!!!!!!!!!!!!!!!!!!!!!!!!!!!!!!!!!!!!!!!!!!!!!!!!
20220129 045018.508 INFO             PET3 Running with ESMF Version   : ESMF_8_3_0_beta_snapshot_06-10-gce27d44403
20220129 045018.508 INFO             PET3 ESMF library build date/time: "Jan 29 2022" "03:57:59"
20220129 045018.508 INFO             PET3 ESMF library build location : /mnt/lfs4/HFIP/hfv3gfs/Mark.Potts/intel_2020.2_intelmpi_g_develop
20220129 045018.509 INFO             PET3 ESMF_COMM                   : intelmpi
20220129 045018.510 INFO             PET3 ESMF_MOAB                   : enabled
20220129 045018.510 INFO             PET3 ESMF_LAPACK                 : enabled
20220129 045018.510 INFO             PET3 ESMF_NETCDF                 : enabled
20220129 045018.510 INFO             PET3 ESMF_PNETCDF                : disabled
20220129 045018.510 INFO             PET3 ESMF_PIO                    : enabled
20220129 045018.510 INFO             PET3 ESMF_YAMLCPP                : enabled
20220129 045018.513 INFO             PET3  NUMBER_OF_PROCESSORS           4
20220129 045018.513 INFO             PET3  PASS  Example ESMF_GridCreateRegFromDGEx, ESMF_GridCreateRegFromDGEx.F90, line 112
20220129 045018.513 INFO             PET3 Finalizing ESMF
