build time -- 2022-02-27 01:21:10.718734
20220227 014554.845 INFO             PET0 !!!!!!!!!!!!!!!!!!!!!!!!!!!!!!!!!!!!!!!!!!!!!!!!!!!!!!
20220227 014554.845 INFO             PET0 !!! THE ESMF_LOG IS SET TO OUTPUT ALL LOG MESSAGES !!!
20220227 014554.845 INFO             PET0 !!!     THIS MAY CAUSE SLOWDOWN IN PERFORMANCE     !!!
20220227 014554.845 INFO             PET0 !!! FOR PRODUCTION RUNS, USE:                      !!!
20220227 014554.845 INFO             PET0 !!!                   ESMF_LOGKIND_Multi_On_Error  !!!
20220227 014554.845 INFO             PET0 !!!!!!!!!!!!!!!!!!!!!!!!!!!!!!!!!!!!!!!!!!!!!!!!!!!!!!
20220227 014554.845 INFO             PET0 Running with ESMF Version   : v8.3.0b08-5-g64eb13365d
20220227 014554.845 INFO             PET0 ESMF library build date/time: "Feb 27 2022" "01:19:52"
20220227 014554.845 INFO             PET0 ESMF library build location : /gpfsm/dnb04/projects/p98/mpotts/esmf/gfortran_8.3.0_mpiuni_g_develop
20220227 014554.845 INFO             PET0 ESMF_COMM                   : mpiuni
20220227 014554.845 INFO             PET0 ESMF_MOAB                   : enabled
20220227 014554.845 INFO             PET0 ESMF_LAPACK                 : enabled
20220227 014554.845 INFO             PET0 ESMF_NETCDF                 : disabled
20220227 014554.845 INFO             PET0 ESMF_PNETCDF                : disabled
20220227 014554.845 INFO             PET0 ESMF_PIO                    : disabled
20220227 014554.845 INFO             PET0 ESMF_YAMLCPP                : enabled
20220227 014554.846 INFO             PET0  NUMBER_OF_PROCESSORS           1
20220227 014554.846 INFO             PET0  PASS  Example ESMF_StateEx, ESMF_StateEx.F90, line 237
20220227 014554.846 INFO             PET0 Finalizing ESMF
