build time -- 2021-12-12 06:19:31.194341
20211212 071936.682 INFO             PET0 !!!!!!!!!!!!!!!!!!!!!!!!!!!!!!!!!!!!!!!!!!!!!!!!!!!!!!
20211212 071936.682 INFO             PET0 !!! THE ESMF_LOG IS SET TO OUTPUT ALL LOG MESSAGES !!!
20211212 071936.682 INFO             PET0 !!!     THIS MAY CAUSE SLOWDOWN IN PERFORMANCE     !!!
20211212 071936.682 INFO             PET0 !!! FOR PRODUCTION RUNS, USE:                      !!!
20211212 071936.682 INFO             PET0 !!!                   ESMF_LOGKIND_Multi_On_Error  !!!
20211212 071936.682 INFO             PET0 !!!!!!!!!!!!!!!!!!!!!!!!!!!!!!!!!!!!!!!!!!!!!!!!!!!!!!
20211212 071936.682 INFO             PET0 Running with ESMF Version   : ESMF_8_3_0_beta_snapshot_04-8-g60a38ef462
20211212 071936.682 INFO             PET0 ESMF library build date/time: "Dec 12 2021" "06:13:20"
20211212 071936.682 INFO             PET0 ESMF library build location : /glade/scratch/rlong/esmf-testing/intel_18.0.5_openmpi_g_develop
20211212 071936.682 INFO             PET0 ESMF_COMM                   : openmpi
20211212 071936.682 INFO             PET0 ESMF_MOAB                   : enabled
20211212 071936.682 INFO             PET0 ESMF_LAPACK                 : enabled
20211212 071936.682 INFO             PET0 ESMF_NETCDF                 : enabled
20211212 071936.682 INFO             PET0 ESMF_PNETCDF                : disabled
20211212 071936.682 INFO             PET0 ESMF_PIO                    : enabled
20211212 071936.682 INFO             PET0 ESMF_YAMLCPP                : enabled
20211212 071936.684 INFO             PET0  NUMBER_OF_PROCESSORS           4
20211212 071936.684 INFO             PET0  PASS  Example ESMF_InfoGetFromHostEx, ESMF_InfoGetFromHostEx.F90, line 112
20211212 071936.684 INFO             PET0 Finalizing ESMF
20211212 071936.680 INFO             PET1 !!!!!!!!!!!!!!!!!!!!!!!!!!!!!!!!!!!!!!!!!!!!!!!!!!!!!!
20211212 071936.680 INFO             PET1 !!! THE ESMF_LOG IS SET TO OUTPUT ALL LOG MESSAGES !!!
20211212 071936.680 INFO             PET1 !!!     THIS MAY CAUSE SLOWDOWN IN PERFORMANCE     !!!
20211212 071936.680 INFO             PET1 !!! FOR PRODUCTION RUNS, USE:                      !!!
20211212 071936.680 INFO             PET1 !!!                   ESMF_LOGKIND_Multi_On_Error  !!!
20211212 071936.680 INFO             PET1 !!!!!!!!!!!!!!!!!!!!!!!!!!!!!!!!!!!!!!!!!!!!!!!!!!!!!!
20211212 071936.680 INFO             PET1 Running with ESMF Version   : ESMF_8_3_0_beta_snapshot_04-8-g60a38ef462
20211212 071936.680 INFO             PET1 ESMF library build date/time: "Dec 12 2021" "06:13:20"
20211212 071936.680 INFO             PET1 ESMF library build location : /glade/scratch/rlong/esmf-testing/intel_18.0.5_openmpi_g_develop
20211212 071936.680 INFO             PET1 ESMF_COMM                   : openmpi
20211212 071936.681 INFO             PET1 ESMF_MOAB                   : enabled
20211212 071936.681 INFO             PET1 ESMF_LAPACK                 : enabled
20211212 071936.681 INFO             PET1 ESMF_NETCDF                 : enabled
20211212 071936.681 INFO             PET1 ESMF_PNETCDF                : disabled
20211212 071936.681 INFO             PET1 ESMF_PIO                    : enabled
20211212 071936.681 INFO             PET1 ESMF_YAMLCPP                : enabled
20211212 071936.684 INFO             PET1  NUMBER_OF_PROCESSORS           4
20211212 071936.684 INFO             PET1  PASS  Example ESMF_InfoGetFromHostEx, ESMF_InfoGetFromHostEx.F90, line 112
20211212 071936.684 INFO             PET1 Finalizing ESMF
20211212 071936.682 INFO             PET2 !!!!!!!!!!!!!!!!!!!!!!!!!!!!!!!!!!!!!!!!!!!!!!!!!!!!!!
20211212 071936.682 INFO             PET2 !!! THE ESMF_LOG IS SET TO OUTPUT ALL LOG MESSAGES !!!
20211212 071936.682 INFO             PET2 !!!     THIS MAY CAUSE SLOWDOWN IN PERFORMANCE     !!!
20211212 071936.682 INFO             PET2 !!! FOR PRODUCTION RUNS, USE:                      !!!
20211212 071936.682 INFO             PET2 !!!                   ESMF_LOGKIND_Multi_On_Error  !!!
20211212 071936.682 INFO             PET2 !!!!!!!!!!!!!!!!!!!!!!!!!!!!!!!!!!!!!!!!!!!!!!!!!!!!!!
20211212 071936.682 INFO             PET2 Running with ESMF Version   : ESMF_8_3_0_beta_snapshot_04-8-g60a38ef462
20211212 071936.682 INFO             PET2 ESMF library build date/time: "Dec 12 2021" "06:13:20"
20211212 071936.682 INFO             PET2 ESMF library build location : /glade/scratch/rlong/esmf-testing/intel_18.0.5_openmpi_g_develop
20211212 071936.682 INFO             PET2 ESMF_COMM                   : openmpi
20211212 071936.682 INFO             PET2 ESMF_MOAB                   : enabled
20211212 071936.682 INFO             PET2 ESMF_LAPACK                 : enabled
20211212 071936.682 INFO             PET2 ESMF_NETCDF                 : enabled
20211212 071936.682 INFO             PET2 ESMF_PNETCDF                : disabled
20211212 071936.682 INFO             PET2 ESMF_PIO                    : enabled
20211212 071936.682 INFO             PET2 ESMF_YAMLCPP                : enabled
20211212 071936.684 INFO             PET2  NUMBER_OF_PROCESSORS           4
20211212 071936.684 INFO             PET2  PASS  Example ESMF_InfoGetFromHostEx, ESMF_InfoGetFromHostEx.F90, line 112
20211212 071936.684 INFO             PET2 Finalizing ESMF
20211212 071936.680 INFO             PET3 !!!!!!!!!!!!!!!!!!!!!!!!!!!!!!!!!!!!!!!!!!!!!!!!!!!!!!
20211212 071936.680 INFO             PET3 !!! THE ESMF_LOG IS SET TO OUTPUT ALL LOG MESSAGES !!!
20211212 071936.680 INFO             PET3 !!!     THIS MAY CAUSE SLOWDOWN IN PERFORMANCE     !!!
20211212 071936.680 INFO             PET3 !!! FOR PRODUCTION RUNS, USE:                      !!!
20211212 071936.680 INFO             PET3 !!!                   ESMF_LOGKIND_Multi_On_Error  !!!
20211212 071936.680 INFO             PET3 !!!!!!!!!!!!!!!!!!!!!!!!!!!!!!!!!!!!!!!!!!!!!!!!!!!!!!
20211212 071936.680 INFO             PET3 Running with ESMF Version   : ESMF_8_3_0_beta_snapshot_04-8-g60a38ef462
20211212 071936.680 INFO             PET3 ESMF library build date/time: "Dec 12 2021" "06:13:20"
20211212 071936.680 INFO             PET3 ESMF library build location : /glade/scratch/rlong/esmf-testing/intel_18.0.5_openmpi_g_develop
20211212 071936.680 INFO             PET3 ESMF_COMM                   : openmpi
20211212 071936.681 INFO             PET3 ESMF_MOAB                   : enabled
20211212 071936.681 INFO             PET3 ESMF_LAPACK                 : enabled
20211212 071936.681 INFO             PET3 ESMF_NETCDF                 : enabled
20211212 071936.681 INFO             PET3 ESMF_PNETCDF                : disabled
20211212 071936.681 INFO             PET3 ESMF_PIO                    : enabled
20211212 071936.681 INFO             PET3 ESMF_YAMLCPP                : enabled
20211212 071936.684 INFO             PET3  NUMBER_OF_PROCESSORS           4
20211212 071936.684 INFO             PET3  PASS  Example ESMF_InfoGetFromHostEx, ESMF_InfoGetFromHostEx.F90, line 112
20211212 071936.684 INFO             PET3 Finalizing ESMF
