build time -- 2021-11-23 04:11:45.063193
20211123 051152.547 INFO             PET0 !!!!!!!!!!!!!!!!!!!!!!!!!!!!!!!!!!!!!!!!!!!!!!!!!!!!!!
20211123 051152.547 INFO             PET0 !!! THE ESMF_LOG IS SET TO OUTPUT ALL LOG MESSAGES !!!
20211123 051152.547 INFO             PET0 !!!     THIS MAY CAUSE SLOWDOWN IN PERFORMANCE     !!!
20211123 051152.547 INFO             PET0 !!! FOR PRODUCTION RUNS, USE:                      !!!
20211123 051152.547 INFO             PET0 !!!                   ESMF_LOGKIND_Multi_On_Error  !!!
20211123 051152.547 INFO             PET0 !!!!!!!!!!!!!!!!!!!!!!!!!!!!!!!!!!!!!!!!!!!!!!!!!!!!!!
20211123 051152.547 INFO             PET0 Running with ESMF Version   : ESMF_8_3_0_beta_snapshot_03
20211123 051152.547 INFO             PET0 ESMF library build date/time: "Nov 23 2021" "04:05:19"
20211123 051152.547 INFO             PET0 ESMF library build location : /glade/scratch/mpotts/intel_18.0.5_openmpi_g_develop
20211123 051152.547 INFO             PET0 ESMF_COMM                   : openmpi
20211123 051152.547 INFO             PET0 ESMF_MOAB                   : enabled
20211123 051152.547 INFO             PET0 ESMF_LAPACK                 : enabled
20211123 051152.547 INFO             PET0 ESMF_NETCDF                 : enabled
20211123 051152.547 INFO             PET0 ESMF_PNETCDF                : disabled
20211123 051152.547 INFO             PET0 ESMF_PIO                    : enabled
20211123 051152.547 INFO             PET0 ESMF_YAMLCPP                : enabled
20211123 051152.547 INFO             PET0  NUMBER_OF_PROCESSORS           4
20211123 051152.547 INFO             PET0  PASS  Example ESMF_VMUserMpiCommMultiEx, ESMF_VMUserMpiCommMultiEx.F90, line 126
20211123 051152.547 INFO             PET0 Finalizing ESMF
20211123 051152.548 INFO             PET0 !!!!!!!!!!!!!!!!!!!!!!!!!!!!!!!!!!!!!!!!!!!!!!!!!!!!!!
20211123 051152.548 INFO             PET0 !!! THE ESMF_LOG IS SET TO OUTPUT ALL LOG MESSAGES !!!
20211123 051152.548 INFO             PET0 !!!     THIS MAY CAUSE SLOWDOWN IN PERFORMANCE     !!!
20211123 051152.548 INFO             PET0 !!! FOR PRODUCTION RUNS, USE:                      !!!
20211123 051152.548 INFO             PET0 !!!                   ESMF_LOGKIND_Multi_On_Error  !!!
20211123 051152.548 INFO             PET0 !!!!!!!!!!!!!!!!!!!!!!!!!!!!!!!!!!!!!!!!!!!!!!!!!!!!!!
20211123 051152.548 INFO             PET0 Running with ESMF Version   : ESMF_8_3_0_beta_snapshot_03
20211123 051152.548 INFO             PET0 ESMF library build date/time: "Nov 23 2021" "04:05:19"
20211123 051152.548 INFO             PET0 ESMF library build location : /glade/scratch/mpotts/intel_18.0.5_openmpi_g_develop
20211123 051152.548 INFO             PET0 ESMF_COMM                   : openmpi
20211123 051152.548 INFO             PET0 ESMF_MOAB                   : enabled
20211123 051152.548 INFO             PET0 ESMF_LAPACK                 : enabled
20211123 051152.548 INFO             PET0 ESMF_NETCDF                 : enabled
20211123 051152.548 INFO             PET0 ESMF_PNETCDF                : disabled
20211123 051152.548 INFO             PET0 ESMF_PIO                    : enabled
20211123 051152.548 INFO             PET0 ESMF_YAMLCPP                : enabled
20211123 051152.549 INFO             PET0  NUMBER_OF_PROCESSORS           4
20211123 051152.550 INFO             PET0  PASS  Example ESMF_VMUserMpiCommMultiEx, ESMF_VMUserMpiCommMultiEx.F90, line 154
20211123 051152.550 INFO             PET0 Finalizing ESMF
20211123 051152.545 INFO             PET1 !!!!!!!!!!!!!!!!!!!!!!!!!!!!!!!!!!!!!!!!!!!!!!!!!!!!!!
20211123 051152.545 INFO             PET1 !!! THE ESMF_LOG IS SET TO OUTPUT ALL LOG MESSAGES !!!
20211123 051152.545 INFO             PET1 !!!     THIS MAY CAUSE SLOWDOWN IN PERFORMANCE     !!!
20211123 051152.545 INFO             PET1 !!! FOR PRODUCTION RUNS, USE:                      !!!
20211123 051152.545 INFO             PET1 !!!                   ESMF_LOGKIND_Multi_On_Error  !!!
20211123 051152.545 INFO             PET1 !!!!!!!!!!!!!!!!!!!!!!!!!!!!!!!!!!!!!!!!!!!!!!!!!!!!!!
20211123 051152.545 INFO             PET1 Running with ESMF Version   : ESMF_8_3_0_beta_snapshot_03
20211123 051152.545 INFO             PET1 ESMF library build date/time: "Nov 23 2021" "04:05:19"
20211123 051152.545 INFO             PET1 ESMF library build location : /glade/scratch/mpotts/intel_18.0.5_openmpi_g_develop
20211123 051152.545 INFO             PET1 ESMF_COMM                   : openmpi
20211123 051152.546 INFO             PET1 ESMF_MOAB                   : enabled
20211123 051152.546 INFO             PET1 ESMF_LAPACK                 : enabled
20211123 051152.546 INFO             PET1 ESMF_NETCDF                 : enabled
20211123 051152.546 INFO             PET1 ESMF_PNETCDF                : disabled
20211123 051152.546 INFO             PET1 ESMF_PIO                    : enabled
20211123 051152.546 INFO             PET1 ESMF_YAMLCPP                : enabled
20211123 051152.547 INFO             PET1  NUMBER_OF_PROCESSORS           4
20211123 051152.547 INFO             PET1  PASS  Example ESMF_VMUserMpiCommMultiEx, ESMF_VMUserMpiCommMultiEx.F90, line 126
20211123 051152.547 INFO             PET1 Finalizing ESMF
20211123 051152.549 INFO             PET1 !!!!!!!!!!!!!!!!!!!!!!!!!!!!!!!!!!!!!!!!!!!!!!!!!!!!!!
20211123 051152.549 INFO             PET1 !!! THE ESMF_LOG IS SET TO OUTPUT ALL LOG MESSAGES !!!
20211123 051152.549 INFO             PET1 !!!     THIS MAY CAUSE SLOWDOWN IN PERFORMANCE     !!!
20211123 051152.549 INFO             PET1 !!! FOR PRODUCTION RUNS, USE:                      !!!
20211123 051152.549 INFO             PET1 !!!                   ESMF_LOGKIND_Multi_On_Error  !!!
20211123 051152.549 INFO             PET1 !!!!!!!!!!!!!!!!!!!!!!!!!!!!!!!!!!!!!!!!!!!!!!!!!!!!!!
20211123 051152.549 INFO             PET1 Running with ESMF Version   : ESMF_8_3_0_beta_snapshot_03
20211123 051152.549 INFO             PET1 ESMF library build date/time: "Nov 23 2021" "04:05:19"
20211123 051152.549 INFO             PET1 ESMF library build location : /glade/scratch/mpotts/intel_18.0.5_openmpi_g_develop
20211123 051152.549 INFO             PET1 ESMF_COMM                   : openmpi
20211123 051152.549 INFO             PET1 ESMF_MOAB                   : enabled
20211123 051152.549 INFO             PET1 ESMF_LAPACK                 : enabled
20211123 051152.549 INFO             PET1 ESMF_NETCDF                 : enabled
20211123 051152.549 INFO             PET1 ESMF_PNETCDF                : disabled
20211123 051152.549 INFO             PET1 ESMF_PIO                    : enabled
20211123 051152.549 INFO             PET1 ESMF_YAMLCPP                : enabled
20211123 051152.550 INFO             PET1  NUMBER_OF_PROCESSORS           4
20211123 051152.550 INFO             PET1  PASS  Example ESMF_VMUserMpiCommMultiEx, ESMF_VMUserMpiCommMultiEx.F90, line 154
20211123 051152.550 INFO             PET1 Finalizing ESMF
