build time -- 2021-12-13 06:19:39.855902
20211213 071619.988 INFO             PET0 !!!!!!!!!!!!!!!!!!!!!!!!!!!!!!!!!!!!!!!!!!!!!!!!!!!!!!
20211213 071619.988 INFO             PET0 !!! THE ESMF_LOG IS SET TO OUTPUT ALL LOG MESSAGES !!!
20211213 071619.988 INFO             PET0 !!!     THIS MAY CAUSE SLOWDOWN IN PERFORMANCE     !!!
20211213 071619.988 INFO             PET0 !!! FOR PRODUCTION RUNS, USE:                      !!!
20211213 071619.988 INFO             PET0 !!!                   ESMF_LOGKIND_Multi_On_Error  !!!
20211213 071619.988 INFO             PET0 !!!!!!!!!!!!!!!!!!!!!!!!!!!!!!!!!!!!!!!!!!!!!!!!!!!!!!
20211213 071619.988 INFO             PET0 Running with ESMF Version   : ESMF_8_3_0_beta_snapshot_04-8-g60a38ef462
20211213 071619.988 INFO             PET0 ESMF library build date/time: "Dec 13 2021" "06:13:23"
20211213 071619.988 INFO             PET0 ESMF library build location : /glade/scratch/rlong/esmf-testing/intel_18.0.5_openmpi_g_develop
20211213 071619.988 INFO             PET0 ESMF_COMM                   : openmpi
20211213 071619.989 INFO             PET0 ESMF_MOAB                   : enabled
20211213 071619.989 INFO             PET0 ESMF_LAPACK                 : enabled
20211213 071619.989 INFO             PET0 ESMF_NETCDF                 : enabled
20211213 071619.989 INFO             PET0 ESMF_PNETCDF                : disabled
20211213 071619.989 INFO             PET0 ESMF_PIO                    : enabled
20211213 071619.989 INFO             PET0 ESMF_YAMLCPP                : enabled
20211213 071619.989 INFO             PET0 Log Write 2
20211213 071619.989 ERROR            PET0 Invalid object  - Convergence failure
20211213 071619.989 ERROR            PET0 ESMCI_Fraction.C:1444 ESMCI::Fraction::validate() must have non-zero denominator.
20211213 071619.989 ERROR            PET0 ESMCI_Time.C:838 ESMCI::Time::syncToRealTime() Wrong argument specified  - ; calkindflag is JULIANDAY, MODJULIANDAY or NOCALENDAR.
20211213 071619.989 ERROR            PET0 ESMF_Time.F90:1485 ESMF_TimeSyncToRealTime() Wrong argument specified  - Internal subroutine call returned Error
20211213 071619.989 ERROR            PET0 Wrong argument specified  - getting wall clock time
20211213 071619.990 INFO             PET0  NUMBER_OF_PROCESSORS           4
20211213 071619.990 INFO             PET0  PASS  Example ESMF_LogErrEx, ESMF_LogErrEx.F90, line 186
20211213 071619.990 INFO             PET0 Finalizing ESMF
20211213 071619.987 INFO             PET1 !!!!!!!!!!!!!!!!!!!!!!!!!!!!!!!!!!!!!!!!!!!!!!!!!!!!!!
20211213 071619.988 INFO             PET1 !!! THE ESMF_LOG IS SET TO OUTPUT ALL LOG MESSAGES !!!
20211213 071619.988 INFO             PET1 !!!     THIS MAY CAUSE SLOWDOWN IN PERFORMANCE     !!!
20211213 071619.988 INFO             PET1 !!! FOR PRODUCTION RUNS, USE:                      !!!
20211213 071619.988 INFO             PET1 !!!                   ESMF_LOGKIND_Multi_On_Error  !!!
20211213 071619.988 INFO             PET1 !!!!!!!!!!!!!!!!!!!!!!!!!!!!!!!!!!!!!!!!!!!!!!!!!!!!!!
20211213 071619.988 INFO             PET1 Running with ESMF Version   : ESMF_8_3_0_beta_snapshot_04-8-g60a38ef462
20211213 071619.988 INFO             PET1 ESMF library build date/time: "Dec 13 2021" "06:13:23"
20211213 071619.988 INFO             PET1 ESMF library build location : /glade/scratch/rlong/esmf-testing/intel_18.0.5_openmpi_g_develop
20211213 071619.988 INFO             PET1 ESMF_COMM                   : openmpi
20211213 071619.988 INFO             PET1 ESMF_MOAB                   : enabled
20211213 071619.988 INFO             PET1 ESMF_LAPACK                 : enabled
20211213 071619.988 INFO             PET1 ESMF_NETCDF                 : enabled
20211213 071619.988 INFO             PET1 ESMF_PNETCDF                : disabled
20211213 071619.988 INFO             PET1 ESMF_PIO                    : enabled
20211213 071619.988 INFO             PET1 ESMF_YAMLCPP                : enabled
20211213 071619.989 INFO             PET1 Log Write 2
20211213 071619.989 ERROR            PET1 Invalid object  - Convergence failure
20211213 071619.989 ERROR            PET1 ESMCI_Fraction.C:1444 ESMCI::Fraction::validate() must have non-zero denominator.
20211213 071619.989 ERROR            PET1 ESMCI_Time.C:838 ESMCI::Time::syncToRealTime() Wrong argument specified  - ; calkindflag is JULIANDAY, MODJULIANDAY or NOCALENDAR.
20211213 071619.989 ERROR            PET1 ESMF_Time.F90:1485 ESMF_TimeSyncToRealTime() Wrong argument specified  - Internal subroutine call returned Error
20211213 071619.989 ERROR            PET1 Wrong argument specified  - getting wall clock time
20211213 071619.991 INFO             PET1  NUMBER_OF_PROCESSORS           4
20211213 071619.991 INFO             PET1  PASS  Example ESMF_LogErrEx, ESMF_LogErrEx.F90, line 186
20211213 071619.991 INFO             PET1 Finalizing ESMF
20211213 071619.989 INFO             PET2 !!!!!!!!!!!!!!!!!!!!!!!!!!!!!!!!!!!!!!!!!!!!!!!!!!!!!!
20211213 071619.989 INFO             PET2 !!! THE ESMF_LOG IS SET TO OUTPUT ALL LOG MESSAGES !!!
20211213 071619.989 INFO             PET2 !!!     THIS MAY CAUSE SLOWDOWN IN PERFORMANCE     !!!
20211213 071619.989 INFO             PET2 !!! FOR PRODUCTION RUNS, USE:                      !!!
20211213 071619.989 INFO             PET2 !!!                   ESMF_LOGKIND_Multi_On_Error  !!!
20211213 071619.989 INFO             PET2 !!!!!!!!!!!!!!!!!!!!!!!!!!!!!!!!!!!!!!!!!!!!!!!!!!!!!!
20211213 071619.989 INFO             PET2 Running with ESMF Version   : ESMF_8_3_0_beta_snapshot_04-8-g60a38ef462
20211213 071619.989 INFO             PET2 ESMF library build date/time: "Dec 13 2021" "06:13:23"
20211213 071619.989 INFO             PET2 ESMF library build location : /glade/scratch/rlong/esmf-testing/intel_18.0.5_openmpi_g_develop
20211213 071619.989 INFO             PET2 ESMF_COMM                   : openmpi
20211213 071619.989 INFO             PET2 ESMF_MOAB                   : enabled
20211213 071619.989 INFO             PET2 ESMF_LAPACK                 : enabled
20211213 071619.989 INFO             PET2 ESMF_NETCDF                 : enabled
20211213 071619.989 INFO             PET2 ESMF_PNETCDF                : disabled
20211213 071619.989 INFO             PET2 ESMF_PIO                    : enabled
20211213 071619.989 INFO             PET2 ESMF_YAMLCPP                : enabled
20211213 071619.989 INFO             PET2 Log Write 2
20211213 071619.989 ERROR            PET2 Invalid object  - Convergence failure
20211213 071619.989 ERROR            PET2 ESMCI_Fraction.C:1444 ESMCI::Fraction::validate() must have non-zero denominator.
20211213 071619.989 ERROR            PET2 ESMCI_Time.C:838 ESMCI::Time::syncToRealTime() Wrong argument specified  - ; calkindflag is JULIANDAY, MODJULIANDAY or NOCALENDAR.
20211213 071619.989 ERROR            PET2 ESMF_Time.F90:1485 ESMF_TimeSyncToRealTime() Wrong argument specified  - Internal subroutine call returned Error
20211213 071619.989 ERROR            PET2 Wrong argument specified  - getting wall clock time
20211213 071619.990 INFO             PET2  NUMBER_OF_PROCESSORS           4
20211213 071619.990 INFO             PET2  PASS  Example ESMF_LogErrEx, ESMF_LogErrEx.F90, line 186
20211213 071619.990 INFO             PET2 Finalizing ESMF
20211213 071619.988 INFO             PET3 !!!!!!!!!!!!!!!!!!!!!!!!!!!!!!!!!!!!!!!!!!!!!!!!!!!!!!
20211213 071619.988 INFO             PET3 !!! THE ESMF_LOG IS SET TO OUTPUT ALL LOG MESSAGES !!!
20211213 071619.988 INFO             PET3 !!!     THIS MAY CAUSE SLOWDOWN IN PERFORMANCE     !!!
20211213 071619.988 INFO             PET3 !!! FOR PRODUCTION RUNS, USE:                      !!!
20211213 071619.988 INFO             PET3 !!!                   ESMF_LOGKIND_Multi_On_Error  !!!
20211213 071619.988 INFO             PET3 !!!!!!!!!!!!!!!!!!!!!!!!!!!!!!!!!!!!!!!!!!!!!!!!!!!!!!
20211213 071619.988 INFO             PET3 Running with ESMF Version   : ESMF_8_3_0_beta_snapshot_04-8-g60a38ef462
20211213 071619.988 INFO             PET3 ESMF library build date/time: "Dec 13 2021" "06:13:23"
20211213 071619.988 INFO             PET3 ESMF library build location : /glade/scratch/rlong/esmf-testing/intel_18.0.5_openmpi_g_develop
20211213 071619.988 INFO             PET3 ESMF_COMM                   : openmpi
20211213 071619.988 INFO             PET3 ESMF_MOAB                   : enabled
20211213 071619.988 INFO             PET3 ESMF_LAPACK                 : enabled
20211213 071619.988 INFO             PET3 ESMF_NETCDF                 : enabled
20211213 071619.988 INFO             PET3 ESMF_PNETCDF                : disabled
20211213 071619.988 INFO             PET3 ESMF_PIO                    : enabled
20211213 071619.988 INFO             PET3 ESMF_YAMLCPP                : enabled
20211213 071619.989 INFO             PET3 Log Write 2
20211213 071619.989 ERROR            PET3 Invalid object  - Convergence failure
20211213 071619.989 ERROR            PET3 ESMCI_Fraction.C:1444 ESMCI::Fraction::validate() must have non-zero denominator.
20211213 071619.989 ERROR            PET3 ESMCI_Time.C:838 ESMCI::Time::syncToRealTime() Wrong argument specified  - ; calkindflag is JULIANDAY, MODJULIANDAY or NOCALENDAR.
20211213 071619.989 ERROR            PET3 ESMF_Time.F90:1485 ESMF_TimeSyncToRealTime() Wrong argument specified  - Internal subroutine call returned Error
20211213 071619.989 ERROR            PET3 Wrong argument specified  - getting wall clock time
20211213 071619.991 INFO             PET3  NUMBER_OF_PROCESSORS           4
20211213 071619.991 INFO             PET3  PASS  Example ESMF_LogErrEx, ESMF_LogErrEx.F90, line 186
20211213 071619.991 INFO             PET3 Finalizing ESMF
