build time -- 2021-11-16 01:13:37.777177
20211116 013835.824 INFO             PET0 !!!!!!!!!!!!!!!!!!!!!!!!!!!!!!!!!!!!!!!!!!!!!!!!!!!!!!
20211116 013835.824 INFO             PET0 !!! THE ESMF_LOG IS SET TO OUTPUT ALL LOG MESSAGES !!!
20211116 013835.824 INFO             PET0 !!!     THIS MAY CAUSE SLOWDOWN IN PERFORMANCE     !!!
20211116 013835.824 INFO             PET0 !!! FOR PRODUCTION RUNS, USE:                      !!!
20211116 013835.824 INFO             PET0 !!!                   ESMF_LOGKIND_Multi_On_Error  !!!
20211116 013835.824 INFO             PET0 !!!!!!!!!!!!!!!!!!!!!!!!!!!!!!!!!!!!!!!!!!!!!!!!!!!!!!
20211116 013835.824 INFO             PET0 Running with ESMF Version   : ESMF_8_3_0_beta_snapshot_02-9-g35b0f617ee
20211116 013835.824 INFO             PET0 ESMF library build date/time: "Nov 16 2021" "01:12:06"
20211116 013835.824 INFO             PET0 ESMF library build location : /gpfsm/dnb04/projects/p98/mpotts/esmf/gfortran_10.1.0_intelmpi_g_develop
20211116 013835.824 INFO             PET0 ESMF_COMM                   : intelmpi
20211116 013835.824 INFO             PET0 ESMF_MOAB                   : enabled
20211116 013835.824 INFO             PET0 ESMF_LAPACK                 : enabled
20211116 013835.824 INFO             PET0 ESMF_NETCDF                 : disabled
20211116 013835.824 INFO             PET0 ESMF_PNETCDF                : disabled
20211116 013835.824 INFO             PET0 ESMF_PIO                    : enabled
20211116 013835.824 INFO             PET0 ESMF_YAMLCPP                : enabled
20211116 013835.845 INFO             PET0  NUMBER_OF_PROCESSORS           1
20211116 013835.845 INFO             PET0  PASS  Example ESMF_TimeEx, ESMF_TimeEx.F90, line 141
20211116 013835.845 INFO             PET0 Finalizing ESMF
