build time -- 2021-11-26 06:02:01
20211126 062930.876 INFO             PET0 !!!!!!!!!!!!!!!!!!!!!!!!!!!!!!!!!!!!!!!!!!!!!!!!!!!!!!
20211126 062930.876 INFO             PET0 !!! THE ESMF_LOG IS SET TO OUTPUT ALL LOG MESSAGES !!!
20211126 062930.876 INFO             PET0 !!!     THIS MAY CAUSE SLOWDOWN IN PERFORMANCE     !!!
20211126 062930.876 INFO             PET0 !!! FOR PRODUCTION RUNS, USE:                      !!!
20211126 062930.876 INFO             PET0 !!!                   ESMF_LOGKIND_Multi_On_Error  !!!
20211126 062930.876 INFO             PET0 !!!!!!!!!!!!!!!!!!!!!!!!!!!!!!!!!!!!!!!!!!!!!!!!!!!!!!
20211126 062930.876 INFO             PET0 Running with ESMF Version   : ESMF_8_3_0_beta_snapshot_03
20211126 062930.876 INFO             PET0 ESMF library build date/time: "Nov 26 2021" "05:59:58"
20211126 062930.876 INFO             PET0 ESMF library build location : /scratch1/NCEPDEV/stmp2/Mark.Potts/intel_18.0.4_intelmpi_O_develop
20211126 062930.876 INFO             PET0 ESMF_COMM                   : intelmpi
20211126 062930.877 INFO             PET0 ESMF_MOAB                   : enabled
20211126 062930.877 INFO             PET0 ESMF_LAPACK                 : enabled
20211126 062930.877 INFO             PET0 ESMF_NETCDF                 : enabled
20211126 062930.877 INFO             PET0 ESMF_PNETCDF                : disabled
20211126 062930.877 INFO             PET0 ESMF_PIO                    : enabled
20211126 062930.877 INFO             PET0 ESMF_YAMLCPP                : enabled
20211126 062930.878 ERROR            PET0 ESMCI_Info.C:1277 Info::set(<json>) Cannot set value  - Error/Return Code 540 (ESMC_RC_CANNOT_SET) - Key '/myIntegerKey' already in map and force=false.
20211126 062930.878 ERROR            PET0 ESMCI_Info.C:1280 Info::set(<json>) Cannot set value  - Internal subroutine call returned Error
20211126 062930.878 ERROR            PET0 ESMCI_Info.C:1322 Info::set(<json>) Cannot set value  - Internal subroutine call returned Error
20211126 062930.878 ERROR            PET0 ESMCI_Info.C:1325 Info::set(<json>) Cannot set value  - Internal subroutine call returned Error
20211126 062930.878 ERROR            PET0 ESMCI_Info.C:1373 Info::set(<scalar>) Cannot set value  - Internal subroutine call returned Error
20211126 062930.878 ERROR            PET0 ESMC_InfoCDefGeneric.C:387 ESMC_InfoSetI4() Cannot set value  - Internal subroutine call returned Error
20211126 062930.878 ERROR            PET0 ESMF_Info.F90:2866 ESMF_InfoSetI4() Cannot set value  - Internal subroutine call returned Error
20211126 062930.878 INFO             PET0  NUMBER_OF_PROCESSORS           4
20211126 062930.878 INFO             PET0  PASS  Example ESMF_InfoTutorialEx, ESMF_InfoTutorialEx.F90, line 335
20211126 062930.878 INFO             PET0 Finalizing ESMF
20211126 062930.875 INFO             PET1 !!!!!!!!!!!!!!!!!!!!!!!!!!!!!!!!!!!!!!!!!!!!!!!!!!!!!!
20211126 062930.876 INFO             PET1 !!! THE ESMF_LOG IS SET TO OUTPUT ALL LOG MESSAGES !!!
20211126 062930.876 INFO             PET1 !!!     THIS MAY CAUSE SLOWDOWN IN PERFORMANCE     !!!
20211126 062930.876 INFO             PET1 !!! FOR PRODUCTION RUNS, USE:                      !!!
20211126 062930.876 INFO             PET1 !!!                   ESMF_LOGKIND_Multi_On_Error  !!!
20211126 062930.876 INFO             PET1 !!!!!!!!!!!!!!!!!!!!!!!!!!!!!!!!!!!!!!!!!!!!!!!!!!!!!!
20211126 062930.876 INFO             PET1 Running with ESMF Version   : ESMF_8_3_0_beta_snapshot_03
20211126 062930.876 INFO             PET1 ESMF library build date/time: "Nov 26 2021" "05:59:58"
20211126 062930.876 INFO             PET1 ESMF library build location : /scratch1/NCEPDEV/stmp2/Mark.Potts/intel_18.0.4_intelmpi_O_develop
20211126 062930.876 INFO             PET1 ESMF_COMM                   : intelmpi
20211126 062930.876 INFO             PET1 ESMF_MOAB                   : enabled
20211126 062930.876 INFO             PET1 ESMF_LAPACK                 : enabled
20211126 062930.876 INFO             PET1 ESMF_NETCDF                 : enabled
20211126 062930.876 INFO             PET1 ESMF_PNETCDF                : disabled
20211126 062930.876 INFO             PET1 ESMF_PIO                    : enabled
20211126 062930.876 INFO             PET1 ESMF_YAMLCPP                : enabled
20211126 062930.878 ERROR            PET1 ESMCI_Info.C:1277 Info::set(<json>) Cannot set value  - Error/Return Code 540 (ESMC_RC_CANNOT_SET) - Key '/myIntegerKey' already in map and force=false.
20211126 062930.878 ERROR            PET1 ESMCI_Info.C:1280 Info::set(<json>) Cannot set value  - Internal subroutine call returned Error
20211126 062930.878 ERROR            PET1 ESMCI_Info.C:1322 Info::set(<json>) Cannot set value  - Internal subroutine call returned Error
20211126 062930.878 ERROR            PET1 ESMCI_Info.C:1325 Info::set(<json>) Cannot set value  - Internal subroutine call returned Error
20211126 062930.878 ERROR            PET1 ESMCI_Info.C:1373 Info::set(<scalar>) Cannot set value  - Internal subroutine call returned Error
20211126 062930.878 ERROR            PET1 ESMC_InfoCDefGeneric.C:387 ESMC_InfoSetI4() Cannot set value  - Internal subroutine call returned Error
20211126 062930.878 ERROR            PET1 ESMF_Info.F90:2866 ESMF_InfoSetI4() Cannot set value  - Internal subroutine call returned Error
20211126 062930.878 INFO             PET1  NUMBER_OF_PROCESSORS           4
20211126 062930.878 INFO             PET1  PASS  Example ESMF_InfoTutorialEx, ESMF_InfoTutorialEx.F90, line 335
20211126 062930.878 INFO             PET1 Finalizing ESMF
20211126 062930.876 INFO             PET2 !!!!!!!!!!!!!!!!!!!!!!!!!!!!!!!!!!!!!!!!!!!!!!!!!!!!!!
20211126 062930.876 INFO             PET2 !!! THE ESMF_LOG IS SET TO OUTPUT ALL LOG MESSAGES !!!
20211126 062930.876 INFO             PET2 !!!     THIS MAY CAUSE SLOWDOWN IN PERFORMANCE     !!!
20211126 062930.876 INFO             PET2 !!! FOR PRODUCTION RUNS, USE:                      !!!
20211126 062930.876 INFO             PET2 !!!                   ESMF_LOGKIND_Multi_On_Error  !!!
20211126 062930.876 INFO             PET2 !!!!!!!!!!!!!!!!!!!!!!!!!!!!!!!!!!!!!!!!!!!!!!!!!!!!!!
20211126 062930.876 INFO             PET2 Running with ESMF Version   : ESMF_8_3_0_beta_snapshot_03
20211126 062930.876 INFO             PET2 ESMF library build date/time: "Nov 26 2021" "05:59:58"
20211126 062930.876 INFO             PET2 ESMF library build location : /scratch1/NCEPDEV/stmp2/Mark.Potts/intel_18.0.4_intelmpi_O_develop
20211126 062930.876 INFO             PET2 ESMF_COMM                   : intelmpi
20211126 062930.877 INFO             PET2 ESMF_MOAB                   : enabled
20211126 062930.877 INFO             PET2 ESMF_LAPACK                 : enabled
20211126 062930.877 INFO             PET2 ESMF_NETCDF                 : enabled
20211126 062930.877 INFO             PET2 ESMF_PNETCDF                : disabled
20211126 062930.877 INFO             PET2 ESMF_PIO                    : enabled
20211126 062930.877 INFO             PET2 ESMF_YAMLCPP                : enabled
20211126 062930.878 ERROR            PET2 ESMCI_Info.C:1277 Info::set(<json>) Cannot set value  - Error/Return Code 540 (ESMC_RC_CANNOT_SET) - Key '/myIntegerKey' already in map and force=false.
20211126 062930.878 ERROR            PET2 ESMCI_Info.C:1280 Info::set(<json>) Cannot set value  - Internal subroutine call returned Error
20211126 062930.878 ERROR            PET2 ESMCI_Info.C:1322 Info::set(<json>) Cannot set value  - Internal subroutine call returned Error
20211126 062930.878 ERROR            PET2 ESMCI_Info.C:1325 Info::set(<json>) Cannot set value  - Internal subroutine call returned Error
20211126 062930.878 ERROR            PET2 ESMCI_Info.C:1373 Info::set(<scalar>) Cannot set value  - Internal subroutine call returned Error
20211126 062930.878 ERROR            PET2 ESMC_InfoCDefGeneric.C:387 ESMC_InfoSetI4() Cannot set value  - Internal subroutine call returned Error
20211126 062930.878 ERROR            PET2 ESMF_Info.F90:2866 ESMF_InfoSetI4() Cannot set value  - Internal subroutine call returned Error
20211126 062930.878 INFO             PET2  NUMBER_OF_PROCESSORS           4
20211126 062930.878 INFO             PET2  PASS  Example ESMF_InfoTutorialEx, ESMF_InfoTutorialEx.F90, line 335
20211126 062930.878 INFO             PET2 Finalizing ESMF
20211126 062930.875 INFO             PET3 !!!!!!!!!!!!!!!!!!!!!!!!!!!!!!!!!!!!!!!!!!!!!!!!!!!!!!
20211126 062930.875 INFO             PET3 !!! THE ESMF_LOG IS SET TO OUTPUT ALL LOG MESSAGES !!!
20211126 062930.875 INFO             PET3 !!!     THIS MAY CAUSE SLOWDOWN IN PERFORMANCE     !!!
20211126 062930.875 INFO             PET3 !!! FOR PRODUCTION RUNS, USE:                      !!!
20211126 062930.875 INFO             PET3 !!!                   ESMF_LOGKIND_Multi_On_Error  !!!
20211126 062930.875 INFO             PET3 !!!!!!!!!!!!!!!!!!!!!!!!!!!!!!!!!!!!!!!!!!!!!!!!!!!!!!
20211126 062930.875 INFO             PET3 Running with ESMF Version   : ESMF_8_3_0_beta_snapshot_03
20211126 062930.875 INFO             PET3 ESMF library build date/time: "Nov 26 2021" "05:59:58"
20211126 062930.875 INFO             PET3 ESMF library build location : /scratch1/NCEPDEV/stmp2/Mark.Potts/intel_18.0.4_intelmpi_O_develop
20211126 062930.875 INFO             PET3 ESMF_COMM                   : intelmpi
20211126 062930.876 INFO             PET3 ESMF_MOAB                   : enabled
20211126 062930.876 INFO             PET3 ESMF_LAPACK                 : enabled
20211126 062930.876 INFO             PET3 ESMF_NETCDF                 : enabled
20211126 062930.876 INFO             PET3 ESMF_PNETCDF                : disabled
20211126 062930.876 INFO             PET3 ESMF_PIO                    : enabled
20211126 062930.876 INFO             PET3 ESMF_YAMLCPP                : enabled
20211126 062930.878 ERROR            PET3 ESMCI_Info.C:1277 Info::set(<json>) Cannot set value  - Error/Return Code 540 (ESMC_RC_CANNOT_SET) - Key '/myIntegerKey' already in map and force=false.
20211126 062930.878 ERROR            PET3 ESMCI_Info.C:1280 Info::set(<json>) Cannot set value  - Internal subroutine call returned Error
20211126 062930.878 ERROR            PET3 ESMCI_Info.C:1322 Info::set(<json>) Cannot set value  - Internal subroutine call returned Error
20211126 062930.878 ERROR            PET3 ESMCI_Info.C:1325 Info::set(<json>) Cannot set value  - Internal subroutine call returned Error
20211126 062930.878 ERROR            PET3 ESMCI_Info.C:1373 Info::set(<scalar>) Cannot set value  - Internal subroutine call returned Error
20211126 062930.878 ERROR            PET3 ESMC_InfoCDefGeneric.C:387 ESMC_InfoSetI4() Cannot set value  - Internal subroutine call returned Error
20211126 062930.878 ERROR            PET3 ESMF_Info.F90:2866 ESMF_InfoSetI4() Cannot set value  - Internal subroutine call returned Error
20211126 062930.878 INFO             PET3  NUMBER_OF_PROCESSORS           4
20211126 062930.878 INFO             PET3  PASS  Example ESMF_InfoTutorialEx, ESMF_InfoTutorialEx.F90, line 335
20211126 062930.878 INFO             PET3 Finalizing ESMF
