build time -- 2021-10-17 02:33:17
20211017 051706.977 INFO             PET0 !!!!!!!!!!!!!!!!!!!!!!!!!!!!!!!!!!!!!!!!!!!!!!!!!!!!!!
20211017 051706.977 INFO             PET0 !!! THE ESMF_LOG IS SET TO OUTPUT ALL LOG MESSAGES !!!
20211017 051706.977 INFO             PET0 !!!     THIS MAY CAUSE SLOWDOWN IN PERFORMANCE     !!!
20211017 051706.977 INFO             PET0 !!! FOR PRODUCTION RUNS, USE:                      !!!
20211017 051706.977 INFO             PET0 !!!                   ESMF_LOGKIND_Multi_On_Error  !!!
20211017 051706.977 INFO             PET0 !!!!!!!!!!!!!!!!!!!!!!!!!!!!!!!!!!!!!!!!!!!!!!!!!!!!!!
20211017 051706.977 INFO             PET0 Running with ESMF Version   : ESMF_8_2_0_beta_snapshot_22-10-g6974ca4
20211017 051706.977 INFO             PET0 ESMF library build date/time: "Oct 17 2021" "02:31:14"
20211017 051706.977 INFO             PET0 ESMF library build location : /work/noaa/da/mpotts/sandbox/intel_2020_intelmpi_O_release_8.2.0
20211017 051706.977 INFO             PET0 ESMF_COMM                   : intelmpi
20211017 051706.978 INFO             PET0 ESMF_MOAB                   : enabled
20211017 051706.978 INFO             PET0 ESMF_LAPACK                 : enabled
20211017 051706.978 INFO             PET0 ESMF_NETCDF                 : enabled
20211017 051706.978 INFO             PET0 ESMF_PNETCDF                : disabled
20211017 051706.978 INFO             PET0 ESMF_PIO                    : enabled
20211017 051706.978 INFO             PET0 ESMF_YAMLCPP                : enabled
20211017 051708.003 INFO             PET0  NUMBER_OF_PROCESSORS           4
20211017 051708.003 INFO             PET0  PASS  Example ESMF_AppMainEx, ESMF_AppMainEx.F90, line 486
20211017 051708.003 INFO             PET0 Finalizing ESMF
20211017 051706.981 INFO             PET1 !!!!!!!!!!!!!!!!!!!!!!!!!!!!!!!!!!!!!!!!!!!!!!!!!!!!!!
20211017 051706.981 INFO             PET1 !!! THE ESMF_LOG IS SET TO OUTPUT ALL LOG MESSAGES !!!
20211017 051706.981 INFO             PET1 !!!     THIS MAY CAUSE SLOWDOWN IN PERFORMANCE     !!!
20211017 051706.981 INFO             PET1 !!! FOR PRODUCTION RUNS, USE:                      !!!
20211017 051706.981 INFO             PET1 !!!                   ESMF_LOGKIND_Multi_On_Error  !!!
20211017 051706.981 INFO             PET1 !!!!!!!!!!!!!!!!!!!!!!!!!!!!!!!!!!!!!!!!!!!!!!!!!!!!!!
20211017 051706.981 INFO             PET1 Running with ESMF Version   : ESMF_8_2_0_beta_snapshot_22-10-g6974ca4
20211017 051706.981 INFO             PET1 ESMF library build date/time: "Oct 17 2021" "02:31:14"
20211017 051706.981 INFO             PET1 ESMF library build location : /work/noaa/da/mpotts/sandbox/intel_2020_intelmpi_O_release_8.2.0
20211017 051706.981 INFO             PET1 ESMF_COMM                   : intelmpi
20211017 051706.983 INFO             PET1 ESMF_MOAB                   : enabled
20211017 051706.983 INFO             PET1 ESMF_LAPACK                 : enabled
20211017 051706.983 INFO             PET1 ESMF_NETCDF                 : enabled
20211017 051706.983 INFO             PET1 ESMF_PNETCDF                : disabled
20211017 051706.983 INFO             PET1 ESMF_PIO                    : enabled
20211017 051706.983 INFO             PET1 ESMF_YAMLCPP                : enabled
20211017 051708.003 INFO             PET1  NUMBER_OF_PROCESSORS           4
20211017 051708.003 INFO             PET1  PASS  Example ESMF_AppMainEx, ESMF_AppMainEx.F90, line 486
20211017 051708.003 INFO             PET1 Finalizing ESMF
20211017 051706.990 INFO             PET2 !!!!!!!!!!!!!!!!!!!!!!!!!!!!!!!!!!!!!!!!!!!!!!!!!!!!!!
20211017 051706.991 INFO             PET2 !!! THE ESMF_LOG IS SET TO OUTPUT ALL LOG MESSAGES !!!
20211017 051706.991 INFO             PET2 !!!     THIS MAY CAUSE SLOWDOWN IN PERFORMANCE     !!!
20211017 051706.991 INFO             PET2 !!! FOR PRODUCTION RUNS, USE:                      !!!
20211017 051706.991 INFO             PET2 !!!                   ESMF_LOGKIND_Multi_On_Error  !!!
20211017 051706.991 INFO             PET2 !!!!!!!!!!!!!!!!!!!!!!!!!!!!!!!!!!!!!!!!!!!!!!!!!!!!!!
20211017 051706.991 INFO             PET2 Running with ESMF Version   : ESMF_8_2_0_beta_snapshot_22-10-g6974ca4
20211017 051706.991 INFO             PET2 ESMF library build date/time: "Oct 17 2021" "02:31:14"
20211017 051706.991 INFO             PET2 ESMF library build location : /work/noaa/da/mpotts/sandbox/intel_2020_intelmpi_O_release_8.2.0
20211017 051706.991 INFO             PET2 ESMF_COMM                   : intelmpi
20211017 051706.992 INFO             PET2 ESMF_MOAB                   : enabled
20211017 051706.992 INFO             PET2 ESMF_LAPACK                 : enabled
20211017 051706.992 INFO             PET2 ESMF_NETCDF                 : enabled
20211017 051706.992 INFO             PET2 ESMF_PNETCDF                : disabled
20211017 051706.992 INFO             PET2 ESMF_PIO                    : enabled
20211017 051706.992 INFO             PET2 ESMF_YAMLCPP                : enabled
20211017 051708.016 INFO             PET2  NUMBER_OF_PROCESSORS           4
20211017 051708.016 INFO             PET2  PASS  Example ESMF_AppMainEx, ESMF_AppMainEx.F90, line 486
20211017 051708.016 INFO             PET2 Finalizing ESMF
20211017 051706.982 INFO             PET3 !!!!!!!!!!!!!!!!!!!!!!!!!!!!!!!!!!!!!!!!!!!!!!!!!!!!!!
20211017 051706.982 INFO             PET3 !!! THE ESMF_LOG IS SET TO OUTPUT ALL LOG MESSAGES !!!
20211017 051706.982 INFO             PET3 !!!     THIS MAY CAUSE SLOWDOWN IN PERFORMANCE     !!!
20211017 051706.982 INFO             PET3 !!! FOR PRODUCTION RUNS, USE:                      !!!
20211017 051706.982 INFO             PET3 !!!                   ESMF_LOGKIND_Multi_On_Error  !!!
20211017 051706.982 INFO             PET3 !!!!!!!!!!!!!!!!!!!!!!!!!!!!!!!!!!!!!!!!!!!!!!!!!!!!!!
20211017 051706.982 INFO             PET3 Running with ESMF Version   : ESMF_8_2_0_beta_snapshot_22-10-g6974ca4
20211017 051706.982 INFO             PET3 ESMF library build date/time: "Oct 17 2021" "02:31:14"
20211017 051706.982 INFO             PET3 ESMF library build location : /work/noaa/da/mpotts/sandbox/intel_2020_intelmpi_O_release_8.2.0
20211017 051706.982 INFO             PET3 ESMF_COMM                   : intelmpi
20211017 051706.996 INFO             PET3 ESMF_MOAB                   : enabled
20211017 051706.996 INFO             PET3 ESMF_LAPACK                 : enabled
20211017 051706.996 INFO             PET3 ESMF_NETCDF                 : enabled
20211017 051706.996 INFO             PET3 ESMF_PNETCDF                : disabled
20211017 051706.996 INFO             PET3 ESMF_PIO                    : enabled
20211017 051706.996 INFO             PET3 ESMF_YAMLCPP                : enabled
20211017 051708.017 INFO             PET3  NUMBER_OF_PROCESSORS           4
20211017 051708.017 INFO             PET3  PASS  Example ESMF_AppMainEx, ESMF_AppMainEx.F90, line 486
20211017 051708.017 INFO             PET3 Finalizing ESMF
