build time -- 2021-10-10 02:32:53
20211010 051401.796 INFO             PET0 !!!!!!!!!!!!!!!!!!!!!!!!!!!!!!!!!!!!!!!!!!!!!!!!!!!!!!
20211010 051401.796 INFO             PET0 !!! THE ESMF_LOG IS SET TO OUTPUT ALL LOG MESSAGES !!!
20211010 051401.796 INFO             PET0 !!!     THIS MAY CAUSE SLOWDOWN IN PERFORMANCE     !!!
20211010 051401.796 INFO             PET0 !!! FOR PRODUCTION RUNS, USE:                      !!!
20211010 051401.796 INFO             PET0 !!!                   ESMF_LOGKIND_Multi_On_Error  !!!
20211010 051401.796 INFO             PET0 !!!!!!!!!!!!!!!!!!!!!!!!!!!!!!!!!!!!!!!!!!!!!!!!!!!!!!
20211010 051401.796 INFO             PET0 Running with ESMF Version   : ESMF_8_2_0_beta_snapshot_21-1-g86aff4e
20211010 051401.796 INFO             PET0 ESMF library build date/time: "Oct 10 2021" "02:30:56"
20211010 051401.796 INFO             PET0 ESMF library build location : /work/noaa/da/mpotts/sandbox/intel_2020_intelmpi_O_release_8.2.0
20211010 051401.796 INFO             PET0 ESMF_COMM                   : intelmpi
20211010 051401.798 INFO             PET0 ESMF_MOAB                   : enabled
20211010 051401.798 INFO             PET0 ESMF_LAPACK                 : enabled
20211010 051401.798 INFO             PET0 ESMF_NETCDF                 : enabled
20211010 051401.798 INFO             PET0 ESMF_PNETCDF                : disabled
20211010 051401.798 INFO             PET0 ESMF_PIO                    : enabled
20211010 051401.798 INFO             PET0 ESMF_YAMLCPP                : enabled
20211010 051505.384 INFO             PET0  NUMBER_OF_PROCESSORS           4
20211010 051505.384 INFO             PET0  PASS  Example ESMF_XGridEx, ESMF_XGridEx.F90, line 525
20211010 051505.384 INFO             PET0 Finalizing ESMF
20211010 051401.797 INFO             PET1 !!!!!!!!!!!!!!!!!!!!!!!!!!!!!!!!!!!!!!!!!!!!!!!!!!!!!!
20211010 051401.798 INFO             PET1 !!! THE ESMF_LOG IS SET TO OUTPUT ALL LOG MESSAGES !!!
20211010 051401.798 INFO             PET1 !!!     THIS MAY CAUSE SLOWDOWN IN PERFORMANCE     !!!
20211010 051401.798 INFO             PET1 !!! FOR PRODUCTION RUNS, USE:                      !!!
20211010 051401.798 INFO             PET1 !!!                   ESMF_LOGKIND_Multi_On_Error  !!!
20211010 051401.798 INFO             PET1 !!!!!!!!!!!!!!!!!!!!!!!!!!!!!!!!!!!!!!!!!!!!!!!!!!!!!!
20211010 051401.798 INFO             PET1 Running with ESMF Version   : ESMF_8_2_0_beta_snapshot_21-1-g86aff4e
20211010 051401.798 INFO             PET1 ESMF library build date/time: "Oct 10 2021" "02:30:56"
20211010 051401.798 INFO             PET1 ESMF library build location : /work/noaa/da/mpotts/sandbox/intel_2020_intelmpi_O_release_8.2.0
20211010 051401.798 INFO             PET1 ESMF_COMM                   : intelmpi
20211010 051401.799 INFO             PET1 ESMF_MOAB                   : enabled
20211010 051401.799 INFO             PET1 ESMF_LAPACK                 : enabled
20211010 051401.799 INFO             PET1 ESMF_NETCDF                 : enabled
20211010 051401.799 INFO             PET1 ESMF_PNETCDF                : disabled
20211010 051401.799 INFO             PET1 ESMF_PIO                    : enabled
20211010 051401.799 INFO             PET1 ESMF_YAMLCPP                : enabled
20211010 051505.371 INFO             PET1  NUMBER_OF_PROCESSORS           4
20211010 051505.372 INFO             PET1  PASS  Example ESMF_XGridEx, ESMF_XGridEx.F90, line 525
20211010 051505.372 INFO             PET1 Finalizing ESMF
20211010 051401.798 INFO             PET2 !!!!!!!!!!!!!!!!!!!!!!!!!!!!!!!!!!!!!!!!!!!!!!!!!!!!!!
20211010 051401.798 INFO             PET2 !!! THE ESMF_LOG IS SET TO OUTPUT ALL LOG MESSAGES !!!
20211010 051401.798 INFO             PET2 !!!     THIS MAY CAUSE SLOWDOWN IN PERFORMANCE     !!!
20211010 051401.798 INFO             PET2 !!! FOR PRODUCTION RUNS, USE:                      !!!
20211010 051401.798 INFO             PET2 !!!                   ESMF_LOGKIND_Multi_On_Error  !!!
20211010 051401.798 INFO             PET2 !!!!!!!!!!!!!!!!!!!!!!!!!!!!!!!!!!!!!!!!!!!!!!!!!!!!!!
20211010 051401.798 INFO             PET2 Running with ESMF Version   : ESMF_8_2_0_beta_snapshot_21-1-g86aff4e
20211010 051401.798 INFO             PET2 ESMF library build date/time: "Oct 10 2021" "02:30:56"
20211010 051401.798 INFO             PET2 ESMF library build location : /work/noaa/da/mpotts/sandbox/intel_2020_intelmpi_O_release_8.2.0
20211010 051401.798 INFO             PET2 ESMF_COMM                   : intelmpi
20211010 051401.812 INFO             PET2 ESMF_MOAB                   : enabled
20211010 051401.812 INFO             PET2 ESMF_LAPACK                 : enabled
20211010 051401.812 INFO             PET2 ESMF_NETCDF                 : enabled
20211010 051401.812 INFO             PET2 ESMF_PNETCDF                : disabled
20211010 051401.812 INFO             PET2 ESMF_PIO                    : enabled
20211010 051401.812 INFO             PET2 ESMF_YAMLCPP                : enabled
20211010 051505.407 INFO             PET2  NUMBER_OF_PROCESSORS           4
20211010 051505.407 INFO             PET2  PASS  Example ESMF_XGridEx, ESMF_XGridEx.F90, line 525
20211010 051505.407 INFO             PET2 Finalizing ESMF
20211010 051401.812 INFO             PET3 !!!!!!!!!!!!!!!!!!!!!!!!!!!!!!!!!!!!!!!!!!!!!!!!!!!!!!
20211010 051401.812 INFO             PET3 !!! THE ESMF_LOG IS SET TO OUTPUT ALL LOG MESSAGES !!!
20211010 051401.812 INFO             PET3 !!!     THIS MAY CAUSE SLOWDOWN IN PERFORMANCE     !!!
20211010 051401.812 INFO             PET3 !!! FOR PRODUCTION RUNS, USE:                      !!!
20211010 051401.812 INFO             PET3 !!!                   ESMF_LOGKIND_Multi_On_Error  !!!
20211010 051401.812 INFO             PET3 !!!!!!!!!!!!!!!!!!!!!!!!!!!!!!!!!!!!!!!!!!!!!!!!!!!!!!
20211010 051401.812 INFO             PET3 Running with ESMF Version   : ESMF_8_2_0_beta_snapshot_21-1-g86aff4e
20211010 051401.812 INFO             PET3 ESMF library build date/time: "Oct 10 2021" "02:30:56"
20211010 051401.812 INFO             PET3 ESMF library build location : /work/noaa/da/mpotts/sandbox/intel_2020_intelmpi_O_release_8.2.0
20211010 051401.812 INFO             PET3 ESMF_COMM                   : intelmpi
20211010 051401.813 INFO             PET3 ESMF_MOAB                   : enabled
20211010 051401.813 INFO             PET3 ESMF_LAPACK                 : enabled
20211010 051401.813 INFO             PET3 ESMF_NETCDF                 : enabled
20211010 051401.813 INFO             PET3 ESMF_PNETCDF                : disabled
20211010 051401.813 INFO             PET3 ESMF_PIO                    : enabled
20211010 051401.813 INFO             PET3 ESMF_YAMLCPP                : enabled
20211010 051505.393 INFO             PET3  NUMBER_OF_PROCESSORS           4
20211010 051505.393 INFO             PET3  PASS  Example ESMF_XGridEx, ESMF_XGridEx.F90, line 525
20211010 051505.393 INFO             PET3 Finalizing ESMF
