build time -- 2021-10-13 02:38:33
20211013 052327.194 INFO             PET0 !!!!!!!!!!!!!!!!!!!!!!!!!!!!!!!!!!!!!!!!!!!!!!!!!!!!!!
20211013 052327.194 INFO             PET0 !!! THE ESMF_LOG IS SET TO OUTPUT ALL LOG MESSAGES !!!
20211013 052327.194 INFO             PET0 !!!     THIS MAY CAUSE SLOWDOWN IN PERFORMANCE     !!!
20211013 052327.194 INFO             PET0 !!! FOR PRODUCTION RUNS, USE:                      !!!
20211013 052327.194 INFO             PET0 !!!                   ESMF_LOGKIND_Multi_On_Error  !!!
20211013 052327.194 INFO             PET0 !!!!!!!!!!!!!!!!!!!!!!!!!!!!!!!!!!!!!!!!!!!!!!!!!!!!!!
20211013 052327.194 INFO             PET0 Running with ESMF Version   : ESMF_8_2_0_beta_snapshot_22-1-g094508a
20211013 052327.194 INFO             PET0 ESMF library build date/time: "Oct 13 2021" "02:36:19"
20211013 052327.194 INFO             PET0 ESMF library build location : /work/noaa/da/mpotts/sandbox/intel_2020_intelmpi_O_release_8.2.0
20211013 052327.194 INFO             PET0 ESMF_COMM                   : intelmpi
20211013 052327.208 INFO             PET0 ESMF_MOAB                   : enabled
20211013 052327.208 INFO             PET0 ESMF_LAPACK                 : enabled
20211013 052327.208 INFO             PET0 ESMF_NETCDF                 : enabled
20211013 052327.208 INFO             PET0 ESMF_PNETCDF                : disabled
20211013 052327.208 INFO             PET0 ESMF_PIO                    : enabled
20211013 052327.208 INFO             PET0 ESMF_YAMLCPP                : enabled
20211013 052327.324 ERROR            PET0 ESMF_StateAPI.cppF90:1189 ESMF_StateAddList Object being used before creation  - Bad Object
20211013 052327.615 INFO             PET0  NUMBER_OF_PROCESSORS           4
20211013 052327.615 INFO             PET0  PASS  Example ESMF_StateReconcileEx, ESMF_StateReconcileEx.F90, line 294
20211013 052327.615 INFO             PET0 Finalizing ESMF
20211013 052327.206 INFO             PET1 !!!!!!!!!!!!!!!!!!!!!!!!!!!!!!!!!!!!!!!!!!!!!!!!!!!!!!
20211013 052327.206 INFO             PET1 !!! THE ESMF_LOG IS SET TO OUTPUT ALL LOG MESSAGES !!!
20211013 052327.206 INFO             PET1 !!!     THIS MAY CAUSE SLOWDOWN IN PERFORMANCE     !!!
20211013 052327.206 INFO             PET1 !!! FOR PRODUCTION RUNS, USE:                      !!!
20211013 052327.206 INFO             PET1 !!!                   ESMF_LOGKIND_Multi_On_Error  !!!
20211013 052327.206 INFO             PET1 !!!!!!!!!!!!!!!!!!!!!!!!!!!!!!!!!!!!!!!!!!!!!!!!!!!!!!
20211013 052327.206 INFO             PET1 Running with ESMF Version   : ESMF_8_2_0_beta_snapshot_22-1-g094508a
20211013 052327.206 INFO             PET1 ESMF library build date/time: "Oct 13 2021" "02:36:19"
20211013 052327.206 INFO             PET1 ESMF library build location : /work/noaa/da/mpotts/sandbox/intel_2020_intelmpi_O_release_8.2.0
20211013 052327.206 INFO             PET1 ESMF_COMM                   : intelmpi
20211013 052327.207 INFO             PET1 ESMF_MOAB                   : enabled
20211013 052327.207 INFO             PET1 ESMF_LAPACK                 : enabled
20211013 052327.207 INFO             PET1 ESMF_NETCDF                 : enabled
20211013 052327.207 INFO             PET1 ESMF_PNETCDF                : disabled
20211013 052327.207 INFO             PET1 ESMF_PIO                    : enabled
20211013 052327.207 INFO             PET1 ESMF_YAMLCPP                : enabled
20211013 052327.315 ERROR            PET1 ESMF_StateAPI.cppF90:1189 ESMF_StateAddList Object being used before creation  - Bad Object
20211013 052327.628 INFO             PET1  NUMBER_OF_PROCESSORS           4
20211013 052327.628 INFO             PET1  PASS  Example ESMF_StateReconcileEx, ESMF_StateReconcileEx.F90, line 294
20211013 052327.628 INFO             PET1 Finalizing ESMF
20211013 052327.196 INFO             PET2 !!!!!!!!!!!!!!!!!!!!!!!!!!!!!!!!!!!!!!!!!!!!!!!!!!!!!!
20211013 052327.196 INFO             PET2 !!! THE ESMF_LOG IS SET TO OUTPUT ALL LOG MESSAGES !!!
20211013 052327.196 INFO             PET2 !!!     THIS MAY CAUSE SLOWDOWN IN PERFORMANCE     !!!
20211013 052327.196 INFO             PET2 !!! FOR PRODUCTION RUNS, USE:                      !!!
20211013 052327.196 INFO             PET2 !!!                   ESMF_LOGKIND_Multi_On_Error  !!!
20211013 052327.196 INFO             PET2 !!!!!!!!!!!!!!!!!!!!!!!!!!!!!!!!!!!!!!!!!!!!!!!!!!!!!!
20211013 052327.196 INFO             PET2 Running with ESMF Version   : ESMF_8_2_0_beta_snapshot_22-1-g094508a
20211013 052327.196 INFO             PET2 ESMF library build date/time: "Oct 13 2021" "02:36:19"
20211013 052327.196 INFO             PET2 ESMF library build location : /work/noaa/da/mpotts/sandbox/intel_2020_intelmpi_O_release_8.2.0
20211013 052327.196 INFO             PET2 ESMF_COMM                   : intelmpi
20211013 052327.197 INFO             PET2 ESMF_MOAB                   : enabled
20211013 052327.197 INFO             PET2 ESMF_LAPACK                 : enabled
20211013 052327.197 INFO             PET2 ESMF_NETCDF                 : enabled
20211013 052327.197 INFO             PET2 ESMF_PNETCDF                : disabled
20211013 052327.197 INFO             PET2 ESMF_PIO                    : enabled
20211013 052327.197 INFO             PET2 ESMF_YAMLCPP                : enabled
20211013 052327.338 ERROR            PET2 ESMF_StateAPI.cppF90:1189 ESMF_StateAddList Object being used before creation  - Bad Object
20211013 052327.629 INFO             PET2  NUMBER_OF_PROCESSORS           4
20211013 052327.629 INFO             PET2  PASS  Example ESMF_StateReconcileEx, ESMF_StateReconcileEx.F90, line 294
20211013 052327.629 INFO             PET2 Finalizing ESMF
20211013 052327.224 INFO             PET3 !!!!!!!!!!!!!!!!!!!!!!!!!!!!!!!!!!!!!!!!!!!!!!!!!!!!!!
20211013 052327.224 INFO             PET3 !!! THE ESMF_LOG IS SET TO OUTPUT ALL LOG MESSAGES !!!
20211013 052327.224 INFO             PET3 !!!     THIS MAY CAUSE SLOWDOWN IN PERFORMANCE     !!!
20211013 052327.224 INFO             PET3 !!! FOR PRODUCTION RUNS, USE:                      !!!
20211013 052327.224 INFO             PET3 !!!                   ESMF_LOGKIND_Multi_On_Error  !!!
20211013 052327.224 INFO             PET3 !!!!!!!!!!!!!!!!!!!!!!!!!!!!!!!!!!!!!!!!!!!!!!!!!!!!!!
20211013 052327.224 INFO             PET3 Running with ESMF Version   : ESMF_8_2_0_beta_snapshot_22-1-g094508a
20211013 052327.224 INFO             PET3 ESMF library build date/time: "Oct 13 2021" "02:36:19"
20211013 052327.224 INFO             PET3 ESMF library build location : /work/noaa/da/mpotts/sandbox/intel_2020_intelmpi_O_release_8.2.0
20211013 052327.224 INFO             PET3 ESMF_COMM                   : intelmpi
20211013 052327.225 INFO             PET3 ESMF_MOAB                   : enabled
20211013 052327.225 INFO             PET3 ESMF_LAPACK                 : enabled
20211013 052327.225 INFO             PET3 ESMF_NETCDF                 : enabled
20211013 052327.225 INFO             PET3 ESMF_PNETCDF                : disabled
20211013 052327.225 INFO             PET3 ESMF_PIO                    : enabled
20211013 052327.225 INFO             PET3 ESMF_YAMLCPP                : enabled
20211013 052327.338 ERROR            PET3 ESMF_StateAPI.cppF90:1189 ESMF_StateAddList Object being used before creation  - Bad Object
20211013 052327.616 INFO             PET3  NUMBER_OF_PROCESSORS           4
20211013 052327.616 INFO             PET3  PASS  Example ESMF_StateReconcileEx, ESMF_StateReconcileEx.F90, line 294
20211013 052327.616 INFO             PET3 Finalizing ESMF
