build time -- 2022-01-14 03:56:34.863738
20220114 105442.339 INFO             PET0 !!!!!!!!!!!!!!!!!!!!!!!!!!!!!!!!!!!!!!!!!!!!!!!!!!!!!!
20220114 105442.339 INFO             PET0 !!! THE ESMF_LOG IS SET TO OUTPUT ALL LOG MESSAGES !!!
20220114 105442.339 INFO             PET0 !!!     THIS MAY CAUSE SLOWDOWN IN PERFORMANCE     !!!
20220114 105442.339 INFO             PET0 !!! FOR PRODUCTION RUNS, USE:                      !!!
20220114 105442.339 INFO             PET0 !!!                   ESMF_LOGKIND_Multi_On_Error  !!!
20220114 105442.339 INFO             PET0 !!!!!!!!!!!!!!!!!!!!!!!!!!!!!!!!!!!!!!!!!!!!!!!!!!!!!!
20220114 105442.339 INFO             PET0 Running with ESMF Version   : ESMF_8_3_0_beta_snapshot_05-4-gcfea0e5e8f
20220114 105442.339 INFO             PET0 ESMF library build date/time: "Jan 14 2022" "03:53:13"
20220114 105442.339 INFO             PET0 ESMF library build location : /global/u2/r/rsdunlap/esmf-testing/intel_19.0.3_mpiuni_g_develop
20220114 105442.339 INFO             PET0 ESMF_COMM                   : mpiuni
20220114 105442.341 INFO             PET0 ESMF_MOAB                   : enabled
20220114 105442.341 INFO             PET0 ESMF_LAPACK                 : enabled
20220114 105442.341 INFO             PET0 ESMF_NETCDF                 : enabled
20220114 105442.341 INFO             PET0 ESMF_PNETCDF                : disabled
20220114 105442.341 INFO             PET0 ESMF_PIO                    : disabled
20220114 105442.341 INFO             PET0 ESMF_YAMLCPP                : enabled
20220114 105442.349 INFO             PET0  NUMBER_OF_PROCESSORS           1
20220114 105442.349 INFO             PET0  PASS  Example ESMF_AppMainEx, ESMF_AppMainEx.F90, line 486
20220114 105442.349 INFO             PET0 Finalizing ESMF
