build time -- 2022-03-02 23:40:17
20220303 011434.286 INFO             PET0 !!!!!!!!!!!!!!!!!!!!!!!!!!!!!!!!!!!!!!!!!!!!!!!!!!!!!!
20220303 011434.286 INFO             PET0 !!! THE ESMF_LOG IS SET TO OUTPUT ALL LOG MESSAGES !!!
20220303 011434.286 INFO             PET0 !!!     THIS MAY CAUSE SLOWDOWN IN PERFORMANCE     !!!
20220303 011434.286 INFO             PET0 !!! FOR PRODUCTION RUNS, USE:                      !!!
20220303 011434.286 INFO             PET0 !!!                   ESMF_LOGKIND_Multi_On_Error  !!!
20220303 011434.286 INFO             PET0 !!!!!!!!!!!!!!!!!!!!!!!!!!!!!!!!!!!!!!!!!!!!!!!!!!!!!!
20220303 011434.286 INFO             PET0 Running with ESMF Version   : v8.3.0b08-5-g64eb13365d
20220303 011434.286 INFO             PET0 ESMF library build date/time: "Mar  2 2022" "23:38:23"
20220303 011434.286 INFO             PET0 ESMF library build location : /lustre/f2/dev/ncep/Mark.Potts/gfortran_8.3.0_mpiuni_g_develop
20220303 011434.286 INFO             PET0 ESMF_COMM                   : mpiuni
20220303 011434.287 INFO             PET0 ESMF_MOAB                   : enabled
20220303 011434.287 INFO             PET0 ESMF_LAPACK                 : enabled
20220303 011434.287 INFO             PET0 ESMF_NETCDF                 : enabled
20220303 011434.287 INFO             PET0 ESMF_PNETCDF                : disabled
20220303 011434.287 INFO             PET0 ESMF_PIO                    : disabled
20220303 011434.287 INFO             PET0 ESMF_YAMLCPP                : enabled
20220303 011434.287 INFO             PET0  NUMBER_OF_PROCESSORS           1
20220303 011434.287 INFO             PET0  PASS  Example ESMF_ArraySpecEx, ESMF_ArraySpecEx.F90, line 96
20220303 011434.287 INFO             PET0 Finalizing ESMF
