build time -- 2021-10-14 03:50:33.516178
20211014 042606.804 INFO             PET0 !!!!!!!!!!!!!!!!!!!!!!!!!!!!!!!!!!!!!!!!!!!!!!!!!!!!!!
20211014 042606.804 INFO             PET0 !!! THE ESMF_LOG IS SET TO OUTPUT ALL LOG MESSAGES !!!
20211014 042606.804 INFO             PET0 !!!     THIS MAY CAUSE SLOWDOWN IN PERFORMANCE     !!!
20211014 042606.804 INFO             PET0 !!! FOR PRODUCTION RUNS, USE:                      !!!
20211014 042606.804 INFO             PET0 !!!                   ESMF_LOGKIND_Multi_On_Error  !!!
20211014 042606.804 INFO             PET0 !!!!!!!!!!!!!!!!!!!!!!!!!!!!!!!!!!!!!!!!!!!!!!!!!!!!!!
20211014 042606.804 INFO             PET0 Running with ESMF Version   : ESMF_8_2_0_beta_snapshot_22-2-g9510bd0f2c
20211014 042606.804 INFO             PET0 ESMF library build date/time: "Oct 14 2021" "03:48:08"
20211014 042606.804 INFO             PET0 ESMF library build location : /glade/scratch/mpotts/gfortran_10.1.0_openmpi_O_release_8.2.0
20211014 042606.804 INFO             PET0 ESMF_COMM                   : openmpi
20211014 042606.804 INFO             PET0 ESMF_MOAB                   : enabled
20211014 042606.804 INFO             PET0 ESMF_LAPACK                 : enabled
20211014 042606.804 INFO             PET0 ESMF_NETCDF                 : enabled
20211014 042606.804 INFO             PET0 ESMF_PNETCDF                : disabled
20211014 042606.804 INFO             PET0 ESMF_PIO                    : enabled
20211014 042606.804 INFO             PET0 ESMF_YAMLCPP                : enabled
20211014 042606.846 DEBUG            PET0 about to destroy Grid: 0xec6920
20211014 042606.852 DEBUG            PET0 about to destroy Grid: 0xec9450
20211014 042606.863 INFO             PET0  NUMBER_OF_PROCESSORS           4
20211014 042606.863 INFO             PET0  PASS  Example ESMF_NUOPCAtmModelEx, ESMF_NUOPCAtmModelEx.F90, line 806
20211014 042606.863 INFO             PET0 Finalizing ESMF
20211014 042606.805 INFO             PET1 !!!!!!!!!!!!!!!!!!!!!!!!!!!!!!!!!!!!!!!!!!!!!!!!!!!!!!
20211014 042606.805 INFO             PET1 !!! THE ESMF_LOG IS SET TO OUTPUT ALL LOG MESSAGES !!!
20211014 042606.805 INFO             PET1 !!!     THIS MAY CAUSE SLOWDOWN IN PERFORMANCE     !!!
20211014 042606.805 INFO             PET1 !!! FOR PRODUCTION RUNS, USE:                      !!!
20211014 042606.805 INFO             PET1 !!!                   ESMF_LOGKIND_Multi_On_Error  !!!
20211014 042606.805 INFO             PET1 !!!!!!!!!!!!!!!!!!!!!!!!!!!!!!!!!!!!!!!!!!!!!!!!!!!!!!
20211014 042606.805 INFO             PET1 Running with ESMF Version   : ESMF_8_2_0_beta_snapshot_22-2-g9510bd0f2c
20211014 042606.805 INFO             PET1 ESMF library build date/time: "Oct 14 2021" "03:48:08"
20211014 042606.805 INFO             PET1 ESMF library build location : /glade/scratch/mpotts/gfortran_10.1.0_openmpi_O_release_8.2.0
20211014 042606.805 INFO             PET1 ESMF_COMM                   : openmpi
20211014 042606.805 INFO             PET1 ESMF_MOAB                   : enabled
20211014 042606.805 INFO             PET1 ESMF_LAPACK                 : enabled
20211014 042606.805 INFO             PET1 ESMF_NETCDF                 : enabled
20211014 042606.805 INFO             PET1 ESMF_PNETCDF                : disabled
20211014 042606.805 INFO             PET1 ESMF_PIO                    : enabled
20211014 042606.805 INFO             PET1 ESMF_YAMLCPP                : enabled
20211014 042606.846 DEBUG            PET1 about to destroy Grid: 0x105d420
20211014 042606.852 DEBUG            PET1 about to destroy Grid: 0x105e770
20211014 042606.864 INFO             PET1  NUMBER_OF_PROCESSORS           4
20211014 042606.864 INFO             PET1  PASS  Example ESMF_NUOPCAtmModelEx, ESMF_NUOPCAtmModelEx.F90, line 806
20211014 042606.864 INFO             PET1 Finalizing ESMF
20211014 042606.804 INFO             PET2 !!!!!!!!!!!!!!!!!!!!!!!!!!!!!!!!!!!!!!!!!!!!!!!!!!!!!!
20211014 042606.804 INFO             PET2 !!! THE ESMF_LOG IS SET TO OUTPUT ALL LOG MESSAGES !!!
20211014 042606.804 INFO             PET2 !!!     THIS MAY CAUSE SLOWDOWN IN PERFORMANCE     !!!
20211014 042606.804 INFO             PET2 !!! FOR PRODUCTION RUNS, USE:                      !!!
20211014 042606.804 INFO             PET2 !!!                   ESMF_LOGKIND_Multi_On_Error  !!!
20211014 042606.804 INFO             PET2 !!!!!!!!!!!!!!!!!!!!!!!!!!!!!!!!!!!!!!!!!!!!!!!!!!!!!!
20211014 042606.804 INFO             PET2 Running with ESMF Version   : ESMF_8_2_0_beta_snapshot_22-2-g9510bd0f2c
20211014 042606.804 INFO             PET2 ESMF library build date/time: "Oct 14 2021" "03:48:08"
20211014 042606.804 INFO             PET2 ESMF library build location : /glade/scratch/mpotts/gfortran_10.1.0_openmpi_O_release_8.2.0
20211014 042606.804 INFO             PET2 ESMF_COMM                   : openmpi
20211014 042606.804 INFO             PET2 ESMF_MOAB                   : enabled
20211014 042606.804 INFO             PET2 ESMF_LAPACK                 : enabled
20211014 042606.804 INFO             PET2 ESMF_NETCDF                 : enabled
20211014 042606.804 INFO             PET2 ESMF_PNETCDF                : disabled
20211014 042606.804 INFO             PET2 ESMF_PIO                    : enabled
20211014 042606.804 INFO             PET2 ESMF_YAMLCPP                : enabled
20211014 042606.846 DEBUG            PET2 about to destroy Grid: 0x1c4e380
20211014 042606.852 DEBUG            PET2 about to destroy Grid: 0x1c4fff0
20211014 042606.863 INFO             PET2  NUMBER_OF_PROCESSORS           4
20211014 042606.863 INFO             PET2  PASS  Example ESMF_NUOPCAtmModelEx, ESMF_NUOPCAtmModelEx.F90, line 806
20211014 042606.863 INFO             PET2 Finalizing ESMF
20211014 042606.804 INFO             PET3 !!!!!!!!!!!!!!!!!!!!!!!!!!!!!!!!!!!!!!!!!!!!!!!!!!!!!!
20211014 042606.804 INFO             PET3 !!! THE ESMF_LOG IS SET TO OUTPUT ALL LOG MESSAGES !!!
20211014 042606.804 INFO             PET3 !!!     THIS MAY CAUSE SLOWDOWN IN PERFORMANCE     !!!
20211014 042606.804 INFO             PET3 !!! FOR PRODUCTION RUNS, USE:                      !!!
20211014 042606.804 INFO             PET3 !!!                   ESMF_LOGKIND_Multi_On_Error  !!!
20211014 042606.804 INFO             PET3 !!!!!!!!!!!!!!!!!!!!!!!!!!!!!!!!!!!!!!!!!!!!!!!!!!!!!!
20211014 042606.804 INFO             PET3 Running with ESMF Version   : ESMF_8_2_0_beta_snapshot_22-2-g9510bd0f2c
20211014 042606.804 INFO             PET3 ESMF library build date/time: "Oct 14 2021" "03:48:08"
20211014 042606.804 INFO             PET3 ESMF library build location : /glade/scratch/mpotts/gfortran_10.1.0_openmpi_O_release_8.2.0
20211014 042606.804 INFO             PET3 ESMF_COMM                   : openmpi
20211014 042606.804 INFO             PET3 ESMF_MOAB                   : enabled
20211014 042606.804 INFO             PET3 ESMF_LAPACK                 : enabled
20211014 042606.804 INFO             PET3 ESMF_NETCDF                 : enabled
20211014 042606.804 INFO             PET3 ESMF_PNETCDF                : disabled
20211014 042606.804 INFO             PET3 ESMF_PIO                    : enabled
20211014 042606.804 INFO             PET3 ESMF_YAMLCPP                : enabled
20211014 042606.846 DEBUG            PET3 about to destroy Grid: 0x1d61630
20211014 042606.852 DEBUG            PET3 about to destroy Grid: 0x1d62d30
20211014 042606.863 INFO             PET3  NUMBER_OF_PROCESSORS           4
20211014 042606.863 INFO             PET3  PASS  Example ESMF_NUOPCAtmModelEx, ESMF_NUOPCAtmModelEx.F90, line 806
20211014 042606.863 INFO             PET3 Finalizing ESMF
