build time -- 2021-10-26 03:49:57.682832
--------------------------------------------------------------------------
A system call failed during shared memory initialization that should
not have.  It is likely that your MPI job will now either abort or
experience performance degradation.

  Local host:  r7i6n12
  System call: open(2) 
  Error:       Permission denied (errno 13)
--------------------------------------------------------------------------
 ESMF application on MPI rank:           0
 ESMF application on MPI rank:           1
  PASS  Example ESMF_VMUserMpiCommMultiEx, ESMF_VMUserMpiCommMultiEx.F90, line 126
  PASS  Example ESMF_VMUserMpiCommMultiEx, ESMF_VMUserMpiCommMultiEx.F90, line 126
 ESMF application on MPI rank:           2
 ESMF application on MPI rank:           3
  PASS  Example ESMF_VMUserMpiCommMultiEx, ESMF_VMUserMpiCommMultiEx.F90, line 154
  PASS  Example ESMF_VMUserMpiCommMultiEx, ESMF_VMUserMpiCommMultiEx.F90, line 154
 PASS: ESMF_VMUserMpiCommMultiEx.F90
 PASS: ESMF_VMUserMpiCommMultiEx.F90
 PASS: ESMF_VMUserMpiCommMultiEx.F90
 PASS: ESMF_VMUserMpiCommMultiEx.F90
[r7i6n12:33409] 3 more processes have sent help message help-opal-shmem-mmap.txt / sys call fail
[r7i6n12:33409] Set MCA parameter "orte_base_help_aggregate" to 0 to see all help / error messages
