build time -- 2021-10-14 13:56:35
 localPET=           1  localDE=           0 : array(           1 ,           1 )=  -1.2882297539194267E-231
 localPET=           1  localDE=           0 : array(           1 ,           2 )=   1.9762625833649862E-323
 localPET=           1  localDE=           0 : array(           2 ,           1 )=  -1.2882297539194267E-231
 localPET=           1  localDE=           0 : array(           2 ,           2 )=  -1.2882297539194267E-231
 localPET=           1  localDE=           1 : array(           1 ,           1 )=  -1.2882297539194267E-231
 localPET=           1  localDE=           1 : array(           2 ,           1 )=  -1.2882297539194267E-231
 localPET=           2  localDE=           0 : array(           1 ,           1 )=   2.6815615859885194E+154
 localPET=           2  localDE=           0 : array(           1 ,           2 )=   2.6815615859885194E+154
 localPET=           2  localDE=           0 : array(           2 ,           1 )=   2.6815615859885194E+154
 localPET=           2  localDE=           0 : array(           2 ,           2 )=   2.6815615859885230E+154
 localPET=           2  localDE=           0 : array(           3 ,           1 )=   2.6815615859885236E+154
 localPET=           2  localDE=           0 : array(           3 ,           2 )=   2.6815615859885194E+154
 localPET=           0  localDE=           0 : array(           1 ,           1 )=  -1.4916681462400413E-154
 localPET=           0  localDE=           0 : array(           1 ,           2 )=  -1.4916681462400413E-154
 localPET=           0  localDE=           0 : array(           2 ,           1 )=  -1.4916681462400413E-154
 localPET=           0  localDE=           0 : array(           2 ,           2 )=  -1.4916681462400433E-154
 localPET=           0  localDE=           0 : array(           3 ,           1 )=  -1.4916681462400437E-154
 localPET=           0  localDE=           0 : array(           3 ,           2 )=  -1.4916681462400413E-154
 localPET=           0  localDE=           1 : array(           1 ,           1 )=  -1.4916681462400413E-154
 localPET=           0  localDE=           1 : array(           2 ,           1 )=  -1.4916681462400413E-154
 localPET=           0  localDE=           1 : array(           3 ,           1 )=   1.9762625833649862E-323
 localPET=           3  localDE=           0 : array(           1 ,           1 )=   1.4916681462400413E-154
 localPET=           3  localDE=           0 : array(           1 ,           2 )=   1.4821969375237396E-323
 localPET=           3  localDE=           0 : array(           2 ,           1 )=  -1.2907365952243000E-231
 localPET=           3  localDE=           0 : array(           2 ,           2 )=   2.7813423231340017E-309
 localPet:            3 DE            3  [           1           2 ]
 localPet:            1 DE            1  [           1           2 ]
 localPet:            1 DE            5  [           1           2 ]
 localPet:            2 DE            2  [           1           3 ]
 localPet:            0 DE            0  [           1           3 ]
 localPet:            0 DE            4  [           1           3 ]
  PASS  Example ESMF_ArrayEx, ESMF_ArrayEx.F90, line 1899
 PASS: ESMF_ArrayEx.F90
  PASS  Example ESMF_ArrayEx, ESMF_ArrayEx.F90, line 1899
 PASS: ESMF_ArrayEx.F90
  PASS  Example ESMF_ArrayEx, ESMF_ArrayEx.F90, line 1899
 PASS: ESMF_ArrayEx.F90
  PASS  Example ESMF_ArrayEx, ESMF_ArrayEx.F90, line 1899
 PASS: ESMF_ArrayEx.F90
