build time -- 2021-10-29 15:27:51
forrtl: severe (174): SIGSEGV, segmentation fault occurred
Image              PC                Routine            Line        Source             
ESMF_XGridEx       0000000103309AF4  Unknown               Unknown  Unknown
libsystem_platfor  00007FFF666F8B5D  Unknown               Unknown  Unknown
libmpi.40.dylib    0000000107A692A1  Unknown               Unknown  Unknown
libesmf.dylib      000000010413C2F0  Unknown               Unknown  Unknown
libesmf.dylib      000000010411AE91  Unknown               Unknown  Unknown
libesmf.dylib      000000010416D8D0  Unknown               Unknown  Unknown
libesmf.dylib      0000000105350D76  Unknown               Unknown  Unknown
libesmf.dylib      0000000104F5D67A  Unknown               Unknown  Unknown
libesmf.dylib      0000000104F5C98B  Unknown               Unknown  Unknown
ESMF_XGridEx       00000001032DD9C5  _MAIN__                    64  ESMF_XGridEx.F90
ESMF_XGridEx       00000001032DCDBE  Unknown               Unknown  Unknown
forrtl: severe (174): SIGSEGV, segmentation fault occurred
Image              PC                Routine            Line        Source             
ESMF_XGridEx       0000000103F25AF4  Unknown               Unknown  Unknown
libsystem_platfor  00007FFF666F8B5D  Unknown               Unknown  Unknown
libmpi.40.dylib    000000010868C2A1  Unknown               Unknown  Unknown
libesmf.dylib      0000000104D5D2F0  Unknown               Unknown  Unknown
libesmf.dylib      0000000104D3BE91  Unknown               Unknown  Unknown
libesmf.dylib      0000000104D8E8D0  Unknown               Unknown  Unknown
libesmf.dylib      0000000105F71D76  Unknown               Unknown  Unknown
libesmf.dylib      0000000105B7E67A  Unknown               Unknown  Unknown
libesmf.dylib      0000000105B7D98B  Unknown               Unknown  Unknown
ESMF_XGridEx       0000000103EF99C5  _MAIN__                    64  ESMF_XGridEx.F90
ESMF_XGridEx       0000000103EF8DBE  Unknown               Unknown  Unknown
forrtl: severe (174): SIGSEGV, segmentation fault occurred
Image              PC                Routine            Line        Source             
ESMF_XGridEx       000000010C9B2AF4  Unknown               Unknown  Unknown
libsystem_platfor  00007FFF666F8B5D  Unknown               Unknown  Unknown
libmpi.40.dylib    000000010CDA02A1  Unknown               Unknown  Unknown
libesmf.dylib      00000001119FE2F0  Unknown               Unknown  Unknown
libesmf.dylib      00000001119DCE91  Unknown               Unknown  Unknown
libesmf.dylib      0000000111A2F8D0  Unknown               Unknown  Unknown
libesmf.dylib      0000000112C12D76  Unknown               Unknown  Unknown
libesmf.dylib      000000011281F67A  Unknown               Unknown  Unknown
libesmf.dylib      000000011281E98B  Unknown               Unknown  Unknown
ESMF_XGridEx       000000010C9869C5  _MAIN__                    64  ESMF_XGridEx.F90
ESMF_XGridEx       000000010C985DBE  Unknown               Unknown  Unknown
forrtl: severe (174): SIGSEGV, segmentation fault occurred
Image              PC                Routine            Line        Source             
ESMF_XGridEx       00000001095EFAF4  Unknown               Unknown  Unknown
libsystem_platfor  00007FFF666F8B5D  Unknown               Unknown  Unknown
libmpi.40.dylib    000000010DD542A1  Unknown               Unknown  Unknown
libesmf.dylib      000000010A4252F0  Unknown               Unknown  Unknown
libesmf.dylib      000000010A403E91  Unknown               Unknown  Unknown
libesmf.dylib      000000010A4568D0  Unknown               Unknown  Unknown
libesmf.dylib      000000010B639D76  Unknown               Unknown  Unknown
libesmf.dylib      000000010B24667A  Unknown               Unknown  Unknown
libesmf.dylib      000000010B24598B  Unknown               Unknown  Unknown
ESMF_XGridEx       00000001095C39C5  _MAIN__                    64  ESMF_XGridEx.F90
ESMF_XGridEx       00000001095C2DBE  Unknown               Unknown  Unknown
