build time -- 2021-10-29 15:27:51
forrtl: severe (174): SIGSEGV, segmentation fault occurred
Image              PC                Routine            Line        Source             
ESMF_StateReadWri  00000001094E5F14  Unknown               Unknown  Unknown
libsystem_platfor  00007FFF666F8B5D  Unknown               Unknown  Unknown
libmpi.40.dylib    000000010DC3D2A1  Unknown               Unknown  Unknown
libesmf.dylib      000000010A3142F0  Unknown               Unknown  Unknown
libesmf.dylib      000000010A2F2E91  Unknown               Unknown  Unknown
libesmf.dylib      000000010A3458D0  Unknown               Unknown  Unknown
libesmf.dylib      000000010B528D76  Unknown               Unknown  Unknown
libesmf.dylib      000000010B13567A  Unknown               Unknown  Unknown
libesmf.dylib      000000010B13498B  Unknown               Unknown  Unknown
ESMF_StateReadWri  00000001094BFB91  _MAIN__                    60  ESMF_StateReadWriteEx.F90
ESMF_StateReadWri  00000001094BF86E  Unknown               Unknown  Unknown
forrtl: severe (174): SIGSEGV, segmentation fault occurred
Image              PC                Routine            Line        Source             
ESMF_StateReadWri  000000010B22BF14  Unknown               Unknown  Unknown
libsystem_platfor  00007FFF666F8B5D  Unknown               Unknown  Unknown
libmpi.40.dylib    000000010F98F2A1  Unknown               Unknown  Unknown
libesmf.dylib      000000010C05B2F0  Unknown               Unknown  Unknown
libesmf.dylib      000000010C039E91  Unknown               Unknown  Unknown
libesmf.dylib      000000010C08C8D0  Unknown               Unknown  Unknown
libesmf.dylib      000000010D26FD76  Unknown               Unknown  Unknown
libesmf.dylib      000000010CE7C67A  Unknown               Unknown  Unknown
libesmf.dylib      000000010CE7B98B  Unknown               Unknown  Unknown
ESMF_StateReadWri  000000010B205B91  _MAIN__                    60  ESMF_StateReadWriteEx.F90
ESMF_StateReadWri  000000010B20586E  Unknown               Unknown  Unknown
forrtl: severe (174): SIGSEGV, segmentation fault occurred
Image              PC                Routine            Line        Source             
ESMF_StateReadWri  0000000107BA3F14  Unknown               Unknown  Unknown
libsystem_platfor  00007FFF666F8B5D  Unknown               Unknown  Unknown
libmpi.40.dylib    000000010C2FE2A1  Unknown               Unknown  Unknown
libesmf.dylib      00000001089D62F0  Unknown               Unknown  Unknown
libesmf.dylib      00000001089B4E91  Unknown               Unknown  Unknown
libesmf.dylib      0000000108A078D0  Unknown               Unknown  Unknown
libesmf.dylib      0000000109BEAD76  Unknown               Unknown  Unknown
libesmf.dylib      00000001097F767A  Unknown               Unknown  Unknown
libesmf.dylib      00000001097F698B  Unknown               Unknown  Unknown
ESMF_StateReadWri  0000000107B7DB91  _MAIN__                    60  ESMF_StateReadWriteEx.F90
ESMF_StateReadWri  0000000107B7D86E  Unknown               Unknown  Unknown
forrtl: severe (174): SIGSEGV, segmentation fault occurred
Image              PC                Routine            Line        Source             
ESMF_StateReadWri  0000000101088F14  Unknown               Unknown  Unknown
libsystem_platfor  00007FFF666F8B5D  Unknown               Unknown  Unknown
libmpi.40.dylib    00000001057E42A1  Unknown               Unknown  Unknown
libesmf.dylib      0000000101EBB2F0  Unknown               Unknown  Unknown
libesmf.dylib      0000000101E99E91  Unknown               Unknown  Unknown
libesmf.dylib      0000000101EEC8D0  Unknown               Unknown  Unknown
libesmf.dylib      00000001030CFD76  Unknown               Unknown  Unknown
libesmf.dylib      0000000102CDC67A  Unknown               Unknown  Unknown
libesmf.dylib      0000000102CDB98B  Unknown               Unknown  Unknown
ESMF_StateReadWri  0000000101062B91  _MAIN__                    60  ESMF_StateReadWriteEx.F90
ESMF_StateReadWri  000000010106286E  Unknown               Unknown  Unknown
