build time -- 2021-10-29 15:27:51
forrtl: severe (174): SIGSEGV, segmentation fault occurred
Image              PC                Routine            Line        Source             
ESMF_GridUsageEx   0000000100ADA734  Unknown               Unknown  Unknown
libsystem_platfor  00007FFF666F8B5D  Unknown               Unknown  Unknown
libmpi.40.dylib    000000010523B2A1  Unknown               Unknown  Unknown
libesmf.dylib      000000010190D2F0  Unknown               Unknown  Unknown
libesmf.dylib      00000001018EBE91  Unknown               Unknown  Unknown
libesmf.dylib      000000010193E8D0  Unknown               Unknown  Unknown
libesmf.dylib      0000000102B21D76  Unknown               Unknown  Unknown
libesmf.dylib      000000010272E67A  Unknown               Unknown  Unknown
libesmf.dylib      000000010272D98B  Unknown               Unknown  Unknown
ESMF_GridUsageEx   0000000100A9BE96  _MAIN__                    86  ESMF_GridUsageEx.F90
ESMF_GridUsageEx   0000000100A9B9DE  Unknown               Unknown  Unknown
forrtl: severe (174): SIGSEGV, segmentation fault occurred
Image              PC                Routine            Line        Source             
ESMF_GridUsageEx   0000000105C69734  Unknown               Unknown  Unknown
libsystem_platfor  00007FFF666F8B5D  Unknown               Unknown  Unknown
libmpi.40.dylib    000000010A3CF2A1  Unknown               Unknown  Unknown
libesmf.dylib      0000000106AA02F0  Unknown               Unknown  Unknown
libesmf.dylib      0000000106A7EE91  Unknown               Unknown  Unknown
libesmf.dylib      0000000106AD18D0  Unknown               Unknown  Unknown
libesmf.dylib      0000000107CB4D76  Unknown               Unknown  Unknown
libesmf.dylib      00000001078C167A  Unknown               Unknown  Unknown
libesmf.dylib      00000001078C098B  Unknown               Unknown  Unknown
ESMF_GridUsageEx   0000000105C2AE96  _MAIN__                    86  ESMF_GridUsageEx.F90
ESMF_GridUsageEx   0000000105C2A9DE  Unknown               Unknown  Unknown
forrtl: severe (174): SIGSEGV, segmentation fault occurred
Image              PC                Routine            Line        Source             
ESMF_GridUsageEx   000000010CA38734  Unknown               Unknown  Unknown
libsystem_platfor  00007FFF666F8B5D  Unknown               Unknown  Unknown
libmpi.40.dylib    00000001111A22A1  Unknown               Unknown  Unknown
libesmf.dylib      000000010D86D2F0  Unknown               Unknown  Unknown
libesmf.dylib      000000010D84BE91  Unknown               Unknown  Unknown
libesmf.dylib      000000010D89E8D0  Unknown               Unknown  Unknown
libesmf.dylib      000000010EA81D76  Unknown               Unknown  Unknown
libesmf.dylib      000000010E68E67A  Unknown               Unknown  Unknown
libesmf.dylib      000000010E68D98B  Unknown               Unknown  Unknown
ESMF_GridUsageEx   000000010C9F9E96  _MAIN__                    86  ESMF_GridUsageEx.F90
ESMF_GridUsageEx   000000010C9F99DE  Unknown               Unknown  Unknown
forrtl: severe (174): SIGSEGV, segmentation fault occurred
Image              PC                Routine            Line        Source             
ESMF_GridUsageEx   000000010BC54734  Unknown               Unknown  Unknown
libsystem_platfor  00007FFF666F8B5D  Unknown               Unknown  Unknown
libmpi.40.dylib    000000010C0432A1  Unknown               Unknown  Unknown
libesmf.dylib      00000001106A92F0  Unknown               Unknown  Unknown
libesmf.dylib      0000000110687E91  Unknown               Unknown  Unknown
libesmf.dylib      00000001106DA8D0  Unknown               Unknown  Unknown
libesmf.dylib      00000001118BDD76  Unknown               Unknown  Unknown
libesmf.dylib      00000001114CA67A  Unknown               Unknown  Unknown
libesmf.dylib      00000001114C998B  Unknown               Unknown  Unknown
ESMF_GridUsageEx   000000010BC15E96  _MAIN__                    86  ESMF_GridUsageEx.F90
ESMF_GridUsageEx   000000010BC159DE  Unknown               Unknown  Unknown
