build time -- 2021-10-29 15:27:51
forrtl: severe (174): SIGSEGV, segmentation fault occurred
Image              PC                Routine            Line        Source             
ESMF_RHandleDynam  00000001095A7554  Unknown               Unknown  Unknown
libsystem_platfor  00007FFF666F8B5D  Unknown               Unknown  Unknown
libmpi.40.dylib    000000010DD142A1  Unknown               Unknown  Unknown
libesmf.dylib      000000010A3E32F0  Unknown               Unknown  Unknown
libesmf.dylib      000000010A3C1E91  Unknown               Unknown  Unknown
libesmf.dylib      000000010A4148D0  Unknown               Unknown  Unknown
libesmf.dylib      000000010B5F7D76  Unknown               Unknown  Unknown
libesmf.dylib      000000010B20467A  Unknown               Unknown  Unknown
libesmf.dylib      000000010B20398B  Unknown               Unknown  Unknown
ESMF_RHandleDynam  000000010957B3FE  _MAIN__                   265  ESMF_RHandleDynamicMaskingEx.F90
ESMF_RHandleDynam  000000010956CBDE  Unknown               Unknown  Unknown
forrtl: severe (174): SIGSEGV, segmentation fault occurred
Image              PC                Routine            Line        Source             
ESMF_RHandleDynam  00000001057AA554  Unknown               Unknown  Unknown
libsystem_platfor  00007FFF666F8B5D  Unknown               Unknown  Unknown
libmpi.40.dylib    0000000109F102A1  Unknown               Unknown  Unknown
libesmf.dylib      00000001065E42F0  Unknown               Unknown  Unknown
libesmf.dylib      00000001065C2E91  Unknown               Unknown  Unknown
libesmf.dylib      00000001066158D0  Unknown               Unknown  Unknown
libesmf.dylib      00000001077F8D76  Unknown               Unknown  Unknown
libesmf.dylib      000000010740567A  Unknown               Unknown  Unknown
libesmf.dylib      000000010740498B  Unknown               Unknown  Unknown
ESMF_RHandleDynam  000000010577E3FE  _MAIN__                   265  ESMF_RHandleDynamicMaskingEx.F90
ESMF_RHandleDynam  000000010576FBDE  Unknown               Unknown  Unknown
forrtl: severe (174): SIGSEGV, segmentation fault occurred
Image              PC                Routine            Line        Source             
ESMF_RHandleDynam  000000010D232554  Unknown               Unknown  Unknown
libsystem_platfor  00007FFF666F8B5D  Unknown               Unknown  Unknown
libmpi.40.dylib    000000010D6252A1  Unknown               Unknown  Unknown
libesmf.dylib      000000010E4822F0  Unknown               Unknown  Unknown
libesmf.dylib      000000010E460E91  Unknown               Unknown  Unknown
libesmf.dylib      000000010E4B38D0  Unknown               Unknown  Unknown
libesmf.dylib      000000010F696D76  Unknown               Unknown  Unknown
libesmf.dylib      000000010F2A367A  Unknown               Unknown  Unknown
libesmf.dylib      000000010F2A298B  Unknown               Unknown  Unknown
ESMF_RHandleDynam  000000010D2063FE  _MAIN__                   265  ESMF_RHandleDynamicMaskingEx.F90
ESMF_RHandleDynam  000000010D1F7BDE  Unknown               Unknown  Unknown
forrtl: severe (174): SIGSEGV, segmentation fault occurred
Image              PC                Routine            Line        Source             
ESMF_RHandleDynam  0000000107319554  Unknown               Unknown  Unknown
libsystem_platfor  00007FFF666F8B5D  Unknown               Unknown  Unknown
libmpi.40.dylib    000000010BA852A1  Unknown               Unknown  Unknown
libesmf.dylib      00000001081562F0  Unknown               Unknown  Unknown
libesmf.dylib      0000000108134E91  Unknown               Unknown  Unknown
libesmf.dylib      00000001081878D0  Unknown               Unknown  Unknown
libesmf.dylib      000000010936AD76  Unknown               Unknown  Unknown
libesmf.dylib      0000000108F7767A  Unknown               Unknown  Unknown
libesmf.dylib      0000000108F7698B  Unknown               Unknown  Unknown
ESMF_RHandleDynam  00000001072ED3FE  _MAIN__                   265  ESMF_RHandleDynamicMaskingEx.F90
ESMF_RHandleDynam  00000001072DEBDE  Unknown               Unknown  Unknown
