build time -- 2021-10-29 15:27:51
 seqIndexOffset=         1099511627776
 seqIndexOffset=         1099511627776
 seqIndexOffset=         1099511627776
 seqIndexOffset=         1099511627776
forrtl: severe (174): SIGSEGV, segmentation fault occurred
Image              PC                Routine            Line        Source             
ESMF_ArrayArbHalo  00000001018EBBB4  Unknown               Unknown  Unknown
libsystem_platfor  00007FFF666F8B5D  Unknown               Unknown  Unknown
libmpi.40.dylib    00000001060422A1  Unknown               Unknown  Unknown
libesmf.dylib      000000010271D2F0  Unknown               Unknown  Unknown
libesmf.dylib      00000001026FBE91  Unknown               Unknown  Unknown
libesmf.dylib      000000010274E8D0  Unknown               Unknown  Unknown
libesmf.dylib      0000000103931D76  Unknown               Unknown  Unknown
libesmf.dylib      000000010353E67A  Unknown               Unknown  Unknown
libesmf.dylib      000000010353D98B  Unknown               Unknown  Unknown
ESMF_ArrayArbHalo  00000001018BE36C  _MAIN__                    58  ESMF_ArrayArbHaloEx.F90
ESMF_ArrayArbHalo  00000001018BDFEE  Unknown               Unknown  Unknown
forrtl: severe (174): SIGSEGV, segmentation fault occurred
Image              PC                Routine            Line        Source             
ESMF_ArrayArbHalo  000000010F11ABB4  Unknown               Unknown  Unknown
libsystem_platfor  00007FFF666F8B5D  Unknown               Unknown  Unknown
libmpi.40.dylib    00000001138802A1  Unknown               Unknown  Unknown
libesmf.dylib      000000010FF502F0  Unknown               Unknown  Unknown
libesmf.dylib      000000010FF2EE91  Unknown               Unknown  Unknown
libesmf.dylib      000000010FF818D0  Unknown               Unknown  Unknown
libesmf.dylib      0000000111164D76  Unknown               Unknown  Unknown
libesmf.dylib      0000000110D7167A  Unknown               Unknown  Unknown
libesmf.dylib      0000000110D7098B  Unknown               Unknown  Unknown
ESMF_ArrayArbHalo  000000010F0ED36C  _MAIN__                    58  ESMF_ArrayArbHaloEx.F90
ESMF_ArrayArbHalo  000000010F0ECFEE  Unknown               Unknown  Unknown
forrtl: severe (174): SIGSEGV, segmentation fault occurred
Image              PC                Routine            Line        Source             
ESMF_ArrayArbHalo  00000001076DCBB4  Unknown               Unknown  Unknown
libsystem_platfor  00007FFF666F8B5D  Unknown               Unknown  Unknown
libmpi.40.dylib    000000010BE3F2A1  Unknown               Unknown  Unknown
libesmf.dylib      00000001085102F0  Unknown               Unknown  Unknown
libesmf.dylib      00000001084EEE91  Unknown               Unknown  Unknown
libesmf.dylib      00000001085418D0  Unknown               Unknown  Unknown
libesmf.dylib      0000000109724D76  Unknown               Unknown  Unknown
libesmf.dylib      000000010933167A  Unknown               Unknown  Unknown
libesmf.dylib      000000010933098B  Unknown               Unknown  Unknown
ESMF_ArrayArbHalo  00000001076AF36C  _MAIN__                    58  ESMF_ArrayArbHaloEx.F90
ESMF_ArrayArbHalo  00000001076AEFEE  Unknown               Unknown  Unknown
forrtl: severe (174): SIGSEGV, segmentation fault occurred
Image              PC                Routine            Line        Source             
ESMF_ArrayArbHalo  0000000109636BB4  Unknown               Unknown  Unknown
libsystem_platfor  00007FFF666F8B5D  Unknown               Unknown  Unknown
libmpi.40.dylib    000000010DD972A1  Unknown               Unknown  Unknown
libesmf.dylib      000000010A4682F0  Unknown               Unknown  Unknown
libesmf.dylib      000000010A446E91  Unknown               Unknown  Unknown
libesmf.dylib      000000010A4998D0  Unknown               Unknown  Unknown
libesmf.dylib      000000010B67CD76  Unknown               Unknown  Unknown
libesmf.dylib      000000010B28967A  Unknown               Unknown  Unknown
libesmf.dylib      000000010B28898B  Unknown               Unknown  Unknown
ESMF_ArrayArbHalo  000000010960936C  _MAIN__                    58  ESMF_ArrayArbHaloEx.F90
ESMF_ArrayArbHalo  0000000109608FEE  Unknown               Unknown  Unknown
