build time -- 2021-10-29 15:27:51
forrtl: severe (174): SIGSEGV, segmentation fault occurred
Image              PC                Routine            Line        Source             
ESMF_VMComponentE  0000000101A97E14  Unknown               Unknown  Unknown
libsystem_platfor  00007FFF666F8B5D  Unknown               Unknown  Unknown
libmpi.40.dylib    0000000101E822A1  Unknown               Unknown  Unknown
libesmf.dylib      0000000103A2C2F0  Unknown               Unknown  Unknown
libesmf.dylib      0000000103A0AE91  Unknown               Unknown  Unknown
libesmf.dylib      0000000103A5D8D0  Unknown               Unknown  Unknown
libesmf.dylib      0000000104C40D76  Unknown               Unknown  Unknown
libesmf.dylib      000000010484D67A  Unknown               Unknown  Unknown
libesmf.dylib      000000010484C98B  Unknown               Unknown  Unknown
ESMF_VMComponentE  0000000101A71D4F  _MAIN__                   163  ESMF_VMComponentEx.F90
ESMF_VMComponentE  0000000101A7146E  Unknown               Unknown  Unknown
forrtl: severe (174): SIGSEGV, segmentation fault occurred
Image              PC                Routine            Line        Source             
ESMF_VMComponentE  000000010A82AE14  Unknown               Unknown  Unknown
libsystem_platfor  00007FFF666F8B5D  Unknown               Unknown  Unknown
libmpi.40.dylib    000000010EF902A1  Unknown               Unknown  Unknown
libesmf.dylib      000000010B6602F0  Unknown               Unknown  Unknown
libesmf.dylib      000000010B63EE91  Unknown               Unknown  Unknown
libesmf.dylib      000000010B6918D0  Unknown               Unknown  Unknown
libesmf.dylib      000000010C874D76  Unknown               Unknown  Unknown
libesmf.dylib      000000010C48167A  Unknown               Unknown  Unknown
libesmf.dylib      000000010C48098B  Unknown               Unknown  Unknown
ESMF_VMComponentE  000000010A804D4F  _MAIN__                   163  ESMF_VMComponentEx.F90
ESMF_VMComponentE  000000010A80446E  Unknown               Unknown  Unknown
forrtl: severe (174): SIGSEGV, segmentation fault occurred
Image              PC                Routine            Line        Source             
ESMF_VMComponentE  000000010F355E14  Unknown               Unknown  Unknown
libsystem_platfor  00007FFF666F8B5D  Unknown               Unknown  Unknown
libmpi.40.dylib    0000000113AB22A1  Unknown               Unknown  Unknown
libesmf.dylib      00000001101882F0  Unknown               Unknown  Unknown
libesmf.dylib      0000000110166E91  Unknown               Unknown  Unknown
libesmf.dylib      00000001101B98D0  Unknown               Unknown  Unknown
libesmf.dylib      000000011139CD76  Unknown               Unknown  Unknown
libesmf.dylib      0000000110FA967A  Unknown               Unknown  Unknown
libesmf.dylib      0000000110FA898B  Unknown               Unknown  Unknown
ESMF_VMComponentE  000000010F32FD4F  _MAIN__                   163  ESMF_VMComponentEx.F90
ESMF_VMComponentE  000000010F32F46E  Unknown               Unknown  Unknown
forrtl: severe (174): SIGSEGV, segmentation fault occurred
Image              PC                Routine            Line        Source             
ESMF_VMComponentE  0000000108030E14  Unknown               Unknown  Unknown
libsystem_platfor  00007FFF666F8B5D  Unknown               Unknown  Unknown
libmpi.40.dylib    000000010841B2A1  Unknown               Unknown  Unknown
libesmf.dylib      00000001095872F0  Unknown               Unknown  Unknown
libesmf.dylib      0000000109565E91  Unknown               Unknown  Unknown
libesmf.dylib      00000001095B88D0  Unknown               Unknown  Unknown
libesmf.dylib      000000010A79BD76  Unknown               Unknown  Unknown
libesmf.dylib      000000010A3A867A  Unknown               Unknown  Unknown
libesmf.dylib      000000010A3A798B  Unknown               Unknown  Unknown
ESMF_VMComponentE  000000010800AD4F  _MAIN__                   163  ESMF_VMComponentEx.F90
ESMF_VMComponentE  000000010800A46E  Unknown               Unknown  Unknown
