build time -- 2021-10-29 15:27:51
forrtl: severe (174): SIGSEGV, segmentation fault occurred
Image              PC                Routine            Line        Source             
ESMF_ArrayScatter  00000001049A1D14  Unknown               Unknown  Unknown
libsystem_platfor  00007FFF666F8B5D  Unknown               Unknown  Unknown
libmpi.40.dylib    00000001091042A1  Unknown               Unknown  Unknown
libesmf.dylib      00000001057D22F0  Unknown               Unknown  Unknown
libesmf.dylib      00000001057B0E91  Unknown               Unknown  Unknown
libesmf.dylib      00000001058038D0  Unknown               Unknown  Unknown
libesmf.dylib      00000001069E6D76  Unknown               Unknown  Unknown
libesmf.dylib      00000001065F367A  Unknown               Unknown  Unknown
libesmf.dylib      00000001065F298B  Unknown               Unknown  Unknown
ESMF_ArrayScatter  000000010497737B  _MAIN__                    47  ESMF_ArrayScatterGatherEx.F90
ESMF_ArrayScatter  00000001049770AE  Unknown               Unknown  Unknown
forrtl: severe (174): SIGSEGV, segmentation fault occurred
Image              PC                Routine            Line        Source             
ESMF_ArrayScatter  0000000105CDCD14  Unknown               Unknown  Unknown
libsystem_platfor  00007FFF666F8B5D  Unknown               Unknown  Unknown
libmpi.40.dylib    00000001060C92A1  Unknown               Unknown  Unknown
libesmf.dylib      000000010A4392F0  Unknown               Unknown  Unknown
libesmf.dylib      000000010A417E91  Unknown               Unknown  Unknown
libesmf.dylib      000000010A46A8D0  Unknown               Unknown  Unknown
libesmf.dylib      000000010B64DD76  Unknown               Unknown  Unknown
libesmf.dylib      000000010B25A67A  Unknown               Unknown  Unknown
libesmf.dylib      000000010B25998B  Unknown               Unknown  Unknown
ESMF_ArrayScatter  0000000105CB237B  _MAIN__                    47  ESMF_ArrayScatterGatherEx.F90
ESMF_ArrayScatter  0000000105CB20AE  Unknown               Unknown  Unknown
forrtl: severe (174): SIGSEGV, segmentation fault occurred
Image              PC                Routine            Line        Source             
ESMF_ArrayScatter  0000000106E14D14  Unknown               Unknown  Unknown
libsystem_platfor  00007FFF666F8B5D  Unknown               Unknown  Unknown
libmpi.40.dylib    000000010B57A2A1  Unknown               Unknown  Unknown
libesmf.dylib      0000000107C462F0  Unknown               Unknown  Unknown
libesmf.dylib      0000000107C24E91  Unknown               Unknown  Unknown
libesmf.dylib      0000000107C778D0  Unknown               Unknown  Unknown
libesmf.dylib      0000000108E5AD76  Unknown               Unknown  Unknown
libesmf.dylib      0000000108A6767A  Unknown               Unknown  Unknown
libesmf.dylib      0000000108A6698B  Unknown               Unknown  Unknown
ESMF_ArrayScatter  0000000106DEA37B  _MAIN__                    47  ESMF_ArrayScatterGatherEx.F90
ESMF_ArrayScatter  0000000106DEA0AE  Unknown               Unknown  Unknown
forrtl: severe (174): SIGSEGV, segmentation fault occurred
Image              PC                Routine            Line        Source             
ESMF_ArrayScatter  0000000101538D14  Unknown               Unknown  Unknown
libsystem_platfor  00007FFF666F8B5D  Unknown               Unknown  Unknown
libmpi.40.dylib    0000000105C952A1  Unknown               Unknown  Unknown
libesmf.dylib      000000010236F2F0  Unknown               Unknown  Unknown
libesmf.dylib      000000010234DE91  Unknown               Unknown  Unknown
libesmf.dylib      00000001023A08D0  Unknown               Unknown  Unknown
libesmf.dylib      0000000103583D76  Unknown               Unknown  Unknown
libesmf.dylib      000000010319067A  Unknown               Unknown  Unknown
libesmf.dylib      000000010318F98B  Unknown               Unknown  Unknown
ESMF_ArrayScatter  000000010150E37B  _MAIN__                    47  ESMF_ArrayScatterGatherEx.F90
ESMF_ArrayScatter  000000010150E0AE  Unknown               Unknown  Unknown
