build time -- 2021-10-29 15:27:51
forrtl: severe (174): SIGSEGV, segmentation fault occurred
Image              PC                Routine            Line        Source             
ESMF_VMDefaultBas  000000010C539E74  Unknown               Unknown  Unknown
libsystem_platfor  00007FFF666F8B5D  Unknown               Unknown  Unknown
libmpi.40.dylib    000000010C9242A1  Unknown               Unknown  Unknown
libesmf.dylib      000000011018D2F0  Unknown               Unknown  Unknown
libesmf.dylib      000000011016BE91  Unknown               Unknown  Unknown
libesmf.dylib      00000001101BE8D0  Unknown               Unknown  Unknown
libesmf.dylib      00000001113A1D76  Unknown               Unknown  Unknown
libesmf.dylib      0000000110FAE67A  Unknown               Unknown  Unknown
libesmf.dylib      0000000110FAD98B  Unknown               Unknown  Unknown
ESMF_VMDefaultBas  000000010C513BFB  _MAIN__                    67  ESMF_VMDefaultBasicsEx.F90
ESMF_VMDefaultBas  000000010C5139BE  Unknown               Unknown  Unknown
forrtl: severe (174): SIGSEGV, segmentation fault occurred
Image              PC                Routine            Line        Source             
ESMF_VMDefaultBas  000000010070FE74  Unknown               Unknown  Unknown
libsystem_platfor  00007FFF666F8B5D  Unknown               Unknown  Unknown
libmpi.40.dylib    0000000104E6B2A1  Unknown               Unknown  Unknown
libesmf.dylib      00000001015432F0  Unknown               Unknown  Unknown
libesmf.dylib      0000000101521E91  Unknown               Unknown  Unknown
libesmf.dylib      00000001015748D0  Unknown               Unknown  Unknown
libesmf.dylib      0000000102757D76  Unknown               Unknown  Unknown
libesmf.dylib      000000010236467A  Unknown               Unknown  Unknown
libesmf.dylib      000000010236398B  Unknown               Unknown  Unknown
ESMF_VMDefaultBas  00000001006E9BFB  _MAIN__                    67  ESMF_VMDefaultBasicsEx.F90
ESMF_VMDefaultBas  00000001006E99BE  Unknown               Unknown  Unknown
forrtl: severe (174): SIGSEGV, segmentation fault occurred
Image              PC                Routine            Line        Source             
ESMF_VMDefaultBas  000000010B326E74  Unknown               Unknown  Unknown
libsystem_platfor  00007FFF666F8B5D  Unknown               Unknown  Unknown
libmpi.40.dylib    000000010B7112A1  Unknown               Unknown  Unknown
libesmf.dylib      000000010F4D12F0  Unknown               Unknown  Unknown
libesmf.dylib      000000010F4AFE91  Unknown               Unknown  Unknown
libesmf.dylib      000000010F5028D0  Unknown               Unknown  Unknown
libesmf.dylib      00000001106E5D76  Unknown               Unknown  Unknown
libesmf.dylib      00000001102F267A  Unknown               Unknown  Unknown
libesmf.dylib      00000001102F198B  Unknown               Unknown  Unknown
ESMF_VMDefaultBas  000000010B300BFB  _MAIN__                    67  ESMF_VMDefaultBasicsEx.F90
ESMF_VMDefaultBas  000000010B3009BE  Unknown               Unknown  Unknown
forrtl: severe (174): SIGSEGV, segmentation fault occurred
Image              PC                Routine            Line        Source             
ESMF_VMDefaultBas  0000000105C9EE74  Unknown               Unknown  Unknown
libsystem_platfor  00007FFF666F8B5D  Unknown               Unknown  Unknown
libmpi.40.dylib    00000001060892A1  Unknown               Unknown  Unknown
libesmf.dylib      0000000108CA82F0  Unknown               Unknown  Unknown
libesmf.dylib      0000000108C86E91  Unknown               Unknown  Unknown
libesmf.dylib      0000000108CD98D0  Unknown               Unknown  Unknown
libesmf.dylib      0000000109EBCD76  Unknown               Unknown  Unknown
libesmf.dylib      0000000109AC967A  Unknown               Unknown  Unknown
libesmf.dylib      0000000109AC898B  Unknown               Unknown  Unknown
ESMF_VMDefaultBas  0000000105C78BFB  _MAIN__                    67  ESMF_VMDefaultBasicsEx.F90
ESMF_VMDefaultBas  0000000105C789BE  Unknown               Unknown  Unknown
