build time -- 2021-10-29 15:27:51
forrtl: severe (174): SIGSEGV, segmentation fault occurred
Image              PC                Routine            Line        Source             
ESMF_VMNonBlockin  000000010F7F3C14  Unknown               Unknown  Unknown
libsystem_platfor  00007FFF666F8B5D  Unknown               Unknown  Unknown
libmpi.40.dylib    0000000113F512A1  Unknown               Unknown  Unknown
libesmf.dylib      00000001106242F0  Unknown               Unknown  Unknown
libesmf.dylib      0000000110602E91  Unknown               Unknown  Unknown
libesmf.dylib      00000001106558D0  Unknown               Unknown  Unknown
libesmf.dylib      0000000111838D76  Unknown               Unknown  Unknown
libesmf.dylib      000000011144567A  Unknown               Unknown  Unknown
libesmf.dylib      000000011144498B  Unknown               Unknown  Unknown
ESMF_VMNonBlockin  000000010F7CA581  _MAIN__                    84  ESMF_VMNonBlockingEx.F90
ESMF_VMNonBlockin  000000010F7CA2AE  Unknown               Unknown  Unknown
forrtl: severe (174): SIGSEGV, segmentation fault occurred
Image              PC                Routine            Line        Source             
ESMF_VMNonBlockin  000000010391CC14  Unknown               Unknown  Unknown
libsystem_platfor  00007FFF666F8B5D  Unknown               Unknown  Unknown
libmpi.40.dylib    00000001080802A1  Unknown               Unknown  Unknown
libesmf.dylib      000000010474C2F0  Unknown               Unknown  Unknown
libesmf.dylib      000000010472AE91  Unknown               Unknown  Unknown
libesmf.dylib      000000010477D8D0  Unknown               Unknown  Unknown
libesmf.dylib      0000000105960D76  Unknown               Unknown  Unknown
libesmf.dylib      000000010556D67A  Unknown               Unknown  Unknown
libesmf.dylib      000000010556C98B  Unknown               Unknown  Unknown
ESMF_VMNonBlockin  00000001038F3581  _MAIN__                    84  ESMF_VMNonBlockingEx.F90
ESMF_VMNonBlockin  00000001038F32AE  Unknown               Unknown  Unknown
forrtl: severe (174): SIGSEGV, segmentation fault occurred
Image              PC                Routine            Line        Source             
ESMF_VMNonBlockin  000000010913EC14  Unknown               Unknown  Unknown
libsystem_platfor  00007FFF666F8B5D  Unknown               Unknown  Unknown
libmpi.40.dylib    000000010952A2A1  Unknown               Unknown  Unknown
libesmf.dylib      000000010D3712F0  Unknown               Unknown  Unknown
libesmf.dylib      000000010D34FE91  Unknown               Unknown  Unknown
libesmf.dylib      000000010D3A28D0  Unknown               Unknown  Unknown
libesmf.dylib      000000010E585D76  Unknown               Unknown  Unknown
libesmf.dylib      000000010E19267A  Unknown               Unknown  Unknown
libesmf.dylib      000000010E19198B  Unknown               Unknown  Unknown
ESMF_VMNonBlockin  0000000109115581  _MAIN__                    84  ESMF_VMNonBlockingEx.F90
ESMF_VMNonBlockin  00000001091152AE  Unknown               Unknown  Unknown
forrtl: severe (174): SIGSEGV, segmentation fault occurred
Image              PC                Routine            Line        Source             
ESMF_VMNonBlockin  0000000105D83C14  Unknown               Unknown  Unknown
libsystem_platfor  00007FFF666F8B5D  Unknown               Unknown  Unknown
libmpi.40.dylib    000000010616F2A1  Unknown               Unknown  Unknown
libesmf.dylib      00000001088542F0  Unknown               Unknown  Unknown
libesmf.dylib      0000000108832E91  Unknown               Unknown  Unknown
libesmf.dylib      00000001088858D0  Unknown               Unknown  Unknown
libesmf.dylib      0000000109A68D76  Unknown               Unknown  Unknown
libesmf.dylib      000000010967567A  Unknown               Unknown  Unknown
libesmf.dylib      000000010967498B  Unknown               Unknown  Unknown
ESMF_VMNonBlockin  0000000105D5A581  _MAIN__                    84  ESMF_VMNonBlockingEx.F90
ESMF_VMNonBlockin  0000000105D5A2AE  Unknown               Unknown  Unknown
