build time -- 2021-10-29 15:27:51
forrtl: severe (174): SIGSEGV, segmentation fault occurred
Image              PC                Routine            Line        Source             
ESMF_ArrayRedistE  0000000103BC8E54  Unknown               Unknown  Unknown
libsystem_platfor  00007FFF666F8B5D  Unknown               Unknown  Unknown
libmpi.40.dylib    000000010832F2A1  Unknown               Unknown  Unknown
libesmf.dylib      00000001049FF2F0  Unknown               Unknown  Unknown
libesmf.dylib      00000001049DDE91  Unknown               Unknown  Unknown
libesmf.dylib      0000000104A308D0  Unknown               Unknown  Unknown
libesmf.dylib      0000000105C13D76  Unknown               Unknown  Unknown
libesmf.dylib      000000010582067A  Unknown               Unknown  Unknown
libesmf.dylib      000000010581F98B  Unknown               Unknown  Unknown
ESMF_ArrayRedistE  0000000103B9DDC9  _MAIN__                    53  ESMF_ArrayRedistEx.F90
ESMF_ArrayRedistE  0000000103B9DA1E  Unknown               Unknown  Unknown
forrtl: severe (174): SIGSEGV, segmentation fault occurred
Image              PC                Routine            Line        Source             
ESMF_ArrayRedistE  0000000102D47E54  Unknown               Unknown  Unknown
libsystem_platfor  00007FFF666F8B5D  Unknown               Unknown  Unknown
libmpi.40.dylib    00000001031332A1  Unknown               Unknown  Unknown
libesmf.dylib      0000000104BA32F0  Unknown               Unknown  Unknown
libesmf.dylib      0000000104B81E91  Unknown               Unknown  Unknown
libesmf.dylib      0000000104BD48D0  Unknown               Unknown  Unknown
libesmf.dylib      0000000105DB7D76  Unknown               Unknown  Unknown
libesmf.dylib      00000001059C467A  Unknown               Unknown  Unknown
libesmf.dylib      00000001059C398B  Unknown               Unknown  Unknown
ESMF_ArrayRedistE  0000000102D1CDC9  _MAIN__                    53  ESMF_ArrayRedistEx.F90
ESMF_ArrayRedistE  0000000102D1CA1E  Unknown               Unknown  Unknown
forrtl: severe (174): SIGSEGV, segmentation fault occurred
Image              PC                Routine            Line        Source             
ESMF_ArrayRedistE  00000001098E1E54  Unknown               Unknown  Unknown
libsystem_platfor  00007FFF666F8B5D  Unknown               Unknown  Unknown
libmpi.40.dylib    000000010E0412A1  Unknown               Unknown  Unknown
libesmf.dylib      000000010A7172F0  Unknown               Unknown  Unknown
libesmf.dylib      000000010A6F5E91  Unknown               Unknown  Unknown
libesmf.dylib      000000010A7488D0  Unknown               Unknown  Unknown
libesmf.dylib      000000010B92BD76  Unknown               Unknown  Unknown
libesmf.dylib      000000010B53867A  Unknown               Unknown  Unknown
libesmf.dylib      000000010B53798B  Unknown               Unknown  Unknown
ESMF_ArrayRedistE  00000001098B6DC9  _MAIN__                    53  ESMF_ArrayRedistEx.F90
ESMF_ArrayRedistE  00000001098B6A1E  Unknown               Unknown  Unknown
forrtl: severe (174): SIGSEGV, segmentation fault occurred
Image              PC                Routine            Line        Source             
ESMF_ArrayRedistE  000000010512BE54  Unknown               Unknown  Unknown
libsystem_platfor  00007FFF666F8B5D  Unknown               Unknown  Unknown
libmpi.40.dylib    00000001055172A1  Unknown               Unknown  Unknown
libesmf.dylib      00000001081082F0  Unknown               Unknown  Unknown
libesmf.dylib      00000001080E6E91  Unknown               Unknown  Unknown
libesmf.dylib      00000001081398D0  Unknown               Unknown  Unknown
libesmf.dylib      000000010931CD76  Unknown               Unknown  Unknown
libesmf.dylib      0000000108F2967A  Unknown               Unknown  Unknown
libesmf.dylib      0000000108F2898B  Unknown               Unknown  Unknown
ESMF_ArrayRedistE  0000000105100DC9  _MAIN__                    53  ESMF_ArrayRedistEx.F90
ESMF_ArrayRedistE  0000000105100A1E  Unknown               Unknown  Unknown
