build time -- 2021-10-29 15:27:51
forrtl: severe (174): SIGSEGV, segmentation fault occurred
Image              PC                Routine            Line        Source             
ESMF_VMHigherRank  000000010554FD94  Unknown               Unknown  Unknown
libsystem_platfor  00007FFF666F8B5D  Unknown               Unknown  Unknown
libmpi.40.dylib    0000000109CB02A1  Unknown               Unknown  Unknown
libesmf.dylib      00000001063852F0  Unknown               Unknown  Unknown
libesmf.dylib      0000000106363E91  Unknown               Unknown  Unknown
libesmf.dylib      00000001063B68D0  Unknown               Unknown  Unknown
libesmf.dylib      0000000107599D76  Unknown               Unknown  Unknown
libesmf.dylib      00000001071A667A  Unknown               Unknown  Unknown
libesmf.dylib      00000001071A598B  Unknown               Unknown  Unknown
ESMF_VMHigherRank  0000000105527DF1  _MAIN__                    72  ESMF_VMHigherRankDataEx.F90
ESMF_VMHigherRank  0000000105527BAE  Unknown               Unknown  Unknown
forrtl: severe (174): SIGSEGV, segmentation fault occurred
Image              PC                Routine            Line        Source             
ESMF_VMHigherRank  0000000105CF3D94  Unknown               Unknown  Unknown
libsystem_platfor  00007FFF666F8B5D  Unknown               Unknown  Unknown
libmpi.40.dylib    000000010A45F2A1  Unknown               Unknown  Unknown
libesmf.dylib      0000000106B282F0  Unknown               Unknown  Unknown
libesmf.dylib      0000000106B06E91  Unknown               Unknown  Unknown
libesmf.dylib      0000000106B598D0  Unknown               Unknown  Unknown
libesmf.dylib      0000000107D3CD76  Unknown               Unknown  Unknown
libesmf.dylib      000000010794967A  Unknown               Unknown  Unknown
libesmf.dylib      000000010794898B  Unknown               Unknown  Unknown
ESMF_VMHigherRank  0000000105CCBDF1  _MAIN__                    72  ESMF_VMHigherRankDataEx.F90
ESMF_VMHigherRank  0000000105CCBBAE  Unknown               Unknown  Unknown
forrtl: severe (174): SIGSEGV, segmentation fault occurred
Image              PC                Routine            Line        Source             
ESMF_VMHigherRank  0000000103835D94  Unknown               Unknown  Unknown
libsystem_platfor  00007FFF666F8B5D  Unknown               Unknown  Unknown
libmpi.40.dylib    0000000107F8F2A1  Unknown               Unknown  Unknown
libesmf.dylib      00000001046682F0  Unknown               Unknown  Unknown
libesmf.dylib      0000000104646E91  Unknown               Unknown  Unknown
libesmf.dylib      00000001046998D0  Unknown               Unknown  Unknown
libesmf.dylib      000000010587CD76  Unknown               Unknown  Unknown
libesmf.dylib      000000010548967A  Unknown               Unknown  Unknown
libesmf.dylib      000000010548898B  Unknown               Unknown  Unknown
ESMF_VMHigherRank  000000010380DDF1  _MAIN__                    72  ESMF_VMHigherRankDataEx.F90
ESMF_VMHigherRank  000000010380DBAE  Unknown               Unknown  Unknown
forrtl: severe (174): SIGSEGV, segmentation fault occurred
Image              PC                Routine            Line        Source             
ESMF_VMHigherRank  000000010416DD94  Unknown               Unknown  Unknown
libsystem_platfor  00007FFF666F8B5D  Unknown               Unknown  Unknown
libmpi.40.dylib    00000001088CC2A1  Unknown               Unknown  Unknown
libesmf.dylib      0000000104F9E2F0  Unknown               Unknown  Unknown
libesmf.dylib      0000000104F7CE91  Unknown               Unknown  Unknown
libesmf.dylib      0000000104FCF8D0  Unknown               Unknown  Unknown
libesmf.dylib      00000001061B2D76  Unknown               Unknown  Unknown
libesmf.dylib      0000000105DBF67A  Unknown               Unknown  Unknown
libesmf.dylib      0000000105DBE98B  Unknown               Unknown  Unknown
ESMF_VMHigherRank  0000000104145DF1  _MAIN__                    72  ESMF_VMHigherRankDataEx.F90
ESMF_VMHigherRank  0000000104145BAE  Unknown               Unknown  Unknown
