build time -- 2021-10-29 15:27:51
forrtl: severe (174): SIGSEGV, segmentation fault occurred
Image              PC                Routine            Line        Source             
ESMF_RHandleVMEpo  000000010BE56F54  Unknown               Unknown  Unknown
libsystem_platfor  00007FFF666F8B5D  Unknown               Unknown  Unknown
libmpi.40.dylib    00000001105B32A1  Unknown               Unknown  Unknown
libesmf.dylib      000000010CC852F0  Unknown               Unknown  Unknown
libesmf.dylib      000000010CC63E91  Unknown               Unknown  Unknown
libesmf.dylib      000000010CCB68D0  Unknown               Unknown  Unknown
libesmf.dylib      000000010DE99D76  Unknown               Unknown  Unknown
libesmf.dylib      000000010DAA667A  Unknown               Unknown  Unknown
libesmf.dylib      000000010DAA598B  Unknown               Unknown  Unknown
ESMF_RHandleVMEpo  000000010BE304D5  _MAIN__                    50  ESMF_RHandleVMEpochEx.F90
ESMF_RHandleVMEpo  000000010BE301CE  Unknown               Unknown  Unknown
forrtl: severe (174): SIGSEGV, segmentation fault occurred
Image              PC                Routine            Line        Source             
ESMF_RHandleVMEpo  00000001071FEF54  Unknown               Unknown  Unknown
libsystem_platfor  00007FFF666F8B5D  Unknown               Unknown  Unknown
libmpi.40.dylib    000000010B95D2A1  Unknown               Unknown  Unknown
libesmf.dylib      00000001080322F0  Unknown               Unknown  Unknown
libesmf.dylib      0000000108010E91  Unknown               Unknown  Unknown
libesmf.dylib      00000001080638D0  Unknown               Unknown  Unknown
libesmf.dylib      0000000109246D76  Unknown               Unknown  Unknown
libesmf.dylib      0000000108E5367A  Unknown               Unknown  Unknown
libesmf.dylib      0000000108E5298B  Unknown               Unknown  Unknown
ESMF_RHandleVMEpo  00000001071D84D5  _MAIN__                    50  ESMF_RHandleVMEpochEx.F90
ESMF_RHandleVMEpo  00000001071D81CE  Unknown               Unknown  Unknown
forrtl: severe (174): SIGSEGV, segmentation fault occurred
Image              PC                Routine            Line        Source             
ESMF_RHandleVMEpo  000000010C8BEF54  Unknown               Unknown  Unknown
libsystem_platfor  00007FFF666F8B5D  Unknown               Unknown  Unknown
libmpi.40.dylib    000000011101E2A1  Unknown               Unknown  Unknown
libesmf.dylib      000000010D6ED2F0  Unknown               Unknown  Unknown
libesmf.dylib      000000010D6CBE91  Unknown               Unknown  Unknown
libesmf.dylib      000000010D71E8D0  Unknown               Unknown  Unknown
libesmf.dylib      000000010E901D76  Unknown               Unknown  Unknown
libesmf.dylib      000000010E50E67A  Unknown               Unknown  Unknown
libesmf.dylib      000000010E50D98B  Unknown               Unknown  Unknown
ESMF_RHandleVMEpo  000000010C8984D5  _MAIN__                    50  ESMF_RHandleVMEpochEx.F90
ESMF_RHandleVMEpo  000000010C8981CE  Unknown               Unknown  Unknown
forrtl: severe (174): SIGSEGV, segmentation fault occurred
Image              PC                Routine            Line        Source             
ESMF_RHandleVMEpo  000000010C06BF54  Unknown               Unknown  Unknown
libsystem_platfor  00007FFF666F8B5D  Unknown               Unknown  Unknown
libmpi.40.dylib    00000001107CF2A1  Unknown               Unknown  Unknown
libesmf.dylib      000000010CE9B2F0  Unknown               Unknown  Unknown
libesmf.dylib      000000010CE79E91  Unknown               Unknown  Unknown
libesmf.dylib      000000010CECC8D0  Unknown               Unknown  Unknown
libesmf.dylib      000000010E0AFD76  Unknown               Unknown  Unknown
libesmf.dylib      000000010DCBC67A  Unknown               Unknown  Unknown
libesmf.dylib      000000010DCBB98B  Unknown               Unknown  Unknown
ESMF_RHandleVMEpo  000000010C0454D5  _MAIN__                    50  ESMF_RHandleVMEpochEx.F90
ESMF_RHandleVMEpo  000000010C0451CE  Unknown               Unknown  Unknown
