build time -- 2021-10-29 15:27:51
forrtl: severe (174): SIGSEGV, segmentation fault occurred
Image              PC                Routine            Line        Source             
ESMF_WebServicesE  000000010C4E6D94  Unknown               Unknown  Unknown
libsystem_platfor  00007FFF666F8B5D  Unknown               Unknown  Unknown
libmpi.40.dylib    0000000110C422A1  Unknown               Unknown  Unknown
libesmf.dylib      000000010D3172F0  Unknown               Unknown  Unknown
libesmf.dylib      000000010D2F5E91  Unknown               Unknown  Unknown
libesmf.dylib      000000010D3488D0  Unknown               Unknown  Unknown
libesmf.dylib      000000010E52BD76  Unknown               Unknown  Unknown
libesmf.dylib      000000010E13867A  Unknown               Unknown  Unknown
libesmf.dylib      000000010E13798B  Unknown               Unknown  Unknown
ESMF_WebServicesE  000000010C4C0FDF  _MAIN__                   175  ESMF_WebServicesEx.F90
ESMF_WebServicesE  000000010C4C095E  Unknown               Unknown  Unknown
forrtl: severe (174): SIGSEGV, segmentation fault occurred
Image              PC                Routine            Line        Source             
ESMF_WebServicesE  0000000109DB7D94  Unknown               Unknown  Unknown
libsystem_platfor  00007FFF666F8B5D  Unknown               Unknown  Unknown
libmpi.40.dylib    000000010E5152A1  Unknown               Unknown  Unknown
libesmf.dylib      000000010ABE82F0  Unknown               Unknown  Unknown
libesmf.dylib      000000010ABC6E91  Unknown               Unknown  Unknown
libesmf.dylib      000000010AC198D0  Unknown               Unknown  Unknown
libesmf.dylib      000000010BDFCD76  Unknown               Unknown  Unknown
libesmf.dylib      000000010BA0967A  Unknown               Unknown  Unknown
libesmf.dylib      000000010BA0898B  Unknown               Unknown  Unknown
ESMF_WebServicesE  0000000109D91FDF  _MAIN__                   175  ESMF_WebServicesEx.F90
ESMF_WebServicesE  0000000109D9195E  Unknown               Unknown  Unknown
forrtl: severe (174): SIGSEGV, segmentation fault occurred
Image              PC                Routine            Line        Source             
ESMF_WebServicesE  000000010B61ED94  Unknown               Unknown  Unknown
libsystem_platfor  00007FFF666F8B5D  Unknown               Unknown  Unknown
libmpi.40.dylib    000000010BA092A1  Unknown               Unknown  Unknown
libesmf.dylib      00000001104D72F0  Unknown               Unknown  Unknown
libesmf.dylib      00000001104B5E91  Unknown               Unknown  Unknown
libesmf.dylib      00000001105088D0  Unknown               Unknown  Unknown
libesmf.dylib      00000001116EBD76  Unknown               Unknown  Unknown
libesmf.dylib      00000001112F867A  Unknown               Unknown  Unknown
libesmf.dylib      00000001112F798B  Unknown               Unknown  Unknown
ESMF_WebServicesE  000000010B5F8FDF  _MAIN__                   175  ESMF_WebServicesEx.F90
ESMF_WebServicesE  000000010B5F895E  Unknown               Unknown  Unknown
forrtl: severe (174): SIGSEGV, segmentation fault occurred
Image              PC                Routine            Line        Source             
ESMF_WebServicesE  00000001056ACD94  Unknown               Unknown  Unknown
libsystem_platfor  00007FFF666F8B5D  Unknown               Unknown  Unknown
libmpi.40.dylib    0000000105A972A1  Unknown               Unknown  Unknown
libesmf.dylib      00000001097C52F0  Unknown               Unknown  Unknown
libesmf.dylib      00000001097A3E91  Unknown               Unknown  Unknown
libesmf.dylib      00000001097F68D0  Unknown               Unknown  Unknown
libesmf.dylib      000000010A9D9D76  Unknown               Unknown  Unknown
libesmf.dylib      000000010A5E667A  Unknown               Unknown  Unknown
libesmf.dylib      000000010A5E598B  Unknown               Unknown  Unknown
ESMF_WebServicesE  0000000105686FDF  _MAIN__                   175  ESMF_WebServicesEx.F90
ESMF_WebServicesE  000000010568695E  Unknown               Unknown  Unknown
