build time -- 2021-10-29 15:27:51
forrtl: severe (174): SIGSEGV, segmentation fault occurred
Image              PC                Routine            Line        Source             
ESMF_FieldBundleC  000000010DCF8E64  Unknown               Unknown  Unknown
libsystem_platfor  00007FFF666F8B5D  Unknown               Unknown  Unknown
libmpi.40.dylib    00000001124622A1  Unknown               Unknown  Unknown
libesmf.dylib      000000010EB2E2F0  Unknown               Unknown  Unknown
libesmf.dylib      000000010EB0CE91  Unknown               Unknown  Unknown
libesmf.dylib      000000010EB5F8D0  Unknown               Unknown  Unknown
libesmf.dylib      000000010FD42D76  Unknown               Unknown  Unknown
libesmf.dylib      000000010F94F67A  Unknown               Unknown  Unknown
libesmf.dylib      000000010F94E98B  Unknown               Unknown  Unknown
ESMF_FieldBundleC  000000010DCCBE0F  _MAIN__                    59  ESMF_FieldBundleCreateEx.F90
ESMF_FieldBundleC  000000010DCCB8AE  Unknown               Unknown  Unknown
forrtl: severe (174): SIGSEGV, segmentation fault occurred
Image              PC                Routine            Line        Source             
ESMF_FieldBundleC  000000010FE50E64  Unknown               Unknown  Unknown
libsystem_platfor  00007FFF666F8B5D  Unknown               Unknown  Unknown
libmpi.40.dylib    00000001145BD2A1  Unknown               Unknown  Unknown
libesmf.dylib      0000000110C8C2F0  Unknown               Unknown  Unknown
libesmf.dylib      0000000110C6AE91  Unknown               Unknown  Unknown
libesmf.dylib      0000000110CBD8D0  Unknown               Unknown  Unknown
libesmf.dylib      0000000111EA0D76  Unknown               Unknown  Unknown
libesmf.dylib      0000000111AAD67A  Unknown               Unknown  Unknown
libesmf.dylib      0000000111AAC98B  Unknown               Unknown  Unknown
ESMF_FieldBundleC  000000010FE23E0F  _MAIN__                    59  ESMF_FieldBundleCreateEx.F90
ESMF_FieldBundleC  000000010FE238AE  Unknown               Unknown  Unknown
forrtl: severe (174): SIGSEGV, segmentation fault occurred
Image              PC                Routine            Line        Source             
ESMF_FieldBundleC  0000000102C5DE64  Unknown               Unknown  Unknown
libsystem_platfor  00007FFF666F8B5D  Unknown               Unknown  Unknown
libmpi.40.dylib    00000001073C82A1  Unknown               Unknown  Unknown
libesmf.dylib      0000000103A972F0  Unknown               Unknown  Unknown
libesmf.dylib      0000000103A75E91  Unknown               Unknown  Unknown
libesmf.dylib      0000000103AC88D0  Unknown               Unknown  Unknown
libesmf.dylib      0000000104CABD76  Unknown               Unknown  Unknown
libesmf.dylib      00000001048B867A  Unknown               Unknown  Unknown
libesmf.dylib      00000001048B798B  Unknown               Unknown  Unknown
ESMF_FieldBundleC  0000000102C30E0F  _MAIN__                    59  ESMF_FieldBundleCreateEx.F90
ESMF_FieldBundleC  0000000102C308AE  Unknown               Unknown  Unknown
forrtl: severe (174): SIGSEGV, segmentation fault occurred
Image              PC                Routine            Line        Source             
ESMF_FieldBundleC  0000000105B7CE64  Unknown               Unknown  Unknown
libsystem_platfor  00007FFF666F8B5D  Unknown               Unknown  Unknown
libmpi.40.dylib    000000010A2DE2A1  Unknown               Unknown  Unknown
libesmf.dylib      00000001069B42F0  Unknown               Unknown  Unknown
libesmf.dylib      0000000106992E91  Unknown               Unknown  Unknown
libesmf.dylib      00000001069E58D0  Unknown               Unknown  Unknown
libesmf.dylib      0000000107BC8D76  Unknown               Unknown  Unknown
libesmf.dylib      00000001077D567A  Unknown               Unknown  Unknown
libesmf.dylib      00000001077D498B  Unknown               Unknown  Unknown
ESMF_FieldBundleC  0000000105B4FE0F  _MAIN__                    59  ESMF_FieldBundleCreateEx.F90
ESMF_FieldBundleC  0000000105B4F8AE  Unknown               Unknown  Unknown
