build time -- 2021-10-29 15:27:51
forrtl: severe (174): SIGSEGV, segmentation fault occurred
Image              PC                Routine            Line        Source             
ESMF_InternalStat  0000000109B61F74  Unknown               Unknown  Unknown
libsystem_platfor  00007FFF666F8B5D  Unknown               Unknown  Unknown
libmpi.40.dylib    000000010E2CD2A1  Unknown               Unknown  Unknown
libesmf.dylib      000000010A9972F0  Unknown               Unknown  Unknown
libesmf.dylib      000000010A975E91  Unknown               Unknown  Unknown
libesmf.dylib      000000010A9C88D0  Unknown               Unknown  Unknown
libesmf.dylib      000000010BBABD76  Unknown               Unknown  Unknown
libesmf.dylib      000000010B7B867A  Unknown               Unknown  Unknown
libesmf.dylib      000000010B7B798B  Unknown               Unknown  Unknown
ESMF_InternalStat  0000000109B3C072  _MAIN__                    86  ESMF_InternalStateEx.F90
ESMF_InternalStat  0000000109B3BE3E  Unknown               Unknown  Unknown
forrtl: severe (174): SIGSEGV, segmentation fault occurred
Image              PC                Routine            Line        Source             
ESMF_InternalStat  00000001006C7F74  Unknown               Unknown  Unknown
libsystem_platfor  00007FFF666F8B5D  Unknown               Unknown  Unknown
libmpi.40.dylib    0000000104E282A1  Unknown               Unknown  Unknown
libesmf.dylib      00000001014F92F0  Unknown               Unknown  Unknown
libesmf.dylib      00000001014D7E91  Unknown               Unknown  Unknown
libesmf.dylib      000000010152A8D0  Unknown               Unknown  Unknown
libesmf.dylib      000000010270DD76  Unknown               Unknown  Unknown
libesmf.dylib      000000010231A67A  Unknown               Unknown  Unknown
libesmf.dylib      000000010231998B  Unknown               Unknown  Unknown
ESMF_InternalStat  00000001006A2072  _MAIN__                    86  ESMF_InternalStateEx.F90
ESMF_InternalStat  00000001006A1E3E  Unknown               Unknown  Unknown
forrtl: severe (174): SIGSEGV, segmentation fault occurred
Image              PC                Routine            Line        Source             
ESMF_InternalStat  0000000107BAEF74  Unknown               Unknown  Unknown
libsystem_platfor  00007FFF666F8B5D  Unknown               Unknown  Unknown
libmpi.40.dylib    0000000107F992A1  Unknown               Unknown  Unknown
libesmf.dylib      00000001094A92F0  Unknown               Unknown  Unknown
libesmf.dylib      0000000109487E91  Unknown               Unknown  Unknown
libesmf.dylib      00000001094DA8D0  Unknown               Unknown  Unknown
libesmf.dylib      000000010A6BDD76  Unknown               Unknown  Unknown
libesmf.dylib      000000010A2CA67A  Unknown               Unknown  Unknown
libesmf.dylib      000000010A2C998B  Unknown               Unknown  Unknown
ESMF_InternalStat  0000000107B89072  _MAIN__                    86  ESMF_InternalStateEx.F90
ESMF_InternalStat  0000000107B88E3E  Unknown               Unknown  Unknown
forrtl: severe (174): SIGSEGV, segmentation fault occurred
Image              PC                Routine            Line        Source             
ESMF_InternalStat  00000001075BFF74  Unknown               Unknown  Unknown
libsystem_platfor  00007FFF666F8B5D  Unknown               Unknown  Unknown
libmpi.40.dylib    000000010BD252A1  Unknown               Unknown  Unknown
libesmf.dylib      00000001083F52F0  Unknown               Unknown  Unknown
libesmf.dylib      00000001083D3E91  Unknown               Unknown  Unknown
libesmf.dylib      00000001084268D0  Unknown               Unknown  Unknown
libesmf.dylib      0000000109609D76  Unknown               Unknown  Unknown
libesmf.dylib      000000010921667A  Unknown               Unknown  Unknown
libesmf.dylib      000000010921598B  Unknown               Unknown  Unknown
ESMF_InternalStat  000000010759A072  _MAIN__                    86  ESMF_InternalStateEx.F90
ESMF_InternalStat  0000000107599E3E  Unknown               Unknown  Unknown
