build time -- 2021-10-29 15:27:51
forrtl: severe (174): SIGSEGV, segmentation fault occurred
Image              PC                Routine            Line        Source             
ESMF_NUOPCAtmMode  0000000100F200F4  Unknown               Unknown  Unknown
libsystem_platfor  00007FFF666F8B5D  Unknown               Unknown  Unknown
libmpi.40.dylib    00000001056862A1  Unknown               Unknown  Unknown
libesmf.dylib      0000000101D572F0  Unknown               Unknown  Unknown
libesmf.dylib      0000000101D35E91  Unknown               Unknown  Unknown
libesmf.dylib      0000000101D888D0  Unknown               Unknown  Unknown
libesmf.dylib      0000000102F6BD76  Unknown               Unknown  Unknown
libesmf.dylib      0000000102B7867A  Unknown               Unknown  Unknown
libesmf.dylib      0000000102B7798B  Unknown               Unknown  Unknown
ESMF_NUOPCAtmMode  0000000100EF9EFC  _MAIN__                   761  ESMF_NUOPCAtmModelEx.F90
ESMF_NUOPCAtmMode  0000000100EF5C9E  Unknown               Unknown  Unknown
forrtl: severe (174): SIGSEGV, segmentation fault occurred
Image              PC                Routine            Line        Source             
ESMF_NUOPCAtmMode  000000010688B0F4  Unknown               Unknown  Unknown
libsystem_platfor  00007FFF666F8B5D  Unknown               Unknown  Unknown
libmpi.40.dylib    0000000106C7B2A1  Unknown               Unknown  Unknown
libesmf.dylib      00000001097812F0  Unknown               Unknown  Unknown
libesmf.dylib      000000010975FE91  Unknown               Unknown  Unknown
libesmf.dylib      00000001097B28D0  Unknown               Unknown  Unknown
libesmf.dylib      000000010A995D76  Unknown               Unknown  Unknown
libesmf.dylib      000000010A5A267A  Unknown               Unknown  Unknown
libesmf.dylib      000000010A5A198B  Unknown               Unknown  Unknown
ESMF_NUOPCAtmMode  0000000106864EFC  _MAIN__                   761  ESMF_NUOPCAtmModelEx.F90
ESMF_NUOPCAtmMode  0000000106860C9E  Unknown               Unknown  Unknown
forrtl: severe (174): SIGSEGV, segmentation fault occurred
Image              PC                Routine            Line        Source             
ESMF_NUOPCAtmMode  000000010E6930F4  Unknown               Unknown  Unknown
libsystem_platfor  00007FFF666F8B5D  Unknown               Unknown  Unknown
libmpi.40.dylib    0000000112DFD2A1  Unknown               Unknown  Unknown
libesmf.dylib      000000010F4CC2F0  Unknown               Unknown  Unknown
libesmf.dylib      000000010F4AAE91  Unknown               Unknown  Unknown
libesmf.dylib      000000010F4FD8D0  Unknown               Unknown  Unknown
libesmf.dylib      00000001106E0D76  Unknown               Unknown  Unknown
libesmf.dylib      00000001102ED67A  Unknown               Unknown  Unknown
libesmf.dylib      00000001102EC98B  Unknown               Unknown  Unknown
ESMF_NUOPCAtmMode  000000010E66CEFC  _MAIN__                   761  ESMF_NUOPCAtmModelEx.F90
ESMF_NUOPCAtmMode  000000010E668C9E  Unknown               Unknown  Unknown
forrtl: severe (174): SIGSEGV, segmentation fault occurred
Image              PC                Routine            Line        Source             
ESMF_NUOPCAtmMode  0000000108B250F4  Unknown               Unknown  Unknown
libsystem_platfor  00007FFF666F8B5D  Unknown               Unknown  Unknown
libmpi.40.dylib    0000000108F152A1  Unknown               Unknown  Unknown
libesmf.dylib      000000010C30D2F0  Unknown               Unknown  Unknown
libesmf.dylib      000000010C2EBE91  Unknown               Unknown  Unknown
libesmf.dylib      000000010C33E8D0  Unknown               Unknown  Unknown
libesmf.dylib      000000010D521D76  Unknown               Unknown  Unknown
libesmf.dylib      000000010D12E67A  Unknown               Unknown  Unknown
libesmf.dylib      000000010D12D98B  Unknown               Unknown  Unknown
ESMF_NUOPCAtmMode  0000000108AFEEFC  _MAIN__                   761  ESMF_NUOPCAtmModelEx.F90
ESMF_NUOPCAtmMode  0000000108AFAC9E  Unknown               Unknown  Unknown
