build time -- 2021-12-06 06:01:43
20211206 064420.628 INFO             PET0 !!!!!!!!!!!!!!!!!!!!!!!!!!!!!!!!!!!!!!!!!!!!!!!!!!!!!!
20211206 064420.628 INFO             PET0 !!! THE ESMF_LOG IS SET TO OUTPUT ALL LOG MESSAGES !!!
20211206 064420.628 INFO             PET0 !!!     THIS MAY CAUSE SLOWDOWN IN PERFORMANCE     !!!
20211206 064420.628 INFO             PET0 !!! FOR PRODUCTION RUNS, USE:                      !!!
20211206 064420.628 INFO             PET0 !!!                   ESMF_LOGKIND_Multi_On_Error  !!!
20211206 064420.628 INFO             PET0 !!!!!!!!!!!!!!!!!!!!!!!!!!!!!!!!!!!!!!!!!!!!!!!!!!!!!!
20211206 064420.628 INFO             PET0 Running with ESMF Version   : ESMF_8_3_0_beta_snapshot_04-7-gc7b07b1e9a
20211206 064420.628 INFO             PET0 ESMF library build date/time: "Dec  6 2021" "06:00:03"
20211206 064420.628 INFO             PET0 ESMF library build location : /scratch1/NCEPDEV/stmp2/role.esmfmaint/intel_18.0.4_mpiuni_g_develop
20211206 064420.628 INFO             PET0 ESMF_COMM                   : mpiuni
20211206 064420.629 INFO             PET0 ESMF_MOAB                   : enabled
20211206 064420.629 INFO             PET0 ESMF_LAPACK                 : enabled
20211206 064420.629 INFO             PET0 ESMF_NETCDF                 : enabled
20211206 064420.629 INFO             PET0 ESMF_PNETCDF                : disabled
20211206 064420.629 INFO             PET0 ESMF_PIO                    : disabled
20211206 064420.629 INFO             PET0 ESMF_YAMLCPP                : enabled
20211206 064420.634 INFO             PET0  NUMBER_OF_PROCESSORS           1
20211206 064420.634 INFO             PET0  PASS  Example ESMF_SCompEx, ESMF_SCompEx.F90, line 385
20211206 064420.634 INFO             PET0 Finalizing ESMF
