build time -- 2021-12-04 06:01:15
20211204 063054.842 INFO             PET0 !!!!!!!!!!!!!!!!!!!!!!!!!!!!!!!!!!!!!!!!!!!!!!!!!!!!!!
20211204 063054.842 INFO             PET0 !!! THE ESMF_LOG IS SET TO OUTPUT ALL LOG MESSAGES !!!
20211204 063054.842 INFO             PET0 !!!     THIS MAY CAUSE SLOWDOWN IN PERFORMANCE     !!!
20211204 063054.842 INFO             PET0 !!! FOR PRODUCTION RUNS, USE:                      !!!
20211204 063054.842 INFO             PET0 !!!                   ESMF_LOGKIND_Multi_On_Error  !!!
20211204 063054.842 INFO             PET0 !!!!!!!!!!!!!!!!!!!!!!!!!!!!!!!!!!!!!!!!!!!!!!!!!!!!!!
20211204 063054.842 INFO             PET0 Running with ESMF Version   : ESMF_8_3_0_beta_snapshot_04-7-gc7b07b1e9a
20211204 063054.842 INFO             PET0 ESMF library build date/time: "Dec  4 2021" "05:59:36"
20211204 063054.842 INFO             PET0 ESMF library build location : /scratch1/NCEPDEV/stmp2/role.esmfmaint/intel_18.0.4_mpiuni_g_develop
20211204 063054.842 INFO             PET0 ESMF_COMM                   : mpiuni
20211204 063054.843 INFO             PET0 ESMF_MOAB                   : enabled
20211204 063054.843 INFO             PET0 ESMF_LAPACK                 : enabled
20211204 063054.843 INFO             PET0 ESMF_NETCDF                 : enabled
20211204 063054.844 INFO             PET0 ESMF_PNETCDF                : disabled
20211204 063054.844 INFO             PET0 ESMF_PIO                    : disabled
20211204 063054.844 INFO             PET0 ESMF_YAMLCPP                : enabled
20211204 063054.857 INFO             PET0  NUMBER_OF_PROCESSORS           1
20211204 063054.858 INFO             PET0  PASS  Example ESMF_StateReadWriteEx, ESMF_StateReadWriteEx.F90, line 185
20211204 063054.858 INFO             PET0 Finalizing ESMF
