build time -- 2021-10-07 06:46:47
20211007 072409.821 INFO             PET0 !!!!!!!!!!!!!!!!!!!!!!!!!!!!!!!!!!!!!!!!!!!!!!!!!!!!!!
20211007 072409.821 INFO             PET0 !!! THE ESMF_LOG IS SET TO OUTPUT ALL LOG MESSAGES !!!
20211007 072409.821 INFO             PET0 !!!     THIS MAY CAUSE SLOWDOWN IN PERFORMANCE     !!!
20211007 072409.821 INFO             PET0 !!! FOR PRODUCTION RUNS, USE:                      !!!
20211007 072409.821 INFO             PET0 !!!                   ESMF_LOGKIND_Multi_On_Error  !!!
20211007 072409.821 INFO             PET0 !!!!!!!!!!!!!!!!!!!!!!!!!!!!!!!!!!!!!!!!!!!!!!!!!!!!!!
20211007 072409.822 INFO             PET0 Running with ESMF Version   : ESMF_8_3_0_beta_snapshot_00-2-g6354f297d2
20211007 072409.822 INFO             PET0 ESMF library build date/time: "Oct  7 2021" "06:45:04"
20211007 072409.822 INFO             PET0 ESMF library build location : /scratch1/NCEPDEV/stmp2/Mark.Potts/intel_18.0.4_mpiuni_g_develop
20211007 072409.822 INFO             PET0 ESMF_COMM                   : mpiuni
20211007 072409.822 INFO             PET0 ESMF_MOAB                   : enabled
20211007 072409.822 INFO             PET0 ESMF_LAPACK                 : enabled
20211007 072409.822 INFO             PET0 ESMF_NETCDF                 : enabled
20211007 072409.822 INFO             PET0 ESMF_PNETCDF                : disabled
20211007 072409.822 INFO             PET0 ESMF_PIO                    : disabled
20211007 072409.822 INFO             PET0 ESMF_YAMLCPP                : enabled
20211007 072409.823 INFO             PET0  NUMBER_OF_PROCESSORS           1
20211007 072409.823 INFO             PET0  PASS  Example ESMF_StateReconcileEx, ESMF_StateReconcileEx.F90, line 294
20211007 072409.823 INFO             PET0 Finalizing ESMF
