build time -- 2021-12-20 06:03:53
20211220 063233.584 INFO             PET0 !!!!!!!!!!!!!!!!!!!!!!!!!!!!!!!!!!!!!!!!!!!!!!!!!!!!!!
20211220 063233.584 INFO             PET0 !!! THE ESMF_LOG IS SET TO OUTPUT ALL LOG MESSAGES !!!
20211220 063233.584 INFO             PET0 !!!     THIS MAY CAUSE SLOWDOWN IN PERFORMANCE     !!!
20211220 063233.584 INFO             PET0 !!! FOR PRODUCTION RUNS, USE:                      !!!
20211220 063233.584 INFO             PET0 !!!                   ESMF_LOGKIND_Multi_On_Error  !!!
20211220 063233.584 INFO             PET0 !!!!!!!!!!!!!!!!!!!!!!!!!!!!!!!!!!!!!!!!!!!!!!!!!!!!!!
20211220 063233.584 INFO             PET0 Running with ESMF Version   : ESMF_8_3_0_beta_snapshot_05-1-g3e9d170f1f
20211220 063233.584 INFO             PET0 ESMF library build date/time: "Dec 20 2021" "06:02:13"
20211220 063233.584 INFO             PET0 ESMF library build location : /scratch1/NCEPDEV/stmp2/role.esmfmaint/intel_18.0.4_mpiuni_g_develop
20211220 063233.584 INFO             PET0 ESMF_COMM                   : mpiuni
20211220 063233.585 INFO             PET0 ESMF_MOAB                   : enabled
20211220 063233.585 INFO             PET0 ESMF_LAPACK                 : enabled
20211220 063233.585 INFO             PET0 ESMF_NETCDF                 : enabled
20211220 063233.585 INFO             PET0 ESMF_PNETCDF                : disabled
20211220 063233.585 INFO             PET0 ESMF_PIO                    : disabled
20211220 063233.585 INFO             PET0 ESMF_YAMLCPP                : enabled
20211220 063233.586 INFO             PET0  NUMBER_OF_PROCESSORS           1
20211220 063233.586 INFO             PET0  PASS  Example ESMF_VMDefaultBasicsEx, ESMF_VMDefaultBasicsEx.F90, line 107
20211220 063233.586 INFO             PET0 Finalizing ESMF
