build time -- 2021-12-10 23:27:23
20211211 005044.763 INFO             PET0 !!!!!!!!!!!!!!!!!!!!!!!!!!!!!!!!!!!!!!!!!!!!!!!!!!!!!!
20211211 005044.763 INFO             PET0 !!! THE ESMF_LOG IS SET TO OUTPUT ALL LOG MESSAGES !!!
20211211 005044.763 INFO             PET0 !!!     THIS MAY CAUSE SLOWDOWN IN PERFORMANCE     !!!
20211211 005044.763 INFO             PET0 !!! FOR PRODUCTION RUNS, USE:                      !!!
20211211 005044.763 INFO             PET0 !!!                   ESMF_LOGKIND_Multi_On_Error  !!!
20211211 005044.763 INFO             PET0 !!!!!!!!!!!!!!!!!!!!!!!!!!!!!!!!!!!!!!!!!!!!!!!!!!!!!!
20211211 005044.763 INFO             PET0 Running with ESMF Version   : 8.3.0 beta snapshot
20211211 005044.763 INFO             PET0 ESMF library build date/time: "Dec 10 2021" "23:25:36"
20211211 005044.763 INFO             PET0 ESMF library build location : /lustre/f2/dev/ncep/Mark.Potts/gfortran_8.3.0_mpiuni_g_develop
20211211 005044.763 INFO             PET0 ESMF_COMM                   : mpiuni
20211211 005044.765 INFO             PET0 ESMF_MOAB                   : enabled
20211211 005044.765 INFO             PET0 ESMF_LAPACK                 : enabled
20211211 005044.765 INFO             PET0 ESMF_NETCDF                 : enabled
20211211 005044.765 INFO             PET0 ESMF_PNETCDF                : disabled
20211211 005044.765 INFO             PET0 ESMF_PIO                    : disabled
20211211 005044.765 INFO             PET0 ESMF_YAMLCPP                : enabled
20211211 005044.765 INFO             PET0  NUMBER_OF_PROCESSORS           1
20211211 005044.765 INFO             PET0  PASS  Example ESMF_VMScatterVMGatherEx, ESMF_VMScatterVMGatherEx.F90, line 120
20211211 005044.765 INFO             PET0 Finalizing ESMF
