build time -- 2021-11-17 23:41:35
20211118 010328.383 INFO             PET0 !!!!!!!!!!!!!!!!!!!!!!!!!!!!!!!!!!!!!!!!!!!!!!!!!!!!!!
20211118 010328.383 INFO             PET0 !!! THE ESMF_LOG IS SET TO OUTPUT ALL LOG MESSAGES !!!
20211118 010328.383 INFO             PET0 !!!     THIS MAY CAUSE SLOWDOWN IN PERFORMANCE     !!!
20211118 010328.383 INFO             PET0 !!! FOR PRODUCTION RUNS, USE:                      !!!
20211118 010328.383 INFO             PET0 !!!                   ESMF_LOGKIND_Multi_On_Error  !!!
20211118 010328.383 INFO             PET0 !!!!!!!!!!!!!!!!!!!!!!!!!!!!!!!!!!!!!!!!!!!!!!!!!!!!!!
20211118 010328.383 INFO             PET0 Running with ESMF Version   : 8.3.0 beta snapshot
20211118 010328.383 INFO             PET0 ESMF library build date/time: "Nov 17 2021" "23:39:48"
20211118 010328.383 INFO             PET0 ESMF library build location : /lustre/f2/dev/ncep/Mark.Potts/gfortran_8.3.0_mpiuni_g_develop
20211118 010328.383 INFO             PET0 ESMF_COMM                   : mpiuni
20211118 010328.384 INFO             PET0 ESMF_MOAB                   : enabled
20211118 010328.384 INFO             PET0 ESMF_LAPACK                 : enabled
20211118 010328.384 INFO             PET0 ESMF_NETCDF                 : enabled
20211118 010328.384 INFO             PET0 ESMF_PNETCDF                : disabled
20211118 010328.384 INFO             PET0 ESMF_PIO                    : disabled
20211118 010328.384 INFO             PET0 ESMF_YAMLCPP                : enabled
20211118 010328.384 INFO             PET0  NUMBER_OF_PROCESSORS           1
20211118 010328.384 INFO             PET0  PASS  Example ESMF_VMGetMPICommunicatorEx, ESMF_VMGetMPICommunicatorEx.F90, line 95
20211118 010328.384 INFO             PET0 Finalizing ESMF
