build time -- 2022-01-18 23:38:14
20220119 010231.428 INFO             PET0 !!!!!!!!!!!!!!!!!!!!!!!!!!!!!!!!!!!!!!!!!!!!!!!!!!!!!!
20220119 010231.428 INFO             PET0 !!! THE ESMF_LOG IS SET TO OUTPUT ALL LOG MESSAGES !!!
20220119 010231.428 INFO             PET0 !!!     THIS MAY CAUSE SLOWDOWN IN PERFORMANCE     !!!
20220119 010231.428 INFO             PET0 !!! FOR PRODUCTION RUNS, USE:                      !!!
20220119 010231.428 INFO             PET0 !!!                   ESMF_LOGKIND_Multi_On_Error  !!!
20220119 010231.428 INFO             PET0 !!!!!!!!!!!!!!!!!!!!!!!!!!!!!!!!!!!!!!!!!!!!!!!!!!!!!!
20220119 010231.428 INFO             PET0 Running with ESMF Version   : 8.3.0 beta snapshot
20220119 010231.428 INFO             PET0 ESMF library build date/time: "Jan 18 2022" "23:36:28"
20220119 010231.428 INFO             PET0 ESMF library build location : /lustre/f2/dev/ncep/Mark.Potts/gfortran_8.3.0_mpiuni_g_develop
20220119 010231.428 INFO             PET0 ESMF_COMM                   : mpiuni
20220119 010231.429 INFO             PET0 ESMF_MOAB                   : enabled
20220119 010231.429 INFO             PET0 ESMF_LAPACK                 : enabled
20220119 010231.429 INFO             PET0 ESMF_NETCDF                 : enabled
20220119 010231.429 INFO             PET0 ESMF_PNETCDF                : disabled
20220119 010231.429 INFO             PET0 ESMF_PIO                    : disabled
20220119 010231.429 INFO             PET0 ESMF_YAMLCPP                : enabled
20220119 010233.600 INFO             PET0  NUMBER_OF_PROCESSORS           1
20220119 010233.600 INFO             PET0  PASS  Example ESMF_GridUsageEx, ESMF_GridUsageEx.F90, line 3470
20220119 010233.600 INFO             PET0 Finalizing ESMF
