build time -- 2021-10-27 00:34:34
20211027 010003.743 INFO             PET0 !!!!!!!!!!!!!!!!!!!!!!!!!!!!!!!!!!!!!!!!!!!!!!!!!!!!!!
20211027 010003.743 INFO             PET0 !!! THE ESMF_LOG IS SET TO OUTPUT ALL LOG MESSAGES !!!
20211027 010003.743 INFO             PET0 !!!     THIS MAY CAUSE SLOWDOWN IN PERFORMANCE     !!!
20211027 010003.743 INFO             PET0 !!! FOR PRODUCTION RUNS, USE:                      !!!
20211027 010003.743 INFO             PET0 !!!                   ESMF_LOGKIND_Multi_On_Error  !!!
20211027 010003.743 INFO             PET0 !!!!!!!!!!!!!!!!!!!!!!!!!!!!!!!!!!!!!!!!!!!!!!!!!!!!!!
20211027 010003.743 INFO             PET0 Running with ESMF Version   : 8.2.0
20211027 010003.743 INFO             PET0 ESMF library build date/time: "Oct 27 2021" "00:33:02"
20211027 010003.743 INFO             PET0 ESMF library build location : /lustre/f2/dev/ncep/Mark.Potts/intel_2019.5_mpiuni_g_main
20211027 010003.743 INFO             PET0 ESMF_COMM                   : mpiuni
20211027 010003.744 INFO             PET0 ESMF_MOAB                   : enabled
20211027 010003.744 INFO             PET0 ESMF_LAPACK                 : enabled
20211027 010003.744 INFO             PET0 ESMF_NETCDF                 : enabled
20211027 010003.744 INFO             PET0 ESMF_PNETCDF                : disabled
20211027 010003.744 INFO             PET0 ESMF_PIO                    : disabled
20211027 010003.744 INFO             PET0 ESMF_YAMLCPP                : enabled
20211027 010003.803 INFO             PET0  NUMBER_OF_PROCESSORS           1
20211027 010003.804 INFO             PET0  PASS  Example ESMF_RHandleDynamicMaskingEx, ESMF_RHandleDynamicMaskingEx.F90, line 1116
20211027 010003.804 INFO             PET0 Finalizing ESMF
