build time -- 2022-02-26 23:28:54
20220227 004443.839 INFO             PET0 !!!!!!!!!!!!!!!!!!!!!!!!!!!!!!!!!!!!!!!!!!!!!!!!!!!!!!
20220227 004443.840 INFO             PET0 !!! THE ESMF_LOG IS SET TO OUTPUT ALL LOG MESSAGES !!!
20220227 004443.840 INFO             PET0 !!!     THIS MAY CAUSE SLOWDOWN IN PERFORMANCE     !!!
20220227 004443.840 INFO             PET0 !!! FOR PRODUCTION RUNS, USE:                      !!!
20220227 004443.840 INFO             PET0 !!!                   ESMF_LOGKIND_Multi_On_Error  !!!
20220227 004443.840 INFO             PET0 !!!!!!!!!!!!!!!!!!!!!!!!!!!!!!!!!!!!!!!!!!!!!!!!!!!!!!
20220227 004443.840 INFO             PET0 Running with ESMF Version   : v8.3.0b08-90-g763a12848c
20220227 004443.840 INFO             PET0 ESMF library build date/time: "Feb 26 2022" "23:27:17"
20220227 004443.840 INFO             PET0 ESMF library build location : /lustre/f2/dev/ncep/Mark.Potts/gfortran_8.3.0_mpi_O_jedwards_pio_update2
20220227 004443.840 INFO             PET0 ESMF_COMM                   : mpi
20220227 004443.841 INFO             PET0 ESMF_MOAB                   : enabled
20220227 004443.841 INFO             PET0 ESMF_LAPACK                 : enabled
20220227 004443.841 INFO             PET0 ESMF_NETCDF                 : enabled
20220227 004443.841 INFO             PET0 ESMF_PNETCDF                : disabled
20220227 004443.841 INFO             PET0 ESMF_PIO                    : enabled
20220227 004443.841 INFO             PET0 ESMF_YAMLCPP                : enabled
20220227 004443.844 INFO             PET0  NUMBER_OF_PROCESSORS           1
20220227 004443.844 INFO             PET0  PASS  Example ESMF_AlarmEx, ESMF_AlarmEx.F90, line 244
20220227 004443.844 INFO             PET0 Finalizing ESMF
20220227 004443.844 INFO             PET0 ESMCI_IO_Handler.C:331 ESMCI::IO_Handler::finalize() 
20220227 004443.846 INFO             PET0 ESMCI_PIO_Handler.C:361 ESMCI::PIO_Handler::finalize() 
20220227 004443.847 INFO             PET0 ESMCI_IO_Handler.C:333 ESMCI::IO_Handler::finalize() after finalize, localrc = 0
20220227 004443.847 INFO             PET0 ESMCI_IO_Handler.C:356 ESMCI::IO_Handler::finalize() before return, localrc = 0
