build time -- 2021-12-13 02:30:04
20211213 025736.581 INFO             PET0 !!!!!!!!!!!!!!!!!!!!!!!!!!!!!!!!!!!!!!!!!!!!!!!!!!!!!!
20211213 025736.581 INFO             PET0 !!! THE ESMF_LOG IS SET TO OUTPUT ALL LOG MESSAGES !!!
20211213 025736.581 INFO             PET0 !!!     THIS MAY CAUSE SLOWDOWN IN PERFORMANCE     !!!
20211213 025736.581 INFO             PET0 !!! FOR PRODUCTION RUNS, USE:                      !!!
20211213 025736.581 INFO             PET0 !!!                   ESMF_LOGKIND_Multi_On_Error  !!!
20211213 025736.581 INFO             PET0 !!!!!!!!!!!!!!!!!!!!!!!!!!!!!!!!!!!!!!!!!!!!!!!!!!!!!!
20211213 025736.581 INFO             PET0 Running with ESMF Version   : ESMF_8_3_0_beta_snapshot_04-8-g60a38ef
20211213 025736.581 INFO             PET0 ESMF library build date/time: "Dec 13 2021" "02:28:48"
20211213 025736.581 INFO             PET0 ESMF library build location : /work/noaa/da/mpotts/sandbox/gfortran_8.3.0_openmpi_g_develop
20211213 025736.581 INFO             PET0 ESMF_COMM                   : openmpi
20211213 025736.582 INFO             PET0 ESMF_MOAB                   : enabled
20211213 025736.582 INFO             PET0 ESMF_LAPACK                 : enabled
20211213 025736.582 INFO             PET0 ESMF_NETCDF                 : enabled
20211213 025736.582 INFO             PET0 ESMF_PNETCDF                : disabled
20211213 025736.582 INFO             PET0 ESMF_PIO                    : enabled
20211213 025736.582 INFO             PET0 ESMF_YAMLCPP                : enabled
20211213 025736.583 INFO             PET0  NUMBER_OF_PROCESSORS           4
20211213 025736.583 INFO             PET0  PASS  Example ESMF_VMUserMpiCommMultiEx, ESMF_VMUserMpiCommMultiEx.F90, line 126
20211213 025736.583 INFO             PET0 Finalizing ESMF
20211213 025736.581 INFO             PET0 !!!!!!!!!!!!!!!!!!!!!!!!!!!!!!!!!!!!!!!!!!!!!!!!!!!!!!
20211213 025736.581 INFO             PET0 !!! THE ESMF_LOG IS SET TO OUTPUT ALL LOG MESSAGES !!!
20211213 025736.581 INFO             PET0 !!!     THIS MAY CAUSE SLOWDOWN IN PERFORMANCE     !!!
20211213 025736.581 INFO             PET0 !!! FOR PRODUCTION RUNS, USE:                      !!!
20211213 025736.581 INFO             PET0 !!!                   ESMF_LOGKIND_Multi_On_Error  !!!
20211213 025736.581 INFO             PET0 !!!!!!!!!!!!!!!!!!!!!!!!!!!!!!!!!!!!!!!!!!!!!!!!!!!!!!
20211213 025736.581 INFO             PET0 Running with ESMF Version   : ESMF_8_3_0_beta_snapshot_04-8-g60a38ef
20211213 025736.581 INFO             PET0 ESMF library build date/time: "Dec 13 2021" "02:28:48"
20211213 025736.581 INFO             PET0 ESMF library build location : /work/noaa/da/mpotts/sandbox/gfortran_8.3.0_openmpi_g_develop
20211213 025736.581 INFO             PET0 ESMF_COMM                   : openmpi
20211213 025736.582 INFO             PET0 ESMF_MOAB                   : enabled
20211213 025736.582 INFO             PET0 ESMF_LAPACK                 : enabled
20211213 025736.582 INFO             PET0 ESMF_NETCDF                 : enabled
20211213 025736.582 INFO             PET0 ESMF_PNETCDF                : disabled
20211213 025736.582 INFO             PET0 ESMF_PIO                    : enabled
20211213 025736.582 INFO             PET0 ESMF_YAMLCPP                : enabled
20211213 025736.584 INFO             PET0  NUMBER_OF_PROCESSORS           4
20211213 025736.584 INFO             PET0  PASS  Example ESMF_VMUserMpiCommMultiEx, ESMF_VMUserMpiCommMultiEx.F90, line 154
20211213 025736.584 INFO             PET0 Finalizing ESMF
20211213 025736.581 INFO             PET1 !!!!!!!!!!!!!!!!!!!!!!!!!!!!!!!!!!!!!!!!!!!!!!!!!!!!!!
20211213 025736.581 INFO             PET1 !!! THE ESMF_LOG IS SET TO OUTPUT ALL LOG MESSAGES !!!
20211213 025736.581 INFO             PET1 !!!     THIS MAY CAUSE SLOWDOWN IN PERFORMANCE     !!!
20211213 025736.581 INFO             PET1 !!! FOR PRODUCTION RUNS, USE:                      !!!
20211213 025736.581 INFO             PET1 !!!                   ESMF_LOGKIND_Multi_On_Error  !!!
20211213 025736.581 INFO             PET1 !!!!!!!!!!!!!!!!!!!!!!!!!!!!!!!!!!!!!!!!!!!!!!!!!!!!!!
20211213 025736.581 INFO             PET1 Running with ESMF Version   : ESMF_8_3_0_beta_snapshot_04-8-g60a38ef
20211213 025736.581 INFO             PET1 ESMF library build date/time: "Dec 13 2021" "02:28:48"
20211213 025736.581 INFO             PET1 ESMF library build location : /work/noaa/da/mpotts/sandbox/gfortran_8.3.0_openmpi_g_develop
20211213 025736.581 INFO             PET1 ESMF_COMM                   : openmpi
20211213 025736.582 INFO             PET1 ESMF_MOAB                   : enabled
20211213 025736.582 INFO             PET1 ESMF_LAPACK                 : enabled
20211213 025736.582 INFO             PET1 ESMF_NETCDF                 : enabled
20211213 025736.582 INFO             PET1 ESMF_PNETCDF                : disabled
20211213 025736.582 INFO             PET1 ESMF_PIO                    : enabled
20211213 025736.582 INFO             PET1 ESMF_YAMLCPP                : enabled
20211213 025736.583 INFO             PET1  NUMBER_OF_PROCESSORS           4
20211213 025736.583 INFO             PET1  PASS  Example ESMF_VMUserMpiCommMultiEx, ESMF_VMUserMpiCommMultiEx.F90, line 126
20211213 025736.583 INFO             PET1 Finalizing ESMF
20211213 025736.582 INFO             PET1 !!!!!!!!!!!!!!!!!!!!!!!!!!!!!!!!!!!!!!!!!!!!!!!!!!!!!!
20211213 025736.582 INFO             PET1 !!! THE ESMF_LOG IS SET TO OUTPUT ALL LOG MESSAGES !!!
20211213 025736.582 INFO             PET1 !!!     THIS MAY CAUSE SLOWDOWN IN PERFORMANCE     !!!
20211213 025736.582 INFO             PET1 !!! FOR PRODUCTION RUNS, USE:                      !!!
20211213 025736.582 INFO             PET1 !!!                   ESMF_LOGKIND_Multi_On_Error  !!!
20211213 025736.582 INFO             PET1 !!!!!!!!!!!!!!!!!!!!!!!!!!!!!!!!!!!!!!!!!!!!!!!!!!!!!!
20211213 025736.582 INFO             PET1 Running with ESMF Version   : ESMF_8_3_0_beta_snapshot_04-8-g60a38ef
20211213 025736.582 INFO             PET1 ESMF library build date/time: "Dec 13 2021" "02:28:48"
20211213 025736.582 INFO             PET1 ESMF library build location : /work/noaa/da/mpotts/sandbox/gfortran_8.3.0_openmpi_g_develop
20211213 025736.582 INFO             PET1 ESMF_COMM                   : openmpi
20211213 025736.582 INFO             PET1 ESMF_MOAB                   : enabled
20211213 025736.582 INFO             PET1 ESMF_LAPACK                 : enabled
20211213 025736.582 INFO             PET1 ESMF_NETCDF                 : enabled
20211213 025736.582 INFO             PET1 ESMF_PNETCDF                : disabled
20211213 025736.582 INFO             PET1 ESMF_PIO                    : enabled
20211213 025736.582 INFO             PET1 ESMF_YAMLCPP                : enabled
20211213 025736.582 INFO             PET1  NUMBER_OF_PROCESSORS           4
20211213 025736.582 INFO             PET1  PASS  Example ESMF_VMUserMpiCommMultiEx, ESMF_VMUserMpiCommMultiEx.F90, line 154
20211213 025736.582 INFO             PET1 Finalizing ESMF
