build time -- 2022-01-21 02:36:30
20220121 030133.125 INFO             PET0 !!!!!!!!!!!!!!!!!!!!!!!!!!!!!!!!!!!!!!!!!!!!!!!!!!!!!!
20220121 030133.125 INFO             PET0 !!! THE ESMF_LOG IS SET TO OUTPUT ALL LOG MESSAGES !!!
20220121 030133.125 INFO             PET0 !!!     THIS MAY CAUSE SLOWDOWN IN PERFORMANCE     !!!
20220121 030133.125 INFO             PET0 !!! FOR PRODUCTION RUNS, USE:                      !!!
20220121 030133.125 INFO             PET0 !!!                   ESMF_LOGKIND_Multi_On_Error  !!!
20220121 030133.125 INFO             PET0 !!!!!!!!!!!!!!!!!!!!!!!!!!!!!!!!!!!!!!!!!!!!!!!!!!!!!!
20220121 030133.125 INFO             PET0 Running with ESMF Version   : ESMF_8_3_0_beta_snapshot_06-7-gdaedd10
20220121 030133.125 INFO             PET0 ESMF library build date/time: "Jan 21 2022" "02:35:14"
20220121 030133.125 INFO             PET0 ESMF library build location : /work/noaa/da/mpotts/sandbox/gfortran_8.3.0_openmpi_g_develop
20220121 030133.125 INFO             PET0 ESMF_COMM                   : openmpi
20220121 030133.129 INFO             PET0 ESMF_MOAB                   : enabled
20220121 030133.129 INFO             PET0 ESMF_LAPACK                 : enabled
20220121 030133.129 INFO             PET0 ESMF_NETCDF                 : enabled
20220121 030133.129 INFO             PET0 ESMF_PNETCDF                : disabled
20220121 030133.129 INFO             PET0 ESMF_PIO                    : enabled
20220121 030133.129 INFO             PET0 ESMF_YAMLCPP                : enabled
20220121 030133.131 INFO             PET0 ESMF_FieldRedistStoreNF(): Just entered routine.
20220121 030133.133 INFO             PET0 ESMF_FieldRedistStoreNF(): Leaving routine.
20220121 030133.138 INFO             PET0 ESMF_FieldRedistStoreNF(): Just entered routine.
20220121 030133.138 INFO             PET0 ESMF_FieldRedistStoreNF(): Leaving routine.
20220121 030133.138 INFO             PET0 ESMF_FieldRedistStoreNF(): Just entered routine.
20220121 030133.139 INFO             PET0 ESMF_FieldRedistStoreNF(): Leaving routine.
20220121 030133.140 INFO             PET0  NUMBER_OF_PROCESSORS           4
20220121 030133.140 INFO             PET0  PASS  Example ESMF_FieldRedistEx, ESMF_FieldRedistEx.F90, line 521
20220121 030133.140 INFO             PET0 Finalizing ESMF
20220121 030133.124 INFO             PET1 !!!!!!!!!!!!!!!!!!!!!!!!!!!!!!!!!!!!!!!!!!!!!!!!!!!!!!
20220121 030133.124 INFO             PET1 !!! THE ESMF_LOG IS SET TO OUTPUT ALL LOG MESSAGES !!!
20220121 030133.124 INFO             PET1 !!!     THIS MAY CAUSE SLOWDOWN IN PERFORMANCE     !!!
20220121 030133.124 INFO             PET1 !!! FOR PRODUCTION RUNS, USE:                      !!!
20220121 030133.124 INFO             PET1 !!!                   ESMF_LOGKIND_Multi_On_Error  !!!
20220121 030133.124 INFO             PET1 !!!!!!!!!!!!!!!!!!!!!!!!!!!!!!!!!!!!!!!!!!!!!!!!!!!!!!
20220121 030133.124 INFO             PET1 Running with ESMF Version   : ESMF_8_3_0_beta_snapshot_06-7-gdaedd10
20220121 030133.124 INFO             PET1 ESMF library build date/time: "Jan 21 2022" "02:35:14"
20220121 030133.124 INFO             PET1 ESMF library build location : /work/noaa/da/mpotts/sandbox/gfortran_8.3.0_openmpi_g_develop
20220121 030133.124 INFO             PET1 ESMF_COMM                   : openmpi
20220121 030133.125 INFO             PET1 ESMF_MOAB                   : enabled
20220121 030133.125 INFO             PET1 ESMF_LAPACK                 : enabled
20220121 030133.125 INFO             PET1 ESMF_NETCDF                 : enabled
20220121 030133.125 INFO             PET1 ESMF_PNETCDF                : disabled
20220121 030133.125 INFO             PET1 ESMF_PIO                    : enabled
20220121 030133.125 INFO             PET1 ESMF_YAMLCPP                : enabled
20220121 030133.131 INFO             PET1 ESMF_FieldRedistStoreNF(): Just entered routine.
20220121 030133.134 INFO             PET1 ESMF_FieldRedistStoreNF(): Leaving routine.
20220121 030133.138 INFO             PET1 ESMF_FieldRedistStoreNF(): Just entered routine.
20220121 030133.138 INFO             PET1 ESMF_FieldRedistStoreNF(): Leaving routine.
20220121 030133.138 INFO             PET1 ESMF_FieldRedistStoreNF(): Just entered routine.
20220121 030133.139 INFO             PET1 ESMF_FieldRedistStoreNF(): Leaving routine.
20220121 030133.140 INFO             PET1  NUMBER_OF_PROCESSORS           4
20220121 030133.140 INFO             PET1  PASS  Example ESMF_FieldRedistEx, ESMF_FieldRedistEx.F90, line 521
20220121 030133.140 INFO             PET1 Finalizing ESMF
20220121 030133.125 INFO             PET2 !!!!!!!!!!!!!!!!!!!!!!!!!!!!!!!!!!!!!!!!!!!!!!!!!!!!!!
20220121 030133.125 INFO             PET2 !!! THE ESMF_LOG IS SET TO OUTPUT ALL LOG MESSAGES !!!
20220121 030133.125 INFO             PET2 !!!     THIS MAY CAUSE SLOWDOWN IN PERFORMANCE     !!!
20220121 030133.125 INFO             PET2 !!! FOR PRODUCTION RUNS, USE:                      !!!
20220121 030133.125 INFO             PET2 !!!                   ESMF_LOGKIND_Multi_On_Error  !!!
20220121 030133.125 INFO             PET2 !!!!!!!!!!!!!!!!!!!!!!!!!!!!!!!!!!!!!!!!!!!!!!!!!!!!!!
20220121 030133.125 INFO             PET2 Running with ESMF Version   : ESMF_8_3_0_beta_snapshot_06-7-gdaedd10
20220121 030133.125 INFO             PET2 ESMF library build date/time: "Jan 21 2022" "02:35:14"
20220121 030133.125 INFO             PET2 ESMF library build location : /work/noaa/da/mpotts/sandbox/gfortran_8.3.0_openmpi_g_develop
20220121 030133.125 INFO             PET2 ESMF_COMM                   : openmpi
20220121 030133.127 INFO             PET2 ESMF_MOAB                   : enabled
20220121 030133.127 INFO             PET2 ESMF_LAPACK                 : enabled
20220121 030133.127 INFO             PET2 ESMF_NETCDF                 : enabled
20220121 030133.127 INFO             PET2 ESMF_PNETCDF                : disabled
20220121 030133.127 INFO             PET2 ESMF_PIO                    : enabled
20220121 030133.127 INFO             PET2 ESMF_YAMLCPP                : enabled
20220121 030133.131 INFO             PET2 ESMF_FieldRedistStoreNF(): Just entered routine.
20220121 030133.134 INFO             PET2 ESMF_FieldRedistStoreNF(): Leaving routine.
20220121 030133.138 INFO             PET2 ESMF_FieldRedistStoreNF(): Just entered routine.
20220121 030133.138 INFO             PET2 ESMF_FieldRedistStoreNF(): Leaving routine.
20220121 030133.138 INFO             PET2 ESMF_FieldRedistStoreNF(): Just entered routine.
20220121 030133.139 INFO             PET2 ESMF_FieldRedistStoreNF(): Leaving routine.
20220121 030133.140 INFO             PET2  NUMBER_OF_PROCESSORS           4
20220121 030133.140 INFO             PET2  PASS  Example ESMF_FieldRedistEx, ESMF_FieldRedistEx.F90, line 521
20220121 030133.140 INFO             PET2 Finalizing ESMF
20220121 030133.124 INFO             PET3 !!!!!!!!!!!!!!!!!!!!!!!!!!!!!!!!!!!!!!!!!!!!!!!!!!!!!!
20220121 030133.124 INFO             PET3 !!! THE ESMF_LOG IS SET TO OUTPUT ALL LOG MESSAGES !!!
20220121 030133.124 INFO             PET3 !!!     THIS MAY CAUSE SLOWDOWN IN PERFORMANCE     !!!
20220121 030133.124 INFO             PET3 !!! FOR PRODUCTION RUNS, USE:                      !!!
20220121 030133.124 INFO             PET3 !!!                   ESMF_LOGKIND_Multi_On_Error  !!!
20220121 030133.124 INFO             PET3 !!!!!!!!!!!!!!!!!!!!!!!!!!!!!!!!!!!!!!!!!!!!!!!!!!!!!!
20220121 030133.124 INFO             PET3 Running with ESMF Version   : ESMF_8_3_0_beta_snapshot_06-7-gdaedd10
20220121 030133.124 INFO             PET3 ESMF library build date/time: "Jan 21 2022" "02:35:14"
20220121 030133.124 INFO             PET3 ESMF library build location : /work/noaa/da/mpotts/sandbox/gfortran_8.3.0_openmpi_g_develop
20220121 030133.124 INFO             PET3 ESMF_COMM                   : openmpi
20220121 030133.125 INFO             PET3 ESMF_MOAB                   : enabled
20220121 030133.125 INFO             PET3 ESMF_LAPACK                 : enabled
20220121 030133.125 INFO             PET3 ESMF_NETCDF                 : enabled
20220121 030133.125 INFO             PET3 ESMF_PNETCDF                : disabled
20220121 030133.125 INFO             PET3 ESMF_PIO                    : enabled
20220121 030133.125 INFO             PET3 ESMF_YAMLCPP                : enabled
20220121 030133.131 INFO             PET3 ESMF_FieldRedistStoreNF(): Just entered routine.
20220121 030133.133 INFO             PET3 ESMF_FieldRedistStoreNF(): Leaving routine.
20220121 030133.138 INFO             PET3 ESMF_FieldRedistStoreNF(): Just entered routine.
20220121 030133.138 INFO             PET3 ESMF_FieldRedistStoreNF(): Leaving routine.
20220121 030133.138 INFO             PET3 ESMF_FieldRedistStoreNF(): Just entered routine.
20220121 030133.139 INFO             PET3 ESMF_FieldRedistStoreNF(): Leaving routine.
20220121 030133.140 INFO             PET3  NUMBER_OF_PROCESSORS           4
20220121 030133.140 INFO             PET3  PASS  Example ESMF_FieldRedistEx, ESMF_FieldRedistEx.F90, line 521
20220121 030133.140 INFO             PET3 Finalizing ESMF
