build time -- 2021-11-15 03:40:55
20211115 042506.201 INFO             PET0 !!!!!!!!!!!!!!!!!!!!!!!!!!!!!!!!!!!!!!!!!!!!!!!!!!!!!!
20211115 042506.201 INFO             PET0 !!! THE ESMF_LOG IS SET TO OUTPUT ALL LOG MESSAGES !!!
20211115 042506.201 INFO             PET0 !!!     THIS MAY CAUSE SLOWDOWN IN PERFORMANCE     !!!
20211115 042506.201 INFO             PET0 !!! FOR PRODUCTION RUNS, USE:                      !!!
20211115 042506.201 INFO             PET0 !!!                   ESMF_LOGKIND_Multi_On_Error  !!!
20211115 042506.201 INFO             PET0 !!!!!!!!!!!!!!!!!!!!!!!!!!!!!!!!!!!!!!!!!!!!!!!!!!!!!!
20211115 042506.201 INFO             PET0 Running with ESMF Version   : ESMF_8_3_0_beta_snapshot_02-9-g35b0f61
20211115 042506.201 INFO             PET0 ESMF library build date/time: "Nov 15 2021" "03:39:37"
20211115 042506.201 INFO             PET0 ESMF library build location : /work/noaa/da/mpotts/sandbox/gfortran_8.3.0_openmpi_g_develop
20211115 042506.201 INFO             PET0 ESMF_COMM                   : openmpi
20211115 042506.202 INFO             PET0 ESMF_MOAB                   : enabled
20211115 042506.202 INFO             PET0 ESMF_LAPACK                 : enabled
20211115 042506.202 INFO             PET0 ESMF_NETCDF                 : enabled
20211115 042506.202 INFO             PET0 ESMF_PNETCDF                : disabled
20211115 042506.202 INFO             PET0 ESMF_PIO                    : enabled
20211115 042506.202 INFO             PET0 ESMF_YAMLCPP                : enabled
20211115 042506.202 INFO             PET0 ESMF Tracing Enabled
20211115 042506.202 INFO             PET0 ESMF Profiling Enabled
20211115 042506.202 INFO             PET0 ESMF Trace/Profile clock: REALTIME
20211115 042506.205 INFO             PET0  NUMBER_OF_PROCESSORS           4
20211115 042506.205 INFO             PET0  PASS  Example ESMF_TraceEx, ESMF_TraceEx.F90, line 178
20211115 042506.205 INFO             PET0 Finalizing ESMF
20211115 042506.205 INFO             PET0 **************** Region Timings *******************
20211115 042506.205 INFO             PET0 Region              Count  Total (s)   Self (s)    Mean (s)    Min (s)     Max (s)
20211115 042506.205 INFO             PET0   [test] Run 1      5      0.0000      0.0000      0.0000      0.0000      0.0000
20211115 042506.205 INFO             PET0   [test] Init 1     1      0.0000      0.0000      0.0000      0.0000      0.0000
20211115 042506.205 INFO             PET0   [test] Final 1    1      0.0000      0.0000      0.0000      0.0000      0.0000
20211115 042506.201 INFO             PET1 !!!!!!!!!!!!!!!!!!!!!!!!!!!!!!!!!!!!!!!!!!!!!!!!!!!!!!
20211115 042506.201 INFO             PET1 !!! THE ESMF_LOG IS SET TO OUTPUT ALL LOG MESSAGES !!!
20211115 042506.201 INFO             PET1 !!!     THIS MAY CAUSE SLOWDOWN IN PERFORMANCE     !!!
20211115 042506.201 INFO             PET1 !!! FOR PRODUCTION RUNS, USE:                      !!!
20211115 042506.201 INFO             PET1 !!!                   ESMF_LOGKIND_Multi_On_Error  !!!
20211115 042506.201 INFO             PET1 !!!!!!!!!!!!!!!!!!!!!!!!!!!!!!!!!!!!!!!!!!!!!!!!!!!!!!
20211115 042506.201 INFO             PET1 Running with ESMF Version   : ESMF_8_3_0_beta_snapshot_02-9-g35b0f61
20211115 042506.201 INFO             PET1 ESMF library build date/time: "Nov 15 2021" "03:39:37"
20211115 042506.201 INFO             PET1 ESMF library build location : /work/noaa/da/mpotts/sandbox/gfortran_8.3.0_openmpi_g_develop
20211115 042506.201 INFO             PET1 ESMF_COMM                   : openmpi
20211115 042506.201 INFO             PET1 ESMF_MOAB                   : enabled
20211115 042506.201 INFO             PET1 ESMF_LAPACK                 : enabled
20211115 042506.201 INFO             PET1 ESMF_NETCDF                 : enabled
20211115 042506.201 INFO             PET1 ESMF_PNETCDF                : disabled
20211115 042506.201 INFO             PET1 ESMF_PIO                    : enabled
20211115 042506.201 INFO             PET1 ESMF_YAMLCPP                : enabled
20211115 042506.201 INFO             PET1 ESMF Tracing Enabled
20211115 042506.201 INFO             PET1 ESMF Profiling Enabled
20211115 042506.201 INFO             PET1 ESMF Trace/Profile clock: REALTIME
20211115 042506.205 INFO             PET1  NUMBER_OF_PROCESSORS           4
20211115 042506.205 INFO             PET1  PASS  Example ESMF_TraceEx, ESMF_TraceEx.F90, line 178
20211115 042506.205 INFO             PET1 Finalizing ESMF
20211115 042506.205 INFO             PET1 **************** Region Timings *******************
20211115 042506.205 INFO             PET1 Region              Count  Total (s)   Self (s)    Mean (s)    Min (s)     Max (s)
20211115 042506.205 INFO             PET1   [test] Run 1      5      0.0000      0.0000      0.0000      0.0000      0.0000
20211115 042506.205 INFO             PET1   [test] Init 1     1      0.0000      0.0000      0.0000      0.0000      0.0000
20211115 042506.205 INFO             PET1   [test] Final 1    1      0.0000      0.0000      0.0000      0.0000      0.0000
20211115 042506.201 INFO             PET2 !!!!!!!!!!!!!!!!!!!!!!!!!!!!!!!!!!!!!!!!!!!!!!!!!!!!!!
20211115 042506.201 INFO             PET2 !!! THE ESMF_LOG IS SET TO OUTPUT ALL LOG MESSAGES !!!
20211115 042506.201 INFO             PET2 !!!     THIS MAY CAUSE SLOWDOWN IN PERFORMANCE     !!!
20211115 042506.201 INFO             PET2 !!! FOR PRODUCTION RUNS, USE:                      !!!
20211115 042506.201 INFO             PET2 !!!                   ESMF_LOGKIND_Multi_On_Error  !!!
20211115 042506.201 INFO             PET2 !!!!!!!!!!!!!!!!!!!!!!!!!!!!!!!!!!!!!!!!!!!!!!!!!!!!!!
20211115 042506.201 INFO             PET2 Running with ESMF Version   : ESMF_8_3_0_beta_snapshot_02-9-g35b0f61
20211115 042506.201 INFO             PET2 ESMF library build date/time: "Nov 15 2021" "03:39:37"
20211115 042506.201 INFO             PET2 ESMF library build location : /work/noaa/da/mpotts/sandbox/gfortran_8.3.0_openmpi_g_develop
20211115 042506.201 INFO             PET2 ESMF_COMM                   : openmpi
20211115 042506.202 INFO             PET2 ESMF_MOAB                   : enabled
20211115 042506.202 INFO             PET2 ESMF_LAPACK                 : enabled
20211115 042506.202 INFO             PET2 ESMF_NETCDF                 : enabled
20211115 042506.202 INFO             PET2 ESMF_PNETCDF                : disabled
20211115 042506.202 INFO             PET2 ESMF_PIO                    : enabled
20211115 042506.202 INFO             PET2 ESMF_YAMLCPP                : enabled
20211115 042506.202 INFO             PET2 ESMF Tracing Enabled
20211115 042506.202 INFO             PET2 ESMF Profiling Enabled
20211115 042506.202 INFO             PET2 ESMF Trace/Profile clock: REALTIME
20211115 042506.205 INFO             PET2  NUMBER_OF_PROCESSORS           4
20211115 042506.205 INFO             PET2  PASS  Example ESMF_TraceEx, ESMF_TraceEx.F90, line 178
20211115 042506.205 INFO             PET2 Finalizing ESMF
20211115 042506.205 INFO             PET2 **************** Region Timings *******************
20211115 042506.205 INFO             PET2 Region              Count  Total (s)   Self (s)    Mean (s)    Min (s)     Max (s)
20211115 042506.205 INFO             PET2   [test] Run 1      5      0.0000      0.0000      0.0000      0.0000      0.0000
20211115 042506.205 INFO             PET2   [test] Init 1     1      0.0000      0.0000      0.0000      0.0000      0.0000
20211115 042506.205 INFO             PET2   [test] Final 1    1      0.0000      0.0000      0.0000      0.0000      0.0000
20211115 042506.201 INFO             PET3 !!!!!!!!!!!!!!!!!!!!!!!!!!!!!!!!!!!!!!!!!!!!!!!!!!!!!!
20211115 042506.201 INFO             PET3 !!! THE ESMF_LOG IS SET TO OUTPUT ALL LOG MESSAGES !!!
20211115 042506.201 INFO             PET3 !!!     THIS MAY CAUSE SLOWDOWN IN PERFORMANCE     !!!
20211115 042506.201 INFO             PET3 !!! FOR PRODUCTION RUNS, USE:                      !!!
20211115 042506.201 INFO             PET3 !!!                   ESMF_LOGKIND_Multi_On_Error  !!!
20211115 042506.201 INFO             PET3 !!!!!!!!!!!!!!!!!!!!!!!!!!!!!!!!!!!!!!!!!!!!!!!!!!!!!!
20211115 042506.201 INFO             PET3 Running with ESMF Version   : ESMF_8_3_0_beta_snapshot_02-9-g35b0f61
20211115 042506.201 INFO             PET3 ESMF library build date/time: "Nov 15 2021" "03:39:37"
20211115 042506.201 INFO             PET3 ESMF library build location : /work/noaa/da/mpotts/sandbox/gfortran_8.3.0_openmpi_g_develop
20211115 042506.201 INFO             PET3 ESMF_COMM                   : openmpi
20211115 042506.201 INFO             PET3 ESMF_MOAB                   : enabled
20211115 042506.201 INFO             PET3 ESMF_LAPACK                 : enabled
20211115 042506.201 INFO             PET3 ESMF_NETCDF                 : enabled
20211115 042506.201 INFO             PET3 ESMF_PNETCDF                : disabled
20211115 042506.201 INFO             PET3 ESMF_PIO                    : enabled
20211115 042506.201 INFO             PET3 ESMF_YAMLCPP                : enabled
20211115 042506.201 INFO             PET3 ESMF Tracing Enabled
20211115 042506.201 INFO             PET3 ESMF Profiling Enabled
20211115 042506.201 INFO             PET3 ESMF Trace/Profile clock: REALTIME
20211115 042506.205 INFO             PET3  NUMBER_OF_PROCESSORS           4
20211115 042506.205 INFO             PET3  PASS  Example ESMF_TraceEx, ESMF_TraceEx.F90, line 178
20211115 042506.205 INFO             PET3 Finalizing ESMF
20211115 042506.205 INFO             PET3 **************** Region Timings *******************
20211115 042506.205 INFO             PET3 Region              Count  Total (s)   Self (s)    Mean (s)    Min (s)     Max (s)
20211115 042506.205 INFO             PET3   [test] Run 1      5      0.0000      0.0000      0.0000      0.0000      0.0000
20211115 042506.205 INFO             PET3   [test] Init 1     1      0.0000      0.0000      0.0000      0.0000      0.0000
20211115 042506.205 INFO             PET3   [test] Final 1    1      0.0000      0.0000      0.0000      0.0000      0.0000
