build time -- 2021-11-10 02:31:53
20211110 025607.719 INFO             PET0 !!!!!!!!!!!!!!!!!!!!!!!!!!!!!!!!!!!!!!!!!!!!!!!!!!!!!!
20211110 025607.719 INFO             PET0 !!! THE ESMF_LOG IS SET TO OUTPUT ALL LOG MESSAGES !!!
20211110 025607.719 INFO             PET0 !!!     THIS MAY CAUSE SLOWDOWN IN PERFORMANCE     !!!
20211110 025607.719 INFO             PET0 !!! FOR PRODUCTION RUNS, USE:                      !!!
20211110 025607.719 INFO             PET0 !!!                   ESMF_LOGKIND_Multi_On_Error  !!!
20211110 025607.719 INFO             PET0 !!!!!!!!!!!!!!!!!!!!!!!!!!!!!!!!!!!!!!!!!!!!!!!!!!!!!!
20211110 025607.719 INFO             PET0 Running with ESMF Version   : ESMF_8_3_0_beta_snapshot_02-1-gd594fca
20211110 025607.719 INFO             PET0 ESMF library build date/time: "Nov 10 2021" "02:30:26"
20211110 025607.719 INFO             PET0 ESMF library build location : /work/noaa/da/mpotts/sandbox/gfortran_8.3.0_openmpi_g_develop
20211110 025607.719 INFO             PET0 ESMF_COMM                   : openmpi
20211110 025607.720 INFO             PET0 ESMF_MOAB                   : enabled
20211110 025607.720 INFO             PET0 ESMF_LAPACK                 : enabled
20211110 025607.720 INFO             PET0 ESMF_NETCDF                 : enabled
20211110 025607.720 INFO             PET0 ESMF_PNETCDF                : disabled
20211110 025607.720 INFO             PET0 ESMF_PIO                    : enabled
20211110 025607.720 INFO             PET0 ESMF_YAMLCPP                : enabled
20211110 025607.803 DEBUG            PET0 about to destroy Grid: 0xed0610
20211110 025607.819 DEBUG            PET0 about to destroy Grid: 0xed0ac0
20211110 025607.846 INFO             PET0  NUMBER_OF_PROCESSORS           4
20211110 025607.846 INFO             PET0  PASS  Example ESMF_NUOPCAtmModelEx, ESMF_NUOPCAtmModelEx.F90, line 806
20211110 025607.846 INFO             PET0 Finalizing ESMF
20211110 025607.719 INFO             PET1 !!!!!!!!!!!!!!!!!!!!!!!!!!!!!!!!!!!!!!!!!!!!!!!!!!!!!!
20211110 025607.719 INFO             PET1 !!! THE ESMF_LOG IS SET TO OUTPUT ALL LOG MESSAGES !!!
20211110 025607.719 INFO             PET1 !!!     THIS MAY CAUSE SLOWDOWN IN PERFORMANCE     !!!
20211110 025607.719 INFO             PET1 !!! FOR PRODUCTION RUNS, USE:                      !!!
20211110 025607.719 INFO             PET1 !!!                   ESMF_LOGKIND_Multi_On_Error  !!!
20211110 025607.719 INFO             PET1 !!!!!!!!!!!!!!!!!!!!!!!!!!!!!!!!!!!!!!!!!!!!!!!!!!!!!!
20211110 025607.719 INFO             PET1 Running with ESMF Version   : ESMF_8_3_0_beta_snapshot_02-1-gd594fca
20211110 025607.719 INFO             PET1 ESMF library build date/time: "Nov 10 2021" "02:30:26"
20211110 025607.719 INFO             PET1 ESMF library build location : /work/noaa/da/mpotts/sandbox/gfortran_8.3.0_openmpi_g_develop
20211110 025607.719 INFO             PET1 ESMF_COMM                   : openmpi
20211110 025607.719 INFO             PET1 ESMF_MOAB                   : enabled
20211110 025607.719 INFO             PET1 ESMF_LAPACK                 : enabled
20211110 025607.719 INFO             PET1 ESMF_NETCDF                 : enabled
20211110 025607.719 INFO             PET1 ESMF_PNETCDF                : disabled
20211110 025607.719 INFO             PET1 ESMF_PIO                    : enabled
20211110 025607.719 INFO             PET1 ESMF_YAMLCPP                : enabled
20211110 025607.803 DEBUG            PET1 about to destroy Grid: 0x1f34200
20211110 025607.819 DEBUG            PET1 about to destroy Grid: 0x1f353f0
20211110 025607.846 INFO             PET1  NUMBER_OF_PROCESSORS           4
20211110 025607.846 INFO             PET1  PASS  Example ESMF_NUOPCAtmModelEx, ESMF_NUOPCAtmModelEx.F90, line 806
20211110 025607.846 INFO             PET1 Finalizing ESMF
20211110 025607.719 INFO             PET2 !!!!!!!!!!!!!!!!!!!!!!!!!!!!!!!!!!!!!!!!!!!!!!!!!!!!!!
20211110 025607.719 INFO             PET2 !!! THE ESMF_LOG IS SET TO OUTPUT ALL LOG MESSAGES !!!
20211110 025607.719 INFO             PET2 !!!     THIS MAY CAUSE SLOWDOWN IN PERFORMANCE     !!!
20211110 025607.719 INFO             PET2 !!! FOR PRODUCTION RUNS, USE:                      !!!
20211110 025607.719 INFO             PET2 !!!                   ESMF_LOGKIND_Multi_On_Error  !!!
20211110 025607.719 INFO             PET2 !!!!!!!!!!!!!!!!!!!!!!!!!!!!!!!!!!!!!!!!!!!!!!!!!!!!!!
20211110 025607.719 INFO             PET2 Running with ESMF Version   : ESMF_8_3_0_beta_snapshot_02-1-gd594fca
20211110 025607.719 INFO             PET2 ESMF library build date/time: "Nov 10 2021" "02:30:26"
20211110 025607.719 INFO             PET2 ESMF library build location : /work/noaa/da/mpotts/sandbox/gfortran_8.3.0_openmpi_g_develop
20211110 025607.719 INFO             PET2 ESMF_COMM                   : openmpi
20211110 025607.719 INFO             PET2 ESMF_MOAB                   : enabled
20211110 025607.719 INFO             PET2 ESMF_LAPACK                 : enabled
20211110 025607.719 INFO             PET2 ESMF_NETCDF                 : enabled
20211110 025607.719 INFO             PET2 ESMF_PNETCDF                : disabled
20211110 025607.719 INFO             PET2 ESMF_PIO                    : enabled
20211110 025607.719 INFO             PET2 ESMF_YAMLCPP                : enabled
20211110 025607.803 DEBUG            PET2 about to destroy Grid: 0x182a7c0
20211110 025607.819 DEBUG            PET2 about to destroy Grid: 0x182ba30
20211110 025607.846 INFO             PET2  NUMBER_OF_PROCESSORS           4
20211110 025607.846 INFO             PET2  PASS  Example ESMF_NUOPCAtmModelEx, ESMF_NUOPCAtmModelEx.F90, line 806
20211110 025607.846 INFO             PET2 Finalizing ESMF
20211110 025607.718 INFO             PET3 !!!!!!!!!!!!!!!!!!!!!!!!!!!!!!!!!!!!!!!!!!!!!!!!!!!!!!
20211110 025607.719 INFO             PET3 !!! THE ESMF_LOG IS SET TO OUTPUT ALL LOG MESSAGES !!!
20211110 025607.719 INFO             PET3 !!!     THIS MAY CAUSE SLOWDOWN IN PERFORMANCE     !!!
20211110 025607.719 INFO             PET3 !!! FOR PRODUCTION RUNS, USE:                      !!!
20211110 025607.719 INFO             PET3 !!!                   ESMF_LOGKIND_Multi_On_Error  !!!
20211110 025607.719 INFO             PET3 !!!!!!!!!!!!!!!!!!!!!!!!!!!!!!!!!!!!!!!!!!!!!!!!!!!!!!
20211110 025607.719 INFO             PET3 Running with ESMF Version   : ESMF_8_3_0_beta_snapshot_02-1-gd594fca
20211110 025607.719 INFO             PET3 ESMF library build date/time: "Nov 10 2021" "02:30:26"
20211110 025607.719 INFO             PET3 ESMF library build location : /work/noaa/da/mpotts/sandbox/gfortran_8.3.0_openmpi_g_develop
20211110 025607.719 INFO             PET3 ESMF_COMM                   : openmpi
20211110 025607.719 INFO             PET3 ESMF_MOAB                   : enabled
20211110 025607.719 INFO             PET3 ESMF_LAPACK                 : enabled
20211110 025607.719 INFO             PET3 ESMF_NETCDF                 : enabled
20211110 025607.719 INFO             PET3 ESMF_PNETCDF                : disabled
20211110 025607.719 INFO             PET3 ESMF_PIO                    : enabled
20211110 025607.719 INFO             PET3 ESMF_YAMLCPP                : enabled
20211110 025607.803 DEBUG            PET3 about to destroy Grid: 0x199d370
20211110 025607.819 DEBUG            PET3 about to destroy Grid: 0x199e060
20211110 025607.846 INFO             PET3  NUMBER_OF_PROCESSORS           4
20211110 025607.846 INFO             PET3  PASS  Example ESMF_NUOPCAtmModelEx, ESMF_NUOPCAtmModelEx.F90, line 806
20211110 025607.846 INFO             PET3 Finalizing ESMF
