build time -- 2022-01-25 02:37:00
20220125 025839.979 INFO             PET0 !!!!!!!!!!!!!!!!!!!!!!!!!!!!!!!!!!!!!!!!!!!!!!!!!!!!!!
20220125 025839.979 INFO             PET0 !!! THE ESMF_LOG IS SET TO OUTPUT ALL LOG MESSAGES !!!
20220125 025839.979 INFO             PET0 !!!     THIS MAY CAUSE SLOWDOWN IN PERFORMANCE     !!!
20220125 025839.979 INFO             PET0 !!! FOR PRODUCTION RUNS, USE:                      !!!
20220125 025839.979 INFO             PET0 !!!                   ESMF_LOGKIND_Multi_On_Error  !!!
20220125 025839.979 INFO             PET0 !!!!!!!!!!!!!!!!!!!!!!!!!!!!!!!!!!!!!!!!!!!!!!!!!!!!!!
20220125 025839.979 INFO             PET0 Running with ESMF Version   : ESMF_8_3_0_beta_snapshot_06-9-gd3f8b21
20220125 025839.979 INFO             PET0 ESMF library build date/time: "Jan 25 2022" "02:35:41"
20220125 025839.979 INFO             PET0 ESMF library build location : /work/noaa/da/mpotts/sandbox/gfortran_8.3.0_openmpi_g_develop
20220125 025839.980 INFO             PET0 ESMF_COMM                   : openmpi
20220125 025839.981 INFO             PET0 ESMF_MOAB                   : enabled
20220125 025839.981 INFO             PET0 ESMF_LAPACK                 : enabled
20220125 025839.981 INFO             PET0 ESMF_NETCDF                 : enabled
20220125 025839.981 INFO             PET0 ESMF_PNETCDF                : disabled
20220125 025839.981 INFO             PET0 ESMF_PIO                    : enabled
20220125 025839.981 INFO             PET0 ESMF_YAMLCPP                : enabled
20220125 025839.983 INFO             PET0  NUMBER_OF_PROCESSORS           4
20220125 025839.983 INFO             PET0  PASS  Example ESMF_VMComponentEx, ESMF_VMComponentEx.F90, line 197
20220125 025839.983 INFO             PET0 Finalizing ESMF
20220125 025839.979 INFO             PET1 !!!!!!!!!!!!!!!!!!!!!!!!!!!!!!!!!!!!!!!!!!!!!!!!!!!!!!
20220125 025839.979 INFO             PET1 !!! THE ESMF_LOG IS SET TO OUTPUT ALL LOG MESSAGES !!!
20220125 025839.979 INFO             PET1 !!!     THIS MAY CAUSE SLOWDOWN IN PERFORMANCE     !!!
20220125 025839.979 INFO             PET1 !!! FOR PRODUCTION RUNS, USE:                      !!!
20220125 025839.979 INFO             PET1 !!!                   ESMF_LOGKIND_Multi_On_Error  !!!
20220125 025839.979 INFO             PET1 !!!!!!!!!!!!!!!!!!!!!!!!!!!!!!!!!!!!!!!!!!!!!!!!!!!!!!
20220125 025839.979 INFO             PET1 Running with ESMF Version   : ESMF_8_3_0_beta_snapshot_06-9-gd3f8b21
20220125 025839.979 INFO             PET1 ESMF library build date/time: "Jan 25 2022" "02:35:41"
20220125 025839.979 INFO             PET1 ESMF library build location : /work/noaa/da/mpotts/sandbox/gfortran_8.3.0_openmpi_g_develop
20220125 025839.979 INFO             PET1 ESMF_COMM                   : openmpi
20220125 025839.980 INFO             PET1 ESMF_MOAB                   : enabled
20220125 025839.980 INFO             PET1 ESMF_LAPACK                 : enabled
20220125 025839.980 INFO             PET1 ESMF_NETCDF                 : enabled
20220125 025839.980 INFO             PET1 ESMF_PNETCDF                : disabled
20220125 025839.980 INFO             PET1 ESMF_PIO                    : enabled
20220125 025839.980 INFO             PET1 ESMF_YAMLCPP                : enabled
20220125 025839.983 INFO             PET1  NUMBER_OF_PROCESSORS           4
20220125 025839.983 INFO             PET1  PASS  Example ESMF_VMComponentEx, ESMF_VMComponentEx.F90, line 197
20220125 025839.983 INFO             PET1 Finalizing ESMF
20220125 025839.980 INFO             PET2 !!!!!!!!!!!!!!!!!!!!!!!!!!!!!!!!!!!!!!!!!!!!!!!!!!!!!!
20220125 025839.980 INFO             PET2 !!! THE ESMF_LOG IS SET TO OUTPUT ALL LOG MESSAGES !!!
20220125 025839.980 INFO             PET2 !!!     THIS MAY CAUSE SLOWDOWN IN PERFORMANCE     !!!
20220125 025839.980 INFO             PET2 !!! FOR PRODUCTION RUNS, USE:                      !!!
20220125 025839.980 INFO             PET2 !!!                   ESMF_LOGKIND_Multi_On_Error  !!!
20220125 025839.980 INFO             PET2 !!!!!!!!!!!!!!!!!!!!!!!!!!!!!!!!!!!!!!!!!!!!!!!!!!!!!!
20220125 025839.980 INFO             PET2 Running with ESMF Version   : ESMF_8_3_0_beta_snapshot_06-9-gd3f8b21
20220125 025839.981 INFO             PET2 ESMF library build date/time: "Jan 25 2022" "02:35:41"
20220125 025839.981 INFO             PET2 ESMF library build location : /work/noaa/da/mpotts/sandbox/gfortran_8.3.0_openmpi_g_develop
20220125 025839.981 INFO             PET2 ESMF_COMM                   : openmpi
20220125 025839.982 INFO             PET2 ESMF_MOAB                   : enabled
20220125 025839.982 INFO             PET2 ESMF_LAPACK                 : enabled
20220125 025839.982 INFO             PET2 ESMF_NETCDF                 : enabled
20220125 025839.982 INFO             PET2 ESMF_PNETCDF                : disabled
20220125 025839.982 INFO             PET2 ESMF_PIO                    : enabled
20220125 025839.982 INFO             PET2 ESMF_YAMLCPP                : enabled
20220125 025839.983 INFO             PET2  NUMBER_OF_PROCESSORS           4
20220125 025839.983 INFO             PET2  PASS  Example ESMF_VMComponentEx, ESMF_VMComponentEx.F90, line 197
20220125 025839.983 INFO             PET2 Finalizing ESMF
20220125 025839.978 INFO             PET3 !!!!!!!!!!!!!!!!!!!!!!!!!!!!!!!!!!!!!!!!!!!!!!!!!!!!!!
20220125 025839.978 INFO             PET3 !!! THE ESMF_LOG IS SET TO OUTPUT ALL LOG MESSAGES !!!
20220125 025839.978 INFO             PET3 !!!     THIS MAY CAUSE SLOWDOWN IN PERFORMANCE     !!!
20220125 025839.978 INFO             PET3 !!! FOR PRODUCTION RUNS, USE:                      !!!
20220125 025839.978 INFO             PET3 !!!                   ESMF_LOGKIND_Multi_On_Error  !!!
20220125 025839.978 INFO             PET3 !!!!!!!!!!!!!!!!!!!!!!!!!!!!!!!!!!!!!!!!!!!!!!!!!!!!!!
20220125 025839.978 INFO             PET3 Running with ESMF Version   : ESMF_8_3_0_beta_snapshot_06-9-gd3f8b21
20220125 025839.978 INFO             PET3 ESMF library build date/time: "Jan 25 2022" "02:35:41"
20220125 025839.978 INFO             PET3 ESMF library build location : /work/noaa/da/mpotts/sandbox/gfortran_8.3.0_openmpi_g_develop
20220125 025839.978 INFO             PET3 ESMF_COMM                   : openmpi
20220125 025839.979 INFO             PET3 ESMF_MOAB                   : enabled
20220125 025839.979 INFO             PET3 ESMF_LAPACK                 : enabled
20220125 025839.979 INFO             PET3 ESMF_NETCDF                 : enabled
20220125 025839.979 INFO             PET3 ESMF_PNETCDF                : disabled
20220125 025839.979 INFO             PET3 ESMF_PIO                    : enabled
20220125 025839.979 INFO             PET3 ESMF_YAMLCPP                : enabled
20220125 025839.983 INFO             PET3  NUMBER_OF_PROCESSORS           4
20220125 025839.983 INFO             PET3  PASS  Example ESMF_VMComponentEx, ESMF_VMComponentEx.F90, line 197
20220125 025839.983 INFO             PET3 Finalizing ESMF
