build time -- 2022-01-30 02:37:53
20220130 030018.222 INFO             PET0 !!!!!!!!!!!!!!!!!!!!!!!!!!!!!!!!!!!!!!!!!!!!!!!!!!!!!!
20220130 030018.222 INFO             PET0 !!! THE ESMF_LOG IS SET TO OUTPUT ALL LOG MESSAGES !!!
20220130 030018.222 INFO             PET0 !!!     THIS MAY CAUSE SLOWDOWN IN PERFORMANCE     !!!
20220130 030018.222 INFO             PET0 !!! FOR PRODUCTION RUNS, USE:                      !!!
20220130 030018.222 INFO             PET0 !!!                   ESMF_LOGKIND_Multi_On_Error  !!!
20220130 030018.222 INFO             PET0 !!!!!!!!!!!!!!!!!!!!!!!!!!!!!!!!!!!!!!!!!!!!!!!!!!!!!!
20220130 030018.222 INFO             PET0 Running with ESMF Version   : ESMF_8_3_0_beta_snapshot_06-10-gce27d44
20220130 030018.222 INFO             PET0 ESMF library build date/time: "Jan 30 2022" "02:36:33"
20220130 030018.222 INFO             PET0 ESMF library build location : /work/noaa/da/mpotts/sandbox/gfortran_8.3.0_openmpi_g_develop
20220130 030018.222 INFO             PET0 ESMF_COMM                   : openmpi
20220130 030018.223 INFO             PET0 ESMF_MOAB                   : enabled
20220130 030018.223 INFO             PET0 ESMF_LAPACK                 : enabled
20220130 030018.223 INFO             PET0 ESMF_NETCDF                 : enabled
20220130 030018.223 INFO             PET0 ESMF_PNETCDF                : disabled
20220130 030018.223 INFO             PET0 ESMF_PIO                    : enabled
20220130 030018.223 INFO             PET0 ESMF_YAMLCPP                : enabled
20220130 030018.224 INFO             PET0  NUMBER_OF_PROCESSORS           2
20220130 030018.224 INFO             PET0  PASS  Example ESMF_VMUserMpiCommEx, ESMF_VMUserMpiCommEx.F90, line 113
20220130 030018.224 INFO             PET0 Finalizing ESMF
20220130 030018.222 INFO             PET1 !!!!!!!!!!!!!!!!!!!!!!!!!!!!!!!!!!!!!!!!!!!!!!!!!!!!!!
20220130 030018.223 INFO             PET1 !!! THE ESMF_LOG IS SET TO OUTPUT ALL LOG MESSAGES !!!
20220130 030018.223 INFO             PET1 !!!     THIS MAY CAUSE SLOWDOWN IN PERFORMANCE     !!!
20220130 030018.223 INFO             PET1 !!! FOR PRODUCTION RUNS, USE:                      !!!
20220130 030018.223 INFO             PET1 !!!                   ESMF_LOGKIND_Multi_On_Error  !!!
20220130 030018.223 INFO             PET1 !!!!!!!!!!!!!!!!!!!!!!!!!!!!!!!!!!!!!!!!!!!!!!!!!!!!!!
20220130 030018.223 INFO             PET1 Running with ESMF Version   : ESMF_8_3_0_beta_snapshot_06-10-gce27d44
20220130 030018.223 INFO             PET1 ESMF library build date/time: "Jan 30 2022" "02:36:33"
20220130 030018.223 INFO             PET1 ESMF library build location : /work/noaa/da/mpotts/sandbox/gfortran_8.3.0_openmpi_g_develop
20220130 030018.223 INFO             PET1 ESMF_COMM                   : openmpi
20220130 030018.223 INFO             PET1 ESMF_MOAB                   : enabled
20220130 030018.223 INFO             PET1 ESMF_LAPACK                 : enabled
20220130 030018.223 INFO             PET1 ESMF_NETCDF                 : enabled
20220130 030018.223 INFO             PET1 ESMF_PNETCDF                : disabled
20220130 030018.223 INFO             PET1 ESMF_PIO                    : enabled
20220130 030018.223 INFO             PET1 ESMF_YAMLCPP                : enabled
20220130 030018.224 INFO             PET1  NUMBER_OF_PROCESSORS           2
20220130 030018.224 INFO             PET1  PASS  Example ESMF_VMUserMpiCommEx, ESMF_VMUserMpiCommEx.F90, line 113
20220130 030018.224 INFO             PET1 Finalizing ESMF
