build time -- 2021-11-14 02:30:20
20211114 025037.278 INFO             PET0 !!!!!!!!!!!!!!!!!!!!!!!!!!!!!!!!!!!!!!!!!!!!!!!!!!!!!!
20211114 025037.278 INFO             PET0 !!! THE ESMF_LOG IS SET TO OUTPUT ALL LOG MESSAGES !!!
20211114 025037.278 INFO             PET0 !!!     THIS MAY CAUSE SLOWDOWN IN PERFORMANCE     !!!
20211114 025037.278 INFO             PET0 !!! FOR PRODUCTION RUNS, USE:                      !!!
20211114 025037.278 INFO             PET0 !!!                   ESMF_LOGKIND_Multi_On_Error  !!!
20211114 025037.278 INFO             PET0 !!!!!!!!!!!!!!!!!!!!!!!!!!!!!!!!!!!!!!!!!!!!!!!!!!!!!!
20211114 025037.278 INFO             PET0 Running with ESMF Version   : ESMF_8_3_0_beta_snapshot_02-9-g35b0f61
20211114 025037.278 INFO             PET0 ESMF library build date/time: "Nov 14 2021" "02:29:13"
20211114 025037.278 INFO             PET0 ESMF library build location : /work/noaa/da/mpotts/sandbox/gfortran_8.3.0_mpiuni_O_develop
20211114 025037.278 INFO             PET0 ESMF_COMM                   : mpiuni
20211114 025037.279 INFO             PET0 ESMF_MOAB                   : enabled
20211114 025037.279 INFO             PET0 ESMF_LAPACK                 : enabled
20211114 025037.279 INFO             PET0 ESMF_NETCDF                 : enabled
20211114 025037.279 INFO             PET0 ESMF_PNETCDF                : disabled
20211114 025037.279 INFO             PET0 ESMF_PIO                    : disabled
20211114 025037.279 INFO             PET0 ESMF_YAMLCPP                : enabled
20211114 025037.317 INFO             PET0  NUMBER_OF_PROCESSORS           1
20211114 025037.317 INFO             PET0  PASS  Example ESMF_RHandleDynamicMaskingEx, ESMF_RHandleDynamicMaskingEx.F90, line 1116
20211114 025037.317 INFO             PET0 Finalizing ESMF
