build time -- 2021-11-18 02:54:21
20211118 035029.390 INFO             PET0 !!!!!!!!!!!!!!!!!!!!!!!!!!!!!!!!!!!!!!!!!!!!!!!!!!!!!!
20211118 035029.390 INFO             PET0 !!! THE ESMF_LOG IS SET TO OUTPUT ALL LOG MESSAGES !!!
20211118 035029.390 INFO             PET0 !!!     THIS MAY CAUSE SLOWDOWN IN PERFORMANCE     !!!
20211118 035029.390 INFO             PET0 !!! FOR PRODUCTION RUNS, USE:                      !!!
20211118 035029.390 INFO             PET0 !!!                   ESMF_LOGKIND_Multi_On_Error  !!!
20211118 035029.390 INFO             PET0 !!!!!!!!!!!!!!!!!!!!!!!!!!!!!!!!!!!!!!!!!!!!!!!!!!!!!!
20211118 035029.390 INFO             PET0 Running with ESMF Version   : ESMF_8_3_0_beta_snapshot_02-9-g35b0f61
20211118 035029.390 INFO             PET0 ESMF library build date/time: "Nov 18 2021" "02:53:21"
20211118 035029.390 INFO             PET0 ESMF library build location : /work/noaa/da/mpotts/sandbox/gfortran_8.3.0_mpiuni_O_develop
20211118 035029.390 INFO             PET0 ESMF_COMM                   : mpiuni
20211118 035029.391 INFO             PET0 ESMF_MOAB                   : enabled
20211118 035029.391 INFO             PET0 ESMF_LAPACK                 : enabled
20211118 035029.391 INFO             PET0 ESMF_NETCDF                 : enabled
20211118 035029.391 INFO             PET0 ESMF_PNETCDF                : disabled
20211118 035029.391 INFO             PET0 ESMF_PIO                    : disabled
20211118 035029.391 INFO             PET0 ESMF_YAMLCPP                : enabled
20211118 035029.392 INFO             PET0 Log Write 2
20211118 035029.392 ERROR            PET0 Invalid object  - Convergence failure
20211118 035029.392 ERROR            PET0 ESMCI_Fraction.C:1444 ESMCI::Fraction::validate() must have non-zero denominator.
20211118 035029.392 ERROR            PET0 ESMCI_Time.C:838 ESMCI::Time::syncToRealTime() Wrong argument specified  - ; calkindflag is JULIANDAY, MODJULIANDAY or NOCALENDAR.
20211118 035029.392 ERROR            PET0 ESMF_Time.F90:1485 ESMF_TimeSyncToRealTime() Wrong argument specified  - Internal subroutine call returned Error
20211118 035029.392 ERROR            PET0 Wrong argument specified  - getting wall clock time
20211118 035029.395 INFO             PET0  NUMBER_OF_PROCESSORS           1
20211118 035029.396 INFO             PET0  PASS  Example ESMF_LogErrEx, ESMF_LogErrEx.F90, line 186
20211118 035029.396 INFO             PET0 Finalizing ESMF
