build time -- 2022-01-18 02:31:00
20220118 024750.562 INFO             PET0 !!!!!!!!!!!!!!!!!!!!!!!!!!!!!!!!!!!!!!!!!!!!!!!!!!!!!!
20220118 024750.562 INFO             PET0 !!! THE ESMF_LOG IS SET TO OUTPUT ALL LOG MESSAGES !!!
20220118 024750.562 INFO             PET0 !!!     THIS MAY CAUSE SLOWDOWN IN PERFORMANCE     !!!
20220118 024750.562 INFO             PET0 !!! FOR PRODUCTION RUNS, USE:                      !!!
20220118 024750.562 INFO             PET0 !!!                   ESMF_LOGKIND_Multi_On_Error  !!!
20220118 024750.562 INFO             PET0 !!!!!!!!!!!!!!!!!!!!!!!!!!!!!!!!!!!!!!!!!!!!!!!!!!!!!!
20220118 024750.562 INFO             PET0 Running with ESMF Version   : ESMF_8_3_0_beta_snapshot_05-30-gf84ebe0
20220118 024750.562 INFO             PET0 ESMF library build date/time: "Jan 18 2022" "02:29:59"
20220118 024750.562 INFO             PET0 ESMF library build location : /work/noaa/da/mpotts/sandbox/gfortran_8.3.0_mpiuni_O_develop
20220118 024750.562 INFO             PET0 ESMF_COMM                   : mpiuni
20220118 024750.563 INFO             PET0 ESMF_MOAB                   : enabled
20220118 024750.563 INFO             PET0 ESMF_LAPACK                 : enabled
20220118 024750.563 INFO             PET0 ESMF_NETCDF                 : enabled
20220118 024750.563 INFO             PET0 ESMF_PNETCDF                : disabled
20220118 024750.563 INFO             PET0 ESMF_PIO                    : disabled
20220118 024750.563 INFO             PET0 ESMF_YAMLCPP                : enabled
20220118 024750.563 INFO             PET0  NUMBER_OF_PROCESSORS           1
20220118 024750.563 INFO             PET0  PASS  Example ESMF_GridCreateRegFromDGEx, ESMF_GridCreateRegFromDGEx.F90, line 112
20220118 024750.563 INFO             PET0 Finalizing ESMF
