build time -- 2021-11-04 03:51:57.547891
--------------------------------------------------------------------------
A system call failed during shared memory initialization that should
not have.  It is likely that your MPI job will now either abort or
experience performance degradation.

  Local host:  r1i4n15
  System call: open(2) 
  Error:       Permission denied (errno 13)
--------------------------------------------------------------------------
 got same values back from GetInternalState as original
 got same values back from GetInternalState as original
 got same values back from GetInternalState as original
 got same values back from GetInternalState as original
  PASS  Example ESMF_InternalStateModEx, ESMF_InternalStateModEx.F90, line 239
  PASS  Example ESMF_InternalStateModEx, ESMF_InternalStateModEx.F90, line 239
  PASS  Example ESMF_InternalStateModEx, ESMF_InternalStateModEx.F90, line 239
  PASS  Example ESMF_InternalStateModEx, ESMF_InternalStateModEx.F90, line 239
 PASS: ESMF_InternalStateEx.F90
 PASS: ESMF_InternalStateEx.F90
 PASS: ESMF_InternalStateEx.F90
 PASS: ESMF_InternalStateEx.F90
[r1i4n15:06794] 3 more processes have sent help message help-opal-shmem-mmap.txt / sys call fail
[r1i4n15:06794] Set MCA parameter "orte_base_help_aggregate" to 0 to see all help / error messages
