build time -- 2021-10-05 03:53:42.587092
20211005 042847.724 INFO             PET0 !!!!!!!!!!!!!!!!!!!!!!!!!!!!!!!!!!!!!!!!!!!!!!!!!!!!!!
20211005 042847.724 INFO             PET0 !!! THE ESMF_LOG IS SET TO OUTPUT ALL LOG MESSAGES !!!
20211005 042847.724 INFO             PET0 !!!     THIS MAY CAUSE SLOWDOWN IN PERFORMANCE     !!!
20211005 042847.724 INFO             PET0 !!! FOR PRODUCTION RUNS, USE:                      !!!
20211005 042847.724 INFO             PET0 !!!                   ESMF_LOGKIND_Multi_On_Error  !!!
20211005 042847.724 INFO             PET0 !!!!!!!!!!!!!!!!!!!!!!!!!!!!!!!!!!!!!!!!!!!!!!!!!!!!!!
20211005 042847.724 INFO             PET0 Running with ESMF Version   : ESMF_8_2_0_beta_snapshot_20-18-g0aeed17f50
20211005 042847.724 INFO             PET0 ESMF library build date/time: "Oct  5 2021" "03:50:27"
20211005 042847.724 INFO             PET0 ESMF library build location : /glade/scratch/mpotts/gfortran_9.1.0_openmpi_g_develop
20211005 042847.724 INFO             PET0 ESMF_COMM                   : openmpi
20211005 042847.725 INFO             PET0 ESMF_MOAB                   : enabled
20211005 042847.725 INFO             PET0 ESMF_LAPACK                 : enabled
20211005 042847.725 INFO             PET0 ESMF_NETCDF                 : enabled
20211005 042847.725 INFO             PET0 ESMF_PNETCDF                : disabled
20211005 042847.725 INFO             PET0 ESMF_PIO                    : enabled
20211005 042847.725 INFO             PET0 ESMF_YAMLCPP                : enabled
20211005 042847.726 INFO             PET0  NUMBER_OF_PROCESSORS           1
20211005 042847.726 INFO             PET0  PASS  Example ESMF_AlarmEx, ESMF_AlarmEx.F90, line 244
20211005 042847.726 INFO             PET0 Finalizing ESMF
