build time -- 2021-11-15 03:59:09
20211115 042407.330 INFO             PET0 !!!!!!!!!!!!!!!!!!!!!!!!!!!!!!!!!!!!!!!!!!!!!!!!!!!!!!
20211115 042407.331 INFO             PET0 !!! THE ESMF_LOG IS SET TO OUTPUT ALL LOG MESSAGES !!!
20211115 042407.331 INFO             PET0 !!!     THIS MAY CAUSE SLOWDOWN IN PERFORMANCE     !!!
20211115 042407.331 INFO             PET0 !!! FOR PRODUCTION RUNS, USE:                      !!!
20211115 042407.331 INFO             PET0 !!!                   ESMF_LOGKIND_Multi_On_Error  !!!
20211115 042407.331 INFO             PET0 !!!!!!!!!!!!!!!!!!!!!!!!!!!!!!!!!!!!!!!!!!!!!!!!!!!!!!
20211115 042407.331 INFO             PET0 Running with ESMF Version   : ESMF_8_3_0_beta_snapshot_02-9-g35b0f617ee
20211115 042407.331 INFO             PET0 ESMF library build date/time: "Nov 15 2021" "03:57:41"
20211115 042407.331 INFO             PET0 ESMF library build location : /mnt/lfs4/HFIP/hfv3gfs/Mark.Potts/gfortran_9.2.0_openmpi_O_develop
20211115 042407.331 INFO             PET0 ESMF_COMM                   : openmpi
20211115 042407.331 INFO             PET0 ESMF_MOAB                   : enabled
20211115 042407.331 INFO             PET0 ESMF_LAPACK                 : enabled
20211115 042407.331 INFO             PET0 ESMF_NETCDF                 : enabled
20211115 042407.331 INFO             PET0 ESMF_PNETCDF                : disabled
20211115 042407.331 INFO             PET0 ESMF_PIO                    : enabled
20211115 042407.331 INFO             PET0 ESMF_YAMLCPP                : enabled
20211115 042407.333 INFO             PET0  NUMBER_OF_PROCESSORS           1
20211115 042407.333 INFO             PET0  PASS  Example ESMF_AlarmEx, ESMF_AlarmEx.F90, line 244
20211115 042407.333 INFO             PET0 Finalizing ESMF
