build time -- 2022-02-01 03:59:27
20220201 042542.895 INFO             PET0 !!!!!!!!!!!!!!!!!!!!!!!!!!!!!!!!!!!!!!!!!!!!!!!!!!!!!!
20220201 042542.896 INFO             PET0 !!! THE ESMF_LOG IS SET TO OUTPUT ALL LOG MESSAGES !!!
20220201 042542.896 INFO             PET0 !!!     THIS MAY CAUSE SLOWDOWN IN PERFORMANCE     !!!
20220201 042542.896 INFO             PET0 !!! FOR PRODUCTION RUNS, USE:                      !!!
20220201 042542.896 INFO             PET0 !!!                   ESMF_LOGKIND_Multi_On_Error  !!!
20220201 042542.896 INFO             PET0 !!!!!!!!!!!!!!!!!!!!!!!!!!!!!!!!!!!!!!!!!!!!!!!!!!!!!!
20220201 042542.896 INFO             PET0 Running with ESMF Version   : ESMF_8_3_0_beta_snapshot_06-10-gce27d44403
20220201 042542.896 INFO             PET0 ESMF library build date/time: "Feb  1 2022" "03:57:59"
20220201 042542.896 INFO             PET0 ESMF library build location : /mnt/lfs4/HFIP/hfv3gfs/Mark.Potts/gfortran_9.2.0_openmpi_O_develop
20220201 042542.896 INFO             PET0 ESMF_COMM                   : openmpi
20220201 042542.896 INFO             PET0 ESMF_MOAB                   : enabled
20220201 042542.896 INFO             PET0 ESMF_LAPACK                 : enabled
20220201 042542.896 INFO             PET0 ESMF_NETCDF                 : enabled
20220201 042542.896 INFO             PET0 ESMF_PNETCDF                : disabled
20220201 042542.896 INFO             PET0 ESMF_PIO                    : enabled
20220201 042542.896 INFO             PET0 ESMF_YAMLCPP                : enabled
20220201 042542.948 INFO             PET0  NUMBER_OF_PROCESSORS           4
20220201 042542.948 INFO             PET0  PASS  Example ESMF_FieldBundleHaloEx, ESMF_FieldBundleHaloEx.F90, line 319
20220201 042542.948 INFO             PET0 Finalizing ESMF
20220201 042542.895 INFO             PET1 !!!!!!!!!!!!!!!!!!!!!!!!!!!!!!!!!!!!!!!!!!!!!!!!!!!!!!
20220201 042542.895 INFO             PET1 !!! THE ESMF_LOG IS SET TO OUTPUT ALL LOG MESSAGES !!!
20220201 042542.895 INFO             PET1 !!!     THIS MAY CAUSE SLOWDOWN IN PERFORMANCE     !!!
20220201 042542.895 INFO             PET1 !!! FOR PRODUCTION RUNS, USE:                      !!!
20220201 042542.895 INFO             PET1 !!!                   ESMF_LOGKIND_Multi_On_Error  !!!
20220201 042542.895 INFO             PET1 !!!!!!!!!!!!!!!!!!!!!!!!!!!!!!!!!!!!!!!!!!!!!!!!!!!!!!
20220201 042542.895 INFO             PET1 Running with ESMF Version   : ESMF_8_3_0_beta_snapshot_06-10-gce27d44403
20220201 042542.895 INFO             PET1 ESMF library build date/time: "Feb  1 2022" "03:57:59"
20220201 042542.895 INFO             PET1 ESMF library build location : /mnt/lfs4/HFIP/hfv3gfs/Mark.Potts/gfortran_9.2.0_openmpi_O_develop
20220201 042542.895 INFO             PET1 ESMF_COMM                   : openmpi
20220201 042542.896 INFO             PET1 ESMF_MOAB                   : enabled
20220201 042542.896 INFO             PET1 ESMF_LAPACK                 : enabled
20220201 042542.896 INFO             PET1 ESMF_NETCDF                 : enabled
20220201 042542.896 INFO             PET1 ESMF_PNETCDF                : disabled
20220201 042542.896 INFO             PET1 ESMF_PIO                    : enabled
20220201 042542.896 INFO             PET1 ESMF_YAMLCPP                : enabled
20220201 042542.948 INFO             PET1  NUMBER_OF_PROCESSORS           4
20220201 042542.948 INFO             PET1  PASS  Example ESMF_FieldBundleHaloEx, ESMF_FieldBundleHaloEx.F90, line 319
20220201 042542.948 INFO             PET1 Finalizing ESMF
20220201 042542.895 INFO             PET2 !!!!!!!!!!!!!!!!!!!!!!!!!!!!!!!!!!!!!!!!!!!!!!!!!!!!!!
20220201 042542.895 INFO             PET2 !!! THE ESMF_LOG IS SET TO OUTPUT ALL LOG MESSAGES !!!
20220201 042542.895 INFO             PET2 !!!     THIS MAY CAUSE SLOWDOWN IN PERFORMANCE     !!!
20220201 042542.895 INFO             PET2 !!! FOR PRODUCTION RUNS, USE:                      !!!
20220201 042542.895 INFO             PET2 !!!                   ESMF_LOGKIND_Multi_On_Error  !!!
20220201 042542.895 INFO             PET2 !!!!!!!!!!!!!!!!!!!!!!!!!!!!!!!!!!!!!!!!!!!!!!!!!!!!!!
20220201 042542.895 INFO             PET2 Running with ESMF Version   : ESMF_8_3_0_beta_snapshot_06-10-gce27d44403
20220201 042542.895 INFO             PET2 ESMF library build date/time: "Feb  1 2022" "03:57:59"
20220201 042542.895 INFO             PET2 ESMF library build location : /mnt/lfs4/HFIP/hfv3gfs/Mark.Potts/gfortran_9.2.0_openmpi_O_develop
20220201 042542.895 INFO             PET2 ESMF_COMM                   : openmpi
20220201 042542.896 INFO             PET2 ESMF_MOAB                   : enabled
20220201 042542.896 INFO             PET2 ESMF_LAPACK                 : enabled
20220201 042542.896 INFO             PET2 ESMF_NETCDF                 : enabled
20220201 042542.896 INFO             PET2 ESMF_PNETCDF                : disabled
20220201 042542.896 INFO             PET2 ESMF_PIO                    : enabled
20220201 042542.896 INFO             PET2 ESMF_YAMLCPP                : enabled
20220201 042542.948 INFO             PET2  NUMBER_OF_PROCESSORS           4
20220201 042542.948 INFO             PET2  PASS  Example ESMF_FieldBundleHaloEx, ESMF_FieldBundleHaloEx.F90, line 319
20220201 042542.948 INFO             PET2 Finalizing ESMF
20220201 042542.895 INFO             PET3 !!!!!!!!!!!!!!!!!!!!!!!!!!!!!!!!!!!!!!!!!!!!!!!!!!!!!!
20220201 042542.895 INFO             PET3 !!! THE ESMF_LOG IS SET TO OUTPUT ALL LOG MESSAGES !!!
20220201 042542.895 INFO             PET3 !!!     THIS MAY CAUSE SLOWDOWN IN PERFORMANCE     !!!
20220201 042542.895 INFO             PET3 !!! FOR PRODUCTION RUNS, USE:                      !!!
20220201 042542.895 INFO             PET3 !!!                   ESMF_LOGKIND_Multi_On_Error  !!!
20220201 042542.895 INFO             PET3 !!!!!!!!!!!!!!!!!!!!!!!!!!!!!!!!!!!!!!!!!!!!!!!!!!!!!!
20220201 042542.895 INFO             PET3 Running with ESMF Version   : ESMF_8_3_0_beta_snapshot_06-10-gce27d44403
20220201 042542.895 INFO             PET3 ESMF library build date/time: "Feb  1 2022" "03:57:59"
20220201 042542.895 INFO             PET3 ESMF library build location : /mnt/lfs4/HFIP/hfv3gfs/Mark.Potts/gfortran_9.2.0_openmpi_O_develop
20220201 042542.895 INFO             PET3 ESMF_COMM                   : openmpi
20220201 042542.900 INFO             PET3 ESMF_MOAB                   : enabled
20220201 042542.900 INFO             PET3 ESMF_LAPACK                 : enabled
20220201 042542.900 INFO             PET3 ESMF_NETCDF                 : enabled
20220201 042542.900 INFO             PET3 ESMF_PNETCDF                : disabled
20220201 042542.900 INFO             PET3 ESMF_PIO                    : enabled
20220201 042542.900 INFO             PET3 ESMF_YAMLCPP                : enabled
20220201 042542.948 INFO             PET3  NUMBER_OF_PROCESSORS           4
20220201 042542.948 INFO             PET3  PASS  Example ESMF_FieldBundleHaloEx, ESMF_FieldBundleHaloEx.F90, line 319
20220201 042542.948 INFO             PET3 Finalizing ESMF
