build time -- 2021-10-29 04:16:43.959443
20211029 053004.910 INFO             PET0 !!!!!!!!!!!!!!!!!!!!!!!!!!!!!!!!!!!!!!!!!!!!!!!!!!!!!!
20211029 053004.910 INFO             PET0 !!! THE ESMF_LOG IS SET TO OUTPUT ALL LOG MESSAGES !!!
20211029 053004.910 INFO             PET0 !!!     THIS MAY CAUSE SLOWDOWN IN PERFORMANCE     !!!
20211029 053004.910 INFO             PET0 !!! FOR PRODUCTION RUNS, USE:                      !!!
20211029 053004.910 INFO             PET0 !!!                   ESMF_LOGKIND_Multi_On_Error  !!!
20211029 053004.910 INFO             PET0 !!!!!!!!!!!!!!!!!!!!!!!!!!!!!!!!!!!!!!!!!!!!!!!!!!!!!!
20211029 053004.910 INFO             PET0 Running with ESMF Version   : ESMF_8_2_0
20211029 053004.910 INFO             PET0 ESMF library build date/time: "Oct 29 2021" "04:09:23"
20211029 053004.910 INFO             PET0 ESMF library build location : /glade/scratch/mpotts/intel_18.0.5_mpt_g_main
20211029 053004.910 INFO             PET0 ESMF_COMM                   : mpt
20211029 053004.910 INFO             PET0 ESMF_MOAB                   : enabled
20211029 053004.910 INFO             PET0 ESMF_LAPACK                 : enabled
20211029 053004.910 INFO             PET0 ESMF_NETCDF                 : enabled
20211029 053004.910 INFO             PET0 ESMF_PNETCDF                : disabled
20211029 053004.910 INFO             PET0 ESMF_PIO                    : enabled
20211029 053004.910 INFO             PET0 ESMF_YAMLCPP                : enabled
20211029 053005.043 DEBUG            PET0 about to destroy Grid: 0x1e90b40
20211029 053005.068 DEBUG            PET0 about to destroy Grid: 0x1e916d0
20211029 053005.113 INFO             PET0  NUMBER_OF_PROCESSORS           4
20211029 053005.113 INFO             PET0  PASS  Example ESMF_NUOPCAtmModelEx, ESMF_NUOPCAtmModelEx.F90, line 806
20211029 053005.113 INFO             PET0 Finalizing ESMF
20211029 053004.910 INFO             PET1 !!!!!!!!!!!!!!!!!!!!!!!!!!!!!!!!!!!!!!!!!!!!!!!!!!!!!!
20211029 053004.910 INFO             PET1 !!! THE ESMF_LOG IS SET TO OUTPUT ALL LOG MESSAGES !!!
20211029 053004.910 INFO             PET1 !!!     THIS MAY CAUSE SLOWDOWN IN PERFORMANCE     !!!
20211029 053004.910 INFO             PET1 !!! FOR PRODUCTION RUNS, USE:                      !!!
20211029 053004.910 INFO             PET1 !!!                   ESMF_LOGKIND_Multi_On_Error  !!!
20211029 053004.910 INFO             PET1 !!!!!!!!!!!!!!!!!!!!!!!!!!!!!!!!!!!!!!!!!!!!!!!!!!!!!!
20211029 053004.910 INFO             PET1 Running with ESMF Version   : ESMF_8_2_0
20211029 053004.910 INFO             PET1 ESMF library build date/time: "Oct 29 2021" "04:09:23"
20211029 053004.910 INFO             PET1 ESMF library build location : /glade/scratch/mpotts/intel_18.0.5_mpt_g_main
20211029 053004.910 INFO             PET1 ESMF_COMM                   : mpt
20211029 053004.910 INFO             PET1 ESMF_MOAB                   : enabled
20211029 053004.910 INFO             PET1 ESMF_LAPACK                 : enabled
20211029 053004.910 INFO             PET1 ESMF_NETCDF                 : enabled
20211029 053004.910 INFO             PET1 ESMF_PNETCDF                : disabled
20211029 053004.910 INFO             PET1 ESMF_PIO                    : enabled
20211029 053004.910 INFO             PET1 ESMF_YAMLCPP                : enabled
20211029 053005.043 DEBUG            PET1 about to destroy Grid: 0x1e91b20
20211029 053005.068 DEBUG            PET1 about to destroy Grid: 0x1e92950
20211029 053005.113 INFO             PET1  NUMBER_OF_PROCESSORS           4
20211029 053005.113 INFO             PET1  PASS  Example ESMF_NUOPCAtmModelEx, ESMF_NUOPCAtmModelEx.F90, line 806
20211029 053005.113 INFO             PET1 Finalizing ESMF
20211029 053004.910 INFO             PET2 !!!!!!!!!!!!!!!!!!!!!!!!!!!!!!!!!!!!!!!!!!!!!!!!!!!!!!
20211029 053004.910 INFO             PET2 !!! THE ESMF_LOG IS SET TO OUTPUT ALL LOG MESSAGES !!!
20211029 053004.910 INFO             PET2 !!!     THIS MAY CAUSE SLOWDOWN IN PERFORMANCE     !!!
20211029 053004.910 INFO             PET2 !!! FOR PRODUCTION RUNS, USE:                      !!!
20211029 053004.910 INFO             PET2 !!!                   ESMF_LOGKIND_Multi_On_Error  !!!
20211029 053004.910 INFO             PET2 !!!!!!!!!!!!!!!!!!!!!!!!!!!!!!!!!!!!!!!!!!!!!!!!!!!!!!
20211029 053004.910 INFO             PET2 Running with ESMF Version   : ESMF_8_2_0
20211029 053004.910 INFO             PET2 ESMF library build date/time: "Oct 29 2021" "04:09:23"
20211029 053004.910 INFO             PET2 ESMF library build location : /glade/scratch/mpotts/intel_18.0.5_mpt_g_main
20211029 053004.910 INFO             PET2 ESMF_COMM                   : mpt
20211029 053004.910 INFO             PET2 ESMF_MOAB                   : enabled
20211029 053004.910 INFO             PET2 ESMF_LAPACK                 : enabled
20211029 053004.910 INFO             PET2 ESMF_NETCDF                 : enabled
20211029 053004.910 INFO             PET2 ESMF_PNETCDF                : disabled
20211029 053004.910 INFO             PET2 ESMF_PIO                    : enabled
20211029 053004.910 INFO             PET2 ESMF_YAMLCPP                : enabled
20211029 053005.043 DEBUG            PET2 about to destroy Grid: 0x1e91c20
20211029 053005.068 DEBUG            PET2 about to destroy Grid: 0x1e92a50
20211029 053005.113 INFO             PET2  NUMBER_OF_PROCESSORS           4
20211029 053005.113 INFO             PET2  PASS  Example ESMF_NUOPCAtmModelEx, ESMF_NUOPCAtmModelEx.F90, line 806
20211029 053005.113 INFO             PET2 Finalizing ESMF
20211029 053004.910 INFO             PET3 !!!!!!!!!!!!!!!!!!!!!!!!!!!!!!!!!!!!!!!!!!!!!!!!!!!!!!
20211029 053004.910 INFO             PET3 !!! THE ESMF_LOG IS SET TO OUTPUT ALL LOG MESSAGES !!!
20211029 053004.910 INFO             PET3 !!!     THIS MAY CAUSE SLOWDOWN IN PERFORMANCE     !!!
20211029 053004.910 INFO             PET3 !!! FOR PRODUCTION RUNS, USE:                      !!!
20211029 053004.910 INFO             PET3 !!!                   ESMF_LOGKIND_Multi_On_Error  !!!
20211029 053004.910 INFO             PET3 !!!!!!!!!!!!!!!!!!!!!!!!!!!!!!!!!!!!!!!!!!!!!!!!!!!!!!
20211029 053004.910 INFO             PET3 Running with ESMF Version   : ESMF_8_2_0
20211029 053004.910 INFO             PET3 ESMF library build date/time: "Oct 29 2021" "04:09:23"
20211029 053004.910 INFO             PET3 ESMF library build location : /glade/scratch/mpotts/intel_18.0.5_mpt_g_main
20211029 053004.910 INFO             PET3 ESMF_COMM                   : mpt
20211029 053004.910 INFO             PET3 ESMF_MOAB                   : enabled
20211029 053004.910 INFO             PET3 ESMF_LAPACK                 : enabled
20211029 053004.910 INFO             PET3 ESMF_NETCDF                 : enabled
20211029 053004.910 INFO             PET3 ESMF_PNETCDF                : disabled
20211029 053004.910 INFO             PET3 ESMF_PIO                    : enabled
20211029 053004.910 INFO             PET3 ESMF_YAMLCPP                : enabled
20211029 053005.043 DEBUG            PET3 about to destroy Grid: 0x1e91c60
20211029 053005.068 DEBUG            PET3 about to destroy Grid: 0x1e92a90
20211029 053005.113 INFO             PET3  NUMBER_OF_PROCESSORS           4
20211029 053005.113 INFO             PET3  PASS  Example ESMF_NUOPCAtmModelEx, ESMF_NUOPCAtmModelEx.F90, line 806
20211029 053005.113 INFO             PET3 Finalizing ESMF
