build time -- 2022-02-17 06:29:10.028399
20220217 072944.615 INFO             PET0 !!!!!!!!!!!!!!!!!!!!!!!!!!!!!!!!!!!!!!!!!!!!!!!!!!!!!!
20220217 072944.615 INFO             PET0 !!! THE ESMF_LOG IS SET TO OUTPUT ALL LOG MESSAGES !!!
20220217 072944.615 INFO             PET0 !!!     THIS MAY CAUSE SLOWDOWN IN PERFORMANCE     !!!
20220217 072944.615 INFO             PET0 !!! FOR PRODUCTION RUNS, USE:                      !!!
20220217 072944.615 INFO             PET0 !!!                   ESMF_LOGKIND_Multi_On_Error  !!!
20220217 072944.615 INFO             PET0 !!!!!!!!!!!!!!!!!!!!!!!!!!!!!!!!!!!!!!!!!!!!!!!!!!!!!!
20220217 072944.615 INFO             PET0 Running with ESMF Version   : ESMF_8_3_0_beta_snapshot_06-85-gae1d61de23
20220217 072944.615 INFO             PET0 ESMF library build date/time: "Feb 17 2022" "06:22:49"
20220217 072944.615 INFO             PET0 ESMF library build location : /glade/scratch/rlong/esmf-testing/intel_18.0.5_intelmpi_g_jedwards_pio_update
20220217 072944.615 INFO             PET0 ESMF_COMM                   : intelmpi
20220217 072944.616 INFO             PET0 ESMF_MOAB                   : enabled
20220217 072944.616 INFO             PET0 ESMF_LAPACK                 : enabled
20220217 072944.616 INFO             PET0 ESMF_NETCDF                 : enabled
20220217 072944.616 INFO             PET0 ESMF_PNETCDF                : disabled
20220217 072944.616 INFO             PET0 ESMF_PIO                    : enabled
20220217 072944.616 INFO             PET0 ESMF_YAMLCPP                : enabled
20220217 072944.616 INFO             PET0 ESMF Tracing Enabled
20220217 072944.616 INFO             PET0 ESMF Profiling Enabled
20220217 072944.616 INFO             PET0 ESMF Trace/Profile clock: REALTIME
20220217 072944.619 INFO             PET0  NUMBER_OF_PROCESSORS           4
20220217 072944.619 INFO             PET0  PASS  Example ESMF_TraceEx, ESMF_TraceEx.F90, line 178
20220217 072944.619 INFO             PET0 Finalizing ESMF
20220217 072944.619 INFO             PET0 **************** Region Timings *******************
20220217 072944.619 INFO             PET0 Region              Count  Total (s)   Self (s)    Mean (s)    Min (s)     Max (s)
20220217 072944.619 INFO             PET0   [test] Run 1      5      0.0000      0.0000      0.0000      0.0000      0.0000
20220217 072944.619 INFO             PET0   [test] Init 1     1      0.0000      0.0000      0.0000      0.0000      0.0000
20220217 072944.619 INFO             PET0   [test] Final 1    1      0.0000      0.0000      0.0000      0.0000      0.0000
20220217 072944.620 INFO             PET0 ESMCI_IO_Handler.C:330 ESMCI::IO_Handler::finalize() 
20220217 072944.620 INFO             PET0 ESMCI_PIO_Handler.C:347 ESMCI::PIO_Handler::finalize() 
20220217 072944.620 INFO             PET0 ESMCI_IO_Handler.C:332 ESMCI::IO_Handler::finalize() after finalize, localrc = 0
20220217 072944.620 INFO             PET0 ESMCI_IO_Handler.C:355 ESMCI::IO_Handler::finalize() before return, localrc = 0
20220217 072944.616 INFO             PET1 !!!!!!!!!!!!!!!!!!!!!!!!!!!!!!!!!!!!!!!!!!!!!!!!!!!!!!
20220217 072944.616 INFO             PET1 !!! THE ESMF_LOG IS SET TO OUTPUT ALL LOG MESSAGES !!!
20220217 072944.616 INFO             PET1 !!!     THIS MAY CAUSE SLOWDOWN IN PERFORMANCE     !!!
20220217 072944.616 INFO             PET1 !!! FOR PRODUCTION RUNS, USE:                      !!!
20220217 072944.616 INFO             PET1 !!!                   ESMF_LOGKIND_Multi_On_Error  !!!
20220217 072944.616 INFO             PET1 !!!!!!!!!!!!!!!!!!!!!!!!!!!!!!!!!!!!!!!!!!!!!!!!!!!!!!
20220217 072944.616 INFO             PET1 Running with ESMF Version   : ESMF_8_3_0_beta_snapshot_06-85-gae1d61de23
20220217 072944.616 INFO             PET1 ESMF library build date/time: "Feb 17 2022" "06:22:49"
20220217 072944.616 INFO             PET1 ESMF library build location : /glade/scratch/rlong/esmf-testing/intel_18.0.5_intelmpi_g_jedwards_pio_update
20220217 072944.616 INFO             PET1 ESMF_COMM                   : intelmpi
20220217 072944.616 INFO             PET1 ESMF_MOAB                   : enabled
20220217 072944.616 INFO             PET1 ESMF_LAPACK                 : enabled
20220217 072944.616 INFO             PET1 ESMF_NETCDF                 : enabled
20220217 072944.616 INFO             PET1 ESMF_PNETCDF                : disabled
20220217 072944.616 INFO             PET1 ESMF_PIO                    : enabled
20220217 072944.616 INFO             PET1 ESMF_YAMLCPP                : enabled
20220217 072944.616 INFO             PET1 ESMF Tracing Enabled
20220217 072944.616 INFO             PET1 ESMF Profiling Enabled
20220217 072944.616 INFO             PET1 ESMF Trace/Profile clock: REALTIME
20220217 072944.619 INFO             PET1  NUMBER_OF_PROCESSORS           4
20220217 072944.619 INFO             PET1  PASS  Example ESMF_TraceEx, ESMF_TraceEx.F90, line 178
20220217 072944.619 INFO             PET1 Finalizing ESMF
20220217 072944.619 INFO             PET1 **************** Region Timings *******************
20220217 072944.619 INFO             PET1 Region              Count  Total (s)   Self (s)    Mean (s)    Min (s)     Max (s)
20220217 072944.619 INFO             PET1   [test] Init 1     1      0.0001      0.0001      0.0001      0.0001      0.0001
20220217 072944.619 INFO             PET1   [test] Run 1      5      0.0000      0.0000      0.0000      0.0000      0.0000
20220217 072944.619 INFO             PET1   [test] Final 1    1      0.0000      0.0000      0.0000      0.0000      0.0000
20220217 072944.620 INFO             PET1 ESMCI_IO_Handler.C:330 ESMCI::IO_Handler::finalize() 
20220217 072944.620 INFO             PET1 ESMCI_PIO_Handler.C:347 ESMCI::PIO_Handler::finalize() 
20220217 072944.620 INFO             PET1 ESMCI_IO_Handler.C:332 ESMCI::IO_Handler::finalize() after finalize, localrc = 0
20220217 072944.620 INFO             PET1 ESMCI_IO_Handler.C:355 ESMCI::IO_Handler::finalize() before return, localrc = 0
20220217 072944.615 INFO             PET2 !!!!!!!!!!!!!!!!!!!!!!!!!!!!!!!!!!!!!!!!!!!!!!!!!!!!!!
20220217 072944.616 INFO             PET2 !!! THE ESMF_LOG IS SET TO OUTPUT ALL LOG MESSAGES !!!
20220217 072944.616 INFO             PET2 !!!     THIS MAY CAUSE SLOWDOWN IN PERFORMANCE     !!!
20220217 072944.616 INFO             PET2 !!! FOR PRODUCTION RUNS, USE:                      !!!
20220217 072944.616 INFO             PET2 !!!                   ESMF_LOGKIND_Multi_On_Error  !!!
20220217 072944.616 INFO             PET2 !!!!!!!!!!!!!!!!!!!!!!!!!!!!!!!!!!!!!!!!!!!!!!!!!!!!!!
20220217 072944.616 INFO             PET2 Running with ESMF Version   : ESMF_8_3_0_beta_snapshot_06-85-gae1d61de23
20220217 072944.616 INFO             PET2 ESMF library build date/time: "Feb 17 2022" "06:22:49"
20220217 072944.616 INFO             PET2 ESMF library build location : /glade/scratch/rlong/esmf-testing/intel_18.0.5_intelmpi_g_jedwards_pio_update
20220217 072944.616 INFO             PET2 ESMF_COMM                   : intelmpi
20220217 072944.616 INFO             PET2 ESMF_MOAB                   : enabled
20220217 072944.616 INFO             PET2 ESMF_LAPACK                 : enabled
20220217 072944.616 INFO             PET2 ESMF_NETCDF                 : enabled
20220217 072944.616 INFO             PET2 ESMF_PNETCDF                : disabled
20220217 072944.616 INFO             PET2 ESMF_PIO                    : enabled
20220217 072944.616 INFO             PET2 ESMF_YAMLCPP                : enabled
20220217 072944.616 INFO             PET2 ESMF Tracing Enabled
20220217 072944.616 INFO             PET2 ESMF Profiling Enabled
20220217 072944.616 INFO             PET2 ESMF Trace/Profile clock: REALTIME
20220217 072944.619 INFO             PET2  NUMBER_OF_PROCESSORS           4
20220217 072944.619 INFO             PET2  PASS  Example ESMF_TraceEx, ESMF_TraceEx.F90, line 178
20220217 072944.619 INFO             PET2 Finalizing ESMF
20220217 072944.619 INFO             PET2 **************** Region Timings *******************
20220217 072944.619 INFO             PET2 Region              Count  Total (s)   Self (s)    Mean (s)    Min (s)     Max (s)
20220217 072944.619 INFO             PET2   [test] Init 1     1      0.0001      0.0001      0.0001      0.0001      0.0001
20220217 072944.619 INFO             PET2   [test] Run 1      5      0.0000      0.0000      0.0000      0.0000      0.0000
20220217 072944.619 INFO             PET2   [test] Final 1    1      0.0000      0.0000      0.0000      0.0000      0.0000
20220217 072944.621 INFO             PET2 ESMCI_IO_Handler.C:330 ESMCI::IO_Handler::finalize() 
20220217 072944.621 INFO             PET2 ESMCI_PIO_Handler.C:347 ESMCI::PIO_Handler::finalize() 
20220217 072944.621 INFO             PET2 ESMCI_IO_Handler.C:332 ESMCI::IO_Handler::finalize() after finalize, localrc = 0
20220217 072944.621 INFO             PET2 ESMCI_IO_Handler.C:355 ESMCI::IO_Handler::finalize() before return, localrc = 0
20220217 072944.614 INFO             PET3 !!!!!!!!!!!!!!!!!!!!!!!!!!!!!!!!!!!!!!!!!!!!!!!!!!!!!!
20220217 072944.614 INFO             PET3 !!! THE ESMF_LOG IS SET TO OUTPUT ALL LOG MESSAGES !!!
20220217 072944.614 INFO             PET3 !!!     THIS MAY CAUSE SLOWDOWN IN PERFORMANCE     !!!
20220217 072944.614 INFO             PET3 !!! FOR PRODUCTION RUNS, USE:                      !!!
20220217 072944.614 INFO             PET3 !!!                   ESMF_LOGKIND_Multi_On_Error  !!!
20220217 072944.614 INFO             PET3 !!!!!!!!!!!!!!!!!!!!!!!!!!!!!!!!!!!!!!!!!!!!!!!!!!!!!!
20220217 072944.614 INFO             PET3 Running with ESMF Version   : ESMF_8_3_0_beta_snapshot_06-85-gae1d61de23
20220217 072944.614 INFO             PET3 ESMF library build date/time: "Feb 17 2022" "06:22:49"
20220217 072944.614 INFO             PET3 ESMF library build location : /glade/scratch/rlong/esmf-testing/intel_18.0.5_intelmpi_g_jedwards_pio_update
20220217 072944.614 INFO             PET3 ESMF_COMM                   : intelmpi
20220217 072944.615 INFO             PET3 ESMF_MOAB                   : enabled
20220217 072944.615 INFO             PET3 ESMF_LAPACK                 : enabled
20220217 072944.615 INFO             PET3 ESMF_NETCDF                 : enabled
20220217 072944.615 INFO             PET3 ESMF_PNETCDF                : disabled
20220217 072944.615 INFO             PET3 ESMF_PIO                    : enabled
20220217 072944.615 INFO             PET3 ESMF_YAMLCPP                : enabled
20220217 072944.615 INFO             PET3 ESMF Tracing Enabled
20220217 072944.615 INFO             PET3 ESMF Profiling Enabled
20220217 072944.615 INFO             PET3 ESMF Trace/Profile clock: REALTIME
20220217 072944.619 INFO             PET3  NUMBER_OF_PROCESSORS           4
20220217 072944.619 INFO             PET3  PASS  Example ESMF_TraceEx, ESMF_TraceEx.F90, line 178
20220217 072944.619 INFO             PET3 Finalizing ESMF
20220217 072944.619 INFO             PET3 **************** Region Timings *******************
20220217 072944.619 INFO             PET3 Region              Count  Total (s)   Self (s)    Mean (s)    Min (s)     Max (s)
20220217 072944.619 INFO             PET3   [test] Init 1     1      0.0001      0.0001      0.0001      0.0001      0.0001
20220217 072944.619 INFO             PET3   [test] Run 1      5      0.0000      0.0000      0.0000      0.0000      0.0000
20220217 072944.619 INFO             PET3   [test] Final 1    1      0.0000      0.0000      0.0000      0.0000      0.0000
20220217 072944.620 INFO             PET3 ESMCI_IO_Handler.C:330 ESMCI::IO_Handler::finalize() 
20220217 072944.621 INFO             PET3 ESMCI_PIO_Handler.C:347 ESMCI::PIO_Handler::finalize() 
20220217 072944.621 INFO             PET3 ESMCI_IO_Handler.C:332 ESMCI::IO_Handler::finalize() after finalize, localrc = 0
20220217 072944.621 INFO             PET3 ESMCI_IO_Handler.C:355 ESMCI::IO_Handler::finalize() before return, localrc = 0
