build time -- 2022-02-11 12:31:08.002826
20220211 133331.015 INFO             PET0 !!!!!!!!!!!!!!!!!!!!!!!!!!!!!!!!!!!!!!!!!!!!!!!!!!!!!!
20220211 133331.015 INFO             PET0 !!! THE ESMF_LOG IS SET TO OUTPUT ALL LOG MESSAGES !!!
20220211 133331.015 INFO             PET0 !!!     THIS MAY CAUSE SLOWDOWN IN PERFORMANCE     !!!
20220211 133331.015 INFO             PET0 !!! FOR PRODUCTION RUNS, USE:                      !!!
20220211 133331.015 INFO             PET0 !!!                   ESMF_LOGKIND_Multi_On_Error  !!!
20220211 133331.015 INFO             PET0 !!!!!!!!!!!!!!!!!!!!!!!!!!!!!!!!!!!!!!!!!!!!!!!!!!!!!!
20220211 133331.015 INFO             PET0 Running with ESMF Version   : ESMF_8_3_0_beta_snapshot_06-85-gae1d61de23
20220211 133331.015 INFO             PET0 ESMF library build date/time: "Feb 11 2022" "12:24:40"
20220211 133331.015 INFO             PET0 ESMF library build location : /glade/scratch/rlong/esmf-testing/intel_18.0.5_intelmpi_g_jedwards_pio_update
20220211 133331.015 INFO             PET0 ESMF_COMM                   : intelmpi
20220211 133331.015 INFO             PET0 ESMF_MOAB                   : enabled
20220211 133331.015 INFO             PET0 ESMF_LAPACK                 : enabled
20220211 133331.015 INFO             PET0 ESMF_NETCDF                 : enabled
20220211 133331.015 INFO             PET0 ESMF_PNETCDF                : disabled
20220211 133331.015 INFO             PET0 ESMF_PIO                    : enabled
20220211 133331.015 INFO             PET0 ESMF_YAMLCPP                : enabled
20220211 133331.016 INFO             PET0  NUMBER_OF_PROCESSORS           1
20220211 133331.016 INFO             PET0  PASS  Example ESMF_AlarmEx, ESMF_AlarmEx.F90, line 244
20220211 133331.016 INFO             PET0 Finalizing ESMF
20220211 133331.017 INFO             PET0 ESMCI_IO_Handler.C:330 ESMCI::IO_Handler::finalize() 
20220211 133331.017 INFO             PET0 ESMCI_PIO_Handler.C:347 ESMCI::PIO_Handler::finalize() 
20220211 133331.017 INFO             PET0 ESMCI_IO_Handler.C:332 ESMCI::IO_Handler::finalize() after finalize, localrc = 0
20220211 133331.017 INFO             PET0 ESMCI_IO_Handler.C:355 ESMCI::IO_Handler::finalize() before return, localrc = 0
