build time -- 2022-01-29 01:14:18.146446
20220129 014710.711 INFO             PET0 !!!!!!!!!!!!!!!!!!!!!!!!!!!!!!!!!!!!!!!!!!!!!!!!!!!!!!
20220129 014710.711 INFO             PET0 !!! THE ESMF_LOG IS SET TO OUTPUT ALL LOG MESSAGES !!!
20220129 014710.711 INFO             PET0 !!!     THIS MAY CAUSE SLOWDOWN IN PERFORMANCE     !!!
20220129 014710.711 INFO             PET0 !!! FOR PRODUCTION RUNS, USE:                      !!!
20220129 014710.711 INFO             PET0 !!!                   ESMF_LOGKIND_Multi_On_Error  !!!
20220129 014710.711 INFO             PET0 !!!!!!!!!!!!!!!!!!!!!!!!!!!!!!!!!!!!!!!!!!!!!!!!!!!!!!
20220129 014710.711 INFO             PET0 Running with ESMF Version   : ESMF_8_3_0_beta_snapshot_06-10-gce27d44403
20220129 014710.711 INFO             PET0 ESMF library build date/time: "Jan 29 2022" "01:12:13"
20220129 014710.711 INFO             PET0 ESMF library build location : /gpfsm/dnb04/projects/p98/mpotts/esmf/intel_2020_intelmpi_O_develop
20220129 014710.711 INFO             PET0 ESMF_COMM                   : intelmpi
20220129 014710.712 INFO             PET0 ESMF_MOAB                   : enabled
20220129 014710.712 INFO             PET0 ESMF_LAPACK                 : enabled
20220129 014710.712 INFO             PET0 ESMF_NETCDF                 : enabled
20220129 014710.712 INFO             PET0 ESMF_PNETCDF                : disabled
20220129 014710.712 INFO             PET0 ESMF_PIO                    : enabled
20220129 014710.712 INFO             PET0 ESMF_YAMLCPP                : enabled
20220129 014710.713 INFO             PET0 ESMF_FieldRedistStoreNF(): Just entered routine.
20220129 014710.714 INFO             PET0 ESMF_FieldRedistStoreNF(): Leaving routine.
20220129 014710.715 INFO             PET0 ESMF_FieldRedistStoreNF(): Just entered routine.
20220129 014710.716 INFO             PET0 ESMF_FieldRedistStoreNF(): Leaving routine.
20220129 014710.716 INFO             PET0 ESMF_FieldRedistStoreNF(): Just entered routine.
20220129 014710.716 INFO             PET0 ESMF_FieldRedistStoreNF(): Leaving routine.
20220129 014710.716 INFO             PET0  NUMBER_OF_PROCESSORS           4
20220129 014710.717 INFO             PET0  PASS  Example ESMF_FieldRedistEx, ESMF_FieldRedistEx.F90, line 521
20220129 014710.717 INFO             PET0 Finalizing ESMF
20220129 014710.711 INFO             PET1 !!!!!!!!!!!!!!!!!!!!!!!!!!!!!!!!!!!!!!!!!!!!!!!!!!!!!!
20220129 014710.711 INFO             PET1 !!! THE ESMF_LOG IS SET TO OUTPUT ALL LOG MESSAGES !!!
20220129 014710.711 INFO             PET1 !!!     THIS MAY CAUSE SLOWDOWN IN PERFORMANCE     !!!
20220129 014710.711 INFO             PET1 !!! FOR PRODUCTION RUNS, USE:                      !!!
20220129 014710.711 INFO             PET1 !!!                   ESMF_LOGKIND_Multi_On_Error  !!!
20220129 014710.711 INFO             PET1 !!!!!!!!!!!!!!!!!!!!!!!!!!!!!!!!!!!!!!!!!!!!!!!!!!!!!!
20220129 014710.711 INFO             PET1 Running with ESMF Version   : ESMF_8_3_0_beta_snapshot_06-10-gce27d44403
20220129 014710.711 INFO             PET1 ESMF library build date/time: "Jan 29 2022" "01:12:13"
20220129 014710.711 INFO             PET1 ESMF library build location : /gpfsm/dnb04/projects/p98/mpotts/esmf/intel_2020_intelmpi_O_develop
20220129 014710.711 INFO             PET1 ESMF_COMM                   : intelmpi
20220129 014710.712 INFO             PET1 ESMF_MOAB                   : enabled
20220129 014710.712 INFO             PET1 ESMF_LAPACK                 : enabled
20220129 014710.712 INFO             PET1 ESMF_NETCDF                 : enabled
20220129 014710.712 INFO             PET1 ESMF_PNETCDF                : disabled
20220129 014710.712 INFO             PET1 ESMF_PIO                    : enabled
20220129 014710.712 INFO             PET1 ESMF_YAMLCPP                : enabled
20220129 014710.713 INFO             PET1 ESMF_FieldRedistStoreNF(): Just entered routine.
20220129 014710.714 INFO             PET1 ESMF_FieldRedistStoreNF(): Leaving routine.
20220129 014710.715 INFO             PET1 ESMF_FieldRedistStoreNF(): Just entered routine.
20220129 014710.716 INFO             PET1 ESMF_FieldRedistStoreNF(): Leaving routine.
20220129 014710.716 INFO             PET1 ESMF_FieldRedistStoreNF(): Just entered routine.
20220129 014710.716 INFO             PET1 ESMF_FieldRedistStoreNF(): Leaving routine.
20220129 014710.716 INFO             PET1  NUMBER_OF_PROCESSORS           4
20220129 014710.717 INFO             PET1  PASS  Example ESMF_FieldRedistEx, ESMF_FieldRedistEx.F90, line 521
20220129 014710.717 INFO             PET1 Finalizing ESMF
20220129 014710.711 INFO             PET2 !!!!!!!!!!!!!!!!!!!!!!!!!!!!!!!!!!!!!!!!!!!!!!!!!!!!!!
20220129 014710.712 INFO             PET2 !!! THE ESMF_LOG IS SET TO OUTPUT ALL LOG MESSAGES !!!
20220129 014710.712 INFO             PET2 !!!     THIS MAY CAUSE SLOWDOWN IN PERFORMANCE     !!!
20220129 014710.712 INFO             PET2 !!! FOR PRODUCTION RUNS, USE:                      !!!
20220129 014710.712 INFO             PET2 !!!                   ESMF_LOGKIND_Multi_On_Error  !!!
20220129 014710.712 INFO             PET2 !!!!!!!!!!!!!!!!!!!!!!!!!!!!!!!!!!!!!!!!!!!!!!!!!!!!!!
20220129 014710.712 INFO             PET2 Running with ESMF Version   : ESMF_8_3_0_beta_snapshot_06-10-gce27d44403
20220129 014710.712 INFO             PET2 ESMF library build date/time: "Jan 29 2022" "01:12:13"
20220129 014710.712 INFO             PET2 ESMF library build location : /gpfsm/dnb04/projects/p98/mpotts/esmf/intel_2020_intelmpi_O_develop
20220129 014710.712 INFO             PET2 ESMF_COMM                   : intelmpi
20220129 014710.712 INFO             PET2 ESMF_MOAB                   : enabled
20220129 014710.712 INFO             PET2 ESMF_LAPACK                 : enabled
20220129 014710.712 INFO             PET2 ESMF_NETCDF                 : enabled
20220129 014710.712 INFO             PET2 ESMF_PNETCDF                : disabled
20220129 014710.712 INFO             PET2 ESMF_PIO                    : enabled
20220129 014710.712 INFO             PET2 ESMF_YAMLCPP                : enabled
20220129 014710.713 INFO             PET2 ESMF_FieldRedistStoreNF(): Just entered routine.
20220129 014710.714 INFO             PET2 ESMF_FieldRedistStoreNF(): Leaving routine.
20220129 014710.715 INFO             PET2 ESMF_FieldRedistStoreNF(): Just entered routine.
20220129 014710.716 INFO             PET2 ESMF_FieldRedistStoreNF(): Leaving routine.
20220129 014710.716 INFO             PET2 ESMF_FieldRedistStoreNF(): Just entered routine.
20220129 014710.716 INFO             PET2 ESMF_FieldRedistStoreNF(): Leaving routine.
20220129 014710.716 INFO             PET2  NUMBER_OF_PROCESSORS           4
20220129 014710.717 INFO             PET2  PASS  Example ESMF_FieldRedistEx, ESMF_FieldRedistEx.F90, line 521
20220129 014710.717 INFO             PET2 Finalizing ESMF
20220129 014710.712 INFO             PET3 !!!!!!!!!!!!!!!!!!!!!!!!!!!!!!!!!!!!!!!!!!!!!!!!!!!!!!
20220129 014710.712 INFO             PET3 !!! THE ESMF_LOG IS SET TO OUTPUT ALL LOG MESSAGES !!!
20220129 014710.712 INFO             PET3 !!!     THIS MAY CAUSE SLOWDOWN IN PERFORMANCE     !!!
20220129 014710.712 INFO             PET3 !!! FOR PRODUCTION RUNS, USE:                      !!!
20220129 014710.712 INFO             PET3 !!!                   ESMF_LOGKIND_Multi_On_Error  !!!
20220129 014710.712 INFO             PET3 !!!!!!!!!!!!!!!!!!!!!!!!!!!!!!!!!!!!!!!!!!!!!!!!!!!!!!
20220129 014710.712 INFO             PET3 Running with ESMF Version   : ESMF_8_3_0_beta_snapshot_06-10-gce27d44403
20220129 014710.712 INFO             PET3 ESMF library build date/time: "Jan 29 2022" "01:12:13"
20220129 014710.712 INFO             PET3 ESMF library build location : /gpfsm/dnb04/projects/p98/mpotts/esmf/intel_2020_intelmpi_O_develop
20220129 014710.712 INFO             PET3 ESMF_COMM                   : intelmpi
20220129 014710.712 INFO             PET3 ESMF_MOAB                   : enabled
20220129 014710.712 INFO             PET3 ESMF_LAPACK                 : enabled
20220129 014710.712 INFO             PET3 ESMF_NETCDF                 : enabled
20220129 014710.712 INFO             PET3 ESMF_PNETCDF                : disabled
20220129 014710.712 INFO             PET3 ESMF_PIO                    : enabled
20220129 014710.712 INFO             PET3 ESMF_YAMLCPP                : enabled
20220129 014710.713 INFO             PET3 ESMF_FieldRedistStoreNF(): Just entered routine.
20220129 014710.714 INFO             PET3 ESMF_FieldRedistStoreNF(): Leaving routine.
20220129 014710.715 INFO             PET3 ESMF_FieldRedistStoreNF(): Just entered routine.
20220129 014710.716 INFO             PET3 ESMF_FieldRedistStoreNF(): Leaving routine.
20220129 014710.716 INFO             PET3 ESMF_FieldRedistStoreNF(): Just entered routine.
20220129 014710.716 INFO             PET3 ESMF_FieldRedistStoreNF(): Leaving routine.
20220129 014710.716 INFO             PET3  NUMBER_OF_PROCESSORS           4
20220129 014710.717 INFO             PET3  PASS  Example ESMF_FieldRedistEx, ESMF_FieldRedistEx.F90, line 521
20220129 014710.717 INFO             PET3 Finalizing ESMF
