build time -- 2021-11-05 01:37:35.636374
20211105 020424.569 INFO             PET0 !!!!!!!!!!!!!!!!!!!!!!!!!!!!!!!!!!!!!!!!!!!!!!!!!!!!!!
20211105 020424.569 INFO             PET0 !!! THE ESMF_LOG IS SET TO OUTPUT ALL LOG MESSAGES !!!
20211105 020424.569 INFO             PET0 !!!     THIS MAY CAUSE SLOWDOWN IN PERFORMANCE     !!!
20211105 020424.569 INFO             PET0 !!! FOR PRODUCTION RUNS, USE:                      !!!
20211105 020424.569 INFO             PET0 !!!                   ESMF_LOGKIND_Multi_On_Error  !!!
20211105 020424.569 INFO             PET0 !!!!!!!!!!!!!!!!!!!!!!!!!!!!!!!!!!!!!!!!!!!!!!!!!!!!!!
20211105 020424.569 INFO             PET0 Running with ESMF Version   : ESMF_8_3_0_beta_snapshot_02-1-gd594fca699
20211105 020424.569 INFO             PET0 ESMF library build date/time: "Nov  5 2021" "01:27:14"
20211105 020424.569 INFO             PET0 ESMF library build location : /gpfsm/dnb04/projects/p98/mpotts/esmf/intel_2020_intelmpi_O_develop
20211105 020424.569 INFO             PET0 ESMF_COMM                   : intelmpi
20211105 020424.570 INFO             PET0 ESMF_MOAB                   : enabled
20211105 020424.570 INFO             PET0 ESMF_LAPACK                 : enabled
20211105 020424.570 INFO             PET0 ESMF_NETCDF                 : enabled
20211105 020424.570 INFO             PET0 ESMF_PNETCDF                : disabled
20211105 020424.570 INFO             PET0 ESMF_PIO                    : enabled
20211105 020424.570 INFO             PET0 ESMF_YAMLCPP                : enabled
20211105 020424.571 INFO             PET0  NUMBER_OF_PROCESSORS           1
20211105 020424.571 INFO             PET0  PASS  Example ESMF_ClockEx, ESMF_ClockEx.F90, line 220
20211105 020424.571 INFO             PET0 Finalizing ESMF
