build time -- 2022-01-11 01:16:15.534515
20220111 020027.081 INFO             PET0 !!!!!!!!!!!!!!!!!!!!!!!!!!!!!!!!!!!!!!!!!!!!!!!!!!!!!!
20220111 020027.081 INFO             PET0 !!! THE ESMF_LOG IS SET TO OUTPUT ALL LOG MESSAGES !!!
20220111 020027.081 INFO             PET0 !!!     THIS MAY CAUSE SLOWDOWN IN PERFORMANCE     !!!
20220111 020027.081 INFO             PET0 !!! FOR PRODUCTION RUNS, USE:                      !!!
20220111 020027.081 INFO             PET0 !!!                   ESMF_LOGKIND_Multi_On_Error  !!!
20220111 020027.081 INFO             PET0 !!!!!!!!!!!!!!!!!!!!!!!!!!!!!!!!!!!!!!!!!!!!!!!!!!!!!!
20220111 020027.081 INFO             PET0 Running with ESMF Version   : ESMF_8_3_0_beta_snapshot_05-1-g3e9d170f1f
20220111 020027.081 INFO             PET0 ESMF library build date/time: "Jan 11 2022" "01:14:08"
20220111 020027.081 INFO             PET0 ESMF library build location : /gpfsm/dnb04/projects/p98/mpotts/esmf/intel_2020_intelmpi_O_develop
20220111 020027.081 INFO             PET0 ESMF_COMM                   : intelmpi
20220111 020027.082 INFO             PET0 ESMF_MOAB                   : enabled
20220111 020027.082 INFO             PET0 ESMF_LAPACK                 : enabled
20220111 020027.082 INFO             PET0 ESMF_NETCDF                 : enabled
20220111 020027.082 INFO             PET0 ESMF_PNETCDF                : disabled
20220111 020027.082 INFO             PET0 ESMF_PIO                    : enabled
20220111 020027.082 INFO             PET0 ESMF_YAMLCPP                : enabled
20220111 020027.083 INFO             PET0  NUMBER_OF_PROCESSORS           1
20220111 020027.083 INFO             PET0  PASS  Example ESMF_AlarmEx, ESMF_AlarmEx.F90, line 244
20220111 020027.083 INFO             PET0 Finalizing ESMF
