build time -- 2022-01-28 01:14:26.489096
 Somewhat of a SILLY @$^@_ label
 finalCalculation               
 Somewhat of a SILLY @$^@_ label
 finalCalculation               
 dummy output from attached method 
 Somewhat of a SILLY @$^@_ label
 finalCalculation               
 dummy output from attached method 
 Somewhat of a SILLY @$^@_ label
 dummy output from attached method 
  PASS  Example ESMF_AttachMethodsEx, ESMF_AttachMethodsEx.F90, line 292
  PASS  Example ESMF_AttachMethodsEx, ESMF_AttachMethodsEx.F90, line 292
 finalCalculation               
 dummy output from attached method 
  PASS  Example ESMF_AttachMethodsEx, ESMF_AttachMethodsEx.F90, line 292
  PASS  Example ESMF_AttachMethodsEx, ESMF_AttachMethodsEx.F90, line 292
 PASS: ESMF_AttachMethodsEx.F90
 PASS: ESMF_AttachMethodsEx.F90
 PASS: ESMF_AttachMethodsEx.F90
 PASS: ESMF_AttachMethodsEx.F90
