build time -- 2021-11-13 03:01:39
20211113 064422.878 INFO             PET0 !!!!!!!!!!!!!!!!!!!!!!!!!!!!!!!!!!!!!!!!!!!!!!!!!!!!!!
20211113 064422.878 INFO             PET0 !!! THE ESMF_LOG IS SET TO OUTPUT ALL LOG MESSAGES !!!
20211113 064422.878 INFO             PET0 !!!     THIS MAY CAUSE SLOWDOWN IN PERFORMANCE     !!!
20211113 064422.879 INFO             PET0 !!! FOR PRODUCTION RUNS, USE:                      !!!
20211113 064422.879 INFO             PET0 !!!                   ESMF_LOGKIND_Multi_On_Error  !!!
20211113 064422.879 INFO             PET0 !!!!!!!!!!!!!!!!!!!!!!!!!!!!!!!!!!!!!!!!!!!!!!!!!!!!!!
20211113 064422.879 INFO             PET0 Running with ESMF Version   : ESMF_8_3_0_beta_snapshot_02-9-g35b0f61
20211113 064422.879 INFO             PET0 ESMF library build date/time: "Nov 13 2021" "02:57:16"
20211113 064422.879 INFO             PET0 ESMF library build location : /work/noaa/da/mpotts/sandbox/intel_2020_intelmpi_O_develop
20211113 064422.879 INFO             PET0 ESMF_COMM                   : intelmpi
20211113 064422.887 INFO             PET0 ESMF_MOAB                   : enabled
20211113 064422.887 INFO             PET0 ESMF_LAPACK                 : enabled
20211113 064422.887 INFO             PET0 ESMF_NETCDF                 : enabled
20211113 064422.887 INFO             PET0 ESMF_PNETCDF                : disabled
20211113 064422.887 INFO             PET0 ESMF_PIO                    : enabled
20211113 064422.887 INFO             PET0 ESMF_YAMLCPP                : enabled
20211113 064423.498 INFO             PET0  NUMBER_OF_PROCESSORS           4
20211113 064423.499 INFO             PET0  PASS  Example ESMF_FieldBundleCreateEx, ESMF_FieldBundleCreateEx.F90, line 561
20211113 064423.499 INFO             PET0 Finalizing ESMF
20211113 064422.878 INFO             PET1 !!!!!!!!!!!!!!!!!!!!!!!!!!!!!!!!!!!!!!!!!!!!!!!!!!!!!!
20211113 064422.878 INFO             PET1 !!! THE ESMF_LOG IS SET TO OUTPUT ALL LOG MESSAGES !!!
20211113 064422.878 INFO             PET1 !!!     THIS MAY CAUSE SLOWDOWN IN PERFORMANCE     !!!
20211113 064422.878 INFO             PET1 !!! FOR PRODUCTION RUNS, USE:                      !!!
20211113 064422.878 INFO             PET1 !!!                   ESMF_LOGKIND_Multi_On_Error  !!!
20211113 064422.878 INFO             PET1 !!!!!!!!!!!!!!!!!!!!!!!!!!!!!!!!!!!!!!!!!!!!!!!!!!!!!!
20211113 064422.878 INFO             PET1 Running with ESMF Version   : ESMF_8_3_0_beta_snapshot_02-9-g35b0f61
20211113 064422.878 INFO             PET1 ESMF library build date/time: "Nov 13 2021" "02:57:16"
20211113 064422.878 INFO             PET1 ESMF library build location : /work/noaa/da/mpotts/sandbox/intel_2020_intelmpi_O_develop
20211113 064422.878 INFO             PET1 ESMF_COMM                   : intelmpi
20211113 064422.887 INFO             PET1 ESMF_MOAB                   : enabled
20211113 064422.887 INFO             PET1 ESMF_LAPACK                 : enabled
20211113 064422.887 INFO             PET1 ESMF_NETCDF                 : enabled
20211113 064422.887 INFO             PET1 ESMF_PNETCDF                : disabled
20211113 064422.887 INFO             PET1 ESMF_PIO                    : enabled
20211113 064422.887 INFO             PET1 ESMF_YAMLCPP                : enabled
20211113 064423.498 INFO             PET1  NUMBER_OF_PROCESSORS           4
20211113 064423.499 INFO             PET1  PASS  Example ESMF_FieldBundleCreateEx, ESMF_FieldBundleCreateEx.F90, line 561
20211113 064423.499 INFO             PET1 Finalizing ESMF
20211113 064422.885 INFO             PET2 !!!!!!!!!!!!!!!!!!!!!!!!!!!!!!!!!!!!!!!!!!!!!!!!!!!!!!
20211113 064422.885 INFO             PET2 !!! THE ESMF_LOG IS SET TO OUTPUT ALL LOG MESSAGES !!!
20211113 064422.885 INFO             PET2 !!!     THIS MAY CAUSE SLOWDOWN IN PERFORMANCE     !!!
20211113 064422.885 INFO             PET2 !!! FOR PRODUCTION RUNS, USE:                      !!!
20211113 064422.885 INFO             PET2 !!!                   ESMF_LOGKIND_Multi_On_Error  !!!
20211113 064422.885 INFO             PET2 !!!!!!!!!!!!!!!!!!!!!!!!!!!!!!!!!!!!!!!!!!!!!!!!!!!!!!
20211113 064422.885 INFO             PET2 Running with ESMF Version   : ESMF_8_3_0_beta_snapshot_02-9-g35b0f61
20211113 064422.886 INFO             PET2 ESMF library build date/time: "Nov 13 2021" "02:57:16"
20211113 064422.886 INFO             PET2 ESMF library build location : /work/noaa/da/mpotts/sandbox/intel_2020_intelmpi_O_develop
20211113 064422.886 INFO             PET2 ESMF_COMM                   : intelmpi
20211113 064422.898 INFO             PET2 ESMF_MOAB                   : enabled
20211113 064422.898 INFO             PET2 ESMF_LAPACK                 : enabled
20211113 064422.898 INFO             PET2 ESMF_NETCDF                 : enabled
20211113 064422.898 INFO             PET2 ESMF_PNETCDF                : disabled
20211113 064422.898 INFO             PET2 ESMF_PIO                    : enabled
20211113 064422.898 INFO             PET2 ESMF_YAMLCPP                : enabled
20211113 064423.513 INFO             PET2  NUMBER_OF_PROCESSORS           4
20211113 064423.514 INFO             PET2  PASS  Example ESMF_FieldBundleCreateEx, ESMF_FieldBundleCreateEx.F90, line 561
20211113 064423.514 INFO             PET2 Finalizing ESMF
20211113 064422.885 INFO             PET3 !!!!!!!!!!!!!!!!!!!!!!!!!!!!!!!!!!!!!!!!!!!!!!!!!!!!!!
20211113 064422.885 INFO             PET3 !!! THE ESMF_LOG IS SET TO OUTPUT ALL LOG MESSAGES !!!
20211113 064422.885 INFO             PET3 !!!     THIS MAY CAUSE SLOWDOWN IN PERFORMANCE     !!!
20211113 064422.885 INFO             PET3 !!! FOR PRODUCTION RUNS, USE:                      !!!
20211113 064422.885 INFO             PET3 !!!                   ESMF_LOGKIND_Multi_On_Error  !!!
20211113 064422.885 INFO             PET3 !!!!!!!!!!!!!!!!!!!!!!!!!!!!!!!!!!!!!!!!!!!!!!!!!!!!!!
20211113 064422.885 INFO             PET3 Running with ESMF Version   : ESMF_8_3_0_beta_snapshot_02-9-g35b0f61
20211113 064422.885 INFO             PET3 ESMF library build date/time: "Nov 13 2021" "02:57:16"
20211113 064422.885 INFO             PET3 ESMF library build location : /work/noaa/da/mpotts/sandbox/intel_2020_intelmpi_O_develop
20211113 064422.885 INFO             PET3 ESMF_COMM                   : intelmpi
20211113 064422.894 INFO             PET3 ESMF_MOAB                   : enabled
20211113 064422.894 INFO             PET3 ESMF_LAPACK                 : enabled
20211113 064422.894 INFO             PET3 ESMF_NETCDF                 : enabled
20211113 064422.894 INFO             PET3 ESMF_PNETCDF                : disabled
20211113 064422.894 INFO             PET3 ESMF_PIO                    : enabled
20211113 064422.894 INFO             PET3 ESMF_YAMLCPP                : enabled
20211113 064423.509 INFO             PET3  NUMBER_OF_PROCESSORS           4
20211113 064423.509 INFO             PET3  PASS  Example ESMF_FieldBundleCreateEx, ESMF_FieldBundleCreateEx.F90, line 561
20211113 064423.509 INFO             PET3 Finalizing ESMF
