build time -- 2021-11-27 02:31:30
20211127 052257.685 INFO             PET0 !!!!!!!!!!!!!!!!!!!!!!!!!!!!!!!!!!!!!!!!!!!!!!!!!!!!!!
20211127 052257.685 INFO             PET0 !!! THE ESMF_LOG IS SET TO OUTPUT ALL LOG MESSAGES !!!
20211127 052257.685 INFO             PET0 !!!     THIS MAY CAUSE SLOWDOWN IN PERFORMANCE     !!!
20211127 052257.685 INFO             PET0 !!! FOR PRODUCTION RUNS, USE:                      !!!
20211127 052257.685 INFO             PET0 !!!                   ESMF_LOGKIND_Multi_On_Error  !!!
20211127 052257.685 INFO             PET0 !!!!!!!!!!!!!!!!!!!!!!!!!!!!!!!!!!!!!!!!!!!!!!!!!!!!!!
20211127 052257.685 INFO             PET0 Running with ESMF Version   : ESMF_8_3_0_beta_snapshot_03
20211127 052257.685 INFO             PET0 ESMF library build date/time: "Nov 27 2021" "02:30:03"
20211127 052257.685 INFO             PET0 ESMF library build location : /work/noaa/da/mpotts/sandbox/intel_2020_intelmpi_O_develop
20211127 052257.685 INFO             PET0 ESMF_COMM                   : intelmpi
20211127 052257.700 INFO             PET0 ESMF_MOAB                   : enabled
20211127 052257.700 INFO             PET0 ESMF_LAPACK                 : enabled
20211127 052257.700 INFO             PET0 ESMF_NETCDF                 : enabled
20211127 052257.700 INFO             PET0 ESMF_PNETCDF                : disabled
20211127 052257.700 INFO             PET0 ESMF_PIO                    : enabled
20211127 052257.700 INFO             PET0 ESMF_YAMLCPP                : enabled
20211127 052257.700 INFO             PET0 ESMF Tracing Enabled
20211127 052257.700 INFO             PET0 ESMF Profiling Enabled
20211127 052257.700 INFO             PET0 ESMF Trace/Profile clock: REALTIME
20211127 052259.103 INFO             PET0  NUMBER_OF_PROCESSORS           4
20211127 052259.103 INFO             PET0  PASS  Example ESMF_TraceEx, ESMF_TraceEx.F90, line 178
20211127 052259.103 INFO             PET0 Finalizing ESMF
20211127 052259.103 INFO             PET0 **************** Region Timings *******************
20211127 052259.103 INFO             PET0 Region              Count  Total (s)   Self (s)    Mean (s)    Min (s)     Max (s)
20211127 052259.103 INFO             PET0   [test] Init 1     1      0.0007      0.0007      0.0007      0.0007      0.0007
20211127 052259.103 INFO             PET0   [test] Run 1      5      0.0002      0.0002      0.0000      0.0000      0.0001
20211127 052259.103 INFO             PET0   [test] Final 1    1      0.0001      0.0001      0.0001      0.0001      0.0001
20211127 052257.685 INFO             PET1 !!!!!!!!!!!!!!!!!!!!!!!!!!!!!!!!!!!!!!!!!!!!!!!!!!!!!!
20211127 052257.685 INFO             PET1 !!! THE ESMF_LOG IS SET TO OUTPUT ALL LOG MESSAGES !!!
20211127 052257.685 INFO             PET1 !!!     THIS MAY CAUSE SLOWDOWN IN PERFORMANCE     !!!
20211127 052257.685 INFO             PET1 !!! FOR PRODUCTION RUNS, USE:                      !!!
20211127 052257.685 INFO             PET1 !!!                   ESMF_LOGKIND_Multi_On_Error  !!!
20211127 052257.685 INFO             PET1 !!!!!!!!!!!!!!!!!!!!!!!!!!!!!!!!!!!!!!!!!!!!!!!!!!!!!!
20211127 052257.685 INFO             PET1 Running with ESMF Version   : ESMF_8_3_0_beta_snapshot_03
20211127 052257.685 INFO             PET1 ESMF library build date/time: "Nov 27 2021" "02:30:03"
20211127 052257.685 INFO             PET1 ESMF library build location : /work/noaa/da/mpotts/sandbox/intel_2020_intelmpi_O_develop
20211127 052257.685 INFO             PET1 ESMF_COMM                   : intelmpi
20211127 052258.750 INFO             PET1 ESMF_MOAB                   : enabled
20211127 052258.750 INFO             PET1 ESMF_LAPACK                 : enabled
20211127 052258.750 INFO             PET1 ESMF_NETCDF                 : enabled
20211127 052258.750 INFO             PET1 ESMF_PNETCDF                : disabled
20211127 052258.750 INFO             PET1 ESMF_PIO                    : enabled
20211127 052258.750 INFO             PET1 ESMF_YAMLCPP                : enabled
20211127 052258.750 INFO             PET1 ESMF Tracing Enabled
20211127 052258.750 INFO             PET1 ESMF Profiling Enabled
20211127 052258.750 INFO             PET1 ESMF Trace/Profile clock: REALTIME
20211127 052259.102 INFO             PET1  NUMBER_OF_PROCESSORS           4
20211127 052259.102 INFO             PET1  PASS  Example ESMF_TraceEx, ESMF_TraceEx.F90, line 178
20211127 052259.102 INFO             PET1 Finalizing ESMF
20211127 052259.102 INFO             PET1 **************** Region Timings *******************
20211127 052259.102 INFO             PET1 Region              Count  Total (s)   Self (s)    Mean (s)    Min (s)     Max (s)
20211127 052259.102 INFO             PET1   [test] Run 1      5      0.0002      0.0002      0.0000      0.0000      0.0001
20211127 052259.102 INFO             PET1   [test] Init 1     1      0.0001      0.0001      0.0001      0.0001      0.0001
20211127 052259.102 INFO             PET1   [test] Final 1    1      0.0001      0.0001      0.0001      0.0001      0.0001
20211127 052257.686 INFO             PET2 !!!!!!!!!!!!!!!!!!!!!!!!!!!!!!!!!!!!!!!!!!!!!!!!!!!!!!
20211127 052257.687 INFO             PET2 !!! THE ESMF_LOG IS SET TO OUTPUT ALL LOG MESSAGES !!!
20211127 052257.687 INFO             PET2 !!!     THIS MAY CAUSE SLOWDOWN IN PERFORMANCE     !!!
20211127 052257.687 INFO             PET2 !!! FOR PRODUCTION RUNS, USE:                      !!!
20211127 052257.687 INFO             PET2 !!!                   ESMF_LOGKIND_Multi_On_Error  !!!
20211127 052257.687 INFO             PET2 !!!!!!!!!!!!!!!!!!!!!!!!!!!!!!!!!!!!!!!!!!!!!!!!!!!!!!
20211127 052257.687 INFO             PET2 Running with ESMF Version   : ESMF_8_3_0_beta_snapshot_03
20211127 052257.687 INFO             PET2 ESMF library build date/time: "Nov 27 2021" "02:30:03"
20211127 052257.687 INFO             PET2 ESMF library build location : /work/noaa/da/mpotts/sandbox/intel_2020_intelmpi_O_develop
20211127 052257.687 INFO             PET2 ESMF_COMM                   : intelmpi
20211127 052257.688 INFO             PET2 ESMF_MOAB                   : enabled
20211127 052257.688 INFO             PET2 ESMF_LAPACK                 : enabled
20211127 052257.688 INFO             PET2 ESMF_NETCDF                 : enabled
20211127 052257.688 INFO             PET2 ESMF_PNETCDF                : disabled
20211127 052257.688 INFO             PET2 ESMF_PIO                    : enabled
20211127 052257.688 INFO             PET2 ESMF_YAMLCPP                : enabled
20211127 052257.688 INFO             PET2 ESMF Tracing Enabled
20211127 052257.688 INFO             PET2 ESMF Profiling Enabled
20211127 052257.688 INFO             PET2 ESMF Trace/Profile clock: REALTIME
20211127 052259.103 INFO             PET2  NUMBER_OF_PROCESSORS           4
20211127 052259.103 INFO             PET2  PASS  Example ESMF_TraceEx, ESMF_TraceEx.F90, line 178
20211127 052259.103 INFO             PET2 Finalizing ESMF
20211127 052259.103 INFO             PET2 **************** Region Timings *******************
20211127 052259.103 INFO             PET2 Region              Count  Total (s)   Self (s)    Mean (s)    Min (s)     Max (s)
20211127 052259.103 INFO             PET2   [test] Init 1     1      0.0006      0.0006      0.0006      0.0006      0.0006
20211127 052259.103 INFO             PET2   [test] Final 1    1      0.0003      0.0003      0.0003      0.0003      0.0003
20211127 052259.104 INFO             PET2   [test] Run 1      5      0.0002      0.0002      0.0000      0.0000      0.0000
20211127 052257.687 INFO             PET3 !!!!!!!!!!!!!!!!!!!!!!!!!!!!!!!!!!!!!!!!!!!!!!!!!!!!!!
20211127 052257.687 INFO             PET3 !!! THE ESMF_LOG IS SET TO OUTPUT ALL LOG MESSAGES !!!
20211127 052257.687 INFO             PET3 !!!     THIS MAY CAUSE SLOWDOWN IN PERFORMANCE     !!!
20211127 052257.687 INFO             PET3 !!! FOR PRODUCTION RUNS, USE:                      !!!
20211127 052257.687 INFO             PET3 !!!                   ESMF_LOGKIND_Multi_On_Error  !!!
20211127 052257.687 INFO             PET3 !!!!!!!!!!!!!!!!!!!!!!!!!!!!!!!!!!!!!!!!!!!!!!!!!!!!!!
20211127 052257.687 INFO             PET3 Running with ESMF Version   : ESMF_8_3_0_beta_snapshot_03
20211127 052257.687 INFO             PET3 ESMF library build date/time: "Nov 27 2021" "02:30:03"
20211127 052257.687 INFO             PET3 ESMF library build location : /work/noaa/da/mpotts/sandbox/intel_2020_intelmpi_O_develop
20211127 052257.687 INFO             PET3 ESMF_COMM                   : intelmpi
20211127 052258.173 INFO             PET3 ESMF_MOAB                   : enabled
20211127 052258.173 INFO             PET3 ESMF_LAPACK                 : enabled
20211127 052258.173 INFO             PET3 ESMF_NETCDF                 : enabled
20211127 052258.173 INFO             PET3 ESMF_PNETCDF                : disabled
20211127 052258.173 INFO             PET3 ESMF_PIO                    : enabled
20211127 052258.173 INFO             PET3 ESMF_YAMLCPP                : enabled
20211127 052258.173 INFO             PET3 ESMF Tracing Enabled
20211127 052258.173 INFO             PET3 ESMF Profiling Enabled
20211127 052258.173 INFO             PET3 ESMF Trace/Profile clock: REALTIME
20211127 052259.116 INFO             PET3  NUMBER_OF_PROCESSORS           4
20211127 052259.116 INFO             PET3  PASS  Example ESMF_TraceEx, ESMF_TraceEx.F90, line 178
20211127 052259.116 INFO             PET3 Finalizing ESMF
20211127 052259.116 INFO             PET3 **************** Region Timings *******************
20211127 052259.116 INFO             PET3 Region              Count  Total (s)   Self (s)    Mean (s)    Min (s)     Max (s)
20211127 052259.116 INFO             PET3   [test] Run 1      5      0.0002      0.0002      0.0000      0.0000      0.0001
20211127 052259.116 INFO             PET3   [test] Init 1     1      0.0002      0.0002      0.0002      0.0002      0.0002
20211127 052259.116 INFO             PET3   [test] Final 1    1      0.0001      0.0001      0.0001      0.0001      0.0001
