build time -- 2021-12-13 02:31:25
20211213 051501.000 INFO             PET0 !!!!!!!!!!!!!!!!!!!!!!!!!!!!!!!!!!!!!!!!!!!!!!!!!!!!!!
20211213 051501.000 INFO             PET0 !!! THE ESMF_LOG IS SET TO OUTPUT ALL LOG MESSAGES !!!
20211213 051501.000 INFO             PET0 !!!     THIS MAY CAUSE SLOWDOWN IN PERFORMANCE     !!!
20211213 051501.000 INFO             PET0 !!! FOR PRODUCTION RUNS, USE:                      !!!
20211213 051501.000 INFO             PET0 !!!                   ESMF_LOGKIND_Multi_On_Error  !!!
20211213 051501.000 INFO             PET0 !!!!!!!!!!!!!!!!!!!!!!!!!!!!!!!!!!!!!!!!!!!!!!!!!!!!!!
20211213 051501.000 INFO             PET0 Running with ESMF Version   : ESMF_8_3_0_beta_snapshot_04-8-g60a38ef
20211213 051501.000 INFO             PET0 ESMF library build date/time: "Dec 13 2021" "02:29:57"
20211213 051501.000 INFO             PET0 ESMF library build location : /work/noaa/da/mpotts/sandbox/intel_2020_intelmpi_O_develop
20211213 051501.000 INFO             PET0 ESMF_COMM                   : intelmpi
20211213 051501.002 INFO             PET0 ESMF_MOAB                   : enabled
20211213 051501.002 INFO             PET0 ESMF_LAPACK                 : enabled
20211213 051501.002 INFO             PET0 ESMF_NETCDF                 : enabled
20211213 051501.002 INFO             PET0 ESMF_PNETCDF                : disabled
20211213 051501.002 INFO             PET0 ESMF_PIO                    : enabled
20211213 051501.002 INFO             PET0 ESMF_YAMLCPP                : enabled
20211213 051525.731 INFO             PET0  NUMBER_OF_PROCESSORS           4
20211213 051525.731 INFO             PET0  PASS  Example ESMF_FieldSphereRegridEx, ESMF_FieldSphereRegridEx.F90, line 407
20211213 051525.731 INFO             PET0 Finalizing ESMF
20211213 051501.000 INFO             PET1 !!!!!!!!!!!!!!!!!!!!!!!!!!!!!!!!!!!!!!!!!!!!!!!!!!!!!!
20211213 051501.000 INFO             PET1 !!! THE ESMF_LOG IS SET TO OUTPUT ALL LOG MESSAGES !!!
20211213 051501.000 INFO             PET1 !!!     THIS MAY CAUSE SLOWDOWN IN PERFORMANCE     !!!
20211213 051501.000 INFO             PET1 !!! FOR PRODUCTION RUNS, USE:                      !!!
20211213 051501.000 INFO             PET1 !!!                   ESMF_LOGKIND_Multi_On_Error  !!!
20211213 051501.000 INFO             PET1 !!!!!!!!!!!!!!!!!!!!!!!!!!!!!!!!!!!!!!!!!!!!!!!!!!!!!!
20211213 051501.000 INFO             PET1 Running with ESMF Version   : ESMF_8_3_0_beta_snapshot_04-8-g60a38ef
20211213 051501.000 INFO             PET1 ESMF library build date/time: "Dec 13 2021" "02:29:57"
20211213 051501.000 INFO             PET1 ESMF library build location : /work/noaa/da/mpotts/sandbox/intel_2020_intelmpi_O_develop
20211213 051501.000 INFO             PET1 ESMF_COMM                   : intelmpi
20211213 051501.002 INFO             PET1 ESMF_MOAB                   : enabled
20211213 051501.002 INFO             PET1 ESMF_LAPACK                 : enabled
20211213 051501.002 INFO             PET1 ESMF_NETCDF                 : enabled
20211213 051501.002 INFO             PET1 ESMF_PNETCDF                : disabled
20211213 051501.002 INFO             PET1 ESMF_PIO                    : enabled
20211213 051501.002 INFO             PET1 ESMF_YAMLCPP                : enabled
20211213 051525.731 INFO             PET1  NUMBER_OF_PROCESSORS           4
20211213 051525.731 INFO             PET1  PASS  Example ESMF_FieldSphereRegridEx, ESMF_FieldSphereRegridEx.F90, line 407
20211213 051525.731 INFO             PET1 Finalizing ESMF
20211213 051501.015 INFO             PET2 !!!!!!!!!!!!!!!!!!!!!!!!!!!!!!!!!!!!!!!!!!!!!!!!!!!!!!
20211213 051501.016 INFO             PET2 !!! THE ESMF_LOG IS SET TO OUTPUT ALL LOG MESSAGES !!!
20211213 051501.016 INFO             PET2 !!!     THIS MAY CAUSE SLOWDOWN IN PERFORMANCE     !!!
20211213 051501.016 INFO             PET2 !!! FOR PRODUCTION RUNS, USE:                      !!!
20211213 051501.016 INFO             PET2 !!!                   ESMF_LOGKIND_Multi_On_Error  !!!
20211213 051501.016 INFO             PET2 !!!!!!!!!!!!!!!!!!!!!!!!!!!!!!!!!!!!!!!!!!!!!!!!!!!!!!
20211213 051501.016 INFO             PET2 Running with ESMF Version   : ESMF_8_3_0_beta_snapshot_04-8-g60a38ef
20211213 051501.016 INFO             PET2 ESMF library build date/time: "Dec 13 2021" "02:29:57"
20211213 051501.016 INFO             PET2 ESMF library build location : /work/noaa/da/mpotts/sandbox/intel_2020_intelmpi_O_develop
20211213 051501.016 INFO             PET2 ESMF_COMM                   : intelmpi
20211213 051501.028 INFO             PET2 ESMF_MOAB                   : enabled
20211213 051501.028 INFO             PET2 ESMF_LAPACK                 : enabled
20211213 051501.028 INFO             PET2 ESMF_NETCDF                 : enabled
20211213 051501.028 INFO             PET2 ESMF_PNETCDF                : disabled
20211213 051501.028 INFO             PET2 ESMF_PIO                    : enabled
20211213 051501.028 INFO             PET2 ESMF_YAMLCPP                : enabled
20211213 051525.750 INFO             PET2  NUMBER_OF_PROCESSORS           4
20211213 051525.750 INFO             PET2  PASS  Example ESMF_FieldSphereRegridEx, ESMF_FieldSphereRegridEx.F90, line 407
20211213 051525.750 INFO             PET2 Finalizing ESMF
20211213 051501.015 INFO             PET3 !!!!!!!!!!!!!!!!!!!!!!!!!!!!!!!!!!!!!!!!!!!!!!!!!!!!!!
20211213 051501.015 INFO             PET3 !!! THE ESMF_LOG IS SET TO OUTPUT ALL LOG MESSAGES !!!
20211213 051501.015 INFO             PET3 !!!     THIS MAY CAUSE SLOWDOWN IN PERFORMANCE     !!!
20211213 051501.015 INFO             PET3 !!! FOR PRODUCTION RUNS, USE:                      !!!
20211213 051501.015 INFO             PET3 !!!                   ESMF_LOGKIND_Multi_On_Error  !!!
20211213 051501.015 INFO             PET3 !!!!!!!!!!!!!!!!!!!!!!!!!!!!!!!!!!!!!!!!!!!!!!!!!!!!!!
20211213 051501.015 INFO             PET3 Running with ESMF Version   : ESMF_8_3_0_beta_snapshot_04-8-g60a38ef
20211213 051501.015 INFO             PET3 ESMF library build date/time: "Dec 13 2021" "02:29:57"
20211213 051501.015 INFO             PET3 ESMF library build location : /work/noaa/da/mpotts/sandbox/intel_2020_intelmpi_O_develop
20211213 051501.015 INFO             PET3 ESMF_COMM                   : intelmpi
20211213 051501.026 INFO             PET3 ESMF_MOAB                   : enabled
20211213 051501.026 INFO             PET3 ESMF_LAPACK                 : enabled
20211213 051501.026 INFO             PET3 ESMF_NETCDF                 : enabled
20211213 051501.026 INFO             PET3 ESMF_PNETCDF                : disabled
20211213 051501.026 INFO             PET3 ESMF_PIO                    : enabled
20211213 051501.026 INFO             PET3 ESMF_YAMLCPP                : enabled
20211213 051525.744 INFO             PET3  NUMBER_OF_PROCESSORS           4
20211213 051525.755 INFO             PET3  PASS  Example ESMF_FieldSphereRegridEx, ESMF_FieldSphereRegridEx.F90, line 407
20211213 051525.755 INFO             PET3 Finalizing ESMF
