build time -- 2021-12-26 02:36:45
20211226 054941.948 INFO             PET0 !!!!!!!!!!!!!!!!!!!!!!!!!!!!!!!!!!!!!!!!!!!!!!!!!!!!!!
20211226 054941.948 INFO             PET0 !!! THE ESMF_LOG IS SET TO OUTPUT ALL LOG MESSAGES !!!
20211226 054941.948 INFO             PET0 !!!     THIS MAY CAUSE SLOWDOWN IN PERFORMANCE     !!!
20211226 054941.948 INFO             PET0 !!! FOR PRODUCTION RUNS, USE:                      !!!
20211226 054941.948 INFO             PET0 !!!                   ESMF_LOGKIND_Multi_On_Error  !!!
20211226 054941.948 INFO             PET0 !!!!!!!!!!!!!!!!!!!!!!!!!!!!!!!!!!!!!!!!!!!!!!!!!!!!!!
20211226 054941.948 INFO             PET0 Running with ESMF Version   : ESMF_8_3_0_beta_snapshot_05-1-g3e9d170
20211226 054941.948 INFO             PET0 ESMF library build date/time: "Dec 26 2021" "02:35:18"
20211226 054941.948 INFO             PET0 ESMF library build location : /work/noaa/da/mpotts/sandbox/intel_2020_intelmpi_O_develop
20211226 054941.948 INFO             PET0 ESMF_COMM                   : intelmpi
20211226 054941.949 INFO             PET0 ESMF_MOAB                   : enabled
20211226 054941.949 INFO             PET0 ESMF_LAPACK                 : enabled
20211226 054941.949 INFO             PET0 ESMF_NETCDF                 : enabled
20211226 054941.949 INFO             PET0 ESMF_PNETCDF                : disabled
20211226 054941.949 INFO             PET0 ESMF_PIO                    : enabled
20211226 054941.949 INFO             PET0 ESMF_YAMLCPP                : enabled
20211226 054941.950 INFO             PET0  NUMBER_OF_PROCESSORS           1
20211226 054941.950 INFO             PET0  PASS  Example ESMF_TimeIntervalEx, ESMF_TimeIntervalEx.F90, line 176
20211226 054941.950 INFO             PET0 Finalizing ESMF
