build time -- 2022-01-27 02:38:27
20220127 053019.019 INFO             PET0 !!!!!!!!!!!!!!!!!!!!!!!!!!!!!!!!!!!!!!!!!!!!!!!!!!!!!!
20220127 053019.019 INFO             PET0 !!! THE ESMF_LOG IS SET TO OUTPUT ALL LOG MESSAGES !!!
20220127 053019.019 INFO             PET0 !!!     THIS MAY CAUSE SLOWDOWN IN PERFORMANCE     !!!
20220127 053019.019 INFO             PET0 !!! FOR PRODUCTION RUNS, USE:                      !!!
20220127 053019.019 INFO             PET0 !!!                   ESMF_LOGKIND_Multi_On_Error  !!!
20220127 053019.019 INFO             PET0 !!!!!!!!!!!!!!!!!!!!!!!!!!!!!!!!!!!!!!!!!!!!!!!!!!!!!!
20220127 053019.019 INFO             PET0 Running with ESMF Version   : ESMF_8_3_0_beta_snapshot_06-10-gce27d44
20220127 053019.019 INFO             PET0 ESMF library build date/time: "Jan 27 2022" "02:36:11"
20220127 053019.019 INFO             PET0 ESMF library build location : /work/noaa/da/mpotts/sandbox/intel_2020_intelmpi_O_develop
20220127 053019.019 INFO             PET0 ESMF_COMM                   : intelmpi
20220127 053019.020 INFO             PET0 ESMF_MOAB                   : enabled
20220127 053019.020 INFO             PET0 ESMF_LAPACK                 : enabled
20220127 053019.020 INFO             PET0 ESMF_NETCDF                 : enabled
20220127 053019.020 INFO             PET0 ESMF_PNETCDF                : disabled
20220127 053019.020 INFO             PET0 ESMF_PIO                    : enabled
20220127 053019.020 INFO             PET0 ESMF_YAMLCPP                : enabled
20220127 053054.160 INFO             PET0  NUMBER_OF_PROCESSORS           4
20220127 053054.160 INFO             PET0  PASS  Example ESMF_RHandleBitForBitEx, ESMF_RHandleBitForBitEx.F90, line 1557
20220127 053054.160 INFO             PET0 Finalizing ESMF
20220127 053019.027 INFO             PET1 !!!!!!!!!!!!!!!!!!!!!!!!!!!!!!!!!!!!!!!!!!!!!!!!!!!!!!
20220127 053019.027 INFO             PET1 !!! THE ESMF_LOG IS SET TO OUTPUT ALL LOG MESSAGES !!!
20220127 053019.027 INFO             PET1 !!!     THIS MAY CAUSE SLOWDOWN IN PERFORMANCE     !!!
20220127 053019.027 INFO             PET1 !!! FOR PRODUCTION RUNS, USE:                      !!!
20220127 053019.027 INFO             PET1 !!!                   ESMF_LOGKIND_Multi_On_Error  !!!
20220127 053019.027 INFO             PET1 !!!!!!!!!!!!!!!!!!!!!!!!!!!!!!!!!!!!!!!!!!!!!!!!!!!!!!
20220127 053019.027 INFO             PET1 Running with ESMF Version   : ESMF_8_3_0_beta_snapshot_06-10-gce27d44
20220127 053019.027 INFO             PET1 ESMF library build date/time: "Jan 27 2022" "02:36:11"
20220127 053019.027 INFO             PET1 ESMF library build location : /work/noaa/da/mpotts/sandbox/intel_2020_intelmpi_O_develop
20220127 053019.027 INFO             PET1 ESMF_COMM                   : intelmpi
20220127 053019.029 INFO             PET1 ESMF_MOAB                   : enabled
20220127 053019.029 INFO             PET1 ESMF_LAPACK                 : enabled
20220127 053019.029 INFO             PET1 ESMF_NETCDF                 : enabled
20220127 053019.029 INFO             PET1 ESMF_PNETCDF                : disabled
20220127 053019.029 INFO             PET1 ESMF_PIO                    : enabled
20220127 053019.029 INFO             PET1 ESMF_YAMLCPP                : enabled
20220127 053054.147 INFO             PET1  NUMBER_OF_PROCESSORS           4
20220127 053054.147 INFO             PET1  PASS  Example ESMF_RHandleBitForBitEx, ESMF_RHandleBitForBitEx.F90, line 1557
20220127 053054.147 INFO             PET1 Finalizing ESMF
20220127 053019.033 INFO             PET2 !!!!!!!!!!!!!!!!!!!!!!!!!!!!!!!!!!!!!!!!!!!!!!!!!!!!!!
20220127 053019.033 INFO             PET2 !!! THE ESMF_LOG IS SET TO OUTPUT ALL LOG MESSAGES !!!
20220127 053019.033 INFO             PET2 !!!     THIS MAY CAUSE SLOWDOWN IN PERFORMANCE     !!!
20220127 053019.033 INFO             PET2 !!! FOR PRODUCTION RUNS, USE:                      !!!
20220127 053019.033 INFO             PET2 !!!                   ESMF_LOGKIND_Multi_On_Error  !!!
20220127 053019.033 INFO             PET2 !!!!!!!!!!!!!!!!!!!!!!!!!!!!!!!!!!!!!!!!!!!!!!!!!!!!!!
20220127 053019.033 INFO             PET2 Running with ESMF Version   : ESMF_8_3_0_beta_snapshot_06-10-gce27d44
20220127 053019.033 INFO             PET2 ESMF library build date/time: "Jan 27 2022" "02:36:11"
20220127 053019.033 INFO             PET2 ESMF library build location : /work/noaa/da/mpotts/sandbox/intel_2020_intelmpi_O_develop
20220127 053019.033 INFO             PET2 ESMF_COMM                   : intelmpi
20220127 053019.045 INFO             PET2 ESMF_MOAB                   : enabled
20220127 053019.045 INFO             PET2 ESMF_LAPACK                 : enabled
20220127 053019.045 INFO             PET2 ESMF_NETCDF                 : enabled
20220127 053019.045 INFO             PET2 ESMF_PNETCDF                : disabled
20220127 053019.045 INFO             PET2 ESMF_PIO                    : enabled
20220127 053019.045 INFO             PET2 ESMF_YAMLCPP                : enabled
20220127 053054.147 INFO             PET2  NUMBER_OF_PROCESSORS           4
20220127 053054.147 INFO             PET2  PASS  Example ESMF_RHandleBitForBitEx, ESMF_RHandleBitForBitEx.F90, line 1557
20220127 053054.147 INFO             PET2 Finalizing ESMF
20220127 053019.028 INFO             PET3 !!!!!!!!!!!!!!!!!!!!!!!!!!!!!!!!!!!!!!!!!!!!!!!!!!!!!!
20220127 053019.028 INFO             PET3 !!! THE ESMF_LOG IS SET TO OUTPUT ALL LOG MESSAGES !!!
20220127 053019.028 INFO             PET3 !!!     THIS MAY CAUSE SLOWDOWN IN PERFORMANCE     !!!
20220127 053019.028 INFO             PET3 !!! FOR PRODUCTION RUNS, USE:                      !!!
20220127 053019.028 INFO             PET3 !!!                   ESMF_LOGKIND_Multi_On_Error  !!!
20220127 053019.028 INFO             PET3 !!!!!!!!!!!!!!!!!!!!!!!!!!!!!!!!!!!!!!!!!!!!!!!!!!!!!!
20220127 053019.028 INFO             PET3 Running with ESMF Version   : ESMF_8_3_0_beta_snapshot_06-10-gce27d44
20220127 053019.028 INFO             PET3 ESMF library build date/time: "Jan 27 2022" "02:36:11"
20220127 053019.028 INFO             PET3 ESMF library build location : /work/noaa/da/mpotts/sandbox/intel_2020_intelmpi_O_develop
20220127 053019.028 INFO             PET3 ESMF_COMM                   : intelmpi
20220127 053019.042 INFO             PET3 ESMF_MOAB                   : enabled
20220127 053019.042 INFO             PET3 ESMF_LAPACK                 : enabled
20220127 053019.042 INFO             PET3 ESMF_NETCDF                 : enabled
20220127 053019.042 INFO             PET3 ESMF_PNETCDF                : disabled
20220127 053019.042 INFO             PET3 ESMF_PIO                    : enabled
20220127 053019.042 INFO             PET3 ESMF_YAMLCPP                : enabled
20220127 053054.147 INFO             PET3  NUMBER_OF_PROCESSORS           4
20220127 053054.169 INFO             PET3  PASS  Example ESMF_RHandleBitForBitEx, ESMF_RHandleBitForBitEx.F90, line 1557
20220127 053054.169 INFO             PET3 Finalizing ESMF
