build time -- 2021-10-06 02:46:51
20211006 061544.877 INFO             PET0 !!!!!!!!!!!!!!!!!!!!!!!!!!!!!!!!!!!!!!!!!!!!!!!!!!!!!!
20211006 061544.877 INFO             PET0 !!! THE ESMF_LOG IS SET TO OUTPUT ALL LOG MESSAGES !!!
20211006 061544.877 INFO             PET0 !!!     THIS MAY CAUSE SLOWDOWN IN PERFORMANCE     !!!
20211006 061544.877 INFO             PET0 !!! FOR PRODUCTION RUNS, USE:                      !!!
20211006 061544.877 INFO             PET0 !!!                   ESMF_LOGKIND_Multi_On_Error  !!!
20211006 061544.877 INFO             PET0 !!!!!!!!!!!!!!!!!!!!!!!!!!!!!!!!!!!!!!!!!!!!!!!!!!!!!!
20211006 061544.877 INFO             PET0 Running with ESMF Version   : ESMF_8_3_0_beta_snapshot_00-1-ge61c3b7
20211006 061544.877 INFO             PET0 ESMF library build date/time: "Oct  6 2021" "02:45:01"
20211006 061544.877 INFO             PET0 ESMF library build location : /work/noaa/da/mpotts/sandbox/intel_2020_intelmpi_O_develop
20211006 061544.877 INFO             PET0 ESMF_COMM                   : intelmpi
20211006 061544.878 INFO             PET0 ESMF_MOAB                   : enabled
20211006 061544.878 INFO             PET0 ESMF_LAPACK                 : enabled
20211006 061544.878 INFO             PET0 ESMF_NETCDF                 : enabled
20211006 061544.878 INFO             PET0 ESMF_PNETCDF                : disabled
20211006 061544.878 INFO             PET0 ESMF_PIO                    : enabled
20211006 061544.878 INFO             PET0 ESMF_YAMLCPP                : enabled
20211006 061558.678 INFO             PET0  NUMBER_OF_PROCESSORS           4
20211006 061558.679 INFO             PET0  PASS  Example ESMF_LocStreamEx, ESMF_LocStreamEx.F90, line 784
20211006 061558.679 INFO             PET0 Finalizing ESMF
20211006 061544.889 INFO             PET1 !!!!!!!!!!!!!!!!!!!!!!!!!!!!!!!!!!!!!!!!!!!!!!!!!!!!!!
20211006 061544.889 INFO             PET1 !!! THE ESMF_LOG IS SET TO OUTPUT ALL LOG MESSAGES !!!
20211006 061544.889 INFO             PET1 !!!     THIS MAY CAUSE SLOWDOWN IN PERFORMANCE     !!!
20211006 061544.889 INFO             PET1 !!! FOR PRODUCTION RUNS, USE:                      !!!
20211006 061544.889 INFO             PET1 !!!                   ESMF_LOGKIND_Multi_On_Error  !!!
20211006 061544.889 INFO             PET1 !!!!!!!!!!!!!!!!!!!!!!!!!!!!!!!!!!!!!!!!!!!!!!!!!!!!!!
20211006 061544.889 INFO             PET1 Running with ESMF Version   : ESMF_8_3_0_beta_snapshot_00-1-ge61c3b7
20211006 061544.889 INFO             PET1 ESMF library build date/time: "Oct  6 2021" "02:45:01"
20211006 061544.889 INFO             PET1 ESMF library build location : /work/noaa/da/mpotts/sandbox/intel_2020_intelmpi_O_develop
20211006 061544.889 INFO             PET1 ESMF_COMM                   : intelmpi
20211006 061544.890 INFO             PET1 ESMF_MOAB                   : enabled
20211006 061544.890 INFO             PET1 ESMF_LAPACK                 : enabled
20211006 061544.890 INFO             PET1 ESMF_NETCDF                 : enabled
20211006 061544.890 INFO             PET1 ESMF_PNETCDF                : disabled
20211006 061544.890 INFO             PET1 ESMF_PIO                    : enabled
20211006 061544.890 INFO             PET1 ESMF_YAMLCPP                : enabled
20211006 061558.691 INFO             PET1  NUMBER_OF_PROCESSORS           4
20211006 061558.700 INFO             PET1  PASS  Example ESMF_LocStreamEx, ESMF_LocStreamEx.F90, line 784
20211006 061558.700 INFO             PET1 Finalizing ESMF
20211006 061544.892 INFO             PET2 !!!!!!!!!!!!!!!!!!!!!!!!!!!!!!!!!!!!!!!!!!!!!!!!!!!!!!
20211006 061544.892 INFO             PET2 !!! THE ESMF_LOG IS SET TO OUTPUT ALL LOG MESSAGES !!!
20211006 061544.892 INFO             PET2 !!!     THIS MAY CAUSE SLOWDOWN IN PERFORMANCE     !!!
20211006 061544.892 INFO             PET2 !!! FOR PRODUCTION RUNS, USE:                      !!!
20211006 061544.892 INFO             PET2 !!!                   ESMF_LOGKIND_Multi_On_Error  !!!
20211006 061544.892 INFO             PET2 !!!!!!!!!!!!!!!!!!!!!!!!!!!!!!!!!!!!!!!!!!!!!!!!!!!!!!
20211006 061544.892 INFO             PET2 Running with ESMF Version   : ESMF_8_3_0_beta_snapshot_00-1-ge61c3b7
20211006 061544.892 INFO             PET2 ESMF library build date/time: "Oct  6 2021" "02:45:01"
20211006 061544.892 INFO             PET2 ESMF library build location : /work/noaa/da/mpotts/sandbox/intel_2020_intelmpi_O_develop
20211006 061544.892 INFO             PET2 ESMF_COMM                   : intelmpi
20211006 061544.893 INFO             PET2 ESMF_MOAB                   : enabled
20211006 061544.893 INFO             PET2 ESMF_LAPACK                 : enabled
20211006 061544.893 INFO             PET2 ESMF_NETCDF                 : enabled
20211006 061544.893 INFO             PET2 ESMF_PNETCDF                : disabled
20211006 061544.893 INFO             PET2 ESMF_PIO                    : enabled
20211006 061544.893 INFO             PET2 ESMF_YAMLCPP                : enabled
20211006 061558.678 INFO             PET2  NUMBER_OF_PROCESSORS           4
20211006 061558.696 INFO             PET2  PASS  Example ESMF_LocStreamEx, ESMF_LocStreamEx.F90, line 784
20211006 061558.696 INFO             PET2 Finalizing ESMF
20211006 061544.903 INFO             PET3 !!!!!!!!!!!!!!!!!!!!!!!!!!!!!!!!!!!!!!!!!!!!!!!!!!!!!!
20211006 061544.903 INFO             PET3 !!! THE ESMF_LOG IS SET TO OUTPUT ALL LOG MESSAGES !!!
20211006 061544.903 INFO             PET3 !!!     THIS MAY CAUSE SLOWDOWN IN PERFORMANCE     !!!
20211006 061544.903 INFO             PET3 !!! FOR PRODUCTION RUNS, USE:                      !!!
20211006 061544.903 INFO             PET3 !!!                   ESMF_LOGKIND_Multi_On_Error  !!!
20211006 061544.903 INFO             PET3 !!!!!!!!!!!!!!!!!!!!!!!!!!!!!!!!!!!!!!!!!!!!!!!!!!!!!!
20211006 061544.903 INFO             PET3 Running with ESMF Version   : ESMF_8_3_0_beta_snapshot_00-1-ge61c3b7
20211006 061544.903 INFO             PET3 ESMF library build date/time: "Oct  6 2021" "02:45:01"
20211006 061544.903 INFO             PET3 ESMF library build location : /work/noaa/da/mpotts/sandbox/intel_2020_intelmpi_O_develop
20211006 061544.903 INFO             PET3 ESMF_COMM                   : intelmpi
20211006 061544.904 INFO             PET3 ESMF_MOAB                   : enabled
20211006 061544.904 INFO             PET3 ESMF_LAPACK                 : enabled
20211006 061544.904 INFO             PET3 ESMF_NETCDF                 : enabled
20211006 061544.904 INFO             PET3 ESMF_PNETCDF                : disabled
20211006 061544.904 INFO             PET3 ESMF_PIO                    : enabled
20211006 061544.904 INFO             PET3 ESMF_YAMLCPP                : enabled
20211006 061558.678 INFO             PET3  NUMBER_OF_PROCESSORS           4
20211006 061558.679 INFO             PET3  PASS  Example ESMF_LocStreamEx, ESMF_LocStreamEx.F90, line 784
20211006 061558.679 INFO             PET3 Finalizing ESMF
