build time -- 2022-01-18 02:34:26
20220118 052716.821 INFO             PET0 !!!!!!!!!!!!!!!!!!!!!!!!!!!!!!!!!!!!!!!!!!!!!!!!!!!!!!
20220118 052716.821 INFO             PET0 !!! THE ESMF_LOG IS SET TO OUTPUT ALL LOG MESSAGES !!!
20220118 052716.821 INFO             PET0 !!!     THIS MAY CAUSE SLOWDOWN IN PERFORMANCE     !!!
20220118 052716.821 INFO             PET0 !!! FOR PRODUCTION RUNS, USE:                      !!!
20220118 052716.821 INFO             PET0 !!!                   ESMF_LOGKIND_Multi_On_Error  !!!
20220118 052716.821 INFO             PET0 !!!!!!!!!!!!!!!!!!!!!!!!!!!!!!!!!!!!!!!!!!!!!!!!!!!!!!
20220118 052716.821 INFO             PET0 Running with ESMF Version   : ESMF_8_3_0_beta_snapshot_05-30-gf84ebe0
20220118 052716.821 INFO             PET0 ESMF library build date/time: "Jan 18 2022" "02:32:41"
20220118 052716.821 INFO             PET0 ESMF library build location : /work/noaa/da/mpotts/sandbox/intel_2020_intelmpi_O_develop
20220118 052716.821 INFO             PET0 ESMF_COMM                   : intelmpi
20220118 052716.822 INFO             PET0 ESMF_MOAB                   : enabled
20220118 052716.822 INFO             PET0 ESMF_LAPACK                 : enabled
20220118 052716.822 INFO             PET0 ESMF_NETCDF                 : enabled
20220118 052716.822 INFO             PET0 ESMF_PNETCDF                : disabled
20220118 052716.822 INFO             PET0 ESMF_PIO                    : enabled
20220118 052716.822 INFO             PET0 ESMF_YAMLCPP                : enabled
20220118 052717.207 INFO             PET0  NUMBER_OF_PROCESSORS           4
20220118 052717.207 INFO             PET0  PASS  Example ESMF_WebServicesEx, ESMF_WebServicesEx.F90, line 227
20220118 052717.207 INFO             PET0 Finalizing ESMF
20220118 052716.834 INFO             PET1 !!!!!!!!!!!!!!!!!!!!!!!!!!!!!!!!!!!!!!!!!!!!!!!!!!!!!!
20220118 052716.834 INFO             PET1 !!! THE ESMF_LOG IS SET TO OUTPUT ALL LOG MESSAGES !!!
20220118 052716.834 INFO             PET1 !!!     THIS MAY CAUSE SLOWDOWN IN PERFORMANCE     !!!
20220118 052716.834 INFO             PET1 !!! FOR PRODUCTION RUNS, USE:                      !!!
20220118 052716.834 INFO             PET1 !!!                   ESMF_LOGKIND_Multi_On_Error  !!!
20220118 052716.834 INFO             PET1 !!!!!!!!!!!!!!!!!!!!!!!!!!!!!!!!!!!!!!!!!!!!!!!!!!!!!!
20220118 052716.834 INFO             PET1 Running with ESMF Version   : ESMF_8_3_0_beta_snapshot_05-30-gf84ebe0
20220118 052716.834 INFO             PET1 ESMF library build date/time: "Jan 18 2022" "02:32:41"
20220118 052716.834 INFO             PET1 ESMF library build location : /work/noaa/da/mpotts/sandbox/intel_2020_intelmpi_O_develop
20220118 052716.834 INFO             PET1 ESMF_COMM                   : intelmpi
20220118 052716.836 INFO             PET1 ESMF_MOAB                   : enabled
20220118 052716.836 INFO             PET1 ESMF_LAPACK                 : enabled
20220118 052716.836 INFO             PET1 ESMF_NETCDF                 : enabled
20220118 052716.836 INFO             PET1 ESMF_PNETCDF                : disabled
20220118 052716.836 INFO             PET1 ESMF_PIO                    : enabled
20220118 052716.836 INFO             PET1 ESMF_YAMLCPP                : enabled
20220118 052717.207 INFO             PET1  NUMBER_OF_PROCESSORS           4
20220118 052717.207 INFO             PET1  PASS  Example ESMF_WebServicesEx, ESMF_WebServicesEx.F90, line 227
20220118 052717.207 INFO             PET1 Finalizing ESMF
20220118 052716.835 INFO             PET2 !!!!!!!!!!!!!!!!!!!!!!!!!!!!!!!!!!!!!!!!!!!!!!!!!!!!!!
20220118 052716.835 INFO             PET2 !!! THE ESMF_LOG IS SET TO OUTPUT ALL LOG MESSAGES !!!
20220118 052716.835 INFO             PET2 !!!     THIS MAY CAUSE SLOWDOWN IN PERFORMANCE     !!!
20220118 052716.835 INFO             PET2 !!! FOR PRODUCTION RUNS, USE:                      !!!
20220118 052716.835 INFO             PET2 !!!                   ESMF_LOGKIND_Multi_On_Error  !!!
20220118 052716.835 INFO             PET2 !!!!!!!!!!!!!!!!!!!!!!!!!!!!!!!!!!!!!!!!!!!!!!!!!!!!!!
20220118 052716.835 INFO             PET2 Running with ESMF Version   : ESMF_8_3_0_beta_snapshot_05-30-gf84ebe0
20220118 052716.835 INFO             PET2 ESMF library build date/time: "Jan 18 2022" "02:32:41"
20220118 052716.835 INFO             PET2 ESMF library build location : /work/noaa/da/mpotts/sandbox/intel_2020_intelmpi_O_develop
20220118 052716.835 INFO             PET2 ESMF_COMM                   : intelmpi
20220118 052716.847 INFO             PET2 ESMF_MOAB                   : enabled
20220118 052716.847 INFO             PET2 ESMF_LAPACK                 : enabled
20220118 052716.847 INFO             PET2 ESMF_NETCDF                 : enabled
20220118 052716.847 INFO             PET2 ESMF_PNETCDF                : disabled
20220118 052716.847 INFO             PET2 ESMF_PIO                    : enabled
20220118 052716.847 INFO             PET2 ESMF_YAMLCPP                : enabled
20220118 052717.220 INFO             PET2  NUMBER_OF_PROCESSORS           4
20220118 052717.220 INFO             PET2  PASS  Example ESMF_WebServicesEx, ESMF_WebServicesEx.F90, line 227
20220118 052717.220 INFO             PET2 Finalizing ESMF
20220118 052716.835 INFO             PET3 !!!!!!!!!!!!!!!!!!!!!!!!!!!!!!!!!!!!!!!!!!!!!!!!!!!!!!
20220118 052716.836 INFO             PET3 !!! THE ESMF_LOG IS SET TO OUTPUT ALL LOG MESSAGES !!!
20220118 052716.836 INFO             PET3 !!!     THIS MAY CAUSE SLOWDOWN IN PERFORMANCE     !!!
20220118 052716.836 INFO             PET3 !!! FOR PRODUCTION RUNS, USE:                      !!!
20220118 052716.836 INFO             PET3 !!!                   ESMF_LOGKIND_Multi_On_Error  !!!
20220118 052716.836 INFO             PET3 !!!!!!!!!!!!!!!!!!!!!!!!!!!!!!!!!!!!!!!!!!!!!!!!!!!!!!
20220118 052716.836 INFO             PET3 Running with ESMF Version   : ESMF_8_3_0_beta_snapshot_05-30-gf84ebe0
20220118 052716.836 INFO             PET3 ESMF library build date/time: "Jan 18 2022" "02:32:41"
20220118 052716.836 INFO             PET3 ESMF library build location : /work/noaa/da/mpotts/sandbox/intel_2020_intelmpi_O_develop
20220118 052716.836 INFO             PET3 ESMF_COMM                   : intelmpi
20220118 052716.849 INFO             PET3 ESMF_MOAB                   : enabled
20220118 052716.849 INFO             PET3 ESMF_LAPACK                 : enabled
20220118 052716.849 INFO             PET3 ESMF_NETCDF                 : enabled
20220118 052716.849 INFO             PET3 ESMF_PNETCDF                : disabled
20220118 052716.849 INFO             PET3 ESMF_PIO                    : enabled
20220118 052716.849 INFO             PET3 ESMF_YAMLCPP                : enabled
20220118 052717.220 INFO             PET3  NUMBER_OF_PROCESSORS           4
20220118 052717.220 INFO             PET3  PASS  Example ESMF_WebServicesEx, ESMF_WebServicesEx.F90, line 227
20220118 052717.220 INFO             PET3 Finalizing ESMF
