build time -- 2022-01-14 02:32:43
20220114 051240.967 INFO             PET0 !!!!!!!!!!!!!!!!!!!!!!!!!!!!!!!!!!!!!!!!!!!!!!!!!!!!!!
20220114 051240.967 INFO             PET0 !!! THE ESMF_LOG IS SET TO OUTPUT ALL LOG MESSAGES !!!
20220114 051240.967 INFO             PET0 !!!     THIS MAY CAUSE SLOWDOWN IN PERFORMANCE     !!!
20220114 051240.967 INFO             PET0 !!! FOR PRODUCTION RUNS, USE:                      !!!
20220114 051240.967 INFO             PET0 !!!                   ESMF_LOGKIND_Multi_On_Error  !!!
20220114 051240.967 INFO             PET0 !!!!!!!!!!!!!!!!!!!!!!!!!!!!!!!!!!!!!!!!!!!!!!!!!!!!!!
20220114 051240.967 INFO             PET0 Running with ESMF Version   : ESMF_8_3_0_beta_snapshot_05-4-gcfea0e5
20220114 051240.967 INFO             PET0 ESMF library build date/time: "Jan 14 2022" "02:31:07"
20220114 051240.967 INFO             PET0 ESMF library build location : /work/noaa/da/mpotts/sandbox/intel_2020_intelmpi_O_develop
20220114 051240.967 INFO             PET0 ESMF_COMM                   : intelmpi
20220114 051240.970 INFO             PET0 ESMF_MOAB                   : enabled
20220114 051240.970 INFO             PET0 ESMF_LAPACK                 : enabled
20220114 051240.970 INFO             PET0 ESMF_NETCDF                 : enabled
20220114 051240.970 INFO             PET0 ESMF_PNETCDF                : disabled
20220114 051240.970 INFO             PET0 ESMF_PIO                    : enabled
20220114 051240.970 INFO             PET0 ESMF_YAMLCPP                : enabled
20220114 051241.553 INFO             PET0  NUMBER_OF_PROCESSORS           4
20220114 051241.553 INFO             PET0  PASS  Example ESMF_ArrayEx, ESMF_ArrayEx.F90, line 1899
20220114 051241.553 INFO             PET0 Finalizing ESMF
20220114 051240.967 INFO             PET1 !!!!!!!!!!!!!!!!!!!!!!!!!!!!!!!!!!!!!!!!!!!!!!!!!!!!!!
20220114 051240.967 INFO             PET1 !!! THE ESMF_LOG IS SET TO OUTPUT ALL LOG MESSAGES !!!
20220114 051240.967 INFO             PET1 !!!     THIS MAY CAUSE SLOWDOWN IN PERFORMANCE     !!!
20220114 051240.967 INFO             PET1 !!! FOR PRODUCTION RUNS, USE:                      !!!
20220114 051240.967 INFO             PET1 !!!                   ESMF_LOGKIND_Multi_On_Error  !!!
20220114 051240.967 INFO             PET1 !!!!!!!!!!!!!!!!!!!!!!!!!!!!!!!!!!!!!!!!!!!!!!!!!!!!!!
20220114 051240.967 INFO             PET1 Running with ESMF Version   : ESMF_8_3_0_beta_snapshot_05-4-gcfea0e5
20220114 051240.967 INFO             PET1 ESMF library build date/time: "Jan 14 2022" "02:31:07"
20220114 051240.967 INFO             PET1 ESMF library build location : /work/noaa/da/mpotts/sandbox/intel_2020_intelmpi_O_develop
20220114 051240.967 INFO             PET1 ESMF_COMM                   : intelmpi
20220114 051240.970 INFO             PET1 ESMF_MOAB                   : enabled
20220114 051240.970 INFO             PET1 ESMF_LAPACK                 : enabled
20220114 051240.970 INFO             PET1 ESMF_NETCDF                 : enabled
20220114 051240.970 INFO             PET1 ESMF_PNETCDF                : disabled
20220114 051240.970 INFO             PET1 ESMF_PIO                    : enabled
20220114 051240.970 INFO             PET1 ESMF_YAMLCPP                : enabled
20220114 051241.563 INFO             PET1  NUMBER_OF_PROCESSORS           4
20220114 051241.563 INFO             PET1  PASS  Example ESMF_ArrayEx, ESMF_ArrayEx.F90, line 1899
20220114 051241.563 INFO             PET1 Finalizing ESMF
20220114 051240.969 INFO             PET2 !!!!!!!!!!!!!!!!!!!!!!!!!!!!!!!!!!!!!!!!!!!!!!!!!!!!!!
20220114 051240.969 INFO             PET2 !!! THE ESMF_LOG IS SET TO OUTPUT ALL LOG MESSAGES !!!
20220114 051240.969 INFO             PET2 !!!     THIS MAY CAUSE SLOWDOWN IN PERFORMANCE     !!!
20220114 051240.969 INFO             PET2 !!! FOR PRODUCTION RUNS, USE:                      !!!
20220114 051240.969 INFO             PET2 !!!                   ESMF_LOGKIND_Multi_On_Error  !!!
20220114 051240.969 INFO             PET2 !!!!!!!!!!!!!!!!!!!!!!!!!!!!!!!!!!!!!!!!!!!!!!!!!!!!!!
20220114 051240.969 INFO             PET2 Running with ESMF Version   : ESMF_8_3_0_beta_snapshot_05-4-gcfea0e5
20220114 051240.969 INFO             PET2 ESMF library build date/time: "Jan 14 2022" "02:31:07"
20220114 051240.969 INFO             PET2 ESMF library build location : /work/noaa/da/mpotts/sandbox/intel_2020_intelmpi_O_develop
20220114 051240.969 INFO             PET2 ESMF_COMM                   : intelmpi
20220114 051240.982 INFO             PET2 ESMF_MOAB                   : enabled
20220114 051240.982 INFO             PET2 ESMF_LAPACK                 : enabled
20220114 051240.982 INFO             PET2 ESMF_NETCDF                 : enabled
20220114 051240.982 INFO             PET2 ESMF_PNETCDF                : disabled
20220114 051240.982 INFO             PET2 ESMF_PIO                    : enabled
20220114 051240.982 INFO             PET2 ESMF_YAMLCPP                : enabled
20220114 051241.566 INFO             PET2  NUMBER_OF_PROCESSORS           4
20220114 051241.566 INFO             PET2  PASS  Example ESMF_ArrayEx, ESMF_ArrayEx.F90, line 1899
20220114 051241.566 INFO             PET2 Finalizing ESMF
20220114 051240.969 INFO             PET3 !!!!!!!!!!!!!!!!!!!!!!!!!!!!!!!!!!!!!!!!!!!!!!!!!!!!!!
20220114 051240.969 INFO             PET3 !!! THE ESMF_LOG IS SET TO OUTPUT ALL LOG MESSAGES !!!
20220114 051240.969 INFO             PET3 !!!     THIS MAY CAUSE SLOWDOWN IN PERFORMANCE     !!!
20220114 051240.969 INFO             PET3 !!! FOR PRODUCTION RUNS, USE:                      !!!
20220114 051240.969 INFO             PET3 !!!                   ESMF_LOGKIND_Multi_On_Error  !!!
20220114 051240.969 INFO             PET3 !!!!!!!!!!!!!!!!!!!!!!!!!!!!!!!!!!!!!!!!!!!!!!!!!!!!!!
20220114 051240.969 INFO             PET3 Running with ESMF Version   : ESMF_8_3_0_beta_snapshot_05-4-gcfea0e5
20220114 051240.969 INFO             PET3 ESMF library build date/time: "Jan 14 2022" "02:31:07"
20220114 051240.969 INFO             PET3 ESMF library build location : /work/noaa/da/mpotts/sandbox/intel_2020_intelmpi_O_develop
20220114 051240.969 INFO             PET3 ESMF_COMM                   : intelmpi
20220114 051240.983 INFO             PET3 ESMF_MOAB                   : enabled
20220114 051240.983 INFO             PET3 ESMF_LAPACK                 : enabled
20220114 051240.983 INFO             PET3 ESMF_NETCDF                 : enabled
20220114 051240.983 INFO             PET3 ESMF_PNETCDF                : disabled
20220114 051240.983 INFO             PET3 ESMF_PIO                    : enabled
20220114 051240.983 INFO             PET3 ESMF_YAMLCPP                : enabled
20220114 051241.550 INFO             PET3  NUMBER_OF_PROCESSORS           4
20220114 051241.550 INFO             PET3  PASS  Example ESMF_ArrayEx, ESMF_ArrayEx.F90, line 1899
20220114 051241.550 INFO             PET3 Finalizing ESMF
