build time -- 2021-12-19 06:20:19
20211219 190742.819 INFO             PET0 !!!!!!!!!!!!!!!!!!!!!!!!!!!!!!!!!!!!!!!!!!!!!!!!!!!!!!
20211219 190742.819 INFO             PET0 !!! THE ESMF_LOG IS SET TO OUTPUT ALL LOG MESSAGES !!!
20211219 190742.819 INFO             PET0 !!!     THIS MAY CAUSE SLOWDOWN IN PERFORMANCE     !!!
20211219 190742.819 INFO             PET0 !!! FOR PRODUCTION RUNS, USE:                      !!!
20211219 190742.819 INFO             PET0 !!!                   ESMF_LOGKIND_Multi_On_Error  !!!
20211219 190742.819 INFO             PET0 !!!!!!!!!!!!!!!!!!!!!!!!!!!!!!!!!!!!!!!!!!!!!!!!!!!!!!
20211219 190742.819 INFO             PET0 Running with ESMF Version   : ESMF_8_3_0_beta_snapshot_05-1-g3e9d170
20211219 190742.819 INFO             PET0 ESMF library build date/time: "Dec 19 2021" "05:42:04"
20211219 190742.819 INFO             PET0 ESMF library build location : /work/noaa/da/mpotts/sandbox/intel_2020_intelmpi_O_develop
20211219 190742.819 INFO             PET0 ESMF_COMM                   : intelmpi
20211219 190742.822 INFO             PET0 ESMF_MOAB                   : enabled
20211219 190742.822 INFO             PET0 ESMF_LAPACK                 : enabled
20211219 190742.822 INFO             PET0 ESMF_NETCDF                 : enabled
20211219 190742.822 INFO             PET0 ESMF_PNETCDF                : disabled
20211219 190742.822 INFO             PET0 ESMF_PIO                    : enabled
20211219 190742.822 INFO             PET0 ESMF_YAMLCPP                : enabled
20211219 190942.364 INFO             PET0  NUMBER_OF_PROCESSORS           4
20211219 190942.364 INFO             PET0  PASS  Example ESMF_FieldHaloEx, ESMF_FieldHaloEx.F90, line 200
20211219 190942.364 INFO             PET0 Finalizing ESMF
20211219 190742.821 INFO             PET1 !!!!!!!!!!!!!!!!!!!!!!!!!!!!!!!!!!!!!!!!!!!!!!!!!!!!!!
20211219 190742.821 INFO             PET1 !!! THE ESMF_LOG IS SET TO OUTPUT ALL LOG MESSAGES !!!
20211219 190742.821 INFO             PET1 !!!     THIS MAY CAUSE SLOWDOWN IN PERFORMANCE     !!!
20211219 190742.821 INFO             PET1 !!! FOR PRODUCTION RUNS, USE:                      !!!
20211219 190742.821 INFO             PET1 !!!                   ESMF_LOGKIND_Multi_On_Error  !!!
20211219 190742.821 INFO             PET1 !!!!!!!!!!!!!!!!!!!!!!!!!!!!!!!!!!!!!!!!!!!!!!!!!!!!!!
20211219 190742.822 INFO             PET1 Running with ESMF Version   : ESMF_8_3_0_beta_snapshot_05-1-g3e9d170
20211219 190742.822 INFO             PET1 ESMF library build date/time: "Dec 19 2021" "05:42:04"
20211219 190742.822 INFO             PET1 ESMF library build location : /work/noaa/da/mpotts/sandbox/intel_2020_intelmpi_O_develop
20211219 190742.822 INFO             PET1 ESMF_COMM                   : intelmpi
20211219 190742.822 INFO             PET1 ESMF_MOAB                   : enabled
20211219 190742.822 INFO             PET1 ESMF_LAPACK                 : enabled
20211219 190742.822 INFO             PET1 ESMF_NETCDF                 : enabled
20211219 190742.822 INFO             PET1 ESMF_PNETCDF                : disabled
20211219 190742.822 INFO             PET1 ESMF_PIO                    : enabled
20211219 190742.822 INFO             PET1 ESMF_YAMLCPP                : enabled
20211219 190942.364 INFO             PET1  NUMBER_OF_PROCESSORS           4
20211219 190942.365 INFO             PET1  PASS  Example ESMF_FieldHaloEx, ESMF_FieldHaloEx.F90, line 200
20211219 190942.365 INFO             PET1 Finalizing ESMF
20211219 190742.821 INFO             PET2 !!!!!!!!!!!!!!!!!!!!!!!!!!!!!!!!!!!!!!!!!!!!!!!!!!!!!!
20211219 190742.821 INFO             PET2 !!! THE ESMF_LOG IS SET TO OUTPUT ALL LOG MESSAGES !!!
20211219 190742.821 INFO             PET2 !!!     THIS MAY CAUSE SLOWDOWN IN PERFORMANCE     !!!
20211219 190742.821 INFO             PET2 !!! FOR PRODUCTION RUNS, USE:                      !!!
20211219 190742.821 INFO             PET2 !!!                   ESMF_LOGKIND_Multi_On_Error  !!!
20211219 190742.821 INFO             PET2 !!!!!!!!!!!!!!!!!!!!!!!!!!!!!!!!!!!!!!!!!!!!!!!!!!!!!!
20211219 190742.821 INFO             PET2 Running with ESMF Version   : ESMF_8_3_0_beta_snapshot_05-1-g3e9d170
20211219 190742.821 INFO             PET2 ESMF library build date/time: "Dec 19 2021" "05:42:04"
20211219 190742.821 INFO             PET2 ESMF library build location : /work/noaa/da/mpotts/sandbox/intel_2020_intelmpi_O_develop
20211219 190742.821 INFO             PET2 ESMF_COMM                   : intelmpi
20211219 190742.834 INFO             PET2 ESMF_MOAB                   : enabled
20211219 190742.834 INFO             PET2 ESMF_LAPACK                 : enabled
20211219 190742.834 INFO             PET2 ESMF_NETCDF                 : enabled
20211219 190742.834 INFO             PET2 ESMF_PNETCDF                : disabled
20211219 190742.834 INFO             PET2 ESMF_PIO                    : enabled
20211219 190742.834 INFO             PET2 ESMF_YAMLCPP                : enabled
20211219 190942.384 INFO             PET2  NUMBER_OF_PROCESSORS           4
20211219 190942.384 INFO             PET2  PASS  Example ESMF_FieldHaloEx, ESMF_FieldHaloEx.F90, line 200
20211219 190942.384 INFO             PET2 Finalizing ESMF
20211219 190742.819 INFO             PET3 !!!!!!!!!!!!!!!!!!!!!!!!!!!!!!!!!!!!!!!!!!!!!!!!!!!!!!
20211219 190742.819 INFO             PET3 !!! THE ESMF_LOG IS SET TO OUTPUT ALL LOG MESSAGES !!!
20211219 190742.819 INFO             PET3 !!!     THIS MAY CAUSE SLOWDOWN IN PERFORMANCE     !!!
20211219 190742.819 INFO             PET3 !!! FOR PRODUCTION RUNS, USE:                      !!!
20211219 190742.819 INFO             PET3 !!!                   ESMF_LOGKIND_Multi_On_Error  !!!
20211219 190742.819 INFO             PET3 !!!!!!!!!!!!!!!!!!!!!!!!!!!!!!!!!!!!!!!!!!!!!!!!!!!!!!
20211219 190742.819 INFO             PET3 Running with ESMF Version   : ESMF_8_3_0_beta_snapshot_05-1-g3e9d170
20211219 190742.819 INFO             PET3 ESMF library build date/time: "Dec 19 2021" "05:42:04"
20211219 190742.819 INFO             PET3 ESMF library build location : /work/noaa/da/mpotts/sandbox/intel_2020_intelmpi_O_develop
20211219 190742.819 INFO             PET3 ESMF_COMM                   : intelmpi
20211219 190742.822 INFO             PET3 ESMF_MOAB                   : enabled
20211219 190742.822 INFO             PET3 ESMF_LAPACK                 : enabled
20211219 190742.822 INFO             PET3 ESMF_NETCDF                 : enabled
20211219 190742.822 INFO             PET3 ESMF_PNETCDF                : disabled
20211219 190742.822 INFO             PET3 ESMF_PIO                    : enabled
20211219 190742.822 INFO             PET3 ESMF_YAMLCPP                : enabled
20211219 190942.377 INFO             PET3  NUMBER_OF_PROCESSORS           4
20211219 190942.388 INFO             PET3  PASS  Example ESMF_FieldHaloEx, ESMF_FieldHaloEx.F90, line 200
20211219 190942.388 INFO             PET3 Finalizing ESMF
