build time -- 2021-11-29 02:37:05
20211129 051637.695 INFO             PET0 !!!!!!!!!!!!!!!!!!!!!!!!!!!!!!!!!!!!!!!!!!!!!!!!!!!!!!
20211129 051637.695 INFO             PET0 !!! THE ESMF_LOG IS SET TO OUTPUT ALL LOG MESSAGES !!!
20211129 051637.695 INFO             PET0 !!!     THIS MAY CAUSE SLOWDOWN IN PERFORMANCE     !!!
20211129 051637.695 INFO             PET0 !!! FOR PRODUCTION RUNS, USE:                      !!!
20211129 051637.695 INFO             PET0 !!!                   ESMF_LOGKIND_Multi_On_Error  !!!
20211129 051637.695 INFO             PET0 !!!!!!!!!!!!!!!!!!!!!!!!!!!!!!!!!!!!!!!!!!!!!!!!!!!!!!
20211129 051637.695 INFO             PET0 Running with ESMF Version   : ESMF_8_3_0_beta_snapshot_03
20211129 051637.695 INFO             PET0 ESMF library build date/time: "Nov 29 2021" "02:35:37"
20211129 051637.695 INFO             PET0 ESMF library build location : /work/noaa/da/mpotts/sandbox/intel_2020_intelmpi_O_develop
20211129 051637.695 INFO             PET0 ESMF_COMM                   : intelmpi
20211129 051637.696 INFO             PET0 ESMF_MOAB                   : enabled
20211129 051637.696 INFO             PET0 ESMF_LAPACK                 : enabled
20211129 051637.696 INFO             PET0 ESMF_NETCDF                 : enabled
20211129 051637.696 INFO             PET0 ESMF_PNETCDF                : disabled
20211129 051637.696 INFO             PET0 ESMF_PIO                    : enabled
20211129 051637.696 INFO             PET0 ESMF_YAMLCPP                : enabled
20211129 051637.750 INFO             PET0  NUMBER_OF_PROCESSORS           4
20211129 051637.750 INFO             PET0  PASS  Example ESMF_InternalStateEx, ESMF_InternalStateEx.F90, line 132
20211129 051637.750 INFO             PET0 Finalizing ESMF
20211129 051637.697 INFO             PET1 !!!!!!!!!!!!!!!!!!!!!!!!!!!!!!!!!!!!!!!!!!!!!!!!!!!!!!
20211129 051637.697 INFO             PET1 !!! THE ESMF_LOG IS SET TO OUTPUT ALL LOG MESSAGES !!!
20211129 051637.697 INFO             PET1 !!!     THIS MAY CAUSE SLOWDOWN IN PERFORMANCE     !!!
20211129 051637.697 INFO             PET1 !!! FOR PRODUCTION RUNS, USE:                      !!!
20211129 051637.697 INFO             PET1 !!!                   ESMF_LOGKIND_Multi_On_Error  !!!
20211129 051637.697 INFO             PET1 !!!!!!!!!!!!!!!!!!!!!!!!!!!!!!!!!!!!!!!!!!!!!!!!!!!!!!
20211129 051637.697 INFO             PET1 Running with ESMF Version   : ESMF_8_3_0_beta_snapshot_03
20211129 051637.697 INFO             PET1 ESMF library build date/time: "Nov 29 2021" "02:35:37"
20211129 051637.697 INFO             PET1 ESMF library build location : /work/noaa/da/mpotts/sandbox/intel_2020_intelmpi_O_develop
20211129 051637.697 INFO             PET1 ESMF_COMM                   : intelmpi
20211129 051637.698 INFO             PET1 ESMF_MOAB                   : enabled
20211129 051637.698 INFO             PET1 ESMF_LAPACK                 : enabled
20211129 051637.698 INFO             PET1 ESMF_NETCDF                 : enabled
20211129 051637.698 INFO             PET1 ESMF_PNETCDF                : disabled
20211129 051637.698 INFO             PET1 ESMF_PIO                    : enabled
20211129 051637.698 INFO             PET1 ESMF_YAMLCPP                : enabled
20211129 051637.750 INFO             PET1  NUMBER_OF_PROCESSORS           4
20211129 051637.750 INFO             PET1  PASS  Example ESMF_InternalStateEx, ESMF_InternalStateEx.F90, line 132
20211129 051637.750 INFO             PET1 Finalizing ESMF
20211129 051637.709 INFO             PET2 !!!!!!!!!!!!!!!!!!!!!!!!!!!!!!!!!!!!!!!!!!!!!!!!!!!!!!
20211129 051637.709 INFO             PET2 !!! THE ESMF_LOG IS SET TO OUTPUT ALL LOG MESSAGES !!!
20211129 051637.709 INFO             PET2 !!!     THIS MAY CAUSE SLOWDOWN IN PERFORMANCE     !!!
20211129 051637.709 INFO             PET2 !!! FOR PRODUCTION RUNS, USE:                      !!!
20211129 051637.709 INFO             PET2 !!!                   ESMF_LOGKIND_Multi_On_Error  !!!
20211129 051637.709 INFO             PET2 !!!!!!!!!!!!!!!!!!!!!!!!!!!!!!!!!!!!!!!!!!!!!!!!!!!!!!
20211129 051637.709 INFO             PET2 Running with ESMF Version   : ESMF_8_3_0_beta_snapshot_03
20211129 051637.709 INFO             PET2 ESMF library build date/time: "Nov 29 2021" "02:35:37"
20211129 051637.709 INFO             PET2 ESMF library build location : /work/noaa/da/mpotts/sandbox/intel_2020_intelmpi_O_develop
20211129 051637.709 INFO             PET2 ESMF_COMM                   : intelmpi
20211129 051637.711 INFO             PET2 ESMF_MOAB                   : enabled
20211129 051637.711 INFO             PET2 ESMF_LAPACK                 : enabled
20211129 051637.711 INFO             PET2 ESMF_NETCDF                 : enabled
20211129 051637.711 INFO             PET2 ESMF_PNETCDF                : disabled
20211129 051637.711 INFO             PET2 ESMF_PIO                    : enabled
20211129 051637.711 INFO             PET2 ESMF_YAMLCPP                : enabled
20211129 051637.766 INFO             PET2  NUMBER_OF_PROCESSORS           4
20211129 051637.766 INFO             PET2  PASS  Example ESMF_InternalStateEx, ESMF_InternalStateEx.F90, line 132
20211129 051637.766 INFO             PET2 Finalizing ESMF
20211129 051637.695 INFO             PET3 !!!!!!!!!!!!!!!!!!!!!!!!!!!!!!!!!!!!!!!!!!!!!!!!!!!!!!
20211129 051637.695 INFO             PET3 !!! THE ESMF_LOG IS SET TO OUTPUT ALL LOG MESSAGES !!!
20211129 051637.695 INFO             PET3 !!!     THIS MAY CAUSE SLOWDOWN IN PERFORMANCE     !!!
20211129 051637.695 INFO             PET3 !!! FOR PRODUCTION RUNS, USE:                      !!!
20211129 051637.695 INFO             PET3 !!!                   ESMF_LOGKIND_Multi_On_Error  !!!
20211129 051637.695 INFO             PET3 !!!!!!!!!!!!!!!!!!!!!!!!!!!!!!!!!!!!!!!!!!!!!!!!!!!!!!
20211129 051637.695 INFO             PET3 Running with ESMF Version   : ESMF_8_3_0_beta_snapshot_03
20211129 051637.695 INFO             PET3 ESMF library build date/time: "Nov 29 2021" "02:35:37"
20211129 051637.695 INFO             PET3 ESMF library build location : /work/noaa/da/mpotts/sandbox/intel_2020_intelmpi_O_develop
20211129 051637.695 INFO             PET3 ESMF_COMM                   : intelmpi
20211129 051637.710 INFO             PET3 ESMF_MOAB                   : enabled
20211129 051637.710 INFO             PET3 ESMF_LAPACK                 : enabled
20211129 051637.710 INFO             PET3 ESMF_NETCDF                 : enabled
20211129 051637.710 INFO             PET3 ESMF_PNETCDF                : disabled
20211129 051637.710 INFO             PET3 ESMF_PIO                    : enabled
20211129 051637.710 INFO             PET3 ESMF_YAMLCPP                : enabled
20211129 051637.757 INFO             PET3  NUMBER_OF_PROCESSORS           4
20211129 051637.757 INFO             PET3  PASS  Example ESMF_InternalStateEx, ESMF_InternalStateEx.F90, line 132
20211129 051637.757 INFO             PET3 Finalizing ESMF
