build time -- 2021-10-07 02:32:48
20211007 053007.859 INFO             PET0 !!!!!!!!!!!!!!!!!!!!!!!!!!!!!!!!!!!!!!!!!!!!!!!!!!!!!!
20211007 053007.860 INFO             PET0 !!! THE ESMF_LOG IS SET TO OUTPUT ALL LOG MESSAGES !!!
20211007 053007.860 INFO             PET0 !!!     THIS MAY CAUSE SLOWDOWN IN PERFORMANCE     !!!
20211007 053007.860 INFO             PET0 !!! FOR PRODUCTION RUNS, USE:                      !!!
20211007 053007.860 INFO             PET0 !!!                   ESMF_LOGKIND_Multi_On_Error  !!!
20211007 053007.860 INFO             PET0 !!!!!!!!!!!!!!!!!!!!!!!!!!!!!!!!!!!!!!!!!!!!!!!!!!!!!!
20211007 053007.860 INFO             PET0 Running with ESMF Version   : ESMF_8_3_0_beta_snapshot_00-2-g6354f29
20211007 053007.860 INFO             PET0 ESMF library build date/time: "Oct  7 2021" "02:30:56"
20211007 053007.860 INFO             PET0 ESMF library build location : /work/noaa/da/mpotts/sandbox/intel_2020_intelmpi_O_develop
20211007 053007.860 INFO             PET0 ESMF_COMM                   : intelmpi
20211007 053007.868 INFO             PET0 ESMF_MOAB                   : enabled
20211007 053007.868 INFO             PET0 ESMF_LAPACK                 : enabled
20211007 053007.868 INFO             PET0 ESMF_NETCDF                 : enabled
20211007 053007.868 INFO             PET0 ESMF_PNETCDF                : disabled
20211007 053007.868 INFO             PET0 ESMF_PIO                    : enabled
20211007 053007.868 INFO             PET0 ESMF_YAMLCPP                : enabled
20211007 053009.054 INFO             PET0  NUMBER_OF_PROCESSORS           4
20211007 053009.054 INFO             PET0  PASS  Example ESMF_FieldCreateEx, ESMF_FieldCreateEx.F90, line 1058
20211007 053009.054 INFO             PET0 Finalizing ESMF
20211007 053007.859 INFO             PET1 !!!!!!!!!!!!!!!!!!!!!!!!!!!!!!!!!!!!!!!!!!!!!!!!!!!!!!
20211007 053007.860 INFO             PET1 !!! THE ESMF_LOG IS SET TO OUTPUT ALL LOG MESSAGES !!!
20211007 053007.860 INFO             PET1 !!!     THIS MAY CAUSE SLOWDOWN IN PERFORMANCE     !!!
20211007 053007.860 INFO             PET1 !!! FOR PRODUCTION RUNS, USE:                      !!!
20211007 053007.860 INFO             PET1 !!!                   ESMF_LOGKIND_Multi_On_Error  !!!
20211007 053007.860 INFO             PET1 !!!!!!!!!!!!!!!!!!!!!!!!!!!!!!!!!!!!!!!!!!!!!!!!!!!!!!
20211007 053007.860 INFO             PET1 Running with ESMF Version   : ESMF_8_3_0_beta_snapshot_00-2-g6354f29
20211007 053007.860 INFO             PET1 ESMF library build date/time: "Oct  7 2021" "02:30:56"
20211007 053007.860 INFO             PET1 ESMF library build location : /work/noaa/da/mpotts/sandbox/intel_2020_intelmpi_O_develop
20211007 053007.860 INFO             PET1 ESMF_COMM                   : intelmpi
20211007 053007.861 INFO             PET1 ESMF_MOAB                   : enabled
20211007 053007.861 INFO             PET1 ESMF_LAPACK                 : enabled
20211007 053007.861 INFO             PET1 ESMF_NETCDF                 : enabled
20211007 053007.861 INFO             PET1 ESMF_PNETCDF                : disabled
20211007 053007.861 INFO             PET1 ESMF_PIO                    : enabled
20211007 053007.861 INFO             PET1 ESMF_YAMLCPP                : enabled
20211007 053009.054 INFO             PET1  NUMBER_OF_PROCESSORS           4
20211007 053009.054 INFO             PET1  PASS  Example ESMF_FieldCreateEx, ESMF_FieldCreateEx.F90, line 1058
20211007 053009.054 INFO             PET1 Finalizing ESMF
20211007 053007.862 INFO             PET2 !!!!!!!!!!!!!!!!!!!!!!!!!!!!!!!!!!!!!!!!!!!!!!!!!!!!!!
20211007 053007.862 INFO             PET2 !!! THE ESMF_LOG IS SET TO OUTPUT ALL LOG MESSAGES !!!
20211007 053007.862 INFO             PET2 !!!     THIS MAY CAUSE SLOWDOWN IN PERFORMANCE     !!!
20211007 053007.862 INFO             PET2 !!! FOR PRODUCTION RUNS, USE:                      !!!
20211007 053007.862 INFO             PET2 !!!                   ESMF_LOGKIND_Multi_On_Error  !!!
20211007 053007.862 INFO             PET2 !!!!!!!!!!!!!!!!!!!!!!!!!!!!!!!!!!!!!!!!!!!!!!!!!!!!!!
20211007 053007.862 INFO             PET2 Running with ESMF Version   : ESMF_8_3_0_beta_snapshot_00-2-g6354f29
20211007 053007.862 INFO             PET2 ESMF library build date/time: "Oct  7 2021" "02:30:56"
20211007 053007.862 INFO             PET2 ESMF library build location : /work/noaa/da/mpotts/sandbox/intel_2020_intelmpi_O_develop
20211007 053007.862 INFO             PET2 ESMF_COMM                   : intelmpi
20211007 053007.863 INFO             PET2 ESMF_MOAB                   : enabled
20211007 053007.863 INFO             PET2 ESMF_LAPACK                 : enabled
20211007 053007.863 INFO             PET2 ESMF_NETCDF                 : enabled
20211007 053007.863 INFO             PET2 ESMF_PNETCDF                : disabled
20211007 053007.863 INFO             PET2 ESMF_PIO                    : enabled
20211007 053007.863 INFO             PET2 ESMF_YAMLCPP                : enabled
20211007 053009.041 INFO             PET2  NUMBER_OF_PROCESSORS           4
20211007 053009.041 INFO             PET2  PASS  Example ESMF_FieldCreateEx, ESMF_FieldCreateEx.F90, line 1058
20211007 053009.041 INFO             PET2 Finalizing ESMF
20211007 053007.878 INFO             PET3 !!!!!!!!!!!!!!!!!!!!!!!!!!!!!!!!!!!!!!!!!!!!!!!!!!!!!!
20211007 053007.878 INFO             PET3 !!! THE ESMF_LOG IS SET TO OUTPUT ALL LOG MESSAGES !!!
20211007 053007.878 INFO             PET3 !!!     THIS MAY CAUSE SLOWDOWN IN PERFORMANCE     !!!
20211007 053007.878 INFO             PET3 !!! FOR PRODUCTION RUNS, USE:                      !!!
20211007 053007.878 INFO             PET3 !!!                   ESMF_LOGKIND_Multi_On_Error  !!!
20211007 053007.878 INFO             PET3 !!!!!!!!!!!!!!!!!!!!!!!!!!!!!!!!!!!!!!!!!!!!!!!!!!!!!!
20211007 053007.878 INFO             PET3 Running with ESMF Version   : ESMF_8_3_0_beta_snapshot_00-2-g6354f29
20211007 053007.878 INFO             PET3 ESMF library build date/time: "Oct  7 2021" "02:30:56"
20211007 053007.878 INFO             PET3 ESMF library build location : /work/noaa/da/mpotts/sandbox/intel_2020_intelmpi_O_develop
20211007 053007.878 INFO             PET3 ESMF_COMM                   : intelmpi
20211007 053007.880 INFO             PET3 ESMF_MOAB                   : enabled
20211007 053007.880 INFO             PET3 ESMF_LAPACK                 : enabled
20211007 053007.880 INFO             PET3 ESMF_NETCDF                 : enabled
20211007 053007.880 INFO             PET3 ESMF_PNETCDF                : disabled
20211007 053007.880 INFO             PET3 ESMF_PIO                    : enabled
20211007 053007.880 INFO             PET3 ESMF_YAMLCPP                : enabled
20211007 053009.041 INFO             PET3  NUMBER_OF_PROCESSORS           4
20211007 053009.041 INFO             PET3  PASS  Example ESMF_FieldCreateEx, ESMF_FieldCreateEx.F90, line 1058
20211007 053009.041 INFO             PET3 Finalizing ESMF
