build time -- 2022-02-02 02:33:38
20220202 050924.505 INFO             PET0 !!!!!!!!!!!!!!!!!!!!!!!!!!!!!!!!!!!!!!!!!!!!!!!!!!!!!!
20220202 050924.505 INFO             PET0 !!! THE ESMF_LOG IS SET TO OUTPUT ALL LOG MESSAGES !!!
20220202 050924.505 INFO             PET0 !!!     THIS MAY CAUSE SLOWDOWN IN PERFORMANCE     !!!
20220202 050924.505 INFO             PET0 !!! FOR PRODUCTION RUNS, USE:                      !!!
20220202 050924.505 INFO             PET0 !!!                   ESMF_LOGKIND_Multi_On_Error  !!!
20220202 050924.505 INFO             PET0 !!!!!!!!!!!!!!!!!!!!!!!!!!!!!!!!!!!!!!!!!!!!!!!!!!!!!!
20220202 050924.505 INFO             PET0 Running with ESMF Version   : ESMF_8_3_0_beta_snapshot_06-10-gce27d44
20220202 050924.505 INFO             PET0 ESMF library build date/time: "Feb  2 2022" "02:32:04"
20220202 050924.505 INFO             PET0 ESMF library build location : /work/noaa/da/mpotts/sandbox/intel_2020_intelmpi_O_develop
20220202 050924.505 INFO             PET0 ESMF_COMM                   : intelmpi
20220202 050924.506 INFO             PET0 ESMF_MOAB                   : enabled
20220202 050924.506 INFO             PET0 ESMF_LAPACK                 : enabled
20220202 050924.506 INFO             PET0 ESMF_NETCDF                 : enabled
20220202 050924.506 INFO             PET0 ESMF_PNETCDF                : disabled
20220202 050924.506 INFO             PET0 ESMF_PIO                    : enabled
20220202 050924.506 INFO             PET0 ESMF_YAMLCPP                : enabled
20220202 050924.580 INFO             PET0  NUMBER_OF_PROCESSORS           4
20220202 050924.580 INFO             PET0  PASS  Example ESMF_VMNonBlockingEx, ESMF_VMNonBlockingEx.F90, line 434
20220202 050924.580 INFO             PET0 Finalizing ESMF
20220202 050924.520 INFO             PET1 !!!!!!!!!!!!!!!!!!!!!!!!!!!!!!!!!!!!!!!!!!!!!!!!!!!!!!
20220202 050924.520 INFO             PET1 !!! THE ESMF_LOG IS SET TO OUTPUT ALL LOG MESSAGES !!!
20220202 050924.520 INFO             PET1 !!!     THIS MAY CAUSE SLOWDOWN IN PERFORMANCE     !!!
20220202 050924.520 INFO             PET1 !!! FOR PRODUCTION RUNS, USE:                      !!!
20220202 050924.520 INFO             PET1 !!!                   ESMF_LOGKIND_Multi_On_Error  !!!
20220202 050924.520 INFO             PET1 !!!!!!!!!!!!!!!!!!!!!!!!!!!!!!!!!!!!!!!!!!!!!!!!!!!!!!
20220202 050924.520 INFO             PET1 Running with ESMF Version   : ESMF_8_3_0_beta_snapshot_06-10-gce27d44
20220202 050924.520 INFO             PET1 ESMF library build date/time: "Feb  2 2022" "02:32:04"
20220202 050924.520 INFO             PET1 ESMF library build location : /work/noaa/da/mpotts/sandbox/intel_2020_intelmpi_O_develop
20220202 050924.520 INFO             PET1 ESMF_COMM                   : intelmpi
20220202 050924.521 INFO             PET1 ESMF_MOAB                   : enabled
20220202 050924.521 INFO             PET1 ESMF_LAPACK                 : enabled
20220202 050924.521 INFO             PET1 ESMF_NETCDF                 : enabled
20220202 050924.521 INFO             PET1 ESMF_PNETCDF                : disabled
20220202 050924.521 INFO             PET1 ESMF_PIO                    : enabled
20220202 050924.521 INFO             PET1 ESMF_YAMLCPP                : enabled
20220202 050924.553 INFO             PET1  NUMBER_OF_PROCESSORS           4
20220202 050924.553 INFO             PET1  PASS  Example ESMF_VMNonBlockingEx, ESMF_VMNonBlockingEx.F90, line 434
20220202 050924.553 INFO             PET1 Finalizing ESMF
20220202 050924.520 INFO             PET2 !!!!!!!!!!!!!!!!!!!!!!!!!!!!!!!!!!!!!!!!!!!!!!!!!!!!!!
20220202 050924.520 INFO             PET2 !!! THE ESMF_LOG IS SET TO OUTPUT ALL LOG MESSAGES !!!
20220202 050924.520 INFO             PET2 !!!     THIS MAY CAUSE SLOWDOWN IN PERFORMANCE     !!!
20220202 050924.520 INFO             PET2 !!! FOR PRODUCTION RUNS, USE:                      !!!
20220202 050924.520 INFO             PET2 !!!                   ESMF_LOGKIND_Multi_On_Error  !!!
20220202 050924.520 INFO             PET2 !!!!!!!!!!!!!!!!!!!!!!!!!!!!!!!!!!!!!!!!!!!!!!!!!!!!!!
20220202 050924.520 INFO             PET2 Running with ESMF Version   : ESMF_8_3_0_beta_snapshot_06-10-gce27d44
20220202 050924.521 INFO             PET2 ESMF library build date/time: "Feb  2 2022" "02:32:04"
20220202 050924.521 INFO             PET2 ESMF library build location : /work/noaa/da/mpotts/sandbox/intel_2020_intelmpi_O_develop
20220202 050924.521 INFO             PET2 ESMF_COMM                   : intelmpi
20220202 050924.531 INFO             PET2 ESMF_MOAB                   : enabled
20220202 050924.531 INFO             PET2 ESMF_LAPACK                 : enabled
20220202 050924.531 INFO             PET2 ESMF_NETCDF                 : enabled
20220202 050924.531 INFO             PET2 ESMF_PNETCDF                : disabled
20220202 050924.531 INFO             PET2 ESMF_PIO                    : enabled
20220202 050924.531 INFO             PET2 ESMF_YAMLCPP                : enabled
20220202 050924.566 INFO             PET2  NUMBER_OF_PROCESSORS           4
20220202 050924.566 INFO             PET2  PASS  Example ESMF_VMNonBlockingEx, ESMF_VMNonBlockingEx.F90, line 434
20220202 050924.566 INFO             PET2 Finalizing ESMF
20220202 050924.505 INFO             PET3 !!!!!!!!!!!!!!!!!!!!!!!!!!!!!!!!!!!!!!!!!!!!!!!!!!!!!!
20220202 050924.505 INFO             PET3 !!! THE ESMF_LOG IS SET TO OUTPUT ALL LOG MESSAGES !!!
20220202 050924.505 INFO             PET3 !!!     THIS MAY CAUSE SLOWDOWN IN PERFORMANCE     !!!
20220202 050924.505 INFO             PET3 !!! FOR PRODUCTION RUNS, USE:                      !!!
20220202 050924.505 INFO             PET3 !!!                   ESMF_LOGKIND_Multi_On_Error  !!!
20220202 050924.505 INFO             PET3 !!!!!!!!!!!!!!!!!!!!!!!!!!!!!!!!!!!!!!!!!!!!!!!!!!!!!!
20220202 050924.505 INFO             PET3 Running with ESMF Version   : ESMF_8_3_0_beta_snapshot_06-10-gce27d44
20220202 050924.505 INFO             PET3 ESMF library build date/time: "Feb  2 2022" "02:32:04"
20220202 050924.505 INFO             PET3 ESMF library build location : /work/noaa/da/mpotts/sandbox/intel_2020_intelmpi_O_develop
20220202 050924.505 INFO             PET3 ESMF_COMM                   : intelmpi
20220202 050924.506 INFO             PET3 ESMF_MOAB                   : enabled
20220202 050924.506 INFO             PET3 ESMF_LAPACK                 : enabled
20220202 050924.506 INFO             PET3 ESMF_NETCDF                 : enabled
20220202 050924.506 INFO             PET3 ESMF_PNETCDF                : disabled
20220202 050924.506 INFO             PET3 ESMF_PIO                    : enabled
20220202 050924.506 INFO             PET3 ESMF_YAMLCPP                : enabled
20220202 050924.565 INFO             PET3  NUMBER_OF_PROCESSORS           4
20220202 050924.565 INFO             PET3  PASS  Example ESMF_VMNonBlockingEx, ESMF_VMNonBlockingEx.F90, line 434
20220202 050924.565 INFO             PET3 Finalizing ESMF
