build time -- 2021-12-23 03:00:56
20211223 054546.609 INFO             PET0 !!!!!!!!!!!!!!!!!!!!!!!!!!!!!!!!!!!!!!!!!!!!!!!!!!!!!!
20211223 054546.609 INFO             PET0 !!! THE ESMF_LOG IS SET TO OUTPUT ALL LOG MESSAGES !!!
20211223 054546.609 INFO             PET0 !!!     THIS MAY CAUSE SLOWDOWN IN PERFORMANCE     !!!
20211223 054546.609 INFO             PET0 !!! FOR PRODUCTION RUNS, USE:                      !!!
20211223 054546.609 INFO             PET0 !!!                   ESMF_LOGKIND_Multi_On_Error  !!!
20211223 054546.609 INFO             PET0 !!!!!!!!!!!!!!!!!!!!!!!!!!!!!!!!!!!!!!!!!!!!!!!!!!!!!!
20211223 054546.609 INFO             PET0 Running with ESMF Version   : ESMF_8_3_0_beta_snapshot_05-1-g3e9d170
20211223 054546.609 INFO             PET0 ESMF library build date/time: "Dec 23 2021" "02:58:22"
20211223 054546.609 INFO             PET0 ESMF library build location : /work/noaa/da/mpotts/sandbox/intel_2020_intelmpi_O_develop
20211223 054546.609 INFO             PET0 ESMF_COMM                   : intelmpi
20211223 054546.612 INFO             PET0 ESMF_MOAB                   : enabled
20211223 054546.612 INFO             PET0 ESMF_LAPACK                 : enabled
20211223 054546.612 INFO             PET0 ESMF_NETCDF                 : enabled
20211223 054546.612 INFO             PET0 ESMF_PNETCDF                : disabled
20211223 054546.612 INFO             PET0 ESMF_PIO                    : enabled
20211223 054546.612 INFO             PET0 ESMF_YAMLCPP                : enabled
20211223 054546.974 INFO             PET0  NUMBER_OF_PROCESSORS           4
20211223 054546.974 INFO             PET0  PASS  Example ESMF_CplEx, ESMF_CplEx.F90, line 457
20211223 054546.974 INFO             PET0 Finalizing ESMF
20211223 054546.633 INFO             PET1 !!!!!!!!!!!!!!!!!!!!!!!!!!!!!!!!!!!!!!!!!!!!!!!!!!!!!!
20211223 054546.633 INFO             PET1 !!! THE ESMF_LOG IS SET TO OUTPUT ALL LOG MESSAGES !!!
20211223 054546.633 INFO             PET1 !!!     THIS MAY CAUSE SLOWDOWN IN PERFORMANCE     !!!
20211223 054546.633 INFO             PET1 !!! FOR PRODUCTION RUNS, USE:                      !!!
20211223 054546.633 INFO             PET1 !!!                   ESMF_LOGKIND_Multi_On_Error  !!!
20211223 054546.633 INFO             PET1 !!!!!!!!!!!!!!!!!!!!!!!!!!!!!!!!!!!!!!!!!!!!!!!!!!!!!!
20211223 054546.633 INFO             PET1 Running with ESMF Version   : ESMF_8_3_0_beta_snapshot_05-1-g3e9d170
20211223 054546.633 INFO             PET1 ESMF library build date/time: "Dec 23 2021" "02:58:22"
20211223 054546.633 INFO             PET1 ESMF library build location : /work/noaa/da/mpotts/sandbox/intel_2020_intelmpi_O_develop
20211223 054546.633 INFO             PET1 ESMF_COMM                   : intelmpi
20211223 054546.634 INFO             PET1 ESMF_MOAB                   : enabled
20211223 054546.634 INFO             PET1 ESMF_LAPACK                 : enabled
20211223 054546.634 INFO             PET1 ESMF_NETCDF                 : enabled
20211223 054546.634 INFO             PET1 ESMF_PNETCDF                : disabled
20211223 054546.634 INFO             PET1 ESMF_PIO                    : enabled
20211223 054546.635 INFO             PET1 ESMF_YAMLCPP                : enabled
20211223 054546.973 INFO             PET1  NUMBER_OF_PROCESSORS           4
20211223 054546.973 INFO             PET1  PASS  Example ESMF_CplEx, ESMF_CplEx.F90, line 457
20211223 054546.973 INFO             PET1 Finalizing ESMF
20211223 054546.611 INFO             PET2 !!!!!!!!!!!!!!!!!!!!!!!!!!!!!!!!!!!!!!!!!!!!!!!!!!!!!!
20211223 054546.611 INFO             PET2 !!! THE ESMF_LOG IS SET TO OUTPUT ALL LOG MESSAGES !!!
20211223 054546.611 INFO             PET2 !!!     THIS MAY CAUSE SLOWDOWN IN PERFORMANCE     !!!
20211223 054546.611 INFO             PET2 !!! FOR PRODUCTION RUNS, USE:                      !!!
20211223 054546.611 INFO             PET2 !!!                   ESMF_LOGKIND_Multi_On_Error  !!!
20211223 054546.611 INFO             PET2 !!!!!!!!!!!!!!!!!!!!!!!!!!!!!!!!!!!!!!!!!!!!!!!!!!!!!!
20211223 054546.611 INFO             PET2 Running with ESMF Version   : ESMF_8_3_0_beta_snapshot_05-1-g3e9d170
20211223 054546.611 INFO             PET2 ESMF library build date/time: "Dec 23 2021" "02:58:22"
20211223 054546.611 INFO             PET2 ESMF library build location : /work/noaa/da/mpotts/sandbox/intel_2020_intelmpi_O_develop
20211223 054546.611 INFO             PET2 ESMF_COMM                   : intelmpi
20211223 054546.625 INFO             PET2 ESMF_MOAB                   : enabled
20211223 054546.625 INFO             PET2 ESMF_LAPACK                 : enabled
20211223 054546.625 INFO             PET2 ESMF_NETCDF                 : enabled
20211223 054546.625 INFO             PET2 ESMF_PNETCDF                : disabled
20211223 054546.625 INFO             PET2 ESMF_PIO                    : enabled
20211223 054546.625 INFO             PET2 ESMF_YAMLCPP                : enabled
20211223 054546.995 INFO             PET2  NUMBER_OF_PROCESSORS           4
20211223 054546.995 INFO             PET2  PASS  Example ESMF_CplEx, ESMF_CplEx.F90, line 457
20211223 054546.995 INFO             PET2 Finalizing ESMF
20211223 054546.609 INFO             PET3 !!!!!!!!!!!!!!!!!!!!!!!!!!!!!!!!!!!!!!!!!!!!!!!!!!!!!!
20211223 054546.609 INFO             PET3 !!! THE ESMF_LOG IS SET TO OUTPUT ALL LOG MESSAGES !!!
20211223 054546.609 INFO             PET3 !!!     THIS MAY CAUSE SLOWDOWN IN PERFORMANCE     !!!
20211223 054546.609 INFO             PET3 !!! FOR PRODUCTION RUNS, USE:                      !!!
20211223 054546.609 INFO             PET3 !!!                   ESMF_LOGKIND_Multi_On_Error  !!!
20211223 054546.609 INFO             PET3 !!!!!!!!!!!!!!!!!!!!!!!!!!!!!!!!!!!!!!!!!!!!!!!!!!!!!!
20211223 054546.609 INFO             PET3 Running with ESMF Version   : ESMF_8_3_0_beta_snapshot_05-1-g3e9d170
20211223 054546.609 INFO             PET3 ESMF library build date/time: "Dec 23 2021" "02:58:22"
20211223 054546.609 INFO             PET3 ESMF library build location : /work/noaa/da/mpotts/sandbox/intel_2020_intelmpi_O_develop
20211223 054546.609 INFO             PET3 ESMF_COMM                   : intelmpi
20211223 054546.610 INFO             PET3 ESMF_MOAB                   : enabled
20211223 054546.610 INFO             PET3 ESMF_LAPACK                 : enabled
20211223 054546.610 INFO             PET3 ESMF_NETCDF                 : enabled
20211223 054546.610 INFO             PET3 ESMF_PNETCDF                : disabled
20211223 054546.610 INFO             PET3 ESMF_PIO                    : enabled
20211223 054546.610 INFO             PET3 ESMF_YAMLCPP                : enabled
20211223 054546.975 INFO             PET3  NUMBER_OF_PROCESSORS           4
20211223 054546.975 INFO             PET3  PASS  Example ESMF_CplEx, ESMF_CplEx.F90, line 457
20211223 054546.975 INFO             PET3 Finalizing ESMF
