build time -- 2021-10-30 03:09:28
20211030 070358.112 INFO             PET0 !!!!!!!!!!!!!!!!!!!!!!!!!!!!!!!!!!!!!!!!!!!!!!!!!!!!!!
20211030 070358.113 INFO             PET0 !!! THE ESMF_LOG IS SET TO OUTPUT ALL LOG MESSAGES !!!
20211030 070358.113 INFO             PET0 !!!     THIS MAY CAUSE SLOWDOWN IN PERFORMANCE     !!!
20211030 070358.113 INFO             PET0 !!! FOR PRODUCTION RUNS, USE:                      !!!
20211030 070358.113 INFO             PET0 !!!                   ESMF_LOGKIND_Multi_On_Error  !!!
20211030 070358.113 INFO             PET0 !!!!!!!!!!!!!!!!!!!!!!!!!!!!!!!!!!!!!!!!!!!!!!!!!!!!!!
20211030 070358.113 INFO             PET0 Running with ESMF Version   : ESMF_8_3_0_beta_snapshot_02
20211030 070358.113 INFO             PET0 ESMF library build date/time: "Oct 30 2021" "03:08:00"
20211030 070358.113 INFO             PET0 ESMF library build location : /work/noaa/da/mpotts/sandbox/intel_2020_intelmpi_O_develop
20211030 070358.113 INFO             PET0 ESMF_COMM                   : intelmpi
20211030 070358.115 INFO             PET0 ESMF_MOAB                   : enabled
20211030 070358.115 INFO             PET0 ESMF_LAPACK                 : enabled
20211030 070358.115 INFO             PET0 ESMF_NETCDF                 : enabled
20211030 070358.115 INFO             PET0 ESMF_PNETCDF                : disabled
20211030 070358.115 INFO             PET0 ESMF_PIO                    : enabled
20211030 070358.115 INFO             PET0 ESMF_YAMLCPP                : enabled
20211030 070405.973 INFO             PET0  NUMBER_OF_PROCESSORS           4
20211030 070405.973 INFO             PET0  PASS  Example ESMF_VMUserMpiEx, ESMF_VMUserMpiEx.F90, line 96
20211030 070405.973 INFO             PET0 Finalizing ESMF
20211030 070358.125 INFO             PET1 !!!!!!!!!!!!!!!!!!!!!!!!!!!!!!!!!!!!!!!!!!!!!!!!!!!!!!
20211030 070358.125 INFO             PET1 !!! THE ESMF_LOG IS SET TO OUTPUT ALL LOG MESSAGES !!!
20211030 070358.125 INFO             PET1 !!!     THIS MAY CAUSE SLOWDOWN IN PERFORMANCE     !!!
20211030 070358.125 INFO             PET1 !!! FOR PRODUCTION RUNS, USE:                      !!!
20211030 070358.125 INFO             PET1 !!!                   ESMF_LOGKIND_Multi_On_Error  !!!
20211030 070358.125 INFO             PET1 !!!!!!!!!!!!!!!!!!!!!!!!!!!!!!!!!!!!!!!!!!!!!!!!!!!!!!
20211030 070358.125 INFO             PET1 Running with ESMF Version   : ESMF_8_3_0_beta_snapshot_02
20211030 070358.125 INFO             PET1 ESMF library build date/time: "Oct 30 2021" "03:08:00"
20211030 070358.125 INFO             PET1 ESMF library build location : /work/noaa/da/mpotts/sandbox/intel_2020_intelmpi_O_develop
20211030 070358.125 INFO             PET1 ESMF_COMM                   : intelmpi
20211030 070358.126 INFO             PET1 ESMF_MOAB                   : enabled
20211030 070358.126 INFO             PET1 ESMF_LAPACK                 : enabled
20211030 070358.126 INFO             PET1 ESMF_NETCDF                 : enabled
20211030 070358.126 INFO             PET1 ESMF_PNETCDF                : disabled
20211030 070358.126 INFO             PET1 ESMF_PIO                    : enabled
20211030 070358.126 INFO             PET1 ESMF_YAMLCPP                : enabled
20211030 070405.973 INFO             PET1  NUMBER_OF_PROCESSORS           4
20211030 070405.973 INFO             PET1  PASS  Example ESMF_VMUserMpiEx, ESMF_VMUserMpiEx.F90, line 96
20211030 070405.973 INFO             PET1 Finalizing ESMF
20211030 070358.114 INFO             PET2 !!!!!!!!!!!!!!!!!!!!!!!!!!!!!!!!!!!!!!!!!!!!!!!!!!!!!!
20211030 070358.114 INFO             PET2 !!! THE ESMF_LOG IS SET TO OUTPUT ALL LOG MESSAGES !!!
20211030 070358.114 INFO             PET2 !!!     THIS MAY CAUSE SLOWDOWN IN PERFORMANCE     !!!
20211030 070358.114 INFO             PET2 !!! FOR PRODUCTION RUNS, USE:                      !!!
20211030 070358.114 INFO             PET2 !!!                   ESMF_LOGKIND_Multi_On_Error  !!!
20211030 070358.114 INFO             PET2 !!!!!!!!!!!!!!!!!!!!!!!!!!!!!!!!!!!!!!!!!!!!!!!!!!!!!!
20211030 070358.114 INFO             PET2 Running with ESMF Version   : ESMF_8_3_0_beta_snapshot_02
20211030 070358.114 INFO             PET2 ESMF library build date/time: "Oct 30 2021" "03:08:00"
20211030 070358.114 INFO             PET2 ESMF library build location : /work/noaa/da/mpotts/sandbox/intel_2020_intelmpi_O_develop
20211030 070358.114 INFO             PET2 ESMF_COMM                   : intelmpi
20211030 070358.128 INFO             PET2 ESMF_MOAB                   : enabled
20211030 070358.128 INFO             PET2 ESMF_LAPACK                 : enabled
20211030 070358.128 INFO             PET2 ESMF_NETCDF                 : enabled
20211030 070358.128 INFO             PET2 ESMF_PNETCDF                : disabled
20211030 070358.128 INFO             PET2 ESMF_PIO                    : enabled
20211030 070358.128 INFO             PET2 ESMF_YAMLCPP                : enabled
20211030 070405.973 INFO             PET2  NUMBER_OF_PROCESSORS           4
20211030 070405.979 INFO             PET2  PASS  Example ESMF_VMUserMpiEx, ESMF_VMUserMpiEx.F90, line 96
20211030 070405.979 INFO             PET2 Finalizing ESMF
20211030 070358.139 INFO             PET3 !!!!!!!!!!!!!!!!!!!!!!!!!!!!!!!!!!!!!!!!!!!!!!!!!!!!!!
20211030 070358.139 INFO             PET3 !!! THE ESMF_LOG IS SET TO OUTPUT ALL LOG MESSAGES !!!
20211030 070358.139 INFO             PET3 !!!     THIS MAY CAUSE SLOWDOWN IN PERFORMANCE     !!!
20211030 070358.139 INFO             PET3 !!! FOR PRODUCTION RUNS, USE:                      !!!
20211030 070358.139 INFO             PET3 !!!                   ESMF_LOGKIND_Multi_On_Error  !!!
20211030 070358.139 INFO             PET3 !!!!!!!!!!!!!!!!!!!!!!!!!!!!!!!!!!!!!!!!!!!!!!!!!!!!!!
20211030 070358.139 INFO             PET3 Running with ESMF Version   : ESMF_8_3_0_beta_snapshot_02
20211030 070358.139 INFO             PET3 ESMF library build date/time: "Oct 30 2021" "03:08:00"
20211030 070358.139 INFO             PET3 ESMF library build location : /work/noaa/da/mpotts/sandbox/intel_2020_intelmpi_O_develop
20211030 070358.139 INFO             PET3 ESMF_COMM                   : intelmpi
20211030 070402.586 INFO             PET3 ESMF_MOAB                   : enabled
20211030 070402.586 INFO             PET3 ESMF_LAPACK                 : enabled
20211030 070402.586 INFO             PET3 ESMF_NETCDF                 : enabled
20211030 070402.586 INFO             PET3 ESMF_PNETCDF                : disabled
20211030 070402.586 INFO             PET3 ESMF_PIO                    : enabled
20211030 070402.586 INFO             PET3 ESMF_YAMLCPP                : enabled
20211030 070405.973 INFO             PET3  NUMBER_OF_PROCESSORS           4
20211030 070405.973 INFO             PET3  PASS  Example ESMF_VMUserMpiEx, ESMF_VMUserMpiEx.F90, line 96
20211030 070405.973 INFO             PET3 Finalizing ESMF
