build time -- 2022-01-17 02:32:35
20220117 051427.612 INFO             PET0 !!!!!!!!!!!!!!!!!!!!!!!!!!!!!!!!!!!!!!!!!!!!!!!!!!!!!!
20220117 051427.612 INFO             PET0 !!! THE ESMF_LOG IS SET TO OUTPUT ALL LOG MESSAGES !!!
20220117 051427.612 INFO             PET0 !!!     THIS MAY CAUSE SLOWDOWN IN PERFORMANCE     !!!
20220117 051427.612 INFO             PET0 !!! FOR PRODUCTION RUNS, USE:                      !!!
20220117 051427.612 INFO             PET0 !!!                   ESMF_LOGKIND_Multi_On_Error  !!!
20220117 051427.612 INFO             PET0 !!!!!!!!!!!!!!!!!!!!!!!!!!!!!!!!!!!!!!!!!!!!!!!!!!!!!!
20220117 051427.612 INFO             PET0 Running with ESMF Version   : ESMF_8_3_0_beta_snapshot_05-28-g1022def
20220117 051427.612 INFO             PET0 ESMF library build date/time: "Jan 17 2022" "02:31:07"
20220117 051427.612 INFO             PET0 ESMF library build location : /work/noaa/da/mpotts/sandbox/intel_2020_intelmpi_O_develop
20220117 051427.612 INFO             PET0 ESMF_COMM                   : intelmpi
20220117 051427.614 INFO             PET0 ESMF_MOAB                   : enabled
20220117 051427.614 INFO             PET0 ESMF_LAPACK                 : enabled
20220117 051427.614 INFO             PET0 ESMF_NETCDF                 : enabled
20220117 051427.614 INFO             PET0 ESMF_PNETCDF                : disabled
20220117 051427.614 INFO             PET0 ESMF_PIO                    : enabled
20220117 051427.614 INFO             PET0 ESMF_YAMLCPP                : enabled
20220117 051427.707 INFO             PET0  NUMBER_OF_PROCESSORS           4
20220117 051427.707 INFO             PET0  PASS  Example ESMF_FieldArbGridEx, ESMF_FieldArbGridEx.F90, line 243
20220117 051427.707 INFO             PET0 Finalizing ESMF
20220117 051427.629 INFO             PET1 !!!!!!!!!!!!!!!!!!!!!!!!!!!!!!!!!!!!!!!!!!!!!!!!!!!!!!
20220117 051427.630 INFO             PET1 !!! THE ESMF_LOG IS SET TO OUTPUT ALL LOG MESSAGES !!!
20220117 051427.630 INFO             PET1 !!!     THIS MAY CAUSE SLOWDOWN IN PERFORMANCE     !!!
20220117 051427.630 INFO             PET1 !!! FOR PRODUCTION RUNS, USE:                      !!!
20220117 051427.630 INFO             PET1 !!!                   ESMF_LOGKIND_Multi_On_Error  !!!
20220117 051427.630 INFO             PET1 !!!!!!!!!!!!!!!!!!!!!!!!!!!!!!!!!!!!!!!!!!!!!!!!!!!!!!
20220117 051427.630 INFO             PET1 Running with ESMF Version   : ESMF_8_3_0_beta_snapshot_05-28-g1022def
20220117 051427.630 INFO             PET1 ESMF library build date/time: "Jan 17 2022" "02:31:07"
20220117 051427.630 INFO             PET1 ESMF library build location : /work/noaa/da/mpotts/sandbox/intel_2020_intelmpi_O_develop
20220117 051427.630 INFO             PET1 ESMF_COMM                   : intelmpi
20220117 051427.631 INFO             PET1 ESMF_MOAB                   : enabled
20220117 051427.631 INFO             PET1 ESMF_LAPACK                 : enabled
20220117 051427.631 INFO             PET1 ESMF_NETCDF                 : enabled
20220117 051427.631 INFO             PET1 ESMF_PNETCDF                : disabled
20220117 051427.631 INFO             PET1 ESMF_PIO                    : enabled
20220117 051427.631 INFO             PET1 ESMF_YAMLCPP                : enabled
20220117 051427.684 INFO             PET1  NUMBER_OF_PROCESSORS           4
20220117 051427.685 INFO             PET1  PASS  Example ESMF_FieldArbGridEx, ESMF_FieldArbGridEx.F90, line 243
20220117 051427.685 INFO             PET1 Finalizing ESMF
20220117 051427.627 INFO             PET2 !!!!!!!!!!!!!!!!!!!!!!!!!!!!!!!!!!!!!!!!!!!!!!!!!!!!!!
20220117 051427.627 INFO             PET2 !!! THE ESMF_LOG IS SET TO OUTPUT ALL LOG MESSAGES !!!
20220117 051427.627 INFO             PET2 !!!     THIS MAY CAUSE SLOWDOWN IN PERFORMANCE     !!!
20220117 051427.627 INFO             PET2 !!! FOR PRODUCTION RUNS, USE:                      !!!
20220117 051427.627 INFO             PET2 !!!                   ESMF_LOGKIND_Multi_On_Error  !!!
20220117 051427.627 INFO             PET2 !!!!!!!!!!!!!!!!!!!!!!!!!!!!!!!!!!!!!!!!!!!!!!!!!!!!!!
20220117 051427.627 INFO             PET2 Running with ESMF Version   : ESMF_8_3_0_beta_snapshot_05-28-g1022def
20220117 051427.627 INFO             PET2 ESMF library build date/time: "Jan 17 2022" "02:31:07"
20220117 051427.627 INFO             PET2 ESMF library build location : /work/noaa/da/mpotts/sandbox/intel_2020_intelmpi_O_develop
20220117 051427.627 INFO             PET2 ESMF_COMM                   : intelmpi
20220117 051427.628 INFO             PET2 ESMF_MOAB                   : enabled
20220117 051427.628 INFO             PET2 ESMF_LAPACK                 : enabled
20220117 051427.628 INFO             PET2 ESMF_NETCDF                 : enabled
20220117 051427.628 INFO             PET2 ESMF_PNETCDF                : disabled
20220117 051427.628 INFO             PET2 ESMF_PIO                    : enabled
20220117 051427.628 INFO             PET2 ESMF_YAMLCPP                : enabled
20220117 051427.683 INFO             PET2  NUMBER_OF_PROCESSORS           4
20220117 051427.683 INFO             PET2  PASS  Example ESMF_FieldArbGridEx, ESMF_FieldArbGridEx.F90, line 243
20220117 051427.683 INFO             PET2 Finalizing ESMF
20220117 051427.644 INFO             PET3 !!!!!!!!!!!!!!!!!!!!!!!!!!!!!!!!!!!!!!!!!!!!!!!!!!!!!!
20220117 051427.644 INFO             PET3 !!! THE ESMF_LOG IS SET TO OUTPUT ALL LOG MESSAGES !!!
20220117 051427.644 INFO             PET3 !!!     THIS MAY CAUSE SLOWDOWN IN PERFORMANCE     !!!
20220117 051427.644 INFO             PET3 !!! FOR PRODUCTION RUNS, USE:                      !!!
20220117 051427.644 INFO             PET3 !!!                   ESMF_LOGKIND_Multi_On_Error  !!!
20220117 051427.644 INFO             PET3 !!!!!!!!!!!!!!!!!!!!!!!!!!!!!!!!!!!!!!!!!!!!!!!!!!!!!!
20220117 051427.644 INFO             PET3 Running with ESMF Version   : ESMF_8_3_0_beta_snapshot_05-28-g1022def
20220117 051427.644 INFO             PET3 ESMF library build date/time: "Jan 17 2022" "02:31:07"
20220117 051427.644 INFO             PET3 ESMF library build location : /work/noaa/da/mpotts/sandbox/intel_2020_intelmpi_O_develop
20220117 051427.644 INFO             PET3 ESMF_COMM                   : intelmpi
20220117 051427.645 INFO             PET3 ESMF_MOAB                   : enabled
20220117 051427.645 INFO             PET3 ESMF_LAPACK                 : enabled
20220117 051427.645 INFO             PET3 ESMF_NETCDF                 : enabled
20220117 051427.645 INFO             PET3 ESMF_PNETCDF                : disabled
20220117 051427.645 INFO             PET3 ESMF_PIO                    : enabled
20220117 051427.645 INFO             PET3 ESMF_YAMLCPP                : enabled
20220117 051427.697 INFO             PET3  NUMBER_OF_PROCESSORS           4
20220117 051427.697 INFO             PET3  PASS  Example ESMF_FieldArbGridEx, ESMF_FieldArbGridEx.F90, line 243
20220117 051427.697 INFO             PET3 Finalizing ESMF
