build time -- 2021-12-03 03:34:14
20211203 064543.907 INFO             PET0 !!!!!!!!!!!!!!!!!!!!!!!!!!!!!!!!!!!!!!!!!!!!!!!!!!!!!!
20211203 064543.907 INFO             PET0 !!! THE ESMF_LOG IS SET TO OUTPUT ALL LOG MESSAGES !!!
20211203 064543.907 INFO             PET0 !!!     THIS MAY CAUSE SLOWDOWN IN PERFORMANCE     !!!
20211203 064543.907 INFO             PET0 !!! FOR PRODUCTION RUNS, USE:                      !!!
20211203 064543.907 INFO             PET0 !!!                   ESMF_LOGKIND_Multi_On_Error  !!!
20211203 064543.907 INFO             PET0 !!!!!!!!!!!!!!!!!!!!!!!!!!!!!!!!!!!!!!!!!!!!!!!!!!!!!!
20211203 064543.907 INFO             PET0 Running with ESMF Version   : ESMF_8_3_0_beta_snapshot_04-7-gc7b07b1
20211203 064543.907 INFO             PET0 ESMF library build date/time: "Dec  3 2021" "03:32:47"
20211203 064543.907 INFO             PET0 ESMF library build location : /work/noaa/da/mpotts/sandbox/intel_2020_intelmpi_O_develop
20211203 064543.907 INFO             PET0 ESMF_COMM                   : intelmpi
20211203 064543.908 INFO             PET0 ESMF_MOAB                   : enabled
20211203 064543.908 INFO             PET0 ESMF_LAPACK                 : enabled
20211203 064543.908 INFO             PET0 ESMF_NETCDF                 : enabled
20211203 064543.908 INFO             PET0 ESMF_PNETCDF                : disabled
20211203 064543.908 INFO             PET0 ESMF_PIO                    : enabled
20211203 064543.908 INFO             PET0 ESMF_YAMLCPP                : enabled
20211203 064603.045 INFO             PET0  NUMBER_OF_PROCESSORS           4
20211203 064603.057 INFO             PET0  PASS  Example ESMF_RHandleDynamicMaskingEx, ESMF_RHandleDynamicMaskingEx.F90, line 1116
20211203 064603.057 INFO             PET0 Finalizing ESMF
20211203 064543.914 INFO             PET1 !!!!!!!!!!!!!!!!!!!!!!!!!!!!!!!!!!!!!!!!!!!!!!!!!!!!!!
20211203 064543.914 INFO             PET1 !!! THE ESMF_LOG IS SET TO OUTPUT ALL LOG MESSAGES !!!
20211203 064543.914 INFO             PET1 !!!     THIS MAY CAUSE SLOWDOWN IN PERFORMANCE     !!!
20211203 064543.914 INFO             PET1 !!! FOR PRODUCTION RUNS, USE:                      !!!
20211203 064543.914 INFO             PET1 !!!                   ESMF_LOGKIND_Multi_On_Error  !!!
20211203 064543.914 INFO             PET1 !!!!!!!!!!!!!!!!!!!!!!!!!!!!!!!!!!!!!!!!!!!!!!!!!!!!!!
20211203 064543.914 INFO             PET1 Running with ESMF Version   : ESMF_8_3_0_beta_snapshot_04-7-gc7b07b1
20211203 064543.914 INFO             PET1 ESMF library build date/time: "Dec  3 2021" "03:32:47"
20211203 064543.914 INFO             PET1 ESMF library build location : /work/noaa/da/mpotts/sandbox/intel_2020_intelmpi_O_develop
20211203 064543.914 INFO             PET1 ESMF_COMM                   : intelmpi
20211203 064543.916 INFO             PET1 ESMF_MOAB                   : enabled
20211203 064543.916 INFO             PET1 ESMF_LAPACK                 : enabled
20211203 064543.916 INFO             PET1 ESMF_NETCDF                 : enabled
20211203 064543.916 INFO             PET1 ESMF_PNETCDF                : disabled
20211203 064543.916 INFO             PET1 ESMF_PIO                    : enabled
20211203 064543.916 INFO             PET1 ESMF_YAMLCPP                : enabled
20211203 064603.045 INFO             PET1  NUMBER_OF_PROCESSORS           4
20211203 064603.045 INFO             PET1  PASS  Example ESMF_RHandleDynamicMaskingEx, ESMF_RHandleDynamicMaskingEx.F90, line 1116
20211203 064603.045 INFO             PET1 Finalizing ESMF
20211203 064543.921 INFO             PET2 !!!!!!!!!!!!!!!!!!!!!!!!!!!!!!!!!!!!!!!!!!!!!!!!!!!!!!
20211203 064543.921 INFO             PET2 !!! THE ESMF_LOG IS SET TO OUTPUT ALL LOG MESSAGES !!!
20211203 064543.921 INFO             PET2 !!!     THIS MAY CAUSE SLOWDOWN IN PERFORMANCE     !!!
20211203 064543.921 INFO             PET2 !!! FOR PRODUCTION RUNS, USE:                      !!!
20211203 064543.921 INFO             PET2 !!!                   ESMF_LOGKIND_Multi_On_Error  !!!
20211203 064543.921 INFO             PET2 !!!!!!!!!!!!!!!!!!!!!!!!!!!!!!!!!!!!!!!!!!!!!!!!!!!!!!
20211203 064543.921 INFO             PET2 Running with ESMF Version   : ESMF_8_3_0_beta_snapshot_04-7-gc7b07b1
20211203 064543.921 INFO             PET2 ESMF library build date/time: "Dec  3 2021" "03:32:47"
20211203 064543.921 INFO             PET2 ESMF library build location : /work/noaa/da/mpotts/sandbox/intel_2020_intelmpi_O_develop
20211203 064543.921 INFO             PET2 ESMF_COMM                   : intelmpi
20211203 064543.925 INFO             PET2 ESMF_MOAB                   : enabled
20211203 064543.925 INFO             PET2 ESMF_LAPACK                 : enabled
20211203 064543.925 INFO             PET2 ESMF_NETCDF                 : enabled
20211203 064543.925 INFO             PET2 ESMF_PNETCDF                : disabled
20211203 064543.925 INFO             PET2 ESMF_PIO                    : enabled
20211203 064543.925 INFO             PET2 ESMF_YAMLCPP                : enabled
20211203 064603.045 INFO             PET2  NUMBER_OF_PROCESSORS           4
20211203 064603.045 INFO             PET2  PASS  Example ESMF_RHandleDynamicMaskingEx, ESMF_RHandleDynamicMaskingEx.F90, line 1116
20211203 064603.045 INFO             PET2 Finalizing ESMF
20211203 064543.915 INFO             PET3 !!!!!!!!!!!!!!!!!!!!!!!!!!!!!!!!!!!!!!!!!!!!!!!!!!!!!!
20211203 064543.915 INFO             PET3 !!! THE ESMF_LOG IS SET TO OUTPUT ALL LOG MESSAGES !!!
20211203 064543.915 INFO             PET3 !!!     THIS MAY CAUSE SLOWDOWN IN PERFORMANCE     !!!
20211203 064543.915 INFO             PET3 !!! FOR PRODUCTION RUNS, USE:                      !!!
20211203 064543.915 INFO             PET3 !!!                   ESMF_LOGKIND_Multi_On_Error  !!!
20211203 064543.915 INFO             PET3 !!!!!!!!!!!!!!!!!!!!!!!!!!!!!!!!!!!!!!!!!!!!!!!!!!!!!!
20211203 064543.915 INFO             PET3 Running with ESMF Version   : ESMF_8_3_0_beta_snapshot_04-7-gc7b07b1
20211203 064543.916 INFO             PET3 ESMF library build date/time: "Dec  3 2021" "03:32:47"
20211203 064543.916 INFO             PET3 ESMF library build location : /work/noaa/da/mpotts/sandbox/intel_2020_intelmpi_O_develop
20211203 064543.916 INFO             PET3 ESMF_COMM                   : intelmpi
20211203 064543.929 INFO             PET3 ESMF_MOAB                   : enabled
20211203 064543.929 INFO             PET3 ESMF_LAPACK                 : enabled
20211203 064543.929 INFO             PET3 ESMF_NETCDF                 : enabled
20211203 064543.929 INFO             PET3 ESMF_PNETCDF                : disabled
20211203 064543.929 INFO             PET3 ESMF_PIO                    : enabled
20211203 064543.929 INFO             PET3 ESMF_YAMLCPP                : enabled
20211203 064603.057 INFO             PET3  NUMBER_OF_PROCESSORS           4
20211203 064603.066 INFO             PET3  PASS  Example ESMF_RHandleDynamicMaskingEx, ESMF_RHandleDynamicMaskingEx.F90, line 1116
20211203 064603.066 INFO             PET3 Finalizing ESMF
