build time -- 2022-02-10 01:28:13
20220210 014320.412 INFO             PET0 !!!!!!!!!!!!!!!!!!!!!!!!!!!!!!!!!!!!!!!!!!!!!!!!!!!!!!
20220210 014320.412 INFO             PET0 !!! THE ESMF_LOG IS SET TO OUTPUT ALL LOG MESSAGES !!!
20220210 014320.412 INFO             PET0 !!!     THIS MAY CAUSE SLOWDOWN IN PERFORMANCE     !!!
20220210 014320.412 INFO             PET0 !!! FOR PRODUCTION RUNS, USE:                      !!!
20220210 014320.412 INFO             PET0 !!!                   ESMF_LOGKIND_Multi_On_Error  !!!
20220210 014320.412 INFO             PET0 !!!!!!!!!!!!!!!!!!!!!!!!!!!!!!!!!!!!!!!!!!!!!!!!!!!!!!
20220210 014320.412 INFO             PET0 Running with ESMF Version   : ESMF_8_3_0_beta_snapshot_06-13-g9b96f18fc2
20220210 014320.412 INFO             PET0 ESMF library build date/time: "Feb 10 2022" "01:27:15"
20220210 014320.412 INFO             PET0 ESMF library build location : /lfs/h1/emc/ptmp/Mark.Potts/gfortran_10.3.0_mpich3_O_develop
20220210 014320.412 INFO             PET0 ESMF_COMM                   : mpich3
20220210 014320.412 INFO             PET0 ESMF_MOAB                   : enabled
20220210 014320.412 INFO             PET0 ESMF_LAPACK                 : enabled
20220210 014320.412 INFO             PET0 ESMF_NETCDF                 : enabled
20220210 014320.412 INFO             PET0 ESMF_PNETCDF                : disabled
20220210 014320.412 INFO             PET0 ESMF_PIO                    : enabled
20220210 014320.412 INFO             PET0 ESMF_YAMLCPP                : enabled
20220210 014320.412 INFO             PET0  NUMBER_OF_PROCESSORS           1
20220210 014320.412 INFO             PET0  PASS  Example ESMF_AlarmEx, ESMF_AlarmEx.F90, line 244
20220210 014320.412 INFO             PET0 Finalizing ESMF
