build time -- 2021-10-06 20:09:23
20211006 202457.512 INFO             PET0 !!!!!!!!!!!!!!!!!!!!!!!!!!!!!!!!!!!!!!!!!!!!!!!!!!!!!!
20211006 202457.512 INFO             PET0 !!! THE ESMF_LOG IS SET TO OUTPUT ALL LOG MESSAGES !!!
20211006 202457.512 INFO             PET0 !!!     THIS MAY CAUSE SLOWDOWN IN PERFORMANCE     !!!
20211006 202457.512 INFO             PET0 !!! FOR PRODUCTION RUNS, USE:                      !!!
20211006 202457.512 INFO             PET0 !!!                   ESMF_LOGKIND_Multi_On_Error  !!!
20211006 202457.512 INFO             PET0 !!!!!!!!!!!!!!!!!!!!!!!!!!!!!!!!!!!!!!!!!!!!!!!!!!!!!!
20211006 202457.512 INFO             PET0 Running with ESMF Version   : ESMF_8_3_0_beta_snapshot_00-1-ge61c3b7666
20211006 202457.512 INFO             PET0 ESMF library build date/time: "Oct  6 2021" "20:08:24"
20211006 202457.512 INFO             PET0 ESMF library build location : /lfs/h1/emc/ptmp/Mark.Potts/gfortran_10.3.0_mpich3_O_develop
20211006 202457.512 INFO             PET0 ESMF_COMM                   : mpich3
20211006 202457.512 INFO             PET0 ESMF_MOAB                   : enabled
20211006 202457.512 INFO             PET0 ESMF_LAPACK                 : enabled
20211006 202457.512 INFO             PET0 ESMF_NETCDF                 : enabled
20211006 202457.512 INFO             PET0 ESMF_PNETCDF                : disabled
20211006 202457.512 INFO             PET0 ESMF_PIO                    : enabled
20211006 202457.512 INFO             PET0 ESMF_YAMLCPP                : enabled
20211006 202457.514 INFO             PET0  NUMBER_OF_PROCESSORS           1
20211006 202457.514 INFO             PET0  PASS  Example ESMF_XGridSparseMatEx, ESMF_XGridSparseMatEx.F90, line 642
20211006 202457.514 INFO             PET0 Finalizing ESMF
