build time -- 2022-01-13 01:28:11
20220113 014314.928 INFO             PET0 !!!!!!!!!!!!!!!!!!!!!!!!!!!!!!!!!!!!!!!!!!!!!!!!!!!!!!
20220113 014314.928 INFO             PET0 !!! THE ESMF_LOG IS SET TO OUTPUT ALL LOG MESSAGES !!!
20220113 014314.928 INFO             PET0 !!!     THIS MAY CAUSE SLOWDOWN IN PERFORMANCE     !!!
20220113 014314.928 INFO             PET0 !!! FOR PRODUCTION RUNS, USE:                      !!!
20220113 014314.928 INFO             PET0 !!!                   ESMF_LOGKIND_Multi_On_Error  !!!
20220113 014314.928 INFO             PET0 !!!!!!!!!!!!!!!!!!!!!!!!!!!!!!!!!!!!!!!!!!!!!!!!!!!!!!
20220113 014314.928 INFO             PET0 Running with ESMF Version   : ESMF_8_3_0_beta_snapshot_05-3-g889e70918a
20220113 014314.928 INFO             PET0 ESMF library build date/time: "Jan 13 2022" "01:27:12"
20220113 014314.928 INFO             PET0 ESMF library build location : /lfs/h1/emc/ptmp/Mark.Potts/gfortran_10.3.0_mpich3_O_develop
20220113 014314.928 INFO             PET0 ESMF_COMM                   : mpich3
20220113 014314.928 INFO             PET0 ESMF_MOAB                   : enabled
20220113 014314.928 INFO             PET0 ESMF_LAPACK                 : enabled
20220113 014314.928 INFO             PET0 ESMF_NETCDF                 : enabled
20220113 014314.928 INFO             PET0 ESMF_PNETCDF                : disabled
20220113 014314.928 INFO             PET0 ESMF_PIO                    : enabled
20220113 014314.928 INFO             PET0 ESMF_YAMLCPP                : enabled
20220113 014314.929 INFO             PET0  NUMBER_OF_PROCESSORS           1
20220113 014314.929 INFO             PET0  PASS  Example ESMF_TimeEx, ESMF_TimeEx.F90, line 141
20220113 014314.929 INFO             PET0 Finalizing ESMF
