build time -- 2022-02-27 01:53:47.562246
20220227 025150.684 INFO             PET0 !!!!!!!!!!!!!!!!!!!!!!!!!!!!!!!!!!!!!!!!!!!!!!!!!!!!!!
20220227 025150.684 INFO             PET0 !!! THE ESMF_LOG IS SET TO OUTPUT ALL LOG MESSAGES !!!
20220227 025150.684 INFO             PET0 !!!     THIS MAY CAUSE SLOWDOWN IN PERFORMANCE     !!!
20220227 025150.684 INFO             PET0 !!! FOR PRODUCTION RUNS, USE:                      !!!
20220227 025150.684 INFO             PET0 !!!                   ESMF_LOGKIND_Multi_On_Error  !!!
20220227 025150.684 INFO             PET0 !!!!!!!!!!!!!!!!!!!!!!!!!!!!!!!!!!!!!!!!!!!!!!!!!!!!!!
20220227 025150.684 INFO             PET0 Running with ESMF Version   : v8.3.0b08-90-g763a12848c
20220227 025150.684 INFO             PET0 ESMF library build date/time: "Feb 27 2022" "01:49:35"
20220227 025150.684 INFO             PET0 ESMF library build location : /gpfsm/dnb04/projects/p98/mpotts/esmf/pgi_2020_mpiuni_g_jedwards_pio_update2
20220227 025150.684 INFO             PET0 ESMF_COMM                   : mpiuni
20220227 025150.685 INFO             PET0 ESMF_MOAB                   : enabled
20220227 025150.685 INFO             PET0 ESMF_LAPACK                 : enabled
20220227 025150.685 INFO             PET0 ESMF_NETCDF                 : disabled
20220227 025150.685 INFO             PET0 ESMF_PNETCDF                : disabled
20220227 025150.685 INFO             PET0 ESMF_PIO                    : disabled
20220227 025150.685 INFO             PET0 ESMF_YAMLCPP                : enabled
20220227 025150.685 INFO             PET0 ESMF Tracing Enabled
20220227 025150.685 INFO             PET0 ESMF Profiling Enabled
20220227 025150.685 INFO             PET0 ESMF Trace/Profile clock: REALTIME
20220227 025150.686 INFO             PET0  NUMBER_OF_PROCESSORS            1
20220227 025150.686 INFO             PET0  PASS  Example ESMF_TraceUserEx, ESMF_TraceUserEx.F90, line 125
20220227 025150.686 INFO             PET0 Finalizing ESMF
20220227 025150.686 INFO             PET0 **************** Region Timings *******************
20220227 025150.686 INFO             PET0 Region              Count  Total (s)   Self (s)    Mean (s)    Min (s)     Max (s)
20220227 025150.686 INFO             PET0   outer_region      1      0.0004      0.0000      0.0004      0.0004      0.0004
20220227 025150.686 INFO             PET0     inner_region_1  10     0.0002      0.0002      0.0000      0.0000      0.0000
20220227 025150.686 INFO             PET0     inner_region_2  10     0.0001      0.0001      0.0000      0.0000      0.0000
20220227 025150.687 INFO             PET0 ESMCI_IO_Handler.C:356 ESMCI::IO_Handler::finalize() before return, localrc = 0
