build time -- 2022-01-19 02:11:24.108505
20220119 031053.400 INFO             PET0 !!!!!!!!!!!!!!!!!!!!!!!!!!!!!!!!!!!!!!!!!!!!!!!!!!!!!!
20220119 031053.400 INFO             PET0 !!! THE ESMF_LOG IS SET TO OUTPUT ALL LOG MESSAGES !!!
20220119 031053.400 INFO             PET0 !!!     THIS MAY CAUSE SLOWDOWN IN PERFORMANCE     !!!
20220119 031053.400 INFO             PET0 !!! FOR PRODUCTION RUNS, USE:                      !!!
20220119 031053.400 INFO             PET0 !!!                   ESMF_LOGKIND_Multi_On_Error  !!!
20220119 031053.400 INFO             PET0 !!!!!!!!!!!!!!!!!!!!!!!!!!!!!!!!!!!!!!!!!!!!!!!!!!!!!!
20220119 031053.400 INFO             PET0 Running with ESMF Version   : ESMF_8_3_0_beta_snapshot_05-30-gf84ebe0184
20220119 031053.400 INFO             PET0 ESMF library build date/time: "Jan 19 2022" "02:07:09"
20220119 031053.400 INFO             PET0 ESMF library build location : /gpfsm/dnb04/projects/p98/mpotts/esmf/pgi_2020_mpiuni_g_develop
20220119 031053.400 INFO             PET0 ESMF_COMM                   : mpiuni
20220119 031053.401 INFO             PET0 ESMF_MOAB                   : enabled
20220119 031053.401 INFO             PET0 ESMF_LAPACK                 : enabled
20220119 031053.401 INFO             PET0 ESMF_NETCDF                 : disabled
20220119 031053.401 INFO             PET0 ESMF_PNETCDF                : disabled
20220119 031053.401 INFO             PET0 ESMF_PIO                    : disabled
20220119 031053.401 INFO             PET0 ESMF_YAMLCPP                : enabled
20220119 031053.402 INFO             PET0  NUMBER_OF_PROCESSORS            1
20220119 031053.402 INFO             PET0  PASS  Example ESMF_ConfigOverviewEx, ESMF_ConfigOverviewEx.F90, line 415
20220119 031053.402 INFO             PET0 Finalizing ESMF
