build time -- 2022-01-17 01:51:29.593120
20220117 025134.045 INFO             PET0 !!!!!!!!!!!!!!!!!!!!!!!!!!!!!!!!!!!!!!!!!!!!!!!!!!!!!!
20220117 025134.045 INFO             PET0 !!! THE ESMF_LOG IS SET TO OUTPUT ALL LOG MESSAGES !!!
20220117 025134.045 INFO             PET0 !!!     THIS MAY CAUSE SLOWDOWN IN PERFORMANCE     !!!
20220117 025134.045 INFO             PET0 !!! FOR PRODUCTION RUNS, USE:                      !!!
20220117 025134.045 INFO             PET0 !!!                   ESMF_LOGKIND_Multi_On_Error  !!!
20220117 025134.045 INFO             PET0 !!!!!!!!!!!!!!!!!!!!!!!!!!!!!!!!!!!!!!!!!!!!!!!!!!!!!!
20220117 025134.045 INFO             PET0 Running with ESMF Version   : ESMF_8_3_0_beta_snapshot_05-28-g1022def4d0
20220117 025134.045 INFO             PET0 ESMF library build date/time: "Jan 17 2022" "01:45:51"
20220117 025134.045 INFO             PET0 ESMF library build location : /gpfsm/dnb04/projects/p98/mpotts/esmf/pgi_2020_mpiuni_g_develop
20220117 025134.045 INFO             PET0 ESMF_COMM                   : mpiuni
20220117 025134.045 INFO             PET0 ESMF_MOAB                   : enabled
20220117 025134.045 INFO             PET0 ESMF_LAPACK                 : enabled
20220117 025134.045 INFO             PET0 ESMF_NETCDF                 : disabled
20220117 025134.045 INFO             PET0 ESMF_PNETCDF                : disabled
20220117 025134.045 INFO             PET0 ESMF_PIO                    : disabled
20220117 025134.045 INFO             PET0 ESMF_YAMLCPP                : enabled
20220117 025134.045 INFO             PET0  NUMBER_OF_PROCESSORS            1
20220117 025134.045 INFO             PET0  PASS  Example ESMF_DELayoutEx, ESMF_DELayoutEx.F90, line 394
20220117 025134.045 INFO             PET0 Finalizing ESMF
