build time -- 2021-11-15 10:52:06.457341
20211115 115129.982 INFO             PET0 !!!!!!!!!!!!!!!!!!!!!!!!!!!!!!!!!!!!!!!!!!!!!!!!!!!!!!
20211115 115129.982 INFO             PET0 !!! THE ESMF_LOG IS SET TO OUTPUT ALL LOG MESSAGES !!!
20211115 115129.982 INFO             PET0 !!!     THIS MAY CAUSE SLOWDOWN IN PERFORMANCE     !!!
20211115 115129.982 INFO             PET0 !!! FOR PRODUCTION RUNS, USE:                      !!!
20211115 115129.982 INFO             PET0 !!!                   ESMF_LOGKIND_Multi_On_Error  !!!
20211115 115129.982 INFO             PET0 !!!!!!!!!!!!!!!!!!!!!!!!!!!!!!!!!!!!!!!!!!!!!!!!!!!!!!
20211115 115129.982 INFO             PET0 Running with ESMF Version   : ESMF_8_3_0_beta_snapshot_02-9-g35b0f617ee
20211115 115129.982 INFO             PET0 ESMF library build date/time: "Nov 15 2021" "10:47:50"
20211115 115129.982 INFO             PET0 ESMF library build location : /gpfsm/dnb04/projects/p98/mpotts/esmf/pgi_2020_mpiuni_g_develop
20211115 115129.982 INFO             PET0 ESMF_COMM                   : mpiuni
20211115 115129.982 INFO             PET0 ESMF_MOAB                   : enabled
20211115 115129.982 INFO             PET0 ESMF_LAPACK                 : enabled
20211115 115129.982 INFO             PET0 ESMF_NETCDF                 : disabled
20211115 115129.982 INFO             PET0 ESMF_PNETCDF                : disabled
20211115 115129.982 INFO             PET0 ESMF_PIO                    : disabled
20211115 115129.982 INFO             PET0 ESMF_YAMLCPP                : enabled
20211115 115129.983 INFO             PET0 ESMF Tracing Enabled
20211115 115129.983 INFO             PET0 ESMF Profiling Enabled
20211115 115129.983 INFO             PET0 ESMF Trace/Profile clock: REALTIME
20211115 115130.015 INFO             PET0  NUMBER_OF_PROCESSORS            1
20211115 115130.015 INFO             PET0  PASS  Example ESMF_TraceEx, ESMF_TraceEx.F90, line 178
20211115 115130.015 INFO             PET0 Finalizing ESMF
20211115 115130.015 INFO             PET0 **************** Region Timings *******************
20211115 115130.015 INFO             PET0 Region              Count  Total (s)   Self (s)    Mean (s)    Min (s)     Max (s)
20211115 115130.015 INFO             PET0   [test] Run 1      5      0.0000      0.0000      0.0000      0.0000      0.0000
20211115 115130.015 INFO             PET0   [test] Init 1     1      0.0000      0.0000      0.0000      0.0000      0.0000
20211115 115130.015 INFO             PET0   [test] Final 1    1      0.0000      0.0000      0.0000      0.0000      0.0000
