build time -- 2022-01-09 01:39:08.787962
20220109 023449.941 INFO             PET0 !!!!!!!!!!!!!!!!!!!!!!!!!!!!!!!!!!!!!!!!!!!!!!!!!!!!!!
20220109 023449.941 INFO             PET0 !!! THE ESMF_LOG IS SET TO OUTPUT ALL LOG MESSAGES !!!
20220109 023449.941 INFO             PET0 !!!     THIS MAY CAUSE SLOWDOWN IN PERFORMANCE     !!!
20220109 023449.941 INFO             PET0 !!! FOR PRODUCTION RUNS, USE:                      !!!
20220109 023449.941 INFO             PET0 !!!                   ESMF_LOGKIND_Multi_On_Error  !!!
20220109 023449.941 INFO             PET0 !!!!!!!!!!!!!!!!!!!!!!!!!!!!!!!!!!!!!!!!!!!!!!!!!!!!!!
20220109 023449.941 INFO             PET0 Running with ESMF Version   : ESMF_8_3_0_beta_snapshot_05-1-g3e9d170f1f
20220109 023449.941 INFO             PET0 ESMF library build date/time: "Jan  9 2022" "01:34:55"
20220109 023449.941 INFO             PET0 ESMF library build location : /gpfsm/dnb04/projects/p98/mpotts/esmf/pgi_2020_mpiuni_g_develop
20220109 023449.941 INFO             PET0 ESMF_COMM                   : mpiuni
20220109 023449.941 INFO             PET0 ESMF_MOAB                   : enabled
20220109 023449.941 INFO             PET0 ESMF_LAPACK                 : enabled
20220109 023449.941 INFO             PET0 ESMF_NETCDF                 : disabled
20220109 023449.941 INFO             PET0 ESMF_PNETCDF                : disabled
20220109 023449.941 INFO             PET0 ESMF_PIO                    : disabled
20220109 023449.941 INFO             PET0 ESMF_YAMLCPP                : enabled
20220109 023449.968 INFO             PET0  NUMBER_OF_PROCESSORS            1
20220109 023449.968 INFO             PET0  PASS  Example ESMF_TimeEx, ESMF_TimeEx.F90, line 141
20220109 023449.968 INFO             PET0 Finalizing ESMF
