build time -- 2022-02-13 02:56:48.807888
20220213 084648.730 INFO             PET0 !!!!!!!!!!!!!!!!!!!!!!!!!!!!!!!!!!!!!!!!!!!!!!!!!!!!!!
20220213 084648.730 INFO             PET0 !!! THE ESMF_LOG IS SET TO OUTPUT ALL LOG MESSAGES !!!
20220213 084648.730 INFO             PET0 !!!     THIS MAY CAUSE SLOWDOWN IN PERFORMANCE     !!!
20220213 084648.730 INFO             PET0 !!! FOR PRODUCTION RUNS, USE:                      !!!
20220213 084648.730 INFO             PET0 !!!                   ESMF_LOGKIND_Multi_On_Error  !!!
20220213 084648.730 INFO             PET0 !!!!!!!!!!!!!!!!!!!!!!!!!!!!!!!!!!!!!!!!!!!!!!!!!!!!!!
20220213 084648.730 INFO             PET0 Running with ESMF Version   : ESMF_8_3_0_beta_snapshot_06-14-g9f69d9060c
20220213 084648.730 INFO             PET0 ESMF library build date/time: "Feb 13 2022" "02:53:12"
20220213 084648.730 INFO             PET0 ESMF library build location : /global/u2/r/rsdunlap/esmf-testing/intel_19.0.3_mpi_g_develop
20220213 084648.730 INFO             PET0 ESMF_COMM                   : mpi
20220213 084648.744 INFO             PET0 ESMF_MOAB                   : enabled
20220213 084648.744 INFO             PET0 ESMF_LAPACK                 : enabled
20220213 084648.744 INFO             PET0 ESMF_NETCDF                 : enabled
20220213 084648.744 INFO             PET0 ESMF_PNETCDF                : disabled
20220213 084648.744 INFO             PET0 ESMF_PIO                    : enabled
20220213 084648.744 INFO             PET0 ESMF_YAMLCPP                : enabled
20220213 084648.860 ERROR            PET0 /global/u2/r/rsdunlap/esmf-testing/intel_19.0.3_mpi_g_develop/src/Infrastructure/IO/interface/ESMC_IOScrip2ESMF.C:48 handle_error Internal error: Bad condition  - line 477: NetCDF error: Permission denied
20220213 084648.862 ERROR            PET0 ESMF_IOScrip.F90:3992 ESMF_EsmfInq netCDF Error: .esmf.nc: NetCDF: Unknown file format
20220213 084648.862 ERROR            PET0 ESMF_Mesh.F90:2206 ESMF_MeshCreateFromUnstruct() Failure  - Internal subroutine call returned Error
20220213 084648.862 ERROR            PET0 ESMF_Mesh.F90:2780 ESMF_MeshCreateFromScrip() Failure  - Internal subroutine call returned Error
20220213 084648.863 ERROR            PET0 ESMF_Mesh.F90:1924 ESMF_MeshCreateFromFile() Failure  - Internal subroutine call returned Error
20220213 084648.863 ERROR            PET0 ESMF_Mesh.F90:4367 ESMF_MeshDestroy Object being used before creation  - Bad Object
20220213 084648.957 INFO             PET0  NUMBER_OF_PROCESSORS           4
20220213 084648.957 INFO             PET0  FAIL  Example ESMF_MeshEx, ESMF_MeshEx.F90, line 1795:  Example failure
20220213 084648.957 INFO             PET0 Finalizing ESMF
20220213 084648.730 INFO             PET1 !!!!!!!!!!!!!!!!!!!!!!!!!!!!!!!!!!!!!!!!!!!!!!!!!!!!!!
20220213 084648.730 INFO             PET1 !!! THE ESMF_LOG IS SET TO OUTPUT ALL LOG MESSAGES !!!
20220213 084648.730 INFO             PET1 !!!     THIS MAY CAUSE SLOWDOWN IN PERFORMANCE     !!!
20220213 084648.730 INFO             PET1 !!! FOR PRODUCTION RUNS, USE:                      !!!
20220213 084648.730 INFO             PET1 !!!                   ESMF_LOGKIND_Multi_On_Error  !!!
20220213 084648.730 INFO             PET1 !!!!!!!!!!!!!!!!!!!!!!!!!!!!!!!!!!!!!!!!!!!!!!!!!!!!!!
20220213 084648.730 INFO             PET1 Running with ESMF Version   : ESMF_8_3_0_beta_snapshot_06-14-g9f69d9060c
20220213 084648.730 INFO             PET1 ESMF library build date/time: "Feb 13 2022" "02:53:12"
20220213 084648.730 INFO             PET1 ESMF library build location : /global/u2/r/rsdunlap/esmf-testing/intel_19.0.3_mpi_g_develop
20220213 084648.730 INFO             PET1 ESMF_COMM                   : mpi
20220213 084648.744 INFO             PET1 ESMF_MOAB                   : enabled
20220213 084648.745 INFO             PET1 ESMF_LAPACK                 : enabled
20220213 084648.745 INFO             PET1 ESMF_NETCDF                 : enabled
20220213 084648.745 INFO             PET1 ESMF_PNETCDF                : disabled
20220213 084648.745 INFO             PET1 ESMF_PIO                    : enabled
20220213 084648.745 INFO             PET1 ESMF_YAMLCPP                : enabled
20220213 084648.863 ERROR            PET1 ESMF_IOScrip.F90:3992 ESMF_EsmfInq netCDF Error: .esmf.nc: NetCDF: Unknown file format
20220213 084648.864 ERROR            PET1 ESMF_Mesh.F90:2206 ESMF_MeshCreateFromUnstruct() Failure  - Internal subroutine call returned Error
20220213 084648.864 ERROR            PET1 ESMF_Mesh.F90:2780 ESMF_MeshCreateFromScrip() Failure  - Internal subroutine call returned Error
20220213 084648.864 ERROR            PET1 ESMF_Mesh.F90:1924 ESMF_MeshCreateFromFile() Failure  - Internal subroutine call returned Error
20220213 084648.864 ERROR            PET1 ESMF_Mesh.F90:4367 ESMF_MeshDestroy Object being used before creation  - Bad Object
20220213 084648.957 INFO             PET1  NUMBER_OF_PROCESSORS           4
20220213 084648.957 INFO             PET1  FAIL  Example ESMF_MeshEx, ESMF_MeshEx.F90, line 1795:  Example failure
20220213 084648.957 INFO             PET1 Finalizing ESMF
20220213 084648.730 INFO             PET2 !!!!!!!!!!!!!!!!!!!!!!!!!!!!!!!!!!!!!!!!!!!!!!!!!!!!!!
20220213 084648.730 INFO             PET2 !!! THE ESMF_LOG IS SET TO OUTPUT ALL LOG MESSAGES !!!
20220213 084648.730 INFO             PET2 !!!     THIS MAY CAUSE SLOWDOWN IN PERFORMANCE     !!!
20220213 084648.730 INFO             PET2 !!! FOR PRODUCTION RUNS, USE:                      !!!
20220213 084648.730 INFO             PET2 !!!                   ESMF_LOGKIND_Multi_On_Error  !!!
20220213 084648.730 INFO             PET2 !!!!!!!!!!!!!!!!!!!!!!!!!!!!!!!!!!!!!!!!!!!!!!!!!!!!!!
20220213 084648.730 INFO             PET2 Running with ESMF Version   : ESMF_8_3_0_beta_snapshot_06-14-g9f69d9060c
20220213 084648.730 INFO             PET2 ESMF library build date/time: "Feb 13 2022" "02:53:12"
20220213 084648.730 INFO             PET2 ESMF library build location : /global/u2/r/rsdunlap/esmf-testing/intel_19.0.3_mpi_g_develop
20220213 084648.730 INFO             PET2 ESMF_COMM                   : mpi
20220213 084648.739 INFO             PET2 ESMF_MOAB                   : enabled
20220213 084648.739 INFO             PET2 ESMF_LAPACK                 : enabled
20220213 084648.739 INFO             PET2 ESMF_NETCDF                 : enabled
20220213 084648.739 INFO             PET2 ESMF_PNETCDF                : disabled
20220213 084648.739 INFO             PET2 ESMF_PIO                    : enabled
20220213 084648.739 INFO             PET2 ESMF_YAMLCPP                : enabled
20220213 084648.864 ERROR            PET2 ESMF_IOScrip.F90:3992 ESMF_EsmfInq netCDF Error: .esmf.nc: NetCDF: Unknown file format
20220213 084648.864 ERROR            PET2 ESMF_Mesh.F90:2206 ESMF_MeshCreateFromUnstruct() Failure  - Internal subroutine call returned Error
20220213 084648.864 ERROR            PET2 ESMF_Mesh.F90:2780 ESMF_MeshCreateFromScrip() Failure  - Internal subroutine call returned Error
20220213 084648.865 ERROR            PET2 ESMF_Mesh.F90:1924 ESMF_MeshCreateFromFile() Failure  - Internal subroutine call returned Error
20220213 084648.865 ERROR            PET2 ESMF_Mesh.F90:4367 ESMF_MeshDestroy Object being used before creation  - Bad Object
20220213 084648.957 INFO             PET2  NUMBER_OF_PROCESSORS           4
20220213 084648.957 INFO             PET2  FAIL  Example ESMF_MeshEx, ESMF_MeshEx.F90, line 1795:  Example failure
20220213 084648.957 INFO             PET2 Finalizing ESMF
20220213 084648.730 INFO             PET3 !!!!!!!!!!!!!!!!!!!!!!!!!!!!!!!!!!!!!!!!!!!!!!!!!!!!!!
20220213 084648.730 INFO             PET3 !!! THE ESMF_LOG IS SET TO OUTPUT ALL LOG MESSAGES !!!
20220213 084648.730 INFO             PET3 !!!     THIS MAY CAUSE SLOWDOWN IN PERFORMANCE     !!!
20220213 084648.730 INFO             PET3 !!! FOR PRODUCTION RUNS, USE:                      !!!
20220213 084648.730 INFO             PET3 !!!                   ESMF_LOGKIND_Multi_On_Error  !!!
20220213 084648.730 INFO             PET3 !!!!!!!!!!!!!!!!!!!!!!!!!!!!!!!!!!!!!!!!!!!!!!!!!!!!!!
20220213 084648.730 INFO             PET3 Running with ESMF Version   : ESMF_8_3_0_beta_snapshot_06-14-g9f69d9060c
20220213 084648.730 INFO             PET3 ESMF library build date/time: "Feb 13 2022" "02:53:12"
20220213 084648.730 INFO             PET3 ESMF library build location : /global/u2/r/rsdunlap/esmf-testing/intel_19.0.3_mpi_g_develop
20220213 084648.730 INFO             PET3 ESMF_COMM                   : mpi
20220213 084648.743 INFO             PET3 ESMF_MOAB                   : enabled
20220213 084648.743 INFO             PET3 ESMF_LAPACK                 : enabled
20220213 084648.743 INFO             PET3 ESMF_NETCDF                 : enabled
20220213 084648.743 INFO             PET3 ESMF_PNETCDF                : disabled
20220213 084648.743 INFO             PET3 ESMF_PIO                    : enabled
20220213 084648.743 INFO             PET3 ESMF_YAMLCPP                : enabled
20220213 084648.864 ERROR            PET3 ESMF_IOScrip.F90:3992 ESMF_EsmfInq netCDF Error: .esmf.nc: NetCDF: Unknown file format
20220213 084648.864 ERROR            PET3 ESMF_Mesh.F90:2206 ESMF_MeshCreateFromUnstruct() Failure  - Internal subroutine call returned Error
20220213 084648.864 ERROR            PET3 ESMF_Mesh.F90:2780 ESMF_MeshCreateFromScrip() Failure  - Internal subroutine call returned Error
20220213 084648.864 ERROR            PET3 ESMF_Mesh.F90:1924 ESMF_MeshCreateFromFile() Failure  - Internal subroutine call returned Error
20220213 084648.865 ERROR            PET3 ESMF_Mesh.F90:4367 ESMF_MeshDestroy Object being used before creation  - Bad Object
20220213 084648.957 INFO             PET3  NUMBER_OF_PROCESSORS           4
20220213 084648.957 INFO             PET3  FAIL  Example ESMF_MeshEx, ESMF_MeshEx.F90, line 1795:  Example failure
20220213 084648.957 INFO             PET3 Finalizing ESMF
