Thu Feb 17 03:15:08 PST 2022
 
--------------------------------------------------------------
ESMF_VERSION_STRING:    8.3.0 beta snapshot
ESMF_8_3_0_beta_snapshot_06-15-g03510d5fb3
--------------------------------------------------------------
On branch develop
Your branch is up to date with 'origin/develop'.

Untracked files:
  (use "git add <file>..." to include in what will be committed)
	build-intel_19.0.3_mpi_O.bat
	build-intel_19.0.3_mpi_O.bat_54875743.e
	build-intel_19.0.3_mpi_O.bat_54875743.o
	getres-build.sh
	getres-test.sh
	nuopc-app-prototypes/
	test-intel_19.0.3_mpi_O.bat


It took 23.94 seconds to enumerate untracked files. 'status -uno'
may speed it up, but you have to be careful not to forget to add
new files yourself (see 'git help status').
nothing added to commit but untracked files present (use "git add" to track)
--------------------------------------------------------------
 
--------------------------------------------------------------
Make version:
GNU Make 4.2.1
Built for x86_64-suse-linux-gnu
Copyright (C) 1988-2016 Free Software Foundation, Inc.
License GPLv3+: GNU GPL version 3 or later <http://gnu.org/licenses/gpl.html>
This is free software: you are free to change and redistribute it.
There is NO WARRANTY, to the extent permitted by law.

--------------------------------------------------------------
Fortran Compiler version:
Intel(R) Fortran Intel(R) 64 Compiler for applications running on Intel(R) 64, Version 19.0.3.199 Build 20190206
Copyright (C) 1985-2019 Intel Corporation.  All rights reserved.


--------------------------------------------------------------
C++ Compiler version:
Intel(R) C++ Intel(R) 64 Compiler for applications running on Intel(R) 64, Version 19.0.3.199 Build 20190206
Copyright (C) 1985-2019 Intel Corporation.  All rights reserved.


--------------------------------------------------------------
Preprocessor version:
gcc (SUSE Linux) 7.5.0
Copyright (C) 2017 Free Software Foundation, Inc.
This is free software; see the source for copying conditions.  There is NO
warranty; not even for MERCHANTABILITY or FITNESS FOR A PARTICULAR PURPOSE.

--------------------------------------------------------------
NetCDF library version: netCDF 4.6.3
NetCDF Fortran version: netCDF-Fortran 4.4.5
 
--------------------------------------------------------------
 * User set ESMF environment variables *
ESMF_BOPT=O
ESMF_COMM=mpi
ESMF_COMPILER=intel
ESMF_DIR=/global/u2/r/rsdunlap/esmf-testing/intel_19.0.3_mpi_O_develop
ESMF_NETCDF=nc-config
ESMF_NETCDFF_LIBS=-lnetcdff
ESMF_NETCDF_LIBS=-lnetcdf
ESMF_TESTEXHAUSTIVE=ON
ESMF_TESTWITHTHREADS=ON
 
--------------------------------------------------------------
 * ESMF environment variables *
ESMF_DIR: /global/u2/r/rsdunlap/esmf-testing/intel_19.0.3_mpi_O_develop
ESMF_OS:                Unicos
ESMF_MACHINE:           x86_64
ESMF_ABI:               64
ESMF_COMPILER:          intel
ESMF_BOPT:              O
ESMF_COMM:              mpi
ESMF_SITE:              default
ESMF_PTHREADS:          ON
ESMF_OPENMP:            ON
ESMF_OPENACC:           OFF
ESMF_CXXSTD:            11
ESMF_ARRAY_LITE:        FALSE
ESMF_NO_INTEGER_1_BYTE: TRUE
ESMF_NO_INTEGER_2_BYTE: TRUE
ESMF_FORTRANSYMBOLS:    default
ESMF_MAPPER_BUILD:      OFF
ESMF_AUTO_LIB_BUILD:    ON
ESMF_DEFER_LIB_BUILD:   ON
ESMF_SHARED_LIB_BUILD:  ON
ESMF_TRACE_LIB_BUILD:   ON
ESMF_TESTEXHAUSTIVE:    ON
ESMF_TESTCOMPTUNNEL:    ON
ESMF_TESTWITHTHREADS:   ON
ESMF_TESTMPMD:          OFF
ESMF_TESTSHAREDOBJ:     OFF
ESMF_TESTFORCEOPENMP:   OFF
ESMF_TESTFORCEOPENACC:  OFF
ESMF_TESTHARNESS_ARRAY: default
ESMF_TESTHARNESS_FIELD: default
ESMF_MPIRUN:            /global/u2/r/rsdunlap/esmf-testing/intel_19.0.3_mpi_O_develop/scripts/mpirun.srun 
 
--------------------------------------------------------------
 * ESMF environment variables pointing to 3rd party software *
ESMF_MOAB:               internal
ESMF_LAPACK:             internal
ESMF_ACC_SOFTWARE_STACK: none
ESMF_NETCDF:             nc-config
ESMF_NETCDF_INCLUDE:     /opt/cray/pe/netcdf/4.6.3.2/include
ESMF_NETCDF_LIBS:        -lnetcdf
ESMF_NETCDF_LIBPATH:     /opt/cray/pe/netcdf/4.6.3.2/INTEL/19.0/lib
ESMF_NFCONFIG:           nf-config
ESMF_NETCDFF_INCLUDE:    /opt/cray/pe/netcdf/4.6.3.2/INTEL/19.0/include
ESMF_NETCDFF_LIBS:       -lnetcdff
ESMF_PIO:                internal
ESMF_YAMLCPP:            internal
 
--------------------------------------------------------------
 * ESMF environment variables for final installation *
ESMF_INSTALL_PREFIX:    ./DEFAULTINSTALLDIR
ESMF_INSTALL_HEADERDIR: include
ESMF_INSTALL_MODDIR:    mod/modO/Unicos.intel.64.mpi.default
ESMF_INSTALL_LIBDIR:    lib/libO/Unicos.intel.64.mpi.default
ESMF_INSTALL_BINDIR:    bin/binO/Unicos.intel.64.mpi.default
ESMF_INSTALL_DOCDIR:    doc
 
--------------------------------------------------------------
 * ESMF Benchmark directory and parameters *
ESMF_BENCHMARK_PREFIX:         ./DEFAULTBENCHMARKDIR
ESMF_BENCHMARK_TOLERANCE:      20%
ESMF_BENCHMARK_THRESHOLD_MSEC: 500
 
--------------------------------------------------------------
 * Other relevant environment variables *
PATH:    /opt/cray/pe/netcdf/4.6.3.2/bin:/opt/cray/pe/mpt/7.7.10/gni/bin:/opt/cray/rca/2.2.20-7.0.1.1_4.74__g8e3fb5b.ari/bin:/opt/cray/alps/6.6.58-7.0.1.1_6.30__g437d88db.ari/sbin:/opt/cray/alps/default/bin:/opt/cray/job/2.2.4-7.0.1.1_3.55__g36b56f4.ari/bin:/opt/cray/pe/craype/2.6.2/bin:/opt/intel/compilers_and_libraries_2019.3.199/linux/bin/intel64:/usr/common/software/darshan/3.2.1/bin:/global/common/cori/software/altd/2.0/bin:/usr/common/software/bin:/usr/common/nsg/bin:/opt/ovis/bin:/opt/ovis/sbin:/opt/cray/pe/modules/3.2.11.4/bin:/usr/local/bin:/usr/bin:/bin:/usr/lib/mit/bin:/usr/lib/mit/sbin:/opt/cray/pe/bin
LD_LIBRARY_PATH: /opt/cray/job/2.2.4-7.0.1.1_3.55__g36b56f4.ari/lib64:/opt/intel/compilers_and_libraries_2019.3.199/linux/compiler/lib/intel64:/opt/intel/compilers_and_libraries_2019.3.199/linux/mkl/lib/intel64:/usr/common/software/darshan/3.2.1/lib
 
--------------------------------------------------------------
 * Compilers, Linkers, Flags, and Libraries *
Location of the preprocessor:      /usr/bin/gcc
Location of the Fortran compiler:  /opt/cray/pe/craype/2.6.2/bin/ftn
Location of the Fortran linker:    /opt/cray/pe/craype/2.6.2/bin/ftn
Location of the C++ compiler:      /opt/cray/pe/craype/2.6.2/bin/CC
Location of the C++ linker:        /opt/cray/pe/craype/2.6.2/bin/CC

Fortran compiler flags:
ESMF_F90COMPILER: ftn
ESMF_F90COMPILEOPTS: -O -fPIC -assume realloc_lhs   -qopenmp
ESMF_F90COMPILEPATHS: -I/global/u2/r/rsdunlap/esmf-testing/intel_19.0.3_mpi_O_develop/mod/modO/Unicos.intel.64.mpi.default -I/global/u2/r/rsdunlap/esmf-testing/intel_19.0.3_mpi_O_develop/src/include -I/opt/cray/pe/netcdf/4.6.3.2/include -I/opt/cray/pe/netcdf/4.6.3.2/INTEL/19.0/include
ESMF_F90COMPILECPPFLAGS: -DESMF_NO_INTEGER_1_BYTE -DESMF_NO_INTEGER_2_BYTE -DESMF_VERSION_STRING_GIT='ESMF_8_3_0_beta_snapshot_06-15-g03510d5fb3' -DESMF_MOAB=1 -DESMF_LAPACK=1 -DESMF_LAPACK_INTERNAL=1 -DESMF_NO_ACC_SOFTWARE_STACK=1 -DESMF_NETCDF=1 -DESMF_YAMLCPP=1 -DESMF_YAML=1 -DESMF_PIO=1 -DESMF_MPIIO -DESMF_NO_OPENACC -DESMF_TESTEXHAUSTIVE -DESMF_BOPT_O -DESMF_TESTCOMPTUNNEL -DESMF_TESTWITHTHREADS -DS64=1 -DESMF_OS_Unicos=1 -DESMF_COMM=mpi -DESMF_DIR=/global/u2/r/rsdunlap/esmf-testing/intel_19.0.3_mpi_O_develop
ESMF_F90COMPILEFREECPP: 
ESMF_F90COMPILEFREENOCPP: 
ESMF_F90COMPILEFIXCPP: 
ESMF_F90COMPILEFIXNOCPP: 

Fortran linker flags:
ESMF_F90LINKOPTS:    -Wl,--no-as-needed  -qopenmp
ESMF_F90LINKPATHS: -L/global/u2/r/rsdunlap/esmf-testing/intel_19.0.3_mpi_O_develop/lib/libO/Unicos.intel.64.mpi.default -L/opt/cray/pe/netcdf/4.6.3.2/INTEL/19.0/lib 
ESMF_F90LINKRPATHS: -Wl,-rpath,/global/u2/r/rsdunlap/esmf-testing/intel_19.0.3_mpi_O_develop/lib/libO/Unicos.intel.64.mpi.default -Wl,-rpath,/opt/cray/pe/netcdf/4.6.3.2/INTEL/19.0/lib
ESMF_F90LINKLIBS:   -cxxlib -lrt -ldl -lnetcdf -lnetcdff
ESMF_F90ESMFLINKLIBS: -lesmf   -cxxlib -lrt -ldl -lnetcdf -lnetcdff

C++ compiler flags:
ESMF_CXXCOMPILER: CC
ESMF_CXXCOMPILEOPTS: -std=c++11 -O -DNDEBUG -fPIC -pthread  -qopenmp
ESMF_CXXCOMPILEPATHS:  -I/global/u2/r/rsdunlap/esmf-testing/intel_19.0.3_mpi_O_develop/src/include  -I/opt/cray/pe/netcdf/4.6.3.2/include -I/global/u2/r/rsdunlap/esmf-testing/intel_19.0.3_mpi_O_develop/src/prologue/yaml-cpp/include
ESMF_CXXCOMPILECPPFLAGS: -DESMF_NO_INTEGER_1_BYTE -DESMF_NO_INTEGER_2_BYTE -DESMF_VERSION_STRING_GIT='ESMF_8_3_0_beta_snapshot_06-15-g03510d5fb3' -DESMF_MOAB=1 -DESMF_LAPACK=1 -DESMF_LAPACK_INTERNAL=1 -DESMF_NO_ACC_SOFTWARE_STACK=1 -DESMF_NETCDF=1 -DESMF_YAMLCPP=1 -DESMF_YAML=1 -DESMF_PIO=1 -DESMF_MPIIO -DESMF_NO_OPENACC -DESMF_TESTEXHAUSTIVE -DESMF_BOPT_O -DESMF_TESTCOMPTUNNEL -DESMF_TESTWITHTHREADS -DS64=1 -DESMF_OS_Unicos=1 -DESMF_COMM=mpi -DESMF_DIR=/global/u2/r/rsdunlap/esmf-testing/intel_19.0.3_mpi_O_develop -D__SDIR__='' -DESMF_CXXSTD=11 -DESMF_NO_POSIXIPC

C++ linker flags:
ESMF_CXXLINKOPTS:   -pthread -Wl,--no-as-needed  -qopenmp
ESMF_CXXLINKPATHS: -L/global/u2/r/rsdunlap/esmf-testing/intel_19.0.3_mpi_O_develop/lib/libO/Unicos.intel.64.mpi.default -L/opt/cray/pe/netcdf/4.6.3.2/INTEL/19.0/lib -L/opt/intel/compilers_and_libraries_2019.3.199/linux/compiler/lib/intel64_lin/
ESMF_CXXLINKRPATHS: -Wl,-rpath,/global/u2/r/rsdunlap/esmf-testing/intel_19.0.3_mpi_O_develop/lib/libO/Unicos.intel.64.mpi.default -Wl,-rpath,/opt/cray/pe/netcdf/4.6.3.2/INTEL/19.0/lib
ESMF_CXXLINKLIBS:   -lrt -ldl -lnetcdf -lnetcdff
ESMF_CXXESMFLINKLIBS: -lesmf   -lrt -ldl -lnetcdf -lnetcdff

Shared library build:
ESMF_SL_LIBS_TO_MAKE: libesmf
ESMF_SL_SUFFIX:       so
ESMF_SL_LIBLINKER:    CC
ESMF_SL_LIBOPTS:       -pthread -shared  -qopenmp
ESMF_SL_LIBLIBS:      

ESMF Tracing linker options:
ESMF_TRACE_LDPRELOAD=/global/u2/r/rsdunlap/esmf-testing/intel_19.0.3_mpi_O_develop/lib/libO/Unicos.intel.64.mpi.default/libesmftrace_preload.so
ESMF_TRACE_STATICLINKOPTS=-static -Wl,--wrap=c_esmftrace_notify_wrappers -Wl,--wrap=c_esmftrace_isinitialized -Wl,--wrap=write -Wl,--wrap=writev -Wl,--wrap=pwrite -Wl,--wrap=read -Wl,--wrap=open -Wl,--wrap=MPI_Allgather -Wl,--wrap=MPI_Allgatherv -Wl,--wrap=MPI_Allreduce -Wl,--wrap=MPI_Alltoall -Wl,--wrap=MPI_Alltoallv -Wl,--wrap=MPI_Alltoallw -Wl,--wrap=MPI_Barrier -Wl,--wrap=MPI_Bcast -Wl,--wrap=MPI_Bsend -Wl,--wrap=MPI_Gather -Wl,--wrap=MPI_Gatherv -Wl,--wrap=MPI_Iprobe -Wl,--wrap=MPI_Irecv -Wl,--wrap=MPI_Irsend -Wl,--wrap=MPI_Isend -Wl,--wrap=MPI_Issend -Wl,--wrap=MPI_Probe -Wl,--wrap=MPI_Recv -Wl,--wrap=MPI_Reduce -Wl,--wrap=MPI_Rsend -Wl,--wrap=MPI_Scan -Wl,--wrap=MPI_Scatter -Wl,--wrap=MPI_Scatterv -Wl,--wrap=MPI_Send -Wl,--wrap=MPI_Sendrecv -Wl,--wrap=MPI_Test -Wl,--wrap=MPI_Testall -Wl,--wrap=MPI_Testany -Wl,--wrap=MPI_Testsome -Wl,--wrap=MPI_Wait -Wl,--wrap=MPI_Waitall -Wl,--wrap=MPI_Waitany -Wl,--wrap=MPI_Waitsome -Wl,--wrap=mpi_allgather_ -Wl,--wrap=mpi_allgather__ -Wl,--wrap=mpi_allgatherv_ -Wl,--wrap=mpi_allgatherv__ -Wl,--wrap=mpi_allreduce_ -Wl,--wrap=mpi_allreduce__ -Wl,--wrap=mpi_alltoall_ -Wl,--wrap=mpi_alltoall__ -Wl,--wrap=mpi_alltoallv_ -Wl,--wrap=mpi_alltoallv__ -Wl,--wrap=mpi_alltoallw_ -Wl,--wrap=mpi_alltoallw__ -Wl,--wrap=mpi_barrier_ -Wl,--wrap=mpi_barrier__ -Wl,--wrap=mpi_bcast_ -Wl,--wrap=mpi_bcast__ -Wl,--wrap=mpi_bsend_ -Wl,--wrap=mpi_bsend__ -Wl,--wrap=mpi_exscan_ -Wl,--wrap=mpi_exscan__ -Wl,--wrap=mpi_gather_ -Wl,--wrap=mpi_gather__ -Wl,--wrap=mpi_gatherv_ -Wl,--wrap=mpi_gatherv__ -Wl,--wrap=mpi_iprobe_ -Wl,--wrap=mpi_iprobe__ -Wl,--wrap=mpi_irecv_ -Wl,--wrap=mpi_irecv__ -Wl,--wrap=mpi_irsend_ -Wl,--wrap=mpi_irsend__ -Wl,--wrap=mpi_isend_ -Wl,--wrap=mpi_isend__ -Wl,--wrap=mpi_issend_ -Wl,--wrap=mpi_issend__ -Wl,--wrap=mpi_probe_ -Wl,--wrap=mpi_probe__ -Wl,--wrap=mpi_recv_ -Wl,--wrap=mpi_recv__ -Wl,--wrap=mpi_reduce_ -Wl,--wrap=mpi_reduce__ -Wl,--wrap=mpi_reduce_scatter_ -Wl,--wrap=mpi_reduce_scatter__ -Wl,--wrap=mpi_rsend_ -Wl,--wrap=mpi_rsend__ -Wl,--wrap=mpi_scatter_ -Wl,--wrap=mpi_scatter__ -Wl,--wrap=mpi_scatterv_ -Wl,--wrap=mpi_scatterv__ -Wl,--wrap=mpi_scan_ -Wl,--wrap=mpi_scan__ -Wl,--wrap=mpi_send_ -Wl,--wrap=mpi_send__ -Wl,--wrap=mpi_sendrecv_ -Wl,--wrap=mpi_sendrecv__ -Wl,--wrap=mpi_test_ -Wl,--wrap=mpi_test__ -Wl,--wrap=mpi_testall_ -Wl,--wrap=mpi_testall__ -Wl,--wrap=mpi_testany_ -Wl,--wrap=mpi_testany__ -Wl,--wrap=mpi_testsome_ -Wl,--wrap=mpi_testsome__ -Wl,--wrap=mpi_wait_ -Wl,--wrap=mpi_wait__ -Wl,--wrap=mpi_waitall_ -Wl,--wrap=mpi_waitall__ -Wl,--wrap=mpi_waitany_ -Wl,--wrap=mpi_waitany__
ESMF_TRACE_STATICLINKLIBS=-lesmftrace_static


--------------------------------------------------------------
Compiling on Thu Feb 17 02:16:24 PST 2022 on nid00894
Machine characteristics: Linux nid00894 4.12.14-150.17_5.0.97-cray_ari_c #1 SMP Tue Jul 27 15:51:05 UTC 2021 (f61c788) x86_64 x86_64 x86_64 GNU/Linux
==============================================================
 
make[1]: Entering directory '/global/u2/r/rsdunlap/esmf-testing/intel_19.0.3_mpi_O_develop'
Making directory /global/u2/r/rsdunlap/esmf-testing/intel_19.0.3_mpi_O_develop/lib/libO/Unicos.intel.64.mpi.default for library
Making directory /global/u2/r/rsdunlap/esmf-testing/intel_19.0.3_mpi_O_develop/src/include for include files
Making directory /global/u2/r/rsdunlap/esmf-testing/intel_19.0.3_mpi_O_develop/mod/modO/Unicos.intel.64.mpi.default for *.mod files
Making directory /global/u2/r/rsdunlap/esmf-testing/intel_19.0.3_mpi_O_develop/obj/objO/Unicos.intel.64.mpi.default for build-intel_19.0.3_mpi_O.bat_54875743.o files
cd /global/u2/r/rsdunlap/esmf-testing/intel_19.0.3_mpi_O_develop ;\
make ACTION=tree_include tree
make[2]: Entering directory '/global/u2/r/rsdunlap/esmf-testing/intel_19.0.3_mpi_O_develop'
tree_include in: /global/u2/r/rsdunlap/esmf-testing/intel_19.0.3_mpi_O_develop/src
make[3]: Entering directory '/global/u2/r/rsdunlap/esmf-testing/intel_19.0.3_mpi_O_develop/src'
tree_include in: /global/u2/r/rsdunlap/esmf-testing/intel_19.0.3_mpi_O_develop/src/prologue
make[4]: Entering directory '/global/u2/r/rsdunlap/esmf-testing/intel_19.0.3_mpi_O_develop/src/prologue'
tree_include in: /global/u2/r/rsdunlap/esmf-testing/intel_19.0.3_mpi_O_develop/src/prologue/tests
make[5]: Entering directory '/global/u2/r/rsdunlap/esmf-testing/intel_19.0.3_mpi_O_develop/src/prologue/tests'
make[5]: Leaving directory '/global/u2/r/rsdunlap/esmf-testing/intel_19.0.3_mpi_O_develop/src/prologue/tests'
tree_include in: /global/u2/r/rsdunlap/esmf-testing/intel_19.0.3_mpi_O_develop/src/prologue/yaml-cpp
make[5]: Entering directory '/global/u2/r/rsdunlap/esmf-testing/intel_19.0.3_mpi_O_develop/src/prologue/yaml-cpp'
tree_include in: /global/u2/r/rsdunlap/esmf-testing/intel_19.0.3_mpi_O_develop/src/prologue/yaml-cpp/src
make[6]: Entering directory '/global/u2/r/rsdunlap/esmf-testing/intel_19.0.3_mpi_O_develop/src/prologue/yaml-cpp/src'
make[6]: Leaving directory '/global/u2/r/rsdunlap/esmf-testing/intel_19.0.3_mpi_O_develop/src/prologue/yaml-cpp/src'
make[5]: Leaving directory '/global/u2/r/rsdunlap/esmf-testing/intel_19.0.3_mpi_O_develop/src/prologue/yaml-cpp'
make[4]: Leaving directory '/global/u2/r/rsdunlap/esmf-testing/intel_19.0.3_mpi_O_develop/src/prologue'
tree_include in: /global/u2/r/rsdunlap/esmf-testing/intel_19.0.3_mpi_O_develop/src/test_harness
make[4]: Entering directory '/global/u2/r/rsdunlap/esmf-testing/intel_19.0.3_mpi_O_develop/src/test_harness'
tree_include in: /global/u2/r/rsdunlap/esmf-testing/intel_19.0.3_mpi_O_develop/src/test_harness/src
make[5]: Entering directory '/global/u2/r/rsdunlap/esmf-testing/intel_19.0.3_mpi_O_develop/src/test_harness/src'
make[5]: Leaving directory '/global/u2/r/rsdunlap/esmf-testing/intel_19.0.3_mpi_O_develop/src/test_harness/src'
make[4]: Leaving directory '/global/u2/r/rsdunlap/esmf-testing/intel_19.0.3_mpi_O_develop/src/test_harness'
tree_include in: /global/u2/r/rsdunlap/esmf-testing/intel_19.0.3_mpi_O_develop/src/Infrastructure
make[4]: Entering directory '/global/u2/r/rsdunlap/esmf-testing/intel_19.0.3_mpi_O_develop/src/Infrastructure'
tree_include in: /global/u2/r/rsdunlap/esmf-testing/intel_19.0.3_mpi_O_develop/src/Infrastructure/stubs
make[5]: Entering directory '/global/u2/r/rsdunlap/esmf-testing/intel_19.0.3_mpi_O_develop/src/Infrastructure/stubs'
tree_include in: /global/u2/r/rsdunlap/esmf-testing/intel_19.0.3_mpi_O_develop/src/Infrastructure/stubs/mpiuni
make[6]: Entering directory '/global/u2/r/rsdunlap/esmf-testing/intel_19.0.3_mpi_O_develop/src/Infrastructure/stubs/mpiuni'
make[6]: Leaving directory '/global/u2/r/rsdunlap/esmf-testing/intel_19.0.3_mpi_O_develop/src/Infrastructure/stubs/mpiuni'
make[5]: Leaving directory '/global/u2/r/rsdunlap/esmf-testing/intel_19.0.3_mpi_O_develop/src/Infrastructure/stubs'
tree_include in: /global/u2/r/rsdunlap/esmf-testing/intel_19.0.3_mpi_O_develop/src/Infrastructure/Util
make[5]: Entering directory '/global/u2/r/rsdunlap/esmf-testing/intel_19.0.3_mpi_O_develop/src/Infrastructure/Util'
tree_include in: /global/u2/r/rsdunlap/esmf-testing/intel_19.0.3_mpi_O_develop/src/Infrastructure/Util/src
make[6]: Entering directory '/global/u2/r/rsdunlap/esmf-testing/intel_19.0.3_mpi_O_develop/src/Infrastructure/Util/src'
make[6]: Leaving directory '/global/u2/r/rsdunlap/esmf-testing/intel_19.0.3_mpi_O_develop/src/Infrastructure/Util/src'
tree_include in: /global/u2/r/rsdunlap/esmf-testing/intel_19.0.3_mpi_O_develop/src/Infrastructure/Util/interface
make[6]: Entering directory '/global/u2/r/rsdunlap/esmf-testing/intel_19.0.3_mpi_O_develop/src/Infrastructure/Util/interface'
make[6]: Leaving directory '/global/u2/r/rsdunlap/esmf-testing/intel_19.0.3_mpi_O_develop/src/Infrastructure/Util/interface'
tree_include in: /global/u2/r/rsdunlap/esmf-testing/intel_19.0.3_mpi_O_develop/src/Infrastructure/Util/tests
make[6]: Entering directory '/global/u2/r/rsdunlap/esmf-testing/intel_19.0.3_mpi_O_develop/src/Infrastructure/Util/tests'
make[6]: Leaving directory '/global/u2/r/rsdunlap/esmf-testing/intel_19.0.3_mpi_O_develop/src/Infrastructure/Util/tests'
tree_include in: /global/u2/r/rsdunlap/esmf-testing/intel_19.0.3_mpi_O_develop/src/Infrastructure/Util/examples
make[6]: Entering directory '/global/u2/r/rsdunlap/esmf-testing/intel_19.0.3_mpi_O_develop/src/Infrastructure/Util/examples'
make[6]: Leaving directory '/global/u2/r/rsdunlap/esmf-testing/intel_19.0.3_mpi_O_develop/src/Infrastructure/Util/examples'
tree_include in: /global/u2/r/rsdunlap/esmf-testing/intel_19.0.3_mpi_O_develop/src/Infrastructure/Util/doc
make[6]: Entering directory '/global/u2/r/rsdunlap/esmf-testing/intel_19.0.3_mpi_O_develop/src/Infrastructure/Util/doc'
make[6]: Leaving directory '/global/u2/r/rsdunlap/esmf-testing/intel_19.0.3_mpi_O_develop/src/Infrastructure/Util/doc'
make[5]: Leaving directory '/global/u2/r/rsdunlap/esmf-testing/intel_19.0.3_mpi_O_develop/src/Infrastructure/Util'
tree_include in: /global/u2/r/rsdunlap/esmf-testing/intel_19.0.3_mpi_O_develop/src/Infrastructure/LogErr
make[5]: Entering directory '/global/u2/r/rsdunlap/esmf-testing/intel_19.0.3_mpi_O_develop/src/Infrastructure/LogErr'
tree_include in: /global/u2/r/rsdunlap/esmf-testing/intel_19.0.3_mpi_O_develop/src/Infrastructure/LogErr/src
make[6]: Entering directory '/global/u2/r/rsdunlap/esmf-testing/intel_19.0.3_mpi_O_develop/src/Infrastructure/LogErr/src'
make[6]: Leaving directory '/global/u2/r/rsdunlap/esmf-testing/intel_19.0.3_mpi_O_develop/src/Infrastructure/LogErr/src'
tree_include in: /global/u2/r/rsdunlap/esmf-testing/intel_19.0.3_mpi_O_develop/src/Infrastructure/LogErr/interface
make[6]: Entering directory '/global/u2/r/rsdunlap/esmf-testing/intel_19.0.3_mpi_O_develop/src/Infrastructure/LogErr/interface'
make[6]: Leaving directory '/global/u2/r/rsdunlap/esmf-testing/intel_19.0.3_mpi_O_develop/src/Infrastructure/LogErr/interface'
tree_include in: /global/u2/r/rsdunlap/esmf-testing/intel_19.0.3_mpi_O_develop/src/Infrastructure/LogErr/examples
make[6]: Entering directory '/global/u2/r/rsdunlap/esmf-testing/intel_19.0.3_mpi_O_develop/src/Infrastructure/LogErr/examples'
make[6]: Leaving directory '/global/u2/r/rsdunlap/esmf-testing/intel_19.0.3_mpi_O_develop/src/Infrastructure/LogErr/examples'
tree_include in: /global/u2/r/rsdunlap/esmf-testing/intel_19.0.3_mpi_O_develop/src/Infrastructure/LogErr/doc
make[6]: Entering directory '/global/u2/r/rsdunlap/esmf-testing/intel_19.0.3_mpi_O_develop/src/Infrastructure/LogErr/doc'
make[6]: Leaving directory '/global/u2/r/rsdunlap/esmf-testing/intel_19.0.3_mpi_O_develop/src/Infrastructure/LogErr/doc'
tree_include in: /global/u2/r/rsdunlap/esmf-testing/intel_19.0.3_mpi_O_develop/src/Infrastructure/LogErr/tests
make[6]: Entering directory '/global/u2/r/rsdunlap/esmf-testing/intel_19.0.3_mpi_O_develop/src/Infrastructure/LogErr/tests'
make[6]: Leaving directory '/global/u2/r/rsdunlap/esmf-testing/intel_19.0.3_mpi_O_develop/src/Infrastructure/LogErr/tests'
make[5]: Leaving directory '/global/u2/r/rsdunlap/esmf-testing/intel_19.0.3_mpi_O_develop/src/Infrastructure/LogErr'
tree_include in: /global/u2/r/rsdunlap/esmf-testing/intel_19.0.3_mpi_O_develop/src/Infrastructure/VM
make[5]: Entering directory '/global/u2/r/rsdunlap/esmf-testing/intel_19.0.3_mpi_O_develop/src/Infrastructure/VM'
tree_include in: /global/u2/r/rsdunlap/esmf-testing/intel_19.0.3_mpi_O_develop/src/Infrastructure/VM/src
make[6]: Entering directory '/global/u2/r/rsdunlap/esmf-testing/intel_19.0.3_mpi_O_develop/src/Infrastructure/VM/src'
tree_include in: /global/u2/r/rsdunlap/esmf-testing/intel_19.0.3_mpi_O_develop/src/Infrastructure/VM/src/acc
make[7]: Entering directory '/global/u2/r/rsdunlap/esmf-testing/intel_19.0.3_mpi_O_develop/src/Infrastructure/VM/src/acc'
make[7]: Leaving directory '/global/u2/r/rsdunlap/esmf-testing/intel_19.0.3_mpi_O_develop/src/Infrastructure/VM/src/acc'
make[6]: Leaving directory '/global/u2/r/rsdunlap/esmf-testing/intel_19.0.3_mpi_O_develop/src/Infrastructure/VM/src'
tree_include in: /global/u2/r/rsdunlap/esmf-testing/intel_19.0.3_mpi_O_develop/src/Infrastructure/VM/interface
make[6]: Entering directory '/global/u2/r/rsdunlap/esmf-testing/intel_19.0.3_mpi_O_develop/src/Infrastructure/VM/interface'
make[6]: Leaving directory '/global/u2/r/rsdunlap/esmf-testing/intel_19.0.3_mpi_O_develop/src/Infrastructure/VM/interface'
tree_include in: /global/u2/r/rsdunlap/esmf-testing/intel_19.0.3_mpi_O_develop/src/Infrastructure/VM/doc
make[6]: Entering directory '/global/u2/r/rsdunlap/esmf-testing/intel_19.0.3_mpi_O_develop/src/Infrastructure/VM/doc'
make[6]: Leaving directory '/global/u2/r/rsdunlap/esmf-testing/intel_19.0.3_mpi_O_develop/src/Infrastructure/VM/doc'
tree_include in: /global/u2/r/rsdunlap/esmf-testing/intel_19.0.3_mpi_O_develop/src/Infrastructure/VM/examples
make[6]: Entering directory '/global/u2/r/rsdunlap/esmf-testing/intel_19.0.3_mpi_O_develop/src/Infrastructure/VM/examples'
make[6]: Leaving directory '/global/u2/r/rsdunlap/esmf-testing/intel_19.0.3_mpi_O_develop/src/Infrastructure/VM/examples'
tree_include in: /global/u2/r/rsdunlap/esmf-testing/intel_19.0.3_mpi_O_develop/src/Infrastructure/VM/tests
make[6]: Entering directory '/global/u2/r/rsdunlap/esmf-testing/intel_19.0.3_mpi_O_develop/src/Infrastructure/VM/tests'
make[6]: Leaving directory '/global/u2/r/rsdunlap/esmf-testing/intel_19.0.3_mpi_O_develop/src/Infrastructure/VM/tests'
make[5]: Leaving directory '/global/u2/r/rsdunlap/esmf-testing/intel_19.0.3_mpi_O_develop/src/Infrastructure/VM'
tree_include in: /global/u2/r/rsdunlap/esmf-testing/intel_19.0.3_mpi_O_develop/src/Infrastructure/Trace
make[5]: Entering directory '/global/u2/r/rsdunlap/esmf-testing/intel_19.0.3_mpi_O_develop/src/Infrastructure/Trace'
tree_include in: /global/u2/r/rsdunlap/esmf-testing/intel_19.0.3_mpi_O_develop/src/Infrastructure/Trace/src
make[6]: Entering directory '/global/u2/r/rsdunlap/esmf-testing/intel_19.0.3_mpi_O_develop/src/Infrastructure/Trace/src'
make[6]: Leaving directory '/global/u2/r/rsdunlap/esmf-testing/intel_19.0.3_mpi_O_develop/src/Infrastructure/Trace/src'
tree_include in: /global/u2/r/rsdunlap/esmf-testing/intel_19.0.3_mpi_O_develop/src/Infrastructure/Trace/interface
make[6]: Entering directory '/global/u2/r/rsdunlap/esmf-testing/intel_19.0.3_mpi_O_develop/src/Infrastructure/Trace/interface'
make[6]: Leaving directory '/global/u2/r/rsdunlap/esmf-testing/intel_19.0.3_mpi_O_develop/src/Infrastructure/Trace/interface'
tree_include in: /global/u2/r/rsdunlap/esmf-testing/intel_19.0.3_mpi_O_develop/src/Infrastructure/Trace/tests
make[6]: Entering directory '/global/u2/r/rsdunlap/esmf-testing/intel_19.0.3_mpi_O_develop/src/Infrastructure/Trace/tests'
make[6]: Leaving directory '/global/u2/r/rsdunlap/esmf-testing/intel_19.0.3_mpi_O_develop/src/Infrastructure/Trace/tests'
tree_include in: /global/u2/r/rsdunlap/esmf-testing/intel_19.0.3_mpi_O_develop/src/Infrastructure/Trace/doc
make[6]: Entering directory '/global/u2/r/rsdunlap/esmf-testing/intel_19.0.3_mpi_O_develop/src/Infrastructure/Trace/doc'
make[6]: Leaving directory '/global/u2/r/rsdunlap/esmf-testing/intel_19.0.3_mpi_O_develop/src/Infrastructure/Trace/doc'
tree_include in: /global/u2/r/rsdunlap/esmf-testing/intel_19.0.3_mpi_O_develop/src/Infrastructure/Trace/examples
make[6]: Entering directory '/global/u2/r/rsdunlap/esmf-testing/intel_19.0.3_mpi_O_develop/src/Infrastructure/Trace/examples'
make[6]: Leaving directory '/global/u2/r/rsdunlap/esmf-testing/intel_19.0.3_mpi_O_develop/src/Infrastructure/Trace/examples'
make[5]: Leaving directory '/global/u2/r/rsdunlap/esmf-testing/intel_19.0.3_mpi_O_develop/src/Infrastructure/Trace'
tree_include in: /global/u2/r/rsdunlap/esmf-testing/intel_19.0.3_mpi_O_develop/src/Infrastructure/Base
make[5]: Entering directory '/global/u2/r/rsdunlap/esmf-testing/intel_19.0.3_mpi_O_develop/src/Infrastructure/Base'
tree_include in: /global/u2/r/rsdunlap/esmf-testing/intel_19.0.3_mpi_O_develop/src/Infrastructure/Base/src
make[6]: Entering directory '/global/u2/r/rsdunlap/esmf-testing/intel_19.0.3_mpi_O_develop/src/Infrastructure/Base/src'
make[6]: Leaving directory '/global/u2/r/rsdunlap/esmf-testing/intel_19.0.3_mpi_O_develop/src/Infrastructure/Base/src'
tree_include in: /global/u2/r/rsdunlap/esmf-testing/intel_19.0.3_mpi_O_develop/src/Infrastructure/Base/interface
make[6]: Entering directory '/global/u2/r/rsdunlap/esmf-testing/intel_19.0.3_mpi_O_develop/src/Infrastructure/Base/interface'
make[6]: Leaving directory '/global/u2/r/rsdunlap/esmf-testing/intel_19.0.3_mpi_O_develop/src/Infrastructure/Base/interface'
tree_include in: /global/u2/r/rsdunlap/esmf-testing/intel_19.0.3_mpi_O_develop/src/Infrastructure/Base/tests
make[6]: Entering directory '/global/u2/r/rsdunlap/esmf-testing/intel_19.0.3_mpi_O_develop/src/Infrastructure/Base/tests'
make[6]: Leaving directory '/global/u2/r/rsdunlap/esmf-testing/intel_19.0.3_mpi_O_develop/src/Infrastructure/Base/tests'
tree_include in: /global/u2/r/rsdunlap/esmf-testing/intel_19.0.3_mpi_O_develop/src/Infrastructure/Base/examples
make[6]: Entering directory '/global/u2/r/rsdunlap/esmf-testing/intel_19.0.3_mpi_O_develop/src/Infrastructure/Base/examples'
make[6]: Leaving directory '/global/u2/r/rsdunlap/esmf-testing/intel_19.0.3_mpi_O_develop/src/Infrastructure/Base/examples'
tree_include in: /global/u2/r/rsdunlap/esmf-testing/intel_19.0.3_mpi_O_develop/src/Infrastructure/Base/doc
make[6]: Entering directory '/global/u2/r/rsdunlap/esmf-testing/intel_19.0.3_mpi_O_develop/src/Infrastructure/Base/doc'
make[6]: Leaving directory '/global/u2/r/rsdunlap/esmf-testing/intel_19.0.3_mpi_O_develop/src/Infrastructure/Base/doc'
make[5]: Leaving directory '/global/u2/r/rsdunlap/esmf-testing/intel_19.0.3_mpi_O_develop/src/Infrastructure/Base'
tree_include in: /global/u2/r/rsdunlap/esmf-testing/intel_19.0.3_mpi_O_develop/src/Infrastructure/TimeMgr
make[5]: Entering directory '/global/u2/r/rsdunlap/esmf-testing/intel_19.0.3_mpi_O_develop/src/Infrastructure/TimeMgr'
tree_include in: /global/u2/r/rsdunlap/esmf-testing/intel_19.0.3_mpi_O_develop/src/Infrastructure/TimeMgr/src
make[6]: Entering directory '/global/u2/r/rsdunlap/esmf-testing/intel_19.0.3_mpi_O_develop/src/Infrastructure/TimeMgr/src'
make[6]: Leaving directory '/global/u2/r/rsdunlap/esmf-testing/intel_19.0.3_mpi_O_develop/src/Infrastructure/TimeMgr/src'
tree_include in: /global/u2/r/rsdunlap/esmf-testing/intel_19.0.3_mpi_O_develop/src/Infrastructure/TimeMgr/interface
make[6]: Entering directory '/global/u2/r/rsdunlap/esmf-testing/intel_19.0.3_mpi_O_develop/src/Infrastructure/TimeMgr/interface'
make[6]: Leaving directory '/global/u2/r/rsdunlap/esmf-testing/intel_19.0.3_mpi_O_develop/src/Infrastructure/TimeMgr/interface'
tree_include in: /global/u2/r/rsdunlap/esmf-testing/intel_19.0.3_mpi_O_develop/src/Infrastructure/TimeMgr/examples
make[6]: Entering directory '/global/u2/r/rsdunlap/esmf-testing/intel_19.0.3_mpi_O_develop/src/Infrastructure/TimeMgr/examples'
make[6]: Leaving directory '/global/u2/r/rsdunlap/esmf-testing/intel_19.0.3_mpi_O_develop/src/Infrastructure/TimeMgr/examples'
tree_include in: /global/u2/r/rsdunlap/esmf-testing/intel_19.0.3_mpi_O_develop/src/Infrastructure/TimeMgr/tests
make[6]: Entering directory '/global/u2/r/rsdunlap/esmf-testing/intel_19.0.3_mpi_O_develop/src/Infrastructure/TimeMgr/tests'
make[6]: Leaving directory '/global/u2/r/rsdunlap/esmf-testing/intel_19.0.3_mpi_O_develop/src/Infrastructure/TimeMgr/tests'
tree_include in: /global/u2/r/rsdunlap/esmf-testing/intel_19.0.3_mpi_O_develop/src/Infrastructure/TimeMgr/doc
make[6]: Entering directory '/global/u2/r/rsdunlap/esmf-testing/intel_19.0.3_mpi_O_develop/src/Infrastructure/TimeMgr/doc'
make[6]: Leaving directory '/global/u2/r/rsdunlap/esmf-testing/intel_19.0.3_mpi_O_develop/src/Infrastructure/TimeMgr/doc'
make[5]: Leaving directory '/global/u2/r/rsdunlap/esmf-testing/intel_19.0.3_mpi_O_develop/src/Infrastructure/TimeMgr'
tree_include in: /global/u2/r/rsdunlap/esmf-testing/intel_19.0.3_mpi_O_develop/src/Infrastructure/DELayout
make[5]: Entering directory '/global/u2/r/rsdunlap/esmf-testing/intel_19.0.3_mpi_O_develop/src/Infrastructure/DELayout'
tree_include in: /global/u2/r/rsdunlap/esmf-testing/intel_19.0.3_mpi_O_develop/src/Infrastructure/DELayout/src
make[6]: Entering directory '/global/u2/r/rsdunlap/esmf-testing/intel_19.0.3_mpi_O_develop/src/Infrastructure/DELayout/src'
make[6]: Leaving directory '/global/u2/r/rsdunlap/esmf-testing/intel_19.0.3_mpi_O_develop/src/Infrastructure/DELayout/src'
tree_include in: /global/u2/r/rsdunlap/esmf-testing/intel_19.0.3_mpi_O_develop/src/Infrastructure/DELayout/interface
make[6]: Entering directory '/global/u2/r/rsdunlap/esmf-testing/intel_19.0.3_mpi_O_develop/src/Infrastructure/DELayout/interface'
make[6]: Leaving directory '/global/u2/r/rsdunlap/esmf-testing/intel_19.0.3_mpi_O_develop/src/Infrastructure/DELayout/interface'
tree_include in: /global/u2/r/rsdunlap/esmf-testing/intel_19.0.3_mpi_O_develop/src/Infrastructure/DELayout/tests
make[6]: Entering directory '/global/u2/r/rsdunlap/esmf-testing/intel_19.0.3_mpi_O_develop/src/Infrastructure/DELayout/tests'
make[6]: Leaving directory '/global/u2/r/rsdunlap/esmf-testing/intel_19.0.3_mpi_O_develop/src/Infrastructure/DELayout/tests'
tree_include in: /global/u2/r/rsdunlap/esmf-testing/intel_19.0.3_mpi_O_develop/src/Infrastructure/DELayout/examples
make[6]: Entering directory '/global/u2/r/rsdunlap/esmf-testing/intel_19.0.3_mpi_O_develop/src/Infrastructure/DELayout/examples'
make[6]: Leaving directory '/global/u2/r/rsdunlap/esmf-testing/intel_19.0.3_mpi_O_develop/src/Infrastructure/DELayout/examples'
tree_include in: /global/u2/r/rsdunlap/esmf-testing/intel_19.0.3_mpi_O_develop/src/Infrastructure/DELayout/doc
make[6]: Entering directory '/global/u2/r/rsdunlap/esmf-testing/intel_19.0.3_mpi_O_develop/src/Infrastructure/DELayout/doc'
make[6]: Leaving directory '/global/u2/r/rsdunlap/esmf-testing/intel_19.0.3_mpi_O_develop/src/Infrastructure/DELayout/doc'
make[5]: Leaving directory '/global/u2/r/rsdunlap/esmf-testing/intel_19.0.3_mpi_O_develop/src/Infrastructure/DELayout'
tree_include in: /global/u2/r/rsdunlap/esmf-testing/intel_19.0.3_mpi_O_develop/src/Infrastructure/Config
make[5]: Entering directory '/global/u2/r/rsdunlap/esmf-testing/intel_19.0.3_mpi_O_develop/src/Infrastructure/Config'
tree_include in: /global/u2/r/rsdunlap/esmf-testing/intel_19.0.3_mpi_O_develop/src/Infrastructure/Config/src
make[6]: Entering directory '/global/u2/r/rsdunlap/esmf-testing/intel_19.0.3_mpi_O_develop/src/Infrastructure/Config/src'
make[6]: Leaving directory '/global/u2/r/rsdunlap/esmf-testing/intel_19.0.3_mpi_O_develop/src/Infrastructure/Config/src'
tree_include in: /global/u2/r/rsdunlap/esmf-testing/intel_19.0.3_mpi_O_develop/src/Infrastructure/Config/interface
make[6]: Entering directory '/global/u2/r/rsdunlap/esmf-testing/intel_19.0.3_mpi_O_develop/src/Infrastructure/Config/interface'
make[6]: Leaving directory '/global/u2/r/rsdunlap/esmf-testing/intel_19.0.3_mpi_O_develop/src/Infrastructure/Config/interface'
tree_include in: /global/u2/r/rsdunlap/esmf-testing/intel_19.0.3_mpi_O_develop/src/Infrastructure/Config/examples
make[6]: Entering directory '/global/u2/r/rsdunlap/esmf-testing/intel_19.0.3_mpi_O_develop/src/Infrastructure/Config/examples'
make[6]: Leaving directory '/global/u2/r/rsdunlap/esmf-testing/intel_19.0.3_mpi_O_develop/src/Infrastructure/Config/examples'
tree_include in: /global/u2/r/rsdunlap/esmf-testing/intel_19.0.3_mpi_O_develop/src/Infrastructure/Config/doc
make[6]: Entering directory '/global/u2/r/rsdunlap/esmf-testing/intel_19.0.3_mpi_O_develop/src/Infrastructure/Config/doc'
make[6]: Leaving directory '/global/u2/r/rsdunlap/esmf-testing/intel_19.0.3_mpi_O_develop/src/Infrastructure/Config/doc'
tree_include in: /global/u2/r/rsdunlap/esmf-testing/intel_19.0.3_mpi_O_develop/src/Infrastructure/Config/tests
make[6]: Entering directory '/global/u2/r/rsdunlap/esmf-testing/intel_19.0.3_mpi_O_develop/src/Infrastructure/Config/tests'
make[6]: Leaving directory '/global/u2/r/rsdunlap/esmf-testing/intel_19.0.3_mpi_O_develop/src/Infrastructure/Config/tests'
make[5]: Leaving directory '/global/u2/r/rsdunlap/esmf-testing/intel_19.0.3_mpi_O_develop/src/Infrastructure/Config'
tree_include in: /global/u2/r/rsdunlap/esmf-testing/intel_19.0.3_mpi_O_develop/src/Infrastructure/ArraySpec
make[5]: Entering directory '/global/u2/r/rsdunlap/esmf-testing/intel_19.0.3_mpi_O_develop/src/Infrastructure/ArraySpec'
tree_include in: /global/u2/r/rsdunlap/esmf-testing/intel_19.0.3_mpi_O_develop/src/Infrastructure/ArraySpec/src
make[6]: Entering directory '/global/u2/r/rsdunlap/esmf-testing/intel_19.0.3_mpi_O_develop/src/Infrastructure/ArraySpec/src'
make[6]: Leaving directory '/global/u2/r/rsdunlap/esmf-testing/intel_19.0.3_mpi_O_develop/src/Infrastructure/ArraySpec/src'
tree_include in: /global/u2/r/rsdunlap/esmf-testing/intel_19.0.3_mpi_O_develop/src/Infrastructure/ArraySpec/interface
make[6]: Entering directory '/global/u2/r/rsdunlap/esmf-testing/intel_19.0.3_mpi_O_develop/src/Infrastructure/ArraySpec/interface'
make[6]: Leaving directory '/global/u2/r/rsdunlap/esmf-testing/intel_19.0.3_mpi_O_develop/src/Infrastructure/ArraySpec/interface'
tree_include in: /global/u2/r/rsdunlap/esmf-testing/intel_19.0.3_mpi_O_develop/src/Infrastructure/ArraySpec/examples
make[6]: Entering directory '/global/u2/r/rsdunlap/esmf-testing/intel_19.0.3_mpi_O_develop/src/Infrastructure/ArraySpec/examples'
make[6]: Leaving directory '/global/u2/r/rsdunlap/esmf-testing/intel_19.0.3_mpi_O_develop/src/Infrastructure/ArraySpec/examples'
tree_include in: /global/u2/r/rsdunlap/esmf-testing/intel_19.0.3_mpi_O_develop/src/Infrastructure/ArraySpec/tests
make[6]: Entering directory '/global/u2/r/rsdunlap/esmf-testing/intel_19.0.3_mpi_O_develop/src/Infrastructure/ArraySpec/tests'
make[6]: Leaving directory '/global/u2/r/rsdunlap/esmf-testing/intel_19.0.3_mpi_O_develop/src/Infrastructure/ArraySpec/tests'
tree_include in: /global/u2/r/rsdunlap/esmf-testing/intel_19.0.3_mpi_O_develop/src/Infrastructure/ArraySpec/doc
make[6]: Entering directory '/global/u2/r/rsdunlap/esmf-testing/intel_19.0.3_mpi_O_develop/src/Infrastructure/ArraySpec/doc'
make[6]: Leaving directory '/global/u2/r/rsdunlap/esmf-testing/intel_19.0.3_mpi_O_develop/src/Infrastructure/ArraySpec/doc'
make[5]: Leaving directory '/global/u2/r/rsdunlap/esmf-testing/intel_19.0.3_mpi_O_develop/src/Infrastructure/ArraySpec'
tree_include in: /global/u2/r/rsdunlap/esmf-testing/intel_19.0.3_mpi_O_develop/src/Infrastructure/LocalArray
make[5]: Entering directory '/global/u2/r/rsdunlap/esmf-testing/intel_19.0.3_mpi_O_develop/src/Infrastructure/LocalArray'
tree_include in: /global/u2/r/rsdunlap/esmf-testing/intel_19.0.3_mpi_O_develop/src/Infrastructure/LocalArray/src
make[6]: Entering directory '/global/u2/r/rsdunlap/esmf-testing/intel_19.0.3_mpi_O_develop/src/Infrastructure/LocalArray/src'
make[6]: Leaving directory '/global/u2/r/rsdunlap/esmf-testing/intel_19.0.3_mpi_O_develop/src/Infrastructure/LocalArray/src'
tree_include in: /global/u2/r/rsdunlap/esmf-testing/intel_19.0.3_mpi_O_develop/src/Infrastructure/LocalArray/interface
make[6]: Entering directory '/global/u2/r/rsdunlap/esmf-testing/intel_19.0.3_mpi_O_develop/src/Infrastructure/LocalArray/interface'
make[6]: Leaving directory '/global/u2/r/rsdunlap/esmf-testing/intel_19.0.3_mpi_O_develop/src/Infrastructure/LocalArray/interface'
tree_include in: /global/u2/r/rsdunlap/esmf-testing/intel_19.0.3_mpi_O_develop/src/Infrastructure/LocalArray/tests
make[6]: Entering directory '/global/u2/r/rsdunlap/esmf-testing/intel_19.0.3_mpi_O_develop/src/Infrastructure/LocalArray/tests'
make[6]: Leaving directory '/global/u2/r/rsdunlap/esmf-testing/intel_19.0.3_mpi_O_develop/src/Infrastructure/LocalArray/tests'
tree_include in: /global/u2/r/rsdunlap/esmf-testing/intel_19.0.3_mpi_O_develop/src/Infrastructure/LocalArray/doc
make[6]: Entering directory '/global/u2/r/rsdunlap/esmf-testing/intel_19.0.3_mpi_O_develop/src/Infrastructure/LocalArray/doc'
make[6]: Leaving directory '/global/u2/r/rsdunlap/esmf-testing/intel_19.0.3_mpi_O_develop/src/Infrastructure/LocalArray/doc'
make[5]: Leaving directory '/global/u2/r/rsdunlap/esmf-testing/intel_19.0.3_mpi_O_develop/src/Infrastructure/LocalArray'
tree_include in: /global/u2/r/rsdunlap/esmf-testing/intel_19.0.3_mpi_O_develop/src/Infrastructure/Route
make[5]: Entering directory '/global/u2/r/rsdunlap/esmf-testing/intel_19.0.3_mpi_O_develop/src/Infrastructure/Route'
tree_include in: /global/u2/r/rsdunlap/esmf-testing/intel_19.0.3_mpi_O_develop/src/Infrastructure/Route/src
make[6]: Entering directory '/global/u2/r/rsdunlap/esmf-testing/intel_19.0.3_mpi_O_develop/src/Infrastructure/Route/src'
make[6]: Leaving directory '/global/u2/r/rsdunlap/esmf-testing/intel_19.0.3_mpi_O_develop/src/Infrastructure/Route/src'
tree_include in: /global/u2/r/rsdunlap/esmf-testing/intel_19.0.3_mpi_O_develop/src/Infrastructure/Route/interface
make[6]: Entering directory '/global/u2/r/rsdunlap/esmf-testing/intel_19.0.3_mpi_O_develop/src/Infrastructure/Route/interface'
make[6]: Leaving directory '/global/u2/r/rsdunlap/esmf-testing/intel_19.0.3_mpi_O_develop/src/Infrastructure/Route/interface'
tree_include in: /global/u2/r/rsdunlap/esmf-testing/intel_19.0.3_mpi_O_develop/src/Infrastructure/Route/tests
make[6]: Entering directory '/global/u2/r/rsdunlap/esmf-testing/intel_19.0.3_mpi_O_develop/src/Infrastructure/Route/tests'
make[6]: Leaving directory '/global/u2/r/rsdunlap/esmf-testing/intel_19.0.3_mpi_O_develop/src/Infrastructure/Route/tests'
tree_include in: /global/u2/r/rsdunlap/esmf-testing/intel_19.0.3_mpi_O_develop/src/Infrastructure/Route/examples
make[6]: Entering directory '/global/u2/r/rsdunlap/esmf-testing/intel_19.0.3_mpi_O_develop/src/Infrastructure/Route/examples'
make[6]: Leaving directory '/global/u2/r/rsdunlap/esmf-testing/intel_19.0.3_mpi_O_develop/src/Infrastructure/Route/examples'
tree_include in: /global/u2/r/rsdunlap/esmf-testing/intel_19.0.3_mpi_O_develop/src/Infrastructure/Route/doc
make[6]: Entering directory '/global/u2/r/rsdunlap/esmf-testing/intel_19.0.3_mpi_O_develop/src/Infrastructure/Route/doc'
make[6]: Leaving directory '/global/u2/r/rsdunlap/esmf-testing/intel_19.0.3_mpi_O_develop/src/Infrastructure/Route/doc'
make[5]: Leaving directory '/global/u2/r/rsdunlap/esmf-testing/intel_19.0.3_mpi_O_develop/src/Infrastructure/Route'
tree_include in: /global/u2/r/rsdunlap/esmf-testing/intel_19.0.3_mpi_O_develop/src/Infrastructure/DistGrid
make[5]: Entering directory '/global/u2/r/rsdunlap/esmf-testing/intel_19.0.3_mpi_O_develop/src/Infrastructure/DistGrid'
tree_include in: /global/u2/r/rsdunlap/esmf-testing/intel_19.0.3_mpi_O_develop/src/Infrastructure/DistGrid/src
make[6]: Entering directory '/global/u2/r/rsdunlap/esmf-testing/intel_19.0.3_mpi_O_develop/src/Infrastructure/DistGrid/src'
make[6]: Leaving directory '/global/u2/r/rsdunlap/esmf-testing/intel_19.0.3_mpi_O_develop/src/Infrastructure/DistGrid/src'
tree_include in: /global/u2/r/rsdunlap/esmf-testing/intel_19.0.3_mpi_O_develop/src/Infrastructure/DistGrid/interface
make[6]: Entering directory '/global/u2/r/rsdunlap/esmf-testing/intel_19.0.3_mpi_O_develop/src/Infrastructure/DistGrid/interface'
make[6]: Leaving directory '/global/u2/r/rsdunlap/esmf-testing/intel_19.0.3_mpi_O_develop/src/Infrastructure/DistGrid/interface'
tree_include in: /global/u2/r/rsdunlap/esmf-testing/intel_19.0.3_mpi_O_develop/src/Infrastructure/DistGrid/tests
make[6]: Entering directory '/global/u2/r/rsdunlap/esmf-testing/intel_19.0.3_mpi_O_develop/src/Infrastructure/DistGrid/tests'
make[6]: Leaving directory '/global/u2/r/rsdunlap/esmf-testing/intel_19.0.3_mpi_O_develop/src/Infrastructure/DistGrid/tests'
tree_include in: /global/u2/r/rsdunlap/esmf-testing/intel_19.0.3_mpi_O_develop/src/Infrastructure/DistGrid/examples
make[6]: Entering directory '/global/u2/r/rsdunlap/esmf-testing/intel_19.0.3_mpi_O_develop/src/Infrastructure/DistGrid/examples'
make[6]: Leaving directory '/global/u2/r/rsdunlap/esmf-testing/intel_19.0.3_mpi_O_develop/src/Infrastructure/DistGrid/examples'
tree_include in: /global/u2/r/rsdunlap/esmf-testing/intel_19.0.3_mpi_O_develop/src/Infrastructure/DistGrid/doc
make[6]: Entering directory '/global/u2/r/rsdunlap/esmf-testing/intel_19.0.3_mpi_O_develop/src/Infrastructure/DistGrid/doc'
make[6]: Leaving directory '/global/u2/r/rsdunlap/esmf-testing/intel_19.0.3_mpi_O_develop/src/Infrastructure/DistGrid/doc'
make[5]: Leaving directory '/global/u2/r/rsdunlap/esmf-testing/intel_19.0.3_mpi_O_develop/src/Infrastructure/DistGrid'
tree_include in: /global/u2/r/rsdunlap/esmf-testing/intel_19.0.3_mpi_O_develop/src/Infrastructure/Array
make[5]: Entering directory '/global/u2/r/rsdunlap/esmf-testing/intel_19.0.3_mpi_O_develop/src/Infrastructure/Array'
tree_include in: /global/u2/r/rsdunlap/esmf-testing/intel_19.0.3_mpi_O_develop/src/Infrastructure/Array/src
make[6]: Entering directory '/global/u2/r/rsdunlap/esmf-testing/intel_19.0.3_mpi_O_develop/src/Infrastructure/Array/src'
make[6]: Leaving directory '/global/u2/r/rsdunlap/esmf-testing/intel_19.0.3_mpi_O_develop/src/Infrastructure/Array/src'
tree_include in: /global/u2/r/rsdunlap/esmf-testing/intel_19.0.3_mpi_O_develop/src/Infrastructure/Array/interface
make[6]: Entering directory '/global/u2/r/rsdunlap/esmf-testing/intel_19.0.3_mpi_O_develop/src/Infrastructure/Array/interface'
make[6]: Leaving directory '/global/u2/r/rsdunlap/esmf-testing/intel_19.0.3_mpi_O_develop/src/Infrastructure/Array/interface'
tree_include in: /global/u2/r/rsdunlap/esmf-testing/intel_19.0.3_mpi_O_develop/src/Infrastructure/Array/tests
make[6]: Entering directory '/global/u2/r/rsdunlap/esmf-testing/intel_19.0.3_mpi_O_develop/src/Infrastructure/Array/tests'
make[6]: Leaving directory '/global/u2/r/rsdunlap/esmf-testing/intel_19.0.3_mpi_O_develop/src/Infrastructure/Array/tests'
tree_include in: /global/u2/r/rsdunlap/esmf-testing/intel_19.0.3_mpi_O_develop/src/Infrastructure/Array/examples
make[6]: Entering directory '/global/u2/r/rsdunlap/esmf-testing/intel_19.0.3_mpi_O_develop/src/Infrastructure/Array/examples'
make[6]: Leaving directory '/global/u2/r/rsdunlap/esmf-testing/intel_19.0.3_mpi_O_develop/src/Infrastructure/Array/examples'
tree_include in: /global/u2/r/rsdunlap/esmf-testing/intel_19.0.3_mpi_O_develop/src/Infrastructure/Array/doc
make[6]: Entering directory '/global/u2/r/rsdunlap/esmf-testing/intel_19.0.3_mpi_O_develop/src/Infrastructure/Array/doc'
make[6]: Leaving directory '/global/u2/r/rsdunlap/esmf-testing/intel_19.0.3_mpi_O_develop/src/Infrastructure/Array/doc'
make[5]: Leaving directory '/global/u2/r/rsdunlap/esmf-testing/intel_19.0.3_mpi_O_develop/src/Infrastructure/Array'
tree_include in: /global/u2/r/rsdunlap/esmf-testing/intel_19.0.3_mpi_O_develop/src/Infrastructure/ArrayBundle
make[5]: Entering directory '/global/u2/r/rsdunlap/esmf-testing/intel_19.0.3_mpi_O_develop/src/Infrastructure/ArrayBundle'
tree_include in: /global/u2/r/rsdunlap/esmf-testing/intel_19.0.3_mpi_O_develop/src/Infrastructure/ArrayBundle/src
make[6]: Entering directory '/global/u2/r/rsdunlap/esmf-testing/intel_19.0.3_mpi_O_develop/src/Infrastructure/ArrayBundle/src'
make[6]: Leaving directory '/global/u2/r/rsdunlap/esmf-testing/intel_19.0.3_mpi_O_develop/src/Infrastructure/ArrayBundle/src'
tree_include in: /global/u2/r/rsdunlap/esmf-testing/intel_19.0.3_mpi_O_develop/src/Infrastructure/ArrayBundle/interface
make[6]: Entering directory '/global/u2/r/rsdunlap/esmf-testing/intel_19.0.3_mpi_O_develop/src/Infrastructure/ArrayBundle/interface'
make[6]: Leaving directory '/global/u2/r/rsdunlap/esmf-testing/intel_19.0.3_mpi_O_develop/src/Infrastructure/ArrayBundle/interface'
tree_include in: /global/u2/r/rsdunlap/esmf-testing/intel_19.0.3_mpi_O_develop/src/Infrastructure/ArrayBundle/tests
make[6]: Entering directory '/global/u2/r/rsdunlap/esmf-testing/intel_19.0.3_mpi_O_develop/src/Infrastructure/ArrayBundle/tests'
make[6]: Leaving directory '/global/u2/r/rsdunlap/esmf-testing/intel_19.0.3_mpi_O_develop/src/Infrastructure/ArrayBundle/tests'
tree_include in: /global/u2/r/rsdunlap/esmf-testing/intel_19.0.3_mpi_O_develop/src/Infrastructure/ArrayBundle/examples
make[6]: Entering directory '/global/u2/r/rsdunlap/esmf-testing/intel_19.0.3_mpi_O_develop/src/Infrastructure/ArrayBundle/examples'
make[6]: Leaving directory '/global/u2/r/rsdunlap/esmf-testing/intel_19.0.3_mpi_O_develop/src/Infrastructure/ArrayBundle/examples'
tree_include in: /global/u2/r/rsdunlap/esmf-testing/intel_19.0.3_mpi_O_develop/src/Infrastructure/ArrayBundle/doc
make[6]: Entering directory '/global/u2/r/rsdunlap/esmf-testing/intel_19.0.3_mpi_O_develop/src/Infrastructure/ArrayBundle/doc'
make[6]: Leaving directory '/global/u2/r/rsdunlap/esmf-testing/intel_19.0.3_mpi_O_develop/src/Infrastructure/ArrayBundle/doc'
make[5]: Leaving directory '/global/u2/r/rsdunlap/esmf-testing/intel_19.0.3_mpi_O_develop/src/Infrastructure/ArrayBundle'
tree_include in: /global/u2/r/rsdunlap/esmf-testing/intel_19.0.3_mpi_O_develop/src/Infrastructure/IO
make[5]: Entering directory '/global/u2/r/rsdunlap/esmf-testing/intel_19.0.3_mpi_O_develop/src/Infrastructure/IO'
tree_include in: /global/u2/r/rsdunlap/esmf-testing/intel_19.0.3_mpi_O_develop/src/Infrastructure/IO/PIO
make[6]: Entering directory '/global/u2/r/rsdunlap/esmf-testing/intel_19.0.3_mpi_O_develop/src/Infrastructure/IO/PIO'
make[6]: Leaving directory '/global/u2/r/rsdunlap/esmf-testing/intel_19.0.3_mpi_O_develop/src/Infrastructure/IO/PIO'
tree_include in: /global/u2/r/rsdunlap/esmf-testing/intel_19.0.3_mpi_O_develop/src/Infrastructure/IO/src
make[6]: Entering directory '/global/u2/r/rsdunlap/esmf-testing/intel_19.0.3_mpi_O_develop/src/Infrastructure/IO/src'
make[6]: Leaving directory '/global/u2/r/rsdunlap/esmf-testing/intel_19.0.3_mpi_O_develop/src/Infrastructure/IO/src'
tree_include in: /global/u2/r/rsdunlap/esmf-testing/intel_19.0.3_mpi_O_develop/src/Infrastructure/IO/interface
make[6]: Entering directory '/global/u2/r/rsdunlap/esmf-testing/intel_19.0.3_mpi_O_develop/src/Infrastructure/IO/interface'
make[6]: Leaving directory '/global/u2/r/rsdunlap/esmf-testing/intel_19.0.3_mpi_O_develop/src/Infrastructure/IO/interface'
tree_include in: /global/u2/r/rsdunlap/esmf-testing/intel_19.0.3_mpi_O_develop/src/Infrastructure/IO/tests
make[6]: Entering directory '/global/u2/r/rsdunlap/esmf-testing/intel_19.0.3_mpi_O_develop/src/Infrastructure/IO/tests'
make[6]: Leaving directory '/global/u2/r/rsdunlap/esmf-testing/intel_19.0.3_mpi_O_develop/src/Infrastructure/IO/tests'
tree_include in: /global/u2/r/rsdunlap/esmf-testing/intel_19.0.3_mpi_O_develop/src/Infrastructure/IO/doc
make[6]: Entering directory '/global/u2/r/rsdunlap/esmf-testing/intel_19.0.3_mpi_O_develop/src/Infrastructure/IO/doc'
make[6]: Leaving directory '/global/u2/r/rsdunlap/esmf-testing/intel_19.0.3_mpi_O_develop/src/Infrastructure/IO/doc'
make[5]: Leaving directory '/global/u2/r/rsdunlap/esmf-testing/intel_19.0.3_mpi_O_develop/src/Infrastructure/IO'
tree_include in: /global/u2/r/rsdunlap/esmf-testing/intel_19.0.3_mpi_O_develop/src/Infrastructure/Grid
make[5]: Entering directory '/global/u2/r/rsdunlap/esmf-testing/intel_19.0.3_mpi_O_develop/src/Infrastructure/Grid'
tree_include in: /global/u2/r/rsdunlap/esmf-testing/intel_19.0.3_mpi_O_develop/src/Infrastructure/Grid/doc
make[6]: Entering directory '/global/u2/r/rsdunlap/esmf-testing/intel_19.0.3_mpi_O_develop/src/Infrastructure/Grid/doc'
make[6]: Leaving directory '/global/u2/r/rsdunlap/esmf-testing/intel_19.0.3_mpi_O_develop/src/Infrastructure/Grid/doc'
tree_include in: /global/u2/r/rsdunlap/esmf-testing/intel_19.0.3_mpi_O_develop/src/Infrastructure/Grid/src
make[6]: Entering directory '/global/u2/r/rsdunlap/esmf-testing/intel_19.0.3_mpi_O_develop/src/Infrastructure/Grid/src'
make[6]: Leaving directory '/global/u2/r/rsdunlap/esmf-testing/intel_19.0.3_mpi_O_develop/src/Infrastructure/Grid/src'
tree_include in: /global/u2/r/rsdunlap/esmf-testing/intel_19.0.3_mpi_O_develop/src/Infrastructure/Grid/interface
make[6]: Entering directory '/global/u2/r/rsdunlap/esmf-testing/intel_19.0.3_mpi_O_develop/src/Infrastructure/Grid/interface'
make[6]: Leaving directory '/global/u2/r/rsdunlap/esmf-testing/intel_19.0.3_mpi_O_develop/src/Infrastructure/Grid/interface'
tree_include in: /global/u2/r/rsdunlap/esmf-testing/intel_19.0.3_mpi_O_develop/src/Infrastructure/Grid/tests
make[6]: Entering directory '/global/u2/r/rsdunlap/esmf-testing/intel_19.0.3_mpi_O_develop/src/Infrastructure/Grid/tests'
make[6]: Leaving directory '/global/u2/r/rsdunlap/esmf-testing/intel_19.0.3_mpi_O_develop/src/Infrastructure/Grid/tests'
tree_include in: /global/u2/r/rsdunlap/esmf-testing/intel_19.0.3_mpi_O_develop/src/Infrastructure/Grid/examples
make[6]: Entering directory '/global/u2/r/rsdunlap/esmf-testing/intel_19.0.3_mpi_O_develop/src/Infrastructure/Grid/examples'
make[6]: Leaving directory '/global/u2/r/rsdunlap/esmf-testing/intel_19.0.3_mpi_O_develop/src/Infrastructure/Grid/examples'
make[5]: Leaving directory '/global/u2/r/rsdunlap/esmf-testing/intel_19.0.3_mpi_O_develop/src/Infrastructure/Grid'
tree_include in: /global/u2/r/rsdunlap/esmf-testing/intel_19.0.3_mpi_O_develop/src/Infrastructure/Mesh
make[5]: Entering directory '/global/u2/r/rsdunlap/esmf-testing/intel_19.0.3_mpi_O_develop/src/Infrastructure/Mesh'
tree_include in: /global/u2/r/rsdunlap/esmf-testing/intel_19.0.3_mpi_O_develop/src/Infrastructure/Mesh/src
make[6]: Entering directory '/global/u2/r/rsdunlap/esmf-testing/intel_19.0.3_mpi_O_develop/src/Infrastructure/Mesh/src'
tree_include in: /global/u2/r/rsdunlap/esmf-testing/intel_19.0.3_mpi_O_develop/src/Infrastructure/Mesh/src/Legacy
make[7]: Entering directory '/global/u2/r/rsdunlap/esmf-testing/intel_19.0.3_mpi_O_develop/src/Infrastructure/Mesh/src/Legacy'
make[7]: Leaving directory '/global/u2/r/rsdunlap/esmf-testing/intel_19.0.3_mpi_O_develop/src/Infrastructure/Mesh/src/Legacy'
tree_include in: /global/u2/r/rsdunlap/esmf-testing/intel_19.0.3_mpi_O_develop/src/Infrastructure/Mesh/src/Regridding
make[7]: Entering directory '/global/u2/r/rsdunlap/esmf-testing/intel_19.0.3_mpi_O_develop/src/Infrastructure/Mesh/src/Regridding'
make[7]: Leaving directory '/global/u2/r/rsdunlap/esmf-testing/intel_19.0.3_mpi_O_develop/src/Infrastructure/Mesh/src/Regridding'
tree_include in: /global/u2/r/rsdunlap/esmf-testing/intel_19.0.3_mpi_O_develop/src/Infrastructure/Mesh/src/Zoltan
make[7]: Entering directory '/global/u2/r/rsdunlap/esmf-testing/intel_19.0.3_mpi_O_develop/src/Infrastructure/Mesh/src/Zoltan'
make[7]: Leaving directory '/global/u2/r/rsdunlap/esmf-testing/intel_19.0.3_mpi_O_develop/src/Infrastructure/Mesh/src/Zoltan'
tree_include in: /global/u2/r/rsdunlap/esmf-testing/intel_19.0.3_mpi_O_develop/src/Infrastructure/Mesh/src/Lapack
make[7]: Entering directory '/global/u2/r/rsdunlap/esmf-testing/intel_19.0.3_mpi_O_develop/src/Infrastructure/Mesh/src/Lapack'
make[7]: Leaving directory '/global/u2/r/rsdunlap/esmf-testing/intel_19.0.3_mpi_O_develop/src/Infrastructure/Mesh/src/Lapack'
tree_include in: /global/u2/r/rsdunlap/esmf-testing/intel_19.0.3_mpi_O_develop/src/Infrastructure/Mesh/src/BLAS
make[7]: Entering directory '/global/u2/r/rsdunlap/esmf-testing/intel_19.0.3_mpi_O_develop/src/Infrastructure/Mesh/src/BLAS'
make[7]: Leaving directory '/global/u2/r/rsdunlap/esmf-testing/intel_19.0.3_mpi_O_develop/src/Infrastructure/Mesh/src/BLAS'
tree_include in: /global/u2/r/rsdunlap/esmf-testing/intel_19.0.3_mpi_O_develop/src/Infrastructure/Mesh/src/Moab
make[7]: Entering directory '/global/u2/r/rsdunlap/esmf-testing/intel_19.0.3_mpi_O_develop/src/Infrastructure/Mesh/src/Moab'
tree_include in: /global/u2/r/rsdunlap/esmf-testing/intel_19.0.3_mpi_O_develop/src/Infrastructure/Mesh/src/Moab/DiscreteGeometry
make[8]: Entering directory '/global/u2/r/rsdunlap/esmf-testing/intel_19.0.3_mpi_O_develop/src/Infrastructure/Mesh/src/Moab/DiscreteGeometry'
make[8]: Leaving directory '/global/u2/r/rsdunlap/esmf-testing/intel_19.0.3_mpi_O_develop/src/Infrastructure/Mesh/src/Moab/DiscreteGeometry'
tree_include in: /global/u2/r/rsdunlap/esmf-testing/intel_19.0.3_mpi_O_develop/src/Infrastructure/Mesh/src/Moab/IntxMesh
make[8]: Entering directory '/global/u2/r/rsdunlap/esmf-testing/intel_19.0.3_mpi_O_develop/src/Infrastructure/Mesh/src/Moab/IntxMesh'
make[8]: Leaving directory '/global/u2/r/rsdunlap/esmf-testing/intel_19.0.3_mpi_O_develop/src/Infrastructure/Mesh/src/Moab/IntxMesh'
tree_include in: /global/u2/r/rsdunlap/esmf-testing/intel_19.0.3_mpi_O_develop/src/Infrastructure/Mesh/src/Moab/io
make[8]: Entering directory '/global/u2/r/rsdunlap/esmf-testing/intel_19.0.3_mpi_O_develop/src/Infrastructure/Mesh/src/Moab/io'
make[8]: Leaving directory '/global/u2/r/rsdunlap/esmf-testing/intel_19.0.3_mpi_O_develop/src/Infrastructure/Mesh/src/Moab/io'
tree_include in: /global/u2/r/rsdunlap/esmf-testing/intel_19.0.3_mpi_O_develop/src/Infrastructure/Mesh/src/Moab/LocalDiscretization
make[8]: Entering directory '/global/u2/r/rsdunlap/esmf-testing/intel_19.0.3_mpi_O_develop/src/Infrastructure/Mesh/src/Moab/LocalDiscretization'
make[8]: Leaving directory '/global/u2/r/rsdunlap/esmf-testing/intel_19.0.3_mpi_O_develop/src/Infrastructure/Mesh/src/Moab/LocalDiscretization'
tree_include in: /global/u2/r/rsdunlap/esmf-testing/intel_19.0.3_mpi_O_develop/src/Infrastructure/Mesh/src/Moab/parallel
make[8]: Entering directory '/global/u2/r/rsdunlap/esmf-testing/intel_19.0.3_mpi_O_develop/src/Infrastructure/Mesh/src/Moab/parallel'
make[8]: Leaving directory '/global/u2/r/rsdunlap/esmf-testing/intel_19.0.3_mpi_O_develop/src/Infrastructure/Mesh/src/Moab/parallel'
tree_include in: /global/u2/r/rsdunlap/esmf-testing/intel_19.0.3_mpi_O_develop/src/Infrastructure/Mesh/src/Moab/verdict
make[8]: Entering directory '/global/u2/r/rsdunlap/esmf-testing/intel_19.0.3_mpi_O_develop/src/Infrastructure/Mesh/src/Moab/verdict'
make[8]: Leaving directory '/global/u2/r/rsdunlap/esmf-testing/intel_19.0.3_mpi_O_develop/src/Infrastructure/Mesh/src/Moab/verdict'
make[7]: Leaving directory '/global/u2/r/rsdunlap/esmf-testing/intel_19.0.3_mpi_O_develop/src/Infrastructure/Mesh/src/Moab'
make[6]: Leaving directory '/global/u2/r/rsdunlap/esmf-testing/intel_19.0.3_mpi_O_develop/src/Infrastructure/Mesh/src'
tree_include in: /global/u2/r/rsdunlap/esmf-testing/intel_19.0.3_mpi_O_develop/src/Infrastructure/Mesh/examples
make[6]: Entering directory '/global/u2/r/rsdunlap/esmf-testing/intel_19.0.3_mpi_O_develop/src/Infrastructure/Mesh/examples'
make[6]: Leaving directory '/global/u2/r/rsdunlap/esmf-testing/intel_19.0.3_mpi_O_develop/src/Infrastructure/Mesh/examples'
tree_include in: /global/u2/r/rsdunlap/esmf-testing/intel_19.0.3_mpi_O_develop/src/Infrastructure/Mesh/interface
make[6]: Entering directory '/global/u2/r/rsdunlap/esmf-testing/intel_19.0.3_mpi_O_develop/src/Infrastructure/Mesh/interface'
make[6]: Leaving directory '/global/u2/r/rsdunlap/esmf-testing/intel_19.0.3_mpi_O_develop/src/Infrastructure/Mesh/interface'
tree_include in: /global/u2/r/rsdunlap/esmf-testing/intel_19.0.3_mpi_O_develop/src/Infrastructure/Mesh/doc
make[6]: Entering directory '/global/u2/r/rsdunlap/esmf-testing/intel_19.0.3_mpi_O_develop/src/Infrastructure/Mesh/doc'
make[6]: Leaving directory '/global/u2/r/rsdunlap/esmf-testing/intel_19.0.3_mpi_O_develop/src/Infrastructure/Mesh/doc'
tree_include in: /global/u2/r/rsdunlap/esmf-testing/intel_19.0.3_mpi_O_develop/src/Infrastructure/Mesh/tests
make[6]: Entering directory '/global/u2/r/rsdunlap/esmf-testing/intel_19.0.3_mpi_O_develop/src/Infrastructure/Mesh/tests'
make[6]: Leaving directory '/global/u2/r/rsdunlap/esmf-testing/intel_19.0.3_mpi_O_develop/src/Infrastructure/Mesh/tests'
make[5]: Leaving directory '/global/u2/r/rsdunlap/esmf-testing/intel_19.0.3_mpi_O_develop/src/Infrastructure/Mesh'
tree_include in: /global/u2/r/rsdunlap/esmf-testing/intel_19.0.3_mpi_O_develop/src/Infrastructure/XGridGeomBase
make[5]: Entering directory '/global/u2/r/rsdunlap/esmf-testing/intel_19.0.3_mpi_O_develop/src/Infrastructure/XGridGeomBase'
tree_include in: /global/u2/r/rsdunlap/esmf-testing/intel_19.0.3_mpi_O_develop/src/Infrastructure/XGridGeomBase/src
make[6]: Entering directory '/global/u2/r/rsdunlap/esmf-testing/intel_19.0.3_mpi_O_develop/src/Infrastructure/XGridGeomBase/src'
make[6]: Leaving directory '/global/u2/r/rsdunlap/esmf-testing/intel_19.0.3_mpi_O_develop/src/Infrastructure/XGridGeomBase/src'
tree_include in: /global/u2/r/rsdunlap/esmf-testing/intel_19.0.3_mpi_O_develop/src/Infrastructure/XGridGeomBase/interface
make[6]: Entering directory '/global/u2/r/rsdunlap/esmf-testing/intel_19.0.3_mpi_O_develop/src/Infrastructure/XGridGeomBase/interface'
make[6]: Leaving directory '/global/u2/r/rsdunlap/esmf-testing/intel_19.0.3_mpi_O_develop/src/Infrastructure/XGridGeomBase/interface'
make[5]: Leaving directory '/global/u2/r/rsdunlap/esmf-testing/intel_19.0.3_mpi_O_develop/src/Infrastructure/XGridGeomBase'
tree_include in: /global/u2/r/rsdunlap/esmf-testing/intel_19.0.3_mpi_O_develop/src/Infrastructure/GridUtil
make[5]: Entering directory '/global/u2/r/rsdunlap/esmf-testing/intel_19.0.3_mpi_O_develop/src/Infrastructure/GridUtil'
tree_include in: /global/u2/r/rsdunlap/esmf-testing/intel_19.0.3_mpi_O_develop/src/Infrastructure/GridUtil/src
make[6]: Entering directory '/global/u2/r/rsdunlap/esmf-testing/intel_19.0.3_mpi_O_develop/src/Infrastructure/GridUtil/src'
make[6]: Leaving directory '/global/u2/r/rsdunlap/esmf-testing/intel_19.0.3_mpi_O_develop/src/Infrastructure/GridUtil/src'
tree_include in: /global/u2/r/rsdunlap/esmf-testing/intel_19.0.3_mpi_O_develop/src/Infrastructure/GridUtil/interface
make[6]: Entering directory '/global/u2/r/rsdunlap/esmf-testing/intel_19.0.3_mpi_O_develop/src/Infrastructure/GridUtil/interface'
make[6]: Leaving directory '/global/u2/r/rsdunlap/esmf-testing/intel_19.0.3_mpi_O_develop/src/Infrastructure/GridUtil/interface'
tree_include in: /global/u2/r/rsdunlap/esmf-testing/intel_19.0.3_mpi_O_develop/src/Infrastructure/GridUtil/tests
make[6]: Entering directory '/global/u2/r/rsdunlap/esmf-testing/intel_19.0.3_mpi_O_develop/src/Infrastructure/GridUtil/tests'
make[6]: Leaving directory '/global/u2/r/rsdunlap/esmf-testing/intel_19.0.3_mpi_O_develop/src/Infrastructure/GridUtil/tests'
make[5]: Leaving directory '/global/u2/r/rsdunlap/esmf-testing/intel_19.0.3_mpi_O_develop/src/Infrastructure/GridUtil'
tree_include in: /global/u2/r/rsdunlap/esmf-testing/intel_19.0.3_mpi_O_develop/src/Infrastructure/LocStream
make[5]: Entering directory '/global/u2/r/rsdunlap/esmf-testing/intel_19.0.3_mpi_O_develop/src/Infrastructure/LocStream'
tree_include in: /global/u2/r/rsdunlap/esmf-testing/intel_19.0.3_mpi_O_develop/src/Infrastructure/LocStream/doc
make[6]: Entering directory '/global/u2/r/rsdunlap/esmf-testing/intel_19.0.3_mpi_O_develop/src/Infrastructure/LocStream/doc'
make[6]: Leaving directory '/global/u2/r/rsdunlap/esmf-testing/intel_19.0.3_mpi_O_develop/src/Infrastructure/LocStream/doc'
tree_include in: /global/u2/r/rsdunlap/esmf-testing/intel_19.0.3_mpi_O_develop/src/Infrastructure/LocStream/src
make[6]: Entering directory '/global/u2/r/rsdunlap/esmf-testing/intel_19.0.3_mpi_O_develop/src/Infrastructure/LocStream/src'
make[6]: Leaving directory '/global/u2/r/rsdunlap/esmf-testing/intel_19.0.3_mpi_O_develop/src/Infrastructure/LocStream/src'
tree_include in: /global/u2/r/rsdunlap/esmf-testing/intel_19.0.3_mpi_O_develop/src/Infrastructure/LocStream/interface
make[6]: Entering directory '/global/u2/r/rsdunlap/esmf-testing/intel_19.0.3_mpi_O_develop/src/Infrastructure/LocStream/interface'
make[6]: Leaving directory '/global/u2/r/rsdunlap/esmf-testing/intel_19.0.3_mpi_O_develop/src/Infrastructure/LocStream/interface'
tree_include in: /global/u2/r/rsdunlap/esmf-testing/intel_19.0.3_mpi_O_develop/src/Infrastructure/LocStream/tests
make[6]: Entering directory '/global/u2/r/rsdunlap/esmf-testing/intel_19.0.3_mpi_O_develop/src/Infrastructure/LocStream/tests'
