build time -- 2021-12-13 02:29:10
20211213 052028.931 INFO             PET0 !!!!!!!!!!!!!!!!!!!!!!!!!!!!!!!!!!!!!!!!!!!!!!!!!!!!!!
20211213 052028.931 INFO             PET0 !!! THE ESMF_LOG IS SET TO OUTPUT ALL LOG MESSAGES !!!
20211213 052028.931 INFO             PET0 !!!     THIS MAY CAUSE SLOWDOWN IN PERFORMANCE     !!!
20211213 052028.931 INFO             PET0 !!! FOR PRODUCTION RUNS, USE:                      !!!
20211213 052028.931 INFO             PET0 !!!                   ESMF_LOGKIND_Multi_On_Error  !!!
20211213 052028.931 INFO             PET0 !!!!!!!!!!!!!!!!!!!!!!!!!!!!!!!!!!!!!!!!!!!!!!!!!!!!!!
20211213 052028.931 INFO             PET0 Running with ESMF Version   : ESMF_8_3_0_beta_snapshot_04-8-g60a38ef
20211213 052028.931 INFO             PET0 ESMF library build date/time: "Dec 13 2021" "02:27:39"
20211213 052028.931 INFO             PET0 ESMF library build location : /work/noaa/da/mpotts/sandbox/intel_2020_intelmpi_g_develop
20211213 052028.931 INFO             PET0 ESMF_COMM                   : intelmpi
20211213 052028.932 INFO             PET0 ESMF_MOAB                   : enabled
20211213 052028.932 INFO             PET0 ESMF_LAPACK                 : enabled
20211213 052028.932 INFO             PET0 ESMF_NETCDF                 : enabled
20211213 052028.932 INFO             PET0 ESMF_PNETCDF                : disabled
20211213 052028.932 INFO             PET0 ESMF_PIO                    : enabled
20211213 052028.932 INFO             PET0 ESMF_YAMLCPP                : enabled
20211213 052028.933 INFO             PET0  NUMBER_OF_PROCESSORS           1
20211213 052028.933 INFO             PET0  PASS  Example ESMF_ClockEx, ESMF_ClockEx.F90, line 220
20211213 052028.933 INFO             PET0 Finalizing ESMF
