build time -- 2021-11-23 02:31:06
20211123 052433.714 INFO             PET0 !!!!!!!!!!!!!!!!!!!!!!!!!!!!!!!!!!!!!!!!!!!!!!!!!!!!!!
20211123 052433.714 INFO             PET0 !!! THE ESMF_LOG IS SET TO OUTPUT ALL LOG MESSAGES !!!
20211123 052433.714 INFO             PET0 !!!     THIS MAY CAUSE SLOWDOWN IN PERFORMANCE     !!!
20211123 052433.714 INFO             PET0 !!! FOR PRODUCTION RUNS, USE:                      !!!
20211123 052433.714 INFO             PET0 !!!                   ESMF_LOGKIND_Multi_On_Error  !!!
20211123 052433.714 INFO             PET0 !!!!!!!!!!!!!!!!!!!!!!!!!!!!!!!!!!!!!!!!!!!!!!!!!!!!!!
20211123 052433.714 INFO             PET0 Running with ESMF Version   : ESMF_8_3_0_beta_snapshot_03
20211123 052433.714 INFO             PET0 ESMF library build date/time: "Nov 23 2021" "02:28:54"
20211123 052433.714 INFO             PET0 ESMF library build location : /work/noaa/da/mpotts/sandbox/intel_2020_intelmpi_g_develop
20211123 052433.714 INFO             PET0 ESMF_COMM                   : intelmpi
20211123 052433.715 INFO             PET0 ESMF_MOAB                   : enabled
20211123 052433.715 INFO             PET0 ESMF_LAPACK                 : enabled
20211123 052433.715 INFO             PET0 ESMF_NETCDF                 : enabled
20211123 052433.715 INFO             PET0 ESMF_PNETCDF                : disabled
20211123 052433.715 INFO             PET0 ESMF_PIO                    : enabled
20211123 052433.715 INFO             PET0 ESMF_YAMLCPP                : enabled
20211123 052449.645 INFO             PET0  NUMBER_OF_PROCESSORS           4
20211123 052449.645 INFO             PET0  PASS  Example ESMF_FieldSMMEx, ESMF_FieldSMMEx.F90, line 419
20211123 052449.645 INFO             PET0 Finalizing ESMF
20211123 052433.724 INFO             PET1 !!!!!!!!!!!!!!!!!!!!!!!!!!!!!!!!!!!!!!!!!!!!!!!!!!!!!!
20211123 052433.724 INFO             PET1 !!! THE ESMF_LOG IS SET TO OUTPUT ALL LOG MESSAGES !!!
20211123 052433.724 INFO             PET1 !!!     THIS MAY CAUSE SLOWDOWN IN PERFORMANCE     !!!
20211123 052433.724 INFO             PET1 !!! FOR PRODUCTION RUNS, USE:                      !!!
20211123 052433.724 INFO             PET1 !!!                   ESMF_LOGKIND_Multi_On_Error  !!!
20211123 052433.724 INFO             PET1 !!!!!!!!!!!!!!!!!!!!!!!!!!!!!!!!!!!!!!!!!!!!!!!!!!!!!!
20211123 052433.724 INFO             PET1 Running with ESMF Version   : ESMF_8_3_0_beta_snapshot_03
20211123 052433.724 INFO             PET1 ESMF library build date/time: "Nov 23 2021" "02:28:54"
20211123 052433.724 INFO             PET1 ESMF library build location : /work/noaa/da/mpotts/sandbox/intel_2020_intelmpi_g_develop
20211123 052433.724 INFO             PET1 ESMF_COMM                   : intelmpi
20211123 052433.738 INFO             PET1 ESMF_MOAB                   : enabled
20211123 052433.738 INFO             PET1 ESMF_LAPACK                 : enabled
20211123 052433.738 INFO             PET1 ESMF_NETCDF                 : enabled
20211123 052433.738 INFO             PET1 ESMF_PNETCDF                : disabled
20211123 052433.738 INFO             PET1 ESMF_PIO                    : enabled
20211123 052433.738 INFO             PET1 ESMF_YAMLCPP                : enabled
20211123 052449.623 INFO             PET1  NUMBER_OF_PROCESSORS           4
20211123 052449.623 INFO             PET1  PASS  Example ESMF_FieldSMMEx, ESMF_FieldSMMEx.F90, line 419
20211123 052449.623 INFO             PET1 Finalizing ESMF
20211123 052433.735 INFO             PET2 !!!!!!!!!!!!!!!!!!!!!!!!!!!!!!!!!!!!!!!!!!!!!!!!!!!!!!
20211123 052433.735 INFO             PET2 !!! THE ESMF_LOG IS SET TO OUTPUT ALL LOG MESSAGES !!!
20211123 052433.735 INFO             PET2 !!!     THIS MAY CAUSE SLOWDOWN IN PERFORMANCE     !!!
20211123 052433.735 INFO             PET2 !!! FOR PRODUCTION RUNS, USE:                      !!!
20211123 052433.735 INFO             PET2 !!!                   ESMF_LOGKIND_Multi_On_Error  !!!
20211123 052433.735 INFO             PET2 !!!!!!!!!!!!!!!!!!!!!!!!!!!!!!!!!!!!!!!!!!!!!!!!!!!!!!
20211123 052433.735 INFO             PET2 Running with ESMF Version   : ESMF_8_3_0_beta_snapshot_03
20211123 052433.735 INFO             PET2 ESMF library build date/time: "Nov 23 2021" "02:28:54"
20211123 052433.735 INFO             PET2 ESMF library build location : /work/noaa/da/mpotts/sandbox/intel_2020_intelmpi_g_develop
20211123 052433.735 INFO             PET2 ESMF_COMM                   : intelmpi
20211123 052433.736 INFO             PET2 ESMF_MOAB                   : enabled
20211123 052433.736 INFO             PET2 ESMF_LAPACK                 : enabled
20211123 052433.736 INFO             PET2 ESMF_NETCDF                 : enabled
20211123 052433.736 INFO             PET2 ESMF_PNETCDF                : disabled
20211123 052433.736 INFO             PET2 ESMF_PIO                    : enabled
20211123 052433.736 INFO             PET2 ESMF_YAMLCPP                : enabled
20211123 052449.659 INFO             PET2  NUMBER_OF_PROCESSORS           4
20211123 052449.659 INFO             PET2  PASS  Example ESMF_FieldSMMEx, ESMF_FieldSMMEx.F90, line 419
20211123 052449.659 INFO             PET2 Finalizing ESMF
20211123 052433.725 INFO             PET3 !!!!!!!!!!!!!!!!!!!!!!!!!!!!!!!!!!!!!!!!!!!!!!!!!!!!!!
20211123 052433.725 INFO             PET3 !!! THE ESMF_LOG IS SET TO OUTPUT ALL LOG MESSAGES !!!
20211123 052433.725 INFO             PET3 !!!     THIS MAY CAUSE SLOWDOWN IN PERFORMANCE     !!!
20211123 052433.725 INFO             PET3 !!! FOR PRODUCTION RUNS, USE:                      !!!
20211123 052433.725 INFO             PET3 !!!                   ESMF_LOGKIND_Multi_On_Error  !!!
20211123 052433.725 INFO             PET3 !!!!!!!!!!!!!!!!!!!!!!!!!!!!!!!!!!!!!!!!!!!!!!!!!!!!!!
20211123 052433.725 INFO             PET3 Running with ESMF Version   : ESMF_8_3_0_beta_snapshot_03
20211123 052433.725 INFO             PET3 ESMF library build date/time: "Nov 23 2021" "02:28:54"
20211123 052433.725 INFO             PET3 ESMF library build location : /work/noaa/da/mpotts/sandbox/intel_2020_intelmpi_g_develop
20211123 052433.725 INFO             PET3 ESMF_COMM                   : intelmpi
20211123 052433.726 INFO             PET3 ESMF_MOAB                   : enabled
20211123 052433.726 INFO             PET3 ESMF_LAPACK                 : enabled
20211123 052433.726 INFO             PET3 ESMF_NETCDF                 : enabled
20211123 052433.726 INFO             PET3 ESMF_PNETCDF                : disabled
20211123 052433.726 INFO             PET3 ESMF_PIO                    : enabled
20211123 052433.726 INFO             PET3 ESMF_YAMLCPP                : enabled
20211123 052449.645 INFO             PET3  NUMBER_OF_PROCESSORS           4
20211123 052449.645 INFO             PET3  PASS  Example ESMF_FieldSMMEx, ESMF_FieldSMMEx.F90, line 419
20211123 052449.645 INFO             PET3 Finalizing ESMF
