build time -- 2021-12-19 07:14:57
20211219 212627.418 INFO             PET0 !!!!!!!!!!!!!!!!!!!!!!!!!!!!!!!!!!!!!!!!!!!!!!!!!!!!!!
20211219 212627.418 INFO             PET0 !!! THE ESMF_LOG IS SET TO OUTPUT ALL LOG MESSAGES !!!
20211219 212627.418 INFO             PET0 !!!     THIS MAY CAUSE SLOWDOWN IN PERFORMANCE     !!!
20211219 212627.418 INFO             PET0 !!! FOR PRODUCTION RUNS, USE:                      !!!
20211219 212627.418 INFO             PET0 !!!                   ESMF_LOGKIND_Multi_On_Error  !!!
20211219 212627.418 INFO             PET0 !!!!!!!!!!!!!!!!!!!!!!!!!!!!!!!!!!!!!!!!!!!!!!!!!!!!!!
20211219 212627.418 INFO             PET0 Running with ESMF Version   : ESMF_8_3_0_beta_snapshot_05-1-g3e9d170
20211219 212627.418 INFO             PET0 ESMF library build date/time: "Dec 19 2021" "05:59:54"
20211219 212627.418 INFO             PET0 ESMF library build location : /work/noaa/da/mpotts/sandbox/intel_2020_intelmpi_g_develop
20211219 212627.418 INFO             PET0 ESMF_COMM                   : intelmpi
20211219 212627.419 INFO             PET0 ESMF_MOAB                   : enabled
20211219 212627.419 INFO             PET0 ESMF_LAPACK                 : enabled
20211219 212627.419 INFO             PET0 ESMF_NETCDF                 : enabled
20211219 212627.419 INFO             PET0 ESMF_PNETCDF                : disabled
20211219 212627.419 INFO             PET0 ESMF_PIO                    : enabled
20211219 212627.419 INFO             PET0 ESMF_YAMLCPP                : enabled
20211219 212627.420 INFO             PET0 ESMF Tracing Enabled
20211219 212627.420 INFO             PET0 ESMF Profiling Enabled
20211219 212627.420 INFO             PET0 ESMF Trace/Profile clock: REALTIME
20211219 212627.673 INFO             PET0  NUMBER_OF_PROCESSORS           4
20211219 212627.673 INFO             PET0  PASS  Example ESMF_TraceUserEx, ESMF_TraceUserEx.F90, line 125
20211219 212627.673 INFO             PET0 Finalizing ESMF
20211219 212627.674 INFO             PET0 **************** Region Timings *******************
20211219 212627.674 INFO             PET0 Region              Count  Total (s)   Self (s)    Mean (s)    Min (s)     Max (s)
20211219 212627.674 INFO             PET0   outer_region      1      0.0005      0.0001      0.0005      0.0005      0.0005
20211219 212627.674 INFO             PET0     inner_region_1  10     0.0003      0.0003      0.0000      0.0000      0.0000
20211219 212627.674 INFO             PET0     inner_region_2  10     0.0001      0.0001      0.0000      0.0000      0.0000
20211219 212627.418 INFO             PET1 !!!!!!!!!!!!!!!!!!!!!!!!!!!!!!!!!!!!!!!!!!!!!!!!!!!!!!
20211219 212627.418 INFO             PET1 !!! THE ESMF_LOG IS SET TO OUTPUT ALL LOG MESSAGES !!!
20211219 212627.418 INFO             PET1 !!!     THIS MAY CAUSE SLOWDOWN IN PERFORMANCE     !!!
20211219 212627.418 INFO             PET1 !!! FOR PRODUCTION RUNS, USE:                      !!!
20211219 212627.418 INFO             PET1 !!!                   ESMF_LOGKIND_Multi_On_Error  !!!
20211219 212627.418 INFO             PET1 !!!!!!!!!!!!!!!!!!!!!!!!!!!!!!!!!!!!!!!!!!!!!!!!!!!!!!
20211219 212627.418 INFO             PET1 Running with ESMF Version   : ESMF_8_3_0_beta_snapshot_05-1-g3e9d170
20211219 212627.418 INFO             PET1 ESMF library build date/time: "Dec 19 2021" "05:59:54"
20211219 212627.418 INFO             PET1 ESMF library build location : /work/noaa/da/mpotts/sandbox/intel_2020_intelmpi_g_develop
20211219 212627.418 INFO             PET1 ESMF_COMM                   : intelmpi
20211219 212627.419 INFO             PET1 ESMF_MOAB                   : enabled
20211219 212627.419 INFO             PET1 ESMF_LAPACK                 : enabled
20211219 212627.419 INFO             PET1 ESMF_NETCDF                 : enabled
20211219 212627.419 INFO             PET1 ESMF_PNETCDF                : disabled
20211219 212627.419 INFO             PET1 ESMF_PIO                    : enabled
20211219 212627.419 INFO             PET1 ESMF_YAMLCPP                : enabled
20211219 212627.420 INFO             PET1 ESMF Tracing Enabled
20211219 212627.420 INFO             PET1 ESMF Profiling Enabled
20211219 212627.420 INFO             PET1 ESMF Trace/Profile clock: REALTIME
20211219 212627.673 INFO             PET1  NUMBER_OF_PROCESSORS           4
20211219 212627.675 INFO             PET1  PASS  Example ESMF_TraceUserEx, ESMF_TraceUserEx.F90, line 125
20211219 212627.675 INFO             PET1 Finalizing ESMF
20211219 212627.690 INFO             PET1 **************** Region Timings *******************
20211219 212627.690 INFO             PET1 Region              Count  Total (s)   Self (s)    Mean (s)    Min (s)     Max (s)
20211219 212627.690 INFO             PET1   outer_region      1      0.0005      0.0001      0.0005      0.0005      0.0005
20211219 212627.690 INFO             PET1     inner_region_1  10     0.0003      0.0003      0.0000      0.0000      0.0000
20211219 212627.690 INFO             PET1     inner_region_2  10     0.0001      0.0001      0.0000      0.0000      0.0000
20211219 212627.432 INFO             PET2 !!!!!!!!!!!!!!!!!!!!!!!!!!!!!!!!!!!!!!!!!!!!!!!!!!!!!!
20211219 212627.433 INFO             PET2 !!! THE ESMF_LOG IS SET TO OUTPUT ALL LOG MESSAGES !!!
20211219 212627.433 INFO             PET2 !!!     THIS MAY CAUSE SLOWDOWN IN PERFORMANCE     !!!
20211219 212627.433 INFO             PET2 !!! FOR PRODUCTION RUNS, USE:                      !!!
20211219 212627.433 INFO             PET2 !!!                   ESMF_LOGKIND_Multi_On_Error  !!!
20211219 212627.433 INFO             PET2 !!!!!!!!!!!!!!!!!!!!!!!!!!!!!!!!!!!!!!!!!!!!!!!!!!!!!!
20211219 212627.433 INFO             PET2 Running with ESMF Version   : ESMF_8_3_0_beta_snapshot_05-1-g3e9d170
20211219 212627.433 INFO             PET2 ESMF library build date/time: "Dec 19 2021" "05:59:54"
20211219 212627.433 INFO             PET2 ESMF library build location : /work/noaa/da/mpotts/sandbox/intel_2020_intelmpi_g_develop
20211219 212627.433 INFO             PET2 ESMF_COMM                   : intelmpi
20211219 212627.444 INFO             PET2 ESMF_MOAB                   : enabled
20211219 212627.444 INFO             PET2 ESMF_LAPACK                 : enabled
20211219 212627.444 INFO             PET2 ESMF_NETCDF                 : enabled
20211219 212627.444 INFO             PET2 ESMF_PNETCDF                : disabled
20211219 212627.444 INFO             PET2 ESMF_PIO                    : enabled
20211219 212627.444 INFO             PET2 ESMF_YAMLCPP                : enabled
20211219 212627.444 INFO             PET2 ESMF Tracing Enabled
20211219 212627.444 INFO             PET2 ESMF Profiling Enabled
20211219 212627.444 INFO             PET2 ESMF Trace/Profile clock: REALTIME
20211219 212627.690 INFO             PET2  NUMBER_OF_PROCESSORS           4
20211219 212627.691 INFO             PET2  PASS  Example ESMF_TraceUserEx, ESMF_TraceUserEx.F90, line 125
20211219 212627.691 INFO             PET2 Finalizing ESMF
20211219 212627.691 INFO             PET2 **************** Region Timings *******************
20211219 212627.691 INFO             PET2 Region              Count  Total (s)   Self (s)    Mean (s)    Min (s)     Max (s)
20211219 212627.691 INFO             PET2   outer_region      1      0.0164      0.0161      0.0164      0.0164      0.0164
20211219 212627.691 INFO             PET2     inner_region_1  10     0.0002      0.0002      0.0000      0.0000      0.0000
20211219 212627.691 INFO             PET2     inner_region_2  10     0.0001      0.0001      0.0000      0.0000      0.0000
20211219 212627.472 INFO             PET3 !!!!!!!!!!!!!!!!!!!!!!!!!!!!!!!!!!!!!!!!!!!!!!!!!!!!!!
20211219 212627.473 INFO             PET3 !!! THE ESMF_LOG IS SET TO OUTPUT ALL LOG MESSAGES !!!
20211219 212627.473 INFO             PET3 !!!     THIS MAY CAUSE SLOWDOWN IN PERFORMANCE     !!!
20211219 212627.473 INFO             PET3 !!! FOR PRODUCTION RUNS, USE:                      !!!
20211219 212627.473 INFO             PET3 !!!                   ESMF_LOGKIND_Multi_On_Error  !!!
20211219 212627.473 INFO             PET3 !!!!!!!!!!!!!!!!!!!!!!!!!!!!!!!!!!!!!!!!!!!!!!!!!!!!!!
20211219 212627.473 INFO             PET3 Running with ESMF Version   : ESMF_8_3_0_beta_snapshot_05-1-g3e9d170
20211219 212627.473 INFO             PET3 ESMF library build date/time: "Dec 19 2021" "05:59:54"
20211219 212627.473 INFO             PET3 ESMF library build location : /work/noaa/da/mpotts/sandbox/intel_2020_intelmpi_g_develop
20211219 212627.473 INFO             PET3 ESMF_COMM                   : intelmpi
20211219 212627.601 INFO             PET3 ESMF_MOAB                   : enabled
20211219 212627.601 INFO             PET3 ESMF_LAPACK                 : enabled
20211219 212627.601 INFO             PET3 ESMF_NETCDF                 : enabled
20211219 212627.601 INFO             PET3 ESMF_PNETCDF                : disabled
20211219 212627.601 INFO             PET3 ESMF_PIO                    : enabled
20211219 212627.601 INFO             PET3 ESMF_YAMLCPP                : enabled
20211219 212627.601 INFO             PET3 ESMF Tracing Enabled
20211219 212627.601 INFO             PET3 ESMF Profiling Enabled
20211219 212627.601 INFO             PET3 ESMF Trace/Profile clock: REALTIME
20211219 212627.674 INFO             PET3  NUMBER_OF_PROCESSORS           4
20211219 212627.674 INFO             PET3  PASS  Example ESMF_TraceUserEx, ESMF_TraceUserEx.F90, line 125
20211219 212627.674 INFO             PET3 Finalizing ESMF
20211219 212627.674 INFO             PET3 **************** Region Timings *******************
20211219 212627.674 INFO             PET3 Region              Count  Total (s)   Self (s)    Mean (s)    Min (s)     Max (s)
20211219 212627.674 INFO             PET3   outer_region      1      0.0005      0.0001      0.0005      0.0005      0.0005
20211219 212627.674 INFO             PET3     inner_region_1  10     0.0003      0.0003      0.0000      0.0000      0.0000
20211219 212627.674 INFO             PET3     inner_region_2  10     0.0001      0.0001      0.0000      0.0000      0.0000
