build time -- 2021-11-05 02:31:20
20211105 051651.811 INFO             PET0 !!!!!!!!!!!!!!!!!!!!!!!!!!!!!!!!!!!!!!!!!!!!!!!!!!!!!!
20211105 051651.811 INFO             PET0 !!! THE ESMF_LOG IS SET TO OUTPUT ALL LOG MESSAGES !!!
20211105 051651.811 INFO             PET0 !!!     THIS MAY CAUSE SLOWDOWN IN PERFORMANCE     !!!
20211105 051651.811 INFO             PET0 !!! FOR PRODUCTION RUNS, USE:                      !!!
20211105 051651.811 INFO             PET0 !!!                   ESMF_LOGKIND_Multi_On_Error  !!!
20211105 051651.811 INFO             PET0 !!!!!!!!!!!!!!!!!!!!!!!!!!!!!!!!!!!!!!!!!!!!!!!!!!!!!!
20211105 051651.811 INFO             PET0 Running with ESMF Version   : ESMF_8_3_0_beta_snapshot_02-1-gd594fca
20211105 051651.811 INFO             PET0 ESMF library build date/time: "Nov  5 2021" "02:29:42"
20211105 051651.811 INFO             PET0 ESMF library build location : /work/noaa/da/mpotts/sandbox/intel_2020_intelmpi_g_develop
20211105 051651.811 INFO             PET0 ESMF_COMM                   : intelmpi
20211105 051651.812 INFO             PET0 ESMF_MOAB                   : enabled
20211105 051651.812 INFO             PET0 ESMF_LAPACK                 : enabled
20211105 051651.812 INFO             PET0 ESMF_NETCDF                 : enabled
20211105 051651.812 INFO             PET0 ESMF_PNETCDF                : disabled
20211105 051651.812 INFO             PET0 ESMF_PIO                    : enabled
20211105 051651.812 INFO             PET0 ESMF_YAMLCPP                : enabled
20211105 051659.603 INFO             PET0  NUMBER_OF_PROCESSORS           4
20211105 051659.603 INFO             PET0  PASS  Example ESMF_MeshEx, ESMF_MeshEx.F90, line 1795
20211105 051659.604 INFO             PET0 Finalizing ESMF
20211105 051651.832 INFO             PET1 !!!!!!!!!!!!!!!!!!!!!!!!!!!!!!!!!!!!!!!!!!!!!!!!!!!!!!
20211105 051651.832 INFO             PET1 !!! THE ESMF_LOG IS SET TO OUTPUT ALL LOG MESSAGES !!!
20211105 051651.832 INFO             PET1 !!!     THIS MAY CAUSE SLOWDOWN IN PERFORMANCE     !!!
20211105 051651.832 INFO             PET1 !!! FOR PRODUCTION RUNS, USE:                      !!!
20211105 051651.832 INFO             PET1 !!!                   ESMF_LOGKIND_Multi_On_Error  !!!
20211105 051651.832 INFO             PET1 !!!!!!!!!!!!!!!!!!!!!!!!!!!!!!!!!!!!!!!!!!!!!!!!!!!!!!
20211105 051651.832 INFO             PET1 Running with ESMF Version   : ESMF_8_3_0_beta_snapshot_02-1-gd594fca
20211105 051651.832 INFO             PET1 ESMF library build date/time: "Nov  5 2021" "02:29:42"
20211105 051651.832 INFO             PET1 ESMF library build location : /work/noaa/da/mpotts/sandbox/intel_2020_intelmpi_g_develop
20211105 051651.832 INFO             PET1 ESMF_COMM                   : intelmpi
20211105 051651.833 INFO             PET1 ESMF_MOAB                   : enabled
20211105 051651.833 INFO             PET1 ESMF_LAPACK                 : enabled
20211105 051651.834 INFO             PET1 ESMF_NETCDF                 : enabled
20211105 051651.834 INFO             PET1 ESMF_PNETCDF                : disabled
20211105 051651.834 INFO             PET1 ESMF_PIO                    : enabled
20211105 051651.834 INFO             PET1 ESMF_YAMLCPP                : enabled
20211105 051659.613 INFO             PET1  NUMBER_OF_PROCESSORS           4
20211105 051659.614 INFO             PET1  PASS  Example ESMF_MeshEx, ESMF_MeshEx.F90, line 1795
20211105 051659.614 INFO             PET1 Finalizing ESMF
20211105 051651.831 INFO             PET2 !!!!!!!!!!!!!!!!!!!!!!!!!!!!!!!!!!!!!!!!!!!!!!!!!!!!!!
20211105 051651.831 INFO             PET2 !!! THE ESMF_LOG IS SET TO OUTPUT ALL LOG MESSAGES !!!
20211105 051651.831 INFO             PET2 !!!     THIS MAY CAUSE SLOWDOWN IN PERFORMANCE     !!!
20211105 051651.831 INFO             PET2 !!! FOR PRODUCTION RUNS, USE:                      !!!
20211105 051651.831 INFO             PET2 !!!                   ESMF_LOGKIND_Multi_On_Error  !!!
20211105 051651.831 INFO             PET2 !!!!!!!!!!!!!!!!!!!!!!!!!!!!!!!!!!!!!!!!!!!!!!!!!!!!!!
20211105 051651.831 INFO             PET2 Running with ESMF Version   : ESMF_8_3_0_beta_snapshot_02-1-gd594fca
20211105 051651.831 INFO             PET2 ESMF library build date/time: "Nov  5 2021" "02:29:42"
20211105 051651.832 INFO             PET2 ESMF library build location : /work/noaa/da/mpotts/sandbox/intel_2020_intelmpi_g_develop
20211105 051651.832 INFO             PET2 ESMF_COMM                   : intelmpi
20211105 051651.833 INFO             PET2 ESMF_MOAB                   : enabled
20211105 051651.833 INFO             PET2 ESMF_LAPACK                 : enabled
20211105 051651.833 INFO             PET2 ESMF_NETCDF                 : enabled
20211105 051651.833 INFO             PET2 ESMF_PNETCDF                : disabled
20211105 051651.833 INFO             PET2 ESMF_PIO                    : enabled
20211105 051651.833 INFO             PET2 ESMF_YAMLCPP                : enabled
20211105 051659.617 INFO             PET2  NUMBER_OF_PROCESSORS           4
20211105 051659.629 INFO             PET2  PASS  Example ESMF_MeshEx, ESMF_MeshEx.F90, line 1795
20211105 051659.629 INFO             PET2 Finalizing ESMF
20211105 051651.847 INFO             PET3 !!!!!!!!!!!!!!!!!!!!!!!!!!!!!!!!!!!!!!!!!!!!!!!!!!!!!!
20211105 051651.847 INFO             PET3 !!! THE ESMF_LOG IS SET TO OUTPUT ALL LOG MESSAGES !!!
20211105 051651.847 INFO             PET3 !!!     THIS MAY CAUSE SLOWDOWN IN PERFORMANCE     !!!
20211105 051651.847 INFO             PET3 !!! FOR PRODUCTION RUNS, USE:                      !!!
20211105 051651.847 INFO             PET3 !!!                   ESMF_LOGKIND_Multi_On_Error  !!!
20211105 051651.847 INFO             PET3 !!!!!!!!!!!!!!!!!!!!!!!!!!!!!!!!!!!!!!!!!!!!!!!!!!!!!!
20211105 051651.847 INFO             PET3 Running with ESMF Version   : ESMF_8_3_0_beta_snapshot_02-1-gd594fca
20211105 051651.847 INFO             PET3 ESMF library build date/time: "Nov  5 2021" "02:29:42"
20211105 051651.847 INFO             PET3 ESMF library build location : /work/noaa/da/mpotts/sandbox/intel_2020_intelmpi_g_develop
20211105 051651.847 INFO             PET3 ESMF_COMM                   : intelmpi
20211105 051651.860 INFO             PET3 ESMF_MOAB                   : enabled
20211105 051651.860 INFO             PET3 ESMF_LAPACK                 : enabled
20211105 051651.860 INFO             PET3 ESMF_NETCDF                 : enabled
20211105 051651.860 INFO             PET3 ESMF_PNETCDF                : disabled
20211105 051651.860 INFO             PET3 ESMF_PIO                    : enabled
20211105 051651.860 INFO             PET3 ESMF_YAMLCPP                : enabled
20211105 051659.614 INFO             PET3  NUMBER_OF_PROCESSORS           4
20211105 051659.615 INFO             PET3  PASS  Example ESMF_MeshEx, ESMF_MeshEx.F90, line 1795
20211105 051659.615 INFO             PET3 Finalizing ESMF
