build time -- 2021-11-18 03:25:28
20211118 060831.760 INFO             PET0 !!!!!!!!!!!!!!!!!!!!!!!!!!!!!!!!!!!!!!!!!!!!!!!!!!!!!!
20211118 060831.760 INFO             PET0 !!! THE ESMF_LOG IS SET TO OUTPUT ALL LOG MESSAGES !!!
20211118 060831.760 INFO             PET0 !!!     THIS MAY CAUSE SLOWDOWN IN PERFORMANCE     !!!
20211118 060831.761 INFO             PET0 !!! FOR PRODUCTION RUNS, USE:                      !!!
20211118 060831.761 INFO             PET0 !!!                   ESMF_LOGKIND_Multi_On_Error  !!!
20211118 060831.761 INFO             PET0 !!!!!!!!!!!!!!!!!!!!!!!!!!!!!!!!!!!!!!!!!!!!!!!!!!!!!!
20211118 060831.761 INFO             PET0 Running with ESMF Version   : ESMF_8_3_0_beta_snapshot_02-9-g35b0f61
20211118 060831.761 INFO             PET0 ESMF library build date/time: "Nov 18 2021" "03:23:57"
20211118 060831.761 INFO             PET0 ESMF library build location : /work/noaa/da/mpotts/sandbox/intel_2020_intelmpi_g_develop
20211118 060831.761 INFO             PET0 ESMF_COMM                   : intelmpi
20211118 060831.815 INFO             PET0 ESMF_MOAB                   : enabled
20211118 060831.816 INFO             PET0 ESMF_LAPACK                 : enabled
20211118 060831.816 INFO             PET0 ESMF_NETCDF                 : enabled
20211118 060831.816 INFO             PET0 ESMF_PNETCDF                : disabled
20211118 060831.816 INFO             PET0 ESMF_PIO                    : enabled
20211118 060831.816 INFO             PET0 ESMF_YAMLCPP                : enabled
20211118 060831.816 INFO             PET0  NUMBER_OF_PROCESSORS           4
20211118 060831.816 INFO             PET0  PASS  Example ESMF_VMUserMpiCommMultiEx, ESMF_VMUserMpiCommMultiEx.F90, line 126
20211118 060831.816 INFO             PET0 Finalizing ESMF
20211118 060831.733 INFO             PET0 !!!!!!!!!!!!!!!!!!!!!!!!!!!!!!!!!!!!!!!!!!!!!!!!!!!!!!
20211118 060831.734 INFO             PET0 !!! THE ESMF_LOG IS SET TO OUTPUT ALL LOG MESSAGES !!!
20211118 060831.734 INFO             PET0 !!!     THIS MAY CAUSE SLOWDOWN IN PERFORMANCE     !!!
20211118 060831.734 INFO             PET0 !!! FOR PRODUCTION RUNS, USE:                      !!!
20211118 060831.734 INFO             PET0 !!!                   ESMF_LOGKIND_Multi_On_Error  !!!
20211118 060831.734 INFO             PET0 !!!!!!!!!!!!!!!!!!!!!!!!!!!!!!!!!!!!!!!!!!!!!!!!!!!!!!
20211118 060831.734 INFO             PET0 Running with ESMF Version   : ESMF_8_3_0_beta_snapshot_02-9-g35b0f61
20211118 060831.734 INFO             PET0 ESMF library build date/time: "Nov 18 2021" "03:23:57"
20211118 060831.734 INFO             PET0 ESMF library build location : /work/noaa/da/mpotts/sandbox/intel_2020_intelmpi_g_develop
20211118 060831.734 INFO             PET0 ESMF_COMM                   : intelmpi
20211118 060831.737 INFO             PET0 ESMF_MOAB                   : enabled
20211118 060831.737 INFO             PET0 ESMF_LAPACK                 : enabled
20211118 060831.737 INFO             PET0 ESMF_NETCDF                 : enabled
20211118 060831.737 INFO             PET0 ESMF_PNETCDF                : disabled
20211118 060831.737 INFO             PET0 ESMF_PIO                    : enabled
20211118 060831.737 INFO             PET0 ESMF_YAMLCPP                : enabled
20211118 060831.747 INFO             PET0  NUMBER_OF_PROCESSORS           4
20211118 060831.747 INFO             PET0  PASS  Example ESMF_VMUserMpiCommMultiEx, ESMF_VMUserMpiCommMultiEx.F90, line 154
20211118 060831.747 INFO             PET0 Finalizing ESMF
20211118 060831.737 INFO             PET1 !!!!!!!!!!!!!!!!!!!!!!!!!!!!!!!!!!!!!!!!!!!!!!!!!!!!!!
20211118 060831.737 INFO             PET1 !!! THE ESMF_LOG IS SET TO OUTPUT ALL LOG MESSAGES !!!
20211118 060831.737 INFO             PET1 !!!     THIS MAY CAUSE SLOWDOWN IN PERFORMANCE     !!!
20211118 060831.737 INFO             PET1 !!! FOR PRODUCTION RUNS, USE:                      !!!
20211118 060831.737 INFO             PET1 !!!                   ESMF_LOGKIND_Multi_On_Error  !!!
20211118 060831.737 INFO             PET1 !!!!!!!!!!!!!!!!!!!!!!!!!!!!!!!!!!!!!!!!!!!!!!!!!!!!!!
20211118 060831.737 INFO             PET1 Running with ESMF Version   : ESMF_8_3_0_beta_snapshot_02-9-g35b0f61
20211118 060831.737 INFO             PET1 ESMF library build date/time: "Nov 18 2021" "03:23:57"
20211118 060831.737 INFO             PET1 ESMF library build location : /work/noaa/da/mpotts/sandbox/intel_2020_intelmpi_g_develop
20211118 060831.737 INFO             PET1 ESMF_COMM                   : intelmpi
20211118 060831.740 INFO             PET1 ESMF_MOAB                   : enabled
20211118 060831.740 INFO             PET1 ESMF_LAPACK                 : enabled
20211118 060831.740 INFO             PET1 ESMF_NETCDF                 : enabled
20211118 060831.740 INFO             PET1 ESMF_PNETCDF                : disabled
20211118 060831.740 INFO             PET1 ESMF_PIO                    : enabled
20211118 060831.740 INFO             PET1 ESMF_YAMLCPP                : enabled
20211118 060831.817 INFO             PET1  NUMBER_OF_PROCESSORS           4
20211118 060831.817 INFO             PET1  PASS  Example ESMF_VMUserMpiCommMultiEx, ESMF_VMUserMpiCommMultiEx.F90, line 126
20211118 060831.817 INFO             PET1 Finalizing ESMF
20211118 060831.739 INFO             PET1 !!!!!!!!!!!!!!!!!!!!!!!!!!!!!!!!!!!!!!!!!!!!!!!!!!!!!!
20211118 060831.739 INFO             PET1 !!! THE ESMF_LOG IS SET TO OUTPUT ALL LOG MESSAGES !!!
20211118 060831.739 INFO             PET1 !!!     THIS MAY CAUSE SLOWDOWN IN PERFORMANCE     !!!
20211118 060831.739 INFO             PET1 !!! FOR PRODUCTION RUNS, USE:                      !!!
20211118 060831.739 INFO             PET1 !!!                   ESMF_LOGKIND_Multi_On_Error  !!!
20211118 060831.739 INFO             PET1 !!!!!!!!!!!!!!!!!!!!!!!!!!!!!!!!!!!!!!!!!!!!!!!!!!!!!!
20211118 060831.739 INFO             PET1 Running with ESMF Version   : ESMF_8_3_0_beta_snapshot_02-9-g35b0f61
20211118 060831.739 INFO             PET1 ESMF library build date/time: "Nov 18 2021" "03:23:57"
20211118 060831.739 INFO             PET1 ESMF library build location : /work/noaa/da/mpotts/sandbox/intel_2020_intelmpi_g_develop
20211118 060831.739 INFO             PET1 ESMF_COMM                   : intelmpi
20211118 060831.747 INFO             PET1 ESMF_MOAB                   : enabled
20211118 060831.747 INFO             PET1 ESMF_LAPACK                 : enabled
20211118 060831.747 INFO             PET1 ESMF_NETCDF                 : enabled
20211118 060831.747 INFO             PET1 ESMF_PNETCDF                : disabled
20211118 060831.747 INFO             PET1 ESMF_PIO                    : enabled
20211118 060831.747 INFO             PET1 ESMF_YAMLCPP                : enabled
20211118 060831.747 INFO             PET1  NUMBER_OF_PROCESSORS           4
20211118 060831.747 INFO             PET1  PASS  Example ESMF_VMUserMpiCommMultiEx, ESMF_VMUserMpiCommMultiEx.F90, line 154
20211118 060831.747 INFO             PET1 Finalizing ESMF
