build time -- 2021-11-28 02:30:22
20211128 050922.352 INFO             PET0 !!!!!!!!!!!!!!!!!!!!!!!!!!!!!!!!!!!!!!!!!!!!!!!!!!!!!!
20211128 050922.352 INFO             PET0 !!! THE ESMF_LOG IS SET TO OUTPUT ALL LOG MESSAGES !!!
20211128 050922.352 INFO             PET0 !!!     THIS MAY CAUSE SLOWDOWN IN PERFORMANCE     !!!
20211128 050922.352 INFO             PET0 !!! FOR PRODUCTION RUNS, USE:                      !!!
20211128 050922.352 INFO             PET0 !!!                   ESMF_LOGKIND_Multi_On_Error  !!!
20211128 050922.352 INFO             PET0 !!!!!!!!!!!!!!!!!!!!!!!!!!!!!!!!!!!!!!!!!!!!!!!!!!!!!!
20211128 050922.352 INFO             PET0 Running with ESMF Version   : ESMF_8_3_0_beta_snapshot_03
20211128 050922.352 INFO             PET0 ESMF library build date/time: "Nov 28 2021" "02:28:43"
20211128 050922.352 INFO             PET0 ESMF library build location : /work/noaa/da/mpotts/sandbox/intel_2020_intelmpi_g_develop
20211128 050922.352 INFO             PET0 ESMF_COMM                   : intelmpi
20211128 050922.354 INFO             PET0 ESMF_MOAB                   : enabled
20211128 050922.354 INFO             PET0 ESMF_LAPACK                 : enabled
20211128 050922.354 INFO             PET0 ESMF_NETCDF                 : enabled
20211128 050922.354 INFO             PET0 ESMF_PNETCDF                : disabled
20211128 050922.354 INFO             PET0 ESMF_PIO                    : enabled
20211128 050922.354 INFO             PET0 ESMF_YAMLCPP                : enabled
20211128 050922.392 INFO             PET0  NUMBER_OF_PROCESSORS           4
20211128 050922.392 INFO             PET0  PASS  Example ESMF_VMHigherRankDataEx, ESMF_VMHigherRankDataEx.F90, line 140
20211128 050922.392 INFO             PET0 Finalizing ESMF
20211128 050922.354 INFO             PET1 !!!!!!!!!!!!!!!!!!!!!!!!!!!!!!!!!!!!!!!!!!!!!!!!!!!!!!
20211128 050922.354 INFO             PET1 !!! THE ESMF_LOG IS SET TO OUTPUT ALL LOG MESSAGES !!!
20211128 050922.354 INFO             PET1 !!!     THIS MAY CAUSE SLOWDOWN IN PERFORMANCE     !!!
20211128 050922.354 INFO             PET1 !!! FOR PRODUCTION RUNS, USE:                      !!!
20211128 050922.354 INFO             PET1 !!!                   ESMF_LOGKIND_Multi_On_Error  !!!
20211128 050922.354 INFO             PET1 !!!!!!!!!!!!!!!!!!!!!!!!!!!!!!!!!!!!!!!!!!!!!!!!!!!!!!
20211128 050922.354 INFO             PET1 Running with ESMF Version   : ESMF_8_3_0_beta_snapshot_03
20211128 050922.354 INFO             PET1 ESMF library build date/time: "Nov 28 2021" "02:28:43"
20211128 050922.354 INFO             PET1 ESMF library build location : /work/noaa/da/mpotts/sandbox/intel_2020_intelmpi_g_develop
20211128 050922.354 INFO             PET1 ESMF_COMM                   : intelmpi
20211128 050922.355 INFO             PET1 ESMF_MOAB                   : enabled
20211128 050922.355 INFO             PET1 ESMF_LAPACK                 : enabled
20211128 050922.355 INFO             PET1 ESMF_NETCDF                 : enabled
20211128 050922.355 INFO             PET1 ESMF_PNETCDF                : disabled
20211128 050922.355 INFO             PET1 ESMF_PIO                    : enabled
20211128 050922.355 INFO             PET1 ESMF_YAMLCPP                : enabled
20211128 050922.405 INFO             PET1  NUMBER_OF_PROCESSORS           4
20211128 050922.405 INFO             PET1  PASS  Example ESMF_VMHigherRankDataEx, ESMF_VMHigherRankDataEx.F90, line 140
20211128 050922.405 INFO             PET1 Finalizing ESMF
20211128 050922.367 INFO             PET2 !!!!!!!!!!!!!!!!!!!!!!!!!!!!!!!!!!!!!!!!!!!!!!!!!!!!!!
20211128 050922.368 INFO             PET2 !!! THE ESMF_LOG IS SET TO OUTPUT ALL LOG MESSAGES !!!
20211128 050922.368 INFO             PET2 !!!     THIS MAY CAUSE SLOWDOWN IN PERFORMANCE     !!!
20211128 050922.368 INFO             PET2 !!! FOR PRODUCTION RUNS, USE:                      !!!
20211128 050922.368 INFO             PET2 !!!                   ESMF_LOGKIND_Multi_On_Error  !!!
20211128 050922.368 INFO             PET2 !!!!!!!!!!!!!!!!!!!!!!!!!!!!!!!!!!!!!!!!!!!!!!!!!!!!!!
20211128 050922.368 INFO             PET2 Running with ESMF Version   : ESMF_8_3_0_beta_snapshot_03
20211128 050922.368 INFO             PET2 ESMF library build date/time: "Nov 28 2021" "02:28:43"
20211128 050922.368 INFO             PET2 ESMF library build location : /work/noaa/da/mpotts/sandbox/intel_2020_intelmpi_g_develop
20211128 050922.368 INFO             PET2 ESMF_COMM                   : intelmpi
20211128 050922.378 INFO             PET2 ESMF_MOAB                   : enabled
20211128 050922.378 INFO             PET2 ESMF_LAPACK                 : enabled
20211128 050922.378 INFO             PET2 ESMF_NETCDF                 : enabled
20211128 050922.378 INFO             PET2 ESMF_PNETCDF                : disabled
20211128 050922.378 INFO             PET2 ESMF_PIO                    : enabled
20211128 050922.378 INFO             PET2 ESMF_YAMLCPP                : enabled
20211128 050922.404 INFO             PET2  NUMBER_OF_PROCESSORS           4
20211128 050922.404 INFO             PET2  PASS  Example ESMF_VMHigherRankDataEx, ESMF_VMHigherRankDataEx.F90, line 140
20211128 050922.404 INFO             PET2 Finalizing ESMF
20211128 050922.352 INFO             PET3 !!!!!!!!!!!!!!!!!!!!!!!!!!!!!!!!!!!!!!!!!!!!!!!!!!!!!!
20211128 050922.352 INFO             PET3 !!! THE ESMF_LOG IS SET TO OUTPUT ALL LOG MESSAGES !!!
20211128 050922.352 INFO             PET3 !!!     THIS MAY CAUSE SLOWDOWN IN PERFORMANCE     !!!
20211128 050922.352 INFO             PET3 !!! FOR PRODUCTION RUNS, USE:                      !!!
20211128 050922.352 INFO             PET3 !!!                   ESMF_LOGKIND_Multi_On_Error  !!!
20211128 050922.352 INFO             PET3 !!!!!!!!!!!!!!!!!!!!!!!!!!!!!!!!!!!!!!!!!!!!!!!!!!!!!!
20211128 050922.352 INFO             PET3 Running with ESMF Version   : ESMF_8_3_0_beta_snapshot_03
20211128 050922.352 INFO             PET3 ESMF library build date/time: "Nov 28 2021" "02:28:43"
20211128 050922.353 INFO             PET3 ESMF library build location : /work/noaa/da/mpotts/sandbox/intel_2020_intelmpi_g_develop
20211128 050922.353 INFO             PET3 ESMF_COMM                   : intelmpi
20211128 050922.364 INFO             PET3 ESMF_MOAB                   : enabled
20211128 050922.364 INFO             PET3 ESMF_LAPACK                 : enabled
20211128 050922.364 INFO             PET3 ESMF_NETCDF                 : enabled
20211128 050922.364 INFO             PET3 ESMF_PNETCDF                : disabled
20211128 050922.364 INFO             PET3 ESMF_PIO                    : enabled
20211128 050922.364 INFO             PET3 ESMF_YAMLCPP                : enabled
20211128 050922.415 INFO             PET3  NUMBER_OF_PROCESSORS           4
20211128 050922.415 INFO             PET3  PASS  Example ESMF_VMHigherRankDataEx, ESMF_VMHigherRankDataEx.F90, line 140
20211128 050922.415 INFO             PET3 Finalizing ESMF
