build time -- 2021-12-27 03:13:36
MPI startup(): Warning: I_MPI_PMI_LIBRARY will be ignored since the hydra process manager was found
MPI startup(): Warning: I_MPI_PMI_LIBRARY will be ignored since the hydra process manager was found
MPI startup(): Warning: I_MPI_PMI_LIBRARY will be ignored since the hydra process manager was found
MPI startup(): Warning: I_MPI_PMI_LIBRARY will be ignored since the hydra process manager was found
 Application Example 1:
 Application Example 1:
 Application Example 1:
 Application Example 1:
 Comp Create returned, name = Atmosphere Model Gridded Component
 Comp Create returned, name = Atmosphere Model Gridded Component
 Gridded Comp Init starting
 Gridded Comp Init returning
 Comp Initialize complete
 Gridded Comp Run starting
 Gridded Comp Run returning
 Comp Create returned, name = Atmosphere Model Gridded Component
 Gridded Comp Run starting
 Gridded Comp Run returning
 Gridded Comp Run starting
 Gridded Comp Run returning
 Gridded Comp Run starting
 Gridded Comp Run returning
 Comp Run complete
 Gridded Comp Final starting
 Gridded Comp Final returning
 Comp Finalize complete
 Gridded Comp Init starting
 Gridded Comp Init returning
 Comp Create returned, name = Atmosphere Model Gridded Component
 Gridded Comp Init starting
 Gridded Comp Init returning
 Comp Initialize complete
 Gridded Comp Run starting
 Gridded Comp Run returning
 Comp Initialize complete
 Gridded Comp Run starting
 Gridded Comp Run returning
 Gridded Comp Run starting
 Gridded Comp Run returning
 Gridded Comp Run starting
 Gridded Comp Run returning
 Gridded Comp Run starting
 Gridded Comp Run returning
 Gridded Comp Run starting
 Gridded Comp Run returning
 Destroy calls returned
 Gridded Comp Run starting
 Gridded Comp Run returning
 Comp Run complete
 Gridded Comp Run starting
 Gridded Comp Run returning
 Comp Run complete
 Gridded Comp Final starting
 Gridded Comp Final returning
 Application Example 1 finished
 Gridded Comp Init starting
 Gridded Comp Init returning
 Comp Finalize complete
 Gridded Comp Final starting
 Gridded Comp Final returning
  PASS  Example ESMF_GCompEx, ESMF_GCompEx.F90, line 465
 Comp Finalize complete
 Destroy calls returned
 Destroy calls returned
 Application Example 1 finished
  PASS  Example ESMF_GCompEx, ESMF_GCompEx.F90, line 465
 Application Example 1 finished
  PASS  Example ESMF_GCompEx, ESMF_GCompEx.F90, line 465
 Comp Initialize complete
 Gridded Comp Run starting
 Gridded Comp Run returning
 Gridded Comp Run starting
 Gridded Comp Run returning
 Gridded Comp Run starting
 Gridded Comp Run returning
 Gridded Comp Run starting
 Gridded Comp Run returning
 Comp Run complete
 Gridded Comp Final starting
 Gridded Comp Final returning
 Comp Finalize complete
 Destroy calls returned
 Application Example 1 finished
  PASS  Example ESMF_GCompEx, ESMF_GCompEx.F90, line 465
 PASS: ESMF_GCompEx.F90
 PASS: ESMF_GCompEx.F90
 PASS: ESMF_GCompEx.F90
 PASS: ESMF_GCompEx.F90
