build time -- 2022-01-19 02:35:39.677304
20220119 033045.715 INFO             PET0 !!!!!!!!!!!!!!!!!!!!!!!!!!!!!!!!!!!!!!!!!!!!!!!!!!!!!!
20220119 033045.715 INFO             PET0 !!! THE ESMF_LOG IS SET TO OUTPUT ALL LOG MESSAGES !!!
20220119 033045.715 INFO             PET0 !!!     THIS MAY CAUSE SLOWDOWN IN PERFORMANCE     !!!
20220119 033045.715 INFO             PET0 !!! FOR PRODUCTION RUNS, USE:                      !!!
20220119 033045.715 INFO             PET0 !!!                   ESMF_LOGKIND_Multi_On_Error  !!!
20220119 033045.715 INFO             PET0 !!!!!!!!!!!!!!!!!!!!!!!!!!!!!!!!!!!!!!!!!!!!!!!!!!!!!!
20220119 033045.715 INFO             PET0 Running with ESMF Version   : ESMF_8_3_0_beta_snapshot_05-30-gf84ebe0184
20220119 033045.715 INFO             PET0 ESMF library build date/time: "Jan 19 2022" "02:31:12"
20220119 033045.715 INFO             PET0 ESMF library build location : /global/u2/r/rsdunlap/esmf-testing/intel_19.0.3_mpiuni_O_develop
20220119 033045.715 INFO             PET0 ESMF_COMM                   : mpiuni
20220119 033045.717 INFO             PET0 ESMF_MOAB                   : enabled
20220119 033045.717 INFO             PET0 ESMF_LAPACK                 : enabled
20220119 033045.717 INFO             PET0 ESMF_NETCDF                 : enabled
20220119 033045.717 INFO             PET0 ESMF_PNETCDF                : disabled
20220119 033045.717 INFO             PET0 ESMF_PIO                    : disabled
20220119 033045.717 INFO             PET0 ESMF_YAMLCPP                : enabled
20220119 033045.718 ERROR            PET0 ESMCI_Info.C:1277 Info::set(<json>) Cannot set value  - Error/Return Code 540 (ESMC_RC_CANNOT_SET) - Key '/myIntegerKey' already in map and force=false.
20220119 033045.718 ERROR            PET0 ESMCI_Info.C:1280 Info::set(<json>) Cannot set value  - Internal subroutine call returned Error
20220119 033045.718 ERROR            PET0 ESMCI_Info.C:1322 Info::set(<json>) Cannot set value  - Internal subroutine call returned Error
20220119 033045.718 ERROR            PET0 ESMCI_Info.C:1325 Info::set(<json>) Cannot set value  - Internal subroutine call returned Error
20220119 033045.718 ERROR            PET0 ESMCI_Info.C:1373 Info::set(<scalar>) Cannot set value  - Internal subroutine call returned Error
20220119 033045.718 ERROR            PET0 ESMC_InfoCDefGeneric.C:387 ESMC_InfoSetI4() Cannot set value  - Internal subroutine call returned Error
20220119 033045.718 ERROR            PET0 ESMF_Info.F90:2866 ESMF_InfoSetI4() Cannot set value  - Internal subroutine call returned Error
20220119 033045.720 INFO             PET0  NUMBER_OF_PROCESSORS           1
20220119 033045.720 INFO             PET0  PASS  Example ESMF_InfoTutorialEx, ESMF_InfoTutorialEx.F90, line 335
20220119 033045.720 INFO             PET0 Finalizing ESMF
