build time -- 2022-01-28 02:44:19.612095
20220128 112455.050 INFO             PET0 !!!!!!!!!!!!!!!!!!!!!!!!!!!!!!!!!!!!!!!!!!!!!!!!!!!!!!
20220128 112455.050 INFO             PET0 !!! THE ESMF_LOG IS SET TO OUTPUT ALL LOG MESSAGES !!!
20220128 112455.050 INFO             PET0 !!!     THIS MAY CAUSE SLOWDOWN IN PERFORMANCE     !!!
20220128 112455.050 INFO             PET0 !!! FOR PRODUCTION RUNS, USE:                      !!!
20220128 112455.050 INFO             PET0 !!!                   ESMF_LOGKIND_Multi_On_Error  !!!
20220128 112455.050 INFO             PET0 !!!!!!!!!!!!!!!!!!!!!!!!!!!!!!!!!!!!!!!!!!!!!!!!!!!!!!
20220128 112455.050 INFO             PET0 Running with ESMF Version   : ESMF_8_3_0_beta_snapshot_06-10-gce27d44403
20220128 112455.050 INFO             PET0 ESMF library build date/time: "Jan 28 2022" "02:40:09"
20220128 112455.050 INFO             PET0 ESMF library build location : /global/u2/r/rsdunlap/esmf-testing/intel_19.0.3_mpiuni_O_develop
20220128 112455.050 INFO             PET0 ESMF_COMM                   : mpiuni
20220128 112455.052 INFO             PET0 ESMF_MOAB                   : enabled
20220128 112455.052 INFO             PET0 ESMF_LAPACK                 : enabled
20220128 112455.052 INFO             PET0 ESMF_NETCDF                 : enabled
20220128 112455.052 INFO             PET0 ESMF_PNETCDF                : disabled
20220128 112455.052 INFO             PET0 ESMF_PIO                    : disabled
20220128 112455.052 INFO             PET0 ESMF_YAMLCPP                : enabled
20220128 112455.056 INFO             PET0  NUMBER_OF_PROCESSORS           1
20220128 112455.056 INFO             PET0  PASS  Example ESMF_VMNonBlockingEx, ESMF_VMNonBlockingEx.F90, line 434
20220128 112455.056 INFO             PET0 Finalizing ESMF
