build time -- 2021-10-17 00:54:47
20211017 012550.970 INFO             PET0 !!!!!!!!!!!!!!!!!!!!!!!!!!!!!!!!!!!!!!!!!!!!!!!!!!!!!!
20211017 012550.970 INFO             PET0 !!! THE ESMF_LOG IS SET TO OUTPUT ALL LOG MESSAGES !!!
20211017 012550.970 INFO             PET0 !!!     THIS MAY CAUSE SLOWDOWN IN PERFORMANCE     !!!
20211017 012550.970 INFO             PET0 !!! FOR PRODUCTION RUNS, USE:                      !!!
20211017 012550.970 INFO             PET0 !!!                   ESMF_LOGKIND_Multi_On_Error  !!!
20211017 012550.970 INFO             PET0 !!!!!!!!!!!!!!!!!!!!!!!!!!!!!!!!!!!!!!!!!!!!!!!!!!!!!!
20211017 012550.970 INFO             PET0 Running with ESMF Version   : 8.2.0 beta snapshot
20211017 012550.970 INFO             PET0 ESMF library build date/time: "Oct 17 2021" "00:52:25"
20211017 012550.970 INFO             PET0 ESMF library build location : /lustre/f2/dev/ncep/Mark.Potts/intel_2019.5_mpiuni_g_release_8.2.0
20211017 012550.970 INFO             PET0 ESMF_COMM                   : mpiuni
20211017 012550.971 INFO             PET0 ESMF_MOAB                   : enabled
20211017 012550.971 INFO             PET0 ESMF_LAPACK                 : enabled
20211017 012550.971 INFO             PET0 ESMF_NETCDF                 : enabled
20211017 012550.971 INFO             PET0 ESMF_PNETCDF                : disabled
20211017 012550.971 INFO             PET0 ESMF_PIO                    : disabled
20211017 012550.971 INFO             PET0 ESMF_YAMLCPP                : enabled
20211017 012550.976 INFO             PET0 ESMF_FieldRedistStoreNF(): Just entered routine.
20211017 012551.067 INFO             PET0 ESMF_FieldRedistStoreNF(): Leaving routine.
20211017 012551.084 INFO             PET0  NUMBER_OF_PROCESSORS           1
20211017 012551.085 INFO             PET0  PASS  Example ESMF_RHandleFromFileEx, ESMF_RHandleFromFileEx.F90, line 192
20211017 012551.085 INFO             PET0 Finalizing ESMF
