build time -- 2021-10-20 01:27:26
20211020 032649.811 INFO             PET0 !!!!!!!!!!!!!!!!!!!!!!!!!!!!!!!!!!!!!!!!!!!!!!!!!!!!!!
20211020 032649.811 INFO             PET0 !!! THE ESMF_LOG IS SET TO OUTPUT ALL LOG MESSAGES !!!
20211020 032649.811 INFO             PET0 !!!     THIS MAY CAUSE SLOWDOWN IN PERFORMANCE     !!!
20211020 032649.811 INFO             PET0 !!! FOR PRODUCTION RUNS, USE:                      !!!
20211020 032649.811 INFO             PET0 !!!                   ESMF_LOGKIND_Multi_On_Error  !!!
20211020 032649.811 INFO             PET0 !!!!!!!!!!!!!!!!!!!!!!!!!!!!!!!!!!!!!!!!!!!!!!!!!!!!!!
20211020 032649.811 INFO             PET0 Running with ESMF Version   : 8.2.0 beta snapshot
20211020 032649.811 INFO             PET0 ESMF library build date/time: "Oct 20 2021" "00:59:18"
20211020 032649.811 INFO             PET0 ESMF library build location : /lustre/f2/dev/ncep/Mark.Potts/intel_2019.5_mpiuni_g_release_8.2.0
20211020 032649.811 INFO             PET0 ESMF_COMM                   : mpiuni
20211020 032650.000 INFO             PET0 ESMF_MOAB                   : enabled
20211020 032650.000 INFO             PET0 ESMF_LAPACK                 : enabled
20211020 032650.000 INFO             PET0 ESMF_NETCDF                 : enabled
20211020 032650.000 INFO             PET0 ESMF_PNETCDF                : disabled
20211020 032650.000 INFO             PET0 ESMF_PIO                    : disabled
20211020 032650.000 INFO             PET0 ESMF_YAMLCPP                : enabled
20211020 032650.131 INFO             PET0 ESMF Tracing Enabled
20211020 032650.131 INFO             PET0 ESMF Profiling Enabled
20211020 032650.131 INFO             PET0 ESMF Trace/Profile clock: REALTIME
20211020 032650.149 INFO             PET0  NUMBER_OF_PROCESSORS           1
20211020 032650.149 INFO             PET0  PASS  Example ESMF_TraceEx, ESMF_TraceEx.F90, line 178
20211020 032650.149 INFO             PET0 Finalizing ESMF
20211020 032650.149 INFO             PET0 **************** Region Timings *******************
20211020 032650.149 INFO             PET0 Region              Count  Total (s)   Self (s)    Mean (s)    Min (s)     Max (s)
20211020 032650.149 INFO             PET0   [test] Run 1      5      0.0000      0.0000      0.0000      0.0000      0.0000
20211020 032650.149 INFO             PET0   [test] Init 1     1      0.0000      0.0000      0.0000      0.0000      0.0000
20211020 032650.347 INFO             PET0   [test] Final 1    1      0.0000      0.0000      0.0000      0.0000      0.0000
