build time -- 2021-11-11 04:11:49
20211111 050757.354 INFO             PET0 !!!!!!!!!!!!!!!!!!!!!!!!!!!!!!!!!!!!!!!!!!!!!!!!!!!!!!
20211111 050757.355 INFO             PET0 !!! THE ESMF_LOG IS SET TO OUTPUT ALL LOG MESSAGES !!!
20211111 050757.355 INFO             PET0 !!!     THIS MAY CAUSE SLOWDOWN IN PERFORMANCE     !!!
20211111 050757.355 INFO             PET0 !!! FOR PRODUCTION RUNS, USE:                      !!!
20211111 050757.355 INFO             PET0 !!!                   ESMF_LOGKIND_Multi_On_Error  !!!
20211111 050757.355 INFO             PET0 !!!!!!!!!!!!!!!!!!!!!!!!!!!!!!!!!!!!!!!!!!!!!!!!!!!!!!
20211111 050757.355 INFO             PET0 Running with ESMF Version   : ESMF_8_3_0_beta_snapshot_02-3-gbcb5d21e38
20211111 050757.355 INFO             PET0 ESMF library build date/time: "Nov 11 2021" "04:08:52"
20211111 050757.355 INFO             PET0 ESMF library build location : /mnt/lfs4/HFIP/hfv3gfs/Mark.Potts/intel_2020.2_mvapich2_O_develop
20211111 050757.355 INFO             PET0 ESMF_COMM                   : mvapich2
20211111 050757.356 INFO             PET0 ESMF_MOAB                   : enabled
20211111 050757.356 INFO             PET0 ESMF_LAPACK                 : enabled
20211111 050757.356 INFO             PET0 ESMF_NETCDF                 : enabled
20211111 050757.356 INFO             PET0 ESMF_PNETCDF                : disabled
20211111 050757.356 INFO             PET0 ESMF_PIO                    : enabled
20211111 050757.356 INFO             PET0 ESMF_YAMLCPP                : enabled
20211111 050757.357 INFO             PET0  NUMBER_OF_PROCESSORS           1
20211111 050757.357 INFO             PET0  PASS  Example ESMF_TimeIntervalEx, ESMF_TimeIntervalEx.F90, line 176
20211111 050757.357 INFO             PET0 Finalizing ESMF
