build time -- 2021-12-27 04:11:57
20211227 045902.268 INFO             PET0 !!!!!!!!!!!!!!!!!!!!!!!!!!!!!!!!!!!!!!!!!!!!!!!!!!!!!!
20211227 045902.269 INFO             PET0 !!! THE ESMF_LOG IS SET TO OUTPUT ALL LOG MESSAGES !!!
20211227 045902.269 INFO             PET0 !!!     THIS MAY CAUSE SLOWDOWN IN PERFORMANCE     !!!
20211227 045902.269 INFO             PET0 !!! FOR PRODUCTION RUNS, USE:                      !!!
20211227 045902.269 INFO             PET0 !!!                   ESMF_LOGKIND_Multi_On_Error  !!!
20211227 045902.269 INFO             PET0 !!!!!!!!!!!!!!!!!!!!!!!!!!!!!!!!!!!!!!!!!!!!!!!!!!!!!!
20211227 045902.269 INFO             PET0 Running with ESMF Version   : ESMF_8_3_0_beta_snapshot_05-1-g3e9d170f1f
20211227 045902.269 INFO             PET0 ESMF library build date/time: "Dec 27 2021" "04:09:03"
20211227 045902.269 INFO             PET0 ESMF library build location : /mnt/lfs4/HFIP/hfv3gfs/Mark.Potts/intel_2020.2_mvapich2_O_develop
20211227 045902.269 INFO             PET0 ESMF_COMM                   : mvapich2
20211227 045902.270 INFO             PET0 ESMF_MOAB                   : enabled
20211227 045902.270 INFO             PET0 ESMF_LAPACK                 : enabled
20211227 045902.270 INFO             PET0 ESMF_NETCDF                 : enabled
20211227 045902.270 INFO             PET0 ESMF_PNETCDF                : disabled
20211227 045902.270 INFO             PET0 ESMF_PIO                    : enabled
20211227 045902.270 INFO             PET0 ESMF_YAMLCPP                : enabled
20211227 045902.278 INFO             PET0 ESMF_FieldRedistStoreNF(): Just entered routine.
20211227 045902.339 INFO             PET0 ESMF_FieldRedistStoreNF(): Leaving routine.
20211227 045902.342 INFO             PET0  NUMBER_OF_PROCESSORS           4
20211227 045902.342 INFO             PET0  PASS  Example ESMF_RHandleFromRHandleEx, ESMF_RHandleFromRHandleEx.F90, line 660
20211227 045902.342 INFO             PET0 Finalizing ESMF
20211227 045902.268 INFO             PET1 !!!!!!!!!!!!!!!!!!!!!!!!!!!!!!!!!!!!!!!!!!!!!!!!!!!!!!
20211227 045902.268 INFO             PET1 !!! THE ESMF_LOG IS SET TO OUTPUT ALL LOG MESSAGES !!!
20211227 045902.268 INFO             PET1 !!!     THIS MAY CAUSE SLOWDOWN IN PERFORMANCE     !!!
20211227 045902.268 INFO             PET1 !!! FOR PRODUCTION RUNS, USE:                      !!!
20211227 045902.268 INFO             PET1 !!!                   ESMF_LOGKIND_Multi_On_Error  !!!
20211227 045902.268 INFO             PET1 !!!!!!!!!!!!!!!!!!!!!!!!!!!!!!!!!!!!!!!!!!!!!!!!!!!!!!
20211227 045902.268 INFO             PET1 Running with ESMF Version   : ESMF_8_3_0_beta_snapshot_05-1-g3e9d170f1f
20211227 045902.268 INFO             PET1 ESMF library build date/time: "Dec 27 2021" "04:09:03"
20211227 045902.268 INFO             PET1 ESMF library build location : /mnt/lfs4/HFIP/hfv3gfs/Mark.Potts/intel_2020.2_mvapich2_O_develop
20211227 045902.268 INFO             PET1 ESMF_COMM                   : mvapich2
20211227 045902.269 INFO             PET1 ESMF_MOAB                   : enabled
20211227 045902.269 INFO             PET1 ESMF_LAPACK                 : enabled
20211227 045902.269 INFO             PET1 ESMF_NETCDF                 : enabled
20211227 045902.269 INFO             PET1 ESMF_PNETCDF                : disabled
20211227 045902.269 INFO             PET1 ESMF_PIO                    : enabled
20211227 045902.269 INFO             PET1 ESMF_YAMLCPP                : enabled
20211227 045902.278 INFO             PET1 ESMF_FieldRedistStoreNF(): Just entered routine.
20211227 045902.339 INFO             PET1 ESMF_FieldRedistStoreNF(): Leaving routine.
20211227 045902.342 INFO             PET1  NUMBER_OF_PROCESSORS           4
20211227 045902.342 INFO             PET1  PASS  Example ESMF_RHandleFromRHandleEx, ESMF_RHandleFromRHandleEx.F90, line 660
20211227 045902.342 INFO             PET1 Finalizing ESMF
20211227 045902.268 INFO             PET2 !!!!!!!!!!!!!!!!!!!!!!!!!!!!!!!!!!!!!!!!!!!!!!!!!!!!!!
20211227 045902.268 INFO             PET2 !!! THE ESMF_LOG IS SET TO OUTPUT ALL LOG MESSAGES !!!
20211227 045902.268 INFO             PET2 !!!     THIS MAY CAUSE SLOWDOWN IN PERFORMANCE     !!!
20211227 045902.268 INFO             PET2 !!! FOR PRODUCTION RUNS, USE:                      !!!
20211227 045902.268 INFO             PET2 !!!                   ESMF_LOGKIND_Multi_On_Error  !!!
20211227 045902.268 INFO             PET2 !!!!!!!!!!!!!!!!!!!!!!!!!!!!!!!!!!!!!!!!!!!!!!!!!!!!!!
20211227 045902.268 INFO             PET2 Running with ESMF Version   : ESMF_8_3_0_beta_snapshot_05-1-g3e9d170f1f
20211227 045902.268 INFO             PET2 ESMF library build date/time: "Dec 27 2021" "04:09:03"
20211227 045902.268 INFO             PET2 ESMF library build location : /mnt/lfs4/HFIP/hfv3gfs/Mark.Potts/intel_2020.2_mvapich2_O_develop
20211227 045902.268 INFO             PET2 ESMF_COMM                   : mvapich2
20211227 045902.269 INFO             PET2 ESMF_MOAB                   : enabled
20211227 045902.269 INFO             PET2 ESMF_LAPACK                 : enabled
20211227 045902.269 INFO             PET2 ESMF_NETCDF                 : enabled
20211227 045902.269 INFO             PET2 ESMF_PNETCDF                : disabled
20211227 045902.269 INFO             PET2 ESMF_PIO                    : enabled
20211227 045902.269 INFO             PET2 ESMF_YAMLCPP                : enabled
20211227 045902.278 INFO             PET2 ESMF_FieldRedistStoreNF(): Just entered routine.
20211227 045902.339 INFO             PET2 ESMF_FieldRedistStoreNF(): Leaving routine.
20211227 045902.340 INFO             PET2  NUMBER_OF_PROCESSORS           4
20211227 045902.341 INFO             PET2  PASS  Example ESMF_RHandleFromRHandleEx, ESMF_RHandleFromRHandleEx.F90, line 660
20211227 045902.341 INFO             PET2 Finalizing ESMF
20211227 045902.268 INFO             PET3 !!!!!!!!!!!!!!!!!!!!!!!!!!!!!!!!!!!!!!!!!!!!!!!!!!!!!!
20211227 045902.268 INFO             PET3 !!! THE ESMF_LOG IS SET TO OUTPUT ALL LOG MESSAGES !!!
20211227 045902.268 INFO             PET3 !!!     THIS MAY CAUSE SLOWDOWN IN PERFORMANCE     !!!
20211227 045902.268 INFO             PET3 !!! FOR PRODUCTION RUNS, USE:                      !!!
20211227 045902.268 INFO             PET3 !!!                   ESMF_LOGKIND_Multi_On_Error  !!!
20211227 045902.268 INFO             PET3 !!!!!!!!!!!!!!!!!!!!!!!!!!!!!!!!!!!!!!!!!!!!!!!!!!!!!!
20211227 045902.268 INFO             PET3 Running with ESMF Version   : ESMF_8_3_0_beta_snapshot_05-1-g3e9d170f1f
20211227 045902.268 INFO             PET3 ESMF library build date/time: "Dec 27 2021" "04:09:03"
20211227 045902.268 INFO             PET3 ESMF library build location : /mnt/lfs4/HFIP/hfv3gfs/Mark.Potts/intel_2020.2_mvapich2_O_develop
20211227 045902.268 INFO             PET3 ESMF_COMM                   : mvapich2
20211227 045902.269 INFO             PET3 ESMF_MOAB                   : enabled
20211227 045902.269 INFO             PET3 ESMF_LAPACK                 : enabled
20211227 045902.269 INFO             PET3 ESMF_NETCDF                 : enabled
20211227 045902.269 INFO             PET3 ESMF_PNETCDF                : disabled
20211227 045902.269 INFO             PET3 ESMF_PIO                    : enabled
20211227 045902.269 INFO             PET3 ESMF_YAMLCPP                : enabled
20211227 045902.278 INFO             PET3 ESMF_FieldRedistStoreNF(): Just entered routine.
20211227 045902.338 INFO             PET3 ESMF_FieldRedistStoreNF(): Leaving routine.
20211227 045902.342 INFO             PET3  NUMBER_OF_PROCESSORS           4
20211227 045902.342 INFO             PET3  PASS  Example ESMF_RHandleFromRHandleEx, ESMF_RHandleFromRHandleEx.F90, line 660
20211227 045902.342 INFO             PET3 Finalizing ESMF
