build time -- 2021-11-28 01:32:45
20211128 015005.906 INFO             PET0 !!!!!!!!!!!!!!!!!!!!!!!!!!!!!!!!!!!!!!!!!!!!!!!!!!!!!!
20211128 015005.906 INFO             PET0 !!! THE ESMF_LOG IS SET TO OUTPUT ALL LOG MESSAGES !!!
20211128 015005.906 INFO             PET0 !!!     THIS MAY CAUSE SLOWDOWN IN PERFORMANCE     !!!
20211128 015005.906 INFO             PET0 !!! FOR PRODUCTION RUNS, USE:                      !!!
20211128 015005.906 INFO             PET0 !!!                   ESMF_LOGKIND_Multi_On_Error  !!!
20211128 015005.906 INFO             PET0 !!!!!!!!!!!!!!!!!!!!!!!!!!!!!!!!!!!!!!!!!!!!!!!!!!!!!!
20211128 015005.906 INFO             PET0 Running with ESMF Version   : ESMF_8_3_0_beta_snapshot_03
20211128 015005.906 INFO             PET0 ESMF library build date/time: "Nov 28 2021" "01:31:34"
20211128 015005.906 INFO             PET0 ESMF library build location : /lfs/h1/emc/ptmp/Mark.Potts/intel_2019.3_mpi_g_develop
20211128 015005.906 INFO             PET0 ESMF_COMM                   : mpi
20211128 015005.907 INFO             PET0 ESMF_MOAB                   : enabled
20211128 015005.907 INFO             PET0 ESMF_LAPACK                 : enabled
20211128 015005.907 INFO             PET0 ESMF_NETCDF                 : enabled
20211128 015005.907 INFO             PET0 ESMF_PNETCDF                : disabled
20211128 015005.907 INFO             PET0 ESMF_PIO                    : enabled
20211128 015005.907 INFO             PET0 ESMF_YAMLCPP                : enabled
20211128 015005.953 DEBUG            PET0 about to destroy Grid: 0x1a1f090
20211128 015005.959 DEBUG            PET0 about to destroy Grid: 0x1a212b0
20211128 015005.973 INFO             PET0  NUMBER_OF_PROCESSORS           4
20211128 015005.973 INFO             PET0  PASS  Example ESMF_NUOPCAtmModelEx, ESMF_NUOPCAtmModelEx.F90, line 806
20211128 015005.973 INFO             PET0 Finalizing ESMF
20211128 015005.906 INFO             PET1 !!!!!!!!!!!!!!!!!!!!!!!!!!!!!!!!!!!!!!!!!!!!!!!!!!!!!!
20211128 015005.906 INFO             PET1 !!! THE ESMF_LOG IS SET TO OUTPUT ALL LOG MESSAGES !!!
20211128 015005.906 INFO             PET1 !!!     THIS MAY CAUSE SLOWDOWN IN PERFORMANCE     !!!
20211128 015005.906 INFO             PET1 !!! FOR PRODUCTION RUNS, USE:                      !!!
20211128 015005.906 INFO             PET1 !!!                   ESMF_LOGKIND_Multi_On_Error  !!!
20211128 015005.906 INFO             PET1 !!!!!!!!!!!!!!!!!!!!!!!!!!!!!!!!!!!!!!!!!!!!!!!!!!!!!!
20211128 015005.906 INFO             PET1 Running with ESMF Version   : ESMF_8_3_0_beta_snapshot_03
20211128 015005.906 INFO             PET1 ESMF library build date/time: "Nov 28 2021" "01:31:34"
20211128 015005.906 INFO             PET1 ESMF library build location : /lfs/h1/emc/ptmp/Mark.Potts/intel_2019.3_mpi_g_develop
20211128 015005.906 INFO             PET1 ESMF_COMM                   : mpi
20211128 015005.907 INFO             PET1 ESMF_MOAB                   : enabled
20211128 015005.907 INFO             PET1 ESMF_LAPACK                 : enabled
20211128 015005.907 INFO             PET1 ESMF_NETCDF                 : enabled
20211128 015005.907 INFO             PET1 ESMF_PNETCDF                : disabled
20211128 015005.907 INFO             PET1 ESMF_PIO                    : enabled
20211128 015005.907 INFO             PET1 ESMF_YAMLCPP                : enabled
20211128 015005.953 DEBUG            PET1 about to destroy Grid: 0xe59900
20211128 015005.959 DEBUG            PET1 about to destroy Grid: 0xe5a780
20211128 015005.973 INFO             PET1  NUMBER_OF_PROCESSORS           4
20211128 015005.973 INFO             PET1  PASS  Example ESMF_NUOPCAtmModelEx, ESMF_NUOPCAtmModelEx.F90, line 806
20211128 015005.973 INFO             PET1 Finalizing ESMF
20211128 015005.906 INFO             PET2 !!!!!!!!!!!!!!!!!!!!!!!!!!!!!!!!!!!!!!!!!!!!!!!!!!!!!!
20211128 015005.906 INFO             PET2 !!! THE ESMF_LOG IS SET TO OUTPUT ALL LOG MESSAGES !!!
20211128 015005.906 INFO             PET2 !!!     THIS MAY CAUSE SLOWDOWN IN PERFORMANCE     !!!
20211128 015005.906 INFO             PET2 !!! FOR PRODUCTION RUNS, USE:                      !!!
20211128 015005.906 INFO             PET2 !!!                   ESMF_LOGKIND_Multi_On_Error  !!!
20211128 015005.906 INFO             PET2 !!!!!!!!!!!!!!!!!!!!!!!!!!!!!!!!!!!!!!!!!!!!!!!!!!!!!!
20211128 015005.906 INFO             PET2 Running with ESMF Version   : ESMF_8_3_0_beta_snapshot_03
20211128 015005.906 INFO             PET2 ESMF library build date/time: "Nov 28 2021" "01:31:34"
20211128 015005.906 INFO             PET2 ESMF library build location : /lfs/h1/emc/ptmp/Mark.Potts/intel_2019.3_mpi_g_develop
20211128 015005.906 INFO             PET2 ESMF_COMM                   : mpi
20211128 015005.907 INFO             PET2 ESMF_MOAB                   : enabled
20211128 015005.907 INFO             PET2 ESMF_LAPACK                 : enabled
20211128 015005.907 INFO             PET2 ESMF_NETCDF                 : enabled
20211128 015005.907 INFO             PET2 ESMF_PNETCDF                : disabled
20211128 015005.907 INFO             PET2 ESMF_PIO                    : enabled
20211128 015005.907 INFO             PET2 ESMF_YAMLCPP                : enabled
20211128 015005.953 DEBUG            PET2 about to destroy Grid: 0x1e15a40
20211128 015005.959 DEBUG            PET2 about to destroy Grid: 0x1e168c0
20211128 015005.973 INFO             PET2  NUMBER_OF_PROCESSORS           4
20211128 015005.973 INFO             PET2  PASS  Example ESMF_NUOPCAtmModelEx, ESMF_NUOPCAtmModelEx.F90, line 806
20211128 015005.973 INFO             PET2 Finalizing ESMF
20211128 015005.906 INFO             PET3 !!!!!!!!!!!!!!!!!!!!!!!!!!!!!!!!!!!!!!!!!!!!!!!!!!!!!!
20211128 015005.906 INFO             PET3 !!! THE ESMF_LOG IS SET TO OUTPUT ALL LOG MESSAGES !!!
20211128 015005.906 INFO             PET3 !!!     THIS MAY CAUSE SLOWDOWN IN PERFORMANCE     !!!
20211128 015005.906 INFO             PET3 !!! FOR PRODUCTION RUNS, USE:                      !!!
20211128 015005.906 INFO             PET3 !!!                   ESMF_LOGKIND_Multi_On_Error  !!!
20211128 015005.906 INFO             PET3 !!!!!!!!!!!!!!!!!!!!!!!!!!!!!!!!!!!!!!!!!!!!!!!!!!!!!!
20211128 015005.906 INFO             PET3 Running with ESMF Version   : ESMF_8_3_0_beta_snapshot_03
20211128 015005.906 INFO             PET3 ESMF library build date/time: "Nov 28 2021" "01:31:34"
20211128 015005.906 INFO             PET3 ESMF library build location : /lfs/h1/emc/ptmp/Mark.Potts/intel_2019.3_mpi_g_develop
20211128 015005.906 INFO             PET3 ESMF_COMM                   : mpi
20211128 015005.907 INFO             PET3 ESMF_MOAB                   : enabled
20211128 015005.907 INFO             PET3 ESMF_LAPACK                 : enabled
20211128 015005.907 INFO             PET3 ESMF_NETCDF                 : enabled
20211128 015005.907 INFO             PET3 ESMF_PNETCDF                : disabled
20211128 015005.907 INFO             PET3 ESMF_PIO                    : enabled
20211128 015005.907 INFO             PET3 ESMF_YAMLCPP                : enabled
20211128 015005.953 DEBUG            PET3 about to destroy Grid: 0x153da20
20211128 015005.959 DEBUG            PET3 about to destroy Grid: 0x153e8a0
20211128 015005.973 INFO             PET3  NUMBER_OF_PROCESSORS           4
20211128 015005.973 INFO             PET3  PASS  Example ESMF_NUOPCAtmModelEx, ESMF_NUOPCAtmModelEx.F90, line 806
20211128 015005.973 INFO             PET3 Finalizing ESMF
