build time -- 2021-10-04 20:14:52
20211004 203146.810 INFO             PET0 !!!!!!!!!!!!!!!!!!!!!!!!!!!!!!!!!!!!!!!!!!!!!!!!!!!!!!
20211004 203146.810 INFO             PET0 !!! THE ESMF_LOG IS SET TO OUTPUT ALL LOG MESSAGES !!!
20211004 203146.810 INFO             PET0 !!!     THIS MAY CAUSE SLOWDOWN IN PERFORMANCE     !!!
20211004 203146.810 INFO             PET0 !!! FOR PRODUCTION RUNS, USE:                      !!!
20211004 203146.810 INFO             PET0 !!!                   ESMF_LOGKIND_Multi_On_Error  !!!
20211004 203146.810 INFO             PET0 !!!!!!!!!!!!!!!!!!!!!!!!!!!!!!!!!!!!!!!!!!!!!!!!!!!!!!
20211004 203146.810 INFO             PET0 Running with ESMF Version   : ESMF_8_2_0_beta_snapshot_20-18-g0aeed17f50
20211004 203146.810 INFO             PET0 ESMF library build date/time: "Oct  4 2021" "20:13:37"
20211004 203146.810 INFO             PET0 ESMF library build location : /lfs/h1/emc/ptmp/Mark.Potts/intel_2019.3_mpi_g_develop
20211004 203146.810 INFO             PET0 ESMF_COMM                   : mpi
20211004 203146.811 INFO             PET0 ESMF_MOAB                   : enabled
20211004 203146.811 INFO             PET0 ESMF_LAPACK                 : enabled
20211004 203146.811 INFO             PET0 ESMF_NETCDF                 : enabled
20211004 203146.811 INFO             PET0 ESMF_PNETCDF                : disabled
20211004 203146.811 INFO             PET0 ESMF_PIO                    : enabled
20211004 203146.811 INFO             PET0 ESMF_YAMLCPP                : enabled
20211004 203146.811 INFO             PET0  NUMBER_OF_PROCESSORS           2
20211004 203146.811 INFO             PET0  PASS  Example ESMF_VMUserMpiCommEx, ESMF_VMUserMpiCommEx.F90, line 113
20211004 203146.811 INFO             PET0 Finalizing ESMF
20211004 203146.810 INFO             PET1 !!!!!!!!!!!!!!!!!!!!!!!!!!!!!!!!!!!!!!!!!!!!!!!!!!!!!!
20211004 203146.810 INFO             PET1 !!! THE ESMF_LOG IS SET TO OUTPUT ALL LOG MESSAGES !!!
20211004 203146.810 INFO             PET1 !!!     THIS MAY CAUSE SLOWDOWN IN PERFORMANCE     !!!
20211004 203146.810 INFO             PET1 !!! FOR PRODUCTION RUNS, USE:                      !!!
20211004 203146.810 INFO             PET1 !!!                   ESMF_LOGKIND_Multi_On_Error  !!!
20211004 203146.810 INFO             PET1 !!!!!!!!!!!!!!!!!!!!!!!!!!!!!!!!!!!!!!!!!!!!!!!!!!!!!!
20211004 203146.810 INFO             PET1 Running with ESMF Version   : ESMF_8_2_0_beta_snapshot_20-18-g0aeed17f50
20211004 203146.810 INFO             PET1 ESMF library build date/time: "Oct  4 2021" "20:13:37"
20211004 203146.810 INFO             PET1 ESMF library build location : /lfs/h1/emc/ptmp/Mark.Potts/intel_2019.3_mpi_g_develop
20211004 203146.810 INFO             PET1 ESMF_COMM                   : mpi
20211004 203146.811 INFO             PET1 ESMF_MOAB                   : enabled
20211004 203146.811 INFO             PET1 ESMF_LAPACK                 : enabled
20211004 203146.811 INFO             PET1 ESMF_NETCDF                 : enabled
20211004 203146.811 INFO             PET1 ESMF_PNETCDF                : disabled
20211004 203146.811 INFO             PET1 ESMF_PIO                    : enabled
20211004 203146.811 INFO             PET1 ESMF_YAMLCPP                : enabled
20211004 203146.811 INFO             PET1  NUMBER_OF_PROCESSORS           2
20211004 203146.811 INFO             PET1  PASS  Example ESMF_VMUserMpiCommEx, ESMF_VMUserMpiCommEx.F90, line 113
20211004 203146.811 INFO             PET1 Finalizing ESMF
