build time -- 2021-10-26 06:26:40
20211026 083736.137 INFO             PET0 !!!!!!!!!!!!!!!!!!!!!!!!!!!!!!!!!!!!!!!!!!!!!!!!!!!!!!
20211026 083736.137 INFO             PET0 !!! THE ESMF_LOG IS SET TO OUTPUT ALL LOG MESSAGES !!!
20211026 083736.137 INFO             PET0 !!!     THIS MAY CAUSE SLOWDOWN IN PERFORMANCE     !!!
20211026 083736.137 INFO             PET0 !!! FOR PRODUCTION RUNS, USE:                      !!!
20211026 083736.137 INFO             PET0 !!!                   ESMF_LOGKIND_Multi_On_Error  !!!
20211026 083736.137 INFO             PET0 !!!!!!!!!!!!!!!!!!!!!!!!!!!!!!!!!!!!!!!!!!!!!!!!!!!!!!
20211026 083736.137 INFO             PET0 Running with ESMF Version   : ESMF_8_2_0_beta_snapshot_23-1-g304824bdb1
20211026 083736.137 INFO             PET0 ESMF library build date/time: "Oct 26 2021" "06:25:09"
20211026 083736.137 INFO             PET0 ESMF library build location : /scratch1/NCEPDEV/stmp2/Mark.Potts/intel_18.0.4_mpiuni_O_release_8.2.0
20211026 083736.137 INFO             PET0 ESMF_COMM                   : mpiuni
20211026 083736.138 INFO             PET0 ESMF_MOAB                   : enabled
20211026 083736.138 INFO             PET0 ESMF_LAPACK                 : enabled
20211026 083736.138 INFO             PET0 ESMF_NETCDF                 : enabled
20211026 083736.138 INFO             PET0 ESMF_PNETCDF                : disabled
20211026 083736.138 INFO             PET0 ESMF_PIO                    : disabled
20211026 083736.138 INFO             PET0 ESMF_YAMLCPP                : enabled
20211026 083736.169 DEBUG            PET0 about to destroy Grid: 0x1acbb90
20211026 083736.173 DEBUG            PET0 about to destroy Grid: 0x1acda20
20211026 083736.182 INFO             PET0  NUMBER_OF_PROCESSORS           1
20211026 083736.182 INFO             PET0  PASS  Example ESMF_NUOPCAtmModelEx, ESMF_NUOPCAtmModelEx.F90, line 806
20211026 083736.182 INFO             PET0 Finalizing ESMF
