build time -- 2021-10-15 09:18:31
20211015 094848.538 INFO             PET0 !!!!!!!!!!!!!!!!!!!!!!!!!!!!!!!!!!!!!!!!!!!!!!!!!!!!!!
20211015 094848.538 INFO             PET0 !!! THE ESMF_LOG IS SET TO OUTPUT ALL LOG MESSAGES !!!
20211015 094848.538 INFO             PET0 !!!     THIS MAY CAUSE SLOWDOWN IN PERFORMANCE     !!!
20211015 094848.538 INFO             PET0 !!! FOR PRODUCTION RUNS, USE:                      !!!
20211015 094848.538 INFO             PET0 !!!                   ESMF_LOGKIND_Multi_On_Error  !!!
20211015 094848.538 INFO             PET0 !!!!!!!!!!!!!!!!!!!!!!!!!!!!!!!!!!!!!!!!!!!!!!!!!!!!!!
20211015 094848.538 INFO             PET0 Running with ESMF Version   : ESMF_8_2_0_beta_snapshot_22-10-g6974ca47a6
20211015 094848.538 INFO             PET0 ESMF library build date/time: "Oct 15 2021" "09:16:55"
20211015 094848.538 INFO             PET0 ESMF library build location : /scratch1/NCEPDEV/stmp2/Mark.Potts/intel_18.0.4_mpiuni_O_release_8.2.0
20211015 094848.538 INFO             PET0 ESMF_COMM                   : mpiuni
20211015 094848.539 INFO             PET0 ESMF_MOAB                   : enabled
20211015 094848.539 INFO             PET0 ESMF_LAPACK                 : enabled
20211015 094848.539 INFO             PET0 ESMF_NETCDF                 : enabled
20211015 094848.539 INFO             PET0 ESMF_PNETCDF                : disabled
20211015 094848.539 INFO             PET0 ESMF_PIO                    : disabled
20211015 094848.539 INFO             PET0 ESMF_YAMLCPP                : enabled
20211015 094848.539 INFO             PET0 ESMF Tracing Enabled
20211015 094848.539 INFO             PET0 ESMF Profiling Enabled
20211015 094848.539 INFO             PET0 ESMF Trace/Profile clock: REALTIME
20211015 094848.543 INFO             PET0  NUMBER_OF_PROCESSORS           1
20211015 094848.543 INFO             PET0  PASS  Example ESMF_TraceEx, ESMF_TraceEx.F90, line 178
20211015 094848.543 INFO             PET0 Finalizing ESMF
20211015 094848.543 INFO             PET0 **************** Region Timings *******************
20211015 094848.543 INFO             PET0 Region              Count  Total (s)   Self (s)    Mean (s)    Min (s)     Max (s)
20211015 094848.543 INFO             PET0   [test] Run 1      5      0.0000      0.0000      0.0000      0.0000      0.0000
20211015 094848.543 INFO             PET0   [test] Init 1     1      0.0000      0.0000      0.0000      0.0000      0.0000
20211015 094848.543 INFO             PET0   [test] Final 1    1      0.0000      0.0000      0.0000      0.0000      0.0000
