build time -- 2022-01-08 06:24:49.149749
20220108 072345.556 INFO             PET0 !!!!!!!!!!!!!!!!!!!!!!!!!!!!!!!!!!!!!!!!!!!!!!!!!!!!!!
20220108 072345.556 INFO             PET0 !!! THE ESMF_LOG IS SET TO OUTPUT ALL LOG MESSAGES !!!
20220108 072345.556 INFO             PET0 !!!     THIS MAY CAUSE SLOWDOWN IN PERFORMANCE     !!!
20220108 072345.556 INFO             PET0 !!! FOR PRODUCTION RUNS, USE:                      !!!
20220108 072345.556 INFO             PET0 !!!                   ESMF_LOGKIND_Multi_On_Error  !!!
20220108 072345.556 INFO             PET0 !!!!!!!!!!!!!!!!!!!!!!!!!!!!!!!!!!!!!!!!!!!!!!!!!!!!!!
20220108 072345.556 INFO             PET0 Running with ESMF Version   : ESMF_8_3_0_beta_snapshot_05-1-g3e9d170f1f
20220108 072345.556 INFO             PET0 ESMF library build date/time: "Jan  8 2022" "06:19:35"
20220108 072345.556 INFO             PET0 ESMF library build location : /glade/scratch/rlong/esmf-testing/intel_18.0.5_mpt_O_develop
20220108 072345.556 INFO             PET0 ESMF_COMM                   : mpt
20220108 072345.556 INFO             PET0 ESMF_MOAB                   : enabled
20220108 072345.556 INFO             PET0 ESMF_LAPACK                 : enabled
20220108 072345.556 INFO             PET0 ESMF_NETCDF                 : enabled
20220108 072345.556 INFO             PET0 ESMF_PNETCDF                : disabled
20220108 072345.556 INFO             PET0 ESMF_PIO                    : enabled
20220108 072345.556 INFO             PET0 ESMF_YAMLCPP                : enabled
20220108 072345.927 INFO             PET0  NUMBER_OF_PROCESSORS           4
20220108 072345.927 INFO             PET0  PASS  Example ESMF_ArrayRedistEx, ESMF_ArrayRedistEx.F90, line 595
20220108 072345.927 INFO             PET0 Finalizing ESMF
20220108 072345.556 INFO             PET1 !!!!!!!!!!!!!!!!!!!!!!!!!!!!!!!!!!!!!!!!!!!!!!!!!!!!!!
20220108 072345.557 INFO             PET1 !!! THE ESMF_LOG IS SET TO OUTPUT ALL LOG MESSAGES !!!
20220108 072345.557 INFO             PET1 !!!     THIS MAY CAUSE SLOWDOWN IN PERFORMANCE     !!!
20220108 072345.557 INFO             PET1 !!! FOR PRODUCTION RUNS, USE:                      !!!
20220108 072345.557 INFO             PET1 !!!                   ESMF_LOGKIND_Multi_On_Error  !!!
20220108 072345.557 INFO             PET1 !!!!!!!!!!!!!!!!!!!!!!!!!!!!!!!!!!!!!!!!!!!!!!!!!!!!!!
20220108 072345.557 INFO             PET1 Running with ESMF Version   : ESMF_8_3_0_beta_snapshot_05-1-g3e9d170f1f
20220108 072345.557 INFO             PET1 ESMF library build date/time: "Jan  8 2022" "06:19:35"
20220108 072345.557 INFO             PET1 ESMF library build location : /glade/scratch/rlong/esmf-testing/intel_18.0.5_mpt_O_develop
20220108 072345.557 INFO             PET1 ESMF_COMM                   : mpt
20220108 072345.557 INFO             PET1 ESMF_MOAB                   : enabled
20220108 072345.557 INFO             PET1 ESMF_LAPACK                 : enabled
20220108 072345.557 INFO             PET1 ESMF_NETCDF                 : enabled
20220108 072345.557 INFO             PET1 ESMF_PNETCDF                : disabled
20220108 072345.557 INFO             PET1 ESMF_PIO                    : enabled
20220108 072345.557 INFO             PET1 ESMF_YAMLCPP                : enabled
20220108 072345.927 INFO             PET1  NUMBER_OF_PROCESSORS           4
20220108 072345.927 INFO             PET1  PASS  Example ESMF_ArrayRedistEx, ESMF_ArrayRedistEx.F90, line 595
20220108 072345.927 INFO             PET1 Finalizing ESMF
20220108 072345.557 INFO             PET2 !!!!!!!!!!!!!!!!!!!!!!!!!!!!!!!!!!!!!!!!!!!!!!!!!!!!!!
20220108 072345.557 INFO             PET2 !!! THE ESMF_LOG IS SET TO OUTPUT ALL LOG MESSAGES !!!
20220108 072345.557 INFO             PET2 !!!     THIS MAY CAUSE SLOWDOWN IN PERFORMANCE     !!!
20220108 072345.557 INFO             PET2 !!! FOR PRODUCTION RUNS, USE:                      !!!
20220108 072345.557 INFO             PET2 !!!                   ESMF_LOGKIND_Multi_On_Error  !!!
20220108 072345.557 INFO             PET2 !!!!!!!!!!!!!!!!!!!!!!!!!!!!!!!!!!!!!!!!!!!!!!!!!!!!!!
20220108 072345.557 INFO             PET2 Running with ESMF Version   : ESMF_8_3_0_beta_snapshot_05-1-g3e9d170f1f
20220108 072345.557 INFO             PET2 ESMF library build date/time: "Jan  8 2022" "06:19:35"
20220108 072345.557 INFO             PET2 ESMF library build location : /glade/scratch/rlong/esmf-testing/intel_18.0.5_mpt_O_develop
20220108 072345.557 INFO             PET2 ESMF_COMM                   : mpt
20220108 072345.557 INFO             PET2 ESMF_MOAB                   : enabled
20220108 072345.557 INFO             PET2 ESMF_LAPACK                 : enabled
20220108 072345.557 INFO             PET2 ESMF_NETCDF                 : enabled
20220108 072345.557 INFO             PET2 ESMF_PNETCDF                : disabled
20220108 072345.557 INFO             PET2 ESMF_PIO                    : enabled
20220108 072345.557 INFO             PET2 ESMF_YAMLCPP                : enabled
20220108 072345.927 INFO             PET2  NUMBER_OF_PROCESSORS           4
20220108 072345.927 INFO             PET2  PASS  Example ESMF_ArrayRedistEx, ESMF_ArrayRedistEx.F90, line 595
20220108 072345.927 INFO             PET2 Finalizing ESMF
20220108 072345.556 INFO             PET3 !!!!!!!!!!!!!!!!!!!!!!!!!!!!!!!!!!!!!!!!!!!!!!!!!!!!!!
20220108 072345.556 INFO             PET3 !!! THE ESMF_LOG IS SET TO OUTPUT ALL LOG MESSAGES !!!
20220108 072345.556 INFO             PET3 !!!     THIS MAY CAUSE SLOWDOWN IN PERFORMANCE     !!!
20220108 072345.556 INFO             PET3 !!! FOR PRODUCTION RUNS, USE:                      !!!
20220108 072345.556 INFO             PET3 !!!                   ESMF_LOGKIND_Multi_On_Error  !!!
20220108 072345.556 INFO             PET3 !!!!!!!!!!!!!!!!!!!!!!!!!!!!!!!!!!!!!!!!!!!!!!!!!!!!!!
20220108 072345.556 INFO             PET3 Running with ESMF Version   : ESMF_8_3_0_beta_snapshot_05-1-g3e9d170f1f
20220108 072345.556 INFO             PET3 ESMF library build date/time: "Jan  8 2022" "06:19:35"
20220108 072345.556 INFO             PET3 ESMF library build location : /glade/scratch/rlong/esmf-testing/intel_18.0.5_mpt_O_develop
20220108 072345.556 INFO             PET3 ESMF_COMM                   : mpt
20220108 072345.557 INFO             PET3 ESMF_MOAB                   : enabled
20220108 072345.557 INFO             PET3 ESMF_LAPACK                 : enabled
20220108 072345.557 INFO             PET3 ESMF_NETCDF                 : enabled
20220108 072345.557 INFO             PET3 ESMF_PNETCDF                : disabled
20220108 072345.557 INFO             PET3 ESMF_PIO                    : enabled
20220108 072345.557 INFO             PET3 ESMF_YAMLCPP                : enabled
20220108 072345.927 INFO             PET3  NUMBER_OF_PROCESSORS           4
20220108 072345.927 INFO             PET3  PASS  Example ESMF_ArrayRedistEx, ESMF_ArrayRedistEx.F90, line 595
20220108 072345.927 INFO             PET3 Finalizing ESMF
