build time -- 2022-01-25 06:25:08.807130
20220125 072620.458 INFO             PET0 !!!!!!!!!!!!!!!!!!!!!!!!!!!!!!!!!!!!!!!!!!!!!!!!!!!!!!
20220125 072620.458 INFO             PET0 !!! THE ESMF_LOG IS SET TO OUTPUT ALL LOG MESSAGES !!!
20220125 072620.458 INFO             PET0 !!!     THIS MAY CAUSE SLOWDOWN IN PERFORMANCE     !!!
20220125 072620.458 INFO             PET0 !!! FOR PRODUCTION RUNS, USE:                      !!!
20220125 072620.458 INFO             PET0 !!!                   ESMF_LOGKIND_Multi_On_Error  !!!
20220125 072620.458 INFO             PET0 !!!!!!!!!!!!!!!!!!!!!!!!!!!!!!!!!!!!!!!!!!!!!!!!!!!!!!
20220125 072620.458 INFO             PET0 Running with ESMF Version   : ESMF_8_3_0_beta_snapshot_06-9-gd3f8b21f06
20220125 072620.458 INFO             PET0 ESMF library build date/time: "Jan 25 2022" "06:19:49"
20220125 072620.458 INFO             PET0 ESMF library build location : /glade/scratch/rlong/esmf-testing/intel_18.0.5_mpt_O_develop
20220125 072620.458 INFO             PET0 ESMF_COMM                   : mpt
20220125 072620.459 INFO             PET0 ESMF_MOAB                   : enabled
20220125 072620.459 INFO             PET0 ESMF_LAPACK                 : enabled
20220125 072620.459 INFO             PET0 ESMF_NETCDF                 : enabled
20220125 072620.459 INFO             PET0 ESMF_PNETCDF                : disabled
20220125 072620.459 INFO             PET0 ESMF_PIO                    : enabled
20220125 072620.459 INFO             PET0 ESMF_YAMLCPP                : enabled
20220125 072620.461 INFO             PET0  NUMBER_OF_PROCESSORS           1
20220125 072620.461 INFO             PET0  PASS  Example ESMF_XGridSparseMatEx, ESMF_XGridSparseMatEx.F90, line 642
20220125 072620.461 INFO             PET0 Finalizing ESMF
