build time -- 2022-02-14 05:56:08
20220214 061158.567 INFO             PET0 !!!!!!!!!!!!!!!!!!!!!!!!!!!!!!!!!!!!!!!!!!!!!!!!!!!!!!
20220214 061158.568 INFO             PET0 !!! THE ESMF_LOG IS SET TO OUTPUT ALL LOG MESSAGES !!!
20220214 061158.568 INFO             PET0 !!!     THIS MAY CAUSE SLOWDOWN IN PERFORMANCE     !!!
20220214 061158.568 INFO             PET0 !!! FOR PRODUCTION RUNS, USE:                      !!!
20220214 061158.568 INFO             PET0 !!!                   ESMF_LOGKIND_Multi_On_Error  !!!
20220214 061158.568 INFO             PET0 !!!!!!!!!!!!!!!!!!!!!!!!!!!!!!!!!!!!!!!!!!!!!!!!!!!!!!
20220214 061158.568 INFO             PET0 Running with ESMF Version   : ESMF_8_3_0_beta_snapshot_06-14-g9f69d9060c
20220214 061158.568 INFO             PET0 ESMF library build date/time: "Feb 14 2022" "05:55:12"
20220214 061158.568 INFO             PET0 ESMF library build location : /scratch1/NCEPDEV/stmp2/role.esmfmaint/gfortran_9.2.0_mpiuni_O_develop
20220214 061158.568 INFO             PET0 ESMF_COMM                   : mpiuni
20220214 061158.568 INFO             PET0 ESMF_MOAB                   : enabled
20220214 061158.568 INFO             PET0 ESMF_LAPACK                 : enabled
20220214 061158.568 INFO             PET0 ESMF_NETCDF                 : enabled
20220214 061158.568 INFO             PET0 ESMF_PNETCDF                : disabled
20220214 061158.568 INFO             PET0 ESMF_PIO                    : disabled
20220214 061158.568 INFO             PET0 ESMF_YAMLCPP                : enabled
20220214 061158.570 INFO             PET0 ESMF_FieldRedistStoreNF(): Just entered routine.
20220214 061158.673 INFO             PET0 ESMF_FieldRedistStoreNF(): Leaving routine.
20220214 061158.683 INFO             PET0  NUMBER_OF_PROCESSORS           1
20220214 061158.683 INFO             PET0  PASS  Example ESMF_RHandleFromFileEx, ESMF_RHandleFromFileEx.F90, line 192
20220214 061158.683 INFO             PET0 Finalizing ESMF
