build time -- 2022-02-15 05:55:33
20220215 061123.750 INFO             PET0 !!!!!!!!!!!!!!!!!!!!!!!!!!!!!!!!!!!!!!!!!!!!!!!!!!!!!!
20220215 061123.750 INFO             PET0 !!! THE ESMF_LOG IS SET TO OUTPUT ALL LOG MESSAGES !!!
20220215 061123.750 INFO             PET0 !!!     THIS MAY CAUSE SLOWDOWN IN PERFORMANCE     !!!
20220215 061123.750 INFO             PET0 !!! FOR PRODUCTION RUNS, USE:                      !!!
20220215 061123.750 INFO             PET0 !!!                   ESMF_LOGKIND_Multi_On_Error  !!!
20220215 061123.750 INFO             PET0 !!!!!!!!!!!!!!!!!!!!!!!!!!!!!!!!!!!!!!!!!!!!!!!!!!!!!!
20220215 061123.750 INFO             PET0 Running with ESMF Version   : ESMF_8_3_0_beta_snapshot_06-14-g9f69d9060c
20220215 061123.750 INFO             PET0 ESMF library build date/time: "Feb 15 2022" "05:54:38"
20220215 061123.751 INFO             PET0 ESMF library build location : /scratch1/NCEPDEV/stmp2/role.esmfmaint/gfortran_9.2.0_mpiuni_O_develop
20220215 061123.751 INFO             PET0 ESMF_COMM                   : mpiuni
20220215 061123.751 INFO             PET0 ESMF_MOAB                   : enabled
20220215 061123.751 INFO             PET0 ESMF_LAPACK                 : enabled
20220215 061123.751 INFO             PET0 ESMF_NETCDF                 : enabled
20220215 061123.751 INFO             PET0 ESMF_PNETCDF                : disabled
20220215 061123.751 INFO             PET0 ESMF_PIO                    : disabled
20220215 061123.751 INFO             PET0 ESMF_YAMLCPP                : enabled
20220215 061123.752 INFO             PET0  NUMBER_OF_PROCESSORS           1
20220215 061123.752 INFO             PET0  PASS  Example ESMF_VMDefaultBasicsEx, ESMF_VMDefaultBasicsEx.F90, line 107
20220215 061123.752 INFO             PET0 Finalizing ESMF
