build time -- 2022-01-27 02:31:47
20220127 051804.676 INFO             PET0 !!!!!!!!!!!!!!!!!!!!!!!!!!!!!!!!!!!!!!!!!!!!!!!!!!!!!!
20220127 051804.676 INFO             PET0 !!! THE ESMF_LOG IS SET TO OUTPUT ALL LOG MESSAGES !!!
20220127 051804.676 INFO             PET0 !!!     THIS MAY CAUSE SLOWDOWN IN PERFORMANCE     !!!
20220127 051804.676 INFO             PET0 !!! FOR PRODUCTION RUNS, USE:                      !!!
20220127 051804.676 INFO             PET0 !!!                   ESMF_LOGKIND_Multi_On_Error  !!!
20220127 051804.676 INFO             PET0 !!!!!!!!!!!!!!!!!!!!!!!!!!!!!!!!!!!!!!!!!!!!!!!!!!!!!!
20220127 051804.676 INFO             PET0 Running with ESMF Version   : ESMF_8_3_0_beta_snapshot_06-83-g4a71250
20220127 051804.676 INFO             PET0 ESMF library build date/time: "Jan 27 2022" "02:30:21"
20220127 051804.676 INFO             PET0 ESMF library build location : /work/noaa/da/mpotts/sandbox/intel_2020_intelmpi_O_jedwards_pio_update
20220127 051804.676 INFO             PET0 ESMF_COMM                   : intelmpi
20220127 051804.677 INFO             PET0 ESMF_MOAB                   : enabled
20220127 051804.677 INFO             PET0 ESMF_LAPACK                 : enabled
20220127 051804.677 INFO             PET0 ESMF_NETCDF                 : enabled
20220127 051804.677 INFO             PET0 ESMF_PNETCDF                : disabled
20220127 051804.677 INFO             PET0 ESMF_PIO                    : enabled
20220127 051804.677 INFO             PET0 ESMF_YAMLCPP                : enabled
20220127 051805.086 INFO             PET0  NUMBER_OF_PROCESSORS           4
20220127 051805.086 INFO             PET0  PASS  Example ESMF_CplEx, ESMF_CplEx.F90, line 457
20220127 051805.086 INFO             PET0 Finalizing ESMF
20220127 051805.086 INFO             PET0 ESMCI_IO_Handler.C:330 ESMCI::IO_Handler::finalize() 
20220127 051805.086 INFO             PET0 ESMCI_PIO_Handler.C:348 ESMCI::PIO_Handler::finalize() 
20220127 051805.086 INFO             PET0 ESMCI_IO_Handler.C:332 ESMCI::IO_Handler::finalize() after finalize, localrc = 0
20220127 051805.086 INFO             PET0 ESMCI_IO_Handler.C:355 ESMCI::IO_Handler::finalize() before return, localrc = 0
20220127 051804.685 INFO             PET1 !!!!!!!!!!!!!!!!!!!!!!!!!!!!!!!!!!!!!!!!!!!!!!!!!!!!!!
20220127 051804.685 INFO             PET1 !!! THE ESMF_LOG IS SET TO OUTPUT ALL LOG MESSAGES !!!
20220127 051804.685 INFO             PET1 !!!     THIS MAY CAUSE SLOWDOWN IN PERFORMANCE     !!!
20220127 051804.685 INFO             PET1 !!! FOR PRODUCTION RUNS, USE:                      !!!
20220127 051804.685 INFO             PET1 !!!                   ESMF_LOGKIND_Multi_On_Error  !!!
20220127 051804.685 INFO             PET1 !!!!!!!!!!!!!!!!!!!!!!!!!!!!!!!!!!!!!!!!!!!!!!!!!!!!!!
20220127 051804.685 INFO             PET1 Running with ESMF Version   : ESMF_8_3_0_beta_snapshot_06-83-g4a71250
20220127 051804.685 INFO             PET1 ESMF library build date/time: "Jan 27 2022" "02:30:21"
20220127 051804.685 INFO             PET1 ESMF library build location : /work/noaa/da/mpotts/sandbox/intel_2020_intelmpi_O_jedwards_pio_update
20220127 051804.685 INFO             PET1 ESMF_COMM                   : intelmpi
20220127 051804.687 INFO             PET1 ESMF_MOAB                   : enabled
20220127 051804.687 INFO             PET1 ESMF_LAPACK                 : enabled
20220127 051804.687 INFO             PET1 ESMF_NETCDF                 : enabled
20220127 051804.687 INFO             PET1 ESMF_PNETCDF                : disabled
20220127 051804.687 INFO             PET1 ESMF_PIO                    : enabled
20220127 051804.687 INFO             PET1 ESMF_YAMLCPP                : enabled
20220127 051805.085 INFO             PET1  NUMBER_OF_PROCESSORS           4
20220127 051805.085 INFO             PET1  PASS  Example ESMF_CplEx, ESMF_CplEx.F90, line 457
20220127 051805.085 INFO             PET1 Finalizing ESMF
20220127 051805.085 INFO             PET1 ESMCI_IO_Handler.C:330 ESMCI::IO_Handler::finalize() 
20220127 051805.085 INFO             PET1 ESMCI_PIO_Handler.C:348 ESMCI::PIO_Handler::finalize() 
20220127 051805.085 INFO             PET1 ESMCI_IO_Handler.C:332 ESMCI::IO_Handler::finalize() after finalize, localrc = 0
20220127 051805.085 INFO             PET1 ESMCI_IO_Handler.C:355 ESMCI::IO_Handler::finalize() before return, localrc = 0
20220127 051804.696 INFO             PET2 !!!!!!!!!!!!!!!!!!!!!!!!!!!!!!!!!!!!!!!!!!!!!!!!!!!!!!
20220127 051804.696 INFO             PET2 !!! THE ESMF_LOG IS SET TO OUTPUT ALL LOG MESSAGES !!!
20220127 051804.696 INFO             PET2 !!!     THIS MAY CAUSE SLOWDOWN IN PERFORMANCE     !!!
20220127 051804.696 INFO             PET2 !!! FOR PRODUCTION RUNS, USE:                      !!!
20220127 051804.696 INFO             PET2 !!!                   ESMF_LOGKIND_Multi_On_Error  !!!
20220127 051804.696 INFO             PET2 !!!!!!!!!!!!!!!!!!!!!!!!!!!!!!!!!!!!!!!!!!!!!!!!!!!!!!
20220127 051804.696 INFO             PET2 Running with ESMF Version   : ESMF_8_3_0_beta_snapshot_06-83-g4a71250
20220127 051804.696 INFO             PET2 ESMF library build date/time: "Jan 27 2022" "02:30:21"
20220127 051804.696 INFO             PET2 ESMF library build location : /work/noaa/da/mpotts/sandbox/intel_2020_intelmpi_O_jedwards_pio_update
20220127 051804.696 INFO             PET2 ESMF_COMM                   : intelmpi
20220127 051804.699 INFO             PET2 ESMF_MOAB                   : enabled
20220127 051804.699 INFO             PET2 ESMF_LAPACK                 : enabled
20220127 051804.699 INFO             PET2 ESMF_NETCDF                 : enabled
20220127 051804.699 INFO             PET2 ESMF_PNETCDF                : disabled
20220127 051804.699 INFO             PET2 ESMF_PIO                    : enabled
20220127 051804.699 INFO             PET2 ESMF_YAMLCPP                : enabled
20220127 051805.098 INFO             PET2  NUMBER_OF_PROCESSORS           4
20220127 051805.098 INFO             PET2  PASS  Example ESMF_CplEx, ESMF_CplEx.F90, line 457
20220127 051805.098 INFO             PET2 Finalizing ESMF
20220127 051805.098 INFO             PET2 ESMCI_IO_Handler.C:330 ESMCI::IO_Handler::finalize() 
20220127 051805.098 INFO             PET2 ESMCI_PIO_Handler.C:348 ESMCI::PIO_Handler::finalize() 
20220127 051805.098 INFO             PET2 ESMCI_IO_Handler.C:332 ESMCI::IO_Handler::finalize() after finalize, localrc = 0
20220127 051805.098 INFO             PET2 ESMCI_IO_Handler.C:355 ESMCI::IO_Handler::finalize() before return, localrc = 0
20220127 051804.705 INFO             PET3 !!!!!!!!!!!!!!!!!!!!!!!!!!!!!!!!!!!!!!!!!!!!!!!!!!!!!!
20220127 051804.705 INFO             PET3 !!! THE ESMF_LOG IS SET TO OUTPUT ALL LOG MESSAGES !!!
20220127 051804.705 INFO             PET3 !!!     THIS MAY CAUSE SLOWDOWN IN PERFORMANCE     !!!
20220127 051804.705 INFO             PET3 !!! FOR PRODUCTION RUNS, USE:                      !!!
20220127 051804.705 INFO             PET3 !!!                   ESMF_LOGKIND_Multi_On_Error  !!!
20220127 051804.705 INFO             PET3 !!!!!!!!!!!!!!!!!!!!!!!!!!!!!!!!!!!!!!!!!!!!!!!!!!!!!!
20220127 051804.705 INFO             PET3 Running with ESMF Version   : ESMF_8_3_0_beta_snapshot_06-83-g4a71250
20220127 051804.705 INFO             PET3 ESMF library build date/time: "Jan 27 2022" "02:30:21"
20220127 051804.705 INFO             PET3 ESMF library build location : /work/noaa/da/mpotts/sandbox/intel_2020_intelmpi_O_jedwards_pio_update
20220127 051804.705 INFO             PET3 ESMF_COMM                   : intelmpi
20220127 051804.706 INFO             PET3 ESMF_MOAB                   : enabled
20220127 051804.706 INFO             PET3 ESMF_LAPACK                 : enabled
20220127 051804.706 INFO             PET3 ESMF_NETCDF                 : enabled
20220127 051804.706 INFO             PET3 ESMF_PNETCDF                : disabled
20220127 051804.706 INFO             PET3 ESMF_PIO                    : enabled
20220127 051804.706 INFO             PET3 ESMF_YAMLCPP                : enabled
20220127 051805.107 INFO             PET3  NUMBER_OF_PROCESSORS           4
20220127 051805.107 INFO             PET3  PASS  Example ESMF_CplEx, ESMF_CplEx.F90, line 457
20220127 051805.107 INFO             PET3 Finalizing ESMF
20220127 051805.107 INFO             PET3 ESMCI_IO_Handler.C:330 ESMCI::IO_Handler::finalize() 
20220127 051805.107 INFO             PET3 ESMCI_PIO_Handler.C:348 ESMCI::PIO_Handler::finalize() 
20220127 051805.107 INFO             PET3 ESMCI_IO_Handler.C:332 ESMCI::IO_Handler::finalize() after finalize, localrc = 0
20220127 051805.107 INFO             PET3 ESMCI_IO_Handler.C:355 ESMCI::IO_Handler::finalize() before return, localrc = 0
