build time -- 2022-01-22 02:35:14
20220122 054025.354 INFO             PET0 !!!!!!!!!!!!!!!!!!!!!!!!!!!!!!!!!!!!!!!!!!!!!!!!!!!!!!
20220122 054025.354 INFO             PET0 !!! THE ESMF_LOG IS SET TO OUTPUT ALL LOG MESSAGES !!!
20220122 054025.354 INFO             PET0 !!!     THIS MAY CAUSE SLOWDOWN IN PERFORMANCE     !!!
20220122 054025.354 INFO             PET0 !!! FOR PRODUCTION RUNS, USE:                      !!!
20220122 054025.354 INFO             PET0 !!!                   ESMF_LOGKIND_Multi_On_Error  !!!
20220122 054025.354 INFO             PET0 !!!!!!!!!!!!!!!!!!!!!!!!!!!!!!!!!!!!!!!!!!!!!!!!!!!!!!
20220122 054025.354 INFO             PET0 Running with ESMF Version   : ESMF_8_3_0_beta_snapshot_06-70-g65e948c
20220122 054025.354 INFO             PET0 ESMF library build date/time: "Jan 22 2022" "02:33:32"
20220122 054025.354 INFO             PET0 ESMF library build location : /work/noaa/da/mpotts/sandbox/intel_2020_intelmpi_O_jedwards_pio_update
20220122 054025.354 INFO             PET0 ESMF_COMM                   : intelmpi
20220122 054025.357 INFO             PET0 ESMF_MOAB                   : enabled
20220122 054025.357 INFO             PET0 ESMF_LAPACK                 : enabled
20220122 054025.357 INFO             PET0 ESMF_NETCDF                 : enabled
20220122 054025.357 INFO             PET0 ESMF_PNETCDF                : disabled
20220122 054025.357 INFO             PET0 ESMF_PIO                    : enabled
20220122 054025.357 INFO             PET0 ESMF_YAMLCPP                : enabled
20220122 054025.384 INFO             PET0  NUMBER_OF_PROCESSORS           4
20220122 054025.384 INFO             PET0  PASS  Example ESMF_StateEx, ESMF_StateEx.F90, line 237
20220122 054025.384 INFO             PET0 Finalizing ESMF
20220122 054025.384 INFO             PET0 ESMCI_IO_Handler.C:330 ESMCI::IO_Handler::finalize() 
20220122 054025.384 INFO             PET0 ESMCI_PIO_Handler.C:348 ESMCI::PIO_Handler::finalize() 
20220122 054025.384 INFO             PET0 ESMCI_IO_Handler.C:332 ESMCI::IO_Handler::finalize() after finalize, localrc = 0
20220122 054025.384 INFO             PET0 ESMCI_IO_Handler.C:355 ESMCI::IO_Handler::finalize() before return, localrc = 0
20220122 054025.354 INFO             PET1 !!!!!!!!!!!!!!!!!!!!!!!!!!!!!!!!!!!!!!!!!!!!!!!!!!!!!!
20220122 054025.354 INFO             PET1 !!! THE ESMF_LOG IS SET TO OUTPUT ALL LOG MESSAGES !!!
20220122 054025.354 INFO             PET1 !!!     THIS MAY CAUSE SLOWDOWN IN PERFORMANCE     !!!
20220122 054025.354 INFO             PET1 !!! FOR PRODUCTION RUNS, USE:                      !!!
20220122 054025.354 INFO             PET1 !!!                   ESMF_LOGKIND_Multi_On_Error  !!!
20220122 054025.354 INFO             PET1 !!!!!!!!!!!!!!!!!!!!!!!!!!!!!!!!!!!!!!!!!!!!!!!!!!!!!!
20220122 054025.354 INFO             PET1 Running with ESMF Version   : ESMF_8_3_0_beta_snapshot_06-70-g65e948c
20220122 054025.354 INFO             PET1 ESMF library build date/time: "Jan 22 2022" "02:33:32"
20220122 054025.354 INFO             PET1 ESMF library build location : /work/noaa/da/mpotts/sandbox/intel_2020_intelmpi_O_jedwards_pio_update
20220122 054025.354 INFO             PET1 ESMF_COMM                   : intelmpi
20220122 054025.357 INFO             PET1 ESMF_MOAB                   : enabled
20220122 054025.357 INFO             PET1 ESMF_LAPACK                 : enabled
20220122 054025.357 INFO             PET1 ESMF_NETCDF                 : enabled
20220122 054025.357 INFO             PET1 ESMF_PNETCDF                : disabled
20220122 054025.357 INFO             PET1 ESMF_PIO                    : enabled
20220122 054025.357 INFO             PET1 ESMF_YAMLCPP                : enabled
20220122 054025.385 INFO             PET1  NUMBER_OF_PROCESSORS           4
20220122 054025.385 INFO             PET1  PASS  Example ESMF_StateEx, ESMF_StateEx.F90, line 237
20220122 054025.385 INFO             PET1 Finalizing ESMF
20220122 054025.385 INFO             PET1 ESMCI_IO_Handler.C:330 ESMCI::IO_Handler::finalize() 
20220122 054025.385 INFO             PET1 ESMCI_PIO_Handler.C:348 ESMCI::PIO_Handler::finalize() 
20220122 054025.385 INFO             PET1 ESMCI_IO_Handler.C:332 ESMCI::IO_Handler::finalize() after finalize, localrc = 0
20220122 054025.385 INFO             PET1 ESMCI_IO_Handler.C:355 ESMCI::IO_Handler::finalize() before return, localrc = 0
20220122 054025.356 INFO             PET2 !!!!!!!!!!!!!!!!!!!!!!!!!!!!!!!!!!!!!!!!!!!!!!!!!!!!!!
20220122 054025.356 INFO             PET2 !!! THE ESMF_LOG IS SET TO OUTPUT ALL LOG MESSAGES !!!
20220122 054025.356 INFO             PET2 !!!     THIS MAY CAUSE SLOWDOWN IN PERFORMANCE     !!!
20220122 054025.356 INFO             PET2 !!! FOR PRODUCTION RUNS, USE:                      !!!
20220122 054025.356 INFO             PET2 !!!                   ESMF_LOGKIND_Multi_On_Error  !!!
20220122 054025.356 INFO             PET2 !!!!!!!!!!!!!!!!!!!!!!!!!!!!!!!!!!!!!!!!!!!!!!!!!!!!!!
20220122 054025.356 INFO             PET2 Running with ESMF Version   : ESMF_8_3_0_beta_snapshot_06-70-g65e948c
20220122 054025.356 INFO             PET2 ESMF library build date/time: "Jan 22 2022" "02:33:32"
20220122 054025.356 INFO             PET2 ESMF library build location : /work/noaa/da/mpotts/sandbox/intel_2020_intelmpi_O_jedwards_pio_update
20220122 054025.356 INFO             PET2 ESMF_COMM                   : intelmpi
20220122 054025.370 INFO             PET2 ESMF_MOAB                   : enabled
20220122 054025.370 INFO             PET2 ESMF_LAPACK                 : enabled
20220122 054025.370 INFO             PET2 ESMF_NETCDF                 : enabled
20220122 054025.370 INFO             PET2 ESMF_PNETCDF                : disabled
20220122 054025.370 INFO             PET2 ESMF_PIO                    : enabled
20220122 054025.370 INFO             PET2 ESMF_YAMLCPP                : enabled
20220122 054025.398 INFO             PET2  NUMBER_OF_PROCESSORS           4
20220122 054025.398 INFO             PET2  PASS  Example ESMF_StateEx, ESMF_StateEx.F90, line 237
20220122 054025.398 INFO             PET2 Finalizing ESMF
20220122 054025.398 INFO             PET2 ESMCI_IO_Handler.C:330 ESMCI::IO_Handler::finalize() 
20220122 054025.398 INFO             PET2 ESMCI_PIO_Handler.C:348 ESMCI::PIO_Handler::finalize() 
20220122 054025.398 INFO             PET2 ESMCI_IO_Handler.C:332 ESMCI::IO_Handler::finalize() after finalize, localrc = 0
20220122 054025.398 INFO             PET2 ESMCI_IO_Handler.C:355 ESMCI::IO_Handler::finalize() before return, localrc = 0
20220122 054025.356 INFO             PET3 !!!!!!!!!!!!!!!!!!!!!!!!!!!!!!!!!!!!!!!!!!!!!!!!!!!!!!
20220122 054025.356 INFO             PET3 !!! THE ESMF_LOG IS SET TO OUTPUT ALL LOG MESSAGES !!!
20220122 054025.356 INFO             PET3 !!!     THIS MAY CAUSE SLOWDOWN IN PERFORMANCE     !!!
20220122 054025.356 INFO             PET3 !!! FOR PRODUCTION RUNS, USE:                      !!!
20220122 054025.356 INFO             PET3 !!!                   ESMF_LOGKIND_Multi_On_Error  !!!
20220122 054025.356 INFO             PET3 !!!!!!!!!!!!!!!!!!!!!!!!!!!!!!!!!!!!!!!!!!!!!!!!!!!!!!
20220122 054025.356 INFO             PET3 Running with ESMF Version   : ESMF_8_3_0_beta_snapshot_06-70-g65e948c
20220122 054025.356 INFO             PET3 ESMF library build date/time: "Jan 22 2022" "02:33:32"
20220122 054025.356 INFO             PET3 ESMF library build location : /work/noaa/da/mpotts/sandbox/intel_2020_intelmpi_O_jedwards_pio_update
20220122 054025.356 INFO             PET3 ESMF_COMM                   : intelmpi
20220122 054025.370 INFO             PET3 ESMF_MOAB                   : enabled
20220122 054025.370 INFO             PET3 ESMF_LAPACK                 : enabled
20220122 054025.370 INFO             PET3 ESMF_NETCDF                 : enabled
20220122 054025.370 INFO             PET3 ESMF_PNETCDF                : disabled
20220122 054025.370 INFO             PET3 ESMF_PIO                    : enabled
20220122 054025.370 INFO             PET3 ESMF_YAMLCPP                : enabled
20220122 054025.398 INFO             PET3  NUMBER_OF_PROCESSORS           4
20220122 054025.398 INFO             PET3  PASS  Example ESMF_StateEx, ESMF_StateEx.F90, line 237
20220122 054025.398 INFO             PET3 Finalizing ESMF
20220122 054025.398 INFO             PET3 ESMCI_IO_Handler.C:330 ESMCI::IO_Handler::finalize() 
20220122 054025.398 INFO             PET3 ESMCI_PIO_Handler.C:348 ESMCI::PIO_Handler::finalize() 
20220122 054025.398 INFO             PET3 ESMCI_IO_Handler.C:332 ESMCI::IO_Handler::finalize() after finalize, localrc = 0
20220122 054025.398 INFO             PET3 ESMCI_IO_Handler.C:355 ESMCI::IO_Handler::finalize() before return, localrc = 0
