build time -- 2022-01-19 02:36:42
20220119 053351.678 INFO             PET0 !!!!!!!!!!!!!!!!!!!!!!!!!!!!!!!!!!!!!!!!!!!!!!!!!!!!!!
20220119 053351.678 INFO             PET0 !!! THE ESMF_LOG IS SET TO OUTPUT ALL LOG MESSAGES !!!
20220119 053351.678 INFO             PET0 !!!     THIS MAY CAUSE SLOWDOWN IN PERFORMANCE     !!!
20220119 053351.678 INFO             PET0 !!! FOR PRODUCTION RUNS, USE:                      !!!
20220119 053351.678 INFO             PET0 !!!                   ESMF_LOGKIND_Multi_On_Error  !!!
20220119 053351.678 INFO             PET0 !!!!!!!!!!!!!!!!!!!!!!!!!!!!!!!!!!!!!!!!!!!!!!!!!!!!!!
20220119 053351.678 INFO             PET0 Running with ESMF Version   : ESMF_8_3_0_beta_snapshot_05-100-g65e948c
20220119 053351.678 INFO             PET0 ESMF library build date/time: "Jan 19 2022" "02:34:25"
20220119 053351.678 INFO             PET0 ESMF library build location : /work/noaa/da/mpotts/sandbox/intel_2020_intelmpi_O_jedwards_pio_update
20220119 053351.678 INFO             PET0 ESMF_COMM                   : intelmpi
20220119 053351.679 INFO             PET0 ESMF_MOAB                   : enabled
20220119 053351.679 INFO             PET0 ESMF_LAPACK                 : enabled
20220119 053351.679 INFO             PET0 ESMF_NETCDF                 : enabled
20220119 053351.679 INFO             PET0 ESMF_PNETCDF                : disabled
20220119 053351.679 INFO             PET0 ESMF_PIO                    : enabled
20220119 053351.679 INFO             PET0 ESMF_YAMLCPP                : enabled
20220119 053439.548 INFO             PET0  NUMBER_OF_PROCESSORS           4
20220119 053439.555 INFO             PET0  PASS  Example ESMF_GridUsageEx, ESMF_GridUsageEx.F90, line 3470
20220119 053439.555 INFO             PET0 Finalizing ESMF
20220119 053439.556 INFO             PET0 ESMCI_IO_Handler.C:330 ESMCI::IO_Handler::finalize() 
20220119 053439.556 INFO             PET0 ESMCI_PIO_Handler.C:348 ESMCI::PIO_Handler::finalize() 
20220119 053439.556 INFO             PET0 ESMCI_IO_Handler.C:332 ESMCI::IO_Handler::finalize() after finalize, localrc = 0
20220119 053439.556 INFO             PET0 ESMCI_IO_Handler.C:355 ESMCI::IO_Handler::finalize() before return, localrc = 0
20220119 053351.678 INFO             PET1 !!!!!!!!!!!!!!!!!!!!!!!!!!!!!!!!!!!!!!!!!!!!!!!!!!!!!!
20220119 053351.678 INFO             PET1 !!! THE ESMF_LOG IS SET TO OUTPUT ALL LOG MESSAGES !!!
20220119 053351.678 INFO             PET1 !!!     THIS MAY CAUSE SLOWDOWN IN PERFORMANCE     !!!
20220119 053351.678 INFO             PET1 !!! FOR PRODUCTION RUNS, USE:                      !!!
20220119 053351.678 INFO             PET1 !!!                   ESMF_LOGKIND_Multi_On_Error  !!!
20220119 053351.678 INFO             PET1 !!!!!!!!!!!!!!!!!!!!!!!!!!!!!!!!!!!!!!!!!!!!!!!!!!!!!!
20220119 053351.678 INFO             PET1 Running with ESMF Version   : ESMF_8_3_0_beta_snapshot_05-100-g65e948c
20220119 053351.678 INFO             PET1 ESMF library build date/time: "Jan 19 2022" "02:34:25"
20220119 053351.678 INFO             PET1 ESMF library build location : /work/noaa/da/mpotts/sandbox/intel_2020_intelmpi_O_jedwards_pio_update
20220119 053351.678 INFO             PET1 ESMF_COMM                   : intelmpi
20220119 053351.682 INFO             PET1 ESMF_MOAB                   : enabled
20220119 053351.682 INFO             PET1 ESMF_LAPACK                 : enabled
20220119 053351.682 INFO             PET1 ESMF_NETCDF                 : enabled
20220119 053351.682 INFO             PET1 ESMF_PNETCDF                : disabled
20220119 053351.682 INFO             PET1 ESMF_PIO                    : enabled
20220119 053351.682 INFO             PET1 ESMF_YAMLCPP                : enabled
20220119 053439.547 INFO             PET1  NUMBER_OF_PROCESSORS           4
20220119 053439.547 INFO             PET1  PASS  Example ESMF_GridUsageEx, ESMF_GridUsageEx.F90, line 3470
20220119 053439.547 INFO             PET1 Finalizing ESMF
20220119 053439.548 INFO             PET1 ESMCI_IO_Handler.C:330 ESMCI::IO_Handler::finalize() 
20220119 053439.548 INFO             PET1 ESMCI_PIO_Handler.C:348 ESMCI::PIO_Handler::finalize() 
20220119 053439.548 INFO             PET1 ESMCI_IO_Handler.C:332 ESMCI::IO_Handler::finalize() after finalize, localrc = 0
20220119 053439.548 INFO             PET1 ESMCI_IO_Handler.C:355 ESMCI::IO_Handler::finalize() before return, localrc = 0
20220119 053351.692 INFO             PET2 !!!!!!!!!!!!!!!!!!!!!!!!!!!!!!!!!!!!!!!!!!!!!!!!!!!!!!
20220119 053351.692 INFO             PET2 !!! THE ESMF_LOG IS SET TO OUTPUT ALL LOG MESSAGES !!!
20220119 053351.692 INFO             PET2 !!!     THIS MAY CAUSE SLOWDOWN IN PERFORMANCE     !!!
20220119 053351.692 INFO             PET2 !!! FOR PRODUCTION RUNS, USE:                      !!!
20220119 053351.692 INFO             PET2 !!!                   ESMF_LOGKIND_Multi_On_Error  !!!
20220119 053351.692 INFO             PET2 !!!!!!!!!!!!!!!!!!!!!!!!!!!!!!!!!!!!!!!!!!!!!!!!!!!!!!
20220119 053351.692 INFO             PET2 Running with ESMF Version   : ESMF_8_3_0_beta_snapshot_05-100-g65e948c
20220119 053351.692 INFO             PET2 ESMF library build date/time: "Jan 19 2022" "02:34:25"
20220119 053351.692 INFO             PET2 ESMF library build location : /work/noaa/da/mpotts/sandbox/intel_2020_intelmpi_O_jedwards_pio_update
20220119 053351.692 INFO             PET2 ESMF_COMM                   : intelmpi
20220119 053351.703 INFO             PET2 ESMF_MOAB                   : enabled
20220119 053351.703 INFO             PET2 ESMF_LAPACK                 : enabled
20220119 053351.703 INFO             PET2 ESMF_NETCDF                 : enabled
20220119 053351.703 INFO             PET2 ESMF_PNETCDF                : disabled
20220119 053351.703 INFO             PET2 ESMF_PIO                    : enabled
20220119 053351.703 INFO             PET2 ESMF_YAMLCPP                : enabled
20220119 053439.550 INFO             PET2  NUMBER_OF_PROCESSORS           4
20220119 053439.551 INFO             PET2  PASS  Example ESMF_GridUsageEx, ESMF_GridUsageEx.F90, line 3470
20220119 053439.551 INFO             PET2 Finalizing ESMF
20220119 053439.551 INFO             PET2 ESMCI_IO_Handler.C:330 ESMCI::IO_Handler::finalize() 
20220119 053439.551 INFO             PET2 ESMCI_PIO_Handler.C:348 ESMCI::PIO_Handler::finalize() 
20220119 053439.551 INFO             PET2 ESMCI_IO_Handler.C:332 ESMCI::IO_Handler::finalize() after finalize, localrc = 0
20220119 053439.551 INFO             PET2 ESMCI_IO_Handler.C:355 ESMCI::IO_Handler::finalize() before return, localrc = 0
20220119 053351.680 INFO             PET3 !!!!!!!!!!!!!!!!!!!!!!!!!!!!!!!!!!!!!!!!!!!!!!!!!!!!!!
20220119 053351.680 INFO             PET3 !!! THE ESMF_LOG IS SET TO OUTPUT ALL LOG MESSAGES !!!
20220119 053351.680 INFO             PET3 !!!     THIS MAY CAUSE SLOWDOWN IN PERFORMANCE     !!!
20220119 053351.680 INFO             PET3 !!! FOR PRODUCTION RUNS, USE:                      !!!
20220119 053351.680 INFO             PET3 !!!                   ESMF_LOGKIND_Multi_On_Error  !!!
20220119 053351.680 INFO             PET3 !!!!!!!!!!!!!!!!!!!!!!!!!!!!!!!!!!!!!!!!!!!!!!!!!!!!!!
20220119 053351.680 INFO             PET3 Running with ESMF Version   : ESMF_8_3_0_beta_snapshot_05-100-g65e948c
20220119 053351.680 INFO             PET3 ESMF library build date/time: "Jan 19 2022" "02:34:25"
20220119 053351.680 INFO             PET3 ESMF library build location : /work/noaa/da/mpotts/sandbox/intel_2020_intelmpi_O_jedwards_pio_update
20220119 053351.680 INFO             PET3 ESMF_COMM                   : intelmpi
20220119 053351.681 INFO             PET3 ESMF_MOAB                   : enabled
20220119 053351.681 INFO             PET3 ESMF_LAPACK                 : enabled
20220119 053351.681 INFO             PET3 ESMF_NETCDF                 : enabled
20220119 053351.681 INFO             PET3 ESMF_PNETCDF                : disabled
20220119 053351.681 INFO             PET3 ESMF_PIO                    : enabled
20220119 053351.681 INFO             PET3 ESMF_YAMLCPP                : enabled
20220119 053439.563 INFO             PET3  NUMBER_OF_PROCESSORS           4
20220119 053439.563 INFO             PET3  PASS  Example ESMF_GridUsageEx, ESMF_GridUsageEx.F90, line 3470
20220119 053439.563 INFO             PET3 Finalizing ESMF
20220119 053439.563 INFO             PET3 ESMCI_IO_Handler.C:330 ESMCI::IO_Handler::finalize() 
20220119 053439.563 INFO             PET3 ESMCI_PIO_Handler.C:348 ESMCI::PIO_Handler::finalize() 
20220119 053439.563 INFO             PET3 ESMCI_IO_Handler.C:332 ESMCI::IO_Handler::finalize() after finalize, localrc = 0
20220119 053439.563 INFO             PET3 ESMCI_IO_Handler.C:355 ESMCI::IO_Handler::finalize() before return, localrc = 0
