build time -- 2022-01-14 02:31:33
20220114 050700.805 INFO             PET0 !!!!!!!!!!!!!!!!!!!!!!!!!!!!!!!!!!!!!!!!!!!!!!!!!!!!!!
20220114 050700.806 INFO             PET0 !!! THE ESMF_LOG IS SET TO OUTPUT ALL LOG MESSAGES !!!
20220114 050700.806 INFO             PET0 !!!     THIS MAY CAUSE SLOWDOWN IN PERFORMANCE     !!!
20220114 050700.806 INFO             PET0 !!! FOR PRODUCTION RUNS, USE:                      !!!
20220114 050700.806 INFO             PET0 !!!                   ESMF_LOGKIND_Multi_On_Error  !!!
20220114 050700.806 INFO             PET0 !!!!!!!!!!!!!!!!!!!!!!!!!!!!!!!!!!!!!!!!!!!!!!!!!!!!!!
20220114 050700.806 INFO             PET0 Running with ESMF Version   : ESMF_8_3_0_beta_snapshot_05-70-ga704255
20220114 050700.806 INFO             PET0 ESMF library build date/time: "Jan 14 2022" "02:30:04"
20220114 050700.806 INFO             PET0 ESMF library build location : /work/noaa/da/mpotts/sandbox/intel_2020_intelmpi_O_jedwards_pio_update
20220114 050700.806 INFO             PET0 ESMF_COMM                   : intelmpi
20220114 050700.808 INFO             PET0 ESMF_MOAB                   : enabled
20220114 050700.808 INFO             PET0 ESMF_LAPACK                 : enabled
20220114 050700.808 INFO             PET0 ESMF_NETCDF                 : enabled
20220114 050700.808 INFO             PET0 ESMF_PNETCDF                : disabled
20220114 050700.808 INFO             PET0 ESMF_PIO                    : enabled
20220114 050700.808 INFO             PET0 ESMF_YAMLCPP                : enabled
20220114 050712.082 INFO             PET0  NUMBER_OF_PROCESSORS           4
20220114 050712.082 INFO             PET0  PASS  Example ESMF_RHandleReusabilityEx, ESMF_RHandleReusabilityEx.F90, line 582
20220114 050712.082 INFO             PET0 Finalizing ESMF
20220114 050712.082 INFO             PET0 ESMCI_IO_Handler.C:330 ESMCI::IO_Handler::finalize() 
20220114 050712.082 INFO             PET0 ESMCI_PIO_Handler.C:348 ESMCI::PIO_Handler::finalize() 
20220114 050712.082 INFO             PET0 ESMCI_IO_Handler.C:332 ESMCI::IO_Handler::finalize() after finalize, localrc = 0
20220114 050712.082 INFO             PET0 ESMCI_IO_Handler.C:355 ESMCI::IO_Handler::finalize() before return, localrc = 0
20220114 050700.805 INFO             PET1 !!!!!!!!!!!!!!!!!!!!!!!!!!!!!!!!!!!!!!!!!!!!!!!!!!!!!!
20220114 050700.805 INFO             PET1 !!! THE ESMF_LOG IS SET TO OUTPUT ALL LOG MESSAGES !!!
20220114 050700.805 INFO             PET1 !!!     THIS MAY CAUSE SLOWDOWN IN PERFORMANCE     !!!
20220114 050700.805 INFO             PET1 !!! FOR PRODUCTION RUNS, USE:                      !!!
20220114 050700.805 INFO             PET1 !!!                   ESMF_LOGKIND_Multi_On_Error  !!!
20220114 050700.805 INFO             PET1 !!!!!!!!!!!!!!!!!!!!!!!!!!!!!!!!!!!!!!!!!!!!!!!!!!!!!!
20220114 050700.806 INFO             PET1 Running with ESMF Version   : ESMF_8_3_0_beta_snapshot_05-70-ga704255
20220114 050700.806 INFO             PET1 ESMF library build date/time: "Jan 14 2022" "02:30:04"
20220114 050700.806 INFO             PET1 ESMF library build location : /work/noaa/da/mpotts/sandbox/intel_2020_intelmpi_O_jedwards_pio_update
20220114 050700.806 INFO             PET1 ESMF_COMM                   : intelmpi
20220114 050700.808 INFO             PET1 ESMF_MOAB                   : enabled
20220114 050700.808 INFO             PET1 ESMF_LAPACK                 : enabled
20220114 050700.808 INFO             PET1 ESMF_NETCDF                 : enabled
20220114 050700.808 INFO             PET1 ESMF_PNETCDF                : disabled
20220114 050700.808 INFO             PET1 ESMF_PIO                    : enabled
20220114 050700.808 INFO             PET1 ESMF_YAMLCPP                : enabled
20220114 050712.082 INFO             PET1  NUMBER_OF_PROCESSORS           4
20220114 050712.094 INFO             PET1  PASS  Example ESMF_RHandleReusabilityEx, ESMF_RHandleReusabilityEx.F90, line 582
20220114 050712.094 INFO             PET1 Finalizing ESMF
20220114 050712.094 INFO             PET1 ESMCI_IO_Handler.C:330 ESMCI::IO_Handler::finalize() 
20220114 050712.095 INFO             PET1 ESMCI_PIO_Handler.C:348 ESMCI::PIO_Handler::finalize() 
20220114 050712.095 INFO             PET1 ESMCI_IO_Handler.C:332 ESMCI::IO_Handler::finalize() after finalize, localrc = 0
20220114 050712.095 INFO             PET1 ESMCI_IO_Handler.C:355 ESMCI::IO_Handler::finalize() before return, localrc = 0
20220114 050700.808 INFO             PET2 !!!!!!!!!!!!!!!!!!!!!!!!!!!!!!!!!!!!!!!!!!!!!!!!!!!!!!
20220114 050700.808 INFO             PET2 !!! THE ESMF_LOG IS SET TO OUTPUT ALL LOG MESSAGES !!!
20220114 050700.808 INFO             PET2 !!!     THIS MAY CAUSE SLOWDOWN IN PERFORMANCE     !!!
20220114 050700.808 INFO             PET2 !!! FOR PRODUCTION RUNS, USE:                      !!!
20220114 050700.808 INFO             PET2 !!!                   ESMF_LOGKIND_Multi_On_Error  !!!
20220114 050700.808 INFO             PET2 !!!!!!!!!!!!!!!!!!!!!!!!!!!!!!!!!!!!!!!!!!!!!!!!!!!!!!
20220114 050700.808 INFO             PET2 Running with ESMF Version   : ESMF_8_3_0_beta_snapshot_05-70-ga704255
20220114 050700.808 INFO             PET2 ESMF library build date/time: "Jan 14 2022" "02:30:04"
20220114 050700.808 INFO             PET2 ESMF library build location : /work/noaa/da/mpotts/sandbox/intel_2020_intelmpi_O_jedwards_pio_update
20220114 050700.808 INFO             PET2 ESMF_COMM                   : intelmpi
20220114 050700.821 INFO             PET2 ESMF_MOAB                   : enabled
20220114 050700.821 INFO             PET2 ESMF_LAPACK                 : enabled
20220114 050700.821 INFO             PET2 ESMF_NETCDF                 : enabled
20220114 050700.821 INFO             PET2 ESMF_PNETCDF                : disabled
20220114 050700.821 INFO             PET2 ESMF_PIO                    : enabled
20220114 050700.821 INFO             PET2 ESMF_YAMLCPP                : enabled
20220114 050712.082 INFO             PET2  NUMBER_OF_PROCESSORS           4
20220114 050712.094 INFO             PET2  PASS  Example ESMF_RHandleReusabilityEx, ESMF_RHandleReusabilityEx.F90, line 582
20220114 050712.094 INFO             PET2 Finalizing ESMF
20220114 050712.095 INFO             PET2 ESMCI_IO_Handler.C:330 ESMCI::IO_Handler::finalize() 
20220114 050712.095 INFO             PET2 ESMCI_PIO_Handler.C:348 ESMCI::PIO_Handler::finalize() 
20220114 050712.095 INFO             PET2 ESMCI_IO_Handler.C:332 ESMCI::IO_Handler::finalize() after finalize, localrc = 0
20220114 050712.095 INFO             PET2 ESMCI_IO_Handler.C:355 ESMCI::IO_Handler::finalize() before return, localrc = 0
20220114 050700.807 INFO             PET3 !!!!!!!!!!!!!!!!!!!!!!!!!!!!!!!!!!!!!!!!!!!!!!!!!!!!!!
20220114 050700.808 INFO             PET3 !!! THE ESMF_LOG IS SET TO OUTPUT ALL LOG MESSAGES !!!
20220114 050700.808 INFO             PET3 !!!     THIS MAY CAUSE SLOWDOWN IN PERFORMANCE     !!!
20220114 050700.808 INFO             PET3 !!! FOR PRODUCTION RUNS, USE:                      !!!
20220114 050700.808 INFO             PET3 !!!                   ESMF_LOGKIND_Multi_On_Error  !!!
20220114 050700.808 INFO             PET3 !!!!!!!!!!!!!!!!!!!!!!!!!!!!!!!!!!!!!!!!!!!!!!!!!!!!!!
20220114 050700.808 INFO             PET3 Running with ESMF Version   : ESMF_8_3_0_beta_snapshot_05-70-ga704255
20220114 050700.808 INFO             PET3 ESMF library build date/time: "Jan 14 2022" "02:30:04"
20220114 050700.808 INFO             PET3 ESMF library build location : /work/noaa/da/mpotts/sandbox/intel_2020_intelmpi_O_jedwards_pio_update
20220114 050700.808 INFO             PET3 ESMF_COMM                   : intelmpi
20220114 050700.818 INFO             PET3 ESMF_MOAB                   : enabled
20220114 050700.818 INFO             PET3 ESMF_LAPACK                 : enabled
20220114 050700.818 INFO             PET3 ESMF_NETCDF                 : enabled
20220114 050700.818 INFO             PET3 ESMF_PNETCDF                : disabled
20220114 050700.818 INFO             PET3 ESMF_PIO                    : enabled
20220114 050700.818 INFO             PET3 ESMF_YAMLCPP                : enabled
20220114 050712.082 INFO             PET3  NUMBER_OF_PROCESSORS           4
20220114 050712.082 INFO             PET3  PASS  Example ESMF_RHandleReusabilityEx, ESMF_RHandleReusabilityEx.F90, line 582
20220114 050712.082 INFO             PET3 Finalizing ESMF
20220114 050712.082 INFO             PET3 ESMCI_IO_Handler.C:330 ESMCI::IO_Handler::finalize() 
20220114 050712.082 INFO             PET3 ESMCI_PIO_Handler.C:348 ESMCI::PIO_Handler::finalize() 
20220114 050712.082 INFO             PET3 ESMCI_IO_Handler.C:332 ESMCI::IO_Handler::finalize() after finalize, localrc = 0
20220114 050712.082 INFO             PET3 ESMCI_IO_Handler.C:355 ESMCI::IO_Handler::finalize() before return, localrc = 0
