build time -- 2022-01-31 02:32:32
20220131 051545.974 INFO             PET0 !!!!!!!!!!!!!!!!!!!!!!!!!!!!!!!!!!!!!!!!!!!!!!!!!!!!!!
20220131 051545.974 INFO             PET0 !!! THE ESMF_LOG IS SET TO OUTPUT ALL LOG MESSAGES !!!
20220131 051545.974 INFO             PET0 !!!     THIS MAY CAUSE SLOWDOWN IN PERFORMANCE     !!!
20220131 051545.974 INFO             PET0 !!! FOR PRODUCTION RUNS, USE:                      !!!
20220131 051545.974 INFO             PET0 !!!                   ESMF_LOGKIND_Multi_On_Error  !!!
20220131 051545.974 INFO             PET0 !!!!!!!!!!!!!!!!!!!!!!!!!!!!!!!!!!!!!!!!!!!!!!!!!!!!!!
20220131 051545.974 INFO             PET0 Running with ESMF Version   : ESMF_8_3_0_beta_snapshot_06-83-g4a71250
20220131 051545.974 INFO             PET0 ESMF library build date/time: "Jan 31 2022" "02:30:59"
20220131 051545.974 INFO             PET0 ESMF library build location : /work/noaa/da/mpotts/sandbox/intel_2020_intelmpi_O_jedwards_pio_update
20220131 051545.974 INFO             PET0 ESMF_COMM                   : intelmpi
20220131 051545.975 INFO             PET0 ESMF_MOAB                   : enabled
20220131 051545.975 INFO             PET0 ESMF_LAPACK                 : enabled
20220131 051545.975 INFO             PET0 ESMF_NETCDF                 : enabled
20220131 051545.975 INFO             PET0 ESMF_PNETCDF                : disabled
20220131 051545.975 INFO             PET0 ESMF_PIO                    : enabled
20220131 051545.975 INFO             PET0 ESMF_YAMLCPP                : enabled
20220131 051555.669 INFO             PET0  NUMBER_OF_PROCESSORS           4
20220131 051555.669 INFO             PET0  PASS  Example ESMF_FieldMeshRegridEx, ESMF_FieldMeshRegridEx.F90, line 807
20220131 051555.669 INFO             PET0 Finalizing ESMF
20220131 051555.669 INFO             PET0 ESMCI_IO_Handler.C:330 ESMCI::IO_Handler::finalize() 
20220131 051555.669 INFO             PET0 ESMCI_PIO_Handler.C:348 ESMCI::PIO_Handler::finalize() 
20220131 051555.669 INFO             PET0 ESMCI_IO_Handler.C:332 ESMCI::IO_Handler::finalize() after finalize, localrc = 0
20220131 051555.669 INFO             PET0 ESMCI_IO_Handler.C:355 ESMCI::IO_Handler::finalize() before return, localrc = 0
20220131 051545.976 INFO             PET1 !!!!!!!!!!!!!!!!!!!!!!!!!!!!!!!!!!!!!!!!!!!!!!!!!!!!!!
20220131 051545.976 INFO             PET1 !!! THE ESMF_LOG IS SET TO OUTPUT ALL LOG MESSAGES !!!
20220131 051545.976 INFO             PET1 !!!     THIS MAY CAUSE SLOWDOWN IN PERFORMANCE     !!!
20220131 051545.976 INFO             PET1 !!! FOR PRODUCTION RUNS, USE:                      !!!
20220131 051545.976 INFO             PET1 !!!                   ESMF_LOGKIND_Multi_On_Error  !!!
20220131 051545.976 INFO             PET1 !!!!!!!!!!!!!!!!!!!!!!!!!!!!!!!!!!!!!!!!!!!!!!!!!!!!!!
20220131 051545.976 INFO             PET1 Running with ESMF Version   : ESMF_8_3_0_beta_snapshot_06-83-g4a71250
20220131 051545.976 INFO             PET1 ESMF library build date/time: "Jan 31 2022" "02:30:59"
20220131 051545.976 INFO             PET1 ESMF library build location : /work/noaa/da/mpotts/sandbox/intel_2020_intelmpi_O_jedwards_pio_update
20220131 051545.976 INFO             PET1 ESMF_COMM                   : intelmpi
20220131 051545.988 INFO             PET1 ESMF_MOAB                   : enabled
20220131 051545.988 INFO             PET1 ESMF_LAPACK                 : enabled
20220131 051545.988 INFO             PET1 ESMF_NETCDF                 : enabled
20220131 051545.988 INFO             PET1 ESMF_PNETCDF                : disabled
20220131 051545.988 INFO             PET1 ESMF_PIO                    : enabled
20220131 051545.988 INFO             PET1 ESMF_YAMLCPP                : enabled
20220131 051555.671 INFO             PET1  NUMBER_OF_PROCESSORS           4
20220131 051555.671 INFO             PET1  PASS  Example ESMF_FieldMeshRegridEx, ESMF_FieldMeshRegridEx.F90, line 807
20220131 051555.671 INFO             PET1 Finalizing ESMF
20220131 051555.671 INFO             PET1 ESMCI_IO_Handler.C:330 ESMCI::IO_Handler::finalize() 
20220131 051555.671 INFO             PET1 ESMCI_PIO_Handler.C:348 ESMCI::PIO_Handler::finalize() 
20220131 051555.671 INFO             PET1 ESMCI_IO_Handler.C:332 ESMCI::IO_Handler::finalize() after finalize, localrc = 0
20220131 051555.671 INFO             PET1 ESMCI_IO_Handler.C:355 ESMCI::IO_Handler::finalize() before return, localrc = 0
20220131 051545.989 INFO             PET2 !!!!!!!!!!!!!!!!!!!!!!!!!!!!!!!!!!!!!!!!!!!!!!!!!!!!!!
20220131 051545.989 INFO             PET2 !!! THE ESMF_LOG IS SET TO OUTPUT ALL LOG MESSAGES !!!
20220131 051545.989 INFO             PET2 !!!     THIS MAY CAUSE SLOWDOWN IN PERFORMANCE     !!!
20220131 051545.989 INFO             PET2 !!! FOR PRODUCTION RUNS, USE:                      !!!
20220131 051545.989 INFO             PET2 !!!                   ESMF_LOGKIND_Multi_On_Error  !!!
20220131 051545.989 INFO             PET2 !!!!!!!!!!!!!!!!!!!!!!!!!!!!!!!!!!!!!!!!!!!!!!!!!!!!!!
20220131 051545.989 INFO             PET2 Running with ESMF Version   : ESMF_8_3_0_beta_snapshot_06-83-g4a71250
20220131 051545.989 INFO             PET2 ESMF library build date/time: "Jan 31 2022" "02:30:59"
20220131 051545.989 INFO             PET2 ESMF library build location : /work/noaa/da/mpotts/sandbox/intel_2020_intelmpi_O_jedwards_pio_update
20220131 051545.989 INFO             PET2 ESMF_COMM                   : intelmpi
20220131 051545.990 INFO             PET2 ESMF_MOAB                   : enabled
20220131 051545.990 INFO             PET2 ESMF_LAPACK                 : enabled
20220131 051545.990 INFO             PET2 ESMF_NETCDF                 : enabled
20220131 051545.990 INFO             PET2 ESMF_PNETCDF                : disabled
20220131 051545.990 INFO             PET2 ESMF_PIO                    : enabled
20220131 051545.990 INFO             PET2 ESMF_YAMLCPP                : enabled
20220131 051555.669 INFO             PET2  NUMBER_OF_PROCESSORS           4
20220131 051555.682 INFO             PET2  PASS  Example ESMF_FieldMeshRegridEx, ESMF_FieldMeshRegridEx.F90, line 807
20220131 051555.682 INFO             PET2 Finalizing ESMF
20220131 051555.682 INFO             PET2 ESMCI_IO_Handler.C:330 ESMCI::IO_Handler::finalize() 
20220131 051555.682 INFO             PET2 ESMCI_PIO_Handler.C:348 ESMCI::PIO_Handler::finalize() 
20220131 051555.682 INFO             PET2 ESMCI_IO_Handler.C:332 ESMCI::IO_Handler::finalize() after finalize, localrc = 0
20220131 051555.682 INFO             PET2 ESMCI_IO_Handler.C:355 ESMCI::IO_Handler::finalize() before return, localrc = 0
20220131 051545.974 INFO             PET3 !!!!!!!!!!!!!!!!!!!!!!!!!!!!!!!!!!!!!!!!!!!!!!!!!!!!!!
20220131 051545.974 INFO             PET3 !!! THE ESMF_LOG IS SET TO OUTPUT ALL LOG MESSAGES !!!
20220131 051545.974 INFO             PET3 !!!     THIS MAY CAUSE SLOWDOWN IN PERFORMANCE     !!!
20220131 051545.974 INFO             PET3 !!! FOR PRODUCTION RUNS, USE:                      !!!
20220131 051545.974 INFO             PET3 !!!                   ESMF_LOGKIND_Multi_On_Error  !!!
20220131 051545.974 INFO             PET3 !!!!!!!!!!!!!!!!!!!!!!!!!!!!!!!!!!!!!!!!!!!!!!!!!!!!!!
20220131 051545.974 INFO             PET3 Running with ESMF Version   : ESMF_8_3_0_beta_snapshot_06-83-g4a71250
20220131 051545.974 INFO             PET3 ESMF library build date/time: "Jan 31 2022" "02:30:59"
20220131 051545.974 INFO             PET3 ESMF library build location : /work/noaa/da/mpotts/sandbox/intel_2020_intelmpi_O_jedwards_pio_update
20220131 051545.974 INFO             PET3 ESMF_COMM                   : intelmpi
20220131 051545.977 INFO             PET3 ESMF_MOAB                   : enabled
20220131 051545.977 INFO             PET3 ESMF_LAPACK                 : enabled
20220131 051545.977 INFO             PET3 ESMF_NETCDF                 : enabled
20220131 051545.977 INFO             PET3 ESMF_PNETCDF                : disabled
20220131 051545.977 INFO             PET3 ESMF_PIO                    : enabled
20220131 051545.977 INFO             PET3 ESMF_YAMLCPP                : enabled
20220131 051555.684 INFO             PET3  NUMBER_OF_PROCESSORS           4
20220131 051555.684 INFO             PET3  PASS  Example ESMF_FieldMeshRegridEx, ESMF_FieldMeshRegridEx.F90, line 807
20220131 051555.684 INFO             PET3 Finalizing ESMF
20220131 051555.684 INFO             PET3 ESMCI_IO_Handler.C:330 ESMCI::IO_Handler::finalize() 
20220131 051555.684 INFO             PET3 ESMCI_PIO_Handler.C:348 ESMCI::PIO_Handler::finalize() 
20220131 051555.684 INFO             PET3 ESMCI_IO_Handler.C:332 ESMCI::IO_Handler::finalize() after finalize, localrc = 0
20220131 051555.684 INFO             PET3 ESMCI_IO_Handler.C:355 ESMCI::IO_Handler::finalize() before return, localrc = 0
