build time -- 2022-02-10 06:23:17.445230
20220210 072307.581 INFO             PET0 !!!!!!!!!!!!!!!!!!!!!!!!!!!!!!!!!!!!!!!!!!!!!!!!!!!!!!
20220210 072307.581 INFO             PET0 !!! THE ESMF_LOG IS SET TO OUTPUT ALL LOG MESSAGES !!!
20220210 072307.581 INFO             PET0 !!!     THIS MAY CAUSE SLOWDOWN IN PERFORMANCE     !!!
20220210 072307.581 INFO             PET0 !!! FOR PRODUCTION RUNS, USE:                      !!!
20220210 072307.581 INFO             PET0 !!!                   ESMF_LOGKIND_Multi_On_Error  !!!
20220210 072307.581 INFO             PET0 !!!!!!!!!!!!!!!!!!!!!!!!!!!!!!!!!!!!!!!!!!!!!!!!!!!!!!
20220210 072307.581 INFO             PET0 Running with ESMF Version   : ESMF_8_3_0_beta_snapshot_06-13-g9b96f18fc2
20220210 072307.581 INFO             PET0 ESMF library build date/time: "Feb 10 2022" "06:17:04"
20220210 072307.581 INFO             PET0 ESMF library build location : /glade/scratch/rlong/esmf-testing/intel_18.0.5_mpiuni_g_develop
20220210 072307.581 INFO             PET0 ESMF_COMM                   : mpiuni
20220210 072307.581 INFO             PET0 ESMF_MOAB                   : enabled
20220210 072307.581 INFO             PET0 ESMF_LAPACK                 : enabled
20220210 072307.581 INFO             PET0 ESMF_NETCDF                 : enabled
20220210 072307.581 INFO             PET0 ESMF_PNETCDF                : disabled
20220210 072307.581 INFO             PET0 ESMF_PIO                    : disabled
20220210 072307.581 INFO             PET0 ESMF_YAMLCPP                : enabled
20220210 072307.592 INFO             PET0 ESMF_FieldRedistStoreNF(): Just entered routine.
20220210 072308.523 INFO             PET0 ESMF_FieldRedistStoreNF(): Leaving routine.
20220210 072308.534 INFO             PET0  NUMBER_OF_PROCESSORS           1
20220210 072308.535 INFO             PET0  PASS  Example ESMF_RHandleFromFileEx, ESMF_RHandleFromFileEx.F90, line 192
20220210 072308.535 INFO             PET0 Finalizing ESMF
