build time -- 2022-03-03 06:22:58.780669
20220303 072356.937 INFO             PET0 !!!!!!!!!!!!!!!!!!!!!!!!!!!!!!!!!!!!!!!!!!!!!!!!!!!!!!
20220303 072356.937 INFO             PET0 !!! THE ESMF_LOG IS SET TO OUTPUT ALL LOG MESSAGES !!!
20220303 072356.937 INFO             PET0 !!!     THIS MAY CAUSE SLOWDOWN IN PERFORMANCE     !!!
20220303 072356.937 INFO             PET0 !!! FOR PRODUCTION RUNS, USE:                      !!!
20220303 072356.937 INFO             PET0 !!!                   ESMF_LOGKIND_Multi_On_Error  !!!
20220303 072356.937 INFO             PET0 !!!!!!!!!!!!!!!!!!!!!!!!!!!!!!!!!!!!!!!!!!!!!!!!!!!!!!
20220303 072356.937 INFO             PET0 Running with ESMF Version   : v8.3.0b08-5-g64eb13365d
20220303 072356.938 INFO             PET0 ESMF library build date/time: "Mar  3 2022" "06:16:43"
20220303 072356.938 INFO             PET0 ESMF library build location : /glade/scratch/rlong/esmf-testing/intel_18.0.5_mpiuni_g_develop
20220303 072356.938 INFO             PET0 ESMF_COMM                   : mpiuni
20220303 072356.938 INFO             PET0 ESMF_MOAB                   : enabled
20220303 072356.938 INFO             PET0 ESMF_LAPACK                 : enabled
20220303 072356.938 INFO             PET0 ESMF_NETCDF                 : enabled
20220303 072356.938 INFO             PET0 ESMF_PNETCDF                : disabled
20220303 072356.938 INFO             PET0 ESMF_PIO                    : disabled
20220303 072356.938 INFO             PET0 ESMF_YAMLCPP                : enabled
20220303 072401.849 INFO             PET0  NUMBER_OF_PROCESSORS           1
20220303 072401.849 INFO             PET0  PASS  Example ESMF_GridUsageEx, ESMF_GridUsageEx.F90, line 3470
20220303 072401.849 INFO             PET0 Finalizing ESMF
