build time -- 2022-02-18 06:21:05.844165
20220218 071854.083 INFO             PET0 !!!!!!!!!!!!!!!!!!!!!!!!!!!!!!!!!!!!!!!!!!!!!!!!!!!!!!
20220218 071854.083 INFO             PET0 !!! THE ESMF_LOG IS SET TO OUTPUT ALL LOG MESSAGES !!!
20220218 071854.083 INFO             PET0 !!!     THIS MAY CAUSE SLOWDOWN IN PERFORMANCE     !!!
20220218 071854.083 INFO             PET0 !!! FOR PRODUCTION RUNS, USE:                      !!!
20220218 071854.083 INFO             PET0 !!!                   ESMF_LOGKIND_Multi_On_Error  !!!
20220218 071854.083 INFO             PET0 !!!!!!!!!!!!!!!!!!!!!!!!!!!!!!!!!!!!!!!!!!!!!!!!!!!!!!
20220218 071854.083 INFO             PET0 Running with ESMF Version   : ESMF_8_3_0_beta_snapshot_06-16-g2298b2e0a6
20220218 071854.083 INFO             PET0 ESMF library build date/time: "Feb 18 2022" "06:15:10"
20220218 071854.083 INFO             PET0 ESMF library build location : /glade/scratch/rlong/esmf-testing/intel_18.0.5_mpiuni_g_develop
20220218 071854.083 INFO             PET0 ESMF_COMM                   : mpiuni
20220218 071854.083 INFO             PET0 ESMF_MOAB                   : enabled
20220218 071854.083 INFO             PET0 ESMF_LAPACK                 : enabled
20220218 071854.083 INFO             PET0 ESMF_NETCDF                 : enabled
20220218 071854.083 INFO             PET0 ESMF_PNETCDF                : disabled
20220218 071854.083 INFO             PET0 ESMF_PIO                    : disabled
20220218 071854.083 INFO             PET0 ESMF_YAMLCPP                : enabled
20220218 071854.083 INFO             PET0 ESMF Tracing Enabled
20220218 071854.083 INFO             PET0 ESMF Profiling Enabled
20220218 071854.083 INFO             PET0 ESMF Trace/Profile clock: REALTIME
20220218 071854.086 INFO             PET0  NUMBER_OF_PROCESSORS           1
20220218 071854.086 INFO             PET0  PASS  Example ESMF_TraceUserEx, ESMF_TraceUserEx.F90, line 125
20220218 071854.086 INFO             PET0 Finalizing ESMF
20220218 071854.086 INFO             PET0 **************** Region Timings *******************
20220218 071854.086 INFO             PET0 Region              Count  Total (s)   Self (s)    Mean (s)    Min (s)     Max (s)
20220218 071854.086 INFO             PET0   outer_region      1      0.0005      0.0000      0.0005      0.0005      0.0005
20220218 071854.086 INFO             PET0     inner_region_1  10     0.0003      0.0003      0.0000      0.0000      0.0000
20220218 071854.086 INFO             PET0     inner_region_2  10     0.0001      0.0001      0.0000      0.0000      0.0000
