build time -- 2021-10-26 20:37:42.760542
20211027 134133.578 INFO             PET0 !!!!!!!!!!!!!!!!!!!!!!!!!!!!!!!!!!!!!!!!!!!!!!!!!!!!!!
20211027 134133.578 INFO             PET0 !!! THE ESMF_LOG IS SET TO OUTPUT ALL LOG MESSAGES !!!
20211027 134133.578 INFO             PET0 !!!     THIS MAY CAUSE SLOWDOWN IN PERFORMANCE     !!!
20211027 134133.578 INFO             PET0 !!! FOR PRODUCTION RUNS, USE:                      !!!
20211027 134133.578 INFO             PET0 !!!                   ESMF_LOGKIND_Multi_On_Error  !!!
20211027 134133.578 INFO             PET0 !!!!!!!!!!!!!!!!!!!!!!!!!!!!!!!!!!!!!!!!!!!!!!!!!!!!!!
20211027 134133.578 INFO             PET0 Running with ESMF Version   : ESMF_8_2_0
20211027 134133.578 INFO             PET0 ESMF library build date/time: "Oct 26 2021" "20:33:34"
20211027 134133.578 INFO             PET0 ESMF library build location : /global/u2/r/rsdunlap/esmf-testing/intel_19.0.3_mpi_g_main
20211027 134133.578 INFO             PET0 ESMF_COMM                   : mpi
20211027 134133.579 INFO             PET0 ESMF_MOAB                   : enabled
20211027 134133.579 INFO             PET0 ESMF_LAPACK                 : enabled
20211027 134133.579 INFO             PET0 ESMF_NETCDF                 : enabled
20211027 134133.579 INFO             PET0 ESMF_PNETCDF                : disabled
20211027 134133.580 INFO             PET0 ESMF_PIO                    : enabled
20211027 134133.580 INFO             PET0 ESMF_YAMLCPP                : enabled
20211027 134133.581 INFO             PET0  NUMBER_OF_PROCESSORS           4
20211027 134133.581 INFO             PET0  PASS  Example ESMF_VMUserMpiCommMultiEx, ESMF_VMUserMpiCommMultiEx.F90, line 126
20211027 134133.581 INFO             PET0 Finalizing ESMF
20211027 134133.578 INFO             PET0 !!!!!!!!!!!!!!!!!!!!!!!!!!!!!!!!!!!!!!!!!!!!!!!!!!!!!!
20211027 134133.578 INFO             PET0 !!! THE ESMF_LOG IS SET TO OUTPUT ALL LOG MESSAGES !!!
20211027 134133.578 INFO             PET0 !!!     THIS MAY CAUSE SLOWDOWN IN PERFORMANCE     !!!
20211027 134133.578 INFO             PET0 !!! FOR PRODUCTION RUNS, USE:                      !!!
20211027 134133.578 INFO             PET0 !!!                   ESMF_LOGKIND_Multi_On_Error  !!!
20211027 134133.578 INFO             PET0 !!!!!!!!!!!!!!!!!!!!!!!!!!!!!!!!!!!!!!!!!!!!!!!!!!!!!!
20211027 134133.578 INFO             PET0 Running with ESMF Version   : ESMF_8_2_0
20211027 134133.578 INFO             PET0 ESMF library build date/time: "Oct 26 2021" "20:33:34"
20211027 134133.578 INFO             PET0 ESMF library build location : /global/u2/r/rsdunlap/esmf-testing/intel_19.0.3_mpi_g_main
20211027 134133.578 INFO             PET0 ESMF_COMM                   : mpi
20211027 134133.579 INFO             PET0 ESMF_MOAB                   : enabled
20211027 134133.579 INFO             PET0 ESMF_LAPACK                 : enabled
20211027 134133.579 INFO             PET0 ESMF_NETCDF                 : enabled
20211027 134133.579 INFO             PET0 ESMF_PNETCDF                : disabled
20211027 134133.579 INFO             PET0 ESMF_PIO                    : enabled
20211027 134133.579 INFO             PET0 ESMF_YAMLCPP                : enabled
20211027 134133.581 INFO             PET0  NUMBER_OF_PROCESSORS           4
20211027 134133.581 INFO             PET0  PASS  Example ESMF_VMUserMpiCommMultiEx, ESMF_VMUserMpiCommMultiEx.F90, line 154
20211027 134133.581 INFO             PET0 Finalizing ESMF
20211027 134133.578 INFO             PET1 !!!!!!!!!!!!!!!!!!!!!!!!!!!!!!!!!!!!!!!!!!!!!!!!!!!!!!
20211027 134133.578 INFO             PET1 !!! THE ESMF_LOG IS SET TO OUTPUT ALL LOG MESSAGES !!!
20211027 134133.578 INFO             PET1 !!!     THIS MAY CAUSE SLOWDOWN IN PERFORMANCE     !!!
20211027 134133.578 INFO             PET1 !!! FOR PRODUCTION RUNS, USE:                      !!!
20211027 134133.578 INFO             PET1 !!!                   ESMF_LOGKIND_Multi_On_Error  !!!
20211027 134133.578 INFO             PET1 !!!!!!!!!!!!!!!!!!!!!!!!!!!!!!!!!!!!!!!!!!!!!!!!!!!!!!
20211027 134133.578 INFO             PET1 Running with ESMF Version   : ESMF_8_2_0
20211027 134133.578 INFO             PET1 ESMF library build date/time: "Oct 26 2021" "20:33:34"
20211027 134133.578 INFO             PET1 ESMF library build location : /global/u2/r/rsdunlap/esmf-testing/intel_19.0.3_mpi_g_main
20211027 134133.578 INFO             PET1 ESMF_COMM                   : mpi
20211027 134133.580 INFO             PET1 ESMF_MOAB                   : enabled
20211027 134133.580 INFO             PET1 ESMF_LAPACK                 : enabled
20211027 134133.580 INFO             PET1 ESMF_NETCDF                 : enabled
20211027 134133.580 INFO             PET1 ESMF_PNETCDF                : disabled
20211027 134133.580 INFO             PET1 ESMF_PIO                    : enabled
20211027 134133.580 INFO             PET1 ESMF_YAMLCPP                : enabled
20211027 134133.581 INFO             PET1  NUMBER_OF_PROCESSORS           4
20211027 134133.581 INFO             PET1  PASS  Example ESMF_VMUserMpiCommMultiEx, ESMF_VMUserMpiCommMultiEx.F90, line 126
20211027 134133.581 INFO             PET1 Finalizing ESMF
20211027 134133.577 INFO             PET1 !!!!!!!!!!!!!!!!!!!!!!!!!!!!!!!!!!!!!!!!!!!!!!!!!!!!!!
20211027 134133.578 INFO             PET1 !!! THE ESMF_LOG IS SET TO OUTPUT ALL LOG MESSAGES !!!
20211027 134133.578 INFO             PET1 !!!     THIS MAY CAUSE SLOWDOWN IN PERFORMANCE     !!!
20211027 134133.578 INFO             PET1 !!! FOR PRODUCTION RUNS, USE:                      !!!
20211027 134133.578 INFO             PET1 !!!                   ESMF_LOGKIND_Multi_On_Error  !!!
20211027 134133.578 INFO             PET1 !!!!!!!!!!!!!!!!!!!!!!!!!!!!!!!!!!!!!!!!!!!!!!!!!!!!!!
20211027 134133.578 INFO             PET1 Running with ESMF Version   : ESMF_8_2_0
20211027 134133.578 INFO             PET1 ESMF library build date/time: "Oct 26 2021" "20:33:34"
20211027 134133.578 INFO             PET1 ESMF library build location : /global/u2/r/rsdunlap/esmf-testing/intel_19.0.3_mpi_g_main
20211027 134133.578 INFO             PET1 ESMF_COMM                   : mpi
20211027 134133.579 INFO             PET1 ESMF_MOAB                   : enabled
20211027 134133.579 INFO             PET1 ESMF_LAPACK                 : enabled
20211027 134133.579 INFO             PET1 ESMF_NETCDF                 : enabled
20211027 134133.579 INFO             PET1 ESMF_PNETCDF                : disabled
20211027 134133.579 INFO             PET1 ESMF_PIO                    : enabled
20211027 134133.579 INFO             PET1 ESMF_YAMLCPP                : enabled
20211027 134133.581 INFO             PET1  NUMBER_OF_PROCESSORS           4
20211027 134133.581 INFO             PET1  PASS  Example ESMF_VMUserMpiCommMultiEx, ESMF_VMUserMpiCommMultiEx.F90, line 154
20211027 134133.581 INFO             PET1 Finalizing ESMF
