build time -- 2022-01-26 15:16:47.003978
   12.4500000000000        12.4500000000000        12.4500000000000     
   12.4500000000000        12.4500000000000        12.4500000000000     
   12.4500000000000        12.4500000000000        12.4500000000000     
   12.4500000000000        12.4500000000000        12.4500000000000     
   12.4500000000000        12.4500000000000        12.4500000000000     
   12.4500000000000        12.4500000000000        12.4500000000000     
   12.4500000000000        12.4500000000000        12.4500000000000     
   12.4500000000000        12.4500000000000        12.4500000000000     
   12.4500000000000        12.4500000000000        12.4500000000000     
   12.4500000000000        12.4500000000000        12.4500000000000     
   12.4500000000000        12.4500000000000        12.4500000000000     
   12.4500000000000        12.4500000000000        12.4500000000000     
   12.4500000000000        12.4500000000000        12.4500000000000     
   12.4500000000000        12.4500000000000        12.4500000000000     
   12.4500000000000        12.4500000000000        12.4500000000000     
   12.4500000000000        12.4500000000000        12.4500000000000     
   12.4500000000000        12.4500000000000        12.4500000000000     
   12.4500000000000        12.4500000000000        12.4500000000000     
   12.4500000000000        12.4500000000000        12.4500000000000     
   12.4500000000000        12.4500000000000        12.4500000000000     
   12.4500000000000        12.4500000000000        12.4500000000000     
   12.4500000000000        12.4500000000000        12.4500000000000     
   12.4500000000000        12.4500000000000        12.4500000000000     
   12.4500000000000        12.4500000000000        12.4500000000000     
   12.4500000000000        12.4500000000000        12.4500000000000     
   12.4500000000000        12.4500000000000        12.4500000000000     
   12.4500000000000        12.4500000000000        12.4500000000000     
   12.4500000000000        12.4500000000000        12.4500000000000     
   12.4500000000000        12.4500000000000        12.4500000000000     
   12.4500000000000        12.4500000000000        12.4500000000000     
   12.4500000000000        12.4500000000000        12.4500000000000     
   12.4500000000000        12.4500000000000        12.4500000000000     
   12.4500000000000        12.4500000000000        12.4500000000000     
   12.4500000000000        12.4500000000000        12.4500000000000     
   12.4500000000000        12.4500000000000        12.4500000000000     
   12.4500000000000        12.4500000000000        12.4500000000000     
   12.4500000000000        12.4500000000000        12.4500000000000     
   12.4500000000000        12.4500000000000        12.4500000000000     
   12.4500000000000        12.4500000000000        12.4500000000000     
   12.4500000000000        12.4500000000000        12.4500000000000     
   12.4500000000000        12.4500000000000        12.4500000000000     
   12.4500000000000        12.4500000000000        12.4500000000000     
   12.4500000000000        12.4500000000000        12.4500000000000     
   12.4500000000000        12.4500000000000        12.4500000000000     
   12.4500000000000        12.4500000000000        12.4500000000000     
   12.4500000000000        12.4500000000000        12.4500000000000     
   12.4500000000000        12.4500000000000        12.4500000000000     
   12.4500000000000        12.4500000000000        12.4500000000000     
   12.4500000000000        12.4500000000000        12.4500000000000     
   12.4500000000000        12.4500000000000        12.4500000000000     
   12.4500000000000        12.4500000000000        12.4500000000000     
   12.4500000000000        12.4500000000000        12.4500000000000     
   12.4500000000000        12.4500000000000        12.4500000000000     
   12.4500000000000        12.4500000000000        12.4500000000000     
   12.4500000000000        12.4500000000000        12.4500000000000     
   12.4500000000000        12.4500000000000        12.4500000000000     
   12.4500000000000        12.4500000000000        12.4500000000000     
   12.4500000000000        12.4500000000000        12.4500000000000     
   12.4500000000000        12.4500000000000        12.4500000000000     
   12.4500000000000        12.4500000000000        12.4500000000000     
   12.4500000000000        12.4500000000000        12.4500000000000     
   12.4500000000000        12.4500000000000        12.4500000000000     
   12.4500000000000        12.4500000000000        12.4500000000000     
   12.4500000000000        12.4500000000000        12.4500000000000     
   12.4500000000000        12.4500000000000        12.4500000000000     
   12.4500000000000        12.4500000000000        12.4500000000000     
   12.4500000000000        12.4500000000000        12.4500000000000     
   12.4500000000000        12.4500000000000        12.4500000000000     
   12.4500000000000        12.4500000000000        12.4500000000000     
   12.4500000000000        12.4500000000000        12.4500000000000     
   12.4500000000000        12.4500000000000        12.4500000000000     
   12.4500000000000        12.4500000000000        12.4500000000000     
   12.4500000000000        12.4500000000000        12.4500000000000     
   12.4500000000000        12.4500000000000        12.4500000000000     
   12.4500000000000        12.4500000000000        12.4500000000000     
   12.4500000000000        12.4500000000000        12.4500000000000     
   12.4500000000000        12.4500000000000        12.4500000000000     
   12.4500000000000        12.4500000000000        12.4500000000000     
   12.4500000000000        12.4500000000000        12.4500000000000     
   12.4500000000000        12.4500000000000        12.4500000000000     
   12.4500000000000        12.4500000000000        12.4500000000000     
   12.4500000000000        12.4500000000000        12.4500000000000     
   12.4500000000000        12.4500000000000        12.4500000000000     
   12.4500000000000        12.4500000000000        12.4500000000000     
   12.4500000000000        12.4500000000000        12.4500000000000     
   12.4500000000000        12.4500000000000        12.4500000000000     
   12.4500000000000        12.4500000000000        12.4500000000000     
   12.4500000000000        12.4500000000000        12.4500000000000     
   12.4500000000000        12.4500000000000        12.4500000000000     
   12.4500000000000        12.4500000000000        12.4500000000000     
   12.4500000000000        12.4500000000000        12.4500000000000     
   12.4500000000000        12.4500000000000        12.4500000000000     
   12.4500000000000        12.4500000000000        12.4500000000000     
   12.4500000000000        12.4500000000000        12.4500000000000     
   12.4500000000000        12.4500000000000        12.4500000000000     
   12.4500000000000        12.4500000000000        12.4500000000000     
   12.4500000000000        12.4500000000000        12.4500000000000     
   12.4500000000000        12.4500000000000        12.4500000000000     
   12.4500000000000        12.4500000000000        12.4500000000000     
   12.4500000000000        12.4500000000000        12.4500000000000     
   12.4500000000000        12.4500000000000        12.4500000000000     
   12.4500000000000        12.4500000000000        12.4500000000000     
   12.4500000000000        12.4500000000000        12.4500000000000     
   12.4500000000000        12.4500000000000        12.4500000000000     
   12.4500000000000        12.4500000000000        12.4500000000000     
   12.4500000000000        12.4500000000000        12.4500000000000     
   12.4500000000000        12.4500000000000        12.4500000000000     
   12.4500000000000        12.4500000000000        12.4500000000000     
   12.4500000000000        12.4500000000000        12.4500000000000     
   12.4500000000000        12.4500000000000        12.4500000000000     
   12.4500000000000     
   12.4500000000000        12.4500000000000        12.4500000000000     
   12.4500000000000        12.4500000000000        12.4500000000000     
   12.4500000000000        12.4500000000000        12.4500000000000     
   12.4500000000000        12.4500000000000        12.4500000000000     
   12.4500000000000        12.4500000000000        12.4500000000000     
   12.4500000000000        12.4500000000000        12.4500000000000     
   12.4500000000000        12.4500000000000        12.4500000000000     
   12.4500000000000        12.4500000000000        12.4500000000000     
   12.4500000000000        12.4500000000000        12.4500000000000     
   12.4500000000000        12.4500000000000        12.4500000000000     
   12.4500000000000        12.4500000000000        12.4500000000000     
   12.4500000000000        12.4500000000000        12.4500000000000     
   12.4500000000000        12.4500000000000        12.4500000000000     
   12.4500000000000        12.4500000000000        12.4500000000000     
   12.4500000000000        12.4500000000000        12.4500000000000     
   12.4500000000000        12.4500000000000        12.4500000000000     
   12.4500000000000        12.4500000000000        12.4500000000000     
   12.4500000000000        12.4500000000000        12.4500000000000     
   12.4500000000000        12.4500000000000        12.4500000000000     
   12.4500000000000        12.4500000000000        12.4500000000000     
   12.4500000000000        12.4500000000000        12.4500000000000     
   12.4500000000000        12.4500000000000        12.4500000000000     
   12.4500000000000        12.4500000000000        12.45   12.4500000000000        12.4500000000000        12.4500000000000     
   12.4500000000000        12.4500000000000        12.4500000000000     
   12.4500000000000        12.4500000000000        12.4500000000000     
   12.4500000000000        12.4500000000000        12.4500000000000     
   12.4500000000000        12.4500000000000        12.4500000000000     
   12.4500000000000        12.4500000000000        12.4500000000000     
   12.4500000000000     
   12.4500000000000        12.4500000000000        12.4500000000000     
   12.4500000000000        12.4500000000000        12.4500000000000     
   12.4500000000000        12.4500000000000        12.4500000000000     
   12.4500000000000        12.4500000000000        12.4500000000000     
   12.4500000000000        12.4500000000000        12.4500000000000     
   12.4500000000000        12.4500000000000        12.4500000000000     
   12.4500000000000        12.4500000000000        12.4500000000000     
   12.4500000000000        12.4500000000000        12.4500000000000     
   12.4500000000000        12.4500000000000        12.4500000000000     
   12.4500000000000        12.4500000000000        12.4500000000000     
   12.4500000000000        12.4500000000000        12.4500000000000     
   12.4500000000000        12.4500000000000        12.4500000000000     
   12.4500000000000        12.4500000000000        12.4500000000000     
   12.4500000000000        12.4500000000000        12.4500000000000     
   12.4500000000000        12.4500000000000        12.4500000000000     
   12.4500000000000        12.4500000000000        12.4500000000000     
   12.4500000000000        12.4500000000000        12.4500000000000     
   12.4500000000000        12.4500000000000        12.4500000000000     
   12.4500000000000        12.4500000000000        12.4500000000000     
   12.4500000000000        12.4500000000000        12.4500000000000     
   12.4500000000000        12.4500000000000        12.4500000000000     
   12.4500000000000        12.4500000000000        12.4500000000000     
   12.4500000000000        12.4500000000000        12.4500000000000     
   12.4500000000000        12.4500000000000        12.4500000000000     
   12.4500000000000        12.4500000000000        12.4500000000000     
   12.4500000000000        12.4500000000000        12.4500000000000     
   12.4500000000000        12.4500000000000        12.4500000000000     
   12.4500000000000        12.4500000000000        12.4500000000000     
   12.4500000000000        12.4500000000000        12.4500000000000     
   12.4500000000000        12.4500000000000        12.4500000000000     
   12.4500000000000        12.4500000000000        12.4500000000000     
   12.4500000000000        12.4500000000000        12.4500000000000     
   12.4500000000000        12.4500000000000        12.4500000000000     
   12.4500000000000     
   12.4500000000000        12.4500000000000        12.4500000000000     
   12.4500000000000        12.4500000000000        12.4500000000000     
   12.4500000000000        12.4500000000000        12.4500000000000     
   12.4500000000000        12.4500000000000        12.4500000000000     
   12.4500000000000        12.4500000000000        12.4500000000000     
   12.4500000000000        12.4500000000000        12.4500000000000     
   12.4500000000000        12.4500000000000        12.4500000000000     
   12.4500000000000        12.4500000000000        12.4500000000000     
   12.4500000000000        12.4500000000000        12.4500000000000     
   12.4500000000000        12.4500000000000        12.4500000000000     
   12.4500000000000        12.4500000000000        12.4500000000000     
   12.4500000000000        12.4500000000000        12.4500000000000     
   12.4500000000000        12.4500000000000        12.4500000000000     
   12.4500000000000        12.4500000000000        12.4500000000000     
   12.4500000000000        12.4500000000000        12.4500000000000     
   12.4500000000000        12.4500000000000        12.4500000000000     
   12.4500000000000        12.4500000000000        12.4500000000000     
   12.4500000000000        12.4500000000000        12.4500000000000     
   12.4500000000000        12.4500000000000        12.4500000000000     
   12.4500000000000        12.4500000000000        12.4500000000000     
   12.4500000000000        12.4500000000000        12.4500000000000     
   12.4500000000000        12.4500000000000        12.4500000000000     
   12.4500000000000        12.4500000000000        12.4500000000000     
   12.4500000000000        12.4500000000000        12.4500000000000     
   12.4500000000000        12.4500000000000        12.4500000000000     
   12.4500000000000        12.4500000000000        12.4500000000000     
   12.4500000000000        12.4500000000000        12.4500000000000     
   12.4500000000000     
   12.4500000000000        12.4500000000000        12.4500000000000     
   12.4500000000000        12.4500000000000        12.4500000000000     
   12.4500000000000        12.4500000000000        12.4500000000000     
   12.4500000000000        12.4500000000000        12.4500000000000     
   12.4500000000000        12.4500000000000        12.4500000000000     
   12.4500000000000        12.4500000000000        12.4500000000000     
   12.4500000000000        12.4500000000000        12.4500000000000     
   12.4500000000000        12.4500000000000        12.4500000000000     
   12.4500000000000        12.4500000000000        12.4500000000000     
   12.4500000000000        12.4500000000000        12.4500000000000     
   12.4500000000000        12.4500000000000        12.4500000000000     
   12.4500000000000        12.4500000000000        12.4500000000000     
   12.4500000000000        12.4500000000000        12.4500000000000     
   12.4500000000000        12.4500000000000        12.4500000000000     
   12.4500000000000        12.4500000000000        12.4500000000000     
   12.4500000000000        12.4500000000000        12.4500000000000     
   12.4500000000000        12.4500000000000        12.4500000000000     
   12.4500000000000        12.4500000000000        12.4500000000000     
   12.4500000000000        12.4500000000000        12.4500000000000     
   12.4500000000000        12.4500000000000        12.4500000000000     
   12.4500000000000        12.4500000000000        12.4500000000000     
   12.4500000000000        12.4500000000000        12.4500000000000     
   12.4500000000000        12.4500000000000        12.4500000000000     
   12.4500000000000        12.4500000000000        12.4500000000000     
   12.4500000000000        12.4500000000000        12.4500000000000     
   12.4500000000000        12.4500000000000        12.4500000000000     
   12.4500000000000        12.4500000000000        12.4500000000000     
   12.4500000000000        12.4500000000000        12.4500000000000     
   12.4500000000000        12.4500000000000        12.4500000000000     
   12.4500000000000        12.4500000000000        12.4500000000000     
00000000000     
   12.4500000000000        12.4500000000000        12.4500000000000     
   12.4500000000000        12.4500000000000        12.4500000000000     
   12.4500000000000        12.4500000000000        12.4500000000000     
   12.4500000000000        12.4500000000000        12.4500000000000     
   12.4500000000000        12.4500000000000        12.4500000000000     
   12.4500000000000        12.4500000000000        12.4500000000000     
   12.4500000000000        12.4500000000000        12.4500000000000     
   12.4500000000000        12.4500000000000        12.4500000000000     
   12.4500000000000        12.4500000000000        12.4500000000000     
   12.4500000000000        12.4500000000000        12.4500000000000     
   12.4500000000000        12.4500000000000        12.4500000000000     
   12.4500000000000        12.4500000000000        12.4500000000000     
   12.4500000000000        12.4500000000000        12.4500000000000     
   12.4500000000000        12.4500000000000        12.4500000000000     
   12.4500000000000        12.4500000000000        12.4500000000000     
   12.4500000000000        12.4500000000000        12.4500000000000     
   12.4500000000000        12.4500000000000        12.4500000000000     
   12.4500000000000        12.4500000000000        12.4500000000000     
   12.4500000000000        12.4500000000000        12.4500000000000     
   12.4500000000000     
   12.4500000000000        12.4500000000000        12.4500000000000     
   12.4500000000000        12.4500000000000        12.4500000000000     
   12.4500000000000        12.4500000000000        12.4500000000000     
   12.4500000000000        12.4500000000000        12.4500000000000     
   12.4500000000000        12.4500000000000        12.4500000000000     
   12.4500000000000        12.4500000000000        12.4500000000000     
   12.4500000000000        12.4500000000000        12.4500000000000     
   12.4500000000000        12.4500000000000        12.4500000000000     
   12.4500000000000        12.4500000000000        12.4500000000000     
   12.4500000000000        12.4500000000000        12.4500000000000     
   23.6700000000000        23.6700000000000        23.6700000000000     
   23.6700000000000        23.6700000000000        23.6700000000000     
   23.6700000000000        23.6700000000000        23.6700000000000     
   23.6700000000000        23.6700000000000        23.6700000000000     
   23.6700000000000        23.6700000000000        23.6700000000000     
   23.6700000000000        23.6700000000000        23.6700000000000     
   23.6700000000000        23.6700000000000        23.6700000000000     
   23.6700000000000        23.6700000000000        23.6700000000000     
   23.6700000000000        23.6700000000000        23.6700000000000     
   23.6700000000000        23.6700000000000        23.6700000000000     
   23.6700000000000        23.6700000000000        23.6700000000000     
   23.6700000000000        23.6700000000000        23.6700000000000     
   23.6700000000000        23.6700000000000        23.6700000000000     
   23.6700000000000        23.6700000000000        23.6700000000000     
   23.6700000000000        23.6700000000000        23.6700000000000     
   23.6700000000000        23.6700000000000        23.6700000000000     
   23.6700000000000        23.6700000000000        23.6700000000000     
   23.6700000000000        23.6700000000000        23.6700000000000     
   23.6700000000000        23.6700000000000        23.6700000000000     
   23.6700000000000        23.6700000000000        23.6700000000000     
   23.6700000000000        23.6700000000000        23.6700000000000     
   23.6700000000000        23.6700000000000        23.6700000000000     
   23.6700000000000        23.6700000000000        23.6700000000000     
   23.6700000000000        23.6700000000000        23.6700000000000     
   23.6700000000000        23.6700000000000        23.6700000000000     
   23.6700000000000        23.6700000000000        23.6700000000000     
   23.6700000000000        23.6700000000000        23.6700000000000     
   23.6700000000000        23.6700000000000        23.6700000000000     
   23.6700000000000        23.6700000000000        23.6700000000000     
   23.6700000000000        23.6700000000000        23.6700000000000     
   23.6700000000000        23.6700000000000        23.6700000000000     
   23.6700000000000        23.6700000000000        23.6700000000000     
   23.6700000000000        23.6700000000000        23.6700000000000     
   23.6700000000000     
   23.6700000000000        23.6700000000000        23.6700000000000     
   23.6700000000000        23.6700000000000        23.6700000000000     
   23.6700000000000        23.6700000000000        23.6700000000000     
   23.6700000000000        23.6700000000000        23.6700000000000     
   23.6700000000000        23.6700000000000        23.6700000000000     
   23.6700000000000        23.6700000000000        23.6700000000000     
   23.6700000000000        23.6700000000000        23.6700000000000     
   23.6700000000000        23.6700000000000        23.6700000000000     
   23.6700000000000        23.6700000000000        23.6700000000000     
   23.6700000000000        23.6700000000000        23.6700000000000     
   23.6700000000000        23.6700000000000        23.6700000000000     
   23.6700000000000        23.6700000000000        23.6700000000000     
   23.6700000000000        23.6700000000000        23.6700000000000     
   23.6700000000000        23.6700000000000        23.6700000000000     
   23.6700000000000        23.6700000000000        23.6700000000000     
   23.6700000000000        23.6700000000000        23.6700000000000     
   23.6700000000000        23.6700000000000        23.6700000000000     
   23.6700000000000        23.6700000000000        23.6700000000000     
   23.6700000000000        23.6700000000000        23.6700000000000     
   23.6700000000000        23.6700000000000        23.6700000000000     
   23.6700000000000        23.6700000000000        23.6700000000000     
   23.6700000000000        23.6700000000000        23.6700000000000     
   23.6700000000000        23.6700000000000        23.6   12.4500000000000        12.4500000000000        12.4500000000000     
   12.4500000000000        12.4500000000000        12.4500000000000     
   12.4500000000000        12.4500000000000        12.4500000000000     
   12.4500000000000        12.4500000000000        12.4500000000000     
   12.4500000000000     
   23.6700000000000        23.6700000000000        23.6700000000000     
   23.6700000000000        23.6700000000000        23.6700000000000     
   23.6700000000000        23.6700000000000        23.6700000000000     
   23.6700000000000        23.6700000000000        23.6700000000000     
   23.6700000000000        23.6700000000000        23.6700000000000     
   23.6700000000000        23.6700000000000        23.6700000000000     
   23.6700000000000        23.6700000000000        23.6700000000000     
   23.6700000000000        23.6700000000000        23.6700000000000     
   23.6700000000000        23.6700000000000        23.6700000000000     
   23.6700000000000        23.6700000000000        23.6700000000000     
   23.6700000000000        23.6700000000000        23.6700000000000     
   23.6700000000000        23.6700000000000        23.6700000000000     
   23.6700000000000        23.6700000000000        23.6700000000000     
   23.6700000000000        23.6700000000000        23.6700000000000     
   23.6700000000000        23.6700000000000        23.6700000000000     
   23.6700000000000        23.6700000000000        23.6700000000000     
   23.6700000000000        23.6700000000000        23.6700000000000     
   23.6700000000000        23.6700000000000        23.6700000000000     
   23.6700000000000        23.6700000000000        23.6700000000000     
   23.6700000000000        23.6700000000000        23.6700000000000     
   23.6700000000000        23.6700000000000        23.6700000000000     
   23.6700000000000        23.6700000000000        23.6700000000000     
   23.6700000000000        23.6700000000000        23.6700000000000     
   23.6700000000000        23.6700000000000        23.6700000000000     
   23.6700000000000        23.6700000000000        23.6700000000000     
   23.6700000000000        23.6700000000000        23.6700000000000     
   23.6700000000000        23.6700000000000        23.6700000000000     
   23.6700000000000        23.6700000000000        23.6700000000000     
   23.6700000000000        23.6700000000000        23.6700000000000     
   23.6700000000000        23.6700000000000        23.6700000000000     
   23.6700000000000        23.6700000000000        23.6700000000000     
   23.6700000000000        23.6700000000000        23.6700000000000     
   23.6700000000000        23.6700000000000        23.6700000000000     
   23.6700000000000     
   23.6700000000000        23.6700000000000        23.6700000000000     
   23.6700000000000        23.6700000000000        23.6700000000000     
   23.6700000000000        23.6700000000000        23.6700000000000     
   23.6700000000000        23.6700000000000        23.6700000000000     
   23.6700000000000        23.6700000000000        23.6700000000000     
   23.6700000000000        23.6700000000000        23.6700000000000     
   23.6700000000000        23.6700000000000        23.6700000000000     
   23.6700000000000        23.6700000000000        23.6700000000000     
   23.6700000000000        23.6700000000000        23.6700000000000     
   23.6700000000000        23.6700000000000        23.6700000000000     
   23.6700000000000        23.6700000000000        23.6700000000000     
   23.6700000000000        23.6700000000000        23.6700000000000     
   23.6700000000000        23.6700000000000        23.6700000000000     
   23.6700000000000        23.6700000000000        23.6700000000000     
   23.6700000000000        23.6700000000000        23.6700000000000     
   23.6700000000000        23.6700000000000        23.6700000000000     
   23.6700000000000        23.6700000000000        23.6700000000000     
   23.6700000000000        23.6700000000000        23.6700000000000     
   23.6700000000000        23.   12.4500000000000        12.4500000000000        12.4500000000000     
   12.4500000000000     
   23.6700000000000        23.6700000000000        23.6700000000000     
   23.6700000000000        23.6700000000000        23.6700000000000     
   23.6700000000000        23.6700000000000        23.6700000000000     
   23.6700000000000        23.6700000000000        23.6700000000000     
   23.6700000000000        23.6700000000000        23.6700000000000     
   23.6700000000000        23.6700000000000        23.6700000000000     
   23.6700000000000        23.6700000000000        23.6700000000000     
   23.6700000000000        23.6700000000000        23.6700000000000     
   23.6700000000000        23.6700000000000        23.6700000000000     
   23.6700000000000        23.6700000000000        23.6700000000000     
   23.6700000000000        23.6700000000000        23.6700000000000     
   23.6700000000000        23.6700000000000        23.6700000000000     
   23.6700000000000        23.6700000000000        23.6700000000000     
   23.6700000000000        23.6700000000000        23.6700000000000     
   23.6700000000000        23.6700000000000        23.6700000000000     
   23.6700000000000        23.6700000000000        23.6700000000000     
   23.6700000000000        23.6700000000000        23.6700000000000     
   23.6700000000000        23.6700000000000        23.6700000000000     
   23.6700000000000        23.6700000000000        23.6700000000000     
   23.6700000000000        23.6700000000000        23.6700000000000     
   23.6700000000000        23.6700000000000        23.6700000000000     
   23.6700000000000        23.6700000000000        23.6700000000000     
   23.6700000000000        23.6700000000000        23.6700000000000     
   23.6700000000000        23.6700000000000        23.6700000000000     
   23.6700000000000        23.6700000000000        23.6700000000000     
   23.6700000000000        23.6700000000000        23.6700000000000     
   23.6700000000000        23.6700000000000        23.6700000000000     
   23.6700000000000        23.6700000000000        23.6700000000000     
   23.6700000000000        23.6700000000000        23.6700000000000     
   23.6700000000000        23.6700000000000        23.6700000000000     
   23.6700000000000        23.6700000000000        23.6700000000000     
   23.6700000000000        23.6700000000000        23.6700000000000     
   23.6700000000000        23.6700000000000        23.6700000000000     
   23.6700000000000     
   23.6700000000000        23.6700000000000        23.6700000000000     
   23.6700000000000        23.6700000000000        23.6700000000000     
   23.6700000000000        23.6700000000000        23.6700000000000     
   23.6700000000000        23.6700000000000        23.6700000000000     
   23.6700000000000        23.6700000000000        23.6700000000000     
   23.6700000000000        23.6700000000000        23.6700000000000     
   23.6700000000000        23.6700000000000        23.6700000000000     
   23.6700000000000        23.6700000000000        23.6700000000000     
   23.6700000000000        23.6700000000000        23.6700000000000     
   23.6700000000000        23.6700000000000        23.6700000000000     
   23.6700000000000        23.6700000000000        23.6700000000000     
   23.6700000000000        23.6700000000000        23.6700000000000     
   23.6700000000000        23.6700000000000        23.6700000000000     
   23.6700000000000        23.6700000000000        23.6700000000000     
   23.6700000000000        23.6700000000000        23.6700000000000     
   23.6700000000000        23.6700000000000        23.6700000000000     
   23.6700000000000        23.6700000000000        23.6700000000000     
   23.6700000000000        23.6700000000000        23.6700000000000     
   23.6700000000000        23.6700000000000        23.6700000000000     
   23.6700000000000        23.6700000000000        23.6700000000000     
   23.6700000000000        23.6700000000000        23.6700000000000     
   23.6700000000000        23.   12.4500000000000        12.4500000000000        12.4500000000000     
   12.4500000000000     
   23.6700000000000        23.6700000000000        23.6700000000000     
   23.6700000000000        23.6700000000000        23.6700000000000     
   23.6700000000000        23.6700000000000        23.6700000000000     
   23.6700000000000        23.6700000000000        23.6700000000000     
   23.6700000000000        23.6700000000000        23.6700000000000     
   23.6700000000000        23.6700000000000        23.6700000000000     
   23.6700000000000        23.6700000000000        23.6700000000000     
   23.6700000000000        23.6700000000000        23.6700000000000     
   23.6700000000000        23.6700000000000        23.6700000000000     
   23.6700000000000        23.6700000000000        23.6700000000000     
   23.6700000000000        23.6700000000000        23.6700000000000     
   23.6700000000000        23.6700000000000        23.6700000000000     
   23.6700000000000        23.6700000000000        23.6700000000000     
   23.6700000000000        23.6700000000000        23.6700000000000     
   23.6700000000000        23.6700000000000        23.6700000000000     
   23.6700000000000        23.6700000000000        23.6700000000000     
   23.6700000000000        23.6700000000000        23.6700000000000     
   23.6700000000000        23.6700000000000        23.6700000000000     
   23.6700000000000        23.6700000000000        23.6700000000000     
   23.6700000000000        23.6700000000000        23.6700000000000     
   23.6700000000000        23.6700000000000        23.6700000000000     
   23.6700000000000        23.6700000000000        23.6700000000000     
   23.6700000000000        23.6700000000000        23.6700000000000     
   23.6700000000000        23.6700000000000        23.6700000000000     
   23.6700000000000        23.6700000000000        23.6700000000000     
   23.6700000000000        23.6700000000000        23.6700000000000     
   23.6700000000000        23.6700000000000        23.6700000000000     
   23.6700000000000        23.6700000000000        23.6700000000000     
   23.6700000000000        23.6700000000000        23.6700000000000     
   23.6700000000000        23.6700000000000        23.6700000000000     
   23.6700000000000        23.6700000000000        23.6700000000000     
   23.6700000000000        23.6700000000000        23.6700000000000     
   23.6700000000000        23.6700000000000        23.6700000000000     
   23.6700000000000     
   23.6700000000000        23.6700000000000        23.6700000000000     
   23.6700000000000        23.6700000000000        23.6700000000000     
   23.6700000000000        23.6700000000000        23.6700000000000     
   23.6700000000000        23.6700000000000        23.6700000000000     
   23.6700000000000        23.6700000000000        23.6700000000000     
   23.6700000000000        23.6700000000000        23.6700000000000     
   23.6700000000000        23.6700000000000        23.6700000000000     
   23.6700000000000        23.6700000000000        23.6700000000000     
   23.6700000000000        23.6700000000000        23.6700000000000     
   23.6700000000000        23.6700000000000        23.6700000000000     
   23.6700000000000        23.6700000000000        23.6700000000000     
   23.6700000000000        23.6700000000000        23.6700000000000     
   23.6700000000000        23.6700000000000        23.6700000000000     
   23.6700000000000        23.6700000000000        23.6700000000000     
   23.6700000000000        23.6700000000000        23.6700000000000     
   23.6700000000000        23.6700000000000        23.6700000000000     
   23.6700000000000        23.6700000000000        23.6700000000000     
   23.6700000000000        23.6700000000000        23.6700000000000     
   23.6700000000000        23.6700000000000        23.6700000000000     
   23.6700000000000        23.6700000000000        23.6700000000000     
   23.6700000000000        23.6700000000000        23.6700000000000     
   23.6700000000000        23.6700000000000        23.6700000000000     
   23.6700000000000        23.6700000000000        23.6700000000000     
   23.6700000000000        23.6700000000000        23.6700000000000     
   23.6700000000000        23.6700000000000        23.6700000000000     
   23.6700000000000        23.6700000000000        23.6700000000000     
   23.6700000000000        23.6700000000000        23.6700000000000     
   23.6700000000000        23.6700000000000        23.6700000000000     
   23.6700000000000        23.6700000000000        23.6700000000000     
   23.6700000000000        23.6700000000000        23.6700000000000     
   23.6700000000000        23.6700000000000        23.6700000000000     
   23.6700000000000        23.6700000000000        23.6700000000000     
   23.6700000000000        23.6700000000000        23.6700000000000     
   23.6700000000000     
   56.8100000000000        56.8100000000000        56.8100000000000     
   56.8100000000000        56.8100000000000        56.8100000000000     
   56.8100000000000        56.8100000000000        56.8100000000000     
   56.8100000000000        56.8100000000000        56.8100000000000     
   56.8100000000000        56.8100000000000        56.8100000000000     
   56.8100000000000        56.8100000000000        56.8100000000000     
   56.8100000000000        56.8100000000000        56.8100000000000     
   56.8100000000000        56.8100000000000        56.8100000000000     
   56.8100000000000        56.8100000000000        56.8100000000000     
   56.8100000000000        56.8100000000000        56.8100000000000     
   56.8100000000000        56.8100000000000        56.8100000000000     
   56.8100000000000        56.8100000000000        56.8100000000000     
   56.8100000000000        56.8100000000000        56.8100000000000     
   56.8100000000000        56.8100000000000        56.8100000000000     
   56.8100000000000        56.8100000000000        56.8100000000000     
   56.8100000000000        56.8100000000000        56.8100000000000     
   56.8100000000000        56.8100000000000        56.8100000000000     
   56.8100000000000        56.8100000000000        56.8100000000000     
   56.8100000000000        56.8100000000000        56.8100000000000     
   56.8100000000000        56.8100000000000        56.8100000000000     
   56.8100000000000        56.8100000000000        56.8100000000000     
   56.8100000000000        56.8100000000000        56.8100000000000     
   56.8100000000000        56.8100000000000        56.8100000000000     
   56.8100000000000        56.8100000000000        56.8100000000000     
   56.8100000000000        56.8100000000000        56.8100000000000     
   56.8100000000000        56.8100000000000        56.8100000000000     
   56.8100000000000        56.8100000000000        56.8100000000000     
   56.8100000000000        56.8100000000000        56.8100000000000     
   56.8100000000000        56.8100000000000        56.8100000000000     
   56.8100000000000        56.8100000000000        56.8100000000000     
   56.8100000000000        56.8100000000000        56.8100000000000     
   56.8100000000000        56.8100000000000        56.8100000000000     
   56.8100000000000        56.8100000000000        56.8100000000000     
   56.8100000000000     
   56.8100000000000        56.8100000000000        56.8100000000000     
   56.8100000000000        56.8100000000000        56.8100000000000     
   56.8100000000000        56.8100000000000        56.8100000000000     
   56.8100000000000        56.8100000000000        56.8100000000000     
   56.8100000000000        56.8100000000000        56.8100000000000     
   56.8100000000000        56.8100000000000        56.8100000000000     
   56.8100000000000        56.8100000000000        56.8100000000000     
   56.8100000000000        56.8100000000000        56.8100000000000     
   56.8100000000000        56.8100000000000        56.8100000000000     
   56.8100000000000        56.8100000000000        56.8100000000000     
   56.8100000000000        56.8100000000000        56.810000700000000000     
   23.6700000000000        23.6700000000000        23.6700000000000     
   23.6700000000000        23.6700000000000        23.6700000000000     
   23.6700000000000        23.6700000000000        23.6700000000000     
   23.6700000000000        23.6700000000000        23.6700000000000     
   23.6700000000000        23.6700000000000        23.6700000000000     
   23.6700000000000        23.6700000000000        23.6700000000000     
   23.6700000000000        23.6700000000000        23.6700000000000     
   23.6700000000000        23.6700000000000        23.6700000000000     
   23.6700000000000        23.6700000000000        23.6700000000000     
   23.6700000000000        23.6700000000000        23.6700000000000     
   23.6700000000000     
   56.8100000000000        56.8100000000000        56.8100000000000     
   56.8100000000000        56.8100000000000        56.8100000000000     
   56.8100000000000        56.8100000000000        56.8100000000000     
   56.8100000000000        56.8100000000000        56.8100000000000     
   56.8100000000000        56.8100000000000        56.8100000000000     
   56.8100000000000        56.8100000000000        56.8100000000000     
   56.8100000000000        56.8100000000000        56.8100000000000     
   56.8100000000000        56.8100000000000        56.8100000000000     
   56.8100000000000        56.8100000000000        56.8100000000000     
   56.8100000000000        56.8100000000000        56.8100000000000     
   56.8100000000000        56.8100000000000        56.8100000000000     
   56.8100000000000        56.8100000000000        56.8100000000000     
   56.8100000000000        56.8100000000000        56.8100000000000     
   56.8100000000000        56.8100000000000        56.8100000000000     
   56.8100000000000        56.8100000000000        56.8100000000000     
   56.8100000000000        56.8100000000000        56.8100000000000     
   56.8100000000000        56.8100000000000        56.8100000000000     
   56.8100000000000        56.8100000000000        56.8100000000000     
   56.8100000000000        56.8100000000000        56.8100000000000     
   56.8100000000000        56.8100000000000        56.8100000000000     
   56.8100000000000        56.8100000000000        56.8100000000000     
   56.8100000000000        56.8100000000000        56.8100000000000     
   56.8100000000000        56.8100000000000        56.8100000000000     
   56.8100000000000        56.8100000000000        56.8100000000000     
   56.8100000000000        56.8100000000000        56.8100000000000     
   56.8100000000000        56.8100000000000        56.8100000000000     
   56.8100000000000        56.8100000000000        56.8100000000000     
   56.8100000000000        56.8100000000000        56.8100000000000     
   56.8100000000000        56.8100000000000        56.8100000000000     
   56.8100000000000        56.8100000000000        56.8100000000000     
   56.8100000000000        56.8100000000000        56.8100000000000     
   56.8100000000000        56.8100000000000        56.8100000000000     
   56.8100000000000        56.8100000000000        56.8100000000000     
   56.8100000000000     
   56.8100000000000        56.8100000000000        56.8100000000000     
   56.8100000000000        56.8100000000000        56.8100000000000     
   56.8100000000000        56.8100000000000        56.8100000000000     
   56.8100000000000        56.8100000000000        56.8100000000000     
   56.8100000000000        56.8100000000000        56.8100000000000     
   56.8100000000000        56.8100000000000        56.8100000000000     
   56.8100000000000        56.8100000000000        56.8100000000000     
   56.8100000000000        56.8100000000000        56.8100000000000     
   56.8100000000000        56.8100000000000        56.8100000000000     
   56.8100000000000        56.8100000000000        56.8100000000000     
   56.8100000000000        56.8100000000000        56.8100000000000     
   56.8100000000000        56.8100000000000        56.8100000000000     
   56.8100006700000000000        23.6700000000000     
   23.6700000000000        23.6700000000000        23.6700000000000     
   23.6700000000000        23.6700000000000        23.6700000000000     
   23.6700000000000        23.6700000000000        23.6700000000000     
   23.6700000000000        23.6700000000000        23.6700000000000     
   23.6700000000000        23.6700000000000        23.6700000000000     
   23.6700000000000        23.6700000000000        23.6700000000000     
   23.6700000000000        23.6700000000000        23.6700000000000     
   23.6700000000000        23.6700000000000        23.6700000000000     
   23.6700000000000        23.6700000000000        23.6700000000000     
   23.6700000000000        23.6700000000000        23.6700000000000     
   23.6700000000000        23.6700000000000        23.6700000000000     
   23.6700000000000        23.6700000000000        23.6700000000000     
   23.6700000000000        23.6700000000000        23.6700000000000     
   23.6700000000000        23.6700000000000        23.6700000000000     
   23.6700000000000     
   56.8100000000000        56.8100000000000        56.8100000000000     
   56.8100000000000        56.8100000000000        56.8100000000000     
   56.8100000000000        56.8100000000000        56.8100000000000     
   56.8100000000000        56.8100000000000        56.8100000000000     
   56.8100000000000        56.8100000000000        56.8100000000000     
   56.8100000000000        56.8100000000000        56.8100000000000     
   56.8100000000000        56.8100000000000        56.8100000000000     
   56.8100000000000        56.8100000000000        56.8100000000000     
   56.8100000000000        56.8100000000000        56.8100000000000     
   56.8100000000000        56.8100000000000        56.8100000000000     
   56.8100000000000        56.8100000000000        56.8100000000000     
   56.8100000000000        56.8100000000000        56.8100000000000     
   56.8100000000000        56.8100000000000        56.8100000000000     
   56.8100000000000        56.8100000000000        56.8100000000000     
   56.8100000000000        56.8100000000000        56.8100000000000     
   56.8100000000000        56.8100000000000        56.8100000000000     
   56.8100000000000        56.8100000000000        56.8100000000000     
   56.8100000000000        56.8100000000000        56.8100000000000     
   56.8100000000000        56.8100000000000        56.8100000000000     
   56.8100000000000        56.8100000000000        56.8100000000000     
   56.8100000000000        56.8100000000000        56.8100000000000     
   56.8100000000000        56.8100000000000        56.8100000000000     
   56.8100000000000        56.8100000000000        56.8100000000000     
   56.8100000000000        56.8100000000000        56.8100000000000     
   56.8100000000000        56.8100000000000        56.8100000000000     
   56.8100000000000        56.8100000000000        56.8100000000000     
   56.8100000000000        56.8100000000000        56.8100000000000     
   56.8100000000000        56.8100000000000        56.8100000000000     
   56.8100000000000        56.8100000000000        56.8100000000000     
   56.8100000000000        56.8100000000000        56.8100000000000     
   56.8100000000000        56.8100000000000        56.8100000000000     
   56.8100000000000        56.8100000000000        56.8100000000000     
   56.8100000000000        56.8100000000000        56.8100000000000     
   56.8100000000000     
   56.8100000000000        56.8100000000000        56.8100000000000     
   56.8100000000000        56.8100000000000        56.8100000000000     
   56.8100000000000        56.8100000000000        56.8100000000000     
   56.8100000000000        56.8100000000000        56.8100000000000     
   56.8100000000000        56.8100000000000        56.8100000000000     
   56.8100000000000        56.8100000000000        56.8100000000000     
   56.8100000000000        56.8100000000000        56.8100000000000     
   56.8100000000000        56.8100000000000        56.8100006700000000000        23.6700000000000     
   23.6700000000000        23.6700000000000        23.6700000000000     
   23.6700000000000        23.6700000000000        23.6700000000000     
   23.6700000000000        23.6700000000000        23.6700000000000     
   23.6700000000000        23.6700000000000        23.6700000000000     
   23.6700000000000        23.6700000000000        23.6700000000000     
   23.6700000000000        23.6700000000000        23.6700000000000     
   23.6700000000000        23.6700000000000        23.6700000000000     
   23.6700000000000        23.6700000000000        23.6700000000000     
   23.6700000000000        23.6700000000000        23.6700000000000     
   23.6700000000000        23.6700000000000        23.6700000000000     
   23.6700000000000        23.6700000000000        23.6700000000000     
   23.6700000000000     
   56.8100000000000        56.8100000000000        56.8100000000000     
   56.8100000000000        56.8100000000000        56.8100000000000     
   56.8100000000000        56.8100000000000        56.8100000000000     
   56.8100000000000        56.8100000000000        56.8100000000000     
   56.8100000000000        56.8100000000000        56.8100000000000     
   56.8100000000000        56.8100000000000        56.8100000000000     
   56.8100000000000        56.8100000000000        56.8100000000000     
   56.8100000000000        56.8100000000000        56.8100000000000     
   56.8100000000000        56.8100000000000        56.8100000000000     
   56.8100000000000        56.8100000000000        56.8100000000000     
   56.8100000000000        56.8100000000000        56.8100000000000     
   56.8100000000000        56.8100000000000        56.8100000000000     
   56.8100000000000        56.8100000000000        56.8100000000000     
   56.8100000000000        56.8100000000000        56.8100000000000     
   56.8100000000000        56.8100000000000        56.8100000000000     
   56.8100000000000        56.8100000000000        56.8100000000000     
   56.8100000000000        56.8100000000000        56.8100000000000     
   56.8100000000000        56.8100000000000        56.8100000000000     
   56.8100000000000        56.8100000000000        56.8100000000000     
   56.8100000000000        56.8100000000000        56.8100000000000     
   56.8100000000000        56.8100000000000        56.8100000000000     
   56.8100000000000        56.8100000000000        56.8100000000000     
   56.8100000000000        56.8100000000000        56.8100000000000     
   56.8100000000000        56.8100000000000        56.8100000000000     
   56.8100000000000        56.8100000000000        56.8100000000000     
   56.8100000000000        56.8100000000000        56.8100000000000     
   56.8100000000000        56.8100000000000        56.8100000000000     
   56.8100000000000        56.8100000000000        56.8100000000000     
   56.8100000000000        56.8100000000000        56.8100000000000     
   56.8100000000000        56.8100000000000        56.8100000000000     
   56.8100000000000        56.8100000000000        56.8100000000000     
   56.8100000000000        56.8100000000000        56.8100000000000     
   56.8100000000000        56.8100000000000        56.8100000000000     
   56.8100000000000     
   56.8100000000000        56.8100000000000        56.8100000000000     
   56.8100000000000        56.8100000000000        56.8100000000000     
   56.8100000000000        56.8100000000000        56.8100000000000     
   56.8100000000000        56.8100000000000        56.8100000000000     
   56.8100000000000        56.8100000000000        56.8100000000000     
   56.8100000000000        56.8100000000000        56.8100000000000     
   56.8100000000000        56.8100000000000        56.8100000000000     
   56.8100000000000        56.8100000000000        56.8100000000000     
   56.8100000000000        56.8100000000000        56.8100000000000     
   56.8100000000000        56.8100000000000        56.8100000000000     
   56.8100000000000        56.8100000000000        56.8100000000000     
   56.8100000000000        56.8100000000000        56.8100000000000     
   56.8100000000000        56.8100000000000        56.8100000000000     
   56.8100000000000        56.8100000000000        56.8100000000000     
   56.8100000000000        56.8100000000000        56.8100000000000     
   56.8100000000000        56.8100000000000        56.8100000000000     
   56.8100000000000        56.8100000000000        56.8100000000000     
   56.8100000000000        56.8100000000000        56.8100000000000     
   56.8100000000000        56.8100000000000        56.8100000000000     
   56.8100000000000        56.8100000000000        56.8100000000000     
   56.8100000000000        56.8100000000000        56.8100000000000     
   56.8100000000000        56.8100000000000        56.8100000000000     
   56.8100000000000        56.8100000000000        56.8100000000000     
   56.8100000000000        56.8100000000000        56.8100000000000     
   56.8100000000000        56.8100000000000        56.8100000000000     
   56.8100000000000        56.8100000000000        56.8100000000000     
   56.8100000000000        56.8100000000000        56.8100000000000     
   56.8100000000000        56.8100000000000        56.8100000000000     
   56.8100000000000        56.8100000000000        56.8100000000000     
   56.8100000000000        56.8100000000000        56.8100000000000     
   56.8100000000000        56.8100000000000        56.8100000000000     
   56.8100000000000        56.8100000000000        56.8100000000000     
   56.8100000000000        56.8100000000000        56.8100000000000     
   56.8100000000000        56.8100000000000        56.8100000000000     
   56.8100000000000        56.8100000000000        56.8100000000000     
   56.8100000000000        56.8100000000000        56.8100000000000     
   56.8100000000000     
  PASS  Example ESMF_ArrayFarrayEx, ESMF_ArrayFarrayEx.F90, line 288
0000000     
   56.8100000000000        56.8100000000000        56.8100000000000     
   56.8100000000000        56.8100000000000        56.8100000000000     
   56.8100000000000        56.8100000000000        56.8100000000000     
   56.8100000000000        56.8100000000000        56.8100000000000     
   56.8100000000000        56.8100000000000        56.8100000000000     
   56.8100000000000        56.8100000000000        56.8100000000000     
   56.8100000000000        56.8100000000000        56.8100000000000     
   56.8100000000000        56.8100000000000        56.8100000000000     
   56.8100000000000        56.8100000000000        56.8100000000000     
   56.8100000000000        56.8100000000000        56.8100000000000     
   56.8100000000000        56.8100000000000        56.8100000000000     
   56.8100000000000        56.8100000000000        56.8100000000000     
   56.8100000000000        56.8100000000000        56.8100000000000     
   56.8100000000000        56.8100000000000        56.8100000000000     
   56.8100000000000        56.8100000000000        56.8100000000000     
   56.8100000000000        56.8100000000000        56.8100000000000     
   56.8100000000000        56.8100000000000        56.8100000000000     
   56.8100000000000        56.8100000000000        56.8100000000000     
   56.8100000000000        56.8100000000000        56.8100000000000     
   56.8100000000000        56.8100000000000        56.8100000000000     
   56.8100000000000        56.8100000000000        56.8100000000000     
   56.8100000000000        56.8100000000000        56.8100000000000     
   56.8100000000000     
  PASS  Example ESMF_ArrayFarrayEx, ESMF_ArrayFarrayEx.F90, line 288
0000000        56.8100000000000        56.8100000000000     
   56.8100000000000        56.8100000000000        56.8100000000000     
   56.8100000000000        56.8100000000000        56.8100000000000     
   56.8100000000000        56.8100000000000        56.8100000000000     
   56.8100000000000        56.8100000000000        56.8100000000000     
   56.8100000000000        56.8100000000000        56.8100000000000     
   56.8100000000000        56.8100000000000        56.8100000000000     
   56.8100000000000        56.8100000000000        56.8100000000000     
   56.8100000000000        56.8100000000000        56.8100000000000     
   56.8100000000000        56.8100000000000        56.8100000000000     
   56.8100000000000        56.8100000000000        56.8100000000000     
   56.8100000000000        56.8100000000000        56.8100000000000     
   56.8100000000000        56.8100000000000        56.8100000000000     
   56.8100000000000        56.8100000000000        56.8100000000000     
   56.8100000000000        56.8100000000000        56.8100000000000     
   56.8100000000000        56.8100000000000        56.8100000000000     
   56.8100000000000        56.8100000000000        56.8100000000000     
   56.8100000000000        56.8100000000000        56.8100000000000     
   56.8100000000000        56.8100000000000        56.8100000000000     
   56.8100000000000        56.8100000000000        56.8100000000000     
   56.8100000000000        56.8100000000000        56.8100000000000     
   56.8100000000000     
  PASS  Example ESMF_ArrayFarrayEx, ESMF_ArrayFarrayEx.F90, line 288
0000000     
   56.8100000000000        56.8100000000000        56.8100000000000     
   56.8100000000000        56.8100000000000        56.8100000000000     
   56.8100000000000        56.8100000000000        56.8100000000000     
   56.8100000000000        56.8100000000000        56.8100000000000     
   56.8100000000000        56.8100000000000        56.8100000000000     
   56.8100000000000        56.8100000000000        56.8100000000000     
   56.8100000000000        56.8100000000000        56.8100000000000     
   56.8100000000000        56.8100000000000        56.8100000000000     
   56.8100000000000        56.8100000000000        56.8100000000000     
   56.8100000000000        56.8100000000000        56.8100000000000     
   56.8100000000000        56.8100000000000        56.8100000000000     
   56.8100000000000        56.8100000000000        56.8100000000000     
   56.8100000000000        56.8100000000000        56.8100000000000     
   56.8100000000000        56.8100000000000        56.8100000000000     
   56.8100000000000        56.8100000000000        56.8100000000000     
   56.8100000000000        56.8100000000000        56.8100000000000     
   56.8100000000000        56.8100000000000        56.8100000000000     
   56.8100000000000        56.8100000000000        56.8100000000000     
   56.8100000000000        56.8100000000000        56.8100000000000     
   56.8100000000000        56.8100000000000        56.8100000000000     
   56.8100000000000        56.8100000000000        56.8100000000000     
   56.8100000000000        56.8100000000000        56.8100000000000     
   56.8100000000000     
  PASS  Example ESMF_ArrayFarrayEx, ESMF_ArrayFarrayEx.F90, line 288
 PASS: ESMF_ArrayFarrayEx.F90
 PASS: ESMF_ArrayFarrayEx.F90
 PASS: ESMF_ArrayFarrayEx.F90
 PASS: ESMF_ArrayFarrayEx.F90
