build time -- 2022-02-09 20:21:52.765012
20220209 213243.784 INFO             PET0 !!!!!!!!!!!!!!!!!!!!!!!!!!!!!!!!!!!!!!!!!!!!!!!!!!!!!!
20220209 213243.784 INFO             PET0 !!! THE ESMF_LOG IS SET TO OUTPUT ALL LOG MESSAGES !!!
20220209 213243.784 INFO             PET0 !!!     THIS MAY CAUSE SLOWDOWN IN PERFORMANCE     !!!
20220209 213243.784 INFO             PET0 !!! FOR PRODUCTION RUNS, USE:                      !!!
20220209 213243.784 INFO             PET0 !!!                   ESMF_LOGKIND_Multi_On_Error  !!!
20220209 213243.784 INFO             PET0 !!!!!!!!!!!!!!!!!!!!!!!!!!!!!!!!!!!!!!!!!!!!!!!!!!!!!!
20220209 213243.784 INFO             PET0 Running with ESMF Version   : ESMF_8_3_0_beta_snapshot_06-13-g9b96f18fc2
20220209 213243.784 INFO             PET0 ESMF library build date/time: "Feb  9 2022" "20:16:30"
20220209 213243.784 INFO             PET0 ESMF library build location : /glade/scratch/rlong/esmf-testing/intel_18.0.5_openmpi_O_develop
20220209 213243.784 INFO             PET0 ESMF_COMM                   : openmpi
20220209 213243.785 INFO             PET0 ESMF_MOAB                   : enabled
20220209 213243.785 INFO             PET0 ESMF_LAPACK                 : enabled
20220209 213243.785 INFO             PET0 ESMF_NETCDF                 : enabled
20220209 213243.785 INFO             PET0 ESMF_PNETCDF                : disabled
20220209 213243.785 INFO             PET0 ESMF_PIO                    : enabled
20220209 213243.785 INFO             PET0 ESMF_YAMLCPP                : enabled
20220209 213243.785 INFO             PET0  NUMBER_OF_PROCESSORS           1
20220209 213243.785 INFO             PET0  PASS  Example ESMF_TimeIntervalEx, ESMF_TimeIntervalEx.F90, line 176
20220209 213243.785 INFO             PET0 Finalizing ESMF
