build time -- 2021-12-26 06:21:31.471737
--------------------------------------------------------------------------
A system call failed during shared memory initialization that should
not have.  It is likely that your MPI job will now either abort or
experience performance degradation.

  Local host:  r3i4n30
  System call: open(2) 
  Error:       Permission denied (errno 13)
--------------------------------------------------------------------------
 Field with replicated dimension returned
  PASS  Example ESMF_FieldRepDimEx, ESMF_FieldRepDimEx.F90, line 228
 Field with replicated dimension returned
  PASS  Example ESMF_FieldRepDimEx, ESMF_FieldRepDimEx.F90, line 228
 Field with replicated dimension returned
 Field with replicated dimension returned
  PASS  Example ESMF_FieldRepDimEx, ESMF_FieldRepDimEx.F90, line 228
  PASS  Example ESMF_FieldRepDimEx, ESMF_FieldRepDimEx.F90, line 228
 PASS: ESMF_FieldRepDimEx.F90
 PASS: ESMF_FieldRepDimEx.F90
 PASS: ESMF_FieldRepDimEx.F90
 PASS: ESMF_FieldRepDimEx.F90
[r3i4n30:58029] 3 more processes have sent help message help-opal-shmem-mmap.txt / sys call fail
[r3i4n30:58029] Set MCA parameter "orte_base_help_aggregate" to 0 to see all help / error messages
