build time -- 2021-10-04 04:10:16.732584
20211004 050940.360 INFO             PET0 !!!!!!!!!!!!!!!!!!!!!!!!!!!!!!!!!!!!!!!!!!!!!!!!!!!!!!
20211004 050940.360 INFO             PET0 !!! THE ESMF_LOG IS SET TO OUTPUT ALL LOG MESSAGES !!!
20211004 050940.360 INFO             PET0 !!!     THIS MAY CAUSE SLOWDOWN IN PERFORMANCE     !!!
20211004 050940.360 INFO             PET0 !!! FOR PRODUCTION RUNS, USE:                      !!!
20211004 050940.360 INFO             PET0 !!!                   ESMF_LOGKIND_Multi_On_Error  !!!
20211004 050940.360 INFO             PET0 !!!!!!!!!!!!!!!!!!!!!!!!!!!!!!!!!!!!!!!!!!!!!!!!!!!!!!
20211004 050940.360 INFO             PET0 Running with ESMF Version   : ESMF_8_2_0_beta_snapshot_20-18-g0aeed17f50
20211004 050940.360 INFO             PET0 ESMF library build date/time: "Oct  4 2021" "04:06:05"
20211004 050940.360 INFO             PET0 ESMF library build location : /glade/scratch/mpotts/intel_18.0.5_openmpi_O_develop
20211004 050940.360 INFO             PET0 ESMF_COMM                   : openmpi
20211004 050940.360 INFO             PET0 ESMF_MOAB                   : enabled
20211004 050940.360 INFO             PET0 ESMF_LAPACK                 : enabled
20211004 050940.360 INFO             PET0 ESMF_NETCDF                 : enabled
20211004 050940.360 INFO             PET0 ESMF_PNETCDF                : disabled
20211004 050940.360 INFO             PET0 ESMF_PIO                    : enabled
20211004 050940.360 INFO             PET0 ESMF_YAMLCPP                : enabled
20211004 050940.365 INFO             PET0  NUMBER_OF_PROCESSORS           4
20211004 050940.365 INFO             PET0  PASS  Example ESMF_FieldSMMEx, ESMF_FieldSMMEx.F90, line 419
20211004 050940.365 INFO             PET0 Finalizing ESMF
20211004 050940.360 INFO             PET1 !!!!!!!!!!!!!!!!!!!!!!!!!!!!!!!!!!!!!!!!!!!!!!!!!!!!!!
20211004 050940.360 INFO             PET1 !!! THE ESMF_LOG IS SET TO OUTPUT ALL LOG MESSAGES !!!
20211004 050940.360 INFO             PET1 !!!     THIS MAY CAUSE SLOWDOWN IN PERFORMANCE     !!!
20211004 050940.360 INFO             PET1 !!! FOR PRODUCTION RUNS, USE:                      !!!
20211004 050940.360 INFO             PET1 !!!                   ESMF_LOGKIND_Multi_On_Error  !!!
20211004 050940.360 INFO             PET1 !!!!!!!!!!!!!!!!!!!!!!!!!!!!!!!!!!!!!!!!!!!!!!!!!!!!!!
20211004 050940.360 INFO             PET1 Running with ESMF Version   : ESMF_8_2_0_beta_snapshot_20-18-g0aeed17f50
20211004 050940.360 INFO             PET1 ESMF library build date/time: "Oct  4 2021" "04:06:05"
20211004 050940.360 INFO             PET1 ESMF library build location : /glade/scratch/mpotts/intel_18.0.5_openmpi_O_develop
20211004 050940.360 INFO             PET1 ESMF_COMM                   : openmpi
20211004 050940.360 INFO             PET1 ESMF_MOAB                   : enabled
20211004 050940.360 INFO             PET1 ESMF_LAPACK                 : enabled
20211004 050940.360 INFO             PET1 ESMF_NETCDF                 : enabled
20211004 050940.360 INFO             PET1 ESMF_PNETCDF                : disabled
20211004 050940.360 INFO             PET1 ESMF_PIO                    : enabled
20211004 050940.360 INFO             PET1 ESMF_YAMLCPP                : enabled
20211004 050940.365 INFO             PET1  NUMBER_OF_PROCESSORS           4
20211004 050940.365 INFO             PET1  PASS  Example ESMF_FieldSMMEx, ESMF_FieldSMMEx.F90, line 419
20211004 050940.365 INFO             PET1 Finalizing ESMF
20211004 050940.360 INFO             PET2 !!!!!!!!!!!!!!!!!!!!!!!!!!!!!!!!!!!!!!!!!!!!!!!!!!!!!!
20211004 050940.360 INFO             PET2 !!! THE ESMF_LOG IS SET TO OUTPUT ALL LOG MESSAGES !!!
20211004 050940.360 INFO             PET2 !!!     THIS MAY CAUSE SLOWDOWN IN PERFORMANCE     !!!
20211004 050940.360 INFO             PET2 !!! FOR PRODUCTION RUNS, USE:                      !!!
20211004 050940.360 INFO             PET2 !!!                   ESMF_LOGKIND_Multi_On_Error  !!!
20211004 050940.360 INFO             PET2 !!!!!!!!!!!!!!!!!!!!!!!!!!!!!!!!!!!!!!!!!!!!!!!!!!!!!!
20211004 050940.360 INFO             PET2 Running with ESMF Version   : ESMF_8_2_0_beta_snapshot_20-18-g0aeed17f50
20211004 050940.360 INFO             PET2 ESMF library build date/time: "Oct  4 2021" "04:06:05"
20211004 050940.360 INFO             PET2 ESMF library build location : /glade/scratch/mpotts/intel_18.0.5_openmpi_O_develop
20211004 050940.360 INFO             PET2 ESMF_COMM                   : openmpi
20211004 050940.361 INFO             PET2 ESMF_MOAB                   : enabled
20211004 050940.361 INFO             PET2 ESMF_LAPACK                 : enabled
20211004 050940.361 INFO             PET2 ESMF_NETCDF                 : enabled
20211004 050940.361 INFO             PET2 ESMF_PNETCDF                : disabled
20211004 050940.361 INFO             PET2 ESMF_PIO                    : enabled
20211004 050940.361 INFO             PET2 ESMF_YAMLCPP                : enabled
20211004 050940.365 INFO             PET2  NUMBER_OF_PROCESSORS           4
20211004 050940.365 INFO             PET2  PASS  Example ESMF_FieldSMMEx, ESMF_FieldSMMEx.F90, line 419
20211004 050940.365 INFO             PET2 Finalizing ESMF
20211004 050940.360 INFO             PET3 !!!!!!!!!!!!!!!!!!!!!!!!!!!!!!!!!!!!!!!!!!!!!!!!!!!!!!
20211004 050940.360 INFO             PET3 !!! THE ESMF_LOG IS SET TO OUTPUT ALL LOG MESSAGES !!!
20211004 050940.360 INFO             PET3 !!!     THIS MAY CAUSE SLOWDOWN IN PERFORMANCE     !!!
20211004 050940.360 INFO             PET3 !!! FOR PRODUCTION RUNS, USE:                      !!!
20211004 050940.360 INFO             PET3 !!!                   ESMF_LOGKIND_Multi_On_Error  !!!
20211004 050940.360 INFO             PET3 !!!!!!!!!!!!!!!!!!!!!!!!!!!!!!!!!!!!!!!!!!!!!!!!!!!!!!
20211004 050940.360 INFO             PET3 Running with ESMF Version   : ESMF_8_2_0_beta_snapshot_20-18-g0aeed17f50
20211004 050940.360 INFO             PET3 ESMF library build date/time: "Oct  4 2021" "04:06:05"
20211004 050940.360 INFO             PET3 ESMF library build location : /glade/scratch/mpotts/intel_18.0.5_openmpi_O_develop
20211004 050940.360 INFO             PET3 ESMF_COMM                   : openmpi
20211004 050940.360 INFO             PET3 ESMF_MOAB                   : enabled
20211004 050940.360 INFO             PET3 ESMF_LAPACK                 : enabled
20211004 050940.360 INFO             PET3 ESMF_NETCDF                 : enabled
20211004 050940.360 INFO             PET3 ESMF_PNETCDF                : disabled
20211004 050940.360 INFO             PET3 ESMF_PIO                    : enabled
20211004 050940.360 INFO             PET3 ESMF_YAMLCPP                : enabled
20211004 050940.365 INFO             PET3  NUMBER_OF_PROCESSORS           4
20211004 050940.365 INFO             PET3  PASS  Example ESMF_FieldSMMEx, ESMF_FieldSMMEx.F90, line 419
20211004 050940.365 INFO             PET3 Finalizing ESMF
