build time -- 2021-12-23 23:45:44
20211224 001716.383 INFO             PET0 !!!!!!!!!!!!!!!!!!!!!!!!!!!!!!!!!!!!!!!!!!!!!!!!!!!!!!
20211224 001716.383 INFO             PET0 !!! THE ESMF_LOG IS SET TO OUTPUT ALL LOG MESSAGES !!!
20211224 001716.383 INFO             PET0 !!!     THIS MAY CAUSE SLOWDOWN IN PERFORMANCE     !!!
20211224 001716.383 INFO             PET0 !!! FOR PRODUCTION RUNS, USE:                      !!!
20211224 001716.383 INFO             PET0 !!!                   ESMF_LOGKIND_Multi_On_Error  !!!
20211224 001716.383 INFO             PET0 !!!!!!!!!!!!!!!!!!!!!!!!!!!!!!!!!!!!!!!!!!!!!!!!!!!!!!
20211224 001716.383 INFO             PET0 Running with ESMF Version   : 8.3.0 beta snapshot
20211224 001716.383 INFO             PET0 ESMF library build date/time: "Dec 23 2021" "23:43:48"
20211224 001716.384 INFO             PET0 ESMF library build location : /lustre/f2/dev/ncep/Mark.Potts/intel_2019.5_mpiuni_g_develop
20211224 001716.384 INFO             PET0 ESMF_COMM                   : mpiuni
20211224 001716.385 INFO             PET0 ESMF_MOAB                   : enabled
20211224 001716.385 INFO             PET0 ESMF_LAPACK                 : enabled
20211224 001716.385 INFO             PET0 ESMF_NETCDF                 : enabled
20211224 001716.385 INFO             PET0 ESMF_PNETCDF                : disabled
20211224 001716.385 INFO             PET0 ESMF_PIO                    : disabled
20211224 001716.385 INFO             PET0 ESMF_YAMLCPP                : enabled
20211224 001716.398 INFO             PET0  NUMBER_OF_PROCESSORS           1
20211224 001716.399 INFO             PET0  PASS  Example ESMF_LocStreamEx, ESMF_LocStreamEx.F90, line 784
20211224 001716.399 INFO             PET0 Finalizing ESMF
