build time -- 2022-01-29 23:47:34
20220130 001843.147 INFO             PET0 !!!!!!!!!!!!!!!!!!!!!!!!!!!!!!!!!!!!!!!!!!!!!!!!!!!!!!
20220130 001843.147 INFO             PET0 !!! THE ESMF_LOG IS SET TO OUTPUT ALL LOG MESSAGES !!!
20220130 001843.147 INFO             PET0 !!!     THIS MAY CAUSE SLOWDOWN IN PERFORMANCE     !!!
20220130 001843.147 INFO             PET0 !!! FOR PRODUCTION RUNS, USE:                      !!!
20220130 001843.147 INFO             PET0 !!!                   ESMF_LOGKIND_Multi_On_Error  !!!
20220130 001843.147 INFO             PET0 !!!!!!!!!!!!!!!!!!!!!!!!!!!!!!!!!!!!!!!!!!!!!!!!!!!!!!
20220130 001843.147 INFO             PET0 Running with ESMF Version   : 8.3.0 beta snapshot
20220130 001843.147 INFO             PET0 ESMF library build date/time: "Jan 29 2022" "23:45:47"
20220130 001843.147 INFO             PET0 ESMF library build location : /lustre/f2/dev/ncep/Mark.Potts/intel_2019.5_mpiuni_g_develop
20220130 001843.147 INFO             PET0 ESMF_COMM                   : mpiuni
20220130 001843.148 INFO             PET0 ESMF_MOAB                   : enabled
20220130 001843.148 INFO             PET0 ESMF_LAPACK                 : enabled
20220130 001843.148 INFO             PET0 ESMF_NETCDF                 : enabled
20220130 001843.148 INFO             PET0 ESMF_PNETCDF                : disabled
20220130 001843.148 INFO             PET0 ESMF_PIO                    : disabled
20220130 001843.148 INFO             PET0 ESMF_YAMLCPP                : enabled
20220130 001843.149 INFO             PET0  NUMBER_OF_PROCESSORS           1
20220130 001843.149 INFO             PET0  PASS  Example ESMF_InternalStateModEx, ESMF_InternalStateModEx.F90, line 239
20220130 001843.149 INFO             PET0 Finalizing ESMF
