build time -- 2021-11-08 00:04:58
20211108 004256.868 INFO             PET0 !!!!!!!!!!!!!!!!!!!!!!!!!!!!!!!!!!!!!!!!!!!!!!!!!!!!!!
20211108 004256.868 INFO             PET0 !!! THE ESMF_LOG IS SET TO OUTPUT ALL LOG MESSAGES !!!
20211108 004256.868 INFO             PET0 !!!     THIS MAY CAUSE SLOWDOWN IN PERFORMANCE     !!!
20211108 004256.868 INFO             PET0 !!! FOR PRODUCTION RUNS, USE:                      !!!
20211108 004256.868 INFO             PET0 !!!                   ESMF_LOGKIND_Multi_On_Error  !!!
20211108 004256.868 INFO             PET0 !!!!!!!!!!!!!!!!!!!!!!!!!!!!!!!!!!!!!!!!!!!!!!!!!!!!!!
20211108 004256.868 INFO             PET0 Running with ESMF Version   : 8.3.0 beta snapshot
20211108 004256.868 INFO             PET0 ESMF library build date/time: "Nov  8 2021" "00:02:19"
20211108 004256.868 INFO             PET0 ESMF library build location : /lustre/f2/dev/ncep/Mark.Potts/intel_2019.5_mpiuni_g_develop
20211108 004256.868 INFO             PET0 ESMF_COMM                   : mpiuni
20211108 004256.870 INFO             PET0 ESMF_MOAB                   : enabled
20211108 004256.870 INFO             PET0 ESMF_LAPACK                 : enabled
20211108 004256.870 INFO             PET0 ESMF_NETCDF                 : enabled
20211108 004256.870 INFO             PET0 ESMF_PNETCDF                : disabled
20211108 004256.870 INFO             PET0 ESMF_PIO                    : disabled
20211108 004256.870 INFO             PET0 ESMF_YAMLCPP                : enabled
20211108 004256.871 INFO             PET0  NUMBER_OF_PROCESSORS           1
20211108 004256.871 INFO             PET0  PASS  Example ESMF_TimeEx, ESMF_TimeEx.F90, line 141
20211108 004256.871 INFO             PET0 Finalizing ESMF
