build time -- 2021-12-15 23:36:53
20211216 000834.200 INFO             PET0 !!!!!!!!!!!!!!!!!!!!!!!!!!!!!!!!!!!!!!!!!!!!!!!!!!!!!!
20211216 000834.200 INFO             PET0 !!! THE ESMF_LOG IS SET TO OUTPUT ALL LOG MESSAGES !!!
20211216 000834.200 INFO             PET0 !!!     THIS MAY CAUSE SLOWDOWN IN PERFORMANCE     !!!
20211216 000834.200 INFO             PET0 !!! FOR PRODUCTION RUNS, USE:                      !!!
20211216 000834.200 INFO             PET0 !!!                   ESMF_LOGKIND_Multi_On_Error  !!!
20211216 000834.200 INFO             PET0 !!!!!!!!!!!!!!!!!!!!!!!!!!!!!!!!!!!!!!!!!!!!!!!!!!!!!!
20211216 000834.200 INFO             PET0 Running with ESMF Version   : 8.3.0 beta snapshot
20211216 000834.200 INFO             PET0 ESMF library build date/time: "Dec 15 2021" "23:34:58"
20211216 000834.200 INFO             PET0 ESMF library build location : /lustre/f2/dev/ncep/Mark.Potts/intel_2019.5_mpiuni_g_develop
20211216 000834.200 INFO             PET0 ESMF_COMM                   : mpiuni
20211216 000834.201 INFO             PET0 ESMF_MOAB                   : enabled
20211216 000834.201 INFO             PET0 ESMF_LAPACK                 : enabled
20211216 000834.201 INFO             PET0 ESMF_NETCDF                 : enabled
20211216 000834.201 INFO             PET0 ESMF_PNETCDF                : disabled
20211216 000834.201 INFO             PET0 ESMF_PIO                    : disabled
20211216 000834.201 INFO             PET0 ESMF_YAMLCPP                : enabled
20211216 000834.754 INFO             PET0  NUMBER_OF_PROCESSORS           1
20211216 000834.754 INFO             PET0  PASS  Example ESMF_GridUsageEx, ESMF_GridUsageEx.F90, line 3470
20211216 000834.754 INFO             PET0 Finalizing ESMF
