build time -- 2021-12-01 23:50:03
20211202 010522.442 INFO             PET0 !!!!!!!!!!!!!!!!!!!!!!!!!!!!!!!!!!!!!!!!!!!!!!!!!!!!!!
20211202 010522.442 INFO             PET0 !!! THE ESMF_LOG IS SET TO OUTPUT ALL LOG MESSAGES !!!
20211202 010522.442 INFO             PET0 !!!     THIS MAY CAUSE SLOWDOWN IN PERFORMANCE     !!!
20211202 010522.442 INFO             PET0 !!! FOR PRODUCTION RUNS, USE:                      !!!
20211202 010522.442 INFO             PET0 !!!                   ESMF_LOGKIND_Multi_On_Error  !!!
20211202 010522.442 INFO             PET0 !!!!!!!!!!!!!!!!!!!!!!!!!!!!!!!!!!!!!!!!!!!!!!!!!!!!!!
20211202 010522.442 INFO             PET0 Running with ESMF Version   : 8.3.0 beta snapshot
20211202 010522.442 INFO             PET0 ESMF library build date/time: "Dec  1 2021" "23:47:08"
20211202 010522.442 INFO             PET0 ESMF library build location : /lustre/f2/dev/ncep/Mark.Potts/intel_2019.5_mpiuni_g_develop
20211202 010522.442 INFO             PET0 ESMF_COMM                   : mpiuni
20211202 010522.443 INFO             PET0 ESMF_MOAB                   : enabled
20211202 010522.443 INFO             PET0 ESMF_LAPACK                 : enabled
20211202 010522.443 INFO             PET0 ESMF_NETCDF                 : enabled
20211202 010522.443 INFO             PET0 ESMF_PNETCDF                : disabled
20211202 010522.443 INFO             PET0 ESMF_PIO                    : disabled
20211202 010522.443 INFO             PET0 ESMF_YAMLCPP                : enabled
20211202 010522.445 INFO             PET0  NUMBER_OF_PROCESSORS           1
20211202 010522.445 INFO             PET0  PASS  Example ESMF_ConfigOverviewEx, ESMF_ConfigOverviewEx.F90, line 415
20211202 010522.446 INFO             PET0 Finalizing ESMF
