build time -- 2021-11-09 23:35:18
20211110 001654.999 INFO             PET0 !!!!!!!!!!!!!!!!!!!!!!!!!!!!!!!!!!!!!!!!!!!!!!!!!!!!!!
20211110 001654.999 INFO             PET0 !!! THE ESMF_LOG IS SET TO OUTPUT ALL LOG MESSAGES !!!
20211110 001654.999 INFO             PET0 !!!     THIS MAY CAUSE SLOWDOWN IN PERFORMANCE     !!!
20211110 001654.999 INFO             PET0 !!! FOR PRODUCTION RUNS, USE:                      !!!
20211110 001654.999 INFO             PET0 !!!                   ESMF_LOGKIND_Multi_On_Error  !!!
20211110 001654.999 INFO             PET0 !!!!!!!!!!!!!!!!!!!!!!!!!!!!!!!!!!!!!!!!!!!!!!!!!!!!!!
20211110 001654.999 INFO             PET0 Running with ESMF Version   : 8.3.0 beta snapshot
20211110 001654.999 INFO             PET0 ESMF library build date/time: "Nov  9 2021" "23:32:29"
20211110 001654.999 INFO             PET0 ESMF library build location : /lustre/f2/dev/ncep/Mark.Potts/intel_2019.5_mpiuni_g_develop
20211110 001654.999 INFO             PET0 ESMF_COMM                   : mpiuni
20211110 001655.000 INFO             PET0 ESMF_MOAB                   : enabled
20211110 001655.000 INFO             PET0 ESMF_LAPACK                 : enabled
20211110 001655.000 INFO             PET0 ESMF_NETCDF                 : enabled
20211110 001655.000 INFO             PET0 ESMF_PNETCDF                : disabled
20211110 001655.000 INFO             PET0 ESMF_PIO                    : disabled
20211110 001655.000 INFO             PET0 ESMF_YAMLCPP                : enabled
20211110 001655.007 INFO             PET0  NUMBER_OF_PROCESSORS           1
20211110 001655.007 INFO             PET0  PASS  Example ESMF_XGridSparseMatEx, ESMF_XGridSparseMatEx.F90, line 642
20211110 001655.007 INFO             PET0 Finalizing ESMF
