build time -- 2021-11-24 23:52:33
20211125 002411.826 INFO             PET0 !!!!!!!!!!!!!!!!!!!!!!!!!!!!!!!!!!!!!!!!!!!!!!!!!!!!!!
20211125 002411.826 INFO             PET0 !!! THE ESMF_LOG IS SET TO OUTPUT ALL LOG MESSAGES !!!
20211125 002411.826 INFO             PET0 !!!     THIS MAY CAUSE SLOWDOWN IN PERFORMANCE     !!!
20211125 002411.826 INFO             PET0 !!! FOR PRODUCTION RUNS, USE:                      !!!
20211125 002411.826 INFO             PET0 !!!                   ESMF_LOGKIND_Multi_On_Error  !!!
20211125 002411.826 INFO             PET0 !!!!!!!!!!!!!!!!!!!!!!!!!!!!!!!!!!!!!!!!!!!!!!!!!!!!!!
20211125 002411.826 INFO             PET0 Running with ESMF Version   : 8.3.0 beta snapshot
20211125 002411.826 INFO             PET0 ESMF library build date/time: "Nov 24 2021" "23:50:38"
20211125 002411.826 INFO             PET0 ESMF library build location : /lustre/f2/dev/ncep/Mark.Potts/intel_2019.5_mpiuni_g_develop
20211125 002411.826 INFO             PET0 ESMF_COMM                   : mpiuni
20211125 002411.827 INFO             PET0 ESMF_MOAB                   : enabled
20211125 002411.827 INFO             PET0 ESMF_LAPACK                 : enabled
20211125 002411.827 INFO             PET0 ESMF_NETCDF                 : enabled
20211125 002411.827 INFO             PET0 ESMF_PNETCDF                : disabled
20211125 002411.827 INFO             PET0 ESMF_PIO                    : disabled
20211125 002411.827 INFO             PET0 ESMF_YAMLCPP                : enabled
20211125 002411.831 INFO             PET0  NUMBER_OF_PROCESSORS           1
20211125 002411.831 INFO             PET0  PASS  Example ESMF_FieldBundleCreateEx, ESMF_FieldBundleCreateEx.F90, line 561
20211125 002411.831 INFO             PET0 Finalizing ESMF
