build time -- 2021-12-12 23:43:24
20211213 011729.490 INFO             PET0 !!!!!!!!!!!!!!!!!!!!!!!!!!!!!!!!!!!!!!!!!!!!!!!!!!!!!!
20211213 011729.491 INFO             PET0 !!! THE ESMF_LOG IS SET TO OUTPUT ALL LOG MESSAGES !!!
20211213 011729.491 INFO             PET0 !!!     THIS MAY CAUSE SLOWDOWN IN PERFORMANCE     !!!
20211213 011729.491 INFO             PET0 !!! FOR PRODUCTION RUNS, USE:                      !!!
20211213 011729.491 INFO             PET0 !!!                   ESMF_LOGKIND_Multi_On_Error  !!!
20211213 011729.491 INFO             PET0 !!!!!!!!!!!!!!!!!!!!!!!!!!!!!!!!!!!!!!!!!!!!!!!!!!!!!!
20211213 011729.491 INFO             PET0 Running with ESMF Version   : 8.3.0 beta snapshot
20211213 011729.491 INFO             PET0 ESMF library build date/time: "Dec 12 2021" "23:41:36"
20211213 011729.491 INFO             PET0 ESMF library build location : /lustre/f2/dev/ncep/Mark.Potts/gfortran_8.3.0_mpi_g_develop
20211213 011729.491 INFO             PET0 ESMF_COMM                   : mpi
20211213 011729.492 INFO             PET0 ESMF_MOAB                   : enabled
20211213 011729.492 INFO             PET0 ESMF_LAPACK                 : enabled
20211213 011729.492 INFO             PET0 ESMF_NETCDF                 : enabled
20211213 011729.492 INFO             PET0 ESMF_PNETCDF                : disabled
20211213 011729.492 INFO             PET0 ESMF_PIO                    : enabled
20211213 011729.492 INFO             PET0 ESMF_YAMLCPP                : enabled
20211213 011729.496 INFO             PET0  NUMBER_OF_PROCESSORS           1
20211213 011729.496 INFO             PET0  PASS  Example ESMF_ClockEx, ESMF_ClockEx.F90, line 220
20211213 011729.496 INFO             PET0 Finalizing ESMF
