build time -- 2022-01-13 23:41:17
20220114 011149.722 INFO             PET0 !!!!!!!!!!!!!!!!!!!!!!!!!!!!!!!!!!!!!!!!!!!!!!!!!!!!!!
20220114 011149.724 INFO             PET0 !!! THE ESMF_LOG IS SET TO OUTPUT ALL LOG MESSAGES !!!
20220114 011149.724 INFO             PET0 !!!     THIS MAY CAUSE SLOWDOWN IN PERFORMANCE     !!!
20220114 011149.724 INFO             PET0 !!! FOR PRODUCTION RUNS, USE:                      !!!
20220114 011149.724 INFO             PET0 !!!                   ESMF_LOGKIND_Multi_On_Error  !!!
20220114 011149.724 INFO             PET0 !!!!!!!!!!!!!!!!!!!!!!!!!!!!!!!!!!!!!!!!!!!!!!!!!!!!!!
20220114 011149.724 INFO             PET0 Running with ESMF Version   : 8.3.0 beta snapshot
20220114 011149.725 INFO             PET0 ESMF library build date/time: "Jan 13 2022" "23:39:36"
20220114 011149.725 INFO             PET0 ESMF library build location : /lustre/f2/dev/ncep/Mark.Potts/gfortran_8.3.0_mpi_g_develop
20220114 011149.725 INFO             PET0 ESMF_COMM                   : mpi
20220114 011149.726 INFO             PET0 ESMF_MOAB                   : enabled
20220114 011149.726 INFO             PET0 ESMF_LAPACK                 : enabled
20220114 011149.726 INFO             PET0 ESMF_NETCDF                 : enabled
20220114 011149.726 INFO             PET0 ESMF_PNETCDF                : disabled
20220114 011149.726 INFO             PET0 ESMF_PIO                    : enabled
20220114 011149.726 INFO             PET0 ESMF_YAMLCPP                : enabled
20220114 011149.966 INFO             PET0  NUMBER_OF_PROCESSORS           4
20220114 011149.966 INFO             PET0  PASS  Example ESMF_FieldRegridMaskEx, ESMF_FieldRegridMaskEx.F90, line 370
20220114 011149.966 INFO             PET0 Finalizing ESMF
20220114 011149.722 INFO             PET1 !!!!!!!!!!!!!!!!!!!!!!!!!!!!!!!!!!!!!!!!!!!!!!!!!!!!!!
20220114 011149.724 INFO             PET1 !!! THE ESMF_LOG IS SET TO OUTPUT ALL LOG MESSAGES !!!
20220114 011149.724 INFO             PET1 !!!     THIS MAY CAUSE SLOWDOWN IN PERFORMANCE     !!!
20220114 011149.724 INFO             PET1 !!! FOR PRODUCTION RUNS, USE:                      !!!
20220114 011149.724 INFO             PET1 !!!                   ESMF_LOGKIND_Multi_On_Error  !!!
20220114 011149.724 INFO             PET1 !!!!!!!!!!!!!!!!!!!!!!!!!!!!!!!!!!!!!!!!!!!!!!!!!!!!!!
20220114 011149.724 INFO             PET1 Running with ESMF Version   : 8.3.0 beta snapshot
20220114 011149.725 INFO             PET1 ESMF library build date/time: "Jan 13 2022" "23:39:36"
20220114 011149.725 INFO             PET1 ESMF library build location : /lustre/f2/dev/ncep/Mark.Potts/gfortran_8.3.0_mpi_g_develop
20220114 011149.725 INFO             PET1 ESMF_COMM                   : mpi
20220114 011149.726 INFO             PET1 ESMF_MOAB                   : enabled
20220114 011149.726 INFO             PET1 ESMF_LAPACK                 : enabled
20220114 011149.726 INFO             PET1 ESMF_NETCDF                 : enabled
20220114 011149.726 INFO             PET1 ESMF_PNETCDF                : disabled
20220114 011149.726 INFO             PET1 ESMF_PIO                    : enabled
20220114 011149.726 INFO             PET1 ESMF_YAMLCPP                : enabled
20220114 011149.966 INFO             PET1  NUMBER_OF_PROCESSORS           4
20220114 011149.966 INFO             PET1  PASS  Example ESMF_FieldRegridMaskEx, ESMF_FieldRegridMaskEx.F90, line 370
20220114 011149.966 INFO             PET1 Finalizing ESMF
20220114 011149.728 INFO             PET2 !!!!!!!!!!!!!!!!!!!!!!!!!!!!!!!!!!!!!!!!!!!!!!!!!!!!!!
20220114 011149.728 INFO             PET2 !!! THE ESMF_LOG IS SET TO OUTPUT ALL LOG MESSAGES !!!
20220114 011149.728 INFO             PET2 !!!     THIS MAY CAUSE SLOWDOWN IN PERFORMANCE     !!!
20220114 011149.728 INFO             PET2 !!! FOR PRODUCTION RUNS, USE:                      !!!
20220114 011149.728 INFO             PET2 !!!                   ESMF_LOGKIND_Multi_On_Error  !!!
20220114 011149.728 INFO             PET2 !!!!!!!!!!!!!!!!!!!!!!!!!!!!!!!!!!!!!!!!!!!!!!!!!!!!!!
20220114 011149.728 INFO             PET2 Running with ESMF Version   : 8.3.0 beta snapshot
20220114 011149.728 INFO             PET2 ESMF library build date/time: "Jan 13 2022" "23:39:36"
20220114 011149.728 INFO             PET2 ESMF library build location : /lustre/f2/dev/ncep/Mark.Potts/gfortran_8.3.0_mpi_g_develop
20220114 011149.728 INFO             PET2 ESMF_COMM                   : mpi
20220114 011149.729 INFO             PET2 ESMF_MOAB                   : enabled
20220114 011149.729 INFO             PET2 ESMF_LAPACK                 : enabled
20220114 011149.729 INFO             PET2 ESMF_NETCDF                 : enabled
20220114 011149.729 INFO             PET2 ESMF_PNETCDF                : disabled
20220114 011149.729 INFO             PET2 ESMF_PIO                    : enabled
20220114 011149.729 INFO             PET2 ESMF_YAMLCPP                : enabled
20220114 011149.966 INFO             PET2  NUMBER_OF_PROCESSORS           4
20220114 011149.966 INFO             PET2  PASS  Example ESMF_FieldRegridMaskEx, ESMF_FieldRegridMaskEx.F90, line 370
20220114 011149.966 INFO             PET2 Finalizing ESMF
20220114 011149.722 INFO             PET3 !!!!!!!!!!!!!!!!!!!!!!!!!!!!!!!!!!!!!!!!!!!!!!!!!!!!!!
20220114 011149.724 INFO             PET3 !!! THE ESMF_LOG IS SET TO OUTPUT ALL LOG MESSAGES !!!
20220114 011149.724 INFO             PET3 !!!     THIS MAY CAUSE SLOWDOWN IN PERFORMANCE     !!!
20220114 011149.724 INFO             PET3 !!! FOR PRODUCTION RUNS, USE:                      !!!
20220114 011149.724 INFO             PET3 !!!                   ESMF_LOGKIND_Multi_On_Error  !!!
20220114 011149.724 INFO             PET3 !!!!!!!!!!!!!!!!!!!!!!!!!!!!!!!!!!!!!!!!!!!!!!!!!!!!!!
20220114 011149.724 INFO             PET3 Running with ESMF Version   : 8.3.0 beta snapshot
20220114 011149.725 INFO             PET3 ESMF library build date/time: "Jan 13 2022" "23:39:36"
20220114 011149.725 INFO             PET3 ESMF library build location : /lustre/f2/dev/ncep/Mark.Potts/gfortran_8.3.0_mpi_g_develop
20220114 011149.725 INFO             PET3 ESMF_COMM                   : mpi
20220114 011149.726 INFO             PET3 ESMF_MOAB                   : enabled
20220114 011149.726 INFO             PET3 ESMF_LAPACK                 : enabled
20220114 011149.726 INFO             PET3 ESMF_NETCDF                 : enabled
20220114 011149.726 INFO             PET3 ESMF_PNETCDF                : disabled
20220114 011149.726 INFO             PET3 ESMF_PIO                    : enabled
20220114 011149.726 INFO             PET3 ESMF_YAMLCPP                : enabled
20220114 011149.966 INFO             PET3  NUMBER_OF_PROCESSORS           4
20220114 011149.966 INFO             PET3  PASS  Example ESMF_FieldRegridMaskEx, ESMF_FieldRegridMaskEx.F90, line 370
20220114 011149.966 INFO             PET3 Finalizing ESMF
