build time -- 2021-12-17 23:50:30
20211218 012558.560 INFO             PET0 !!!!!!!!!!!!!!!!!!!!!!!!!!!!!!!!!!!!!!!!!!!!!!!!!!!!!!
20211218 012558.561 INFO             PET0 !!! THE ESMF_LOG IS SET TO OUTPUT ALL LOG MESSAGES !!!
20211218 012558.561 INFO             PET0 !!!     THIS MAY CAUSE SLOWDOWN IN PERFORMANCE     !!!
20211218 012558.561 INFO             PET0 !!! FOR PRODUCTION RUNS, USE:                      !!!
20211218 012558.561 INFO             PET0 !!!                   ESMF_LOGKIND_Multi_On_Error  !!!
20211218 012558.561 INFO             PET0 !!!!!!!!!!!!!!!!!!!!!!!!!!!!!!!!!!!!!!!!!!!!!!!!!!!!!!
20211218 012558.561 INFO             PET0 Running with ESMF Version   : 8.3.0 beta snapshot
20211218 012558.561 INFO             PET0 ESMF library build date/time: "Dec 17 2021" "23:48:49"
20211218 012558.561 INFO             PET0 ESMF library build location : /lustre/f2/dev/ncep/Mark.Potts/gfortran_8.3.0_mpi_g_develop
20211218 012558.561 INFO             PET0 ESMF_COMM                   : mpi
20211218 012558.562 INFO             PET0 ESMF_MOAB                   : enabled
20211218 012558.562 INFO             PET0 ESMF_LAPACK                 : enabled
20211218 012558.562 INFO             PET0 ESMF_NETCDF                 : enabled
20211218 012558.562 INFO             PET0 ESMF_PNETCDF                : disabled
20211218 012558.562 INFO             PET0 ESMF_PIO                    : enabled
20211218 012558.562 INFO             PET0 ESMF_YAMLCPP                : enabled
20211218 012558.563 INFO             PET0 ESMF Tracing Enabled
20211218 012558.563 INFO             PET0 ESMF Profiling Enabled
20211218 012558.563 INFO             PET0 ESMF Trace/Profile clock: REALTIME
20211218 012558.607 WARNING          PET0 ESMF Tracing/Profiling could not load dynamic instrumentation functions.
20211218 012558.691 INFO             PET0  NUMBER_OF_PROCESSORS           4
20211218 012558.691 INFO             PET0  PASS  Example ESMF_TraceEx, ESMF_TraceEx.F90, line 178
20211218 012558.691 INFO             PET0 Finalizing ESMF
20211218 012558.691 INFO             PET0 **************** Region Timings *******************
20211218 012558.691 INFO             PET0 Region              Count  Total (s)   Self (s)    Mean (s)    Min (s)     Max (s)
20211218 012558.691 INFO             PET0   [test] Init 1     1      0.0000      0.0000      0.0000      0.0000      0.0000
20211218 012558.691 INFO             PET0   [test] Run 1      5      0.0000      0.0000      0.0000      0.0000      0.0000
20211218 012558.691 INFO             PET0   [test] Final 1    1      0.0000      0.0000      0.0000      0.0000      0.0000
20211218 012558.578 INFO             PET1 !!!!!!!!!!!!!!!!!!!!!!!!!!!!!!!!!!!!!!!!!!!!!!!!!!!!!!
20211218 012558.578 INFO             PET1 !!! THE ESMF_LOG IS SET TO OUTPUT ALL LOG MESSAGES !!!
20211218 012558.578 INFO             PET1 !!!     THIS MAY CAUSE SLOWDOWN IN PERFORMANCE     !!!
20211218 012558.578 INFO             PET1 !!! FOR PRODUCTION RUNS, USE:                      !!!
20211218 012558.578 INFO             PET1 !!!                   ESMF_LOGKIND_Multi_On_Error  !!!
20211218 012558.578 INFO             PET1 !!!!!!!!!!!!!!!!!!!!!!!!!!!!!!!!!!!!!!!!!!!!!!!!!!!!!!
20211218 012558.578 INFO             PET1 Running with ESMF Version   : 8.3.0 beta snapshot
20211218 012558.578 INFO             PET1 ESMF library build date/time: "Dec 17 2021" "23:48:49"
20211218 012558.578 INFO             PET1 ESMF library build location : /lustre/f2/dev/ncep/Mark.Potts/gfortran_8.3.0_mpi_g_develop
20211218 012558.578 INFO             PET1 ESMF_COMM                   : mpi
20211218 012558.579 INFO             PET1 ESMF_MOAB                   : enabled
20211218 012558.579 INFO             PET1 ESMF_LAPACK                 : enabled
20211218 012558.579 INFO             PET1 ESMF_NETCDF                 : enabled
20211218 012558.579 INFO             PET1 ESMF_PNETCDF                : disabled
20211218 012558.579 INFO             PET1 ESMF_PIO                    : enabled
20211218 012558.579 INFO             PET1 ESMF_YAMLCPP                : enabled
20211218 012558.579 INFO             PET1 ESMF Tracing Enabled
20211218 012558.579 INFO             PET1 ESMF Profiling Enabled
20211218 012558.579 INFO             PET1 ESMF Trace/Profile clock: REALTIME
20211218 012558.591 WARNING          PET1 ESMF Tracing/Profiling could not load dynamic instrumentation functions.
20211218 012558.690 INFO             PET1  NUMBER_OF_PROCESSORS           4
20211218 012558.690 INFO             PET1  PASS  Example ESMF_TraceEx, ESMF_TraceEx.F90, line 178
20211218 012558.690 INFO             PET1 Finalizing ESMF
20211218 012558.690 INFO             PET1 **************** Region Timings *******************
20211218 012558.690 INFO             PET1 Region              Count  Total (s)   Self (s)    Mean (s)    Min (s)     Max (s)
20211218 012558.690 INFO             PET1   [test] Run 1      5      0.0001      0.0001      0.0000      0.0000      0.0000
20211218 012558.690 INFO             PET1   [test] Init 1     1      0.0000      0.0000      0.0000      0.0000      0.0000
20211218 012558.690 INFO             PET1   [test] Final 1    1      0.0000      0.0000      0.0000      0.0000      0.0000
20211218 012558.568 INFO             PET2 !!!!!!!!!!!!!!!!!!!!!!!!!!!!!!!!!!!!!!!!!!!!!!!!!!!!!!
20211218 012558.568 INFO             PET2 !!! THE ESMF_LOG IS SET TO OUTPUT ALL LOG MESSAGES !!!
20211218 012558.568 INFO             PET2 !!!     THIS MAY CAUSE SLOWDOWN IN PERFORMANCE     !!!
20211218 012558.568 INFO             PET2 !!! FOR PRODUCTION RUNS, USE:                      !!!
20211218 012558.568 INFO             PET2 !!!                   ESMF_LOGKIND_Multi_On_Error  !!!
20211218 012558.568 INFO             PET2 !!!!!!!!!!!!!!!!!!!!!!!!!!!!!!!!!!!!!!!!!!!!!!!!!!!!!!
20211218 012558.568 INFO             PET2 Running with ESMF Version   : 8.3.0 beta snapshot
20211218 012558.568 INFO             PET2 ESMF library build date/time: "Dec 17 2021" "23:48:49"
20211218 012558.568 INFO             PET2 ESMF library build location : /lustre/f2/dev/ncep/Mark.Potts/gfortran_8.3.0_mpi_g_develop
20211218 012558.568 INFO             PET2 ESMF_COMM                   : mpi
20211218 012558.568 INFO             PET2 ESMF_MOAB                   : enabled
20211218 012558.568 INFO             PET2 ESMF_LAPACK                 : enabled
20211218 012558.568 INFO             PET2 ESMF_NETCDF                 : enabled
20211218 012558.568 INFO             PET2 ESMF_PNETCDF                : disabled
20211218 012558.568 INFO             PET2 ESMF_PIO                    : enabled
20211218 012558.568 INFO             PET2 ESMF_YAMLCPP                : enabled
20211218 012558.568 INFO             PET2 ESMF Tracing Enabled
20211218 012558.568 INFO             PET2 ESMF Profiling Enabled
20211218 012558.568 INFO             PET2 ESMF Trace/Profile clock: REALTIME
20211218 012558.592 WARNING          PET2 ESMF Tracing/Profiling could not load dynamic instrumentation functions.
20211218 012558.690 INFO             PET2  NUMBER_OF_PROCESSORS           4
20211218 012558.690 INFO             PET2  PASS  Example ESMF_TraceEx, ESMF_TraceEx.F90, line 178
20211218 012558.690 INFO             PET2 Finalizing ESMF
20211218 012558.690 INFO             PET2 **************** Region Timings *******************
20211218 012558.690 INFO             PET2 Region              Count  Total (s)   Self (s)    Mean (s)    Min (s)     Max (s)
20211218 012558.690 INFO             PET2   [test] Run 1      5      0.0000      0.0000      0.0000      0.0000      0.0000
20211218 012558.691 INFO             PET2   [test] Init 1     1      0.0000      0.0000      0.0000      0.0000      0.0000
20211218 012558.691 INFO             PET2   [test] Final 1    1      0.0000      0.0000      0.0000      0.0000      0.0000
20211218 012558.589 INFO             PET3 !!!!!!!!!!!!!!!!!!!!!!!!!!!!!!!!!!!!!!!!!!!!!!!!!!!!!!
20211218 012558.590 INFO             PET3 !!! THE ESMF_LOG IS SET TO OUTPUT ALL LOG MESSAGES !!!
20211218 012558.590 INFO             PET3 !!!     THIS MAY CAUSE SLOWDOWN IN PERFORMANCE     !!!
20211218 012558.590 INFO             PET3 !!! FOR PRODUCTION RUNS, USE:                      !!!
20211218 012558.590 INFO             PET3 !!!                   ESMF_LOGKIND_Multi_On_Error  !!!
20211218 012558.590 INFO             PET3 !!!!!!!!!!!!!!!!!!!!!!!!!!!!!!!!!!!!!!!!!!!!!!!!!!!!!!
20211218 012558.590 INFO             PET3 Running with ESMF Version   : 8.3.0 beta snapshot
20211218 012558.590 INFO             PET3 ESMF library build date/time: "Dec 17 2021" "23:48:49"
20211218 012558.590 INFO             PET3 ESMF library build location : /lustre/f2/dev/ncep/Mark.Potts/gfortran_8.3.0_mpi_g_develop
20211218 012558.590 INFO             PET3 ESMF_COMM                   : mpi
20211218 012558.590 INFO             PET3 ESMF_MOAB                   : enabled
20211218 012558.590 INFO             PET3 ESMF_LAPACK                 : enabled
20211218 012558.590 INFO             PET3 ESMF_NETCDF                 : enabled
20211218 012558.590 INFO             PET3 ESMF_PNETCDF                : disabled
20211218 012558.590 INFO             PET3 ESMF_PIO                    : enabled
20211218 012558.590 INFO             PET3 ESMF_YAMLCPP                : enabled
20211218 012558.590 INFO             PET3 ESMF Tracing Enabled
20211218 012558.590 INFO             PET3 ESMF Profiling Enabled
20211218 012558.590 INFO             PET3 ESMF Trace/Profile clock: REALTIME
20211218 012558.591 WARNING          PET3 ESMF Tracing/Profiling could not load dynamic instrumentation functions.
20211218 012558.690 INFO             PET3  NUMBER_OF_PROCESSORS           4
20211218 012558.690 INFO             PET3  PASS  Example ESMF_TraceEx, ESMF_TraceEx.F90, line 178
20211218 012558.690 INFO             PET3 Finalizing ESMF
20211218 012558.690 INFO             PET3 **************** Region Timings *******************
20211218 012558.690 INFO             PET3 Region              Count  Total (s)   Self (s)    Mean (s)    Min (s)     Max (s)
20211218 012558.690 INFO             PET3   [test] Final 1    1      0.0000      0.0000      0.0000      0.0000      0.0000
20211218 012558.690 INFO             PET3   [test] Run 1      5      0.0000      0.0000      0.0000      0.0000      0.0000
20211218 012558.690 INFO             PET3   [test] Init 1     1      0.0000      0.0000      0.0000      0.0000      0.0000
