build time -- 2021-10-05 00:37:13
20211005 015605.008 INFO             PET0 !!!!!!!!!!!!!!!!!!!!!!!!!!!!!!!!!!!!!!!!!!!!!!!!!!!!!!
20211005 015605.008 INFO             PET0 !!! THE ESMF_LOG IS SET TO OUTPUT ALL LOG MESSAGES !!!
20211005 015605.008 INFO             PET0 !!!     THIS MAY CAUSE SLOWDOWN IN PERFORMANCE     !!!
20211005 015605.008 INFO             PET0 !!! FOR PRODUCTION RUNS, USE:                      !!!
20211005 015605.008 INFO             PET0 !!!                   ESMF_LOGKIND_Multi_On_Error  !!!
20211005 015605.008 INFO             PET0 !!!!!!!!!!!!!!!!!!!!!!!!!!!!!!!!!!!!!!!!!!!!!!!!!!!!!!
20211005 015605.008 INFO             PET0 Running with ESMF Version   : 8.2.0 beta snapshot
20211005 015605.008 INFO             PET0 ESMF library build date/time: "Oct  5 2021" "00:35:37"
20211005 015605.008 INFO             PET0 ESMF library build location : /lustre/f2/dev/ncep/Mark.Potts/gfortran_8.3.0_mpi_g_develop
20211005 015605.008 INFO             PET0 ESMF_COMM                   : mpi
20211005 015605.009 INFO             PET0 ESMF_MOAB                   : enabled
20211005 015605.009 INFO             PET0 ESMF_LAPACK                 : enabled
20211005 015605.009 INFO             PET0 ESMF_NETCDF                 : enabled
20211005 015605.009 INFO             PET0 ESMF_PNETCDF                : disabled
20211005 015605.009 INFO             PET0 ESMF_PIO                    : enabled
20211005 015605.009 INFO             PET0 ESMF_YAMLCPP                : enabled
20211005 015605.103 WARNING          PET0 ESMF_IOScrip.F90:4704 ESMF_EsmfGetElement Variable centerCoords in data/ne4np4-esmf.nc does not exist
20211005 015605.185 INFO             PET0  NUMBER_OF_PROCESSORS           4
20211005 015605.185 INFO             PET0  PASS  Example ESMF_MeshEx, ESMF_MeshEx.F90, line 1795
20211005 015605.185 INFO             PET0 Finalizing ESMF
20211005 015605.011 INFO             PET1 !!!!!!!!!!!!!!!!!!!!!!!!!!!!!!!!!!!!!!!!!!!!!!!!!!!!!!
20211005 015605.011 INFO             PET1 !!! THE ESMF_LOG IS SET TO OUTPUT ALL LOG MESSAGES !!!
20211005 015605.011 INFO             PET1 !!!     THIS MAY CAUSE SLOWDOWN IN PERFORMANCE     !!!
20211005 015605.011 INFO             PET1 !!! FOR PRODUCTION RUNS, USE:                      !!!
20211005 015605.011 INFO             PET1 !!!                   ESMF_LOGKIND_Multi_On_Error  !!!
20211005 015605.011 INFO             PET1 !!!!!!!!!!!!!!!!!!!!!!!!!!!!!!!!!!!!!!!!!!!!!!!!!!!!!!
20211005 015605.011 INFO             PET1 Running with ESMF Version   : 8.2.0 beta snapshot
20211005 015605.011 INFO             PET1 ESMF library build date/time: "Oct  5 2021" "00:35:37"
20211005 015605.011 INFO             PET1 ESMF library build location : /lustre/f2/dev/ncep/Mark.Potts/gfortran_8.3.0_mpi_g_develop
20211005 015605.011 INFO             PET1 ESMF_COMM                   : mpi
20211005 015605.012 INFO             PET1 ESMF_MOAB                   : enabled
20211005 015605.012 INFO             PET1 ESMF_LAPACK                 : enabled
20211005 015605.012 INFO             PET1 ESMF_NETCDF                 : enabled
20211005 015605.012 INFO             PET1 ESMF_PNETCDF                : disabled
20211005 015605.012 INFO             PET1 ESMF_PIO                    : enabled
20211005 015605.012 INFO             PET1 ESMF_YAMLCPP                : enabled
20211005 015605.104 WARNING          PET1 ESMF_IOScrip.F90:4704 ESMF_EsmfGetElement Variable centerCoords in data/ne4np4-esmf.nc does not exist
20211005 015605.185 INFO             PET1  NUMBER_OF_PROCESSORS           4
20211005 015605.185 INFO             PET1  PASS  Example ESMF_MeshEx, ESMF_MeshEx.F90, line 1795
20211005 015605.185 INFO             PET1 Finalizing ESMF
20211005 015605.059 INFO             PET2 !!!!!!!!!!!!!!!!!!!!!!!!!!!!!!!!!!!!!!!!!!!!!!!!!!!!!!
20211005 015605.059 INFO             PET2 !!! THE ESMF_LOG IS SET TO OUTPUT ALL LOG MESSAGES !!!
20211005 015605.059 INFO             PET2 !!!     THIS MAY CAUSE SLOWDOWN IN PERFORMANCE     !!!
20211005 015605.059 INFO             PET2 !!! FOR PRODUCTION RUNS, USE:                      !!!
20211005 015605.059 INFO             PET2 !!!                   ESMF_LOGKIND_Multi_On_Error  !!!
20211005 015605.059 INFO             PET2 !!!!!!!!!!!!!!!!!!!!!!!!!!!!!!!!!!!!!!!!!!!!!!!!!!!!!!
20211005 015605.059 INFO             PET2 Running with ESMF Version   : 8.2.0 beta snapshot
20211005 015605.059 INFO             PET2 ESMF library build date/time: "Oct  5 2021" "00:35:37"
20211005 015605.059 INFO             PET2 ESMF library build location : /lustre/f2/dev/ncep/Mark.Potts/gfortran_8.3.0_mpi_g_develop
20211005 015605.059 INFO             PET2 ESMF_COMM                   : mpi
20211005 015605.060 INFO             PET2 ESMF_MOAB                   : enabled
20211005 015605.060 INFO             PET2 ESMF_LAPACK                 : enabled
20211005 015605.060 INFO             PET2 ESMF_NETCDF                 : enabled
20211005 015605.060 INFO             PET2 ESMF_PNETCDF                : disabled
20211005 015605.060 INFO             PET2 ESMF_PIO                    : enabled
20211005 015605.060 INFO             PET2 ESMF_YAMLCPP                : enabled
20211005 015605.104 WARNING          PET2 ESMF_IOScrip.F90:4704 ESMF_EsmfGetElement Variable centerCoords in data/ne4np4-esmf.nc does not exist
20211005 015605.185 INFO             PET2  NUMBER_OF_PROCESSORS           4
20211005 015605.185 INFO             PET2  PASS  Example ESMF_MeshEx, ESMF_MeshEx.F90, line 1795
20211005 015605.185 INFO             PET2 Finalizing ESMF
20211005 015605.028 INFO             PET3 !!!!!!!!!!!!!!!!!!!!!!!!!!!!!!!!!!!!!!!!!!!!!!!!!!!!!!
20211005 015605.028 INFO             PET3 !!! THE ESMF_LOG IS SET TO OUTPUT ALL LOG MESSAGES !!!
20211005 015605.028 INFO             PET3 !!!     THIS MAY CAUSE SLOWDOWN IN PERFORMANCE     !!!
20211005 015605.028 INFO             PET3 !!! FOR PRODUCTION RUNS, USE:                      !!!
20211005 015605.028 INFO             PET3 !!!                   ESMF_LOGKIND_Multi_On_Error  !!!
20211005 015605.028 INFO             PET3 !!!!!!!!!!!!!!!!!!!!!!!!!!!!!!!!!!!!!!!!!!!!!!!!!!!!!!
20211005 015605.028 INFO             PET3 Running with ESMF Version   : 8.2.0 beta snapshot
20211005 015605.028 INFO             PET3 ESMF library build date/time: "Oct  5 2021" "00:35:37"
20211005 015605.028 INFO             PET3 ESMF library build location : /lustre/f2/dev/ncep/Mark.Potts/gfortran_8.3.0_mpi_g_develop
20211005 015605.028 INFO             PET3 ESMF_COMM                   : mpi
20211005 015605.029 INFO             PET3 ESMF_MOAB                   : enabled
20211005 015605.029 INFO             PET3 ESMF_LAPACK                 : enabled
20211005 015605.029 INFO             PET3 ESMF_NETCDF                 : enabled
20211005 015605.029 INFO             PET3 ESMF_PNETCDF                : disabled
20211005 015605.029 INFO             PET3 ESMF_PIO                    : enabled
20211005 015605.029 INFO             PET3 ESMF_YAMLCPP                : enabled
20211005 015605.105 WARNING          PET3 ESMF_IOScrip.F90:4704 ESMF_EsmfGetElement Variable centerCoords in data/ne4np4-esmf.nc does not exist
20211005 015605.185 INFO             PET3  NUMBER_OF_PROCESSORS           4
20211005 015605.185 INFO             PET3  PASS  Example ESMF_MeshEx, ESMF_MeshEx.F90, line 1795
20211005 015605.185 INFO             PET3 Finalizing ESMF
