build time -- 2021-12-02 23:44:47
20211203 012256.627 INFO             PET0 !!!!!!!!!!!!!!!!!!!!!!!!!!!!!!!!!!!!!!!!!!!!!!!!!!!!!!
20211203 012256.627 INFO             PET0 !!! THE ESMF_LOG IS SET TO OUTPUT ALL LOG MESSAGES !!!
20211203 012256.627 INFO             PET0 !!!     THIS MAY CAUSE SLOWDOWN IN PERFORMANCE     !!!
20211203 012256.627 INFO             PET0 !!! FOR PRODUCTION RUNS, USE:                      !!!
20211203 012256.627 INFO             PET0 !!!                   ESMF_LOGKIND_Multi_On_Error  !!!
20211203 012256.627 INFO             PET0 !!!!!!!!!!!!!!!!!!!!!!!!!!!!!!!!!!!!!!!!!!!!!!!!!!!!!!
20211203 012256.627 INFO             PET0 Running with ESMF Version   : 8.3.0 beta snapshot
20211203 012256.627 INFO             PET0 ESMF library build date/time: "Dec  2 2021" "23:42:56"
20211203 012256.627 INFO             PET0 ESMF library build location : /lustre/f2/dev/ncep/Mark.Potts/gfortran_8.3.0_mpi_g_develop
20211203 012256.627 INFO             PET0 ESMF_COMM                   : mpi
20211203 012256.628 INFO             PET0 ESMF_MOAB                   : enabled
20211203 012256.628 INFO             PET0 ESMF_LAPACK                 : enabled
20211203 012256.628 INFO             PET0 ESMF_NETCDF                 : enabled
20211203 012256.628 INFO             PET0 ESMF_PNETCDF                : disabled
20211203 012256.628 INFO             PET0 ESMF_PIO                    : enabled
20211203 012256.628 INFO             PET0 ESMF_YAMLCPP                : enabled
20211203 012256.630 INFO             PET0  NUMBER_OF_PROCESSORS           1
20211203 012256.630 INFO             PET0  PASS  Example ESMF_TimeEx, ESMF_TimeEx.F90, line 141
20211203 012256.630 INFO             PET0 Finalizing ESMF
