build time -- 2021-11-26 23:47:21
20211127 012015.518 INFO             PET0 !!!!!!!!!!!!!!!!!!!!!!!!!!!!!!!!!!!!!!!!!!!!!!!!!!!!!!
20211127 012015.520 INFO             PET0 !!! THE ESMF_LOG IS SET TO OUTPUT ALL LOG MESSAGES !!!
20211127 012015.520 INFO             PET0 !!!     THIS MAY CAUSE SLOWDOWN IN PERFORMANCE     !!!
20211127 012015.520 INFO             PET0 !!! FOR PRODUCTION RUNS, USE:                      !!!
20211127 012015.520 INFO             PET0 !!!                   ESMF_LOGKIND_Multi_On_Error  !!!
20211127 012015.520 INFO             PET0 !!!!!!!!!!!!!!!!!!!!!!!!!!!!!!!!!!!!!!!!!!!!!!!!!!!!!!
20211127 012015.520 INFO             PET0 Running with ESMF Version   : 8.3.0 beta snapshot
20211127 012015.520 INFO             PET0 ESMF library build date/time: "Nov 26 2021" "23:45:33"
20211127 012015.520 INFO             PET0 ESMF library build location : /lustre/f2/dev/ncep/Mark.Potts/gfortran_8.3.0_mpi_g_develop
20211127 012015.520 INFO             PET0 ESMF_COMM                   : mpi
20211127 012015.521 INFO             PET0 ESMF_MOAB                   : enabled
20211127 012015.521 INFO             PET0 ESMF_LAPACK                 : enabled
20211127 012015.521 INFO             PET0 ESMF_NETCDF                 : enabled
20211127 012015.521 INFO             PET0 ESMF_PNETCDF                : disabled
20211127 012015.521 INFO             PET0 ESMF_PIO                    : enabled
20211127 012015.521 INFO             PET0 ESMF_YAMLCPP                : enabled
20211127 012015.632 INFO             PET0  NUMBER_OF_PROCESSORS           1
20211127 012015.632 INFO             PET0  PASS  Example ESMF_XGridSparseMatEx, ESMF_XGridSparseMatEx.F90, line 642
20211127 012015.632 INFO             PET0 Finalizing ESMF
