build time -- 2021-11-06 01:55:53.892316
20211106 022536.847 INFO             PET0 !!!!!!!!!!!!!!!!!!!!!!!!!!!!!!!!!!!!!!!!!!!!!!!!!!!!!!
20211106 022536.852 INFO             PET0 !!! THE ESMF_LOG IS SET TO OUTPUT ALL LOG MESSAGES !!!
20211106 022536.852 INFO             PET0 !!!     THIS MAY CAUSE SLOWDOWN IN PERFORMANCE     !!!
20211106 022536.852 INFO             PET0 !!! FOR PRODUCTION RUNS, USE:                      !!!
20211106 022536.852 INFO             PET0 !!!                   ESMF_LOGKIND_Multi_On_Error  !!!
20211106 022536.852 INFO             PET0 !!!!!!!!!!!!!!!!!!!!!!!!!!!!!!!!!!!!!!!!!!!!!!!!!!!!!!
20211106 022536.852 INFO             PET0 Running with ESMF Version   : ESMF_8_3_0_beta_snapshot_02-1-gd594fca699
20211106 022536.872 INFO             PET0 ESMF library build date/time: "Nov  6 2021" "01:53:31"
20211106 022536.872 INFO             PET0 ESMF library build location : /gpfsm/dnb04/projects/p98/mpotts/esmf/intel_2020_intelmpi_g_develop
20211106 022536.872 INFO             PET0 ESMF_COMM                   : intelmpi
20211106 022536.882 INFO             PET0 ESMF_MOAB                   : enabled
20211106 022536.882 INFO             PET0 ESMF_LAPACK                 : enabled
20211106 022536.882 INFO             PET0 ESMF_NETCDF                 : enabled
20211106 022536.882 INFO             PET0 ESMF_PNETCDF                : disabled
20211106 022536.882 INFO             PET0 ESMF_PIO                    : enabled
20211106 022536.882 INFO             PET0 ESMF_YAMLCPP                : enabled
20211106 022536.946 INFO             PET0 Log Write 2
20211106 022536.966 ERROR            PET0 Invalid object  - Convergence failure
20211106 022536.985 ERROR            PET0 ESMCI_Fraction.C:1444 ESMCI::Fraction::validate() must have non-zero denominator.
20211106 022536.998 ERROR            PET0 ESMCI_Time.C:838 ESMCI::Time::syncToRealTime() Wrong argument specified  - ; calkindflag is JULIANDAY, MODJULIANDAY or NOCALENDAR.
20211106 022537.042 ERROR            PET0 ESMF_Time.F90:1485 ESMF_TimeSyncToRealTime() Wrong argument specified  - Internal subroutine call returned Error
20211106 022537.042 ERROR            PET0 Wrong argument specified  - getting wall clock time
20211106 022537.044 INFO             PET0  NUMBER_OF_PROCESSORS           4
20211106 022537.044 INFO             PET0  PASS  Example ESMF_LogErrEx, ESMF_LogErrEx.F90, line 186
20211106 022537.044 INFO             PET0 Finalizing ESMF
20211106 022536.847 INFO             PET1 !!!!!!!!!!!!!!!!!!!!!!!!!!!!!!!!!!!!!!!!!!!!!!!!!!!!!!
20211106 022536.852 INFO             PET1 !!! THE ESMF_LOG IS SET TO OUTPUT ALL LOG MESSAGES !!!
20211106 022536.852 INFO             PET1 !!!     THIS MAY CAUSE SLOWDOWN IN PERFORMANCE     !!!
20211106 022536.852 INFO             PET1 !!! FOR PRODUCTION RUNS, USE:                      !!!
20211106 022536.852 INFO             PET1 !!!                   ESMF_LOGKIND_Multi_On_Error  !!!
20211106 022536.852 INFO             PET1 !!!!!!!!!!!!!!!!!!!!!!!!!!!!!!!!!!!!!!!!!!!!!!!!!!!!!!
20211106 022536.852 INFO             PET1 Running with ESMF Version   : ESMF_8_3_0_beta_snapshot_02-1-gd594fca699
20211106 022536.872 INFO             PET1 ESMF library build date/time: "Nov  6 2021" "01:53:31"
20211106 022536.872 INFO             PET1 ESMF library build location : /gpfsm/dnb04/projects/p98/mpotts/esmf/intel_2020_intelmpi_g_develop
20211106 022536.872 INFO             PET1 ESMF_COMM                   : intelmpi
20211106 022536.881 INFO             PET1 ESMF_MOAB                   : enabled
20211106 022536.881 INFO             PET1 ESMF_LAPACK                 : enabled
20211106 022536.881 INFO             PET1 ESMF_NETCDF                 : enabled
20211106 022536.881 INFO             PET1 ESMF_PNETCDF                : disabled
20211106 022536.881 INFO             PET1 ESMF_PIO                    : enabled
20211106 022536.881 INFO             PET1 ESMF_YAMLCPP                : enabled
20211106 022536.946 INFO             PET1 Log Write 2
20211106 022536.966 ERROR            PET1 Invalid object  - Convergence failure
20211106 022536.985 ERROR            PET1 ESMCI_Fraction.C:1444 ESMCI::Fraction::validate() must have non-zero denominator.
20211106 022536.998 ERROR            PET1 ESMCI_Time.C:838 ESMCI::Time::syncToRealTime() Wrong argument specified  - ; calkindflag is JULIANDAY, MODJULIANDAY or NOCALENDAR.
20211106 022537.042 ERROR            PET1 ESMF_Time.F90:1485 ESMF_TimeSyncToRealTime() Wrong argument specified  - Internal subroutine call returned Error
20211106 022537.043 ERROR            PET1 Wrong argument specified  - getting wall clock time
20211106 022537.043 INFO             PET1  NUMBER_OF_PROCESSORS           4
20211106 022537.043 INFO             PET1  PASS  Example ESMF_LogErrEx, ESMF_LogErrEx.F90, line 186
20211106 022537.043 INFO             PET1 Finalizing ESMF
20211106 022536.848 INFO             PET2 !!!!!!!!!!!!!!!!!!!!!!!!!!!!!!!!!!!!!!!!!!!!!!!!!!!!!!
20211106 022536.852 INFO             PET2 !!! THE ESMF_LOG IS SET TO OUTPUT ALL LOG MESSAGES !!!
20211106 022536.852 INFO             PET2 !!!     THIS MAY CAUSE SLOWDOWN IN PERFORMANCE     !!!
20211106 022536.852 INFO             PET2 !!! FOR PRODUCTION RUNS, USE:                      !!!
20211106 022536.852 INFO             PET2 !!!                   ESMF_LOGKIND_Multi_On_Error  !!!
20211106 022536.852 INFO             PET2 !!!!!!!!!!!!!!!!!!!!!!!!!!!!!!!!!!!!!!!!!!!!!!!!!!!!!!
20211106 022536.852 INFO             PET2 Running with ESMF Version   : ESMF_8_3_0_beta_snapshot_02-1-gd594fca699
20211106 022536.872 INFO             PET2 ESMF library build date/time: "Nov  6 2021" "01:53:31"
20211106 022536.872 INFO             PET2 ESMF library build location : /gpfsm/dnb04/projects/p98/mpotts/esmf/intel_2020_intelmpi_g_develop
20211106 022536.873 INFO             PET2 ESMF_COMM                   : intelmpi
20211106 022536.881 INFO             PET2 ESMF_MOAB                   : enabled
20211106 022536.881 INFO             PET2 ESMF_LAPACK                 : enabled
20211106 022536.881 INFO             PET2 ESMF_NETCDF                 : enabled
20211106 022536.881 INFO             PET2 ESMF_PNETCDF                : disabled
20211106 022536.881 INFO             PET2 ESMF_PIO                    : enabled
20211106 022536.881 INFO             PET2 ESMF_YAMLCPP                : enabled
20211106 022536.946 INFO             PET2 Log Write 2
20211106 022536.966 ERROR            PET2 Invalid object  - Convergence failure
20211106 022536.985 ERROR            PET2 ESMCI_Fraction.C:1444 ESMCI::Fraction::validate() must have non-zero denominator.
20211106 022536.998 ERROR            PET2 ESMCI_Time.C:838 ESMCI::Time::syncToRealTime() Wrong argument specified  - ; calkindflag is JULIANDAY, MODJULIANDAY or NOCALENDAR.
20211106 022537.043 ERROR            PET2 ESMF_Time.F90:1485 ESMF_TimeSyncToRealTime() Wrong argument specified  - Internal subroutine call returned Error
20211106 022537.043 ERROR            PET2 Wrong argument specified  - getting wall clock time
20211106 022537.045 INFO             PET2  NUMBER_OF_PROCESSORS           4
20211106 022537.045 INFO             PET2  PASS  Example ESMF_LogErrEx, ESMF_LogErrEx.F90, line 186
20211106 022537.045 INFO             PET2 Finalizing ESMF
20211106 022536.847 INFO             PET3 !!!!!!!!!!!!!!!!!!!!!!!!!!!!!!!!!!!!!!!!!!!!!!!!!!!!!!
20211106 022536.852 INFO             PET3 !!! THE ESMF_LOG IS SET TO OUTPUT ALL LOG MESSAGES !!!
20211106 022536.852 INFO             PET3 !!!     THIS MAY CAUSE SLOWDOWN IN PERFORMANCE     !!!
20211106 022536.852 INFO             PET3 !!! FOR PRODUCTION RUNS, USE:                      !!!
20211106 022536.852 INFO             PET3 !!!                   ESMF_LOGKIND_Multi_On_Error  !!!
20211106 022536.852 INFO             PET3 !!!!!!!!!!!!!!!!!!!!!!!!!!!!!!!!!!!!!!!!!!!!!!!!!!!!!!
20211106 022536.852 INFO             PET3 Running with ESMF Version   : ESMF_8_3_0_beta_snapshot_02-1-gd594fca699
20211106 022536.872 INFO             PET3 ESMF library build date/time: "Nov  6 2021" "01:53:31"
20211106 022536.872 INFO             PET3 ESMF library build location : /gpfsm/dnb04/projects/p98/mpotts/esmf/intel_2020_intelmpi_g_develop
20211106 022536.873 INFO             PET3 ESMF_COMM                   : intelmpi
20211106 022536.881 INFO             PET3 ESMF_MOAB                   : enabled
20211106 022536.881 INFO             PET3 ESMF_LAPACK                 : enabled
20211106 022536.881 INFO             PET3 ESMF_NETCDF                 : enabled
20211106 022536.881 INFO             PET3 ESMF_PNETCDF                : disabled
20211106 022536.881 INFO             PET3 ESMF_PIO                    : enabled
20211106 022536.881 INFO             PET3 ESMF_YAMLCPP                : enabled
20211106 022536.946 INFO             PET3 Log Write 2
20211106 022536.966 ERROR            PET3 Invalid object  - Convergence failure
20211106 022536.985 ERROR            PET3 ESMCI_Fraction.C:1444 ESMCI::Fraction::validate() must have non-zero denominator.
20211106 022536.998 ERROR            PET3 ESMCI_Time.C:838 ESMCI::Time::syncToRealTime() Wrong argument specified  - ; calkindflag is JULIANDAY, MODJULIANDAY or NOCALENDAR.
20211106 022537.043 ERROR            PET3 ESMF_Time.F90:1485 ESMF_TimeSyncToRealTime() Wrong argument specified  - Internal subroutine call returned Error
20211106 022537.043 ERROR            PET3 Wrong argument specified  - getting wall clock time
20211106 022537.044 INFO             PET3  NUMBER_OF_PROCESSORS           4
20211106 022537.044 INFO             PET3  PASS  Example ESMF_LogErrEx, ESMF_LogErrEx.F90, line 186
20211106 022537.044 INFO             PET3 Finalizing ESMF
