build time -- 2021-10-30 03:36:08.069541
20211030 042620.797 INFO             PET0 !!!!!!!!!!!!!!!!!!!!!!!!!!!!!!!!!!!!!!!!!!!!!!!!!!!!!!
20211030 042620.797 INFO             PET0 !!! THE ESMF_LOG IS SET TO OUTPUT ALL LOG MESSAGES !!!
20211030 042620.797 INFO             PET0 !!!     THIS MAY CAUSE SLOWDOWN IN PERFORMANCE     !!!
20211030 042620.797 INFO             PET0 !!! FOR PRODUCTION RUNS, USE:                      !!!
20211030 042620.797 INFO             PET0 !!!                   ESMF_LOGKIND_Multi_On_Error  !!!
20211030 042620.797 INFO             PET0 !!!!!!!!!!!!!!!!!!!!!!!!!!!!!!!!!!!!!!!!!!!!!!!!!!!!!!
20211030 042620.797 INFO             PET0 Running with ESMF Version   : ESMF_8_3_0_beta_snapshot_02
20211030 042620.797 INFO             PET0 ESMF library build date/time: "Oct 30 2021" "03:33:50"
20211030 042620.797 INFO             PET0 ESMF library build location : /gpfsm/dnb04/projects/p98/mpotts/esmf/intel_2020_intelmpi_g_develop
20211030 042620.797 INFO             PET0 ESMF_COMM                   : intelmpi
20211030 042620.798 INFO             PET0 ESMF_MOAB                   : enabled
20211030 042620.798 INFO             PET0 ESMF_LAPACK                 : enabled
20211030 042620.798 INFO             PET0 ESMF_NETCDF                 : enabled
20211030 042620.798 INFO             PET0 ESMF_PNETCDF                : disabled
20211030 042620.798 INFO             PET0 ESMF_PIO                    : enabled
20211030 042620.798 INFO             PET0 ESMF_YAMLCPP                : enabled
20211030 042620.799 INFO             PET0  NUMBER_OF_PROCESSORS           1
20211030 042620.799 INFO             PET0  PASS  Example CalendarEx, ESMF_CalendarEx.F90, line 217
20211030 042620.799 INFO             PET0 Finalizing ESMF
