build time -- 2021-11-07 01:09:04.110952
20211107 013957.350 INFO             PET0 !!!!!!!!!!!!!!!!!!!!!!!!!!!!!!!!!!!!!!!!!!!!!!!!!!!!!!
20211107 013957.350 INFO             PET0 !!! THE ESMF_LOG IS SET TO OUTPUT ALL LOG MESSAGES !!!
20211107 013957.350 INFO             PET0 !!!     THIS MAY CAUSE SLOWDOWN IN PERFORMANCE     !!!
20211107 013957.350 INFO             PET0 !!! FOR PRODUCTION RUNS, USE:                      !!!
20211107 013957.350 INFO             PET0 !!!                   ESMF_LOGKIND_Multi_On_Error  !!!
20211107 013957.350 INFO             PET0 !!!!!!!!!!!!!!!!!!!!!!!!!!!!!!!!!!!!!!!!!!!!!!!!!!!!!!
20211107 013957.350 INFO             PET0 Running with ESMF Version   : ESMF_8_3_0_beta_snapshot_02-1-gd594fca699
20211107 013957.350 INFO             PET0 ESMF library build date/time: "Nov  7 2021" "01:06:44"
20211107 013957.350 INFO             PET0 ESMF library build location : /gpfsm/dnb04/projects/p98/mpotts/esmf/intel_2020_intelmpi_g_develop
20211107 013957.350 INFO             PET0 ESMF_COMM                   : intelmpi
20211107 013957.351 INFO             PET0 ESMF_MOAB                   : enabled
20211107 013957.351 INFO             PET0 ESMF_LAPACK                 : enabled
20211107 013957.351 INFO             PET0 ESMF_NETCDF                 : enabled
20211107 013957.351 INFO             PET0 ESMF_PNETCDF                : disabled
20211107 013957.351 INFO             PET0 ESMF_PIO                    : enabled
20211107 013957.351 INFO             PET0 ESMF_YAMLCPP                : enabled
20211107 013957.369 INFO             PET0  NUMBER_OF_PROCESSORS           1
20211107 013957.369 INFO             PET0  PASS  Example ESMF_ClockEx, ESMF_ClockEx.F90, line 220
20211107 013957.369 INFO             PET0 Finalizing ESMF
