build time -- 2022-01-25 01:17:06.492005
20220125 021555.294 INFO             PET0 !!!!!!!!!!!!!!!!!!!!!!!!!!!!!!!!!!!!!!!!!!!!!!!!!!!!!!
20220125 021555.294 INFO             PET0 !!! THE ESMF_LOG IS SET TO OUTPUT ALL LOG MESSAGES !!!
20220125 021555.294 INFO             PET0 !!!     THIS MAY CAUSE SLOWDOWN IN PERFORMANCE     !!!
20220125 021555.294 INFO             PET0 !!! FOR PRODUCTION RUNS, USE:                      !!!
20220125 021555.294 INFO             PET0 !!!                   ESMF_LOGKIND_Multi_On_Error  !!!
20220125 021555.294 INFO             PET0 !!!!!!!!!!!!!!!!!!!!!!!!!!!!!!!!!!!!!!!!!!!!!!!!!!!!!!
20220125 021555.294 INFO             PET0 Running with ESMF Version   : ESMF_8_3_0_beta_snapshot_06-9-gd3f8b21f06
20220125 021555.294 INFO             PET0 ESMF library build date/time: "Jan 25 2022" "01:14:24"
20220125 021555.294 INFO             PET0 ESMF library build location : /gpfsm/dnb04/projects/p98/mpotts/esmf/intel_2020_intelmpi_g_develop
20220125 021555.294 INFO             PET0 ESMF_COMM                   : intelmpi
20220125 021555.295 INFO             PET0 ESMF_MOAB                   : enabled
20220125 021555.295 INFO             PET0 ESMF_LAPACK                 : enabled
20220125 021555.295 INFO             PET0 ESMF_NETCDF                 : enabled
20220125 021555.295 INFO             PET0 ESMF_PNETCDF                : disabled
20220125 021555.295 INFO             PET0 ESMF_PIO                    : enabled
20220125 021555.295 INFO             PET0 ESMF_YAMLCPP                : enabled
20220125 021558.064 INFO             PET0  NUMBER_OF_PROCESSORS           4
20220125 021558.064 INFO             PET0  PASS  Example ESMF_ArrayRedistEx, ESMF_ArrayRedistEx.F90, line 595
20220125 021558.064 INFO             PET0 Finalizing ESMF
20220125 021555.294 INFO             PET1 !!!!!!!!!!!!!!!!!!!!!!!!!!!!!!!!!!!!!!!!!!!!!!!!!!!!!!
20220125 021555.294 INFO             PET1 !!! THE ESMF_LOG IS SET TO OUTPUT ALL LOG MESSAGES !!!
20220125 021555.294 INFO             PET1 !!!     THIS MAY CAUSE SLOWDOWN IN PERFORMANCE     !!!
20220125 021555.294 INFO             PET1 !!! FOR PRODUCTION RUNS, USE:                      !!!
20220125 021555.294 INFO             PET1 !!!                   ESMF_LOGKIND_Multi_On_Error  !!!
20220125 021555.294 INFO             PET1 !!!!!!!!!!!!!!!!!!!!!!!!!!!!!!!!!!!!!!!!!!!!!!!!!!!!!!
20220125 021555.294 INFO             PET1 Running with ESMF Version   : ESMF_8_3_0_beta_snapshot_06-9-gd3f8b21f06
20220125 021555.294 INFO             PET1 ESMF library build date/time: "Jan 25 2022" "01:14:24"
20220125 021555.294 INFO             PET1 ESMF library build location : /gpfsm/dnb04/projects/p98/mpotts/esmf/intel_2020_intelmpi_g_develop
20220125 021555.294 INFO             PET1 ESMF_COMM                   : intelmpi
20220125 021555.295 INFO             PET1 ESMF_MOAB                   : enabled
20220125 021555.295 INFO             PET1 ESMF_LAPACK                 : enabled
20220125 021555.295 INFO             PET1 ESMF_NETCDF                 : enabled
20220125 021555.295 INFO             PET1 ESMF_PNETCDF                : disabled
20220125 021555.295 INFO             PET1 ESMF_PIO                    : enabled
20220125 021555.295 INFO             PET1 ESMF_YAMLCPP                : enabled
20220125 021558.064 INFO             PET1  NUMBER_OF_PROCESSORS           4
20220125 021558.065 INFO             PET1  PASS  Example ESMF_ArrayRedistEx, ESMF_ArrayRedistEx.F90, line 595
20220125 021558.065 INFO             PET1 Finalizing ESMF
20220125 021555.294 INFO             PET2 !!!!!!!!!!!!!!!!!!!!!!!!!!!!!!!!!!!!!!!!!!!!!!!!!!!!!!
20220125 021555.294 INFO             PET2 !!! THE ESMF_LOG IS SET TO OUTPUT ALL LOG MESSAGES !!!
20220125 021555.294 INFO             PET2 !!!     THIS MAY CAUSE SLOWDOWN IN PERFORMANCE     !!!
20220125 021555.294 INFO             PET2 !!! FOR PRODUCTION RUNS, USE:                      !!!
20220125 021555.294 INFO             PET2 !!!                   ESMF_LOGKIND_Multi_On_Error  !!!
20220125 021555.294 INFO             PET2 !!!!!!!!!!!!!!!!!!!!!!!!!!!!!!!!!!!!!!!!!!!!!!!!!!!!!!
20220125 021555.294 INFO             PET2 Running with ESMF Version   : ESMF_8_3_0_beta_snapshot_06-9-gd3f8b21f06
20220125 021555.294 INFO             PET2 ESMF library build date/time: "Jan 25 2022" "01:14:24"
20220125 021555.294 INFO             PET2 ESMF library build location : /gpfsm/dnb04/projects/p98/mpotts/esmf/intel_2020_intelmpi_g_develop
20220125 021555.294 INFO             PET2 ESMF_COMM                   : intelmpi
20220125 021555.295 INFO             PET2 ESMF_MOAB                   : enabled
20220125 021555.295 INFO             PET2 ESMF_LAPACK                 : enabled
20220125 021555.295 INFO             PET2 ESMF_NETCDF                 : enabled
20220125 021555.295 INFO             PET2 ESMF_PNETCDF                : disabled
20220125 021555.295 INFO             PET2 ESMF_PIO                    : enabled
20220125 021555.295 INFO             PET2 ESMF_YAMLCPP                : enabled
20220125 021558.064 INFO             PET2  NUMBER_OF_PROCESSORS           4
20220125 021558.064 INFO             PET2  PASS  Example ESMF_ArrayRedistEx, ESMF_ArrayRedistEx.F90, line 595
20220125 021558.064 INFO             PET2 Finalizing ESMF
20220125 021555.294 INFO             PET3 !!!!!!!!!!!!!!!!!!!!!!!!!!!!!!!!!!!!!!!!!!!!!!!!!!!!!!
20220125 021555.294 INFO             PET3 !!! THE ESMF_LOG IS SET TO OUTPUT ALL LOG MESSAGES !!!
20220125 021555.294 INFO             PET3 !!!     THIS MAY CAUSE SLOWDOWN IN PERFORMANCE     !!!
20220125 021555.294 INFO             PET3 !!! FOR PRODUCTION RUNS, USE:                      !!!
20220125 021555.294 INFO             PET3 !!!                   ESMF_LOGKIND_Multi_On_Error  !!!
20220125 021555.294 INFO             PET3 !!!!!!!!!!!!!!!!!!!!!!!!!!!!!!!!!!!!!!!!!!!!!!!!!!!!!!
20220125 021555.294 INFO             PET3 Running with ESMF Version   : ESMF_8_3_0_beta_snapshot_06-9-gd3f8b21f06
20220125 021555.294 INFO             PET3 ESMF library build date/time: "Jan 25 2022" "01:14:24"
20220125 021555.294 INFO             PET3 ESMF library build location : /gpfsm/dnb04/projects/p98/mpotts/esmf/intel_2020_intelmpi_g_develop
20220125 021555.294 INFO             PET3 ESMF_COMM                   : intelmpi
20220125 021555.295 INFO             PET3 ESMF_MOAB                   : enabled
20220125 021555.295 INFO             PET3 ESMF_LAPACK                 : enabled
20220125 021555.295 INFO             PET3 ESMF_NETCDF                 : enabled
20220125 021555.295 INFO             PET3 ESMF_PNETCDF                : disabled
20220125 021555.295 INFO             PET3 ESMF_PIO                    : enabled
20220125 021555.295 INFO             PET3 ESMF_YAMLCPP                : enabled
20220125 021558.064 INFO             PET3  NUMBER_OF_PROCESSORS           4
20220125 021558.064 INFO             PET3  PASS  Example ESMF_ArrayRedistEx, ESMF_ArrayRedistEx.F90, line 595
20220125 021558.064 INFO             PET3 Finalizing ESMF
