build time -- 2021-11-09 01:57:31.143599
20211109 023011.174 INFO             PET0 !!!!!!!!!!!!!!!!!!!!!!!!!!!!!!!!!!!!!!!!!!!!!!!!!!!!!!
20211109 023011.174 INFO             PET0 !!! THE ESMF_LOG IS SET TO OUTPUT ALL LOG MESSAGES !!!
20211109 023011.174 INFO             PET0 !!!     THIS MAY CAUSE SLOWDOWN IN PERFORMANCE     !!!
20211109 023011.174 INFO             PET0 !!! FOR PRODUCTION RUNS, USE:                      !!!
20211109 023011.174 INFO             PET0 !!!                   ESMF_LOGKIND_Multi_On_Error  !!!
20211109 023011.174 INFO             PET0 !!!!!!!!!!!!!!!!!!!!!!!!!!!!!!!!!!!!!!!!!!!!!!!!!!!!!!
20211109 023011.174 INFO             PET0 Running with ESMF Version   : ESMF_8_3_0_beta_snapshot_02-1-gd594fca699
20211109 023011.174 INFO             PET0 ESMF library build date/time: "Nov  9 2021" "01:55:16"
20211109 023011.174 INFO             PET0 ESMF library build location : /gpfsm/dnb04/projects/p98/mpotts/esmf/intel_2020_intelmpi_g_develop
20211109 023011.174 INFO             PET0 ESMF_COMM                   : intelmpi
20211109 023011.175 INFO             PET0 ESMF_MOAB                   : enabled
20211109 023011.175 INFO             PET0 ESMF_LAPACK                 : enabled
20211109 023011.175 INFO             PET0 ESMF_NETCDF                 : enabled
20211109 023011.175 INFO             PET0 ESMF_PNETCDF                : disabled
20211109 023011.175 INFO             PET0 ESMF_PIO                    : enabled
20211109 023011.175 INFO             PET0 ESMF_YAMLCPP                : enabled
20211109 023011.179 INFO             PET0 ESMF_FieldRedistStoreNF(): Just entered routine.
20211109 023011.182 INFO             PET0 ESMF_FieldRedistStoreNF(): Leaving routine.
20211109 023011.188 INFO             PET0 ESMF_FieldRedistStoreNF(): Just entered routine.
20211109 023011.189 INFO             PET0 ESMF_FieldRedistStoreNF(): Leaving routine.
20211109 023011.190 INFO             PET0 ESMF_FieldRedistStoreNF(): Just entered routine.
20211109 023011.191 INFO             PET0 ESMF_FieldRedistStoreNF(): Leaving routine.
20211109 023011.191 INFO             PET0  NUMBER_OF_PROCESSORS           4
20211109 023011.191 INFO             PET0  PASS  Example ESMF_FieldRedistEx, ESMF_FieldRedistEx.F90, line 521
20211109 023011.191 INFO             PET0 Finalizing ESMF
20211109 023011.173 INFO             PET1 !!!!!!!!!!!!!!!!!!!!!!!!!!!!!!!!!!!!!!!!!!!!!!!!!!!!!!
20211109 023011.173 INFO             PET1 !!! THE ESMF_LOG IS SET TO OUTPUT ALL LOG MESSAGES !!!
20211109 023011.173 INFO             PET1 !!!     THIS MAY CAUSE SLOWDOWN IN PERFORMANCE     !!!
20211109 023011.173 INFO             PET1 !!! FOR PRODUCTION RUNS, USE:                      !!!
20211109 023011.173 INFO             PET1 !!!                   ESMF_LOGKIND_Multi_On_Error  !!!
20211109 023011.173 INFO             PET1 !!!!!!!!!!!!!!!!!!!!!!!!!!!!!!!!!!!!!!!!!!!!!!!!!!!!!!
20211109 023011.173 INFO             PET1 Running with ESMF Version   : ESMF_8_3_0_beta_snapshot_02-1-gd594fca699
20211109 023011.173 INFO             PET1 ESMF library build date/time: "Nov  9 2021" "01:55:16"
20211109 023011.173 INFO             PET1 ESMF library build location : /gpfsm/dnb04/projects/p98/mpotts/esmf/intel_2020_intelmpi_g_develop
20211109 023011.173 INFO             PET1 ESMF_COMM                   : intelmpi
20211109 023011.175 INFO             PET1 ESMF_MOAB                   : enabled
20211109 023011.175 INFO             PET1 ESMF_LAPACK                 : enabled
20211109 023011.175 INFO             PET1 ESMF_NETCDF                 : enabled
20211109 023011.175 INFO             PET1 ESMF_PNETCDF                : disabled
20211109 023011.175 INFO             PET1 ESMF_PIO                    : enabled
20211109 023011.175 INFO             PET1 ESMF_YAMLCPP                : enabled
20211109 023011.178 INFO             PET1 ESMF_FieldRedistStoreNF(): Just entered routine.
20211109 023011.182 INFO             PET1 ESMF_FieldRedistStoreNF(): Leaving routine.
20211109 023011.188 INFO             PET1 ESMF_FieldRedistStoreNF(): Just entered routine.
20211109 023011.189 INFO             PET1 ESMF_FieldRedistStoreNF(): Leaving routine.
20211109 023011.190 INFO             PET1 ESMF_FieldRedistStoreNF(): Just entered routine.
20211109 023011.191 INFO             PET1 ESMF_FieldRedistStoreNF(): Leaving routine.
20211109 023011.191 INFO             PET1  NUMBER_OF_PROCESSORS           4
20211109 023011.192 INFO             PET1  PASS  Example ESMF_FieldRedistEx, ESMF_FieldRedistEx.F90, line 521
20211109 023011.192 INFO             PET1 Finalizing ESMF
20211109 023011.174 INFO             PET2 !!!!!!!!!!!!!!!!!!!!!!!!!!!!!!!!!!!!!!!!!!!!!!!!!!!!!!
20211109 023011.174 INFO             PET2 !!! THE ESMF_LOG IS SET TO OUTPUT ALL LOG MESSAGES !!!
20211109 023011.174 INFO             PET2 !!!     THIS MAY CAUSE SLOWDOWN IN PERFORMANCE     !!!
20211109 023011.174 INFO             PET2 !!! FOR PRODUCTION RUNS, USE:                      !!!
20211109 023011.174 INFO             PET2 !!!                   ESMF_LOGKIND_Multi_On_Error  !!!
20211109 023011.174 INFO             PET2 !!!!!!!!!!!!!!!!!!!!!!!!!!!!!!!!!!!!!!!!!!!!!!!!!!!!!!
20211109 023011.174 INFO             PET2 Running with ESMF Version   : ESMF_8_3_0_beta_snapshot_02-1-gd594fca699
20211109 023011.174 INFO             PET2 ESMF library build date/time: "Nov  9 2021" "01:55:16"
20211109 023011.174 INFO             PET2 ESMF library build location : /gpfsm/dnb04/projects/p98/mpotts/esmf/intel_2020_intelmpi_g_develop
20211109 023011.174 INFO             PET2 ESMF_COMM                   : intelmpi
20211109 023011.175 INFO             PET2 ESMF_MOAB                   : enabled
20211109 023011.175 INFO             PET2 ESMF_LAPACK                 : enabled
20211109 023011.175 INFO             PET2 ESMF_NETCDF                 : enabled
20211109 023011.175 INFO             PET2 ESMF_PNETCDF                : disabled
20211109 023011.175 INFO             PET2 ESMF_PIO                    : enabled
20211109 023011.175 INFO             PET2 ESMF_YAMLCPP                : enabled
20211109 023011.179 INFO             PET2 ESMF_FieldRedistStoreNF(): Just entered routine.
20211109 023011.182 INFO             PET2 ESMF_FieldRedistStoreNF(): Leaving routine.
20211109 023011.188 INFO             PET2 ESMF_FieldRedistStoreNF(): Just entered routine.
20211109 023011.189 INFO             PET2 ESMF_FieldRedistStoreNF(): Leaving routine.
20211109 023011.190 INFO             PET2 ESMF_FieldRedistStoreNF(): Just entered routine.
20211109 023011.191 INFO             PET2 ESMF_FieldRedistStoreNF(): Leaving routine.
20211109 023011.191 INFO             PET2  NUMBER_OF_PROCESSORS           4
20211109 023011.191 INFO             PET2  PASS  Example ESMF_FieldRedistEx, ESMF_FieldRedistEx.F90, line 521
20211109 023011.191 INFO             PET2 Finalizing ESMF
20211109 023011.174 INFO             PET3 !!!!!!!!!!!!!!!!!!!!!!!!!!!!!!!!!!!!!!!!!!!!!!!!!!!!!!
20211109 023011.174 INFO             PET3 !!! THE ESMF_LOG IS SET TO OUTPUT ALL LOG MESSAGES !!!
20211109 023011.174 INFO             PET3 !!!     THIS MAY CAUSE SLOWDOWN IN PERFORMANCE     !!!
20211109 023011.174 INFO             PET3 !!! FOR PRODUCTION RUNS, USE:                      !!!
20211109 023011.174 INFO             PET3 !!!                   ESMF_LOGKIND_Multi_On_Error  !!!
20211109 023011.174 INFO             PET3 !!!!!!!!!!!!!!!!!!!!!!!!!!!!!!!!!!!!!!!!!!!!!!!!!!!!!!
20211109 023011.174 INFO             PET3 Running with ESMF Version   : ESMF_8_3_0_beta_snapshot_02-1-gd594fca699
20211109 023011.174 INFO             PET3 ESMF library build date/time: "Nov  9 2021" "01:55:16"
20211109 023011.174 INFO             PET3 ESMF library build location : /gpfsm/dnb04/projects/p98/mpotts/esmf/intel_2020_intelmpi_g_develop
20211109 023011.174 INFO             PET3 ESMF_COMM                   : intelmpi
20211109 023011.175 INFO             PET3 ESMF_MOAB                   : enabled
20211109 023011.175 INFO             PET3 ESMF_LAPACK                 : enabled
20211109 023011.175 INFO             PET3 ESMF_NETCDF                 : enabled
20211109 023011.175 INFO             PET3 ESMF_PNETCDF                : disabled
20211109 023011.175 INFO             PET3 ESMF_PIO                    : enabled
20211109 023011.175 INFO             PET3 ESMF_YAMLCPP                : enabled
20211109 023011.179 INFO             PET3 ESMF_FieldRedistStoreNF(): Just entered routine.
20211109 023011.182 INFO             PET3 ESMF_FieldRedistStoreNF(): Leaving routine.
20211109 023011.188 INFO             PET3 ESMF_FieldRedistStoreNF(): Just entered routine.
20211109 023011.189 INFO             PET3 ESMF_FieldRedistStoreNF(): Leaving routine.
20211109 023011.190 INFO             PET3 ESMF_FieldRedistStoreNF(): Just entered routine.
20211109 023011.191 INFO             PET3 ESMF_FieldRedistStoreNF(): Leaving routine.
20211109 023011.191 INFO             PET3  NUMBER_OF_PROCESSORS           4
20211109 023011.191 INFO             PET3  PASS  Example ESMF_FieldRedistEx, ESMF_FieldRedistEx.F90, line 521
20211109 023011.191 INFO             PET3 Finalizing ESMF
