build time -- 2021-10-29 01:11:00.081030
20211029 013204.737 INFO             PET0 !!!!!!!!!!!!!!!!!!!!!!!!!!!!!!!!!!!!!!!!!!!!!!!!!!!!!!
20211029 013204.737 INFO             PET0 !!! THE ESMF_LOG IS SET TO OUTPUT ALL LOG MESSAGES !!!
20211029 013204.737 INFO             PET0 !!!     THIS MAY CAUSE SLOWDOWN IN PERFORMANCE     !!!
20211029 013204.737 INFO             PET0 !!! FOR PRODUCTION RUNS, USE:                      !!!
20211029 013204.737 INFO             PET0 !!!                   ESMF_LOGKIND_Multi_On_Error  !!!
20211029 013204.737 INFO             PET0 !!!!!!!!!!!!!!!!!!!!!!!!!!!!!!!!!!!!!!!!!!!!!!!!!!!!!!
20211029 013204.737 INFO             PET0 Running with ESMF Version   : ESMF_8_2_0
20211029 013204.737 INFO             PET0 ESMF library build date/time: "Oct 29 2021" "01:09:25"
20211029 013204.737 INFO             PET0 ESMF library build location : /gpfsm/dnb04/projects/p98/mpotts/esmf/intel_2020_mpt_O_main
20211029 013204.737 INFO             PET0 ESMF_COMM                   : mpt
20211029 013204.737 INFO             PET0 ESMF_MOAB                   : enabled
20211029 013204.737 INFO             PET0 ESMF_LAPACK                 : enabled
20211029 013204.737 INFO             PET0 ESMF_NETCDF                 : enabled
20211029 013204.737 INFO             PET0 ESMF_PNETCDF                : disabled
20211029 013204.737 INFO             PET0 ESMF_PIO                    : enabled
20211029 013204.737 INFO             PET0 ESMF_YAMLCPP                : enabled
20211029 013204.738 INFO             PET0  NUMBER_OF_PROCESSORS           4
20211029 013204.738 INFO             PET0  PASS  Example ESMF_VMUserMpiCommMultiEx, ESMF_VMUserMpiCommMultiEx.F90, line 126
20211029 013204.738 INFO             PET0 Finalizing ESMF
20211029 013204.736 INFO             PET0 !!!!!!!!!!!!!!!!!!!!!!!!!!!!!!!!!!!!!!!!!!!!!!!!!!!!!!
20211029 013204.736 INFO             PET0 !!! THE ESMF_LOG IS SET TO OUTPUT ALL LOG MESSAGES !!!
20211029 013204.736 INFO             PET0 !!!     THIS MAY CAUSE SLOWDOWN IN PERFORMANCE     !!!
20211029 013204.736 INFO             PET0 !!! FOR PRODUCTION RUNS, USE:                      !!!
20211029 013204.736 INFO             PET0 !!!                   ESMF_LOGKIND_Multi_On_Error  !!!
20211029 013204.736 INFO             PET0 !!!!!!!!!!!!!!!!!!!!!!!!!!!!!!!!!!!!!!!!!!!!!!!!!!!!!!
20211029 013204.736 INFO             PET0 Running with ESMF Version   : ESMF_8_2_0
20211029 013204.736 INFO             PET0 ESMF library build date/time: "Oct 29 2021" "01:09:25"
20211029 013204.736 INFO             PET0 ESMF library build location : /gpfsm/dnb04/projects/p98/mpotts/esmf/intel_2020_mpt_O_main
20211029 013204.736 INFO             PET0 ESMF_COMM                   : mpt
20211029 013204.737 INFO             PET0 ESMF_MOAB                   : enabled
20211029 013204.737 INFO             PET0 ESMF_LAPACK                 : enabled
20211029 013204.737 INFO             PET0 ESMF_NETCDF                 : enabled
20211029 013204.737 INFO             PET0 ESMF_PNETCDF                : disabled
20211029 013204.737 INFO             PET0 ESMF_PIO                    : enabled
20211029 013204.737 INFO             PET0 ESMF_YAMLCPP                : enabled
20211029 013204.738 INFO             PET0  NUMBER_OF_PROCESSORS           4
20211029 013204.738 INFO             PET0  PASS  Example ESMF_VMUserMpiCommMultiEx, ESMF_VMUserMpiCommMultiEx.F90, line 154
20211029 013204.738 INFO             PET0 Finalizing ESMF
20211029 013204.737 INFO             PET1 !!!!!!!!!!!!!!!!!!!!!!!!!!!!!!!!!!!!!!!!!!!!!!!!!!!!!!
20211029 013204.737 INFO             PET1 !!! THE ESMF_LOG IS SET TO OUTPUT ALL LOG MESSAGES !!!
20211029 013204.737 INFO             PET1 !!!     THIS MAY CAUSE SLOWDOWN IN PERFORMANCE     !!!
20211029 013204.737 INFO             PET1 !!! FOR PRODUCTION RUNS, USE:                      !!!
20211029 013204.737 INFO             PET1 !!!                   ESMF_LOGKIND_Multi_On_Error  !!!
20211029 013204.737 INFO             PET1 !!!!!!!!!!!!!!!!!!!!!!!!!!!!!!!!!!!!!!!!!!!!!!!!!!!!!!
20211029 013204.737 INFO             PET1 Running with ESMF Version   : ESMF_8_2_0
20211029 013204.737 INFO             PET1 ESMF library build date/time: "Oct 29 2021" "01:09:25"
20211029 013204.737 INFO             PET1 ESMF library build location : /gpfsm/dnb04/projects/p98/mpotts/esmf/intel_2020_mpt_O_main
20211029 013204.737 INFO             PET1 ESMF_COMM                   : mpt
20211029 013204.738 INFO             PET1 ESMF_MOAB                   : enabled
20211029 013204.738 INFO             PET1 ESMF_LAPACK                 : enabled
20211029 013204.738 INFO             PET1 ESMF_NETCDF                 : enabled
20211029 013204.738 INFO             PET1 ESMF_PNETCDF                : disabled
20211029 013204.738 INFO             PET1 ESMF_PIO                    : enabled
20211029 013204.738 INFO             PET1 ESMF_YAMLCPP                : enabled
20211029 013204.738 INFO             PET1  NUMBER_OF_PROCESSORS           4
20211029 013204.738 INFO             PET1  PASS  Example ESMF_VMUserMpiCommMultiEx, ESMF_VMUserMpiCommMultiEx.F90, line 126
20211029 013204.738 INFO             PET1 Finalizing ESMF
20211029 013204.737 INFO             PET1 !!!!!!!!!!!!!!!!!!!!!!!!!!!!!!!!!!!!!!!!!!!!!!!!!!!!!!
20211029 013204.737 INFO             PET1 !!! THE ESMF_LOG IS SET TO OUTPUT ALL LOG MESSAGES !!!
20211029 013204.737 INFO             PET1 !!!     THIS MAY CAUSE SLOWDOWN IN PERFORMANCE     !!!
20211029 013204.737 INFO             PET1 !!! FOR PRODUCTION RUNS, USE:                      !!!
20211029 013204.737 INFO             PET1 !!!                   ESMF_LOGKIND_Multi_On_Error  !!!
20211029 013204.737 INFO             PET1 !!!!!!!!!!!!!!!!!!!!!!!!!!!!!!!!!!!!!!!!!!!!!!!!!!!!!!
20211029 013204.737 INFO             PET1 Running with ESMF Version   : ESMF_8_2_0
20211029 013204.737 INFO             PET1 ESMF library build date/time: "Oct 29 2021" "01:09:25"
20211029 013204.737 INFO             PET1 ESMF library build location : /gpfsm/dnb04/projects/p98/mpotts/esmf/intel_2020_mpt_O_main
20211029 013204.737 INFO             PET1 ESMF_COMM                   : mpt
20211029 013204.738 INFO             PET1 ESMF_MOAB                   : enabled
20211029 013204.738 INFO             PET1 ESMF_LAPACK                 : enabled
20211029 013204.738 INFO             PET1 ESMF_NETCDF                 : enabled
20211029 013204.738 INFO             PET1 ESMF_PNETCDF                : disabled
20211029 013204.738 INFO             PET1 ESMF_PIO                    : enabled
20211029 013204.738 INFO             PET1 ESMF_YAMLCPP                : enabled
20211029 013204.738 INFO             PET1  NUMBER_OF_PROCESSORS           4
20211029 013204.738 INFO             PET1  PASS  Example ESMF_VMUserMpiCommMultiEx, ESMF_VMUserMpiCommMultiEx.F90, line 154
20211029 013204.738 INFO             PET1 Finalizing ESMF
