Tue Dec 7 03:31:35 CST 2021
---------------------------------------------------------------------------
Tue Dec  7 03:29:36 CST 2021
STARTING: AsyncIOBlockingProto
rm -f PET*.ESMF_LogFile *.nc *.stdout
rm -f asyncIOApp *.o *.mod
mpifort -c -g -Wall -Wextra -Wconversion -Wno-unused -Wno-unused-dummy-argument -fbacktrace -fimplicit-none -fcheck=all,no-pointer -fPIC  -m64 -mcmodel=small -pthread -ffree-line-length-none  -fopenmp -I/work/noaa/da/mpotts/sandbox/gfortran_8.3.0_openmpi_g_develop/DEFAULTINSTALLDIR/mod/modg/Linux.gfortran.64.openmpi.default -I/work/noaa/da/mpotts/sandbox/gfortran_8.3.0_openmpi_g_develop/DEFAULTINSTALLDIR/include -I/apps/gcc-8/netcdf-4.7.2/include -I/apps/gcc-8/netcdf-4.7.2/include  -DESMF_NO_INTEGER_1_BYTE -DESMF_NO_INTEGER_2_BYTE -DESMF_VERSION_STRING_GIT='ESMF_8_3_0_beta_snapshot_04-7-gc7b07b1' -DESMF_MOAB=1 -DESMF_LAPACK=1 -DESMF_LAPACK_INTERNAL=1 -DESMF_NO_ACC_SOFTWARE_STACK=1 -DESMF_NETCDF=1 -DESMF_YAMLCPP=1 -DESMF_YAML=1 -DESMF_PIO=1 -DESMF_MPIIO -DESMF_NO_OPENACC -DESMF_TESTEXHAUSTIVE -DESMF_BOPT_g -DESMF_TESTCOMPTUNNEL -DESMF_TESTWITHTHREADS -DSx86_64_small=1 -DESMF_OS_Linux=1 -DESMF_COMM=openmpi -DESMF_DIR=/work/noaa/da/mpotts/sandbox/gfortran_8.3.0_openmpi_g_develop model.F90
mpifort -c -g -Wall -Wextra -Wconversion -Wno-unused -Wno-unused-dummy-argument -fbacktrace -fimplicit-none -fcheck=all,no-pointer -fPIC  -m64 -mcmodel=small -pthread -ffree-line-length-none  -fopenmp -I/work/noaa/da/mpotts/sandbox/gfortran_8.3.0_openmpi_g_develop/DEFAULTINSTALLDIR/mod/modg/Linux.gfortran.64.openmpi.default -I/work/noaa/da/mpotts/sandbox/gfortran_8.3.0_openmpi_g_develop/DEFAULTINSTALLDIR/include -I/apps/gcc-8/netcdf-4.7.2/include -I/apps/gcc-8/netcdf-4.7.2/include  -DESMF_NO_INTEGER_1_BYTE -DESMF_NO_INTEGER_2_BYTE -DESMF_VERSION_STRING_GIT='ESMF_8_3_0_beta_snapshot_04-7-gc7b07b1' -DESMF_MOAB=1 -DESMF_LAPACK=1 -DESMF_LAPACK_INTERNAL=1 -DESMF_NO_ACC_SOFTWARE_STACK=1 -DESMF_NETCDF=1 -DESMF_YAMLCPP=1 -DESMF_YAML=1 -DESMF_PIO=1 -DESMF_MPIIO -DESMF_NO_OPENACC -DESMF_TESTEXHAUSTIVE -DESMF_BOPT_g -DESMF_TESTCOMPTUNNEL -DESMF_TESTWITHTHREADS -DSx86_64_small=1 -DESMF_OS_Linux=1 -DESMF_COMM=openmpi -DESMF_DIR=/work/noaa/da/mpotts/sandbox/gfortran_8.3.0_openmpi_g_develop io.F90
mpifort -c -g -Wall -Wextra -Wconversion -Wno-unused -Wno-unused-dummy-argument -fbacktrace -fimplicit-none -fcheck=all,no-pointer -fPIC  -m64 -mcmodel=small -pthread -ffree-line-length-none  -fopenmp -I/work/noaa/da/mpotts/sandbox/gfortran_8.3.0_openmpi_g_develop/DEFAULTINSTALLDIR/mod/modg/Linux.gfortran.64.openmpi.default -I/work/noaa/da/mpotts/sandbox/gfortran_8.3.0_openmpi_g_develop/DEFAULTINSTALLDIR/include -I/apps/gcc-8/netcdf-4.7.2/include -I/apps/gcc-8/netcdf-4.7.2/include  -DESMF_NO_INTEGER_1_BYTE -DESMF_NO_INTEGER_2_BYTE -DESMF_VERSION_STRING_GIT='ESMF_8_3_0_beta_snapshot_04-7-gc7b07b1' -DESMF_MOAB=1 -DESMF_LAPACK=1 -DESMF_LAPACK_INTERNAL=1 -DESMF_NO_ACC_SOFTWARE_STACK=1 -DESMF_NETCDF=1 -DESMF_YAMLCPP=1 -DESMF_YAML=1 -DESMF_PIO=1 -DESMF_MPIIO -DESMF_NO_OPENACC -DESMF_TESTEXHAUSTIVE -DESMF_BOPT_g -DESMF_TESTCOMPTUNNEL -DESMF_TESTWITHTHREADS -DSx86_64_small=1 -DESMF_OS_Linux=1 -DESMF_COMM=openmpi -DESMF_DIR=/work/noaa/da/mpotts/sandbox/gfortran_8.3.0_openmpi_g_develop asyncIODriver.F90
mpifort -c -g -Wall -Wextra -Wconversion -Wno-unused -Wno-unused-dummy-argument -fbacktrace -fimplicit-none -fcheck=all,no-pointer -fPIC  -m64 -mcmodel=small -pthread -ffree-line-length-none  -fopenmp -I/work/noaa/da/mpotts/sandbox/gfortran_8.3.0_openmpi_g_develop/DEFAULTINSTALLDIR/mod/modg/Linux.gfortran.64.openmpi.default -I/work/noaa/da/mpotts/sandbox/gfortran_8.3.0_openmpi_g_develop/DEFAULTINSTALLDIR/include -I/apps/gcc-8/netcdf-4.7.2/include -I/apps/gcc-8/netcdf-4.7.2/include  -DESMF_NO_INTEGER_1_BYTE -DESMF_NO_INTEGER_2_BYTE -DESMF_VERSION_STRING_GIT='ESMF_8_3_0_beta_snapshot_04-7-gc7b07b1' -DESMF_MOAB=1 -DESMF_LAPACK=1 -DESMF_LAPACK_INTERNAL=1 -DESMF_NO_ACC_SOFTWARE_STACK=1 -DESMF_NETCDF=1 -DESMF_YAMLCPP=1 -DESMF_YAML=1 -DESMF_PIO=1 -DESMF_MPIIO -DESMF_NO_OPENACC -DESMF_TESTEXHAUSTIVE -DESMF_BOPT_g -DESMF_TESTCOMPTUNNEL -DESMF_TESTWITHTHREADS -DSx86_64_small=1 -DESMF_OS_Linux=1 -DESMF_COMM=openmpi -DESMF_DIR=/work/noaa/da/mpotts/sandbox/gfortran_8.3.0_openmpi_g_develop asyncIOApp.F90
mpifort -m64 -mcmodel=small -pthread -Wl,--no-as-needed  -fopenmp -L/work/noaa/da/mpotts/sandbox/gfortran_8.3.0_openmpi_g_develop/DEFAULTINSTALLDIR/lib/libg/Linux.gfortran.64.openmpi.default -L/apps/gcc-8/netcdf-4.7.2/lib -L/apps/gcc-8/netcdf-4.7.2/lib -L/apps/gcc-8/hdf5-1.10.5/lib -L/apps/gcc-8/netcdf-4.7.2/lib -L/usr/lib64 -L/apps/gcc-8/gcc-8.3.0/lib/gcc/x86_64-pc-linux-gnu/8.3.0/../../../../lib64/ -Wl,-rpath,/work/noaa/da/mpotts/sandbox/gfortran_8.3.0_openmpi_g_develop/DEFAULTINSTALLDIR/lib/libg/Linux.gfortran.64.openmpi.default -Wl,-rpath,/apps/gcc-8/netcdf-4.7.2/lib -Wl,-rpath,/apps/gcc-8/netcdf-4.7.2/lib -Wl,-rpath,/apps/gcc-8/hdf5-1.10.5/lib -Wl,-rpath,/apps/gcc-8/netcdf-4.7.2/lib -Wl,-rpath,/usr/lib64 -Wl,-rpath,/apps/gcc-8/gcc-8.3.0/lib/gcc/x86_64-pc-linux-gnu/8.3.0/../../../../lib64/ -o asyncIOApp asyncIOApp.o asyncIODriver.o model.o io.o -lesmf   -lrt -lstdc++ -ldl -lnetcdf -lnetcdff -lnetcdf -lnetcdf
+ mpirun -np 4 ./asyncIOApp
+ local result=0
+ set +x
FINISHED: AsyncIOBlockingProto
Tue Dec  7 03:29:46 CST 2021
---------------------------------------------------------------------------

---------------------------------------------------------------------------
Tue Dec  7 03:29:46 CST 2021
STARTING: AsyncIONonblockingProto
rm -f PET*.ESMF_LogFile *.nc *.stdout
rm -f asyncIOApp *.o *.mod
mpifort -c -g -Wall -Wextra -Wconversion -Wno-unused -Wno-unused-dummy-argument -fbacktrace -fimplicit-none -fcheck=all,no-pointer -fPIC  -m64 -mcmodel=small -pthread -ffree-line-length-none  -fopenmp -I/work/noaa/da/mpotts/sandbox/gfortran_8.3.0_openmpi_g_develop/DEFAULTINSTALLDIR/mod/modg/Linux.gfortran.64.openmpi.default -I/work/noaa/da/mpotts/sandbox/gfortran_8.3.0_openmpi_g_develop/DEFAULTINSTALLDIR/include -I/apps/gcc-8/netcdf-4.7.2/include -I/apps/gcc-8/netcdf-4.7.2/include  -DESMF_NO_INTEGER_1_BYTE -DESMF_NO_INTEGER_2_BYTE -DESMF_VERSION_STRING_GIT='ESMF_8_3_0_beta_snapshot_04-7-gc7b07b1' -DESMF_MOAB=1 -DESMF_LAPACK=1 -DESMF_LAPACK_INTERNAL=1 -DESMF_NO_ACC_SOFTWARE_STACK=1 -DESMF_NETCDF=1 -DESMF_YAMLCPP=1 -DESMF_YAML=1 -DESMF_PIO=1 -DESMF_MPIIO -DESMF_NO_OPENACC -DESMF_TESTEXHAUSTIVE -DESMF_BOPT_g -DESMF_TESTCOMPTUNNEL -DESMF_TESTWITHTHREADS -DSx86_64_small=1 -DESMF_OS_Linux=1 -DESMF_COMM=openmpi -DESMF_DIR=/work/noaa/da/mpotts/sandbox/gfortran_8.3.0_openmpi_g_develop model.F90
mpifort -c -g -Wall -Wextra -Wconversion -Wno-unused -Wno-unused-dummy-argument -fbacktrace -fimplicit-none -fcheck=all,no-pointer -fPIC  -m64 -mcmodel=small -pthread -ffree-line-length-none  -fopenmp -I/work/noaa/da/mpotts/sandbox/gfortran_8.3.0_openmpi_g_develop/DEFAULTINSTALLDIR/mod/modg/Linux.gfortran.64.openmpi.default -I/work/noaa/da/mpotts/sandbox/gfortran_8.3.0_openmpi_g_develop/DEFAULTINSTALLDIR/include -I/apps/gcc-8/netcdf-4.7.2/include -I/apps/gcc-8/netcdf-4.7.2/include  -DESMF_NO_INTEGER_1_BYTE -DESMF_NO_INTEGER_2_BYTE -DESMF_VERSION_STRING_GIT='ESMF_8_3_0_beta_snapshot_04-7-gc7b07b1' -DESMF_MOAB=1 -DESMF_LAPACK=1 -DESMF_LAPACK_INTERNAL=1 -DESMF_NO_ACC_SOFTWARE_STACK=1 -DESMF_NETCDF=1 -DESMF_YAMLCPP=1 -DESMF_YAML=1 -DESMF_PIO=1 -DESMF_MPIIO -DESMF_NO_OPENACC -DESMF_TESTEXHAUSTIVE -DESMF_BOPT_g -DESMF_TESTCOMPTUNNEL -DESMF_TESTWITHTHREADS -DSx86_64_small=1 -DESMF_OS_Linux=1 -DESMF_COMM=openmpi -DESMF_DIR=/work/noaa/da/mpotts/sandbox/gfortran_8.3.0_openmpi_g_develop io.F90
mpifort -c -g -Wall -Wextra -Wconversion -Wno-unused -Wno-unused-dummy-argument -fbacktrace -fimplicit-none -fcheck=all,no-pointer -fPIC  -m64 -mcmodel=small -pthread -ffree-line-length-none  -fopenmp -I/work/noaa/da/mpotts/sandbox/gfortran_8.3.0_openmpi_g_develop/DEFAULTINSTALLDIR/mod/modg/Linux.gfortran.64.openmpi.default -I/work/noaa/da/mpotts/sandbox/gfortran_8.3.0_openmpi_g_develop/DEFAULTINSTALLDIR/include -I/apps/gcc-8/netcdf-4.7.2/include -I/apps/gcc-8/netcdf-4.7.2/include  -DESMF_NO_INTEGER_1_BYTE -DESMF_NO_INTEGER_2_BYTE -DESMF_VERSION_STRING_GIT='ESMF_8_3_0_beta_snapshot_04-7-gc7b07b1' -DESMF_MOAB=1 -DESMF_LAPACK=1 -DESMF_LAPACK_INTERNAL=1 -DESMF_NO_ACC_SOFTWARE_STACK=1 -DESMF_NETCDF=1 -DESMF_YAMLCPP=1 -DESMF_YAML=1 -DESMF_PIO=1 -DESMF_MPIIO -DESMF_NO_OPENACC -DESMF_TESTEXHAUSTIVE -DESMF_BOPT_g -DESMF_TESTCOMPTUNNEL -DESMF_TESTWITHTHREADS -DSx86_64_small=1 -DESMF_OS_Linux=1 -DESMF_COMM=openmpi -DESMF_DIR=/work/noaa/da/mpotts/sandbox/gfortran_8.3.0_openmpi_g_develop conn.F90
mpifort -c -g -Wall -Wextra -Wconversion -Wno-unused -Wno-unused-dummy-argument -fbacktrace -fimplicit-none -fcheck=all,no-pointer -fPIC  -m64 -mcmodel=small -pthread -ffree-line-length-none  -fopenmp -I/work/noaa/da/mpotts/sandbox/gfortran_8.3.0_openmpi_g_develop/DEFAULTINSTALLDIR/mod/modg/Linux.gfortran.64.openmpi.default -I/work/noaa/da/mpotts/sandbox/gfortran_8.3.0_openmpi_g_develop/DEFAULTINSTALLDIR/include -I/apps/gcc-8/netcdf-4.7.2/include -I/apps/gcc-8/netcdf-4.7.2/include  -DESMF_NO_INTEGER_1_BYTE -DESMF_NO_INTEGER_2_BYTE -DESMF_VERSION_STRING_GIT='ESMF_8_3_0_beta_snapshot_04-7-gc7b07b1' -DESMF_MOAB=1 -DESMF_LAPACK=1 -DESMF_LAPACK_INTERNAL=1 -DESMF_NO_ACC_SOFTWARE_STACK=1 -DESMF_NETCDF=1 -DESMF_YAMLCPP=1 -DESMF_YAML=1 -DESMF_PIO=1 -DESMF_MPIIO -DESMF_NO_OPENACC -DESMF_TESTEXHAUSTIVE -DESMF_BOPT_g -DESMF_TESTCOMPTUNNEL -DESMF_TESTWITHTHREADS -DSx86_64_small=1 -DESMF_OS_Linux=1 -DESMF_COMM=openmpi -DESMF_DIR=/work/noaa/da/mpotts/sandbox/gfortran_8.3.0_openmpi_g_develop asyncIODriver.F90
mpifort -c -g -Wall -Wextra -Wconversion -Wno-unused -Wno-unused-dummy-argument -fbacktrace -fimplicit-none -fcheck=all,no-pointer -fPIC  -m64 -mcmodel=small -pthread -ffree-line-length-none  -fopenmp -I/work/noaa/da/mpotts/sandbox/gfortran_8.3.0_openmpi_g_develop/DEFAULTINSTALLDIR/mod/modg/Linux.gfortran.64.openmpi.default -I/work/noaa/da/mpotts/sandbox/gfortran_8.3.0_openmpi_g_develop/DEFAULTINSTALLDIR/include -I/apps/gcc-8/netcdf-4.7.2/include -I/apps/gcc-8/netcdf-4.7.2/include  -DESMF_NO_INTEGER_1_BYTE -DESMF_NO_INTEGER_2_BYTE -DESMF_VERSION_STRING_GIT='ESMF_8_3_0_beta_snapshot_04-7-gc7b07b1' -DESMF_MOAB=1 -DESMF_LAPACK=1 -DESMF_LAPACK_INTERNAL=1 -DESMF_NO_ACC_SOFTWARE_STACK=1 -DESMF_NETCDF=1 -DESMF_YAMLCPP=1 -DESMF_YAML=1 -DESMF_PIO=1 -DESMF_MPIIO -DESMF_NO_OPENACC -DESMF_TESTEXHAUSTIVE -DESMF_BOPT_g -DESMF_TESTCOMPTUNNEL -DESMF_TESTWITHTHREADS -DSx86_64_small=1 -DESMF_OS_Linux=1 -DESMF_COMM=openmpi -DESMF_DIR=/work/noaa/da/mpotts/sandbox/gfortran_8.3.0_openmpi_g_develop asyncIOApp.F90
mpifort -m64 -mcmodel=small -pthread -Wl,--no-as-needed  -fopenmp -L/work/noaa/da/mpotts/sandbox/gfortran_8.3.0_openmpi_g_develop/DEFAULTINSTALLDIR/lib/libg/Linux.gfortran.64.openmpi.default -L/apps/gcc-8/netcdf-4.7.2/lib -L/apps/gcc-8/netcdf-4.7.2/lib -L/apps/gcc-8/hdf5-1.10.5/lib -L/apps/gcc-8/netcdf-4.7.2/lib -L/usr/lib64 -L/apps/gcc-8/gcc-8.3.0/lib/gcc/x86_64-pc-linux-gnu/8.3.0/../../../../lib64/ -Wl,-rpath,/work/noaa/da/mpotts/sandbox/gfortran_8.3.0_openmpi_g_develop/DEFAULTINSTALLDIR/lib/libg/Linux.gfortran.64.openmpi.default -Wl,-rpath,/apps/gcc-8/netcdf-4.7.2/lib -Wl,-rpath,/apps/gcc-8/netcdf-4.7.2/lib -Wl,-rpath,/apps/gcc-8/hdf5-1.10.5/lib -Wl,-rpath,/apps/gcc-8/netcdf-4.7.2/lib -Wl,-rpath,/usr/lib64 -Wl,-rpath,/apps/gcc-8/gcc-8.3.0/lib/gcc/x86_64-pc-linux-gnu/8.3.0/../../../../lib64/ -o asyncIOApp asyncIOApp.o asyncIODriver.o model.o io.o conn.o -lesmf   -lrt -lstdc++ -ldl -lnetcdf -lnetcdff -lnetcdf -lnetcdf
+ mpirun -np 4 ./asyncIOApp
+ local result=0
+ set +x
FINISHED: AsyncIONonblockingProto
Tue Dec  7 03:29:59 CST 2021
---------------------------------------------------------------------------

---------------------------------------------------------------------------
Tue Dec  7 03:29:59 CST 2021
STARTING: AtmOcnConOptsProto
rm -rf PET*.ESMF_LogFile traceout *.nc *.stdout
rm -f esmApp *.o *.mod
mpifort -c -g -Wall -Wextra -Wconversion -Wno-unused -Wno-unused-dummy-argument -fbacktrace -fimplicit-none -fcheck=all,no-pointer -fPIC  -m64 -mcmodel=small -pthread -ffree-line-length-none  -fopenmp -I/work/noaa/da/mpotts/sandbox/gfortran_8.3.0_openmpi_g_develop/DEFAULTINSTALLDIR/mod/modg/Linux.gfortran.64.openmpi.default -I/work/noaa/da/mpotts/sandbox/gfortran_8.3.0_openmpi_g_develop/DEFAULTINSTALLDIR/include -I/apps/gcc-8/netcdf-4.7.2/include -I/apps/gcc-8/netcdf-4.7.2/include  -DESMF_NO_INTEGER_1_BYTE -DESMF_NO_INTEGER_2_BYTE -DESMF_VERSION_STRING_GIT='ESMF_8_3_0_beta_snapshot_04-7-gc7b07b1' -DESMF_MOAB=1 -DESMF_LAPACK=1 -DESMF_LAPACK_INTERNAL=1 -DESMF_NO_ACC_SOFTWARE_STACK=1 -DESMF_NETCDF=1 -DESMF_YAMLCPP=1 -DESMF_YAML=1 -DESMF_PIO=1 -DESMF_MPIIO -DESMF_NO_OPENACC -DESMF_TESTEXHAUSTIVE -DESMF_BOPT_g -DESMF_TESTCOMPTUNNEL -DESMF_TESTWITHTHREADS -DSx86_64_small=1 -DESMF_OS_Linux=1 -DESMF_COMM=openmpi -DESMF_DIR=/work/noaa/da/mpotts/sandbox/gfortran_8.3.0_openmpi_g_develop atm.F90
atm.F90:477:27:

         lclZero(1) = COUNT(farrayPtr(:,:).eq.zeroValue)
                           1
Warning: Equality comparison for REAL(8) at (1) [-Wcompare-reals]
atm.F90:478:30:

         lclMissing(1) = COUNT(farrayPtr(:,:).eq.missingValue)
                              1
Warning: Equality comparison for REAL(8) at (1) [-Wcompare-reals]
mpifort -c -g -Wall -Wextra -Wconversion -Wno-unused -Wno-unused-dummy-argument -fbacktrace -fimplicit-none -fcheck=all,no-pointer -fPIC  -m64 -mcmodel=small -pthread -ffree-line-length-none  -fopenmp -I/work/noaa/da/mpotts/sandbox/gfortran_8.3.0_openmpi_g_develop/DEFAULTINSTALLDIR/mod/modg/Linux.gfortran.64.openmpi.default -I/work/noaa/da/mpotts/sandbox/gfortran_8.3.0_openmpi_g_develop/DEFAULTINSTALLDIR/include -I/apps/gcc-8/netcdf-4.7.2/include -I/apps/gcc-8/netcdf-4.7.2/include  -DESMF_NO_INTEGER_1_BYTE -DESMF_NO_INTEGER_2_BYTE -DESMF_VERSION_STRING_GIT='ESMF_8_3_0_beta_snapshot_04-7-gc7b07b1' -DESMF_MOAB=1 -DESMF_LAPACK=1 -DESMF_LAPACK_INTERNAL=1 -DESMF_NO_ACC_SOFTWARE_STACK=1 -DESMF_NETCDF=1 -DESMF_YAMLCPP=1 -DESMF_YAML=1 -DESMF_PIO=1 -DESMF_MPIIO -DESMF_NO_OPENACC -DESMF_TESTEXHAUSTIVE -DESMF_BOPT_g -DESMF_TESTCOMPTUNNEL -DESMF_TESTWITHTHREADS -DSx86_64_small=1 -DESMF_OS_Linux=1 -DESMF_COMM=openmpi -DESMF_DIR=/work/noaa/da/mpotts/sandbox/gfortran_8.3.0_openmpi_g_develop ocn.F90
ocn.F90:496:27:

         lclZero(1) = COUNT(farrayPtr(:,:).eq.zeroValue)
                           1
Warning: Equality comparison for REAL(8) at (1) [-Wcompare-reals]
ocn.F90:497:30:

         lclMissing(1) = COUNT(farrayPtr(:,:).eq.missingValue)
                              1
Warning: Equality comparison for REAL(8) at (1) [-Wcompare-reals]
mpifort -c -g -Wall -Wextra -Wconversion -Wno-unused -Wno-unused-dummy-argument -fbacktrace -fimplicit-none -fcheck=all,no-pointer -fPIC  -m64 -mcmodel=small -pthread -ffree-line-length-none  -fopenmp -I/work/noaa/da/mpotts/sandbox/gfortran_8.3.0_openmpi_g_develop/DEFAULTINSTALLDIR/mod/modg/Linux.gfortran.64.openmpi.default -I/work/noaa/da/mpotts/sandbox/gfortran_8.3.0_openmpi_g_develop/DEFAULTINSTALLDIR/include -I/apps/gcc-8/netcdf-4.7.2/include -I/apps/gcc-8/netcdf-4.7.2/include  -DESMF_NO_INTEGER_1_BYTE -DESMF_NO_INTEGER_2_BYTE -DESMF_VERSION_STRING_GIT='ESMF_8_3_0_beta_snapshot_04-7-gc7b07b1' -DESMF_MOAB=1 -DESMF_LAPACK=1 -DESMF_LAPACK_INTERNAL=1 -DESMF_NO_ACC_SOFTWARE_STACK=1 -DESMF_NETCDF=1 -DESMF_YAMLCPP=1 -DESMF_YAML=1 -DESMF_PIO=1 -DESMF_MPIIO -DESMF_NO_OPENACC -DESMF_TESTEXHAUSTIVE -DESMF_BOPT_g -DESMF_TESTCOMPTUNNEL -DESMF_TESTWITHTHREADS -DSx86_64_small=1 -DESMF_OS_Linux=1 -DESMF_COMM=openmpi -DESMF_DIR=/work/noaa/da/mpotts/sandbox/gfortran_8.3.0_openmpi_g_develop esm.F90
mpifort -c -g -Wall -Wextra -Wconversion -Wno-unused -Wno-unused-dummy-argument -fbacktrace -fimplicit-none -fcheck=all,no-pointer -fPIC  -m64 -mcmodel=small -pthread -ffree-line-length-none  -fopenmp -I/work/noaa/da/mpotts/sandbox/gfortran_8.3.0_openmpi_g_develop/DEFAULTINSTALLDIR/mod/modg/Linux.gfortran.64.openmpi.default -I/work/noaa/da/mpotts/sandbox/gfortran_8.3.0_openmpi_g_develop/DEFAULTINSTALLDIR/include -I/apps/gcc-8/netcdf-4.7.2/include -I/apps/gcc-8/netcdf-4.7.2/include  -DESMF_NO_INTEGER_1_BYTE -DESMF_NO_INTEGER_2_BYTE -DESMF_VERSION_STRING_GIT='ESMF_8_3_0_beta_snapshot_04-7-gc7b07b1' -DESMF_MOAB=1 -DESMF_LAPACK=1 -DESMF_LAPACK_INTERNAL=1 -DESMF_NO_ACC_SOFTWARE_STACK=1 -DESMF_NETCDF=1 -DESMF_YAMLCPP=1 -DESMF_YAML=1 -DESMF_PIO=1 -DESMF_MPIIO -DESMF_NO_OPENACC -DESMF_TESTEXHAUSTIVE -DESMF_BOPT_g -DESMF_TESTCOMPTUNNEL -DESMF_TESTWITHTHREADS -DSx86_64_small=1 -DESMF_OS_Linux=1 -DESMF_COMM=openmpi -DESMF_DIR=/work/noaa/da/mpotts/sandbox/gfortran_8.3.0_openmpi_g_develop esmApp.F90
mpifort -m64 -mcmodel=small -pthread -Wl,--no-as-needed  -fopenmp -L/work/noaa/da/mpotts/sandbox/gfortran_8.3.0_openmpi_g_develop/DEFAULTINSTALLDIR/lib/libg/Linux.gfortran.64.openmpi.default -L/apps/gcc-8/netcdf-4.7.2/lib -L/apps/gcc-8/netcdf-4.7.2/lib -L/apps/gcc-8/hdf5-1.10.5/lib -L/apps/gcc-8/netcdf-4.7.2/lib -L/usr/lib64 -L/apps/gcc-8/gcc-8.3.0/lib/gcc/x86_64-pc-linux-gnu/8.3.0/../../../../lib64/ -Wl,-rpath,/work/noaa/da/mpotts/sandbox/gfortran_8.3.0_openmpi_g_develop/DEFAULTINSTALLDIR/lib/libg/Linux.gfortran.64.openmpi.default -Wl,-rpath,/apps/gcc-8/netcdf-4.7.2/lib -Wl,-rpath,/apps/gcc-8/netcdf-4.7.2/lib -Wl,-rpath,/apps/gcc-8/hdf5-1.10.5/lib -Wl,-rpath,/apps/gcc-8/netcdf-4.7.2/lib -Wl,-rpath,/usr/lib64 -Wl,-rpath,/apps/gcc-8/gcc-8.3.0/lib/gcc/x86_64-pc-linux-gnu/8.3.0/../../../../lib64/ -o esmApp esmApp.o esm.o atm.o ocn.o -lesmf   -lrt -lstdc++ -ldl -lnetcdf -lnetcdff -lnetcdf -lnetcdf
+ mpirun -np 4 ./esmApp
+ local result=0
+ set +x
FINISHED: AtmOcnConOptsProto
Tue Dec  7 03:30:06 CST 2021
---------------------------------------------------------------------------

---------------------------------------------------------------------------
Tue Dec  7 03:30:06 CST 2021
STARTING: AtmOcnConProto
rm -f PET*.ESMF_LogFile *.nc *.stdout
rm -f esmApp *.o *.mod
mpifort -c -g -Wall -Wextra -Wconversion -Wno-unused -Wno-unused-dummy-argument -fbacktrace -fimplicit-none -fcheck=all,no-pointer -fPIC  -m64 -mcmodel=small -pthread -ffree-line-length-none  -fopenmp -I/work/noaa/da/mpotts/sandbox/gfortran_8.3.0_openmpi_g_develop/DEFAULTINSTALLDIR/mod/modg/Linux.gfortran.64.openmpi.default -I/work/noaa/da/mpotts/sandbox/gfortran_8.3.0_openmpi_g_develop/DEFAULTINSTALLDIR/include -I/apps/gcc-8/netcdf-4.7.2/include -I/apps/gcc-8/netcdf-4.7.2/include  -DESMF_NO_INTEGER_1_BYTE -DESMF_NO_INTEGER_2_BYTE -DESMF_VERSION_STRING_GIT='ESMF_8_3_0_beta_snapshot_04-7-gc7b07b1' -DESMF_MOAB=1 -DESMF_LAPACK=1 -DESMF_LAPACK_INTERNAL=1 -DESMF_NO_ACC_SOFTWARE_STACK=1 -DESMF_NETCDF=1 -DESMF_YAMLCPP=1 -DESMF_YAML=1 -DESMF_PIO=1 -DESMF_MPIIO -DESMF_NO_OPENACC -DESMF_TESTEXHAUSTIVE -DESMF_BOPT_g -DESMF_TESTCOMPTUNNEL -DESMF_TESTWITHTHREADS -DSx86_64_small=1 -DESMF_OS_Linux=1 -DESMF_COMM=openmpi -DESMF_DIR=/work/noaa/da/mpotts/sandbox/gfortran_8.3.0_openmpi_g_develop atm.F90
mpifort -c -g -Wall -Wextra -Wconversion -Wno-unused -Wno-unused-dummy-argument -fbacktrace -fimplicit-none -fcheck=all,no-pointer -fPIC  -m64 -mcmodel=small -pthread -ffree-line-length-none  -fopenmp -I/work/noaa/da/mpotts/sandbox/gfortran_8.3.0_openmpi_g_develop/DEFAULTINSTALLDIR/mod/modg/Linux.gfortran.64.openmpi.default -I/work/noaa/da/mpotts/sandbox/gfortran_8.3.0_openmpi_g_develop/DEFAULTINSTALLDIR/include -I/apps/gcc-8/netcdf-4.7.2/include -I/apps/gcc-8/netcdf-4.7.2/include  -DESMF_NO_INTEGER_1_BYTE -DESMF_NO_INTEGER_2_BYTE -DESMF_VERSION_STRING_GIT='ESMF_8_3_0_beta_snapshot_04-7-gc7b07b1' -DESMF_MOAB=1 -DESMF_LAPACK=1 -DESMF_LAPACK_INTERNAL=1 -DESMF_NO_ACC_SOFTWARE_STACK=1 -DESMF_NETCDF=1 -DESMF_YAMLCPP=1 -DESMF_YAML=1 -DESMF_PIO=1 -DESMF_MPIIO -DESMF_NO_OPENACC -DESMF_TESTEXHAUSTIVE -DESMF_BOPT_g -DESMF_TESTCOMPTUNNEL -DESMF_TESTWITHTHREADS -DSx86_64_small=1 -DESMF_OS_Linux=1 -DESMF_COMM=openmpi -DESMF_DIR=/work/noaa/da/mpotts/sandbox/gfortran_8.3.0_openmpi_g_develop ocn.F90
mpifort -c -g -Wall -Wextra -Wconversion -Wno-unused -Wno-unused-dummy-argument -fbacktrace -fimplicit-none -fcheck=all,no-pointer -fPIC  -m64 -mcmodel=small -pthread -ffree-line-length-none  -fopenmp -I/work/noaa/da/mpotts/sandbox/gfortran_8.3.0_openmpi_g_develop/DEFAULTINSTALLDIR/mod/modg/Linux.gfortran.64.openmpi.default -I/work/noaa/da/mpotts/sandbox/gfortran_8.3.0_openmpi_g_develop/DEFAULTINSTALLDIR/include -I/apps/gcc-8/netcdf-4.7.2/include -I/apps/gcc-8/netcdf-4.7.2/include  -DESMF_NO_INTEGER_1_BYTE -DESMF_NO_INTEGER_2_BYTE -DESMF_VERSION_STRING_GIT='ESMF_8_3_0_beta_snapshot_04-7-gc7b07b1' -DESMF_MOAB=1 -DESMF_LAPACK=1 -DESMF_LAPACK_INTERNAL=1 -DESMF_NO_ACC_SOFTWARE_STACK=1 -DESMF_NETCDF=1 -DESMF_YAMLCPP=1 -DESMF_YAML=1 -DESMF_PIO=1 -DESMF_MPIIO -DESMF_NO_OPENACC -DESMF_TESTEXHAUSTIVE -DESMF_BOPT_g -DESMF_TESTCOMPTUNNEL -DESMF_TESTWITHTHREADS -DSx86_64_small=1 -DESMF_OS_Linux=1 -DESMF_COMM=openmpi -DESMF_DIR=/work/noaa/da/mpotts/sandbox/gfortran_8.3.0_openmpi_g_develop conn.F90
mpifort -c -g -Wall -Wextra -Wconversion -Wno-unused -Wno-unused-dummy-argument -fbacktrace -fimplicit-none -fcheck=all,no-pointer -fPIC  -m64 -mcmodel=small -pthread -ffree-line-length-none  -fopenmp -I/work/noaa/da/mpotts/sandbox/gfortran_8.3.0_openmpi_g_develop/DEFAULTINSTALLDIR/mod/modg/Linux.gfortran.64.openmpi.default -I/work/noaa/da/mpotts/sandbox/gfortran_8.3.0_openmpi_g_develop/DEFAULTINSTALLDIR/include -I/apps/gcc-8/netcdf-4.7.2/include -I/apps/gcc-8/netcdf-4.7.2/include  -DESMF_NO_INTEGER_1_BYTE -DESMF_NO_INTEGER_2_BYTE -DESMF_VERSION_STRING_GIT='ESMF_8_3_0_beta_snapshot_04-7-gc7b07b1' -DESMF_MOAB=1 -DESMF_LAPACK=1 -DESMF_LAPACK_INTERNAL=1 -DESMF_NO_ACC_SOFTWARE_STACK=1 -DESMF_NETCDF=1 -DESMF_YAMLCPP=1 -DESMF_YAML=1 -DESMF_PIO=1 -DESMF_MPIIO -DESMF_NO_OPENACC -DESMF_TESTEXHAUSTIVE -DESMF_BOPT_g -DESMF_TESTCOMPTUNNEL -DESMF_TESTWITHTHREADS -DSx86_64_small=1 -DESMF_OS_Linux=1 -DESMF_COMM=openmpi -DESMF_DIR=/work/noaa/da/mpotts/sandbox/gfortran_8.3.0_openmpi_g_develop esm.F90
mpifort -c -g -Wall -Wextra -Wconversion -Wno-unused -Wno-unused-dummy-argument -fbacktrace -fimplicit-none -fcheck=all,no-pointer -fPIC  -m64 -mcmodel=small -pthread -ffree-line-length-none  -fopenmp -I/work/noaa/da/mpotts/sandbox/gfortran_8.3.0_openmpi_g_develop/DEFAULTINSTALLDIR/mod/modg/Linux.gfortran.64.openmpi.default -I/work/noaa/da/mpotts/sandbox/gfortran_8.3.0_openmpi_g_develop/DEFAULTINSTALLDIR/include -I/apps/gcc-8/netcdf-4.7.2/include -I/apps/gcc-8/netcdf-4.7.2/include  -DESMF_NO_INTEGER_1_BYTE -DESMF_NO_INTEGER_2_BYTE -DESMF_VERSION_STRING_GIT='ESMF_8_3_0_beta_snapshot_04-7-gc7b07b1' -DESMF_MOAB=1 -DESMF_LAPACK=1 -DESMF_LAPACK_INTERNAL=1 -DESMF_NO_ACC_SOFTWARE_STACK=1 -DESMF_NETCDF=1 -DESMF_YAMLCPP=1 -DESMF_YAML=1 -DESMF_PIO=1 -DESMF_MPIIO -DESMF_NO_OPENACC -DESMF_TESTEXHAUSTIVE -DESMF_BOPT_g -DESMF_TESTCOMPTUNNEL -DESMF_TESTWITHTHREADS -DSx86_64_small=1 -DESMF_OS_Linux=1 -DESMF_COMM=openmpi -DESMF_DIR=/work/noaa/da/mpotts/sandbox/gfortran_8.3.0_openmpi_g_develop esmApp.F90
mpifort -m64 -mcmodel=small -pthread -Wl,--no-as-needed  -fopenmp -L/work/noaa/da/mpotts/sandbox/gfortran_8.3.0_openmpi_g_develop/DEFAULTINSTALLDIR/lib/libg/Linux.gfortran.64.openmpi.default -L/apps/gcc-8/netcdf-4.7.2/lib -L/apps/gcc-8/netcdf-4.7.2/lib -L/apps/gcc-8/hdf5-1.10.5/lib -L/apps/gcc-8/netcdf-4.7.2/lib -L/usr/lib64 -L/apps/gcc-8/gcc-8.3.0/lib/gcc/x86_64-pc-linux-gnu/8.3.0/../../../../lib64/ -Wl,-rpath,/work/noaa/da/mpotts/sandbox/gfortran_8.3.0_openmpi_g_develop/DEFAULTINSTALLDIR/lib/libg/Linux.gfortran.64.openmpi.default -Wl,-rpath,/apps/gcc-8/netcdf-4.7.2/lib -Wl,-rpath,/apps/gcc-8/netcdf-4.7.2/lib -Wl,-rpath,/apps/gcc-8/hdf5-1.10.5/lib -Wl,-rpath,/apps/gcc-8/netcdf-4.7.2/lib -Wl,-rpath,/usr/lib64 -Wl,-rpath,/apps/gcc-8/gcc-8.3.0/lib/gcc/x86_64-pc-linux-gnu/8.3.0/../../../../lib64/ -o esmApp esmApp.o esm.o atm.o ocn.o conn.o -lesmf   -lrt -lstdc++ -ldl -lnetcdf -lnetcdff -lnetcdf -lnetcdf
+ mpirun -np 4 ./esmApp
+ local result=0
+ set +x
FINISHED: AtmOcnConProto
Tue Dec  7 03:30:13 CST 2021
---------------------------------------------------------------------------

---------------------------------------------------------------------------
Tue Dec  7 03:30:13 CST 2021
STARTING: AtmOcnCplListProto
rm -f PET*.ESMF_LogFile *.nc *.stdout
rm -f esmApp *.o *.mod
mpifort -c -g -Wall -Wextra -Wconversion -Wno-unused -Wno-unused-dummy-argument -fbacktrace -fimplicit-none -fcheck=all,no-pointer -fPIC  -m64 -mcmodel=small -pthread -ffree-line-length-none  -fopenmp -I/work/noaa/da/mpotts/sandbox/gfortran_8.3.0_openmpi_g_develop/DEFAULTINSTALLDIR/mod/modg/Linux.gfortran.64.openmpi.default -I/work/noaa/da/mpotts/sandbox/gfortran_8.3.0_openmpi_g_develop/DEFAULTINSTALLDIR/include -I/apps/gcc-8/netcdf-4.7.2/include -I/apps/gcc-8/netcdf-4.7.2/include  -DESMF_NO_INTEGER_1_BYTE -DESMF_NO_INTEGER_2_BYTE -DESMF_VERSION_STRING_GIT='ESMF_8_3_0_beta_snapshot_04-7-gc7b07b1' -DESMF_MOAB=1 -DESMF_LAPACK=1 -DESMF_LAPACK_INTERNAL=1 -DESMF_NO_ACC_SOFTWARE_STACK=1 -DESMF_NETCDF=1 -DESMF_YAMLCPP=1 -DESMF_YAML=1 -DESMF_PIO=1 -DESMF_MPIIO -DESMF_NO_OPENACC -DESMF_TESTEXHAUSTIVE -DESMF_BOPT_g -DESMF_TESTCOMPTUNNEL -DESMF_TESTWITHTHREADS -DSx86_64_small=1 -DESMF_OS_Linux=1 -DESMF_COMM=openmpi -DESMF_DIR=/work/noaa/da/mpotts/sandbox/gfortran_8.3.0_openmpi_g_develop atm.F90
mpifort -c -g -Wall -Wextra -Wconversion -Wno-unused -Wno-unused-dummy-argument -fbacktrace -fimplicit-none -fcheck=all,no-pointer -fPIC  -m64 -mcmodel=small -pthread -ffree-line-length-none  -fopenmp -I/work/noaa/da/mpotts/sandbox/gfortran_8.3.0_openmpi_g_develop/DEFAULTINSTALLDIR/mod/modg/Linux.gfortran.64.openmpi.default -I/work/noaa/da/mpotts/sandbox/gfortran_8.3.0_openmpi_g_develop/DEFAULTINSTALLDIR/include -I/apps/gcc-8/netcdf-4.7.2/include -I/apps/gcc-8/netcdf-4.7.2/include  -DESMF_NO_INTEGER_1_BYTE -DESMF_NO_INTEGER_2_BYTE -DESMF_VERSION_STRING_GIT='ESMF_8_3_0_beta_snapshot_04-7-gc7b07b1' -DESMF_MOAB=1 -DESMF_LAPACK=1 -DESMF_LAPACK_INTERNAL=1 -DESMF_NO_ACC_SOFTWARE_STACK=1 -DESMF_NETCDF=1 -DESMF_YAMLCPP=1 -DESMF_YAML=1 -DESMF_PIO=1 -DESMF_MPIIO -DESMF_NO_OPENACC -DESMF_TESTEXHAUSTIVE -DESMF_BOPT_g -DESMF_TESTCOMPTUNNEL -DESMF_TESTWITHTHREADS -DSx86_64_small=1 -DESMF_OS_Linux=1 -DESMF_COMM=openmpi -DESMF_DIR=/work/noaa/da/mpotts/sandbox/gfortran_8.3.0_openmpi_g_develop ocn.F90
mpifort -c -g -Wall -Wextra -Wconversion -Wno-unused -Wno-unused-dummy-argument -fbacktrace -fimplicit-none -fcheck=all,no-pointer -fPIC  -m64 -mcmodel=small -pthread -ffree-line-length-none  -fopenmp -I/work/noaa/da/mpotts/sandbox/gfortran_8.3.0_openmpi_g_develop/DEFAULTINSTALLDIR/mod/modg/Linux.gfortran.64.openmpi.default -I/work/noaa/da/mpotts/sandbox/gfortran_8.3.0_openmpi_g_develop/DEFAULTINSTALLDIR/include -I/apps/gcc-8/netcdf-4.7.2/include -I/apps/gcc-8/netcdf-4.7.2/include  -DESMF_NO_INTEGER_1_BYTE -DESMF_NO_INTEGER_2_BYTE -DESMF_VERSION_STRING_GIT='ESMF_8_3_0_beta_snapshot_04-7-gc7b07b1' -DESMF_MOAB=1 -DESMF_LAPACK=1 -DESMF_LAPACK_INTERNAL=1 -DESMF_NO_ACC_SOFTWARE_STACK=1 -DESMF_NETCDF=1 -DESMF_YAMLCPP=1 -DESMF_YAML=1 -DESMF_PIO=1 -DESMF_MPIIO -DESMF_NO_OPENACC -DESMF_TESTEXHAUSTIVE -DESMF_BOPT_g -DESMF_TESTCOMPTUNNEL -DESMF_TESTWITHTHREADS -DSx86_64_small=1 -DESMF_OS_Linux=1 -DESMF_COMM=openmpi -DESMF_DIR=/work/noaa/da/mpotts/sandbox/gfortran_8.3.0_openmpi_g_develop esm.F90
mpifort -c -g -Wall -Wextra -Wconversion -Wno-unused -Wno-unused-dummy-argument -fbacktrace -fimplicit-none -fcheck=all,no-pointer -fPIC  -m64 -mcmodel=small -pthread -ffree-line-length-none  -fopenmp -I/work/noaa/da/mpotts/sandbox/gfortran_8.3.0_openmpi_g_develop/DEFAULTINSTALLDIR/mod/modg/Linux.gfortran.64.openmpi.default -I/work/noaa/da/mpotts/sandbox/gfortran_8.3.0_openmpi_g_develop/DEFAULTINSTALLDIR/include -I/apps/gcc-8/netcdf-4.7.2/include -I/apps/gcc-8/netcdf-4.7.2/include  -DESMF_NO_INTEGER_1_BYTE -DESMF_NO_INTEGER_2_BYTE -DESMF_VERSION_STRING_GIT='ESMF_8_3_0_beta_snapshot_04-7-gc7b07b1' -DESMF_MOAB=1 -DESMF_LAPACK=1 -DESMF_LAPACK_INTERNAL=1 -DESMF_NO_ACC_SOFTWARE_STACK=1 -DESMF_NETCDF=1 -DESMF_YAMLCPP=1 -DESMF_YAML=1 -DESMF_PIO=1 -DESMF_MPIIO -DESMF_NO_OPENACC -DESMF_TESTEXHAUSTIVE -DESMF_BOPT_g -DESMF_TESTCOMPTUNNEL -DESMF_TESTWITHTHREADS -DSx86_64_small=1 -DESMF_OS_Linux=1 -DESMF_COMM=openmpi -DESMF_DIR=/work/noaa/da/mpotts/sandbox/gfortran_8.3.0_openmpi_g_develop esmApp.F90
mpifort -m64 -mcmodel=small -pthread -Wl,--no-as-needed  -fopenmp -L/work/noaa/da/mpotts/sandbox/gfortran_8.3.0_openmpi_g_develop/DEFAULTINSTALLDIR/lib/libg/Linux.gfortran.64.openmpi.default -L/apps/gcc-8/netcdf-4.7.2/lib -L/apps/gcc-8/netcdf-4.7.2/lib -L/apps/gcc-8/hdf5-1.10.5/lib -L/apps/gcc-8/netcdf-4.7.2/lib -L/usr/lib64 -L/apps/gcc-8/gcc-8.3.0/lib/gcc/x86_64-pc-linux-gnu/8.3.0/../../../../lib64/ -Wl,-rpath,/work/noaa/da/mpotts/sandbox/gfortran_8.3.0_openmpi_g_develop/DEFAULTINSTALLDIR/lib/libg/Linux.gfortran.64.openmpi.default -Wl,-rpath,/apps/gcc-8/netcdf-4.7.2/lib -Wl,-rpath,/apps/gcc-8/netcdf-4.7.2/lib -Wl,-rpath,/apps/gcc-8/hdf5-1.10.5/lib -Wl,-rpath,/apps/gcc-8/netcdf-4.7.2/lib -Wl,-rpath,/usr/lib64 -Wl,-rpath,/apps/gcc-8/gcc-8.3.0/lib/gcc/x86_64-pc-linux-gnu/8.3.0/../../../../lib64/ -o esmApp esmApp.o esm.o atm.o ocn.o -lesmf   -lrt -lstdc++ -ldl -lnetcdf -lnetcdff -lnetcdf -lnetcdf
+ mpirun -np 4 ./esmApp
+ local result=0
+ set +x
FINISHED: AtmOcnCplListProto
Tue Dec  7 03:30:21 CST 2021
---------------------------------------------------------------------------

---------------------------------------------------------------------------
Tue Dec  7 03:30:21 CST 2021
STARTING: AtmOcnCplSetProto
rm -f PET*.ESMF_LogFile err out core* *.nc *.stdout
rm -f esmApp *.o *.mod
mpifort -g -c -g -Wall -Wextra -Wconversion -Wno-unused -Wno-unused-dummy-argument -fbacktrace -fimplicit-none -fcheck=all,no-pointer -fPIC  -m64 -mcmodel=small -pthread -ffree-line-length-none  -fopenmp -I/work/noaa/da/mpotts/sandbox/gfortran_8.3.0_openmpi_g_develop/DEFAULTINSTALLDIR/mod/modg/Linux.gfortran.64.openmpi.default -I/work/noaa/da/mpotts/sandbox/gfortran_8.3.0_openmpi_g_develop/DEFAULTINSTALLDIR/include -I/apps/gcc-8/netcdf-4.7.2/include -I/apps/gcc-8/netcdf-4.7.2/include  -DESMF_NO_INTEGER_1_BYTE -DESMF_NO_INTEGER_2_BYTE -DESMF_VERSION_STRING_GIT='ESMF_8_3_0_beta_snapshot_04-7-gc7b07b1' -DESMF_MOAB=1 -DESMF_LAPACK=1 -DESMF_LAPACK_INTERNAL=1 -DESMF_NO_ACC_SOFTWARE_STACK=1 -DESMF_NETCDF=1 -DESMF_YAMLCPP=1 -DESMF_YAML=1 -DESMF_PIO=1 -DESMF_MPIIO -DESMF_NO_OPENACC -DESMF_TESTEXHAUSTIVE -DESMF_BOPT_g -DESMF_TESTCOMPTUNNEL -DESMF_TESTWITHTHREADS -DSx86_64_small=1 -DESMF_OS_Linux=1 -DESMF_COMM=openmpi -DESMF_DIR=/work/noaa/da/mpotts/sandbox/gfortran_8.3.0_openmpi_g_develop atm.F90
mpifort -g -c -g -Wall -Wextra -Wconversion -Wno-unused -Wno-unused-dummy-argument -fbacktrace -fimplicit-none -fcheck=all,no-pointer -fPIC  -m64 -mcmodel=small -pthread -ffree-line-length-none  -fopenmp -I/work/noaa/da/mpotts/sandbox/gfortran_8.3.0_openmpi_g_develop/DEFAULTINSTALLDIR/mod/modg/Linux.gfortran.64.openmpi.default -I/work/noaa/da/mpotts/sandbox/gfortran_8.3.0_openmpi_g_develop/DEFAULTINSTALLDIR/include -I/apps/gcc-8/netcdf-4.7.2/include -I/apps/gcc-8/netcdf-4.7.2/include  -DESMF_NO_INTEGER_1_BYTE -DESMF_NO_INTEGER_2_BYTE -DESMF_VERSION_STRING_GIT='ESMF_8_3_0_beta_snapshot_04-7-gc7b07b1' -DESMF_MOAB=1 -DESMF_LAPACK=1 -DESMF_LAPACK_INTERNAL=1 -DESMF_NO_ACC_SOFTWARE_STACK=1 -DESMF_NETCDF=1 -DESMF_YAMLCPP=1 -DESMF_YAML=1 -DESMF_PIO=1 -DESMF_MPIIO -DESMF_NO_OPENACC -DESMF_TESTEXHAUSTIVE -DESMF_BOPT_g -DESMF_TESTCOMPTUNNEL -DESMF_TESTWITHTHREADS -DSx86_64_small=1 -DESMF_OS_Linux=1 -DESMF_COMM=openmpi -DESMF_DIR=/work/noaa/da/mpotts/sandbox/gfortran_8.3.0_openmpi_g_develop ocn.F90
mpifort -g -c -g -Wall -Wextra -Wconversion -Wno-unused -Wno-unused-dummy-argument -fbacktrace -fimplicit-none -fcheck=all,no-pointer -fPIC  -m64 -mcmodel=small -pthread -ffree-line-length-none  -fopenmp -I/work/noaa/da/mpotts/sandbox/gfortran_8.3.0_openmpi_g_develop/DEFAULTINSTALLDIR/mod/modg/Linux.gfortran.64.openmpi.default -I/work/noaa/da/mpotts/sandbox/gfortran_8.3.0_openmpi_g_develop/DEFAULTINSTALLDIR/include -I/apps/gcc-8/netcdf-4.7.2/include -I/apps/gcc-8/netcdf-4.7.2/include  -DESMF_NO_INTEGER_1_BYTE -DESMF_NO_INTEGER_2_BYTE -DESMF_VERSION_STRING_GIT='ESMF_8_3_0_beta_snapshot_04-7-gc7b07b1' -DESMF_MOAB=1 -DESMF_LAPACK=1 -DESMF_LAPACK_INTERNAL=1 -DESMF_NO_ACC_SOFTWARE_STACK=1 -DESMF_NETCDF=1 -DESMF_YAMLCPP=1 -DESMF_YAML=1 -DESMF_PIO=1 -DESMF_MPIIO -DESMF_NO_OPENACC -DESMF_TESTEXHAUSTIVE -DESMF_BOPT_g -DESMF_TESTCOMPTUNNEL -DESMF_TESTWITHTHREADS -DSx86_64_small=1 -DESMF_OS_Linux=1 -DESMF_COMM=openmpi -DESMF_DIR=/work/noaa/da/mpotts/sandbox/gfortran_8.3.0_openmpi_g_develop esm.F90
mpifort -g -c -g -Wall -Wextra -Wconversion -Wno-unused -Wno-unused-dummy-argument -fbacktrace -fimplicit-none -fcheck=all,no-pointer -fPIC  -m64 -mcmodel=small -pthread -ffree-line-length-none  -fopenmp -I/work/noaa/da/mpotts/sandbox/gfortran_8.3.0_openmpi_g_develop/DEFAULTINSTALLDIR/mod/modg/Linux.gfortran.64.openmpi.default -I/work/noaa/da/mpotts/sandbox/gfortran_8.3.0_openmpi_g_develop/DEFAULTINSTALLDIR/include -I/apps/gcc-8/netcdf-4.7.2/include -I/apps/gcc-8/netcdf-4.7.2/include  -DESMF_NO_INTEGER_1_BYTE -DESMF_NO_INTEGER_2_BYTE -DESMF_VERSION_STRING_GIT='ESMF_8_3_0_beta_snapshot_04-7-gc7b07b1' -DESMF_MOAB=1 -DESMF_LAPACK=1 -DESMF_LAPACK_INTERNAL=1 -DESMF_NO_ACC_SOFTWARE_STACK=1 -DESMF_NETCDF=1 -DESMF_YAMLCPP=1 -DESMF_YAML=1 -DESMF_PIO=1 -DESMF_MPIIO -DESMF_NO_OPENACC -DESMF_TESTEXHAUSTIVE -DESMF_BOPT_g -DESMF_TESTCOMPTUNNEL -DESMF_TESTWITHTHREADS -DSx86_64_small=1 -DESMF_OS_Linux=1 -DESMF_COMM=openmpi -DESMF_DIR=/work/noaa/da/mpotts/sandbox/gfortran_8.3.0_openmpi_g_develop esmApp.F90
mpifort -m64 -mcmodel=small -pthread -Wl,--no-as-needed  -fopenmp -L/work/noaa/da/mpotts/sandbox/gfortran_8.3.0_openmpi_g_develop/DEFAULTINSTALLDIR/lib/libg/Linux.gfortran.64.openmpi.default -L/apps/gcc-8/netcdf-4.7.2/lib -L/apps/gcc-8/netcdf-4.7.2/lib -L/apps/gcc-8/hdf5-1.10.5/lib -L/apps/gcc-8/netcdf-4.7.2/lib -L/usr/lib64 -L/apps/gcc-8/gcc-8.3.0/lib/gcc/x86_64-pc-linux-gnu/8.3.0/../../../../lib64/ -Wl,-rpath,/work/noaa/da/mpotts/sandbox/gfortran_8.3.0_openmpi_g_develop/DEFAULTINSTALLDIR/lib/libg/Linux.gfortran.64.openmpi.default -Wl,-rpath,/apps/gcc-8/netcdf-4.7.2/lib -Wl,-rpath,/apps/gcc-8/netcdf-4.7.2/lib -Wl,-rpath,/apps/gcc-8/hdf5-1.10.5/lib -Wl,-rpath,/apps/gcc-8/netcdf-4.7.2/lib -Wl,-rpath,/usr/lib64 -Wl,-rpath,/apps/gcc-8/gcc-8.3.0/lib/gcc/x86_64-pc-linux-gnu/8.3.0/../../../../lib64/ -o esmApp esmApp.o esm.o atm.o ocn.o -lesmf   -lrt -lstdc++ -ldl -lnetcdf -lnetcdff -lnetcdf -lnetcdf
+ mpirun -np 4 ./esmApp
+ local result=0
+ set +x
FINISHED: AtmOcnCplSetProto
Tue Dec  7 03:30:27 CST 2021
---------------------------------------------------------------------------

---------------------------------------------------------------------------
Tue Dec  7 03:30:27 CST 2021
STARTING: AtmOcnFDSynoProto
rm -f PET*.ESMF_LogFile *.nc *.stdout
rm -f esmApp *.o *.mod
mpifort -c -g -Wall -Wextra -Wconversion -Wno-unused -Wno-unused-dummy-argument -fbacktrace -fimplicit-none -fcheck=all,no-pointer -fPIC  -m64 -mcmodel=small -pthread -ffree-line-length-none  -fopenmp -I/work/noaa/da/mpotts/sandbox/gfortran_8.3.0_openmpi_g_develop/DEFAULTINSTALLDIR/mod/modg/Linux.gfortran.64.openmpi.default -I/work/noaa/da/mpotts/sandbox/gfortran_8.3.0_openmpi_g_develop/DEFAULTINSTALLDIR/include -I/apps/gcc-8/netcdf-4.7.2/include -I/apps/gcc-8/netcdf-4.7.2/include  -DESMF_NO_INTEGER_1_BYTE -DESMF_NO_INTEGER_2_BYTE -DESMF_VERSION_STRING_GIT='ESMF_8_3_0_beta_snapshot_04-7-gc7b07b1' -DESMF_MOAB=1 -DESMF_LAPACK=1 -DESMF_LAPACK_INTERNAL=1 -DESMF_NO_ACC_SOFTWARE_STACK=1 -DESMF_NETCDF=1 -DESMF_YAMLCPP=1 -DESMF_YAML=1 -DESMF_PIO=1 -DESMF_MPIIO -DESMF_NO_OPENACC -DESMF_TESTEXHAUSTIVE -DESMF_BOPT_g -DESMF_TESTCOMPTUNNEL -DESMF_TESTWITHTHREADS -DSx86_64_small=1 -DESMF_OS_Linux=1 -DESMF_COMM=openmpi -DESMF_DIR=/work/noaa/da/mpotts/sandbox/gfortran_8.3.0_openmpi_g_develop atm.F90
mpifort -c -g -Wall -Wextra -Wconversion -Wno-unused -Wno-unused-dummy-argument -fbacktrace -fimplicit-none -fcheck=all,no-pointer -fPIC  -m64 -mcmodel=small -pthread -ffree-line-length-none  -fopenmp -I/work/noaa/da/mpotts/sandbox/gfortran_8.3.0_openmpi_g_develop/DEFAULTINSTALLDIR/mod/modg/Linux.gfortran.64.openmpi.default -I/work/noaa/da/mpotts/sandbox/gfortran_8.3.0_openmpi_g_develop/DEFAULTINSTALLDIR/include -I/apps/gcc-8/netcdf-4.7.2/include -I/apps/gcc-8/netcdf-4.7.2/include  -DESMF_NO_INTEGER_1_BYTE -DESMF_NO_INTEGER_2_BYTE -DESMF_VERSION_STRING_GIT='ESMF_8_3_0_beta_snapshot_04-7-gc7b07b1' -DESMF_MOAB=1 -DESMF_LAPACK=1 -DESMF_LAPACK_INTERNAL=1 -DESMF_NO_ACC_SOFTWARE_STACK=1 -DESMF_NETCDF=1 -DESMF_YAMLCPP=1 -DESMF_YAML=1 -DESMF_PIO=1 -DESMF_MPIIO -DESMF_NO_OPENACC -DESMF_TESTEXHAUSTIVE -DESMF_BOPT_g -DESMF_TESTCOMPTUNNEL -DESMF_TESTWITHTHREADS -DSx86_64_small=1 -DESMF_OS_Linux=1 -DESMF_COMM=openmpi -DESMF_DIR=/work/noaa/da/mpotts/sandbox/gfortran_8.3.0_openmpi_g_develop ocn.F90
mpifort -c -g -Wall -Wextra -Wconversion -Wno-unused -Wno-unused-dummy-argument -fbacktrace -fimplicit-none -fcheck=all,no-pointer -fPIC  -m64 -mcmodel=small -pthread -ffree-line-length-none  -fopenmp -I/work/noaa/da/mpotts/sandbox/gfortran_8.3.0_openmpi_g_develop/DEFAULTINSTALLDIR/mod/modg/Linux.gfortran.64.openmpi.default -I/work/noaa/da/mpotts/sandbox/gfortran_8.3.0_openmpi_g_develop/DEFAULTINSTALLDIR/include -I/apps/gcc-8/netcdf-4.7.2/include -I/apps/gcc-8/netcdf-4.7.2/include  -DESMF_NO_INTEGER_1_BYTE -DESMF_NO_INTEGER_2_BYTE -DESMF_VERSION_STRING_GIT='ESMF_8_3_0_beta_snapshot_04-7-gc7b07b1' -DESMF_MOAB=1 -DESMF_LAPACK=1 -DESMF_LAPACK_INTERNAL=1 -DESMF_NO_ACC_SOFTWARE_STACK=1 -DESMF_NETCDF=1 -DESMF_YAMLCPP=1 -DESMF_YAML=1 -DESMF_PIO=1 -DESMF_MPIIO -DESMF_NO_OPENACC -DESMF_TESTEXHAUSTIVE -DESMF_BOPT_g -DESMF_TESTCOMPTUNNEL -DESMF_TESTWITHTHREADS -DSx86_64_small=1 -DESMF_OS_Linux=1 -DESMF_COMM=openmpi -DESMF_DIR=/work/noaa/da/mpotts/sandbox/gfortran_8.3.0_openmpi_g_develop esm.F90
mpifort -c -g -Wall -Wextra -Wconversion -Wno-unused -Wno-unused-dummy-argument -fbacktrace -fimplicit-none -fcheck=all,no-pointer -fPIC  -m64 -mcmodel=small -pthread -ffree-line-length-none  -fopenmp -I/work/noaa/da/mpotts/sandbox/gfortran_8.3.0_openmpi_g_develop/DEFAULTINSTALLDIR/mod/modg/Linux.gfortran.64.openmpi.default -I/work/noaa/da/mpotts/sandbox/gfortran_8.3.0_openmpi_g_develop/DEFAULTINSTALLDIR/include -I/apps/gcc-8/netcdf-4.7.2/include -I/apps/gcc-8/netcdf-4.7.2/include  -DESMF_NO_INTEGER_1_BYTE -DESMF_NO_INTEGER_2_BYTE -DESMF_VERSION_STRING_GIT='ESMF_8_3_0_beta_snapshot_04-7-gc7b07b1' -DESMF_MOAB=1 -DESMF_LAPACK=1 -DESMF_LAPACK_INTERNAL=1 -DESMF_NO_ACC_SOFTWARE_STACK=1 -DESMF_NETCDF=1 -DESMF_YAMLCPP=1 -DESMF_YAML=1 -DESMF_PIO=1 -DESMF_MPIIO -DESMF_NO_OPENACC -DESMF_TESTEXHAUSTIVE -DESMF_BOPT_g -DESMF_TESTCOMPTUNNEL -DESMF_TESTWITHTHREADS -DSx86_64_small=1 -DESMF_OS_Linux=1 -DESMF_COMM=openmpi -DESMF_DIR=/work/noaa/da/mpotts/sandbox/gfortran_8.3.0_openmpi_g_develop esmApp.F90
mpifort -m64 -mcmodel=small -pthread -Wl,--no-as-needed  -fopenmp -L/work/noaa/da/mpotts/sandbox/gfortran_8.3.0_openmpi_g_develop/DEFAULTINSTALLDIR/lib/libg/Linux.gfortran.64.openmpi.default -L/apps/gcc-8/netcdf-4.7.2/lib -L/apps/gcc-8/netcdf-4.7.2/lib -L/apps/gcc-8/hdf5-1.10.5/lib -L/apps/gcc-8/netcdf-4.7.2/lib -L/usr/lib64 -L/apps/gcc-8/gcc-8.3.0/lib/gcc/x86_64-pc-linux-gnu/8.3.0/../../../../lib64/ -Wl,-rpath,/work/noaa/da/mpotts/sandbox/gfortran_8.3.0_openmpi_g_develop/DEFAULTINSTALLDIR/lib/libg/Linux.gfortran.64.openmpi.default -Wl,-rpath,/apps/gcc-8/netcdf-4.7.2/lib -Wl,-rpath,/apps/gcc-8/netcdf-4.7.2/lib -Wl,-rpath,/apps/gcc-8/hdf5-1.10.5/lib -Wl,-rpath,/apps/gcc-8/netcdf-4.7.2/lib -Wl,-rpath,/usr/lib64 -Wl,-rpath,/apps/gcc-8/gcc-8.3.0/lib/gcc/x86_64-pc-linux-gnu/8.3.0/../../../../lib64/ -o esmApp esmApp.o esm.o atm.o ocn.o -lesmf   -lrt -lstdc++ -ldl -lnetcdf -lnetcdff -lnetcdf -lnetcdf
+ mpirun -np 4 ./esmApp
+ local result=0
+ set +x
FINISHED: AtmOcnFDSynoProto
Tue Dec  7 03:30:34 CST 2021
---------------------------------------------------------------------------

---------------------------------------------------------------------------
Tue Dec  7 03:30:34 CST 2021
STARTING: AtmOcnIceSimpleImplicitProto
rm -f PET*.ESMF_LogFile *.nc *.stdout
rm -f esmApp *.o *.mod
mpifort -c -g -Wall -Wextra -Wconversion -Wno-unused -Wno-unused-dummy-argument -fbacktrace -fimplicit-none -fcheck=all,no-pointer -fPIC  -m64 -mcmodel=small -pthread -ffree-line-length-none  -fopenmp -I/work/noaa/da/mpotts/sandbox/gfortran_8.3.0_openmpi_g_develop/DEFAULTINSTALLDIR/mod/modg/Linux.gfortran.64.openmpi.default -I/work/noaa/da/mpotts/sandbox/gfortran_8.3.0_openmpi_g_develop/DEFAULTINSTALLDIR/include -I/apps/gcc-8/netcdf-4.7.2/include -I/apps/gcc-8/netcdf-4.7.2/include  -DESMF_NO_INTEGER_1_BYTE -DESMF_NO_INTEGER_2_BYTE -DESMF_VERSION_STRING_GIT='ESMF_8_3_0_beta_snapshot_04-7-gc7b07b1' -DESMF_MOAB=1 -DESMF_LAPACK=1 -DESMF_LAPACK_INTERNAL=1 -DESMF_NO_ACC_SOFTWARE_STACK=1 -DESMF_NETCDF=1 -DESMF_YAMLCPP=1 -DESMF_YAML=1 -DESMF_PIO=1 -DESMF_MPIIO -DESMF_NO_OPENACC -DESMF_TESTEXHAUSTIVE -DESMF_BOPT_g -DESMF_TESTCOMPTUNNEL -DESMF_TESTWITHTHREADS -DSx86_64_small=1 -DESMF_OS_Linux=1 -DESMF_COMM=openmpi -DESMF_DIR=/work/noaa/da/mpotts/sandbox/gfortran_8.3.0_openmpi_g_develop atm.F90
mpifort -c -g -Wall -Wextra -Wconversion -Wno-unused -Wno-unused-dummy-argument -fbacktrace -fimplicit-none -fcheck=all,no-pointer -fPIC  -m64 -mcmodel=small -pthread -ffree-line-length-none  -fopenmp -I/work/noaa/da/mpotts/sandbox/gfortran_8.3.0_openmpi_g_develop/DEFAULTINSTALLDIR/mod/modg/Linux.gfortran.64.openmpi.default -I/work/noaa/da/mpotts/sandbox/gfortran_8.3.0_openmpi_g_develop/DEFAULTINSTALLDIR/include -I/apps/gcc-8/netcdf-4.7.2/include -I/apps/gcc-8/netcdf-4.7.2/include  -DESMF_NO_INTEGER_1_BYTE -DESMF_NO_INTEGER_2_BYTE -DESMF_VERSION_STRING_GIT='ESMF_8_3_0_beta_snapshot_04-7-gc7b07b1' -DESMF_MOAB=1 -DESMF_LAPACK=1 -DESMF_LAPACK_INTERNAL=1 -DESMF_NO_ACC_SOFTWARE_STACK=1 -DESMF_NETCDF=1 -DESMF_YAMLCPP=1 -DESMF_YAML=1 -DESMF_PIO=1 -DESMF_MPIIO -DESMF_NO_OPENACC -DESMF_TESTEXHAUSTIVE -DESMF_BOPT_g -DESMF_TESTCOMPTUNNEL -DESMF_TESTWITHTHREADS -DSx86_64_small=1 -DESMF_OS_Linux=1 -DESMF_COMM=openmpi -DESMF_DIR=/work/noaa/da/mpotts/sandbox/gfortran_8.3.0_openmpi_g_develop ocn.F90
mpifort -c -g -Wall -Wextra -Wconversion -Wno-unused -Wno-unused-dummy-argument -fbacktrace -fimplicit-none -fcheck=all,no-pointer -fPIC  -m64 -mcmodel=small -pthread -ffree-line-length-none  -fopenmp -I/work/noaa/da/mpotts/sandbox/gfortran_8.3.0_openmpi_g_develop/DEFAULTINSTALLDIR/mod/modg/Linux.gfortran.64.openmpi.default -I/work/noaa/da/mpotts/sandbox/gfortran_8.3.0_openmpi_g_develop/DEFAULTINSTALLDIR/include -I/apps/gcc-8/netcdf-4.7.2/include -I/apps/gcc-8/netcdf-4.7.2/include  -DESMF_NO_INTEGER_1_BYTE -DESMF_NO_INTEGER_2_BYTE -DESMF_VERSION_STRING_GIT='ESMF_8_3_0_beta_snapshot_04-7-gc7b07b1' -DESMF_MOAB=1 -DESMF_LAPACK=1 -DESMF_LAPACK_INTERNAL=1 -DESMF_NO_ACC_SOFTWARE_STACK=1 -DESMF_NETCDF=1 -DESMF_YAMLCPP=1 -DESMF_YAML=1 -DESMF_PIO=1 -DESMF_MPIIO -DESMF_NO_OPENACC -DESMF_TESTEXHAUSTIVE -DESMF_BOPT_g -DESMF_TESTCOMPTUNNEL -DESMF_TESTWITHTHREADS -DSx86_64_small=1 -DESMF_OS_Linux=1 -DESMF_COMM=openmpi -DESMF_DIR=/work/noaa/da/mpotts/sandbox/gfortran_8.3.0_openmpi_g_develop ice.F90
mpifort -c -g -Wall -Wextra -Wconversion -Wno-unused -Wno-unused-dummy-argument -fbacktrace -fimplicit-none -fcheck=all,no-pointer -fPIC  -m64 -mcmodel=small -pthread -ffree-line-length-none  -fopenmp -I/work/noaa/da/mpotts/sandbox/gfortran_8.3.0_openmpi_g_develop/DEFAULTINSTALLDIR/mod/modg/Linux.gfortran.64.openmpi.default -I/work/noaa/da/mpotts/sandbox/gfortran_8.3.0_openmpi_g_develop/DEFAULTINSTALLDIR/include -I/apps/gcc-8/netcdf-4.7.2/include -I/apps/gcc-8/netcdf-4.7.2/include  -DESMF_NO_INTEGER_1_BYTE -DESMF_NO_INTEGER_2_BYTE -DESMF_VERSION_STRING_GIT='ESMF_8_3_0_beta_snapshot_04-7-gc7b07b1' -DESMF_MOAB=1 -DESMF_LAPACK=1 -DESMF_LAPACK_INTERNAL=1 -DESMF_NO_ACC_SOFTWARE_STACK=1 -DESMF_NETCDF=1 -DESMF_YAMLCPP=1 -DESMF_YAML=1 -DESMF_PIO=1 -DESMF_MPIIO -DESMF_NO_OPENACC -DESMF_TESTEXHAUSTIVE -DESMF_BOPT_g -DESMF_TESTCOMPTUNNEL -DESMF_TESTWITHTHREADS -DSx86_64_small=1 -DESMF_OS_Linux=1 -DESMF_COMM=openmpi -DESMF_DIR=/work/noaa/da/mpotts/sandbox/gfortran_8.3.0_openmpi_g_develop esm.F90
mpifort -c -g -Wall -Wextra -Wconversion -Wno-unused -Wno-unused-dummy-argument -fbacktrace -fimplicit-none -fcheck=all,no-pointer -fPIC  -m64 -mcmodel=small -pthread -ffree-line-length-none  -fopenmp -I/work/noaa/da/mpotts/sandbox/gfortran_8.3.0_openmpi_g_develop/DEFAULTINSTALLDIR/mod/modg/Linux.gfortran.64.openmpi.default -I/work/noaa/da/mpotts/sandbox/gfortran_8.3.0_openmpi_g_develop/DEFAULTINSTALLDIR/include -I/apps/gcc-8/netcdf-4.7.2/include -I/apps/gcc-8/netcdf-4.7.2/include  -DESMF_NO_INTEGER_1_BYTE -DESMF_NO_INTEGER_2_BYTE -DESMF_VERSION_STRING_GIT='ESMF_8_3_0_beta_snapshot_04-7-gc7b07b1' -DESMF_MOAB=1 -DESMF_LAPACK=1 -DESMF_LAPACK_INTERNAL=1 -DESMF_NO_ACC_SOFTWARE_STACK=1 -DESMF_NETCDF=1 -DESMF_YAMLCPP=1 -DESMF_YAML=1 -DESMF_PIO=1 -DESMF_MPIIO -DESMF_NO_OPENACC -DESMF_TESTEXHAUSTIVE -DESMF_BOPT_g -DESMF_TESTCOMPTUNNEL -DESMF_TESTWITHTHREADS -DSx86_64_small=1 -DESMF_OS_Linux=1 -DESMF_COMM=openmpi -DESMF_DIR=/work/noaa/da/mpotts/sandbox/gfortran_8.3.0_openmpi_g_develop esmApp.F90
mpifort -m64 -mcmodel=small -pthread -Wl,--no-as-needed  -fopenmp -L/work/noaa/da/mpotts/sandbox/gfortran_8.3.0_openmpi_g_develop/DEFAULTINSTALLDIR/lib/libg/Linux.gfortran.64.openmpi.default -L/apps/gcc-8/netcdf-4.7.2/lib -L/apps/gcc-8/netcdf-4.7.2/lib -L/apps/gcc-8/hdf5-1.10.5/lib -L/apps/gcc-8/netcdf-4.7.2/lib -L/usr/lib64 -L/apps/gcc-8/gcc-8.3.0/lib/gcc/x86_64-pc-linux-gnu/8.3.0/../../../../lib64/ -Wl,-rpath,/work/noaa/da/mpotts/sandbox/gfortran_8.3.0_openmpi_g_develop/DEFAULTINSTALLDIR/lib/libg/Linux.gfortran.64.openmpi.default -Wl,-rpath,/apps/gcc-8/netcdf-4.7.2/lib -Wl,-rpath,/apps/gcc-8/netcdf-4.7.2/lib -Wl,-rpath,/apps/gcc-8/hdf5-1.10.5/lib -Wl,-rpath,/apps/gcc-8/netcdf-4.7.2/lib -Wl,-rpath,/usr/lib64 -Wl,-rpath,/apps/gcc-8/gcc-8.3.0/lib/gcc/x86_64-pc-linux-gnu/8.3.0/../../../../lib64/ -o esmApp esmApp.o esm.o atm.o ocn.o ice.o -lesmf   -lrt -lstdc++ -ldl -lnetcdf -lnetcdff -lnetcdf -lnetcdf
+ mpirun -np 4 ./esmApp
+ local result=0
+ set +x
FINISHED: AtmOcnIceSimpleImplicitProto
Tue Dec  7 03:30:42 CST 2021
---------------------------------------------------------------------------

---------------------------------------------------------------------------
Tue Dec  7 03:30:42 CST 2021
STARTING: AtmOcnImplicitProto
rm -f PET*.ESMF_LogFile *.nc *.stdout
rm -f esmApp *.o *.mod
mpifort -c -g -Wall -Wextra -Wconversion -Wno-unused -Wno-unused-dummy-argument -fbacktrace -fimplicit-none -fcheck=all,no-pointer -fPIC  -m64 -mcmodel=small -pthread -ffree-line-length-none  -fopenmp -I/work/noaa/da/mpotts/sandbox/gfortran_8.3.0_openmpi_g_develop/DEFAULTINSTALLDIR/mod/modg/Linux.gfortran.64.openmpi.default -I/work/noaa/da/mpotts/sandbox/gfortran_8.3.0_openmpi_g_develop/DEFAULTINSTALLDIR/include -I/apps/gcc-8/netcdf-4.7.2/include -I/apps/gcc-8/netcdf-4.7.2/include  -DESMF_NO_INTEGER_1_BYTE -DESMF_NO_INTEGER_2_BYTE -DESMF_VERSION_STRING_GIT='ESMF_8_3_0_beta_snapshot_04-7-gc7b07b1' -DESMF_MOAB=1 -DESMF_LAPACK=1 -DESMF_LAPACK_INTERNAL=1 -DESMF_NO_ACC_SOFTWARE_STACK=1 -DESMF_NETCDF=1 -DESMF_YAMLCPP=1 -DESMF_YAML=1 -DESMF_PIO=1 -DESMF_MPIIO -DESMF_NO_OPENACC -DESMF_TESTEXHAUSTIVE -DESMF_BOPT_g -DESMF_TESTCOMPTUNNEL -DESMF_TESTWITHTHREADS -DSx86_64_small=1 -DESMF_OS_Linux=1 -DESMF_COMM=openmpi -DESMF_DIR=/work/noaa/da/mpotts/sandbox/gfortran_8.3.0_openmpi_g_develop atm.F90
mpifort -c -g -Wall -Wextra -Wconversion -Wno-unused -Wno-unused-dummy-argument -fbacktrace -fimplicit-none -fcheck=all,no-pointer -fPIC  -m64 -mcmodel=small -pthread -ffree-line-length-none  -fopenmp -I/work/noaa/da/mpotts/sandbox/gfortran_8.3.0_openmpi_g_develop/DEFAULTINSTALLDIR/mod/modg/Linux.gfortran.64.openmpi.default -I/work/noaa/da/mpotts/sandbox/gfortran_8.3.0_openmpi_g_develop/DEFAULTINSTALLDIR/include -I/apps/gcc-8/netcdf-4.7.2/include -I/apps/gcc-8/netcdf-4.7.2/include  -DESMF_NO_INTEGER_1_BYTE -DESMF_NO_INTEGER_2_BYTE -DESMF_VERSION_STRING_GIT='ESMF_8_3_0_beta_snapshot_04-7-gc7b07b1' -DESMF_MOAB=1 -DESMF_LAPACK=1 -DESMF_LAPACK_INTERNAL=1 -DESMF_NO_ACC_SOFTWARE_STACK=1 -DESMF_NETCDF=1 -DESMF_YAMLCPP=1 -DESMF_YAML=1 -DESMF_PIO=1 -DESMF_MPIIO -DESMF_NO_OPENACC -DESMF_TESTEXHAUSTIVE -DESMF_BOPT_g -DESMF_TESTCOMPTUNNEL -DESMF_TESTWITHTHREADS -DSx86_64_small=1 -DESMF_OS_Linux=1 -DESMF_COMM=openmpi -DESMF_DIR=/work/noaa/da/mpotts/sandbox/gfortran_8.3.0_openmpi_g_develop ocn.F90
mpifort -c -g -Wall -Wextra -Wconversion -Wno-unused -Wno-unused-dummy-argument -fbacktrace -fimplicit-none -fcheck=all,no-pointer -fPIC  -m64 -mcmodel=small -pthread -ffree-line-length-none  -fopenmp -I/work/noaa/da/mpotts/sandbox/gfortran_8.3.0_openmpi_g_develop/DEFAULTINSTALLDIR/mod/modg/Linux.gfortran.64.openmpi.default -I/work/noaa/da/mpotts/sandbox/gfortran_8.3.0_openmpi_g_develop/DEFAULTINSTALLDIR/include -I/apps/gcc-8/netcdf-4.7.2/include -I/apps/gcc-8/netcdf-4.7.2/include  -DESMF_NO_INTEGER_1_BYTE -DESMF_NO_INTEGER_2_BYTE -DESMF_VERSION_STRING_GIT='ESMF_8_3_0_beta_snapshot_04-7-gc7b07b1' -DESMF_MOAB=1 -DESMF_LAPACK=1 -DESMF_LAPACK_INTERNAL=1 -DESMF_NO_ACC_SOFTWARE_STACK=1 -DESMF_NETCDF=1 -DESMF_YAMLCPP=1 -DESMF_YAML=1 -DESMF_PIO=1 -DESMF_MPIIO -DESMF_NO_OPENACC -DESMF_TESTEXHAUSTIVE -DESMF_BOPT_g -DESMF_TESTCOMPTUNNEL -DESMF_TESTWITHTHREADS -DSx86_64_small=1 -DESMF_OS_Linux=1 -DESMF_COMM=openmpi -DESMF_DIR=/work/noaa/da/mpotts/sandbox/gfortran_8.3.0_openmpi_g_develop esm.F90
mpifort -c -g -Wall -Wextra -Wconversion -Wno-unused -Wno-unused-dummy-argument -fbacktrace -fimplicit-none -fcheck=all,no-pointer -fPIC  -m64 -mcmodel=small -pthread -ffree-line-length-none  -fopenmp -I/work/noaa/da/mpotts/sandbox/gfortran_8.3.0_openmpi_g_develop/DEFAULTINSTALLDIR/mod/modg/Linux.gfortran.64.openmpi.default -I/work/noaa/da/mpotts/sandbox/gfortran_8.3.0_openmpi_g_develop/DEFAULTINSTALLDIR/include -I/apps/gcc-8/netcdf-4.7.2/include -I/apps/gcc-8/netcdf-4.7.2/include  -DESMF_NO_INTEGER_1_BYTE -DESMF_NO_INTEGER_2_BYTE -DESMF_VERSION_STRING_GIT='ESMF_8_3_0_beta_snapshot_04-7-gc7b07b1' -DESMF_MOAB=1 -DESMF_LAPACK=1 -DESMF_LAPACK_INTERNAL=1 -DESMF_NO_ACC_SOFTWARE_STACK=1 -DESMF_NETCDF=1 -DESMF_YAMLCPP=1 -DESMF_YAML=1 -DESMF_PIO=1 -DESMF_MPIIO -DESMF_NO_OPENACC -DESMF_TESTEXHAUSTIVE -DESMF_BOPT_g -DESMF_TESTCOMPTUNNEL -DESMF_TESTWITHTHREADS -DSx86_64_small=1 -DESMF_OS_Linux=1 -DESMF_COMM=openmpi -DESMF_DIR=/work/noaa/da/mpotts/sandbox/gfortran_8.3.0_openmpi_g_develop esmApp.F90
mpifort -m64 -mcmodel=small -pthread -Wl,--no-as-needed  -fopenmp -L/work/noaa/da/mpotts/sandbox/gfortran_8.3.0_openmpi_g_develop/DEFAULTINSTALLDIR/lib/libg/Linux.gfortran.64.openmpi.default -L/apps/gcc-8/netcdf-4.7.2/lib -L/apps/gcc-8/netcdf-4.7.2/lib -L/apps/gcc-8/hdf5-1.10.5/lib -L/apps/gcc-8/netcdf-4.7.2/lib -L/usr/lib64 -L/apps/gcc-8/gcc-8.3.0/lib/gcc/x86_64-pc-linux-gnu/8.3.0/../../../../lib64/ -Wl,-rpath,/work/noaa/da/mpotts/sandbox/gfortran_8.3.0_openmpi_g_develop/DEFAULTINSTALLDIR/lib/libg/Linux.gfortran.64.openmpi.default -Wl,-rpath,/apps/gcc-8/netcdf-4.7.2/lib -Wl,-rpath,/apps/gcc-8/netcdf-4.7.2/lib -Wl,-rpath,/apps/gcc-8/hdf5-1.10.5/lib -Wl,-rpath,/apps/gcc-8/netcdf-4.7.2/lib -Wl,-rpath,/usr/lib64 -Wl,-rpath,/apps/gcc-8/gcc-8.3.0/lib/gcc/x86_64-pc-linux-gnu/8.3.0/../../../../lib64/ -o esmApp esmApp.o esm.o atm.o ocn.o -lesmf   -lrt -lstdc++ -ldl -lnetcdf -lnetcdff -lnetcdf -lnetcdf
+ mpirun -np 4 ./esmApp
+ local result=0
+ set +x
FINISHED: AtmOcnImplicitProto
Tue Dec  7 03:30:48 CST 2021
---------------------------------------------------------------------------

---------------------------------------------------------------------------
Tue Dec  7 03:30:48 CST 2021
STARTING: AtmOcnLndProto
rm -f PET*.ESMF_LogFile *.nc *.stdout
rm -f esmApp *.o *.mod
mpifort -c -g -Wall -Wextra -Wconversion -Wno-unused -Wno-unused-dummy-argument -fbacktrace -fimplicit-none -fcheck=all,no-pointer -fPIC  -m64 -mcmodel=small -pthread -ffree-line-length-none  -fopenmp -I/work/noaa/da/mpotts/sandbox/gfortran_8.3.0_openmpi_g_develop/DEFAULTINSTALLDIR/mod/modg/Linux.gfortran.64.openmpi.default -I/work/noaa/da/mpotts/sandbox/gfortran_8.3.0_openmpi_g_develop/DEFAULTINSTALLDIR/include -I/apps/gcc-8/netcdf-4.7.2/include -I/apps/gcc-8/netcdf-4.7.2/include  -DESMF_NO_INTEGER_1_BYTE -DESMF_NO_INTEGER_2_BYTE -DESMF_VERSION_STRING_GIT='ESMF_8_3_0_beta_snapshot_04-7-gc7b07b1' -DESMF_MOAB=1 -DESMF_LAPACK=1 -DESMF_LAPACK_INTERNAL=1 -DESMF_NO_ACC_SOFTWARE_STACK=1 -DESMF_NETCDF=1 -DESMF_YAMLCPP=1 -DESMF_YAML=1 -DESMF_PIO=1 -DESMF_MPIIO -DESMF_NO_OPENACC -DESMF_TESTEXHAUSTIVE -DESMF_BOPT_g -DESMF_TESTCOMPTUNNEL -DESMF_TESTWITHTHREADS -DSx86_64_small=1 -DESMF_OS_Linux=1 -DESMF_COMM=openmpi -DESMF_DIR=/work/noaa/da/mpotts/sandbox/gfortran_8.3.0_openmpi_g_develop atm.F90
mpifort -c -g -Wall -Wextra -Wconversion -Wno-unused -Wno-unused-dummy-argument -fbacktrace -fimplicit-none -fcheck=all,no-pointer -fPIC  -m64 -mcmodel=small -pthread -ffree-line-length-none  -fopenmp -I/work/noaa/da/mpotts/sandbox/gfortran_8.3.0_openmpi_g_develop/DEFAULTINSTALLDIR/mod/modg/Linux.gfortran.64.openmpi.default -I/work/noaa/da/mpotts/sandbox/gfortran_8.3.0_openmpi_g_develop/DEFAULTINSTALLDIR/include -I/apps/gcc-8/netcdf-4.7.2/include -I/apps/gcc-8/netcdf-4.7.2/include  -DESMF_NO_INTEGER_1_BYTE -DESMF_NO_INTEGER_2_BYTE -DESMF_VERSION_STRING_GIT='ESMF_8_3_0_beta_snapshot_04-7-gc7b07b1' -DESMF_MOAB=1 -DESMF_LAPACK=1 -DESMF_LAPACK_INTERNAL=1 -DESMF_NO_ACC_SOFTWARE_STACK=1 -DESMF_NETCDF=1 -DESMF_YAMLCPP=1 -DESMF_YAML=1 -DESMF_PIO=1 -DESMF_MPIIO -DESMF_NO_OPENACC -DESMF_TESTEXHAUSTIVE -DESMF_BOPT_g -DESMF_TESTCOMPTUNNEL -DESMF_TESTWITHTHREADS -DSx86_64_small=1 -DESMF_OS_Linux=1 -DESMF_COMM=openmpi -DESMF_DIR=/work/noaa/da/mpotts/sandbox/gfortran_8.3.0_openmpi_g_develop ocn.F90
mpifort -c -g -Wall -Wextra -Wconversion -Wno-unused -Wno-unused-dummy-argument -fbacktrace -fimplicit-none -fcheck=all,no-pointer -fPIC  -m64 -mcmodel=small -pthread -ffree-line-length-none  -fopenmp -I/work/noaa/da/mpotts/sandbox/gfortran_8.3.0_openmpi_g_develop/DEFAULTINSTALLDIR/mod/modg/Linux.gfortran.64.openmpi.default -I/work/noaa/da/mpotts/sandbox/gfortran_8.3.0_openmpi_g_develop/DEFAULTINSTALLDIR/include -I/apps/gcc-8/netcdf-4.7.2/include -I/apps/gcc-8/netcdf-4.7.2/include  -DESMF_NO_INTEGER_1_BYTE -DESMF_NO_INTEGER_2_BYTE -DESMF_VERSION_STRING_GIT='ESMF_8_3_0_beta_snapshot_04-7-gc7b07b1' -DESMF_MOAB=1 -DESMF_LAPACK=1 -DESMF_LAPACK_INTERNAL=1 -DESMF_NO_ACC_SOFTWARE_STACK=1 -DESMF_NETCDF=1 -DESMF_YAMLCPP=1 -DESMF_YAML=1 -DESMF_PIO=1 -DESMF_MPIIO -DESMF_NO_OPENACC -DESMF_TESTEXHAUSTIVE -DESMF_BOPT_g -DESMF_TESTCOMPTUNNEL -DESMF_TESTWITHTHREADS -DSx86_64_small=1 -DESMF_OS_Linux=1 -DESMF_COMM=openmpi -DESMF_DIR=/work/noaa/da/mpotts/sandbox/gfortran_8.3.0_openmpi_g_develop lnd.F90
mpifort -c -g -Wall -Wextra -Wconversion -Wno-unused -Wno-unused-dummy-argument -fbacktrace -fimplicit-none -fcheck=all,no-pointer -fPIC  -m64 -mcmodel=small -pthread -ffree-line-length-none  -fopenmp -I/work/noaa/da/mpotts/sandbox/gfortran_8.3.0_openmpi_g_develop/DEFAULTINSTALLDIR/mod/modg/Linux.gfortran.64.openmpi.default -I/work/noaa/da/mpotts/sandbox/gfortran_8.3.0_openmpi_g_develop/DEFAULTINSTALLDIR/include -I/apps/gcc-8/netcdf-4.7.2/include -I/apps/gcc-8/netcdf-4.7.2/include  -DESMF_NO_INTEGER_1_BYTE -DESMF_NO_INTEGER_2_BYTE -DESMF_VERSION_STRING_GIT='ESMF_8_3_0_beta_snapshot_04-7-gc7b07b1' -DESMF_MOAB=1 -DESMF_LAPACK=1 -DESMF_LAPACK_INTERNAL=1 -DESMF_NO_ACC_SOFTWARE_STACK=1 -DESMF_NETCDF=1 -DESMF_YAMLCPP=1 -DESMF_YAML=1 -DESMF_PIO=1 -DESMF_MPIIO -DESMF_NO_OPENACC -DESMF_TESTEXHAUSTIVE -DESMF_BOPT_g -DESMF_TESTCOMPTUNNEL -DESMF_TESTWITHTHREADS -DSx86_64_small=1 -DESMF_OS_Linux=1 -DESMF_COMM=openmpi -DESMF_DIR=/work/noaa/da/mpotts/sandbox/gfortran_8.3.0_openmpi_g_develop esm.F90
mpifort -c -g -Wall -Wextra -Wconversion -Wno-unused -Wno-unused-dummy-argument -fbacktrace -fimplicit-none -fcheck=all,no-pointer -fPIC  -m64 -mcmodel=small -pthread -ffree-line-length-none  -fopenmp -I/work/noaa/da/mpotts/sandbox/gfortran_8.3.0_openmpi_g_develop/DEFAULTINSTALLDIR/mod/modg/Linux.gfortran.64.openmpi.default -I/work/noaa/da/mpotts/sandbox/gfortran_8.3.0_openmpi_g_develop/DEFAULTINSTALLDIR/include -I/apps/gcc-8/netcdf-4.7.2/include -I/apps/gcc-8/netcdf-4.7.2/include  -DESMF_NO_INTEGER_1_BYTE -DESMF_NO_INTEGER_2_BYTE -DESMF_VERSION_STRING_GIT='ESMF_8_3_0_beta_snapshot_04-7-gc7b07b1' -DESMF_MOAB=1 -DESMF_LAPACK=1 -DESMF_LAPACK_INTERNAL=1 -DESMF_NO_ACC_SOFTWARE_STACK=1 -DESMF_NETCDF=1 -DESMF_YAMLCPP=1 -DESMF_YAML=1 -DESMF_PIO=1 -DESMF_MPIIO -DESMF_NO_OPENACC -DESMF_TESTEXHAUSTIVE -DESMF_BOPT_g -DESMF_TESTCOMPTUNNEL -DESMF_TESTWITHTHREADS -DSx86_64_small=1 -DESMF_OS_Linux=1 -DESMF_COMM=openmpi -DESMF_DIR=/work/noaa/da/mpotts/sandbox/gfortran_8.3.0_openmpi_g_develop esmApp.F90
mpifort -m64 -mcmodel=small -pthread -Wl,--no-as-needed  -fopenmp -L/work/noaa/da/mpotts/sandbox/gfortran_8.3.0_openmpi_g_develop/DEFAULTINSTALLDIR/lib/libg/Linux.gfortran.64.openmpi.default -L/apps/gcc-8/netcdf-4.7.2/lib -L/apps/gcc-8/netcdf-4.7.2/lib -L/apps/gcc-8/hdf5-1.10.5/lib -L/apps/gcc-8/netcdf-4.7.2/lib -L/usr/lib64 -L/apps/gcc-8/gcc-8.3.0/lib/gcc/x86_64-pc-linux-gnu/8.3.0/../../../../lib64/ -Wl,-rpath,/work/noaa/da/mpotts/sandbox/gfortran_8.3.0_openmpi_g_develop/DEFAULTINSTALLDIR/lib/libg/Linux.gfortran.64.openmpi.default -Wl,-rpath,/apps/gcc-8/netcdf-4.7.2/lib -Wl,-rpath,/apps/gcc-8/netcdf-4.7.2/lib -Wl,-rpath,/apps/gcc-8/hdf5-1.10.5/lib -Wl,-rpath,/apps/gcc-8/netcdf-4.7.2/lib -Wl,-rpath,/usr/lib64 -Wl,-rpath,/apps/gcc-8/gcc-8.3.0/lib/gcc/x86_64-pc-linux-gnu/8.3.0/../../../../lib64/ -o esmApp esmApp.o esm.o atm.o ocn.o lnd.o -lesmf   -lrt -lstdc++ -ldl -lnetcdf -lnetcdff -lnetcdf -lnetcdf
+ mpirun -np 4 ./esmApp
+ local result=0
+ set +x
FINISHED: AtmOcnLndProto
Tue Dec  7 03:30:55 CST 2021
---------------------------------------------------------------------------

---------------------------------------------------------------------------
Tue Dec  7 03:30:55 CST 2021
STARTING: AtmOcnLogNoneProto
rm -rf PET*.ESMF_LogFile traceout *.nc *.stdout
rm -f esmApp *.o *.mod
mpifort -c -g -Wall -Wextra -Wconversion -Wno-unused -Wno-unused-dummy-argument -fbacktrace -fimplicit-none -fcheck=all,no-pointer -fPIC  -m64 -mcmodel=small -pthread -ffree-line-length-none  -fopenmp -I/work/noaa/da/mpotts/sandbox/gfortran_8.3.0_openmpi_g_develop/DEFAULTINSTALLDIR/mod/modg/Linux.gfortran.64.openmpi.default -I/work/noaa/da/mpotts/sandbox/gfortran_8.3.0_openmpi_g_develop/DEFAULTINSTALLDIR/include -I/apps/gcc-8/netcdf-4.7.2/include -I/apps/gcc-8/netcdf-4.7.2/include  -DESMF_NO_INTEGER_1_BYTE -DESMF_NO_INTEGER_2_BYTE -DESMF_VERSION_STRING_GIT='ESMF_8_3_0_beta_snapshot_04-7-gc7b07b1' -DESMF_MOAB=1 -DESMF_LAPACK=1 -DESMF_LAPACK_INTERNAL=1 -DESMF_NO_ACC_SOFTWARE_STACK=1 -DESMF_NETCDF=1 -DESMF_YAMLCPP=1 -DESMF_YAML=1 -DESMF_PIO=1 -DESMF_MPIIO -DESMF_NO_OPENACC -DESMF_TESTEXHAUSTIVE -DESMF_BOPT_g -DESMF_TESTCOMPTUNNEL -DESMF_TESTWITHTHREADS -DSx86_64_small=1 -DESMF_OS_Linux=1 -DESMF_COMM=openmpi -DESMF_DIR=/work/noaa/da/mpotts/sandbox/gfortran_8.3.0_openmpi_g_develop atm.F90
mpifort -c -g -Wall -Wextra -Wconversion -Wno-unused -Wno-unused-dummy-argument -fbacktrace -fimplicit-none -fcheck=all,no-pointer -fPIC  -m64 -mcmodel=small -pthread -ffree-line-length-none  -fopenmp -I/work/noaa/da/mpotts/sandbox/gfortran_8.3.0_openmpi_g_develop/DEFAULTINSTALLDIR/mod/modg/Linux.gfortran.64.openmpi.default -I/work/noaa/da/mpotts/sandbox/gfortran_8.3.0_openmpi_g_develop/DEFAULTINSTALLDIR/include -I/apps/gcc-8/netcdf-4.7.2/include -I/apps/gcc-8/netcdf-4.7.2/include  -DESMF_NO_INTEGER_1_BYTE -DESMF_NO_INTEGER_2_BYTE -DESMF_VERSION_STRING_GIT='ESMF_8_3_0_beta_snapshot_04-7-gc7b07b1' -DESMF_MOAB=1 -DESMF_LAPACK=1 -DESMF_LAPACK_INTERNAL=1 -DESMF_NO_ACC_SOFTWARE_STACK=1 -DESMF_NETCDF=1 -DESMF_YAMLCPP=1 -DESMF_YAML=1 -DESMF_PIO=1 -DESMF_MPIIO -DESMF_NO_OPENACC -DESMF_TESTEXHAUSTIVE -DESMF_BOPT_g -DESMF_TESTCOMPTUNNEL -DESMF_TESTWITHTHREADS -DSx86_64_small=1 -DESMF_OS_Linux=1 -DESMF_COMM=openmpi -DESMF_DIR=/work/noaa/da/mpotts/sandbox/gfortran_8.3.0_openmpi_g_develop ocn.F90
mpifort -c -g -Wall -Wextra -Wconversion -Wno-unused -Wno-unused-dummy-argument -fbacktrace -fimplicit-none -fcheck=all,no-pointer -fPIC  -m64 -mcmodel=small -pthread -ffree-line-length-none  -fopenmp -I/work/noaa/da/mpotts/sandbox/gfortran_8.3.0_openmpi_g_develop/DEFAULTINSTALLDIR/mod/modg/Linux.gfortran.64.openmpi.default -I/work/noaa/da/mpotts/sandbox/gfortran_8.3.0_openmpi_g_develop/DEFAULTINSTALLDIR/include -I/apps/gcc-8/netcdf-4.7.2/include -I/apps/gcc-8/netcdf-4.7.2/include  -DESMF_NO_INTEGER_1_BYTE -DESMF_NO_INTEGER_2_BYTE -DESMF_VERSION_STRING_GIT='ESMF_8_3_0_beta_snapshot_04-7-gc7b07b1' -DESMF_MOAB=1 -DESMF_LAPACK=1 -DESMF_LAPACK_INTERNAL=1 -DESMF_NO_ACC_SOFTWARE_STACK=1 -DESMF_NETCDF=1 -DESMF_YAMLCPP=1 -DESMF_YAML=1 -DESMF_PIO=1 -DESMF_MPIIO -DESMF_NO_OPENACC -DESMF_TESTEXHAUSTIVE -DESMF_BOPT_g -DESMF_TESTCOMPTUNNEL -DESMF_TESTWITHTHREADS -DSx86_64_small=1 -DESMF_OS_Linux=1 -DESMF_COMM=openmpi -DESMF_DIR=/work/noaa/da/mpotts/sandbox/gfortran_8.3.0_openmpi_g_develop esm.F90
mpifort -c -g -Wall -Wextra -Wconversion -Wno-unused -Wno-unused-dummy-argument -fbacktrace -fimplicit-none -fcheck=all,no-pointer -fPIC  -m64 -mcmodel=small -pthread -ffree-line-length-none  -fopenmp -I/work/noaa/da/mpotts/sandbox/gfortran_8.3.0_openmpi_g_develop/DEFAULTINSTALLDIR/mod/modg/Linux.gfortran.64.openmpi.default -I/work/noaa/da/mpotts/sandbox/gfortran_8.3.0_openmpi_g_develop/DEFAULTINSTALLDIR/include -I/apps/gcc-8/netcdf-4.7.2/include -I/apps/gcc-8/netcdf-4.7.2/include  -DESMF_NO_INTEGER_1_BYTE -DESMF_NO_INTEGER_2_BYTE -DESMF_VERSION_STRING_GIT='ESMF_8_3_0_beta_snapshot_04-7-gc7b07b1' -DESMF_MOAB=1 -DESMF_LAPACK=1 -DESMF_LAPACK_INTERNAL=1 -DESMF_NO_ACC_SOFTWARE_STACK=1 -DESMF_NETCDF=1 -DESMF_YAMLCPP=1 -DESMF_YAML=1 -DESMF_PIO=1 -DESMF_MPIIO -DESMF_NO_OPENACC -DESMF_TESTEXHAUSTIVE -DESMF_BOPT_g -DESMF_TESTCOMPTUNNEL -DESMF_TESTWITHTHREADS -DSx86_64_small=1 -DESMF_OS_Linux=1 -DESMF_COMM=openmpi -DESMF_DIR=/work/noaa/da/mpotts/sandbox/gfortran_8.3.0_openmpi_g_develop esmApp.F90
mpifort -m64 -mcmodel=small -pthread -Wl,--no-as-needed  -fopenmp -L/work/noaa/da/mpotts/sandbox/gfortran_8.3.0_openmpi_g_develop/DEFAULTINSTALLDIR/lib/libg/Linux.gfortran.64.openmpi.default -L/apps/gcc-8/netcdf-4.7.2/lib -L/apps/gcc-8/netcdf-4.7.2/lib -L/apps/gcc-8/hdf5-1.10.5/lib -L/apps/gcc-8/netcdf-4.7.2/lib -L/usr/lib64 -L/apps/gcc-8/gcc-8.3.0/lib/gcc/x86_64-pc-linux-gnu/8.3.0/../../../../lib64/ -Wl,-rpath,/work/noaa/da/mpotts/sandbox/gfortran_8.3.0_openmpi_g_develop/DEFAULTINSTALLDIR/lib/libg/Linux.gfortran.64.openmpi.default -Wl,-rpath,/apps/gcc-8/netcdf-4.7.2/lib -Wl,-rpath,/apps/gcc-8/netcdf-4.7.2/lib -Wl,-rpath,/apps/gcc-8/hdf5-1.10.5/lib -Wl,-rpath,/apps/gcc-8/netcdf-4.7.2/lib -Wl,-rpath,/usr/lib64 -Wl,-rpath,/apps/gcc-8/gcc-8.3.0/lib/gcc/x86_64-pc-linux-gnu/8.3.0/../../../../lib64/ -o esmApp esmApp.o esm.o atm.o ocn.o -lesmf   -lrt -lstdc++ -ldl -lnetcdf -lnetcdff -lnetcdf -lnetcdf
+ mpirun -np 4 ./esmApp
+ local result=0
+ set +x
FINISHED: AtmOcnLogNoneProto
Tue Dec  7 03:31:02 CST 2021
---------------------------------------------------------------------------

---------------------------------------------------------------------------
Tue Dec  7 03:31:02 CST 2021
STARTING: AtmOcnMedIngestFromConfigProto
rm -f PET*.ESMF_LogFile *.nc *.stdout
rm -f esmApp *.o *.mod
mpifort -c -g -Wall -Wextra -Wconversion -Wno-unused -Wno-unused-dummy-argument -fbacktrace -fimplicit-none -fcheck=all,no-pointer -fPIC  -m64 -mcmodel=small -pthread -ffree-line-length-none  -fopenmp -I/work/noaa/da/mpotts/sandbox/gfortran_8.3.0_openmpi_g_develop/DEFAULTINSTALLDIR/mod/modg/Linux.gfortran.64.openmpi.default -I/work/noaa/da/mpotts/sandbox/gfortran_8.3.0_openmpi_g_develop/DEFAULTINSTALLDIR/include -I/apps/gcc-8/netcdf-4.7.2/include -I/apps/gcc-8/netcdf-4.7.2/include  -DESMF_NO_INTEGER_1_BYTE -DESMF_NO_INTEGER_2_BYTE -DESMF_VERSION_STRING_GIT='ESMF_8_3_0_beta_snapshot_04-7-gc7b07b1' -DESMF_MOAB=1 -DESMF_LAPACK=1 -DESMF_LAPACK_INTERNAL=1 -DESMF_NO_ACC_SOFTWARE_STACK=1 -DESMF_NETCDF=1 -DESMF_YAMLCPP=1 -DESMF_YAML=1 -DESMF_PIO=1 -DESMF_MPIIO -DESMF_NO_OPENACC -DESMF_TESTEXHAUSTIVE -DESMF_BOPT_g -DESMF_TESTCOMPTUNNEL -DESMF_TESTWITHTHREADS -DSx86_64_small=1 -DESMF_OS_Linux=1 -DESMF_COMM=openmpi -DESMF_DIR=/work/noaa/da/mpotts/sandbox/gfortran_8.3.0_openmpi_g_develop atm.F90
mpifort -c -g -Wall -Wextra -Wconversion -Wno-unused -Wno-unused-dummy-argument -fbacktrace -fimplicit-none -fcheck=all,no-pointer -fPIC  -m64 -mcmodel=small -pthread -ffree-line-length-none  -fopenmp -I/work/noaa/da/mpotts/sandbox/gfortran_8.3.0_openmpi_g_develop/DEFAULTINSTALLDIR/mod/modg/Linux.gfortran.64.openmpi.default -I/work/noaa/da/mpotts/sandbox/gfortran_8.3.0_openmpi_g_develop/DEFAULTINSTALLDIR/include -I/apps/gcc-8/netcdf-4.7.2/include -I/apps/gcc-8/netcdf-4.7.2/include  -DESMF_NO_INTEGER_1_BYTE -DESMF_NO_INTEGER_2_BYTE -DESMF_VERSION_STRING_GIT='ESMF_8_3_0_beta_snapshot_04-7-gc7b07b1' -DESMF_MOAB=1 -DESMF_LAPACK=1 -DESMF_LAPACK_INTERNAL=1 -DESMF_NO_ACC_SOFTWARE_STACK=1 -DESMF_NETCDF=1 -DESMF_YAMLCPP=1 -DESMF_YAML=1 -DESMF_PIO=1 -DESMF_MPIIO -DESMF_NO_OPENACC -DESMF_TESTEXHAUSTIVE -DESMF_BOPT_g -DESMF_TESTCOMPTUNNEL -DESMF_TESTWITHTHREADS -DSx86_64_small=1 -DESMF_OS_Linux=1 -DESMF_COMM=openmpi -DESMF_DIR=/work/noaa/da/mpotts/sandbox/gfortran_8.3.0_openmpi_g_develop ocn.F90
mpifort -c -g -Wall -Wextra -Wconversion -Wno-unused -Wno-unused-dummy-argument -fbacktrace -fimplicit-none -fcheck=all,no-pointer -fPIC  -m64 -mcmodel=small -pthread -ffree-line-length-none  -fopenmp -I/work/noaa/da/mpotts/sandbox/gfortran_8.3.0_openmpi_g_develop/DEFAULTINSTALLDIR/mod/modg/Linux.gfortran.64.openmpi.default -I/work/noaa/da/mpotts/sandbox/gfortran_8.3.0_openmpi_g_develop/DEFAULTINSTALLDIR/include -I/apps/gcc-8/netcdf-4.7.2/include -I/apps/gcc-8/netcdf-4.7.2/include  -DESMF_NO_INTEGER_1_BYTE -DESMF_NO_INTEGER_2_BYTE -DESMF_VERSION_STRING_GIT='ESMF_8_3_0_beta_snapshot_04-7-gc7b07b1' -DESMF_MOAB=1 -DESMF_LAPACK=1 -DESMF_LAPACK_INTERNAL=1 -DESMF_NO_ACC_SOFTWARE_STACK=1 -DESMF_NETCDF=1 -DESMF_YAMLCPP=1 -DESMF_YAML=1 -DESMF_PIO=1 -DESMF_MPIIO -DESMF_NO_OPENACC -DESMF_TESTEXHAUSTIVE -DESMF_BOPT_g -DESMF_TESTCOMPTUNNEL -DESMF_TESTWITHTHREADS -DSx86_64_small=1 -DESMF_OS_Linux=1 -DESMF_COMM=openmpi -DESMF_DIR=/work/noaa/da/mpotts/sandbox/gfortran_8.3.0_openmpi_g_develop med.F90
mpifort -c -g -Wall -Wextra -Wconversion -Wno-unused -Wno-unused-dummy-argument -fbacktrace -fimplicit-none -fcheck=all,no-pointer -fPIC  -m64 -mcmodel=small -pthread -ffree-line-length-none  -fopenmp -I/work/noaa/da/mpotts/sandbox/gfortran_8.3.0_openmpi_g_develop/DEFAULTINSTALLDIR/mod/modg/Linux.gfortran.64.openmpi.default -I/work/noaa/da/mpotts/sandbox/gfortran_8.3.0_openmpi_g_develop/DEFAULTINSTALLDIR/include -I/apps/gcc-8/netcdf-4.7.2/include -I/apps/gcc-8/netcdf-4.7.2/include  -DESMF_NO_INTEGER_1_BYTE -DESMF_NO_INTEGER_2_BYTE -DESMF_VERSION_STRING_GIT='ESMF_8_3_0_beta_snapshot_04-7-gc7b07b1' -DESMF_MOAB=1 -DESMF_LAPACK=1 -DESMF_LAPACK_INTERNAL=1 -DESMF_NO_ACC_SOFTWARE_STACK=1 -DESMF_NETCDF=1 -DESMF_YAMLCPP=1 -DESMF_YAML=1 -DESMF_PIO=1 -DESMF_MPIIO -DESMF_NO_OPENACC -DESMF_TESTEXHAUSTIVE -DESMF_BOPT_g -DESMF_TESTCOMPTUNNEL -DESMF_TESTWITHTHREADS -DSx86_64_small=1 -DESMF_OS_Linux=1 -DESMF_COMM=openmpi -DESMF_DIR=/work/noaa/da/mpotts/sandbox/gfortran_8.3.0_openmpi_g_develop esm.F90
mpifort -c -g -Wall -Wextra -Wconversion -Wno-unused -Wno-unused-dummy-argument -fbacktrace -fimplicit-none -fcheck=all,no-pointer -fPIC  -m64 -mcmodel=small -pthread -ffree-line-length-none  -fopenmp -I/work/noaa/da/mpotts/sandbox/gfortran_8.3.0_openmpi_g_develop/DEFAULTINSTALLDIR/mod/modg/Linux.gfortran.64.openmpi.default -I/work/noaa/da/mpotts/sandbox/gfortran_8.3.0_openmpi_g_develop/DEFAULTINSTALLDIR/include -I/apps/gcc-8/netcdf-4.7.2/include -I/apps/gcc-8/netcdf-4.7.2/include  -DESMF_NO_INTEGER_1_BYTE -DESMF_NO_INTEGER_2_BYTE -DESMF_VERSION_STRING_GIT='ESMF_8_3_0_beta_snapshot_04-7-gc7b07b1' -DESMF_MOAB=1 -DESMF_LAPACK=1 -DESMF_LAPACK_INTERNAL=1 -DESMF_NO_ACC_SOFTWARE_STACK=1 -DESMF_NETCDF=1 -DESMF_YAMLCPP=1 -DESMF_YAML=1 -DESMF_PIO=1 -DESMF_MPIIO -DESMF_NO_OPENACC -DESMF_TESTEXHAUSTIVE -DESMF_BOPT_g -DESMF_TESTCOMPTUNNEL -DESMF_TESTWITHTHREADS -DSx86_64_small=1 -DESMF_OS_Linux=1 -DESMF_COMM=openmpi -DESMF_DIR=/work/noaa/da/mpotts/sandbox/gfortran_8.3.0_openmpi_g_develop esmApp.F90
mpifort -m64 -mcmodel=small -pthread -Wl,--no-as-needed  -fopenmp -L/work/noaa/da/mpotts/sandbox/gfortran_8.3.0_openmpi_g_develop/DEFAULTINSTALLDIR/lib/libg/Linux.gfortran.64.openmpi.default -L/apps/gcc-8/netcdf-4.7.2/lib -L/apps/gcc-8/netcdf-4.7.2/lib -L/apps/gcc-8/hdf5-1.10.5/lib -L/apps/gcc-8/netcdf-4.7.2/lib -L/usr/lib64 -L/apps/gcc-8/gcc-8.3.0/lib/gcc/x86_64-pc-linux-gnu/8.3.0/../../../../lib64/ -Wl,-rpath,/work/noaa/da/mpotts/sandbox/gfortran_8.3.0_openmpi_g_develop/DEFAULTINSTALLDIR/lib/libg/Linux.gfortran.64.openmpi.default -Wl,-rpath,/apps/gcc-8/netcdf-4.7.2/lib -Wl,-rpath,/apps/gcc-8/netcdf-4.7.2/lib -Wl,-rpath,/apps/gcc-8/hdf5-1.10.5/lib -Wl,-rpath,/apps/gcc-8/netcdf-4.7.2/lib -Wl,-rpath,/usr/lib64 -Wl,-rpath,/apps/gcc-8/gcc-8.3.0/lib/gcc/x86_64-pc-linux-gnu/8.3.0/../../../../lib64/ -o esmApp esmApp.o esm.o atm.o ocn.o med.o -lesmf   -lrt -lstdc++ -ldl -lnetcdf -lnetcdff -lnetcdf -lnetcdf
+ mpirun -np 4 ./esmApp
+ local result=0
+ set +x
FINISHED: AtmOcnMedIngestFromConfigProto
Tue Dec  7 03:31:09 CST 2021
---------------------------------------------------------------------------

---------------------------------------------------------------------------
Tue Dec  7 03:31:09 CST 2021
STARTING: AtmOcnMedIngestFromInternalProto
rm -f PET*.ESMF_LogFile *.nc *.stdout
rm -f esmApp *.o *.mod
mpifort -c -g -Wall -Wextra -Wconversion -Wno-unused -Wno-unused-dummy-argument -fbacktrace -fimplicit-none -fcheck=all,no-pointer -fPIC  -m64 -mcmodel=small -pthread -ffree-line-length-none  -fopenmp -I/work/noaa/da/mpotts/sandbox/gfortran_8.3.0_openmpi_g_develop/DEFAULTINSTALLDIR/mod/modg/Linux.gfortran.64.openmpi.default -I/work/noaa/da/mpotts/sandbox/gfortran_8.3.0_openmpi_g_develop/DEFAULTINSTALLDIR/include -I/apps/gcc-8/netcdf-4.7.2/include -I/apps/gcc-8/netcdf-4.7.2/include  -DESMF_NO_INTEGER_1_BYTE -DESMF_NO_INTEGER_2_BYTE -DESMF_VERSION_STRING_GIT='ESMF_8_3_0_beta_snapshot_04-7-gc7b07b1' -DESMF_MOAB=1 -DESMF_LAPACK=1 -DESMF_LAPACK_INTERNAL=1 -DESMF_NO_ACC_SOFTWARE_STACK=1 -DESMF_NETCDF=1 -DESMF_YAMLCPP=1 -DESMF_YAML=1 -DESMF_PIO=1 -DESMF_MPIIO -DESMF_NO_OPENACC -DESMF_TESTEXHAUSTIVE -DESMF_BOPT_g -DESMF_TESTCOMPTUNNEL -DESMF_TESTWITHTHREADS -DSx86_64_small=1 -DESMF_OS_Linux=1 -DESMF_COMM=openmpi -DESMF_DIR=/work/noaa/da/mpotts/sandbox/gfortran_8.3.0_openmpi_g_develop atm.F90
mpifort -c -g -Wall -Wextra -Wconversion -Wno-unused -Wno-unused-dummy-argument -fbacktrace -fimplicit-none -fcheck=all,no-pointer -fPIC  -m64 -mcmodel=small -pthread -ffree-line-length-none  -fopenmp -I/work/noaa/da/mpotts/sandbox/gfortran_8.3.0_openmpi_g_develop/DEFAULTINSTALLDIR/mod/modg/Linux.gfortran.64.openmpi.default -I/work/noaa/da/mpotts/sandbox/gfortran_8.3.0_openmpi_g_develop/DEFAULTINSTALLDIR/include -I/apps/gcc-8/netcdf-4.7.2/include -I/apps/gcc-8/netcdf-4.7.2/include  -DESMF_NO_INTEGER_1_BYTE -DESMF_NO_INTEGER_2_BYTE -DESMF_VERSION_STRING_GIT='ESMF_8_3_0_beta_snapshot_04-7-gc7b07b1' -DESMF_MOAB=1 -DESMF_LAPACK=1 -DESMF_LAPACK_INTERNAL=1 -DESMF_NO_ACC_SOFTWARE_STACK=1 -DESMF_NETCDF=1 -DESMF_YAMLCPP=1 -DESMF_YAML=1 -DESMF_PIO=1 -DESMF_MPIIO -DESMF_NO_OPENACC -DESMF_TESTEXHAUSTIVE -DESMF_BOPT_g -DESMF_TESTCOMPTUNNEL -DESMF_TESTWITHTHREADS -DSx86_64_small=1 -DESMF_OS_Linux=1 -DESMF_COMM=openmpi -DESMF_DIR=/work/noaa/da/mpotts/sandbox/gfortran_8.3.0_openmpi_g_develop ocn.F90
mpifort -c -g -Wall -Wextra -Wconversion -Wno-unused -Wno-unused-dummy-argument -fbacktrace -fimplicit-none -fcheck=all,no-pointer -fPIC  -m64 -mcmodel=small -pthread -ffree-line-length-none  -fopenmp -I/work/noaa/da/mpotts/sandbox/gfortran_8.3.0_openmpi_g_develop/DEFAULTINSTALLDIR/mod/modg/Linux.gfortran.64.openmpi.default -I/work/noaa/da/mpotts/sandbox/gfortran_8.3.0_openmpi_g_develop/DEFAULTINSTALLDIR/include -I/apps/gcc-8/netcdf-4.7.2/include -I/apps/gcc-8/netcdf-4.7.2/include  -DESMF_NO_INTEGER_1_BYTE -DESMF_NO_INTEGER_2_BYTE -DESMF_VERSION_STRING_GIT='ESMF_8_3_0_beta_snapshot_04-7-gc7b07b1' -DESMF_MOAB=1 -DESMF_LAPACK=1 -DESMF_LAPACK_INTERNAL=1 -DESMF_NO_ACC_SOFTWARE_STACK=1 -DESMF_NETCDF=1 -DESMF_YAMLCPP=1 -DESMF_YAML=1 -DESMF_PIO=1 -DESMF_MPIIO -DESMF_NO_OPENACC -DESMF_TESTEXHAUSTIVE -DESMF_BOPT_g -DESMF_TESTCOMPTUNNEL -DESMF_TESTWITHTHREADS -DSx86_64_small=1 -DESMF_OS_Linux=1 -DESMF_COMM=openmpi -DESMF_DIR=/work/noaa/da/mpotts/sandbox/gfortran_8.3.0_openmpi_g_develop med.F90
mpifort -c -g -Wall -Wextra -Wconversion -Wno-unused -Wno-unused-dummy-argument -fbacktrace -fimplicit-none -fcheck=all,no-pointer -fPIC  -m64 -mcmodel=small -pthread -ffree-line-length-none  -fopenmp -I/work/noaa/da/mpotts/sandbox/gfortran_8.3.0_openmpi_g_develop/DEFAULTINSTALLDIR/mod/modg/Linux.gfortran.64.openmpi.default -I/work/noaa/da/mpotts/sandbox/gfortran_8.3.0_openmpi_g_develop/DEFAULTINSTALLDIR/include -I/apps/gcc-8/netcdf-4.7.2/include -I/apps/gcc-8/netcdf-4.7.2/include  -DESMF_NO_INTEGER_1_BYTE -DESMF_NO_INTEGER_2_BYTE -DESMF_VERSION_STRING_GIT='ESMF_8_3_0_beta_snapshot_04-7-gc7b07b1' -DESMF_MOAB=1 -DESMF_LAPACK=1 -DESMF_LAPACK_INTERNAL=1 -DESMF_NO_ACC_SOFTWARE_STACK=1 -DESMF_NETCDF=1 -DESMF_YAMLCPP=1 -DESMF_YAML=1 -DESMF_PIO=1 -DESMF_MPIIO -DESMF_NO_OPENACC -DESMF_TESTEXHAUSTIVE -DESMF_BOPT_g -DESMF_TESTCOMPTUNNEL -DESMF_TESTWITHTHREADS -DSx86_64_small=1 -DESMF_OS_Linux=1 -DESMF_COMM=openmpi -DESMF_DIR=/work/noaa/da/mpotts/sandbox/gfortran_8.3.0_openmpi_g_develop esm.F90
mpifort -c -g -Wall -Wextra -Wconversion -Wno-unused -Wno-unused-dummy-argument -fbacktrace -fimplicit-none -fcheck=all,no-pointer -fPIC  -m64 -mcmodel=small -pthread -ffree-line-length-none  -fopenmp -I/work/noaa/da/mpotts/sandbox/gfortran_8.3.0_openmpi_g_develop/DEFAULTINSTALLDIR/mod/modg/Linux.gfortran.64.openmpi.default -I/work/noaa/da/mpotts/sandbox/gfortran_8.3.0_openmpi_g_develop/DEFAULTINSTALLDIR/include -I/apps/gcc-8/netcdf-4.7.2/include -I/apps/gcc-8/netcdf-4.7.2/include  -DESMF_NO_INTEGER_1_BYTE -DESMF_NO_INTEGER_2_BYTE -DESMF_VERSION_STRING_GIT='ESMF_8_3_0_beta_snapshot_04-7-gc7b07b1' -DESMF_MOAB=1 -DESMF_LAPACK=1 -DESMF_LAPACK_INTERNAL=1 -DESMF_NO_ACC_SOFTWARE_STACK=1 -DESMF_NETCDF=1 -DESMF_YAMLCPP=1 -DESMF_YAML=1 -DESMF_PIO=1 -DESMF_MPIIO -DESMF_NO_OPENACC -DESMF_TESTEXHAUSTIVE -DESMF_BOPT_g -DESMF_TESTCOMPTUNNEL -DESMF_TESTWITHTHREADS -DSx86_64_small=1 -DESMF_OS_Linux=1 -DESMF_COMM=openmpi -DESMF_DIR=/work/noaa/da/mpotts/sandbox/gfortran_8.3.0_openmpi_g_develop esmApp.F90
mpifort -m64 -mcmodel=small -pthread -Wl,--no-as-needed  -fopenmp -L/work/noaa/da/mpotts/sandbox/gfortran_8.3.0_openmpi_g_develop/DEFAULTINSTALLDIR/lib/libg/Linux.gfortran.64.openmpi.default -L/apps/gcc-8/netcdf-4.7.2/lib -L/apps/gcc-8/netcdf-4.7.2/lib -L/apps/gcc-8/hdf5-1.10.5/lib -L/apps/gcc-8/netcdf-4.7.2/lib -L/usr/lib64 -L/apps/gcc-8/gcc-8.3.0/lib/gcc/x86_64-pc-linux-gnu/8.3.0/../../../../lib64/ -Wl,-rpath,/work/noaa/da/mpotts/sandbox/gfortran_8.3.0_openmpi_g_develop/DEFAULTINSTALLDIR/lib/libg/Linux.gfortran.64.openmpi.default -Wl,-rpath,/apps/gcc-8/netcdf-4.7.2/lib -Wl,-rpath,/apps/gcc-8/netcdf-4.7.2/lib -Wl,-rpath,/apps/gcc-8/hdf5-1.10.5/lib -Wl,-rpath,/apps/gcc-8/netcdf-4.7.2/lib -Wl,-rpath,/usr/lib64 -Wl,-rpath,/apps/gcc-8/gcc-8.3.0/lib/gcc/x86_64-pc-linux-gnu/8.3.0/../../../../lib64/ -o esmApp esmApp.o esm.o atm.o ocn.o med.o -lesmf   -lrt -lstdc++ -ldl -lnetcdf -lnetcdff -lnetcdf -lnetcdf
+ mpirun -np 4 ./esmApp
+ local result=0
+ set +x
FINISHED: AtmOcnMedIngestFromInternalProto
Tue Dec  7 03:31:17 CST 2021
---------------------------------------------------------------------------

---------------------------------------------------------------------------
Tue Dec  7 03:31:17 CST 2021
STARTING: AtmOcnMedPetListProto
rm -f PET*.ESMF_LogFile *.nc *.stdout
rm -f esmApp *.o *.mod
mpifort -c -g -Wall -Wextra -Wconversion -Wno-unused -Wno-unused-dummy-argument -fbacktrace -fimplicit-none -fcheck=all,no-pointer -fPIC  -m64 -mcmodel=small -pthread -ffree-line-length-none  -fopenmp -I/work/noaa/da/mpotts/sandbox/gfortran_8.3.0_openmpi_g_develop/DEFAULTINSTALLDIR/mod/modg/Linux.gfortran.64.openmpi.default -I/work/noaa/da/mpotts/sandbox/gfortran_8.3.0_openmpi_g_develop/DEFAULTINSTALLDIR/include -I/apps/gcc-8/netcdf-4.7.2/include -I/apps/gcc-8/netcdf-4.7.2/include  -DESMF_NO_INTEGER_1_BYTE -DESMF_NO_INTEGER_2_BYTE -DESMF_VERSION_STRING_GIT='ESMF_8_3_0_beta_snapshot_04-7-gc7b07b1' -DESMF_MOAB=1 -DESMF_LAPACK=1 -DESMF_LAPACK_INTERNAL=1 -DESMF_NO_ACC_SOFTWARE_STACK=1 -DESMF_NETCDF=1 -DESMF_YAMLCPP=1 -DESMF_YAML=1 -DESMF_PIO=1 -DESMF_MPIIO -DESMF_NO_OPENACC -DESMF_TESTEXHAUSTIVE -DESMF_BOPT_g -DESMF_TESTCOMPTUNNEL -DESMF_TESTWITHTHREADS -DSx86_64_small=1 -DESMF_OS_Linux=1 -DESMF_COMM=openmpi -DESMF_DIR=/work/noaa/da/mpotts/sandbox/gfortran_8.3.0_openmpi_g_develop atm.F90
mpifort -c -g -Wall -Wextra -Wconversion -Wno-unused -Wno-unused-dummy-argument -fbacktrace -fimplicit-none -fcheck=all,no-pointer -fPIC  -m64 -mcmodel=small -pthread -ffree-line-length-none  -fopenmp -I/work/noaa/da/mpotts/sandbox/gfortran_8.3.0_openmpi_g_develop/DEFAULTINSTALLDIR/mod/modg/Linux.gfortran.64.openmpi.default -I/work/noaa/da/mpotts/sandbox/gfortran_8.3.0_openmpi_g_develop/DEFAULTINSTALLDIR/include -I/apps/gcc-8/netcdf-4.7.2/include -I/apps/gcc-8/netcdf-4.7.2/include  -DESMF_NO_INTEGER_1_BYTE -DESMF_NO_INTEGER_2_BYTE -DESMF_VERSION_STRING_GIT='ESMF_8_3_0_beta_snapshot_04-7-gc7b07b1' -DESMF_MOAB=1 -DESMF_LAPACK=1 -DESMF_LAPACK_INTERNAL=1 -DESMF_NO_ACC_SOFTWARE_STACK=1 -DESMF_NETCDF=1 -DESMF_YAMLCPP=1 -DESMF_YAML=1 -DESMF_PIO=1 -DESMF_MPIIO -DESMF_NO_OPENACC -DESMF_TESTEXHAUSTIVE -DESMF_BOPT_g -DESMF_TESTCOMPTUNNEL -DESMF_TESTWITHTHREADS -DSx86_64_small=1 -DESMF_OS_Linux=1 -DESMF_COMM=openmpi -DESMF_DIR=/work/noaa/da/mpotts/sandbox/gfortran_8.3.0_openmpi_g_develop ocn.F90
mpifort -c -g -Wall -Wextra -Wconversion -Wno-unused -Wno-unused-dummy-argument -fbacktrace -fimplicit-none -fcheck=all,no-pointer -fPIC  -m64 -mcmodel=small -pthread -ffree-line-length-none  -fopenmp -I/work/noaa/da/mpotts/sandbox/gfortran_8.3.0_openmpi_g_develop/DEFAULTINSTALLDIR/mod/modg/Linux.gfortran.64.openmpi.default -I/work/noaa/da/mpotts/sandbox/gfortran_8.3.0_openmpi_g_develop/DEFAULTINSTALLDIR/include -I/apps/gcc-8/netcdf-4.7.2/include -I/apps/gcc-8/netcdf-4.7.2/include  -DESMF_NO_INTEGER_1_BYTE -DESMF_NO_INTEGER_2_BYTE -DESMF_VERSION_STRING_GIT='ESMF_8_3_0_beta_snapshot_04-7-gc7b07b1' -DESMF_MOAB=1 -DESMF_LAPACK=1 -DESMF_LAPACK_INTERNAL=1 -DESMF_NO_ACC_SOFTWARE_STACK=1 -DESMF_NETCDF=1 -DESMF_YAMLCPP=1 -DESMF_YAML=1 -DESMF_PIO=1 -DESMF_MPIIO -DESMF_NO_OPENACC -DESMF_TESTEXHAUSTIVE -DESMF_BOPT_g -DESMF_TESTCOMPTUNNEL -DESMF_TESTWITHTHREADS -DSx86_64_small=1 -DESMF_OS_Linux=1 -DESMF_COMM=openmpi -DESMF_DIR=/work/noaa/da/mpotts/sandbox/gfortran_8.3.0_openmpi_g_develop med.F90
mpifort -c -g -Wall -Wextra -Wconversion -Wno-unused -Wno-unused-dummy-argument -fbacktrace -fimplicit-none -fcheck=all,no-pointer -fPIC  -m64 -mcmodel=small -pthread -ffree-line-length-none  -fopenmp -I/work/noaa/da/mpotts/sandbox/gfortran_8.3.0_openmpi_g_develop/DEFAULTINSTALLDIR/mod/modg/Linux.gfortran.64.openmpi.default -I/work/noaa/da/mpotts/sandbox/gfortran_8.3.0_openmpi_g_develop/DEFAULTINSTALLDIR/include -I/apps/gcc-8/netcdf-4.7.2/include -I/apps/gcc-8/netcdf-4.7.2/include  -DESMF_NO_INTEGER_1_BYTE -DESMF_NO_INTEGER_2_BYTE -DESMF_VERSION_STRING_GIT='ESMF_8_3_0_beta_snapshot_04-7-gc7b07b1' -DESMF_MOAB=1 -DESMF_LAPACK=1 -DESMF_LAPACK_INTERNAL=1 -DESMF_NO_ACC_SOFTWARE_STACK=1 -DESMF_NETCDF=1 -DESMF_YAMLCPP=1 -DESMF_YAML=1 -DESMF_PIO=1 -DESMF_MPIIO -DESMF_NO_OPENACC -DESMF_TESTEXHAUSTIVE -DESMF_BOPT_g -DESMF_TESTCOMPTUNNEL -DESMF_TESTWITHTHREADS -DSx86_64_small=1 -DESMF_OS_Linux=1 -DESMF_COMM=openmpi -DESMF_DIR=/work/noaa/da/mpotts/sandbox/gfortran_8.3.0_openmpi_g_develop esm.F90
mpifort -c -g -Wall -Wextra -Wconversion -Wno-unused -Wno-unused-dummy-argument -fbacktrace -fimplicit-none -fcheck=all,no-pointer -fPIC  -m64 -mcmodel=small -pthread -ffree-line-length-none  -fopenmp -I/work/noaa/da/mpotts/sandbox/gfortran_8.3.0_openmpi_g_develop/DEFAULTINSTALLDIR/mod/modg/Linux.gfortran.64.openmpi.default -I/work/noaa/da/mpotts/sandbox/gfortran_8.3.0_openmpi_g_develop/DEFAULTINSTALLDIR/include -I/apps/gcc-8/netcdf-4.7.2/include -I/apps/gcc-8/netcdf-4.7.2/include  -DESMF_NO_INTEGER_1_BYTE -DESMF_NO_INTEGER_2_BYTE -DESMF_VERSION_STRING_GIT='ESMF_8_3_0_beta_snapshot_04-7-gc7b07b1' -DESMF_MOAB=1 -DESMF_LAPACK=1 -DESMF_LAPACK_INTERNAL=1 -DESMF_NO_ACC_SOFTWARE_STACK=1 -DESMF_NETCDF=1 -DESMF_YAMLCPP=1 -DESMF_YAML=1 -DESMF_PIO=1 -DESMF_MPIIO -DESMF_NO_OPENACC -DESMF_TESTEXHAUSTIVE -DESMF_BOPT_g -DESMF_TESTCOMPTUNNEL -DESMF_TESTWITHTHREADS -DSx86_64_small=1 -DESMF_OS_Linux=1 -DESMF_COMM=openmpi -DESMF_DIR=/work/noaa/da/mpotts/sandbox/gfortran_8.3.0_openmpi_g_develop esmApp.F90
mpifort -m64 -mcmodel=small -pthread -Wl,--no-as-needed  -fopenmp -L/work/noaa/da/mpotts/sandbox/gfortran_8.3.0_openmpi_g_develop/DEFAULTINSTALLDIR/lib/libg/Linux.gfortran.64.openmpi.default -L/apps/gcc-8/netcdf-4.7.2/lib -L/apps/gcc-8/netcdf-4.7.2/lib -L/apps/gcc-8/hdf5-1.10.5/lib -L/apps/gcc-8/netcdf-4.7.2/lib -L/usr/lib64 -L/apps/gcc-8/gcc-8.3.0/lib/gcc/x86_64-pc-linux-gnu/8.3.0/../../../../lib64/ -Wl,-rpath,/work/noaa/da/mpotts/sandbox/gfortran_8.3.0_openmpi_g_develop/DEFAULTINSTALLDIR/lib/libg/Linux.gfortran.64.openmpi.default -Wl,-rpath,/apps/gcc-8/netcdf-4.7.2/lib -Wl,-rpath,/apps/gcc-8/netcdf-4.7.2/lib -Wl,-rpath,/apps/gcc-8/hdf5-1.10.5/lib -Wl,-rpath,/apps/gcc-8/netcdf-4.7.2/lib -Wl,-rpath,/usr/lib64 -Wl,-rpath,/apps/gcc-8/gcc-8.3.0/lib/gcc/x86_64-pc-linux-gnu/8.3.0/../../../../lib64/ -o esmApp esmApp.o esm.o atm.o ocn.o med.o -lesmf   -lrt -lstdc++ -ldl -lnetcdf -lnetcdff -lnetcdf -lnetcdf
+ mpirun -np 4 ./esmApp
