build time -- 2021-10-07 01:21:04.492893
20211007 014116.102 INFO             PET0 !!!!!!!!!!!!!!!!!!!!!!!!!!!!!!!!!!!!!!!!!!!!!!!!!!!!!!
20211007 014116.102 INFO             PET0 !!! THE ESMF_LOG IS SET TO OUTPUT ALL LOG MESSAGES !!!
20211007 014116.102 INFO             PET0 !!!     THIS MAY CAUSE SLOWDOWN IN PERFORMANCE     !!!
20211007 014116.102 INFO             PET0 !!! FOR PRODUCTION RUNS, USE:                      !!!
20211007 014116.102 INFO             PET0 !!!                   ESMF_LOGKIND_Multi_On_Error  !!!
20211007 014116.102 INFO             PET0 !!!!!!!!!!!!!!!!!!!!!!!!!!!!!!!!!!!!!!!!!!!!!!!!!!!!!!
20211007 014116.102 INFO             PET0 Running with ESMF Version   : ESMF_8_2_0_beta_snapshot_21
20211007 014116.102 INFO             PET0 ESMF library build date/time: "Oct  7 2021" "01:19:32"
20211007 014116.102 INFO             PET0 ESMF library build location : /gpfsm/dnb04/projects/p98/mpotts/esmf/gfortran_8.3.0_mpt_g_release_8.2.0
20211007 014116.102 INFO             PET0 ESMF_COMM                   : mpt
20211007 014116.102 INFO             PET0 ESMF_MOAB                   : enabled
20211007 014116.102 INFO             PET0 ESMF_LAPACK                 : enabled
20211007 014116.102 INFO             PET0 ESMF_NETCDF                 : disabled
20211007 014116.102 INFO             PET0 ESMF_PNETCDF                : disabled
20211007 014116.102 INFO             PET0 ESMF_PIO                    : enabled
20211007 014116.102 INFO             PET0 ESMF_YAMLCPP                : enabled
20211007 014116.311 INFO             PET0  NUMBER_OF_PROCESSORS           4
20211007 014116.311 INFO             PET0  PASS  Example ESMF_RHandleReusabilityEx, ESMF_RHandleReusabilityEx.F90, line 582
20211007 014116.311 INFO             PET0 Finalizing ESMF
20211007 014116.210 INFO             PET1 !!!!!!!!!!!!!!!!!!!!!!!!!!!!!!!!!!!!!!!!!!!!!!!!!!!!!!
20211007 014116.210 INFO             PET1 !!! THE ESMF_LOG IS SET TO OUTPUT ALL LOG MESSAGES !!!
20211007 014116.210 INFO             PET1 !!!     THIS MAY CAUSE SLOWDOWN IN PERFORMANCE     !!!
20211007 014116.210 INFO             PET1 !!! FOR PRODUCTION RUNS, USE:                      !!!
20211007 014116.210 INFO             PET1 !!!                   ESMF_LOGKIND_Multi_On_Error  !!!
20211007 014116.210 INFO             PET1 !!!!!!!!!!!!!!!!!!!!!!!!!!!!!!!!!!!!!!!!!!!!!!!!!!!!!!
20211007 014116.210 INFO             PET1 Running with ESMF Version   : ESMF_8_2_0_beta_snapshot_21
20211007 014116.210 INFO             PET1 ESMF library build date/time: "Oct  7 2021" "01:19:32"
20211007 014116.210 INFO             PET1 ESMF library build location : /gpfsm/dnb04/projects/p98/mpotts/esmf/gfortran_8.3.0_mpt_g_release_8.2.0
20211007 014116.210 INFO             PET1 ESMF_COMM                   : mpt
20211007 014116.211 INFO             PET1 ESMF_MOAB                   : enabled
20211007 014116.211 INFO             PET1 ESMF_LAPACK                 : enabled
20211007 014116.211 INFO             PET1 ESMF_NETCDF                 : disabled
20211007 014116.211 INFO             PET1 ESMF_PNETCDF                : disabled
20211007 014116.211 INFO             PET1 ESMF_PIO                    : enabled
20211007 014116.211 INFO             PET1 ESMF_YAMLCPP                : enabled
20211007 014116.311 INFO             PET1  NUMBER_OF_PROCESSORS           4
20211007 014116.311 INFO             PET1  PASS  Example ESMF_RHandleReusabilityEx, ESMF_RHandleReusabilityEx.F90, line 582
20211007 014116.311 INFO             PET1 Finalizing ESMF
20211007 014116.101 INFO             PET2 !!!!!!!!!!!!!!!!!!!!!!!!!!!!!!!!!!!!!!!!!!!!!!!!!!!!!!
20211007 014116.102 INFO             PET2 !!! THE ESMF_LOG IS SET TO OUTPUT ALL LOG MESSAGES !!!
20211007 014116.102 INFO             PET2 !!!     THIS MAY CAUSE SLOWDOWN IN PERFORMANCE     !!!
20211007 014116.102 INFO             PET2 !!! FOR PRODUCTION RUNS, USE:                      !!!
20211007 014116.102 INFO             PET2 !!!                   ESMF_LOGKIND_Multi_On_Error  !!!
20211007 014116.102 INFO             PET2 !!!!!!!!!!!!!!!!!!!!!!!!!!!!!!!!!!!!!!!!!!!!!!!!!!!!!!
20211007 014116.102 INFO             PET2 Running with ESMF Version   : ESMF_8_2_0_beta_snapshot_21
20211007 014116.102 INFO             PET2 ESMF library build date/time: "Oct  7 2021" "01:19:32"
20211007 014116.102 INFO             PET2 ESMF library build location : /gpfsm/dnb04/projects/p98/mpotts/esmf/gfortran_8.3.0_mpt_g_release_8.2.0
20211007 014116.102 INFO             PET2 ESMF_COMM                   : mpt
20211007 014116.102 INFO             PET2 ESMF_MOAB                   : enabled
20211007 014116.102 INFO             PET2 ESMF_LAPACK                 : enabled
20211007 014116.102 INFO             PET2 ESMF_NETCDF                 : disabled
20211007 014116.102 INFO             PET2 ESMF_PNETCDF                : disabled
20211007 014116.102 INFO             PET2 ESMF_PIO                    : enabled
20211007 014116.102 INFO             PET2 ESMF_YAMLCPP                : enabled
20211007 014116.311 INFO             PET2  NUMBER_OF_PROCESSORS           4
20211007 014116.311 INFO             PET2  PASS  Example ESMF_RHandleReusabilityEx, ESMF_RHandleReusabilityEx.F90, line 582
20211007 014116.311 INFO             PET2 Finalizing ESMF
20211007 014116.101 INFO             PET3 !!!!!!!!!!!!!!!!!!!!!!!!!!!!!!!!!!!!!!!!!!!!!!!!!!!!!!
20211007 014116.101 INFO             PET3 !!! THE ESMF_LOG IS SET TO OUTPUT ALL LOG MESSAGES !!!
20211007 014116.101 INFO             PET3 !!!     THIS MAY CAUSE SLOWDOWN IN PERFORMANCE     !!!
20211007 014116.101 INFO             PET3 !!! FOR PRODUCTION RUNS, USE:                      !!!
20211007 014116.101 INFO             PET3 !!!                   ESMF_LOGKIND_Multi_On_Error  !!!
20211007 014116.101 INFO             PET3 !!!!!!!!!!!!!!!!!!!!!!!!!!!!!!!!!!!!!!!!!!!!!!!!!!!!!!
20211007 014116.101 INFO             PET3 Running with ESMF Version   : ESMF_8_2_0_beta_snapshot_21
20211007 014116.101 INFO             PET3 ESMF library build date/time: "Oct  7 2021" "01:19:32"
20211007 014116.101 INFO             PET3 ESMF library build location : /gpfsm/dnb04/projects/p98/mpotts/esmf/gfortran_8.3.0_mpt_g_release_8.2.0
20211007 014116.101 INFO             PET3 ESMF_COMM                   : mpt
20211007 014116.102 INFO             PET3 ESMF_MOAB                   : enabled
20211007 014116.102 INFO             PET3 ESMF_LAPACK                 : enabled
20211007 014116.102 INFO             PET3 ESMF_NETCDF                 : disabled
20211007 014116.102 INFO             PET3 ESMF_PNETCDF                : disabled
20211007 014116.102 INFO             PET3 ESMF_PIO                    : enabled
20211007 014116.102 INFO             PET3 ESMF_YAMLCPP                : enabled
20211007 014116.311 INFO             PET3  NUMBER_OF_PROCESSORS           4
20211007 014116.311 INFO             PET3  PASS  Example ESMF_RHandleReusabilityEx, ESMF_RHandleReusabilityEx.F90, line 582
20211007 014116.311 INFO             PET3 Finalizing ESMF
