build time -- 2021-10-14 02:29:13
20211014 024953.349 INFO             PET0 !!!!!!!!!!!!!!!!!!!!!!!!!!!!!!!!!!!!!!!!!!!!!!!!!!!!!!
20211014 024953.349 INFO             PET0 !!! THE ESMF_LOG IS SET TO OUTPUT ALL LOG MESSAGES !!!
20211014 024953.349 INFO             PET0 !!!     THIS MAY CAUSE SLOWDOWN IN PERFORMANCE     !!!
20211014 024953.349 INFO             PET0 !!! FOR PRODUCTION RUNS, USE:                      !!!
20211014 024953.349 INFO             PET0 !!!                   ESMF_LOGKIND_Multi_On_Error  !!!
20211014 024953.349 INFO             PET0 !!!!!!!!!!!!!!!!!!!!!!!!!!!!!!!!!!!!!!!!!!!!!!!!!!!!!!
20211014 024953.349 INFO             PET0 Running with ESMF Version   : ESMF_8_2_0_beta_snapshot_22-2-g9510bd0
20211014 024953.349 INFO             PET0 ESMF library build date/time: "Oct 14 2021" "02:27:45"
20211014 024953.349 INFO             PET0 ESMF library build location : /work/noaa/da/mpotts/sandbox/gfortran_8.3.0_mpiuni_O_release_8.2.0
20211014 024953.349 INFO             PET0 ESMF_COMM                   : mpiuni
20211014 024953.350 INFO             PET0 ESMF_MOAB                   : enabled
20211014 024953.350 INFO             PET0 ESMF_LAPACK                 : enabled
20211014 024953.350 INFO             PET0 ESMF_NETCDF                 : enabled
20211014 024953.350 INFO             PET0 ESMF_PNETCDF                : disabled
20211014 024953.350 INFO             PET0 ESMF_PIO                    : disabled
20211014 024953.350 INFO             PET0 ESMF_YAMLCPP                : enabled
20211014 024953.376 DEBUG            PET0 about to destroy Grid: 0x8bc1c0
20211014 024953.380 DEBUG            PET0 about to destroy Grid: 0x8bd460
20211014 024953.388 INFO             PET0  NUMBER_OF_PROCESSORS           1
20211014 024953.388 INFO             PET0  PASS  Example ESMF_NUOPCAtmModelEx, ESMF_NUOPCAtmModelEx.F90, line 806
20211014 024953.388 INFO             PET0 Finalizing ESMF
