build time -- 2021-10-29 12:03:02
forrtl: severe (174): SIGSEGV, segmentation fault occurred
Image              PC                Routine            Line        Source             
ESMF_FieldSphereR  0000000107F1EEE4  for__signal_handl     Unknown  Unknown
libsystem_platfor  00007FFF666F8B5D  _sigtramp             Unknown  Unknown
libmpi.40.dylib    000000010A7732A1  MPI_Comm_rank         Unknown  Unknown
libesmf.dylib      0000000108AC8532  _ZN5ESMCI3VMK4ini     Unknown  Unknown
libesmf.dylib      0000000108AA5275  _ZN5ESMCI2VM10ini     Unknown  Unknown
libesmf.dylib      0000000108AD2AE5  c_esmc_vminitiali     Unknown  Unknown
libesmf.dylib      00000001092BD6E0  esmf_vmmod_mp_esm     Unknown  Unknown
libesmf.dylib      0000000109156856  esmf_initmod_mp_e     Unknown  Unknown
libesmf.dylib      0000000109158F28  esmf_initmod_mp_e     Unknown  Unknown
ESMF_FieldSphereR  0000000107EF720A  MAIN__                Unknown  Unknown
ESMF_FieldSphereR  0000000107EF6F1E  main                  Unknown  Unknown
forrtl: severe (174): SIGSEGV, segmentation fault occurred
Image              PC                Routine            Line        Source             
ESMF_FieldSphereR  000000010CA8CEE4  for__signal_handl     Unknown  Unknown
libsystem_platfor  00007FFF666F8B5D  _sigtramp             Unknown  Unknown
libmpi.40.dylib    000000010F2E62A1  MPI_Comm_rank         Unknown  Unknown
libesmf.dylib      000000010D634532  _ZN5ESMCI3VMK4ini     Unknown  Unknown
libesmf.dylib      000000010D611275  _ZN5ESMCI2VM10ini     Unknown  Unknown
libesmf.dylib      000000010D63EAE5  c_esmc_vminitiali     Unknown  Unknown
libesmf.dylib      000000010DE296E0  esmf_vmmod_mp_esm     Unknown  Unknown
libesmf.dylib      000000010DCC2856  esmf_initmod_mp_e     Unknown  Unknown
libesmf.dylib      000000010DCC4F28  esmf_initmod_mp_e     Unknown  Unknown
ESMF_FieldSphereR  000000010CA6520A  MAIN__                Unknown  Unknown
ESMF_FieldSphereR  000000010CA64F1E  main                  Unknown  Unknown
forrtl: severe (174): SIGSEGV, segmentation fault occurred
Image              PC                Routine            Line        Source             
ESMF_FieldSphereR  0000000104B74EE4  for__signal_handl     Unknown  Unknown
libsystem_platfor  00007FFF666F8B5D  _sigtramp             Unknown  Unknown
libmpi.40.dylib    00000001073CE2A1  MPI_Comm_rank         Unknown  Unknown
libesmf.dylib      000000010571B532  _ZN5ESMCI3VMK4ini     Unknown  Unknown
libesmf.dylib      00000001056F8275  _ZN5ESMCI2VM10ini     Unknown  Unknown
libesmf.dylib      0000000105725AE5  c_esmc_vminitiali     Unknown  Unknown
libesmf.dylib      0000000105F106E0  esmf_vmmod_mp_esm     Unknown  Unknown
libesmf.dylib      0000000105DA9856  esmf_initmod_mp_e     Unknown  Unknown
libesmf.dylib      0000000105DABF28  esmf_initmod_mp_e     Unknown  Unknown
ESMF_FieldSphereR  0000000104B4D20A  MAIN__                Unknown  Unknown
ESMF_FieldSphereR  0000000104B4CF1E  main                  Unknown  Unknown
forrtl: severe (174): SIGSEGV, segmentation fault occurred
Image              PC                Routine            Line        Source             
ESMF_FieldSphereR  000000010BFAEEE4  for__signal_handl     Unknown  Unknown
libsystem_platfor  00007FFF666F8B5D  _sigtramp             Unknown  Unknown
libmpi.40.dylib    000000010E8002A1  MPI_Comm_rank         Unknown  Unknown
libesmf.dylib      000000010CB54532  _ZN5ESMCI3VMK4ini     Unknown  Unknown
libesmf.dylib      000000010CB31275  _ZN5ESMCI2VM10ini     Unknown  Unknown
libesmf.dylib      000000010CB5EAE5  c_esmc_vminitiali     Unknown  Unknown
libesmf.dylib      000000010D3496E0  esmf_vmmod_mp_esm     Unknown  Unknown
libesmf.dylib      000000010D1E2856  esmf_initmod_mp_e     Unknown  Unknown
libesmf.dylib      000000010D1E4F28  esmf_initmod_mp_e     Unknown  Unknown
ESMF_FieldSphereR  000000010BF8720A  MAIN__                Unknown  Unknown
ESMF_FieldSphereR  000000010BF86F1E  main                  Unknown  Unknown
