build time -- 2021-10-29 12:03:02
forrtl: severe (174): SIGSEGV, segmentation fault occurred
Image              PC                Routine            Line        Source             
ESMF_TraceUserEx   0000000102EF5E54  for__signal_handl     Unknown  Unknown
libsystem_platfor  00007FFF666F8B5D  _sigtramp             Unknown  Unknown
libmpi.40.dylib    00000001057492A1  MPI_Comm_rank         Unknown  Unknown
libesmf.dylib      0000000103A99532  _ZN5ESMCI3VMK4ini     Unknown  Unknown
libesmf.dylib      0000000103A76275  _ZN5ESMCI2VM10ini     Unknown  Unknown
libesmf.dylib      0000000103AA3AE5  c_esmc_vminitiali     Unknown  Unknown
libesmf.dylib      000000010428E6E0  esmf_vmmod_mp_esm     Unknown  Unknown
libesmf.dylib      0000000104127856  esmf_initmod_mp_e     Unknown  Unknown
libesmf.dylib      0000000104129F28  esmf_initmod_mp_e     Unknown  Unknown
ESMF_TraceUserEx   0000000102ED002E  MAIN__                Unknown  Unknown
ESMF_TraceUserEx   0000000102ECFEAE  main                  Unknown  Unknown
forrtl: severe (174): SIGSEGV, segmentation fault occurred
Image              PC                Routine            Line        Source             
ESMF_TraceUserEx   00000001092DEE54  for__signal_handl     Unknown  Unknown
libsystem_platfor  00007FFF666F8B5D  _sigtramp             Unknown  Unknown
libmpi.40.dylib    000000010BB382A1  MPI_Comm_rank         Unknown  Unknown
libesmf.dylib      0000000109E84532  _ZN5ESMCI3VMK4ini     Unknown  Unknown
libesmf.dylib      0000000109E61275  _ZN5ESMCI2VM10ini     Unknown  Unknown
libesmf.dylib      0000000109E8EAE5  c_esmc_vminitiali     Unknown  Unknown
libesmf.dylib      000000010A6796E0  esmf_vmmod_mp_esm     Unknown  Unknown
libesmf.dylib      000000010A512856  esmf_initmod_mp_e     Unknown  Unknown
libesmf.dylib      000000010A514F28  esmf_initmod_mp_e     Unknown  Unknown
ESMF_TraceUserEx   00000001092B902E  MAIN__                Unknown  Unknown
ESMF_TraceUserEx   00000001092B8EAE  main                  Unknown  Unknown
forrtl: severe (174): SIGSEGV, segmentation fault occurred
Image              PC                Routine            Line        Source             
ESMF_TraceUserEx   000000010CD1CE54  for__signal_handl     Unknown  Unknown
libsystem_platfor  00007FFF666F8B5D  _sigtramp             Unknown  Unknown
libmpi.40.dylib    000000010F5742A1  MPI_Comm_rank         Unknown  Unknown
libesmf.dylib      000000010D8BF532  _ZN5ESMCI3VMK4ini     Unknown  Unknown
libesmf.dylib      000000010D89C275  _ZN5ESMCI2VM10ini     Unknown  Unknown
libesmf.dylib      000000010D8C9AE5  c_esmc_vminitiali     Unknown  Unknown
libesmf.dylib      000000010E0B46E0  esmf_vmmod_mp_esm     Unknown  Unknown
libesmf.dylib      000000010DF4D856  esmf_initmod_mp_e     Unknown  Unknown
libesmf.dylib      000000010DF4FF28  esmf_initmod_mp_e     Unknown  Unknown
ESMF_TraceUserEx   000000010CCF702E  MAIN__                Unknown  Unknown
ESMF_TraceUserEx   000000010CCF6EAE  main                  Unknown  Unknown
forrtl: severe (174): SIGSEGV, segmentation fault occurred
Image              PC                Routine            Line        Source             
ESMF_TraceUserEx   000000010C875E54  for__signal_handl     Unknown  Unknown
libsystem_platfor  00007FFF666F8B5D  _sigtramp             Unknown  Unknown
libmpi.40.dylib    000000010F0D02A1  MPI_Comm_rank         Unknown  Unknown
libesmf.dylib      000000010D41E532  _ZN5ESMCI3VMK4ini     Unknown  Unknown
libesmf.dylib      000000010D3FB275  _ZN5ESMCI2VM10ini     Unknown  Unknown
libesmf.dylib      000000010D428AE5  c_esmc_vminitiali     Unknown  Unknown
libesmf.dylib      000000010DC136E0  esmf_vmmod_mp_esm     Unknown  Unknown
libesmf.dylib      000000010DAAC856  esmf_initmod_mp_e     Unknown  Unknown
libesmf.dylib      000000010DAAEF28  esmf_initmod_mp_e     Unknown  Unknown
ESMF_TraceUserEx   000000010C85002E  MAIN__                Unknown  Unknown
ESMF_TraceUserEx   000000010C84FEAE  main                  Unknown  Unknown
