build time -- 2021-10-29 12:03:02
forrtl: severe (174): SIGSEGV, segmentation fault occurred
Image              PC                Routine            Line        Source             
ESMF_ArrayFarrayE  0000000104D6BFD4  for__signal_handl     Unknown  Unknown
libsystem_platfor  00007FFF666F8B5D  _sigtramp             Unknown  Unknown
libmpi.40.dylib    00000001075BC2A1  MPI_Comm_rank         Unknown  Unknown
libesmf.dylib      000000010590D532  _ZN5ESMCI3VMK4ini     Unknown  Unknown
libesmf.dylib      00000001058EA275  _ZN5ESMCI2VM10ini     Unknown  Unknown
libesmf.dylib      0000000105917AE5  c_esmc_vminitiali     Unknown  Unknown
libesmf.dylib      00000001061026E0  esmf_vmmod_mp_esm     Unknown  Unknown
libesmf.dylib      0000000105F9B856  esmf_initmod_mp_e     Unknown  Unknown
libesmf.dylib      0000000105F9DF28  esmf_initmod_mp_e     Unknown  Unknown
ESMF_ArrayFarrayE  0000000104D44703  MAIN__                Unknown  Unknown
ESMF_ArrayFarrayE  0000000104D4454E  main                  Unknown  Unknown
forrtl: severe (174): SIGSEGV, segmentation fault occurred
Image              PC                Routine            Line        Source             
ESMF_ArrayFarrayE  00000001019D2FD4  for__signal_handl     Unknown  Unknown
libsystem_platfor  00007FFF666F8B5D  _sigtramp             Unknown  Unknown
libmpi.40.dylib    000000010422F2A1  MPI_Comm_rank         Unknown  Unknown
libesmf.dylib      000000010257B532  _ZN5ESMCI3VMK4ini     Unknown  Unknown
libesmf.dylib      0000000102558275  _ZN5ESMCI2VM10ini     Unknown  Unknown
libesmf.dylib      0000000102585AE5  c_esmc_vminitiali     Unknown  Unknown
libesmf.dylib      0000000102D706E0  esmf_vmmod_mp_esm     Unknown  Unknown
libesmf.dylib      0000000102C09856  esmf_initmod_mp_e     Unknown  Unknown
libesmf.dylib      0000000102C0BF28  esmf_initmod_mp_e     Unknown  Unknown
ESMF_ArrayFarrayE  00000001019AB703  MAIN__                Unknown  Unknown
ESMF_ArrayFarrayE  00000001019AB54E  main                  Unknown  Unknown
forrtl: severe (174): SIGSEGV, segmentation fault occurred
Image              PC                Routine            Line        Source             
ESMF_ArrayFarrayE  000000010B980FD4  for__signal_handl     Unknown  Unknown
libsystem_platfor  00007FFF666F8B5D  _sigtramp             Unknown  Unknown
libmpi.40.dylib    000000010E1DF2A1  MPI_Comm_rank         Unknown  Unknown
libesmf.dylib      000000010C529532  _ZN5ESMCI3VMK4ini     Unknown  Unknown
libesmf.dylib      000000010C506275  _ZN5ESMCI2VM10ini     Unknown  Unknown
libesmf.dylib      000000010C533AE5  c_esmc_vminitiali     Unknown  Unknown
libesmf.dylib      000000010CD1E6E0  esmf_vmmod_mp_esm     Unknown  Unknown
libesmf.dylib      000000010CBB7856  esmf_initmod_mp_e     Unknown  Unknown
libesmf.dylib      000000010CBB9F28  esmf_initmod_mp_e     Unknown  Unknown
ESMF_ArrayFarrayE  000000010B959703  MAIN__                Unknown  Unknown
ESMF_ArrayFarrayE  000000010B95954E  main                  Unknown  Unknown
forrtl: severe (174): SIGSEGV, segmentation fault occurred
Image              PC                Routine            Line        Source             
ESMF_ArrayFarrayE  000000010A58EFD4  for__signal_handl     Unknown  Unknown
libsystem_platfor  00007FFF666F8B5D  _sigtramp             Unknown  Unknown
libmpi.40.dylib    000000010CDD92A1  MPI_Comm_rank         Unknown  Unknown
libesmf.dylib      000000010B130532  _ZN5ESMCI3VMK4ini     Unknown  Unknown
libesmf.dylib      000000010B10D275  _ZN5ESMCI2VM10ini     Unknown  Unknown
libesmf.dylib      000000010B13AAE5  c_esmc_vminitiali     Unknown  Unknown
libesmf.dylib      000000010B9256E0  esmf_vmmod_mp_esm     Unknown  Unknown
libesmf.dylib      000000010B7BE856  esmf_initmod_mp_e     Unknown  Unknown
libesmf.dylib      000000010B7C0F28  esmf_initmod_mp_e     Unknown  Unknown
ESMF_ArrayFarrayE  000000010A567703  MAIN__                Unknown  Unknown
ESMF_ArrayFarrayE  000000010A56754E  main                  Unknown  Unknown
