build time -- 2021-10-29 12:03:02
forrtl: severe (174): SIGSEGV, segmentation fault occurred
Image              PC                Routine            Line        Source             
ESMF_ArrayRedistE  000000010C544F54  for__signal_handl     Unknown  Unknown
libsystem_platfor  00007FFF666F8B5D  _sigtramp             Unknown  Unknown
libmpi.40.dylib    000000010ED942A1  MPI_Comm_rank         Unknown  Unknown
libesmf.dylib      000000010D0E7532  _ZN5ESMCI3VMK4ini     Unknown  Unknown
libesmf.dylib      000000010D0C4275  _ZN5ESMCI2VM10ini     Unknown  Unknown
libesmf.dylib      000000010D0F1AE5  c_esmc_vminitiali     Unknown  Unknown
libesmf.dylib      000000010D8DC6E0  esmf_vmmod_mp_esm     Unknown  Unknown
libesmf.dylib      000000010D775856  esmf_initmod_mp_e     Unknown  Unknown
libesmf.dylib      000000010D777F28  esmf_initmod_mp_e     Unknown  Unknown
ESMF_ArrayRedistE  000000010C51C540  MAIN__                Unknown  Unknown
ESMF_ArrayRedistE  000000010C51C23E  main                  Unknown  Unknown
forrtl: severe (174): SIGSEGV, segmentation fault occurred
Image              PC                Routine            Line        Source             
ESMF_ArrayRedistE  000000010B431F54  for__signal_handl     Unknown  Unknown
libsystem_platfor  00007FFF666F8B5D  _sigtramp             Unknown  Unknown
libmpi.40.dylib    000000010DC802A1  MPI_Comm_rank         Unknown  Unknown
libesmf.dylib      000000010BFD4532  _ZN5ESMCI3VMK4ini     Unknown  Unknown
libesmf.dylib      000000010BFB1275  _ZN5ESMCI2VM10ini     Unknown  Unknown
libesmf.dylib      000000010BFDEAE5  c_esmc_vminitiali     Unknown  Unknown
libesmf.dylib      000000010C7C96E0  esmf_vmmod_mp_esm     Unknown  Unknown
libesmf.dylib      000000010C662856  esmf_initmod_mp_e     Unknown  Unknown
libesmf.dylib      000000010C664F28  esmf_initmod_mp_e     Unknown  Unknown
ESMF_ArrayRedistE  000000010B409540  MAIN__                Unknown  Unknown
ESMF_ArrayRedistE  000000010B40923E  main                  Unknown  Unknown
forrtl: severe (174): SIGSEGV, segmentation fault occurred
Image              PC                Routine            Line        Source             
ESMF_ArrayRedistE  000000010D88AF54  for__signal_handl     Unknown  Unknown
libsystem_platfor  00007FFF666F8B5D  _sigtramp             Unknown  Unknown
libmpi.40.dylib    00000001100DA2A1  MPI_Comm_rank         Unknown  Unknown
libesmf.dylib      000000010E42C532  _ZN5ESMCI3VMK4ini     Unknown  Unknown
libesmf.dylib      000000010E409275  _ZN5ESMCI2VM10ini     Unknown  Unknown
libesmf.dylib      000000010E436AE5  c_esmc_vminitiali     Unknown  Unknown
libesmf.dylib      000000010EC216E0  esmf_vmmod_mp_esm     Unknown  Unknown
libesmf.dylib      000000010EABA856  esmf_initmod_mp_e     Unknown  Unknown
libesmf.dylib      000000010EABCF28  esmf_initmod_mp_e     Unknown  Unknown
ESMF_ArrayRedistE  000000010D862540  MAIN__                Unknown  Unknown
ESMF_ArrayRedistE  000000010D86223E  main                  Unknown  Unknown
forrtl: severe (174): SIGSEGV, segmentation fault occurred
Image              PC                Routine            Line        Source             
ESMF_ArrayRedistE  0000000103AC6F54  for__signal_handl     Unknown  Unknown
libsystem_platfor  00007FFF666F8B5D  _sigtramp             Unknown  Unknown
libmpi.40.dylib    0000000103EB12A1  MPI_Comm_rank         Unknown  Unknown
libesmf.dylib      0000000105721532  _ZN5ESMCI3VMK4ini     Unknown  Unknown
libesmf.dylib      00000001056FE275  _ZN5ESMCI2VM10ini     Unknown  Unknown
libesmf.dylib      000000010572BAE5  c_esmc_vminitiali     Unknown  Unknown
libesmf.dylib      0000000105F166E0  esmf_vmmod_mp_esm     Unknown  Unknown
libesmf.dylib      0000000105DAF856  esmf_initmod_mp_e     Unknown  Unknown
libesmf.dylib      0000000105DB1F28  esmf_initmod_mp_e     Unknown  Unknown
ESMF_ArrayRedistE  0000000103A9E540  MAIN__                Unknown  Unknown
ESMF_ArrayRedistE  0000000103A9E23E  main                  Unknown  Unknown
