build time -- 2021-10-29 12:03:02
forrtl: severe (174): SIGSEGV, segmentation fault occurred
Image              PC                Routine            Line        Source             
ESMF_GridUsageEx   00000001080D2DF4  for__signal_handl     Unknown  Unknown
libsystem_platfor  00007FFF666F8B5D  _sigtramp             Unknown  Unknown
libmpi.40.dylib    000000010A92F2A1  MPI_Comm_rank         Unknown  Unknown
libesmf.dylib      0000000108C7C532  _ZN5ESMCI3VMK4ini     Unknown  Unknown
libesmf.dylib      0000000108C59275  _ZN5ESMCI2VM10ini     Unknown  Unknown
libesmf.dylib      0000000108C86AE5  c_esmc_vminitiali     Unknown  Unknown
libesmf.dylib      00000001094716E0  esmf_vmmod_mp_esm     Unknown  Unknown
libesmf.dylib      000000010930A856  esmf_initmod_mp_e     Unknown  Unknown
libesmf.dylib      000000010930CF28  esmf_initmod_mp_e     Unknown  Unknown
ESMF_GridUsageEx   00000001080A1C3D  MAIN__                Unknown  Unknown
ESMF_GridUsageEx   00000001080A189E  main                  Unknown  Unknown
forrtl: severe (174): SIGSEGV, segmentation fault occurred
Image              PC                Routine            Line        Source             
ESMF_GridUsageEx   0000000100DFADF4  for__signal_handl     Unknown  Unknown
libsystem_platfor  00007FFF666F8B5D  _sigtramp             Unknown  Unknown
libmpi.40.dylib    000000010364E2A1  MPI_Comm_rank         Unknown  Unknown
libesmf.dylib      00000001019A0532  _ZN5ESMCI3VMK4ini     Unknown  Unknown
libesmf.dylib      000000010197D275  _ZN5ESMCI2VM10ini     Unknown  Unknown
libesmf.dylib      00000001019AAAE5  c_esmc_vminitiali     Unknown  Unknown
libesmf.dylib      00000001021956E0  esmf_vmmod_mp_esm     Unknown  Unknown
libesmf.dylib      000000010202E856  esmf_initmod_mp_e     Unknown  Unknown
libesmf.dylib      0000000102030F28  esmf_initmod_mp_e     Unknown  Unknown
ESMF_GridUsageEx   0000000100DC9C3D  MAIN__                Unknown  Unknown
ESMF_GridUsageEx   0000000100DC989E  main                  Unknown  Unknown
forrtl: severe (174): SIGSEGV, segmentation fault occurred
Image              PC                Routine            Line        Source             
ESMF_GridUsageEx   0000000106F76DF4  for__signal_handl     Unknown  Unknown
libsystem_platfor  00007FFF666F8B5D  _sigtramp             Unknown  Unknown
libmpi.40.dylib    00000001097CE2A1  MPI_Comm_rank         Unknown  Unknown
libesmf.dylib      0000000107B20532  _ZN5ESMCI3VMK4ini     Unknown  Unknown
libesmf.dylib      0000000107AFD275  _ZN5ESMCI2VM10ini     Unknown  Unknown
libesmf.dylib      0000000107B2AAE5  c_esmc_vminitiali     Unknown  Unknown
libesmf.dylib      00000001083156E0  esmf_vmmod_mp_esm     Unknown  Unknown
libesmf.dylib      00000001081AE856  esmf_initmod_mp_e     Unknown  Unknown
libesmf.dylib      00000001081B0F28  esmf_initmod_mp_e     Unknown  Unknown
ESMF_GridUsageEx   0000000106F45C3D  MAIN__                Unknown  Unknown
ESMF_GridUsageEx   0000000106F4589E  main                  Unknown  Unknown
forrtl: severe (174): SIGSEGV, segmentation fault occurred
Image              PC                Routine            Line        Source             
ESMF_GridUsageEx   000000010F398DF4  for__signal_handl     Unknown  Unknown
libsystem_platfor  00007FFF666F8B5D  _sigtramp             Unknown  Unknown
libmpi.40.dylib    0000000111BEC2A1  MPI_Comm_rank         Unknown  Unknown
libesmf.dylib      000000010FF40532  _ZN5ESMCI3VMK4ini     Unknown  Unknown
libesmf.dylib      000000010FF1D275  _ZN5ESMCI2VM10ini     Unknown  Unknown
libesmf.dylib      000000010FF4AAE5  c_esmc_vminitiali     Unknown  Unknown
libesmf.dylib      00000001107356E0  esmf_vmmod_mp_esm     Unknown  Unknown
libesmf.dylib      00000001105CE856  esmf_initmod_mp_e     Unknown  Unknown
libesmf.dylib      00000001105D0F28  esmf_initmod_mp_e     Unknown  Unknown
ESMF_GridUsageEx   000000010F367C3D  MAIN__                Unknown  Unknown
ESMF_GridUsageEx   000000010F36789E  main                  Unknown  Unknown
