build time -- 2021-10-29 12:03:02
forrtl: severe (174): SIGSEGV, segmentation fault occurred
Image              PC                Routine            Line        Source             
ESMF_ArrayEx       0000000108EC4D14  for__signal_handl     Unknown  Unknown
libsystem_platfor  00007FFF666F8B5D  _sigtramp             Unknown  Unknown
libmpi.40.dylib    000000010B7192A1  MPI_Comm_rank         Unknown  Unknown
libesmf.dylib      0000000109A6A532  _ZN5ESMCI3VMK4ini     Unknown  Unknown
libesmf.dylib      0000000109A47275  _ZN5ESMCI2VM10ini     Unknown  Unknown
libesmf.dylib      0000000109A74AE5  c_esmc_vminitiali     Unknown  Unknown
libesmf.dylib      000000010A25F6E0  esmf_vmmod_mp_esm     Unknown  Unknown
libesmf.dylib      000000010A0F8856  esmf_initmod_mp_e     Unknown  Unknown
libesmf.dylib      000000010A0FAF28  esmf_initmod_mp_e     Unknown  Unknown
ESMF_ArrayEx       0000000108E958D0  MAIN__                Unknown  Unknown
ESMF_ArrayEx       0000000108E955CE  main                  Unknown  Unknown
forrtl: severe (174): SIGSEGV, segmentation fault occurred
Image              PC                Routine            Line        Source             
ESMF_ArrayEx       000000010BF67D14  for__signal_handl     Unknown  Unknown
libsystem_platfor  00007FFF666F8B5D  _sigtramp             Unknown  Unknown
libmpi.40.dylib    000000010E7C22A1  MPI_Comm_rank         Unknown  Unknown
libesmf.dylib      000000010CB11532  _ZN5ESMCI3VMK4ini     Unknown  Unknown
libesmf.dylib      000000010CAEE275  _ZN5ESMCI2VM10ini     Unknown  Unknown
libesmf.dylib      000000010CB1BAE5  c_esmc_vminitiali     Unknown  Unknown
libesmf.dylib      000000010D3066E0  esmf_vmmod_mp_esm     Unknown  Unknown
libesmf.dylib      000000010D19F856  esmf_initmod_mp_e     Unknown  Unknown
libesmf.dylib      000000010D1A1F28  esmf_initmod_mp_e     Unknown  Unknown
ESMF_ArrayEx       000000010BF388D0  MAIN__                Unknown  Unknown
ESMF_ArrayEx       000000010BF385CE  main                  Unknown  Unknown
forrtl: severe (174): SIGSEGV, segmentation fault occurred
Image              PC                Routine            Line        Source             
ESMF_ArrayEx       00000001097AFD14  for__signal_handl     Unknown  Unknown
libsystem_platfor  00007FFF666F8B5D  _sigtramp             Unknown  Unknown
libmpi.40.dylib    000000010C0022A1  MPI_Comm_rank         Unknown  Unknown
libesmf.dylib      000000010A354532  _ZN5ESMCI3VMK4ini     Unknown  Unknown
libesmf.dylib      000000010A331275  _ZN5ESMCI2VM10ini     Unknown  Unknown
libesmf.dylib      000000010A35EAE5  c_esmc_vminitiali     Unknown  Unknown
libesmf.dylib      000000010AB496E0  esmf_vmmod_mp_esm     Unknown  Unknown
libesmf.dylib      000000010A9E2856  esmf_initmod_mp_e     Unknown  Unknown
libesmf.dylib      000000010A9E4F28  esmf_initmod_mp_e     Unknown  Unknown
ESMF_ArrayEx       00000001097808D0  MAIN__                Unknown  Unknown
ESMF_ArrayEx       00000001097805CE  main                  Unknown  Unknown
forrtl: severe (174): SIGSEGV, segmentation fault occurred
Image              PC                Routine            Line        Source             
ESMF_ArrayEx       00000001036B8D14  for__signal_handl     Unknown  Unknown
libsystem_platfor  00007FFF666F8B5D  _sigtramp             Unknown  Unknown
libmpi.40.dylib    0000000105F132A1  MPI_Comm_rank         Unknown  Unknown
libesmf.dylib      0000000104262532  _ZN5ESMCI3VMK4ini     Unknown  Unknown
libesmf.dylib      000000010423F275  _ZN5ESMCI2VM10ini     Unknown  Unknown
libesmf.dylib      000000010426CAE5  c_esmc_vminitiali     Unknown  Unknown
libesmf.dylib      0000000104A576E0  esmf_vmmod_mp_esm     Unknown  Unknown
libesmf.dylib      00000001048F0856  esmf_initmod_mp_e     Unknown  Unknown
libesmf.dylib      00000001048F2F28  esmf_initmod_mp_e     Unknown  Unknown
ESMF_ArrayEx       00000001036898D0  MAIN__                Unknown  Unknown
ESMF_ArrayEx       00000001036895CE  main                  Unknown  Unknown
