build time -- 2021-10-29 12:03:02
forrtl: severe (174): SIGSEGV, segmentation fault occurred
Image              PC                Routine            Line        Source             
ESMF_VMComponentE  0000000101E27ED4  for__signal_handl     Unknown  Unknown
libsystem_platfor  00007FFF666F8B5D  _sigtramp             Unknown  Unknown
libmpi.40.dylib    000000010467D2A1  MPI_Comm_rank         Unknown  Unknown
libesmf.dylib      00000001029C9532  _ZN5ESMCI3VMK4ini     Unknown  Unknown
libesmf.dylib      00000001029A6275  _ZN5ESMCI2VM10ini     Unknown  Unknown
libesmf.dylib      00000001029D3AE5  c_esmc_vminitiali     Unknown  Unknown
libesmf.dylib      00000001031BE6E0  esmf_vmmod_mp_esm     Unknown  Unknown
libesmf.dylib      0000000103057856  esmf_initmod_mp_e     Unknown  Unknown
libesmf.dylib      0000000103059F28  esmf_initmod_mp_e     Unknown  Unknown
ESMF_VMComponentE  0000000101E01CDB  MAIN__                Unknown  Unknown
ESMF_VMComponentE  0000000101E01B5E  main                  Unknown  Unknown
forrtl: severe (174): SIGSEGV, segmentation fault occurred
Image              PC                Routine            Line        Source             
ESMF_VMComponentE  000000010F4A9ED4  for__signal_handl     Unknown  Unknown
libsystem_platfor  00007FFF666F8B5D  _sigtramp             Unknown  Unknown
libmpi.40.dylib    000000010F8942A1  MPI_Comm_rank         Unknown  Unknown
libesmf.dylib      0000000110792532  _ZN5ESMCI3VMK4ini     Unknown  Unknown
libesmf.dylib      000000011076F275  _ZN5ESMCI2VM10ini     Unknown  Unknown
libesmf.dylib      000000011079CAE5  c_esmc_vminitiali     Unknown  Unknown
libesmf.dylib      0000000110F876E0  esmf_vmmod_mp_esm     Unknown  Unknown
libesmf.dylib      0000000110E20856  esmf_initmod_mp_e     Unknown  Unknown
libesmf.dylib      0000000110E22F28  esmf_initmod_mp_e     Unknown  Unknown
ESMF_VMComponentE  000000010F483CDB  MAIN__                Unknown  Unknown
ESMF_VMComponentE  000000010F483B5E  main                  Unknown  Unknown
forrtl: severe (174): SIGSEGV, segmentation fault occurred
Image              PC                Routine            Line        Source             
ESMF_VMComponentE  00000001076B4ED4  for__signal_handl     Unknown  Unknown
libsystem_platfor  00007FFF666F8B5D  _sigtramp             Unknown  Unknown
libmpi.40.dylib    0000000107A9F2A1  MPI_Comm_rank         Unknown  Unknown
libesmf.dylib      0000000109BC7532  _ZN5ESMCI3VMK4ini     Unknown  Unknown
libesmf.dylib      0000000109BA4275  _ZN5ESMCI2VM10ini     Unknown  Unknown
libesmf.dylib      0000000109BD1AE5  c_esmc_vminitiali     Unknown  Unknown
libesmf.dylib      000000010A3BC6E0  esmf_vmmod_mp_esm     Unknown  Unknown
libesmf.dylib      000000010A255856  esmf_initmod_mp_e     Unknown  Unknown
libesmf.dylib      000000010A257F28  esmf_initmod_mp_e     Unknown  Unknown
ESMF_VMComponentE  000000010768ECDB  MAIN__                Unknown  Unknown
ESMF_VMComponentE  000000010768EB5E  main                  Unknown  Unknown
forrtl: severe (174): SIGSEGV, segmentation fault occurred
Image              PC                Routine            Line        Source             
ESMF_VMComponentE  00000001062D5ED4  for__signal_handl     Unknown  Unknown
libsystem_platfor  00007FFF666F8B5D  _sigtramp             Unknown  Unknown
libmpi.40.dylib    0000000108B262A1  MPI_Comm_rank         Unknown  Unknown
libesmf.dylib      0000000106E77532  _ZN5ESMCI3VMK4ini     Unknown  Unknown
libesmf.dylib      0000000106E54275  _ZN5ESMCI2VM10ini     Unknown  Unknown
libesmf.dylib      0000000106E81AE5  c_esmc_vminitiali     Unknown  Unknown
libesmf.dylib      000000010766C6E0  esmf_vmmod_mp_esm     Unknown  Unknown
libesmf.dylib      0000000107505856  esmf_initmod_mp_e     Unknown  Unknown
libesmf.dylib      0000000107507F28  esmf_initmod_mp_e     Unknown  Unknown
ESMF_VMComponentE  00000001062AFCDB  MAIN__                Unknown  Unknown
ESMF_VMComponentE  00000001062AFB5E  main                  Unknown  Unknown
