build time -- 2021-10-29 12:03:02
forrtl: severe (174): SIGSEGV, segmentation fault occurred
Image              PC                Routine            Line        Source             
ESMF_MeshEx        00000001000EE7A4  for__signal_handl     Unknown  Unknown
libsystem_platfor  00007FFF666F8B5D  _sigtramp             Unknown  Unknown
libmpi.40.dylib    00000001029432A1  MPI_Comm_rank         Unknown  Unknown
libesmf.dylib      0000000100C98532  _ZN5ESMCI3VMK4ini     Unknown  Unknown
libesmf.dylib      0000000100C75275  _ZN5ESMCI2VM10ini     Unknown  Unknown
libesmf.dylib      0000000100CA2AE5  c_esmc_vminitiali     Unknown  Unknown
libesmf.dylib      000000010148D6E0  esmf_vmmod_mp_esm     Unknown  Unknown
libesmf.dylib      0000000101326856  esmf_initmod_mp_e     Unknown  Unknown
libesmf.dylib      0000000101328F28  esmf_initmod_mp_e     Unknown  Unknown
ESMF_MeshEx        00000001000BCC53  MAIN__                Unknown  Unknown
ESMF_MeshEx        00000001000BC9FE  main                  Unknown  Unknown
forrtl: severe (174): SIGSEGV, segmentation fault occurred
Image              PC                Routine            Line        Source             
ESMF_MeshEx        00000001074FA7A4  for__signal_handl     Unknown  Unknown
libsystem_platfor  00007FFF666F8B5D  _sigtramp             Unknown  Unknown
libmpi.40.dylib    0000000109D4C2A1  MPI_Comm_rank         Unknown  Unknown
libesmf.dylib      000000010809D532  _ZN5ESMCI3VMK4ini     Unknown  Unknown
libesmf.dylib      000000010807A275  _ZN5ESMCI2VM10ini     Unknown  Unknown
libesmf.dylib      00000001080A7AE5  c_esmc_vminitiali     Unknown  Unknown
libesmf.dylib      00000001088926E0  esmf_vmmod_mp_esm     Unknown  Unknown
libesmf.dylib      000000010872B856  esmf_initmod_mp_e     Unknown  Unknown
libesmf.dylib      000000010872DF28  esmf_initmod_mp_e     Unknown  Unknown
ESMF_MeshEx        00000001074C8C53  MAIN__                Unknown  Unknown
ESMF_MeshEx        00000001074C89FE  main                  Unknown  Unknown
forrtl: severe (174): SIGSEGV, segmentation fault occurred
Image              PC                Routine            Line        Source             
ESMF_MeshEx        000000010C36B7A4  for__signal_handl     Unknown  Unknown
libsystem_platfor  00007FFF666F8B5D  _sigtramp             Unknown  Unknown
libmpi.40.dylib    000000010EBC02A1  MPI_Comm_rank         Unknown  Unknown
libesmf.dylib      000000010CF0F532  _ZN5ESMCI3VMK4ini     Unknown  Unknown
libesmf.dylib      000000010CEEC275  _ZN5ESMCI2VM10ini     Unknown  Unknown
libesmf.dylib      000000010CF19AE5  c_esmc_vminitiali     Unknown  Unknown
libesmf.dylib      000000010D7046E0  esmf_vmmod_mp_esm     Unknown  Unknown
libesmf.dylib      000000010D59D856  esmf_initmod_mp_e     Unknown  Unknown
libesmf.dylib      000000010D59FF28  esmf_initmod_mp_e     Unknown  Unknown
ESMF_MeshEx        000000010C339C53  MAIN__                Unknown  Unknown
ESMF_MeshEx        000000010C3399FE  main                  Unknown  Unknown
forrtl: severe (174): SIGSEGV, segmentation fault occurred
Image              PC                Routine            Line        Source             
ESMF_MeshEx        000000010BC617A4  for__signal_handl     Unknown  Unknown
libsystem_platfor  00007FFF666F8B5D  _sigtramp             Unknown  Unknown
libmpi.40.dylib    000000010E4B92A1  MPI_Comm_rank         Unknown  Unknown
libesmf.dylib      000000010C807532  _ZN5ESMCI3VMK4ini     Unknown  Unknown
libesmf.dylib      000000010C7E4275  _ZN5ESMCI2VM10ini     Unknown  Unknown
libesmf.dylib      000000010C811AE5  c_esmc_vminitiali     Unknown  Unknown
libesmf.dylib      000000010CFFC6E0  esmf_vmmod_mp_esm     Unknown  Unknown
libesmf.dylib      000000010CE95856  esmf_initmod_mp_e     Unknown  Unknown
libesmf.dylib      000000010CE97F28  esmf_initmod_mp_e     Unknown  Unknown
ESMF_MeshEx        000000010BC2FC53  MAIN__                Unknown  Unknown
ESMF_MeshEx        000000010BC2F9FE  main                  Unknown  Unknown
