build time -- 2021-10-29 12:03:02
forrtl: severe (174): SIGSEGV, segmentation fault occurred
Image              PC                Routine            Line        Source             
ESMF_FieldRedistE  000000010CEFEE14  for__signal_handl     Unknown  Unknown
libsystem_platfor  00007FFF666F8B5D  _sigtramp             Unknown  Unknown
libmpi.40.dylib    000000010F7502A1  MPI_Comm_rank         Unknown  Unknown
libesmf.dylib      000000010DAA4532  _ZN5ESMCI3VMK4ini     Unknown  Unknown
libesmf.dylib      000000010DA81275  _ZN5ESMCI2VM10ini     Unknown  Unknown
libesmf.dylib      000000010DAAEAE5  c_esmc_vminitiali     Unknown  Unknown
libesmf.dylib      000000010E2996E0  esmf_vmmod_mp_esm     Unknown  Unknown
libesmf.dylib      000000010E132856  esmf_initmod_mp_e     Unknown  Unknown
libesmf.dylib      000000010E134F28  esmf_initmod_mp_e     Unknown  Unknown
ESMF_FieldRedistE  000000010CED651B  MAIN__                Unknown  Unknown
ESMF_FieldRedistE  000000010CED61FE  main                  Unknown  Unknown
forrtl: severe (174): SIGSEGV, segmentation fault occurred
Image              PC                Routine            Line        Source             
ESMF_FieldRedistE  0000000103DEEE14  for__signal_handl     Unknown  Unknown
libsystem_platfor  00007FFF666F8B5D  _sigtramp             Unknown  Unknown
libmpi.40.dylib    00000001066412A1  MPI_Comm_rank         Unknown  Unknown
libesmf.dylib      0000000104991532  _ZN5ESMCI3VMK4ini     Unknown  Unknown
libesmf.dylib      000000010496E275  _ZN5ESMCI2VM10ini     Unknown  Unknown
libesmf.dylib      000000010499BAE5  c_esmc_vminitiali     Unknown  Unknown
libesmf.dylib      00000001051866E0  esmf_vmmod_mp_esm     Unknown  Unknown
libesmf.dylib      000000010501F856  esmf_initmod_mp_e     Unknown  Unknown
libesmf.dylib      0000000105021F28  esmf_initmod_mp_e     Unknown  Unknown
ESMF_FieldRedistE  0000000103DC651B  MAIN__                Unknown  Unknown
ESMF_FieldRedistE  0000000103DC61FE  main                  Unknown  Unknown
forrtl: severe (174): SIGSEGV, segmentation fault occurred
Image              PC                Routine            Line        Source             
ESMF_FieldRedistE  0000000100770E14  for__signal_handl     Unknown  Unknown
libsystem_platfor  00007FFF666F8B5D  _sigtramp             Unknown  Unknown
libmpi.40.dylib    0000000102FBF2A1  MPI_Comm_rank         Unknown  Unknown
libesmf.dylib      0000000101314532  _ZN5ESMCI3VMK4ini     Unknown  Unknown
libesmf.dylib      00000001012F1275  _ZN5ESMCI2VM10ini     Unknown  Unknown
libesmf.dylib      000000010131EAE5  c_esmc_vminitiali     Unknown  Unknown
libesmf.dylib      0000000101B096E0  esmf_vmmod_mp_esm     Unknown  Unknown
libesmf.dylib      00000001019A2856  esmf_initmod_mp_e     Unknown  Unknown
libesmf.dylib      00000001019A4F28  esmf_initmod_mp_e     Unknown  Unknown
ESMF_FieldRedistE  000000010074851B  MAIN__                Unknown  Unknown
ESMF_FieldRedistE  00000001007481FE  main                  Unknown  Unknown
forrtl: severe (174): SIGSEGV, segmentation fault occurred
Image              PC                Routine            Line        Source             
ESMF_FieldRedistE  0000000109FDCE14  for__signal_handl     Unknown  Unknown
libsystem_platfor  00007FFF666F8B5D  _sigtramp             Unknown  Unknown
libmpi.40.dylib    000000010C8332A1  MPI_Comm_rank         Unknown  Unknown
libesmf.dylib      000000010AB85532  _ZN5ESMCI3VMK4ini     Unknown  Unknown
libesmf.dylib      000000010AB62275  _ZN5ESMCI2VM10ini     Unknown  Unknown
libesmf.dylib      000000010AB8FAE5  c_esmc_vminitiali     Unknown  Unknown
libesmf.dylib      000000010B37A6E0  esmf_vmmod_mp_esm     Unknown  Unknown
libesmf.dylib      000000010B213856  esmf_initmod_mp_e     Unknown  Unknown
libesmf.dylib      000000010B215F28  esmf_initmod_mp_e     Unknown  Unknown
ESMF_FieldRedistE  0000000109FB451B  MAIN__                Unknown  Unknown
ESMF_FieldRedistE  0000000109FB41FE  main                  Unknown  Unknown
