build time -- 2021-10-29 12:03:02
forrtl: severe (174): SIGSEGV, segmentation fault occurred
Image              PC                Routine            Line        Source             
ESMF_VMGetMPIComm  000000010AFF6FF4  for__signal_handl     Unknown  Unknown
libsystem_platfor  00007FFF666F8B5D  _sigtramp             Unknown  Unknown
libmpi.40.dylib    000000010D84C2A1  MPI_Comm_rank         Unknown  Unknown
libesmf.dylib      000000010BB9A532  _ZN5ESMCI3VMK4ini     Unknown  Unknown
libesmf.dylib      000000010BB77275  _ZN5ESMCI2VM10ini     Unknown  Unknown
libesmf.dylib      000000010BBA4AE5  c_esmc_vminitiali     Unknown  Unknown
libesmf.dylib      000000010C38F6E0  esmf_vmmod_mp_esm     Unknown  Unknown
libesmf.dylib      000000010C228856  esmf_initmod_mp_e     Unknown  Unknown
libesmf.dylib      000000010C22AF28  esmf_initmod_mp_e     Unknown  Unknown
ESMF_VMGetMPIComm  000000010AFD13CE  MAIN__                Unknown  Unknown
ESMF_VMGetMPIComm  000000010AFD124E  main                  Unknown  Unknown
forrtl: severe (174): SIGSEGV, segmentation fault occurred
Image              PC                Routine            Line        Source             
ESMF_VMGetMPIComm  00000001036C0FF4  for__signal_handl     Unknown  Unknown
libsystem_platfor  00007FFF666F8B5D  _sigtramp             Unknown  Unknown
libmpi.40.dylib    0000000105F152A1  MPI_Comm_rank         Unknown  Unknown
libesmf.dylib      0000000104268532  _ZN5ESMCI3VMK4ini     Unknown  Unknown
libesmf.dylib      0000000104245275  _ZN5ESMCI2VM10ini     Unknown  Unknown
libesmf.dylib      0000000104272AE5  c_esmc_vminitiali     Unknown  Unknown
libesmf.dylib      0000000104A5D6E0  esmf_vmmod_mp_esm     Unknown  Unknown
libesmf.dylib      00000001048F6856  esmf_initmod_mp_e     Unknown  Unknown
libesmf.dylib      00000001048F8F28  esmf_initmod_mp_e     Unknown  Unknown
ESMF_VMGetMPIComm  000000010369B3CE  MAIN__                Unknown  Unknown
ESMF_VMGetMPIComm  000000010369B24E  main                  Unknown  Unknown
forrtl: severe (174): SIGSEGV, segmentation fault occurred
Image              PC                Routine            Line        Source             
ESMF_VMGetMPIComm  0000000109FDDFF4  for__signal_handl     Unknown  Unknown
libsystem_platfor  00007FFF666F8B5D  _sigtramp             Unknown  Unknown
libmpi.40.dylib    000000010C8312A1  MPI_Comm_rank         Unknown  Unknown
libesmf.dylib      000000010AB85532  _ZN5ESMCI3VMK4ini     Unknown  Unknown
libesmf.dylib      000000010AB62275  _ZN5ESMCI2VM10ini     Unknown  Unknown
libesmf.dylib      000000010AB8FAE5  c_esmc_vminitiali     Unknown  Unknown
libesmf.dylib      000000010B37A6E0  esmf_vmmod_mp_esm     Unknown  Unknown
libesmf.dylib      000000010B213856  esmf_initmod_mp_e     Unknown  Unknown
libesmf.dylib      000000010B215F28  esmf_initmod_mp_e     Unknown  Unknown
ESMF_VMGetMPIComm  0000000109FB83CE  MAIN__                Unknown  Unknown
ESMF_VMGetMPIComm  0000000109FB824E  main                  Unknown  Unknown
forrtl: severe (174): SIGSEGV, segmentation fault occurred
Image              PC                Routine            Line        Source             
ESMF_VMGetMPIComm  0000000102BB1FF4  for__signal_handl     Unknown  Unknown
libsystem_platfor  00007FFF666F8B5D  _sigtramp             Unknown  Unknown
libmpi.40.dylib    000000010540B2A1  MPI_Comm_rank         Unknown  Unknown
libesmf.dylib      0000000103759532  _ZN5ESMCI3VMK4ini     Unknown  Unknown
libesmf.dylib      0000000103736275  _ZN5ESMCI2VM10ini     Unknown  Unknown
libesmf.dylib      0000000103763AE5  c_esmc_vminitiali     Unknown  Unknown
libesmf.dylib      0000000103F4E6E0  esmf_vmmod_mp_esm     Unknown  Unknown
libesmf.dylib      0000000103DE7856  esmf_initmod_mp_e     Unknown  Unknown
libesmf.dylib      0000000103DE9F28  esmf_initmod_mp_e     Unknown  Unknown
ESMF_VMGetMPIComm  0000000102B8C3CE  MAIN__                Unknown  Unknown
ESMF_VMGetMPIComm  0000000102B8C24E  main                  Unknown  Unknown
