build time -- 2021-10-29 12:03:02
forrtl: severe (174): SIGSEGV, segmentation fault occurred
Image              PC                Routine            Line        Source             
ESMF_VMDefaultBas  000000010F776ED4  for__signal_handl     Unknown  Unknown
libsystem_platfor  00007FFF666F8B5D  _sigtramp             Unknown  Unknown
libmpi.40.dylib    0000000111FC62A1  MPI_Comm_rank         Unknown  Unknown
libesmf.dylib      000000011031B532  _ZN5ESMCI3VMK4ini     Unknown  Unknown
libesmf.dylib      00000001102F8275  _ZN5ESMCI2VM10ini     Unknown  Unknown
libesmf.dylib      0000000110325AE5  c_esmc_vminitiali     Unknown  Unknown
libesmf.dylib      0000000110B106E0  esmf_vmmod_mp_esm     Unknown  Unknown
libesmf.dylib      00000001109A9856  esmf_initmod_mp_e     Unknown  Unknown
libesmf.dylib      00000001109ABF28  esmf_initmod_mp_e     Unknown  Unknown
ESMF_VMDefaultBas  000000010F750EF0  MAIN__                Unknown  Unknown
ESMF_VMDefaultBas  000000010F750D6E  main                  Unknown  Unknown
forrtl: severe (174): SIGSEGV, segmentation fault occurred
Image              PC                Routine            Line        Source             
ESMF_VMDefaultBas  000000010EDF2ED4  for__signal_handl     Unknown  Unknown
libsystem_platfor  00007FFF666F8B5D  _sigtramp             Unknown  Unknown
libmpi.40.dylib    00000001116482A1  MPI_Comm_rank         Unknown  Unknown
libesmf.dylib      000000010F999532  _ZN5ESMCI3VMK4ini     Unknown  Unknown
libesmf.dylib      000000010F976275  _ZN5ESMCI2VM10ini     Unknown  Unknown
libesmf.dylib      000000010F9A3AE5  c_esmc_vminitiali     Unknown  Unknown
libesmf.dylib      000000011018E6E0  esmf_vmmod_mp_esm     Unknown  Unknown
libesmf.dylib      0000000110027856  esmf_initmod_mp_e     Unknown  Unknown
libesmf.dylib      0000000110029F28  esmf_initmod_mp_e     Unknown  Unknown
ESMF_VMDefaultBas  000000010EDCCEF0  MAIN__                Unknown  Unknown
ESMF_VMDefaultBas  000000010EDCCD6E  main                  Unknown  Unknown
forrtl: severe (174): SIGSEGV, segmentation fault occurred
Image              PC                Routine            Line        Source             
ESMF_VMDefaultBas  0000000109506ED4  for__signal_handl     Unknown  Unknown
libsystem_platfor  00007FFF666F8B5D  _sigtramp             Unknown  Unknown
libmpi.40.dylib    000000010BD562A1  MPI_Comm_rank         Unknown  Unknown
libesmf.dylib      000000010A0A8532  _ZN5ESMCI3VMK4ini     Unknown  Unknown
libesmf.dylib      000000010A085275  _ZN5ESMCI2VM10ini     Unknown  Unknown
libesmf.dylib      000000010A0B2AE5  c_esmc_vminitiali     Unknown  Unknown
libesmf.dylib      000000010A89D6E0  esmf_vmmod_mp_esm     Unknown  Unknown
libesmf.dylib      000000010A736856  esmf_initmod_mp_e     Unknown  Unknown
libesmf.dylib      000000010A738F28  esmf_initmod_mp_e     Unknown  Unknown
ESMF_VMDefaultBas  00000001094E0EF0  MAIN__                Unknown  Unknown
ESMF_VMDefaultBas  00000001094E0D6E  main                  Unknown  Unknown
forrtl: severe (174): SIGSEGV, segmentation fault occurred
Image              PC                Routine            Line        Source             
ESMF_VMDefaultBas  000000010D815ED4  for__signal_handl     Unknown  Unknown
libsystem_platfor  00007FFF666F8B5D  _sigtramp             Unknown  Unknown
libmpi.40.dylib    00000001100662A1  MPI_Comm_rank         Unknown  Unknown
libesmf.dylib      000000010E3BE532  _ZN5ESMCI3VMK4ini     Unknown  Unknown
libesmf.dylib      000000010E39B275  _ZN5ESMCI2VM10ini     Unknown  Unknown
libesmf.dylib      000000010E3C8AE5  c_esmc_vminitiali     Unknown  Unknown
libesmf.dylib      000000010EBB36E0  esmf_vmmod_mp_esm     Unknown  Unknown
libesmf.dylib      000000010EA4C856  esmf_initmod_mp_e     Unknown  Unknown
libesmf.dylib      000000010EA4EF28  esmf_initmod_mp_e     Unknown  Unknown
ESMF_VMDefaultBas  000000010D7EFEF0  MAIN__                Unknown  Unknown
ESMF_VMDefaultBas  000000010D7EFD6E  main                  Unknown  Unknown
