build time -- 2021-10-29 12:03:02
forrtl: severe (174): SIGSEGV, segmentation fault occurred
Image              PC                Routine            Line        Source             
ESMF_FieldBundleC  0000000100806004  for__signal_handl     Unknown  Unknown
libsystem_platfor  00007FFF666F8B5D  _sigtramp             Unknown  Unknown
libmpi.40.dylib    00000001030632A1  MPI_Comm_rank         Unknown  Unknown
libesmf.dylib      00000001013B0532  _ZN5ESMCI3VMK4ini     Unknown  Unknown
libesmf.dylib      000000010138D275  _ZN5ESMCI2VM10ini     Unknown  Unknown
libesmf.dylib      00000001013BAAE5  c_esmc_vminitiali     Unknown  Unknown
libesmf.dylib      0000000101BA56E0  esmf_vmmod_mp_esm     Unknown  Unknown
libesmf.dylib      0000000101A3E856  esmf_initmod_mp_e     Unknown  Unknown
libesmf.dylib      0000000101A40F28  esmf_initmod_mp_e     Unknown  Unknown
ESMF_FieldBundleC  00000001007DCFE4  MAIN__                Unknown  Unknown
ESMF_FieldBundleC  00000001007DCBEE  main                  Unknown  Unknown
forrtl: severe (174): SIGSEGV, segmentation fault occurred
Image              PC                Routine            Line        Source             
ESMF_FieldBundleC  0000000102E9B004  for__signal_handl     Unknown  Unknown
libsystem_platfor  00007FFF666F8B5D  _sigtramp             Unknown  Unknown
libmpi.40.dylib    00000001056F32A1  MPI_Comm_rank         Unknown  Unknown
libesmf.dylib      0000000103A44532  _ZN5ESMCI3VMK4ini     Unknown  Unknown
libesmf.dylib      0000000103A21275  _ZN5ESMCI2VM10ini     Unknown  Unknown
libesmf.dylib      0000000103A4EAE5  c_esmc_vminitiali     Unknown  Unknown
libesmf.dylib      00000001042396E0  esmf_vmmod_mp_esm     Unknown  Unknown
libesmf.dylib      00000001040D2856  esmf_initmod_mp_e     Unknown  Unknown
libesmf.dylib      00000001040D4F28  esmf_initmod_mp_e     Unknown  Unknown
ESMF_FieldBundleC  0000000102E71FE4  MAIN__                Unknown  Unknown
ESMF_FieldBundleC  0000000102E71BEE  main                  Unknown  Unknown
forrtl: severe (174): SIGSEGV, segmentation fault occurred
Image              PC                Routine            Line        Source             
ESMF_FieldBundleC  000000010B054004  for__signal_handl     Unknown  Unknown
libsystem_platfor  00007FFF666F8B5D  _sigtramp             Unknown  Unknown
libmpi.40.dylib    000000010D8A92A1  MPI_Comm_rank         Unknown  Unknown
libesmf.dylib      000000010BBFC532  _ZN5ESMCI3VMK4ini     Unknown  Unknown
libesmf.dylib      000000010BBD9275  _ZN5ESMCI2VM10ini     Unknown  Unknown
libesmf.dylib      000000010BC06AE5  c_esmc_vminitiali     Unknown  Unknown
libesmf.dylib      000000010C3F16E0  esmf_vmmod_mp_esm     Unknown  Unknown
libesmf.dylib      000000010C28A856  esmf_initmod_mp_e     Unknown  Unknown
libesmf.dylib      000000010C28CF28  esmf_initmod_mp_e     Unknown  Unknown
ESMF_FieldBundleC  000000010B02AFE4  MAIN__                Unknown  Unknown
ESMF_FieldBundleC  000000010B02ABEE  main                  Unknown  Unknown
forrtl: severe (174): SIGSEGV, segmentation fault occurred
Image              PC                Routine            Line        Source             
ESMF_FieldBundleC  000000010B388004  for__signal_handl     Unknown  Unknown
libsystem_platfor  00007FFF666F8B5D  _sigtramp             Unknown  Unknown
libmpi.40.dylib    000000010DBE72A1  MPI_Comm_rank         Unknown  Unknown
libesmf.dylib      000000010BF33532  _ZN5ESMCI3VMK4ini     Unknown  Unknown
libesmf.dylib      000000010BF10275  _ZN5ESMCI2VM10ini     Unknown  Unknown
libesmf.dylib      000000010BF3DAE5  c_esmc_vminitiali     Unknown  Unknown
libesmf.dylib      000000010C7286E0  esmf_vmmod_mp_esm     Unknown  Unknown
libesmf.dylib      000000010C5C1856  esmf_initmod_mp_e     Unknown  Unknown
libesmf.dylib      000000010C5C3F28  esmf_initmod_mp_e     Unknown  Unknown
ESMF_FieldBundleC  000000010B35EFE4  MAIN__                Unknown  Unknown
ESMF_FieldBundleC  000000010B35EBEE  main                  Unknown  Unknown
