build time -- 2021-10-29 12:03:02
forrtl: severe (174): SIGSEGV, segmentation fault occurred
Image              PC                Routine            Line        Source             
ESMF_ArrayCommNBE  000000010AAA1F54  for__signal_handl     Unknown  Unknown
libsystem_platfor  00007FFF666F8B5D  _sigtramp             Unknown  Unknown
libmpi.40.dylib    000000010D2F52A1  MPI_Comm_rank         Unknown  Unknown
libesmf.dylib      000000010B64A532  _ZN5ESMCI3VMK4ini     Unknown  Unknown
libesmf.dylib      000000010B627275  _ZN5ESMCI2VM10ini     Unknown  Unknown
libesmf.dylib      000000010B654AE5  c_esmc_vminitiali     Unknown  Unknown
libesmf.dylib      000000010BE3F6E0  esmf_vmmod_mp_esm     Unknown  Unknown
libesmf.dylib      000000010BCD8856  esmf_initmod_mp_e     Unknown  Unknown
libesmf.dylib      000000010BCDAF28  esmf_initmod_mp_e     Unknown  Unknown
ESMF_ArrayCommNBE  000000010AA7BBEB  MAIN__                Unknown  Unknown
ESMF_ArrayCommNBE  000000010AA7B9BE  main                  Unknown  Unknown
forrtl: severe (174): SIGSEGV, segmentation fault occurred
Image              PC                Routine            Line        Source             
ESMF_ArrayCommNBE  0000000102875F54  for__signal_handl     Unknown  Unknown
libsystem_platfor  00007FFF666F8B5D  _sigtramp             Unknown  Unknown
libmpi.40.dylib    00000001050C92A1  MPI_Comm_rank         Unknown  Unknown
libesmf.dylib      000000010341E532  _ZN5ESMCI3VMK4ini     Unknown  Unknown
libesmf.dylib      00000001033FB275  _ZN5ESMCI2VM10ini     Unknown  Unknown
libesmf.dylib      0000000103428AE5  c_esmc_vminitiali     Unknown  Unknown
libesmf.dylib      0000000103C136E0  esmf_vmmod_mp_esm     Unknown  Unknown
libesmf.dylib      0000000103AAC856  esmf_initmod_mp_e     Unknown  Unknown
libesmf.dylib      0000000103AAEF28  esmf_initmod_mp_e     Unknown  Unknown
ESMF_ArrayCommNBE  000000010284FBEB  MAIN__                Unknown  Unknown
ESMF_ArrayCommNBE  000000010284F9BE  main                  Unknown  Unknown
forrtl: severe (174): SIGSEGV, segmentation fault occurred
Image              PC                Routine            Line        Source             
ESMF_ArrayCommNBE  0000000108874F54  for__signal_handl     Unknown  Unknown
libsystem_platfor  00007FFF666F8B5D  _sigtramp             Unknown  Unknown
libmpi.40.dylib    000000010B0C92A1  MPI_Comm_rank         Unknown  Unknown
libesmf.dylib      0000000109417532  _ZN5ESMCI3VMK4ini     Unknown  Unknown
libesmf.dylib      00000001093F4275  _ZN5ESMCI2VM10ini     Unknown  Unknown
libesmf.dylib      0000000109421AE5  c_esmc_vminitiali     Unknown  Unknown
libesmf.dylib      0000000109C0C6E0  esmf_vmmod_mp_esm     Unknown  Unknown
libesmf.dylib      0000000109AA5856  esmf_initmod_mp_e     Unknown  Unknown
libesmf.dylib      0000000109AA7F28  esmf_initmod_mp_e     Unknown  Unknown
ESMF_ArrayCommNBE  000000010884EBEB  MAIN__                Unknown  Unknown
ESMF_ArrayCommNBE  000000010884E9BE  main                  Unknown  Unknown
forrtl: severe (174): SIGSEGV, segmentation fault occurred
Image              PC                Routine            Line        Source             
ESMF_ArrayCommNBE  0000000108E6FF54  for__signal_handl     Unknown  Unknown
libsystem_platfor  00007FFF666F8B5D  _sigtramp             Unknown  Unknown
libmpi.40.dylib    000000010B6C42A1  MPI_Comm_rank         Unknown  Unknown
libesmf.dylib      0000000109A13532  _ZN5ESMCI3VMK4ini     Unknown  Unknown
libesmf.dylib      00000001099F0275  _ZN5ESMCI2VM10ini     Unknown  Unknown
libesmf.dylib      0000000109A1DAE5  c_esmc_vminitiali     Unknown  Unknown
libesmf.dylib      000000010A2086E0  esmf_vmmod_mp_esm     Unknown  Unknown
libesmf.dylib      000000010A0A1856  esmf_initmod_mp_e     Unknown  Unknown
libesmf.dylib      000000010A0A3F28  esmf_initmod_mp_e     Unknown  Unknown
ESMF_ArrayCommNBE  0000000108E49BEB  MAIN__                Unknown  Unknown
ESMF_ArrayCommNBE  0000000108E499BE  main                  Unknown  Unknown
