build time -- 2021-10-29 12:03:02
forrtl: severe (174): SIGSEGV, segmentation fault occurred
Image              PC                Routine            Line        Source             
ESMF_RHandleVMEpo  000000010B9C2F34  for__signal_handl     Unknown  Unknown
libsystem_platfor  00007FFF666F8B5D  _sigtramp             Unknown  Unknown
libmpi.40.dylib    000000010E2182A1  MPI_Comm_rank         Unknown  Unknown
libesmf.dylib      000000010C564532  _ZN5ESMCI3VMK4ini     Unknown  Unknown
libesmf.dylib      000000010C541275  _ZN5ESMCI2VM10ini     Unknown  Unknown
libesmf.dylib      000000010C56EAE5  c_esmc_vminitiali     Unknown  Unknown
libesmf.dylib      000000010CD596E0  esmf_vmmod_mp_esm     Unknown  Unknown
libesmf.dylib      000000010CBF2856  esmf_initmod_mp_e     Unknown  Unknown
libesmf.dylib      000000010CBF4F28  esmf_initmod_mp_e     Unknown  Unknown
ESMF_RHandleVMEpo  000000010B99CB5C  MAIN__                Unknown  Unknown
ESMF_RHandleVMEpo  000000010B99C91E  main                  Unknown  Unknown
forrtl: severe (174): SIGSEGV, segmentation fault occurred
Image              PC                Routine            Line        Source             
ESMF_RHandleVMEpo  0000000103779F34  for__signal_handl     Unknown  Unknown
libsystem_platfor  00007FFF666F8B5D  _sigtramp             Unknown  Unknown
libmpi.40.dylib    0000000105FCB2A1  MPI_Comm_rank         Unknown  Unknown
libesmf.dylib      000000010431E532  _ZN5ESMCI3VMK4ini     Unknown  Unknown
libesmf.dylib      00000001042FB275  _ZN5ESMCI2VM10ini     Unknown  Unknown
libesmf.dylib      0000000104328AE5  c_esmc_vminitiali     Unknown  Unknown
libesmf.dylib      0000000104B136E0  esmf_vmmod_mp_esm     Unknown  Unknown
libesmf.dylib      00000001049AC856  esmf_initmod_mp_e     Unknown  Unknown
libesmf.dylib      00000001049AEF28  esmf_initmod_mp_e     Unknown  Unknown
ESMF_RHandleVMEpo  0000000103753B5C  MAIN__                Unknown  Unknown
ESMF_RHandleVMEpo  000000010375391E  main                  Unknown  Unknown
forrtl: severe (174): SIGSEGV, segmentation fault occurred
Image              PC                Routine            Line        Source             
ESMF_RHandleVMEpo  0000000103986F34  for__signal_handl     Unknown  Unknown
libsystem_platfor  00007FFF666F8B5D  _sigtramp             Unknown  Unknown
libmpi.40.dylib    00000001061DB2A1  MPI_Comm_rank         Unknown  Unknown
libesmf.dylib      000000010452F532  _ZN5ESMCI3VMK4ini     Unknown  Unknown
libesmf.dylib      000000010450C275  _ZN5ESMCI2VM10ini     Unknown  Unknown
libesmf.dylib      0000000104539AE5  c_esmc_vminitiali     Unknown  Unknown
libesmf.dylib      0000000104D246E0  esmf_vmmod_mp_esm     Unknown  Unknown
libesmf.dylib      0000000104BBD856  esmf_initmod_mp_e     Unknown  Unknown
libesmf.dylib      0000000104BBFF28  esmf_initmod_mp_e     Unknown  Unknown
ESMF_RHandleVMEpo  0000000103960B5C  MAIN__                Unknown  Unknown
ESMF_RHandleVMEpo  000000010396091E  main                  Unknown  Unknown
forrtl: severe (174): SIGSEGV, segmentation fault occurred
Image              PC                Routine            Line        Source             
ESMF_RHandleVMEpo  0000000104E81F34  for__signal_handl     Unknown  Unknown
libsystem_platfor  00007FFF666F8B5D  _sigtramp             Unknown  Unknown
libmpi.40.dylib    000000010526C2A1  MPI_Comm_rank         Unknown  Unknown
libesmf.dylib      0000000107B79532  _ZN5ESMCI3VMK4ini     Unknown  Unknown
libesmf.dylib      0000000107B56275  _ZN5ESMCI2VM10ini     Unknown  Unknown
libesmf.dylib      0000000107B83AE5  c_esmc_vminitiali     Unknown  Unknown
libesmf.dylib      000000010836E6E0  esmf_vmmod_mp_esm     Unknown  Unknown
libesmf.dylib      0000000108207856  esmf_initmod_mp_e     Unknown  Unknown
libesmf.dylib      0000000108209F28  esmf_initmod_mp_e     Unknown  Unknown
ESMF_RHandleVMEpo  0000000104E5BB5C  MAIN__                Unknown  Unknown
ESMF_RHandleVMEpo  0000000104E5B91E  main                  Unknown  Unknown
