build time -- 2021-10-29 12:03:02
forrtl: severe (174): SIGSEGV, segmentation fault occurred
Image              PC                Routine            Line        Source             
ESMF_VMAllFullRed  0000000100EE5F34  for__signal_handl     Unknown  Unknown
libsystem_platfor  00007FFF666F8B5D  _sigtramp             Unknown  Unknown
libmpi.40.dylib    00000001012D02A1  MPI_Comm_rank         Unknown  Unknown
libesmf.dylib      000000010353B532  _ZN5ESMCI3VMK4ini     Unknown  Unknown
libesmf.dylib      0000000103518275  _ZN5ESMCI2VM10ini     Unknown  Unknown
libesmf.dylib      0000000103545AE5  c_esmc_vminitiali     Unknown  Unknown
libesmf.dylib      0000000103D306E0  esmf_vmmod_mp_esm     Unknown  Unknown
libesmf.dylib      0000000103BC9856  esmf_initmod_mp_e     Unknown  Unknown
libesmf.dylib      0000000103BCBF28  esmf_initmod_mp_e     Unknown  Unknown
ESMF_VMAllFullRed  0000000100EBFDAB  MAIN__                Unknown  Unknown
ESMF_VMAllFullRed  0000000100EBFC1E  main                  Unknown  Unknown
forrtl: severe (174): SIGSEGV, segmentation fault occurred
Image              PC                Routine            Line        Source             
ESMF_VMAllFullRed  000000010168BF34  for__signal_handl     Unknown  Unknown
libsystem_platfor  00007FFF666F8B5D  _sigtramp             Unknown  Unknown
libmpi.40.dylib    0000000103ED92A1  MPI_Comm_rank         Unknown  Unknown
libesmf.dylib      000000010222D532  _ZN5ESMCI3VMK4ini     Unknown  Unknown
libesmf.dylib      000000010220A275  _ZN5ESMCI2VM10ini     Unknown  Unknown
libesmf.dylib      0000000102237AE5  c_esmc_vminitiali     Unknown  Unknown
libesmf.dylib      0000000102A226E0  esmf_vmmod_mp_esm     Unknown  Unknown
libesmf.dylib      00000001028BB856  esmf_initmod_mp_e     Unknown  Unknown
libesmf.dylib      00000001028BDF28  esmf_initmod_mp_e     Unknown  Unknown
ESMF_VMAllFullRed  0000000101665DAB  MAIN__                Unknown  Unknown
ESMF_VMAllFullRed  0000000101665C1E  main                  Unknown  Unknown
forrtl: severe (174): SIGSEGV, segmentation fault occurred
Image              PC                Routine            Line        Source             
ESMF_VMAllFullRed  0000000101106F34  for__signal_handl     Unknown  Unknown
libsystem_platfor  00007FFF666F8B5D  _sigtramp             Unknown  Unknown
libmpi.40.dylib    000000010395E2A1  MPI_Comm_rank         Unknown  Unknown
libesmf.dylib      0000000101CAE532  _ZN5ESMCI3VMK4ini     Unknown  Unknown
libesmf.dylib      0000000101C8B275  _ZN5ESMCI2VM10ini     Unknown  Unknown
libesmf.dylib      0000000101CB8AE5  c_esmc_vminitiali     Unknown  Unknown
libesmf.dylib      00000001024A36E0  esmf_vmmod_mp_esm     Unknown  Unknown
libesmf.dylib      000000010233C856  esmf_initmod_mp_e     Unknown  Unknown
libesmf.dylib      000000010233EF28  esmf_initmod_mp_e     Unknown  Unknown
ESMF_VMAllFullRed  00000001010E0DAB  MAIN__                Unknown  Unknown
ESMF_VMAllFullRed  00000001010E0C1E  main                  Unknown  Unknown
forrtl: severe (174): SIGSEGV, segmentation fault occurred
Image              PC                Routine            Line        Source             
ESMF_VMAllFullRed  0000000102A6FF34  for__signal_handl     Unknown  Unknown
libsystem_platfor  00007FFF666F8B5D  _sigtramp             Unknown  Unknown
libmpi.40.dylib    00000001052C92A1  MPI_Comm_rank         Unknown  Unknown
libesmf.dylib      0000000103616532  _ZN5ESMCI3VMK4ini     Unknown  Unknown
libesmf.dylib      00000001035F3275  _ZN5ESMCI2VM10ini     Unknown  Unknown
libesmf.dylib      0000000103620AE5  c_esmc_vminitiali     Unknown  Unknown
libesmf.dylib      0000000103E0B6E0  esmf_vmmod_mp_esm     Unknown  Unknown
libesmf.dylib      0000000103CA4856  esmf_initmod_mp_e     Unknown  Unknown
libesmf.dylib      0000000103CA6F28  esmf_initmod_mp_e     Unknown  Unknown
ESMF_VMAllFullRed  0000000102A49DAB  MAIN__                Unknown  Unknown
ESMF_VMAllFullRed  0000000102A49C1E  main                  Unknown  Unknown
