build time -- 2021-10-29 12:03:02
forrtl: severe (174): SIGSEGV, segmentation fault occurred
Image              PC                Routine            Line        Source             
ESMF_ArrayScatter  000000010FFB7DF4  for__signal_handl     Unknown  Unknown
libsystem_platfor  00007FFF666F8B5D  _sigtramp             Unknown  Unknown
libmpi.40.dylib    000000011280C2A1  MPI_Comm_rank         Unknown  Unknown
libesmf.dylib      0000000110B5B532  _ZN5ESMCI3VMK4ini     Unknown  Unknown
libesmf.dylib      0000000110B38275  _ZN5ESMCI2VM10ini     Unknown  Unknown
libesmf.dylib      0000000110B65AE5  c_esmc_vminitiali     Unknown  Unknown
libesmf.dylib      00000001113506E0  esmf_vmmod_mp_esm     Unknown  Unknown
libesmf.dylib      00000001111E9856  esmf_initmod_mp_e     Unknown  Unknown
libesmf.dylib      00000001111EBF28  esmf_initmod_mp_e     Unknown  Unknown
ESMF_ArrayScatter  000000010FF8FB3E  MAIN__                Unknown  Unknown
ESMF_ArrayScatter  000000010FF8F95E  main                  Unknown  Unknown
forrtl: severe (174): SIGSEGV, segmentation fault occurred
Image              PC                Routine            Line        Source             
ESMF_ArrayScatter  000000010EC4DDF4  for__signal_handl     Unknown  Unknown
libsystem_platfor  00007FFF666F8B5D  _sigtramp             Unknown  Unknown
libmpi.40.dylib    00000001114A12A1  MPI_Comm_rank         Unknown  Unknown
libesmf.dylib      000000010F7F3532  _ZN5ESMCI3VMK4ini     Unknown  Unknown
libesmf.dylib      000000010F7D0275  _ZN5ESMCI2VM10ini     Unknown  Unknown
libesmf.dylib      000000010F7FDAE5  c_esmc_vminitiali     Unknown  Unknown
libesmf.dylib      000000010FFE86E0  esmf_vmmod_mp_esm     Unknown  Unknown
libesmf.dylib      000000010FE81856  esmf_initmod_mp_e     Unknown  Unknown
libesmf.dylib      000000010FE83F28  esmf_initmod_mp_e     Unknown  Unknown
ESMF_ArrayScatter  000000010EC25B3E  MAIN__                Unknown  Unknown
ESMF_ArrayScatter  000000010EC2595E  main                  Unknown  Unknown
forrtl: severe (174): SIGSEGV, segmentation fault occurred
Image              PC                Routine            Line        Source             
ESMF_ArrayScatter  000000010AEA1DF4  for__signal_handl     Unknown  Unknown
libsystem_platfor  00007FFF666F8B5D  _sigtramp             Unknown  Unknown
libmpi.40.dylib    000000010B28C2A1  MPI_Comm_rank         Unknown  Unknown
libesmf.dylib      000000010CC99532  _ZN5ESMCI3VMK4ini     Unknown  Unknown
libesmf.dylib      000000010CC76275  _ZN5ESMCI2VM10ini     Unknown  Unknown
libesmf.dylib      000000010CCA3AE5  c_esmc_vminitiali     Unknown  Unknown
libesmf.dylib      000000010D48E6E0  esmf_vmmod_mp_esm     Unknown  Unknown
libesmf.dylib      000000010D327856  esmf_initmod_mp_e     Unknown  Unknown
libesmf.dylib      000000010D329F28  esmf_initmod_mp_e     Unknown  Unknown
ESMF_ArrayScatter  000000010AE79B3E  MAIN__                Unknown  Unknown
ESMF_ArrayScatter  000000010AE7995E  main                  Unknown  Unknown
forrtl: severe (174): SIGSEGV, segmentation fault occurred
Image              PC                Routine            Line        Source             
ESMF_ArrayScatter  000000010248ADF4  for__signal_handl     Unknown  Unknown
libsystem_platfor  00007FFF666F8B5D  _sigtramp             Unknown  Unknown
libmpi.40.dylib    0000000104CE42A1  MPI_Comm_rank         Unknown  Unknown
libesmf.dylib      0000000103032532  _ZN5ESMCI3VMK4ini     Unknown  Unknown
libesmf.dylib      000000010300F275  _ZN5ESMCI2VM10ini     Unknown  Unknown
libesmf.dylib      000000010303CAE5  c_esmc_vminitiali     Unknown  Unknown
libesmf.dylib      00000001038276E0  esmf_vmmod_mp_esm     Unknown  Unknown
libesmf.dylib      00000001036C0856  esmf_initmod_mp_e     Unknown  Unknown
libesmf.dylib      00000001036C2F28  esmf_initmod_mp_e     Unknown  Unknown
ESMF_ArrayScatter  0000000102462B3E  MAIN__                Unknown  Unknown
ESMF_ArrayScatter  000000010246295E  main                  Unknown  Unknown
