build time -- 2021-10-29 12:03:02
forrtl: severe (174): SIGSEGV, segmentation fault occurred
Image              PC                Routine            Line        Source             
ESMF_WebServicesE  00000001053BEE74  for__signal_handl     Unknown  Unknown
libsystem_platfor  00007FFF666F8B5D  _sigtramp             Unknown  Unknown
libmpi.40.dylib    0000000107C132A1  MPI_Comm_rank         Unknown  Unknown
libesmf.dylib      0000000105F67532  _ZN5ESMCI3VMK4ini     Unknown  Unknown
libesmf.dylib      0000000105F44275  _ZN5ESMCI2VM10ini     Unknown  Unknown
libesmf.dylib      0000000105F71AE5  c_esmc_vminitiali     Unknown  Unknown
libesmf.dylib      000000010675C6E0  esmf_vmmod_mp_esm     Unknown  Unknown
libesmf.dylib      00000001065F5856  esmf_initmod_mp_e     Unknown  Unknown
libesmf.dylib      00000001065F7F28  esmf_initmod_mp_e     Unknown  Unknown
ESMF_WebServicesE  0000000105398FAB  MAIN__                Unknown  Unknown
ESMF_WebServicesE  0000000105398E2E  main                  Unknown  Unknown
forrtl: severe (174): SIGSEGV, segmentation fault occurred
Image              PC                Routine            Line        Source             
ESMF_WebServicesE  0000000103365E74  for__signal_handl     Unknown  Unknown
libsystem_platfor  00007FFF666F8B5D  _sigtramp             Unknown  Unknown
libmpi.40.dylib    00000001037502A1  MPI_Comm_rank         Unknown  Unknown
libesmf.dylib      0000000105064532  _ZN5ESMCI3VMK4ini     Unknown  Unknown
libesmf.dylib      0000000105041275  _ZN5ESMCI2VM10ini     Unknown  Unknown
libesmf.dylib      000000010506EAE5  c_esmc_vminitiali     Unknown  Unknown
libesmf.dylib      00000001058596E0  esmf_vmmod_mp_esm     Unknown  Unknown
libesmf.dylib      00000001056F2856  esmf_initmod_mp_e     Unknown  Unknown
libesmf.dylib      00000001056F4F28  esmf_initmod_mp_e     Unknown  Unknown
ESMF_WebServicesE  000000010333FFAB  MAIN__                Unknown  Unknown
ESMF_WebServicesE  000000010333FE2E  main                  Unknown  Unknown
forrtl: severe (174): SIGSEGV, segmentation fault occurred
Image              PC                Routine            Line        Source             
ESMF_WebServicesE  0000000104F2AE74  for__signal_handl     Unknown  Unknown
libsystem_platfor  00007FFF666F8B5D  _sigtramp             Unknown  Unknown
libmpi.40.dylib    000000010777A2A1  MPI_Comm_rank         Unknown  Unknown
libesmf.dylib      0000000105AD2532  _ZN5ESMCI3VMK4ini     Unknown  Unknown
libesmf.dylib      0000000105AAF275  _ZN5ESMCI2VM10ini     Unknown  Unknown
libesmf.dylib      0000000105ADCAE5  c_esmc_vminitiali     Unknown  Unknown
libesmf.dylib      00000001062C76E0  esmf_vmmod_mp_esm     Unknown  Unknown
libesmf.dylib      0000000106160856  esmf_initmod_mp_e     Unknown  Unknown
libesmf.dylib      0000000106162F28  esmf_initmod_mp_e     Unknown  Unknown
ESMF_WebServicesE  0000000104F04FAB  MAIN__                Unknown  Unknown
ESMF_WebServicesE  0000000104F04E2E  main                  Unknown  Unknown
forrtl: severe (174): SIGSEGV, segmentation fault occurred
Image              PC                Routine            Line        Source             
ESMF_WebServicesE  0000000106722E74  for__signal_handl     Unknown  Unknown
libsystem_platfor  00007FFF666F8B5D  _sigtramp             Unknown  Unknown
libmpi.40.dylib    0000000106B0D2A1  MPI_Comm_rank         Unknown  Unknown
libesmf.dylib      0000000108C82532  _ZN5ESMCI3VMK4ini     Unknown  Unknown
libesmf.dylib      0000000108C5F275  _ZN5ESMCI2VM10ini     Unknown  Unknown
libesmf.dylib      0000000108C8CAE5  c_esmc_vminitiali     Unknown  Unknown
libesmf.dylib      00000001094776E0  esmf_vmmod_mp_esm     Unknown  Unknown
libesmf.dylib      0000000109310856  esmf_initmod_mp_e     Unknown  Unknown
libesmf.dylib      0000000109312F28  esmf_initmod_mp_e     Unknown  Unknown
ESMF_WebServicesE  00000001066FCFAB  MAIN__                Unknown  Unknown
ESMF_WebServicesE  00000001066FCE2E  main                  Unknown  Unknown
