build time -- 2021-10-29 12:03:02
forrtl: severe (174): SIGSEGV, segmentation fault occurred
Image              PC                Routine            Line        Source             
ESMF_GCompEx       0000000103E55564  for__signal_handl     Unknown  Unknown
libsystem_platfor  00007FFF666F8B5D  _sigtramp             Unknown  Unknown
libmpi.40.dylib    00000001066B32A1  MPI_Comm_rank         Unknown  Unknown
libesmf.dylib      00000001049FF532  _ZN5ESMCI3VMK4ini     Unknown  Unknown
libesmf.dylib      00000001049DC275  _ZN5ESMCI2VM10ini     Unknown  Unknown
libesmf.dylib      0000000104A09AE5  c_esmc_vminitiali     Unknown  Unknown
libesmf.dylib      00000001051F46E0  esmf_vmmod_mp_esm     Unknown  Unknown
libesmf.dylib      000000010508D856  esmf_initmod_mp_e     Unknown  Unknown
libesmf.dylib      000000010508FF28  esmf_initmod_mp_e     Unknown  Unknown
ESMF_GCompEx       0000000103E2EC84  MAIN__                Unknown  Unknown
ESMF_GCompEx       0000000103E2E9AE  main                  Unknown  Unknown
forrtl: severe (174): SIGSEGV, segmentation fault occurred
Image              PC                Routine            Line        Source             
ESMF_GCompEx       00000001076E6564  for__signal_handl     Unknown  Unknown
libsystem_platfor  00007FFF666F8B5D  _sigtramp             Unknown  Unknown
libmpi.40.dylib    0000000109F382A1  MPI_Comm_rank         Unknown  Unknown
libesmf.dylib      0000000108291532  _ZN5ESMCI3VMK4ini     Unknown  Unknown
libesmf.dylib      000000010826E275  _ZN5ESMCI2VM10ini     Unknown  Unknown
libesmf.dylib      000000010829BAE5  c_esmc_vminitiali     Unknown  Unknown
libesmf.dylib      0000000108A866E0  esmf_vmmod_mp_esm     Unknown  Unknown
libesmf.dylib      000000010891F856  esmf_initmod_mp_e     Unknown  Unknown
libesmf.dylib      0000000108921F28  esmf_initmod_mp_e     Unknown  Unknown
ESMF_GCompEx       00000001076BFC84  MAIN__                Unknown  Unknown
ESMF_GCompEx       00000001076BF9AE  main                  Unknown  Unknown
forrtl: severe (174): SIGSEGV, segmentation fault occurred
Image              PC                Routine            Line        Source             
ESMF_GCompEx       000000010D3EA564  for__signal_handl     Unknown  Unknown
libsystem_platfor  00007FFF666F8B5D  _sigtramp             Unknown  Unknown
libmpi.40.dylib    000000010FC422A1  MPI_Comm_rank         Unknown  Unknown
libesmf.dylib      000000010DF92532  _ZN5ESMCI3VMK4ini     Unknown  Unknown
libesmf.dylib      000000010DF6F275  _ZN5ESMCI2VM10ini     Unknown  Unknown
libesmf.dylib      000000010DF9CAE5  c_esmc_vminitiali     Unknown  Unknown
libesmf.dylib      000000010E7876E0  esmf_vmmod_mp_esm     Unknown  Unknown
libesmf.dylib      000000010E620856  esmf_initmod_mp_e     Unknown  Unknown
libesmf.dylib      000000010E622F28  esmf_initmod_mp_e     Unknown  Unknown
ESMF_GCompEx       000000010D3C3C84  MAIN__                Unknown  Unknown
ESMF_GCompEx       000000010D3C39AE  main                  Unknown  Unknown
forrtl: severe (174): SIGSEGV, segmentation fault occurred
Image              PC                Routine            Line        Source             
ESMF_GCompEx       0000000108B68564  for__signal_handl     Unknown  Unknown
libsystem_platfor  00007FFF666F8B5D  _sigtramp             Unknown  Unknown
libmpi.40.dylib    0000000108F552A1  MPI_Comm_rank         Unknown  Unknown
libesmf.dylib      000000010B5F7532  _ZN5ESMCI3VMK4ini     Unknown  Unknown
libesmf.dylib      000000010B5D4275  _ZN5ESMCI2VM10ini     Unknown  Unknown
libesmf.dylib      000000010B601AE5  c_esmc_vminitiali     Unknown  Unknown
libesmf.dylib      000000010BDEC6E0  esmf_vmmod_mp_esm     Unknown  Unknown
libesmf.dylib      000000010BC85856  esmf_initmod_mp_e     Unknown  Unknown
libesmf.dylib      000000010BC87F28  esmf_initmod_mp_e     Unknown  Unknown
ESMF_GCompEx       0000000108B41C84  MAIN__                Unknown  Unknown
ESMF_GCompEx       0000000108B419AE  main                  Unknown  Unknown
