build time -- 2021-10-18 15:06:30
forrtl: severe (174): SIGSEGV, segmentation fault occurred
Image              PC                Routine            Line        Source             
ESMF_FieldHaloEx   00000001036C5D54  Unknown               Unknown  Unknown
libsystem_platfor  00007FFF666F8B5D  Unknown               Unknown  Unknown
libmpi.40.dylib    0000000107E262A1  Unknown               Unknown  Unknown
libesmf.dylib      00000001044F6890  Unknown               Unknown  Unknown
libesmf.dylib      00000001044D5431  Unknown               Unknown  Unknown
libesmf.dylib      0000000104527E70  Unknown               Unknown  Unknown
libesmf.dylib      000000010570B316  Unknown               Unknown  Unknown
libesmf.dylib      0000000105317C1A  Unknown               Unknown  Unknown
libesmf.dylib      0000000105316F2B  Unknown               Unknown  Unknown
ESMF_FieldHaloEx   000000010369D63E  _MAIN__                    73  ESMF_FieldHaloEx.F90
ESMF_FieldHaloEx   000000010369D36E  Unknown               Unknown  Unknown
forrtl: severe (174): SIGSEGV, segmentation fault occurred
Image              PC                Routine            Line        Source             
ESMF_FieldHaloEx   000000010D11DD54  Unknown               Unknown  Unknown
libsystem_platfor  00007FFF666F8B5D  Unknown               Unknown  Unknown
libmpi.40.dylib    00000001118852A1  Unknown               Unknown  Unknown
libesmf.dylib      000000010DF53890  Unknown               Unknown  Unknown
libesmf.dylib      000000010DF32431  Unknown               Unknown  Unknown
libesmf.dylib      000000010DF84E70  Unknown               Unknown  Unknown
libesmf.dylib      000000010F168316  Unknown               Unknown  Unknown
libesmf.dylib      000000010ED74C1A  Unknown               Unknown  Unknown
libesmf.dylib      000000010ED73F2B  Unknown               Unknown  Unknown
ESMF_FieldHaloEx   000000010D0F563E  _MAIN__                    73  ESMF_FieldHaloEx.F90
ESMF_FieldHaloEx   000000010D0F536E  Unknown               Unknown  Unknown
forrtl: severe (174): SIGSEGV, segmentation fault occurred
Image              PC                Routine            Line        Source             
ESMF_FieldHaloEx   00000001009D9D54  Unknown               Unknown  Unknown
libsystem_platfor  00007FFF666F8B5D  Unknown               Unknown  Unknown
libmpi.40.dylib    00000001051442A1  Unknown               Unknown  Unknown
libesmf.dylib      0000000101810890  Unknown               Unknown  Unknown
libesmf.dylib      00000001017EF431  Unknown               Unknown  Unknown
libesmf.dylib      0000000101841E70  Unknown               Unknown  Unknown
libesmf.dylib      0000000102A25316  Unknown               Unknown  Unknown
libesmf.dylib      0000000102631C1A  Unknown               Unknown  Unknown
libesmf.dylib      0000000102630F2B  Unknown               Unknown  Unknown
ESMF_FieldHaloEx   00000001009B163E  _MAIN__                    73  ESMF_FieldHaloEx.F90
ESMF_FieldHaloEx   00000001009B136E  Unknown               Unknown  Unknown
forrtl: severe (174): SIGSEGV, segmentation fault occurred
Image              PC                Routine            Line        Source             
ESMF_FieldHaloEx   00000001048CDD54  Unknown               Unknown  Unknown
libsystem_platfor  00007FFF666F8B5D  Unknown               Unknown  Unknown
libmpi.40.dylib    00000001090392A1  Unknown               Unknown  Unknown
libesmf.dylib      0000000105702890  Unknown               Unknown  Unknown
libesmf.dylib      00000001056E1431  Unknown               Unknown  Unknown
libesmf.dylib      0000000105733E70  Unknown               Unknown  Unknown
libesmf.dylib      0000000106917316  Unknown               Unknown  Unknown
libesmf.dylib      0000000106523C1A  Unknown               Unknown  Unknown
libesmf.dylib      0000000106522F2B  Unknown               Unknown  Unknown
ESMF_FieldHaloEx   00000001048A563E  _MAIN__                    73  ESMF_FieldHaloEx.F90
ESMF_FieldHaloEx   00000001048A536E  Unknown               Unknown  Unknown
