build time -- 2021-10-19 00:50:11
forrtl: severe (174): SIGSEGV, segmentation fault occurred
Image              PC                Routine            Line        Source             
ESMF_MeshEx        000000010EE39514  Unknown               Unknown  Unknown
libsystem_platfor  00007FFF666F8B5D  Unknown               Unknown  Unknown
libmpi.40.dylib    00000001135A12A1  Unknown               Unknown  Unknown
libesmf.dylib      000000010FC6D8D0  Unknown               Unknown  Unknown
libesmf.dylib      000000010FC4C471  Unknown               Unknown  Unknown
libesmf.dylib      000000010FC9EEB0  Unknown               Unknown  Unknown
libesmf.dylib      0000000110E82356  Unknown               Unknown  Unknown
libesmf.dylib      0000000110A8EC5A  Unknown               Unknown  Unknown
libesmf.dylib      0000000110A8DF6B  Unknown               Unknown  Unknown
ESMF_MeshEx        000000010EDECAD1  _MAIN__                    90  ESMF_MeshEx.F90
ESMF_MeshEx        000000010EDEC78E  Unknown               Unknown  Unknown
forrtl: severe (174): SIGSEGV, segmentation fault occurred
Image              PC                Routine            Line        Source             
ESMF_MeshEx        000000010E3C2514  Unknown               Unknown  Unknown
libsystem_platfor  00007FFF666F8B5D  Unknown               Unknown  Unknown
libmpi.40.dylib    0000000112B2D2A1  Unknown               Unknown  Unknown
libesmf.dylib      000000010F1F98D0  Unknown               Unknown  Unknown
libesmf.dylib      000000010F1D8471  Unknown               Unknown  Unknown
libesmf.dylib      000000010F22AEB0  Unknown               Unknown  Unknown
libesmf.dylib      000000011040E356  Unknown               Unknown  Unknown
libesmf.dylib      000000011001AC5A  Unknown               Unknown  Unknown
libesmf.dylib      0000000110019F6B  Unknown               Unknown  Unknown
ESMF_MeshEx        000000010E375AD1  _MAIN__                    90  ESMF_MeshEx.F90
ESMF_MeshEx        000000010E37578E  Unknown               Unknown  Unknown
forrtl: severe (174): SIGSEGV, segmentation fault occurred
Image              PC                Routine            Line        Source             
ESMF_MeshEx        000000010DBF1514  Unknown               Unknown  Unknown
libsystem_platfor  00007FFF666F8B5D  Unknown               Unknown  Unknown
libmpi.40.dylib    000000011235E2A1  Unknown               Unknown  Unknown
libesmf.dylib      000000010EA2C8D0  Unknown               Unknown  Unknown
libesmf.dylib      000000010EA0B471  Unknown               Unknown  Unknown
libesmf.dylib      000000010EA5DEB0  Unknown               Unknown  Unknown
libesmf.dylib      000000010FC41356  Unknown               Unknown  Unknown
libesmf.dylib      000000010F84DC5A  Unknown               Unknown  Unknown
libesmf.dylib      000000010F84CF6B  Unknown               Unknown  Unknown
ESMF_MeshEx        000000010DBA4AD1  _MAIN__                    90  ESMF_MeshEx.F90
ESMF_MeshEx        000000010DBA478E  Unknown               Unknown  Unknown
forrtl: severe (174): SIGSEGV, segmentation fault occurred
Image              PC                Routine            Line        Source             
ESMF_MeshEx        00000001093E2514  Unknown               Unknown  Unknown
libsystem_platfor  00007FFF666F8B5D  Unknown               Unknown  Unknown
libmpi.40.dylib    000000010DB3E2A1  Unknown               Unknown  Unknown
libesmf.dylib      000000010A2178D0  Unknown               Unknown  Unknown
libesmf.dylib      000000010A1F6471  Unknown               Unknown  Unknown
libesmf.dylib      000000010A248EB0  Unknown               Unknown  Unknown
libesmf.dylib      000000010B42C356  Unknown               Unknown  Unknown
libesmf.dylib      000000010B038C5A  Unknown               Unknown  Unknown
libesmf.dylib      000000010B037F6B  Unknown               Unknown  Unknown
ESMF_MeshEx        0000000109395AD1  _MAIN__                    90  ESMF_MeshEx.F90
ESMF_MeshEx        000000010939578E  Unknown               Unknown  Unknown
