build time -- 2021-10-19 00:50:11
forrtl: severe (174): SIGSEGV, segmentation fault occurred
Image              PC                Routine            Line        Source             
ESMF_ArrayBundleE  0000000102AFDD34  Unknown               Unknown  Unknown
libsystem_platfor  00007FFF666F8B5D  Unknown               Unknown  Unknown
libmpi.40.dylib    0000000102EE92A1  Unknown               Unknown  Unknown
libesmf.dylib      000000010695C8D0  Unknown               Unknown  Unknown
libesmf.dylib      000000010693B471  Unknown               Unknown  Unknown
libesmf.dylib      000000010698DEB0  Unknown               Unknown  Unknown
libesmf.dylib      0000000107B71356  Unknown               Unknown  Unknown
libesmf.dylib      000000010777DC5A  Unknown               Unknown  Unknown
libesmf.dylib      000000010777CF6B  Unknown               Unknown  Unknown
ESMF_ArrayBundleE  0000000102AD58B1  _MAIN__                    52  ESMF_ArrayBundleEx.F90
ESMF_ArrayBundleE  0000000102AD55CE  Unknown               Unknown  Unknown
forrtl: severe (174): SIGSEGV, segmentation fault occurred
Image              PC                Routine            Line        Source             
ESMF_ArrayBundleE  0000000108EDED34  Unknown               Unknown  Unknown
libsystem_platfor  00007FFF666F8B5D  Unknown               Unknown  Unknown
libmpi.40.dylib    00000001092CA2A1  Unknown               Unknown  Unknown
libesmf.dylib      000000010C54B8D0  Unknown               Unknown  Unknown
libesmf.dylib      000000010C52A471  Unknown               Unknown  Unknown
libesmf.dylib      000000010C57CEB0  Unknown               Unknown  Unknown
libesmf.dylib      000000010D760356  Unknown               Unknown  Unknown
libesmf.dylib      000000010D36CC5A  Unknown               Unknown  Unknown
libesmf.dylib      000000010D36BF6B  Unknown               Unknown  Unknown
ESMF_ArrayBundleE  0000000108EB68B1  _MAIN__                    52  ESMF_ArrayBundleEx.F90
ESMF_ArrayBundleE  0000000108EB65CE  Unknown               Unknown  Unknown
forrtl: severe (174): SIGSEGV, segmentation fault occurred
Image              PC                Routine            Line        Source             
ESMF_ArrayBundleE  000000010E005D34  Unknown               Unknown  Unknown
libsystem_platfor  00007FFF666F8B5D  Unknown               Unknown  Unknown
libmpi.40.dylib    000000010E3F12A1  Unknown               Unknown  Unknown
libesmf.dylib      0000000112F008D0  Unknown               Unknown  Unknown
libesmf.dylib      0000000112EDF471  Unknown               Unknown  Unknown
libesmf.dylib      0000000112F31EB0  Unknown               Unknown  Unknown
libesmf.dylib      0000000114115356  Unknown               Unknown  Unknown
libesmf.dylib      0000000113D21C5A  Unknown               Unknown  Unknown
libesmf.dylib      0000000113D20F6B  Unknown               Unknown  Unknown
ESMF_ArrayBundleE  000000010DFDD8B1  _MAIN__                    52  ESMF_ArrayBundleEx.F90
ESMF_ArrayBundleE  000000010DFDD5CE  Unknown               Unknown  Unknown
forrtl: severe (174): SIGSEGV, segmentation fault occurred
Image              PC                Routine            Line        Source             
ESMF_ArrayBundleE  000000010DBC1D34  Unknown               Unknown  Unknown
libsystem_platfor  00007FFF666F8B5D  Unknown               Unknown  Unknown
libmpi.40.dylib    000000011231E2A1  Unknown               Unknown  Unknown
libesmf.dylib      000000010E9F38D0  Unknown               Unknown  Unknown
libesmf.dylib      000000010E9D2471  Unknown               Unknown  Unknown
libesmf.dylib      000000010EA24EB0  Unknown               Unknown  Unknown
libesmf.dylib      000000010FC08356  Unknown               Unknown  Unknown
libesmf.dylib      000000010F814C5A  Unknown               Unknown  Unknown
libesmf.dylib      000000010F813F6B  Unknown               Unknown  Unknown
ESMF_ArrayBundleE  000000010DB998B1  _MAIN__                    52  ESMF_ArrayBundleEx.F90
ESMF_ArrayBundleE  000000010DB995CE  Unknown               Unknown  Unknown
