build time -- 2021-10-19 00:50:11
forrtl: severe (174): SIGSEGV, segmentation fault occurred
Image              PC                Routine            Line        Source             
ESMF_WebServicesE  00000001053DCD94  Unknown               Unknown  Unknown
libsystem_platfor  00007FFF666F8B5D  Unknown               Unknown  Unknown
libmpi.40.dylib    0000000109B3D2A1  Unknown               Unknown  Unknown
libesmf.dylib      000000010620E8D0  Unknown               Unknown  Unknown
libesmf.dylib      00000001061ED471  Unknown               Unknown  Unknown
libesmf.dylib      000000010623FEB0  Unknown               Unknown  Unknown
libesmf.dylib      0000000107423356  Unknown               Unknown  Unknown
libesmf.dylib      000000010702FC5A  Unknown               Unknown  Unknown
libesmf.dylib      000000010702EF6B  Unknown               Unknown  Unknown
ESMF_WebServicesE  00000001053B6FDF  _MAIN__                   175  ESMF_WebServicesEx.F90
ESMF_WebServicesE  00000001053B695E  Unknown               Unknown  Unknown
forrtl: severe (174): SIGSEGV, segmentation fault occurred
Image              PC                Routine            Line        Source             
ESMF_WebServicesE  000000010F1CED94  Unknown               Unknown  Unknown
libsystem_platfor  00007FFF666F8B5D  Unknown               Unknown  Unknown
libmpi.40.dylib    00000001139342A1  Unknown               Unknown  Unknown
libesmf.dylib      00000001100008D0  Unknown               Unknown  Unknown
libesmf.dylib      000000010FFDF471  Unknown               Unknown  Unknown
libesmf.dylib      0000000110031EB0  Unknown               Unknown  Unknown
libesmf.dylib      0000000111215356  Unknown               Unknown  Unknown
libesmf.dylib      0000000110E21C5A  Unknown               Unknown  Unknown
libesmf.dylib      0000000110E20F6B  Unknown               Unknown  Unknown
ESMF_WebServicesE  000000010F1A8FDF  _MAIN__                   175  ESMF_WebServicesEx.F90
ESMF_WebServicesE  000000010F1A895E  Unknown               Unknown  Unknown
forrtl: severe (174): SIGSEGV, segmentation fault occurred
Image              PC                Routine            Line        Source             
ESMF_WebServicesE  000000010A112D94  Unknown               Unknown  Unknown
libsystem_platfor  00007FFF666F8B5D  Unknown               Unknown  Unknown
libmpi.40.dylib    000000010E8792A1  Unknown               Unknown  Unknown
libesmf.dylib      000000010AF458D0  Unknown               Unknown  Unknown
libesmf.dylib      000000010AF24471  Unknown               Unknown  Unknown
libesmf.dylib      000000010AF76EB0  Unknown               Unknown  Unknown
libesmf.dylib      000000010C15A356  Unknown               Unknown  Unknown
libesmf.dylib      000000010BD66C5A  Unknown               Unknown  Unknown
libesmf.dylib      000000010BD65F6B  Unknown               Unknown  Unknown
ESMF_WebServicesE  000000010A0ECFDF  _MAIN__                   175  ESMF_WebServicesEx.F90
ESMF_WebServicesE  000000010A0EC95E  Unknown               Unknown  Unknown
forrtl: severe (174): SIGSEGV, segmentation fault occurred
Image              PC                Routine            Line        Source             
ESMF_WebServicesE  000000010D02CD94  Unknown               Unknown  Unknown
libsystem_platfor  00007FFF666F8B5D  Unknown               Unknown  Unknown
libmpi.40.dylib    000000010D4172A1  Unknown               Unknown  Unknown
libesmf.dylib      00000001116608D0  Unknown               Unknown  Unknown
libesmf.dylib      000000011163F471  Unknown               Unknown  Unknown
libesmf.dylib      0000000111691EB0  Unknown               Unknown  Unknown
libesmf.dylib      0000000112875356  Unknown               Unknown  Unknown
libesmf.dylib      0000000112481C5A  Unknown               Unknown  Unknown
libesmf.dylib      0000000112480F6B  Unknown               Unknown  Unknown
ESMF_WebServicesE  000000010D006FDF  _MAIN__                   175  ESMF_WebServicesEx.F90
ESMF_WebServicesE  000000010D00695E  Unknown               Unknown  Unknown
