build time -- 2021-10-19 00:50:11
forrtl: severe (174): SIGSEGV, segmentation fault occurred
Image              PC                Routine            Line        Source             
ESMF_StateReadWri  000000010E29DF14  Unknown               Unknown  Unknown
libsystem_platfor  00007FFF666F8B5D  Unknown               Unknown  Unknown
libmpi.40.dylib    00000001129FA2A1  Unknown               Unknown  Unknown
libesmf.dylib      000000010F0D08D0  Unknown               Unknown  Unknown
libesmf.dylib      000000010F0AF471  Unknown               Unknown  Unknown
libesmf.dylib      000000010F101EB0  Unknown               Unknown  Unknown
libesmf.dylib      00000001102E5356  Unknown               Unknown  Unknown
libesmf.dylib      000000010FEF1C5A  Unknown               Unknown  Unknown
libesmf.dylib      000000010FEF0F6B  Unknown               Unknown  Unknown
ESMF_StateReadWri  000000010E277B91  _MAIN__                    60  ESMF_StateReadWriteEx.F90
ESMF_StateReadWri  000000010E27786E  Unknown               Unknown  Unknown
forrtl: severe (174): SIGSEGV, segmentation fault occurred
Image              PC                Routine            Line        Source             
ESMF_StateReadWri  0000000101580F14  Unknown               Unknown  Unknown
libsystem_platfor  00007FFF666F8B5D  Unknown               Unknown  Unknown
libmpi.40.dylib    0000000105CDC2A1  Unknown               Unknown  Unknown
libesmf.dylib      00000001023AE8D0  Unknown               Unknown  Unknown
libesmf.dylib      000000010238D471  Unknown               Unknown  Unknown
libesmf.dylib      00000001023DFEB0  Unknown               Unknown  Unknown
libesmf.dylib      00000001035C3356  Unknown               Unknown  Unknown
libesmf.dylib      00000001031CFC5A  Unknown               Unknown  Unknown
libesmf.dylib      00000001031CEF6B  Unknown               Unknown  Unknown
ESMF_StateReadWri  000000010155AB91  _MAIN__                    60  ESMF_StateReadWriteEx.F90
ESMF_StateReadWri  000000010155A86E  Unknown               Unknown  Unknown
forrtl: severe (174): SIGSEGV, segmentation fault occurred
Image              PC                Routine            Line        Source             
ESMF_StateReadWri  000000010FEC5F14  Unknown               Unknown  Unknown
libsystem_platfor  00007FFF666F8B5D  Unknown               Unknown  Unknown
libmpi.40.dylib    00000001146282A1  Unknown               Unknown  Unknown
libesmf.dylib      0000000110CF38D0  Unknown               Unknown  Unknown
libesmf.dylib      0000000110CD2471  Unknown               Unknown  Unknown
libesmf.dylib      0000000110D24EB0  Unknown               Unknown  Unknown
libesmf.dylib      0000000111F08356  Unknown               Unknown  Unknown
libesmf.dylib      0000000111B14C5A  Unknown               Unknown  Unknown
libesmf.dylib      0000000111B13F6B  Unknown               Unknown  Unknown
ESMF_StateReadWri  000000010FE9FB91  _MAIN__                    60  ESMF_StateReadWriteEx.F90
ESMF_StateReadWri  000000010FE9F86E  Unknown               Unknown  Unknown
forrtl: severe (174): SIGSEGV, segmentation fault occurred
Image              PC                Routine            Line        Source             
ESMF_StateReadWri  00000001093F5F14  Unknown               Unknown  Unknown
libsystem_platfor  00007FFF666F8B5D  Unknown               Unknown  Unknown
libmpi.40.dylib    000000010DB5A2A1  Unknown               Unknown  Unknown
libesmf.dylib      000000010A2278D0  Unknown               Unknown  Unknown
libesmf.dylib      000000010A206471  Unknown               Unknown  Unknown
libesmf.dylib      000000010A258EB0  Unknown               Unknown  Unknown
libesmf.dylib      000000010B43C356  Unknown               Unknown  Unknown
libesmf.dylib      000000010B048C5A  Unknown               Unknown  Unknown
libesmf.dylib      000000010B047F6B  Unknown               Unknown  Unknown
ESMF_StateReadWri  00000001093CFB91  _MAIN__                    60  ESMF_StateReadWriteEx.F90
ESMF_StateReadWri  00000001093CF86E  Unknown               Unknown  Unknown
