build time -- 2021-10-19 00:50:11
forrtl: severe (174): SIGSEGV, segmentation fault occurred
Image              PC                Routine            Line        Source             
ESMF_VMScatterVMG  000000010AECBDB4  Unknown               Unknown  Unknown
libsystem_platfor  00007FFF666F8B5D  Unknown               Unknown  Unknown
libmpi.40.dylib    000000010F6332A1  Unknown               Unknown  Unknown
libesmf.dylib      000000010BCFF8D0  Unknown               Unknown  Unknown
libesmf.dylib      000000010BCDE471  Unknown               Unknown  Unknown
libesmf.dylib      000000010BD30EB0  Unknown               Unknown  Unknown
libesmf.dylib      000000010CF14356  Unknown               Unknown  Unknown
libesmf.dylib      000000010CB20C5A  Unknown               Unknown  Unknown
libesmf.dylib      000000010CB1FF6B  Unknown               Unknown  Unknown
ESMF_VMScatterVMG  000000010AEA4DA1  _MAIN__                    64  ESMF_VMScatterVMGatherEx.F90
ESMF_VMScatterVMG  000000010AEA4B5E  Unknown               Unknown  Unknown
forrtl: severe (174): SIGSEGV, segmentation fault occurred
Image              PC                Routine            Line        Source             
ESMF_VMScatterVMG  0000000100613DB4  Unknown               Unknown  Unknown
libsystem_platfor  00007FFF666F8B5D  Unknown               Unknown  Unknown
libmpi.40.dylib    00000001009FE2A1  Unknown               Unknown  Unknown
libesmf.dylib      0000000103C438D0  Unknown               Unknown  Unknown
libesmf.dylib      0000000103C22471  Unknown               Unknown  Unknown
libesmf.dylib      0000000103C74EB0  Unknown               Unknown  Unknown
libesmf.dylib      0000000104E58356  Unknown               Unknown  Unknown
libesmf.dylib      0000000104A64C5A  Unknown               Unknown  Unknown
libesmf.dylib      0000000104A63F6B  Unknown               Unknown  Unknown
ESMF_VMScatterVMG  00000001005ECDA1  _MAIN__                    64  ESMF_VMScatterVMGatherEx.F90
ESMF_VMScatterVMG  00000001005ECB5E  Unknown               Unknown  Unknown
forrtl: severe (174): SIGSEGV, segmentation fault occurred
Image              PC                Routine            Line        Source             
ESMF_VMScatterVMG  0000000106A88DB4  Unknown               Unknown  Unknown
libsystem_platfor  00007FFF666F8B5D  Unknown               Unknown  Unknown
libmpi.40.dylib    000000010B1ED2A1  Unknown               Unknown  Unknown
libesmf.dylib      00000001078BA8D0  Unknown               Unknown  Unknown
libesmf.dylib      0000000107899471  Unknown               Unknown  Unknown
libesmf.dylib      00000001078EBEB0  Unknown               Unknown  Unknown
libesmf.dylib      0000000108ACF356  Unknown               Unknown  Unknown
libesmf.dylib      00000001086DBC5A  Unknown               Unknown  Unknown
libesmf.dylib      00000001086DAF6B  Unknown               Unknown  Unknown
ESMF_VMScatterVMG  0000000106A61DA1  _MAIN__                    64  ESMF_VMScatterVMGatherEx.F90
ESMF_VMScatterVMG  0000000106A61B5E  Unknown               Unknown  Unknown
forrtl: severe (174): SIGSEGV, segmentation fault occurred
Image              PC                Routine            Line        Source             
ESMF_VMScatterVMG  000000010A5B4DB4  Unknown               Unknown  Unknown
libsystem_platfor  00007FFF666F8B5D  Unknown               Unknown  Unknown
libmpi.40.dylib    000000010ED162A1  Unknown               Unknown  Unknown
libesmf.dylib      000000010B3E38D0  Unknown               Unknown  Unknown
libesmf.dylib      000000010B3C2471  Unknown               Unknown  Unknown
libesmf.dylib      000000010B414EB0  Unknown               Unknown  Unknown
libesmf.dylib      000000010C5F8356  Unknown               Unknown  Unknown
libesmf.dylib      000000010C204C5A  Unknown               Unknown  Unknown
libesmf.dylib      000000010C203F6B  Unknown               Unknown  Unknown
ESMF_VMScatterVMG  000000010A58DDA1  _MAIN__                    64  ESMF_VMScatterVMGatherEx.F90
ESMF_VMScatterVMG  000000010A58DB5E  Unknown               Unknown  Unknown
