build time -- 2021-10-18 15:06:30
forrtl: severe (174): SIGSEGV, segmentation fault occurred
Image              PC                Routine            Line        Source             
ESMF_FieldBundleH  000000010190C8C4  Unknown               Unknown  Unknown
libsystem_platfor  00007FFF666F8B5D  Unknown               Unknown  Unknown
libmpi.40.dylib    00000001060702A1  Unknown               Unknown  Unknown
libesmf.dylib      0000000102740890  Unknown               Unknown  Unknown
libesmf.dylib      000000010271F431  Unknown               Unknown  Unknown
libesmf.dylib      0000000102771E70  Unknown               Unknown  Unknown
libesmf.dylib      0000000103955316  Unknown               Unknown  Unknown
libesmf.dylib      0000000103561C1A  Unknown               Unknown  Unknown
libesmf.dylib      0000000103560F2B  Unknown               Unknown  Unknown
ESMF_FieldBundleH  00000001018E3DB7  _MAIN__                    71  ESMF_FieldBundleHaloEx.F90
ESMF_FieldBundleH  00000001018E3A1E  Unknown               Unknown  Unknown
forrtl: severe (174): SIGSEGV, segmentation fault occurred
Image              PC                Routine            Line        Source             
ESMF_FieldBundleH  0000000100DB88C4  Unknown               Unknown  Unknown
libsystem_platfor  00007FFF666F8B5D  Unknown               Unknown  Unknown
libmpi.40.dylib    00000001056F12A1  Unknown               Unknown  Unknown
libesmf.dylib      0000000101BEB890  Unknown               Unknown  Unknown
libesmf.dylib      0000000101BCA431  Unknown               Unknown  Unknown
libesmf.dylib      0000000101C1CE70  Unknown               Unknown  Unknown
libesmf.dylib      0000000102E00316  Unknown               Unknown  Unknown
libesmf.dylib      0000000102A0CC1A  Unknown               Unknown  Unknown
libesmf.dylib      0000000102A0BF2B  Unknown               Unknown  Unknown
ESMF_FieldBundleH  0000000100D8FDB7  _MAIN__                    71  ESMF_FieldBundleHaloEx.F90
ESMF_FieldBundleH  0000000100D8FA1E  Unknown               Unknown  Unknown
forrtl: severe (174): SIGSEGV, segmentation fault occurred
Image              PC                Routine            Line        Source             
ESMF_FieldBundleH  000000010D92C8C4  Unknown               Unknown  Unknown
libsystem_platfor  00007FFF666F8B5D  Unknown               Unknown  Unknown
libmpi.40.dylib    00000001120972A1  Unknown               Unknown  Unknown
libesmf.dylib      000000010E764890  Unknown               Unknown  Unknown
libesmf.dylib      000000010E743431  Unknown               Unknown  Unknown
libesmf.dylib      000000010E795E70  Unknown               Unknown  Unknown
libesmf.dylib      000000010F979316  Unknown               Unknown  Unknown
libesmf.dylib      000000010F585C1A  Unknown               Unknown  Unknown
libesmf.dylib      000000010F584F2B  Unknown               Unknown  Unknown
ESMF_FieldBundleH  000000010D903DB7  _MAIN__                    71  ESMF_FieldBundleHaloEx.F90
ESMF_FieldBundleH  000000010D903A1E  Unknown               Unknown  Unknown
forrtl: severe (174): SIGSEGV, segmentation fault occurred
Image              PC                Routine            Line        Source             
ESMF_FieldBundleH  000000010A1BF8C4  Unknown               Unknown  Unknown
libsystem_platfor  00007FFF666F8B5D  Unknown               Unknown  Unknown
libmpi.40.dylib    000000010A5AC2A1  Unknown               Unknown  Unknown
libesmf.dylib      000000010C9A9890  Unknown               Unknown  Unknown
libesmf.dylib      000000010C988431  Unknown               Unknown  Unknown
libesmf.dylib      000000010C9DAE70  Unknown               Unknown  Unknown
libesmf.dylib      000000010DBBE316  Unknown               Unknown  Unknown
libesmf.dylib      000000010D7CAC1A  Unknown               Unknown  Unknown
libesmf.dylib      000000010D7C9F2B  Unknown               Unknown  Unknown
ESMF_FieldBundleH  000000010A196DB7  _MAIN__                    71  ESMF_FieldBundleHaloEx.F90
ESMF_FieldBundleH  000000010A196A1E  Unknown               Unknown  Unknown
