build time -- 2021-10-22 13:09:41
forrtl: severe (174): SIGSEGV, segmentation fault occurred
Image              PC                Routine            Line        Source             
ESMF_RHandleFromR  0000000101B09014  Unknown               Unknown  Unknown
libsystem_platfor  00007FFF666F8B5D  Unknown               Unknown  Unknown
libmpi.40.dylib    000000010626D2A1  Unknown               Unknown  Unknown
libesmf.dylib      000000010293E930  Unknown               Unknown  Unknown
libesmf.dylib      000000010291D4D1  Unknown               Unknown  Unknown
libesmf.dylib      000000010296FF10  Unknown               Unknown  Unknown
libesmf.dylib      0000000103B533B6  Unknown               Unknown  Unknown
libesmf.dylib      000000010375FCBA  Unknown               Unknown  Unknown
libesmf.dylib      000000010375EFCB  Unknown               Unknown  Unknown
ESMF_RHandleFromR  0000000101ADDC14  _MAIN__                   284  ESMF_RHandleFromRHandleEx.F90
ESMF_RHandleFromR  0000000101ADB02E  Unknown               Unknown  Unknown
forrtl: severe (174): SIGSEGV, segmentation fault occurred
Image              PC                Routine            Line        Source             
ESMF_RHandleFromR  00000001062D7014  Unknown               Unknown  Unknown
libsystem_platfor  00007FFF666F8B5D  Unknown               Unknown  Unknown
libmpi.40.dylib    000000010AA3B2A1  Unknown               Unknown  Unknown
libesmf.dylib      0000000107111930  Unknown               Unknown  Unknown
libesmf.dylib      00000001070F04D1  Unknown               Unknown  Unknown
libesmf.dylib      0000000107142F10  Unknown               Unknown  Unknown
libesmf.dylib      00000001083263B6  Unknown               Unknown  Unknown
libesmf.dylib      0000000107F32CBA  Unknown               Unknown  Unknown
libesmf.dylib      0000000107F31FCB  Unknown               Unknown  Unknown
ESMF_RHandleFromR  00000001062ABC14  _MAIN__                   284  ESMF_RHandleFromRHandleEx.F90
ESMF_RHandleFromR  00000001062A902E  Unknown               Unknown  Unknown
forrtl: severe (174): SIGSEGV, segmentation fault occurred
Image              PC                Routine            Line        Source             
ESMF_RHandleFromR  00000001080DB014  Unknown               Unknown  Unknown
libsystem_platfor  00007FFF666F8B5D  Unknown               Unknown  Unknown
libmpi.40.dylib    000000010C84A2A1  Unknown               Unknown  Unknown
libesmf.dylib      0000000108F15930  Unknown               Unknown  Unknown
libesmf.dylib      0000000108EF44D1  Unknown               Unknown  Unknown
libesmf.dylib      0000000108F46F10  Unknown               Unknown  Unknown
libesmf.dylib      000000010A12A3B6  Unknown               Unknown  Unknown
libesmf.dylib      0000000109D36CBA  Unknown               Unknown  Unknown
libesmf.dylib      0000000109D35FCB  Unknown               Unknown  Unknown
ESMF_RHandleFromR  00000001080AFC14  _MAIN__                   284  ESMF_RHandleFromRHandleEx.F90
ESMF_RHandleFromR  00000001080AD02E  Unknown               Unknown  Unknown
forrtl: severe (174): SIGSEGV, segmentation fault occurred
Image              PC                Routine            Line        Source             
ESMF_RHandleFromR  000000010956E014  Unknown               Unknown  Unknown
libsystem_platfor  00007FFF666F8B5D  Unknown               Unknown  Unknown
libmpi.40.dylib    000000010DCD32A1  Unknown               Unknown  Unknown
libesmf.dylib      000000010A3A1930  Unknown               Unknown  Unknown
libesmf.dylib      000000010A3804D1  Unknown               Unknown  Unknown
libesmf.dylib      000000010A3D2F10  Unknown               Unknown  Unknown
libesmf.dylib      000000010B5B63B6  Unknown               Unknown  Unknown
libesmf.dylib      000000010B1C2CBA  Unknown               Unknown  Unknown
libesmf.dylib      000000010B1C1FCB  Unknown               Unknown  Unknown
ESMF_RHandleFromR  0000000109542C14  _MAIN__                   284  ESMF_RHandleFromRHandleEx.F90
ESMF_RHandleFromR  000000010954002E  Unknown               Unknown  Unknown
