build time -- 2021-10-19 00:50:11
forrtl: severe (174): SIGSEGV, segmentation fault occurred
Image              PC                Routine            Line        Source             
ESMF_LocStreamEx   000000010CDFE774  Unknown               Unknown  Unknown
libsystem_platfor  00007FFF666F8B5D  Unknown               Unknown  Unknown
libmpi.40.dylib    000000010D1ED2A1  Unknown               Unknown  Unknown
libesmf.dylib      000000010E9098D0  Unknown               Unknown  Unknown
libesmf.dylib      000000010E8E8471  Unknown               Unknown  Unknown
libesmf.dylib      000000010E93AEB0  Unknown               Unknown  Unknown
libesmf.dylib      000000010FB1E356  Unknown               Unknown  Unknown
libesmf.dylib      000000010F72AC5A  Unknown               Unknown  Unknown
libesmf.dylib      000000010F729F6B  Unknown               Unknown  Unknown
ESMF_LocStreamEx   000000010CDD1051  _MAIN__                    74  ESMF_LocStreamEx.F90
ESMF_LocStreamEx   000000010CDD0C5E  Unknown               Unknown  Unknown
forrtl: severe (174): SIGSEGV, segmentation fault occurred
Image              PC                Routine            Line        Source             
ESMF_LocStreamEx   00000001004DA774  Unknown               Unknown  Unknown
libsystem_platfor  00007FFF666F8B5D  Unknown               Unknown  Unknown
libmpi.40.dylib    0000000104C3F2A1  Unknown               Unknown  Unknown
libesmf.dylib      00000001013118D0  Unknown               Unknown  Unknown
libesmf.dylib      00000001012F0471  Unknown               Unknown  Unknown
libesmf.dylib      0000000101342EB0  Unknown               Unknown  Unknown
libesmf.dylib      0000000102526356  Unknown               Unknown  Unknown
libesmf.dylib      0000000102132C5A  Unknown               Unknown  Unknown
libesmf.dylib      0000000102131F6B  Unknown               Unknown  Unknown
ESMF_LocStreamEx   00000001004AD051  _MAIN__                    74  ESMF_LocStreamEx.F90
ESMF_LocStreamEx   00000001004ACC5E  Unknown               Unknown  Unknown
forrtl: severe (174): SIGSEGV, segmentation fault occurred
Image              PC                Routine            Line        Source             
ESMF_LocStreamEx   000000010ABE1774  Unknown               Unknown  Unknown
libsystem_platfor  00007FFF666F8B5D  Unknown               Unknown  Unknown
libmpi.40.dylib    000000010F3492A1  Unknown               Unknown  Unknown
libesmf.dylib      000000010BA158D0  Unknown               Unknown  Unknown
libesmf.dylib      000000010B9F4471  Unknown               Unknown  Unknown
libesmf.dylib      000000010BA46EB0  Unknown               Unknown  Unknown
libesmf.dylib      000000010CC2A356  Unknown               Unknown  Unknown
libesmf.dylib      000000010C836C5A  Unknown               Unknown  Unknown
libesmf.dylib      000000010C835F6B  Unknown               Unknown  Unknown
ESMF_LocStreamEx   000000010ABB4051  _MAIN__                    74  ESMF_LocStreamEx.F90
ESMF_LocStreamEx   000000010ABB3C5E  Unknown               Unknown  Unknown
forrtl: severe (174): SIGSEGV, segmentation fault occurred
Image              PC                Routine            Line        Source             
ESMF_LocStreamEx   0000000102047774  Unknown               Unknown  Unknown
libsystem_platfor  00007FFF666F8B5D  Unknown               Unknown  Unknown
libmpi.40.dylib    00000001067AD2A1  Unknown               Unknown  Unknown
libesmf.dylib      0000000102E7B8D0  Unknown               Unknown  Unknown
libesmf.dylib      0000000102E5A471  Unknown               Unknown  Unknown
libesmf.dylib      0000000102EACEB0  Unknown               Unknown  Unknown
libesmf.dylib      0000000104090356  Unknown               Unknown  Unknown
libesmf.dylib      0000000103C9CC5A  Unknown               Unknown  Unknown
libesmf.dylib      0000000103C9BF6B  Unknown               Unknown  Unknown
ESMF_LocStreamEx   000000010201A051  _MAIN__                    74  ESMF_LocStreamEx.F90
ESMF_LocStreamEx   0000000102019C5E  Unknown               Unknown  Unknown
