build time -- 2021-10-18 15:06:30
forrtl: severe (174): SIGSEGV, segmentation fault occurred
Image              PC                Routine            Line        Source             
ESMF_ArrayRedistE  0000000100206E54  Unknown               Unknown  Unknown
libsystem_platfor  00007FFF666F8B5D  Unknown               Unknown  Unknown
libmpi.40.dylib    000000010496C2A1  Unknown               Unknown  Unknown
libesmf.dylib      0000000101038890  Unknown               Unknown  Unknown
libesmf.dylib      0000000101017431  Unknown               Unknown  Unknown
libesmf.dylib      0000000101069E70  Unknown               Unknown  Unknown
libesmf.dylib      000000010224D316  Unknown               Unknown  Unknown
libesmf.dylib      0000000101E59C1A  Unknown               Unknown  Unknown
libesmf.dylib      0000000101E58F2B  Unknown               Unknown  Unknown
ESMF_ArrayRedistE  00000001001DBDC9  _MAIN__                    53  ESMF_ArrayRedistEx.F90
ESMF_ArrayRedistE  00000001001DBA1E  Unknown               Unknown  Unknown
forrtl: severe (174): SIGSEGV, segmentation fault occurred
Image              PC                Routine            Line        Source             
ESMF_ArrayRedistE  00000001021B2E54  Unknown               Unknown  Unknown
libsystem_platfor  00007FFF666F8B5D  Unknown               Unknown  Unknown
libmpi.40.dylib    000000010259E2A1  Unknown               Unknown  Unknown
libesmf.dylib      00000001048E6890  Unknown               Unknown  Unknown
libesmf.dylib      00000001048C5431  Unknown               Unknown  Unknown
libesmf.dylib      0000000104917E70  Unknown               Unknown  Unknown
libesmf.dylib      0000000105AFB316  Unknown               Unknown  Unknown
libesmf.dylib      0000000105707C1A  Unknown               Unknown  Unknown
libesmf.dylib      0000000105706F2B  Unknown               Unknown  Unknown
ESMF_ArrayRedistE  0000000102187DC9  _MAIN__                    53  ESMF_ArrayRedistEx.F90
ESMF_ArrayRedistE  0000000102187A1E  Unknown               Unknown  Unknown
forrtl: severe (174): SIGSEGV, segmentation fault occurred
Image              PC                Routine            Line        Source             
ESMF_ArrayRedistE  000000010A2A9E54  Unknown               Unknown  Unknown
libsystem_platfor  00007FFF666F8B5D  Unknown               Unknown  Unknown
libmpi.40.dylib    000000010A6952A1  Unknown               Unknown  Unknown
libesmf.dylib      000000010DFE9890  Unknown               Unknown  Unknown
libesmf.dylib      000000010DFC8431  Unknown               Unknown  Unknown
libesmf.dylib      000000010E01AE70  Unknown               Unknown  Unknown
libesmf.dylib      000000010F1FE316  Unknown               Unknown  Unknown
libesmf.dylib      000000010EE0AC1A  Unknown               Unknown  Unknown
libesmf.dylib      000000010EE09F2B  Unknown               Unknown  Unknown
ESMF_ArrayRedistE  000000010A27EDC9  _MAIN__                    53  ESMF_ArrayRedistEx.F90
ESMF_ArrayRedistE  000000010A27EA1E  Unknown               Unknown  Unknown
forrtl: severe (174): SIGSEGV, segmentation fault occurred
Image              PC                Routine            Line        Source             
ESMF_ArrayRedistE  0000000107FE4E54  Unknown               Unknown  Unknown
libsystem_platfor  00007FFF666F8B5D  Unknown               Unknown  Unknown
libmpi.40.dylib    000000010C74D2A1  Unknown               Unknown  Unknown
libesmf.dylib      0000000108E16890  Unknown               Unknown  Unknown
libesmf.dylib      0000000108DF5431  Unknown               Unknown  Unknown
libesmf.dylib      0000000108E47E70  Unknown               Unknown  Unknown
libesmf.dylib      000000010A02B316  Unknown               Unknown  Unknown
libesmf.dylib      0000000109C37C1A  Unknown               Unknown  Unknown
libesmf.dylib      0000000109C36F2B  Unknown               Unknown  Unknown
ESMF_ArrayRedistE  0000000107FB9DC9  _MAIN__                    53  ESMF_ArrayRedistEx.F90
ESMF_ArrayRedistE  0000000107FB9A1E  Unknown               Unknown  Unknown
