build time -- 2021-10-22 13:09:41
forrtl: severe (174): SIGSEGV, segmentation fault occurred
Image              PC                Routine            Line        Source             
ESMF_FieldEx       000000010D201974  Unknown               Unknown  Unknown
libsystem_platfor  00007FFF666F8B5D  Unknown               Unknown  Unknown
libmpi.40.dylib    000000010D5EF2A1  Unknown               Unknown  Unknown
libesmf.dylib      000000010EE7B930  Unknown               Unknown  Unknown
libesmf.dylib      000000010EE5A4D1  Unknown               Unknown  Unknown
libesmf.dylib      000000010EEACF10  Unknown               Unknown  Unknown
libesmf.dylib      00000001100903B6  Unknown               Unknown  Unknown
libesmf.dylib      000000010FC9CCBA  Unknown               Unknown  Unknown
libesmf.dylib      000000010FC9BFCB  Unknown               Unknown  Unknown
ESMF_FieldEx       000000010D1D221F  _MAIN__                   100  ESMF_FieldEx.F90
ESMF_FieldEx       000000010D1D1D1E  Unknown               Unknown  Unknown
forrtl: severe (174): SIGSEGV, segmentation fault occurred
Image              PC                Routine            Line        Source             
ESMF_FieldEx       0000000102F49974  Unknown               Unknown  Unknown
libsystem_platfor  00007FFF666F8B5D  Unknown               Unknown  Unknown
libmpi.40.dylib    00000001076AD2A1  Unknown               Unknown  Unknown
libesmf.dylib      0000000103D7C930  Unknown               Unknown  Unknown
libesmf.dylib      0000000103D5B4D1  Unknown               Unknown  Unknown
libesmf.dylib      0000000103DADF10  Unknown               Unknown  Unknown
libesmf.dylib      0000000104F913B6  Unknown               Unknown  Unknown
libesmf.dylib      0000000104B9DCBA  Unknown               Unknown  Unknown
libesmf.dylib      0000000104B9CFCB  Unknown               Unknown  Unknown
ESMF_FieldEx       0000000102F1A21F  _MAIN__                   100  ESMF_FieldEx.F90
ESMF_FieldEx       0000000102F19D1E  Unknown               Unknown  Unknown
forrtl: severe (174): SIGSEGV, segmentation fault occurred
Image              PC                Routine            Line        Source             
ESMF_FieldEx       000000010DE67974  Unknown               Unknown  Unknown
libsystem_platfor  00007FFF666F8B5D  Unknown               Unknown  Unknown
libmpi.40.dylib    00000001125CB2A1  Unknown               Unknown  Unknown
libesmf.dylib      000000010EC9D930  Unknown               Unknown  Unknown
libesmf.dylib      000000010EC7C4D1  Unknown               Unknown  Unknown
libesmf.dylib      000000010ECCEF10  Unknown               Unknown  Unknown
libesmf.dylib      000000010FEB23B6  Unknown               Unknown  Unknown
libesmf.dylib      000000010FABECBA  Unknown               Unknown  Unknown
libesmf.dylib      000000010FABDFCB  Unknown               Unknown  Unknown
ESMF_FieldEx       000000010DE3821F  _MAIN__                   100  ESMF_FieldEx.F90
ESMF_FieldEx       000000010DE37D1E  Unknown               Unknown  Unknown
forrtl: severe (174): SIGSEGV, segmentation fault occurred
Image              PC                Routine            Line        Source             
ESMF_FieldEx       000000010E5BC974  Unknown               Unknown  Unknown
libsystem_platfor  00007FFF666F8B5D  Unknown               Unknown  Unknown
libmpi.40.dylib    0000000112D282A1  Unknown               Unknown  Unknown
libesmf.dylib      000000010F3F1930  Unknown               Unknown  Unknown
libesmf.dylib      000000010F3D04D1  Unknown               Unknown  Unknown
libesmf.dylib      000000010F422F10  Unknown               Unknown  Unknown
libesmf.dylib      00000001106063B6  Unknown               Unknown  Unknown
libesmf.dylib      0000000110212CBA  Unknown               Unknown  Unknown
libesmf.dylib      0000000110211FCB  Unknown               Unknown  Unknown
ESMF_FieldEx       000000010E58D21F  _MAIN__                   100  ESMF_FieldEx.F90
ESMF_FieldEx       000000010E58CD1E  Unknown               Unknown  Unknown
