build time -- 2021-10-18 15:06:30
forrtl: severe (174): SIGSEGV, segmentation fault occurred
Image              PC                Routine            Line        Source             
ESMF_StateEx       0000000105E7D504  Unknown               Unknown  Unknown
libsystem_platfor  00007FFF666F8B5D  Unknown               Unknown  Unknown
libmpi.40.dylib    000000010626B2A1  Unknown               Unknown  Unknown
libesmf.dylib      0000000107159890  Unknown               Unknown  Unknown
libesmf.dylib      0000000107138431  Unknown               Unknown  Unknown
libesmf.dylib      000000010718AE70  Unknown               Unknown  Unknown
libesmf.dylib      000000010836E316  Unknown               Unknown  Unknown
libesmf.dylib      0000000107F7AC1A  Unknown               Unknown  Unknown
libesmf.dylib      0000000107F79F2B  Unknown               Unknown  Unknown
ESMF_StateEx       0000000105E55BAE  _MAIN__                    52  ESMF_StateEx.F90
ESMF_StateEx       0000000105E558FE  Unknown               Unknown  Unknown
forrtl: severe (174): SIGSEGV, segmentation fault occurred
Image              PC                Routine            Line        Source             
ESMF_StateEx       00000001017B3504  Unknown               Unknown  Unknown
libsystem_platfor  00007FFF666F8B5D  Unknown               Unknown  Unknown
libmpi.40.dylib    0000000105F1D2A1  Unknown               Unknown  Unknown
libesmf.dylib      00000001025EC890  Unknown               Unknown  Unknown
libesmf.dylib      00000001025CB431  Unknown               Unknown  Unknown
libesmf.dylib      000000010261DE70  Unknown               Unknown  Unknown
libesmf.dylib      0000000103801316  Unknown               Unknown  Unknown
libesmf.dylib      000000010340DC1A  Unknown               Unknown  Unknown
libesmf.dylib      000000010340CF2B  Unknown               Unknown  Unknown
ESMF_StateEx       000000010178BBAE  _MAIN__                    52  ESMF_StateEx.F90
ESMF_StateEx       000000010178B8FE  Unknown               Unknown  Unknown
forrtl: severe (174): SIGSEGV, segmentation fault occurred
Image              PC                Routine            Line        Source             
ESMF_StateEx       0000000102534504  Unknown               Unknown  Unknown
libsystem_platfor  00007FFF666F8B5D  Unknown               Unknown  Unknown
libmpi.40.dylib    0000000106C9A2A1  Unknown               Unknown  Unknown
libesmf.dylib      000000010336D890  Unknown               Unknown  Unknown
libesmf.dylib      000000010334C431  Unknown               Unknown  Unknown
libesmf.dylib      000000010339EE70  Unknown               Unknown  Unknown
libesmf.dylib      0000000104582316  Unknown               Unknown  Unknown
libesmf.dylib      000000010418EC1A  Unknown               Unknown  Unknown
libesmf.dylib      000000010418DF2B  Unknown               Unknown  Unknown
ESMF_StateEx       000000010250CBAE  _MAIN__                    52  ESMF_StateEx.F90
ESMF_StateEx       000000010250C8FE  Unknown               Unknown  Unknown
forrtl: severe (174): SIGSEGV, segmentation fault occurred
Image              PC                Routine            Line        Source             
ESMF_StateEx       000000010A272504  Unknown               Unknown  Unknown
libsystem_platfor  00007FFF666F8B5D  Unknown               Unknown  Unknown
libmpi.40.dylib    000000010E9D82A1  Unknown               Unknown  Unknown
libesmf.dylib      000000010B0A4890  Unknown               Unknown  Unknown
libesmf.dylib      000000010B083431  Unknown               Unknown  Unknown
libesmf.dylib      000000010B0D5E70  Unknown               Unknown  Unknown
libesmf.dylib      000000010C2B9316  Unknown               Unknown  Unknown
libesmf.dylib      000000010BEC5C1A  Unknown               Unknown  Unknown
libesmf.dylib      000000010BEC4F2B  Unknown               Unknown  Unknown
ESMF_StateEx       000000010A24ABAE  _MAIN__                    52  ESMF_StateEx.F90
ESMF_StateEx       000000010A24A8FE  Unknown               Unknown  Unknown
