build time -- 2021-10-19 00:50:11
forrtl: severe (174): SIGSEGV, segmentation fault occurred
Image              PC                Routine            Line        Source             
ESMF_DistGridEx    000000010BC36814  Unknown               Unknown  Unknown
libsystem_platfor  00007FFF666F8B5D  Unknown               Unknown  Unknown
libmpi.40.dylib    000000010C02F2A1  Unknown               Unknown  Unknown
libesmf.dylib      0000000110BAA8D0  Unknown               Unknown  Unknown
libesmf.dylib      0000000110B89471  Unknown               Unknown  Unknown
libesmf.dylib      0000000110BDBEB0  Unknown               Unknown  Unknown
libesmf.dylib      0000000111DBF356  Unknown               Unknown  Unknown
libesmf.dylib      00000001119CBC5A  Unknown               Unknown  Unknown
libesmf.dylib      00000001119CAF6B  Unknown               Unknown  Unknown
ESMF_DistGridEx    000000010BBDC439  _MAIN__                    57  ESMF_DistGridEx.F90
ESMF_DistGridEx    000000010BBDC1BE  Unknown               Unknown  Unknown
forrtl: severe (174): SIGSEGV, segmentation fault occurred
Image              PC                Routine            Line        Source             
ESMF_DistGridEx    000000010211A814  Unknown               Unknown  Unknown
libsystem_platfor  00007FFF666F8B5D  Unknown               Unknown  Unknown
libmpi.40.dylib    00000001025132A1  Unknown               Unknown  Unknown
libesmf.dylib      0000000105CB38D0  Unknown               Unknown  Unknown
libesmf.dylib      0000000105C92471  Unknown               Unknown  Unknown
libesmf.dylib      0000000105CE4EB0  Unknown               Unknown  Unknown
libesmf.dylib      0000000106EC8356  Unknown               Unknown  Unknown
libesmf.dylib      0000000106AD4C5A  Unknown               Unknown  Unknown
libesmf.dylib      0000000106AD3F6B  Unknown               Unknown  Unknown
ESMF_DistGridEx    00000001020C0439  _MAIN__                    57  ESMF_DistGridEx.F90
ESMF_DistGridEx    00000001020C01BE  Unknown               Unknown  Unknown
forrtl: severe (174): SIGSEGV, segmentation fault occurred
Image              PC                Routine            Line        Source             
ESMF_DistGridEx    000000010A5CB814  Unknown               Unknown  Unknown
libsystem_platfor  00007FFF666F8B5D  Unknown               Unknown  Unknown
libmpi.40.dylib    000000010EED52A1  Unknown               Unknown  Unknown
libesmf.dylib      000000010B7908D0  Unknown               Unknown  Unknown
libesmf.dylib      000000010B76F471  Unknown               Unknown  Unknown
libesmf.dylib      000000010B7C1EB0  Unknown               Unknown  Unknown
libesmf.dylib      000000010C9A5356  Unknown               Unknown  Unknown
libesmf.dylib      000000010C5B1C5A  Unknown               Unknown  Unknown
libesmf.dylib      000000010C5B0F6B  Unknown               Unknown  Unknown
ESMF_DistGridEx    000000010A571439  _MAIN__                    57  ESMF_DistGridEx.F90
ESMF_DistGridEx    000000010A5711BE  Unknown               Unknown  Unknown
forrtl: severe (174): SIGSEGV, segmentation fault occurred
Image              PC                Routine            Line        Source             
ESMF_DistGridEx    0000000101E87814  Unknown               Unknown  Unknown
libsystem_platfor  00007FFF666F8B5D  Unknown               Unknown  Unknown
libmpi.40.dylib    00000001065FC2A1  Unknown               Unknown  Unknown
libesmf.dylib      0000000102CC78D0  Unknown               Unknown  Unknown
libesmf.dylib      0000000102CA6471  Unknown               Unknown  Unknown
libesmf.dylib      0000000102CF8EB0  Unknown               Unknown  Unknown
libesmf.dylib      0000000103EDC356  Unknown               Unknown  Unknown
libesmf.dylib      0000000103AE8C5A  Unknown               Unknown  Unknown
libesmf.dylib      0000000103AE7F6B  Unknown               Unknown  Unknown
ESMF_DistGridEx    0000000101E2D439  _MAIN__                    57  ESMF_DistGridEx.F90
ESMF_DistGridEx    0000000101E2D1BE  Unknown               Unknown  Unknown
