build time -- 2021-10-18 15:06:30
forrtl: severe (174): SIGSEGV, segmentation fault occurred
Image              PC                Routine            Line        Source             
ESMF_ArraySpecEx   000000010840DFD4  Unknown               Unknown  Unknown
libsystem_platfor  00007FFF666F8B5D  Unknown               Unknown  Unknown
libmpi.40.dylib    000000010CB6E2A1  Unknown               Unknown  Unknown
libesmf.dylib      0000000109242890  Unknown               Unknown  Unknown
libesmf.dylib      0000000109221431  Unknown               Unknown  Unknown
libesmf.dylib      0000000109273E70  Unknown               Unknown  Unknown
libesmf.dylib      000000010A457316  Unknown               Unknown  Unknown
libesmf.dylib      000000010A063C1A  Unknown               Unknown  Unknown
libesmf.dylib      000000010A062F2B  Unknown               Unknown  Unknown
ESMF_ArraySpecEx   00000001083E820C  _MAIN__                    60  ESMF_ArraySpecEx.F90
ESMF_ArraySpecEx   00000001083E7FCE  Unknown               Unknown  Unknown
forrtl: severe (174): SIGSEGV, segmentation fault occurred
Image              PC                Routine            Line        Source             
ESMF_ArraySpecEx   0000000109CF2FD4  Unknown               Unknown  Unknown
libsystem_platfor  00007FFF666F8B5D  Unknown               Unknown  Unknown
libmpi.40.dylib    000000010E45C2A1  Unknown               Unknown  Unknown
libesmf.dylib      000000010AB26890  Unknown               Unknown  Unknown
libesmf.dylib      000000010AB05431  Unknown               Unknown  Unknown
libesmf.dylib      000000010AB57E70  Unknown               Unknown  Unknown
libesmf.dylib      000000010BD3B316  Unknown               Unknown  Unknown
libesmf.dylib      000000010B947C1A  Unknown               Unknown  Unknown
libesmf.dylib      000000010B946F2B  Unknown               Unknown  Unknown
ESMF_ArraySpecEx   0000000109CCD20C  _MAIN__                    60  ESMF_ArraySpecEx.F90
ESMF_ArraySpecEx   0000000109CCCFCE  Unknown               Unknown  Unknown
forrtl: severe (174): SIGSEGV, segmentation fault occurred
Image              PC                Routine            Line        Source             
ESMF_ArraySpecEx   00000001047AFFD4  Unknown               Unknown  Unknown
libsystem_platfor  00007FFF666F8B5D  Unknown               Unknown  Unknown
libmpi.40.dylib    0000000108F152A1  Unknown               Unknown  Unknown
libesmf.dylib      00000001055E3890  Unknown               Unknown  Unknown
libesmf.dylib      00000001055C2431  Unknown               Unknown  Unknown
libesmf.dylib      0000000105614E70  Unknown               Unknown  Unknown
libesmf.dylib      00000001067F8316  Unknown               Unknown  Unknown
libesmf.dylib      0000000106404C1A  Unknown               Unknown  Unknown
libesmf.dylib      0000000106403F2B  Unknown               Unknown  Unknown
ESMF_ArraySpecEx   000000010478A20C  _MAIN__                    60  ESMF_ArraySpecEx.F90
ESMF_ArraySpecEx   0000000104789FCE  Unknown               Unknown  Unknown
forrtl: severe (174): SIGSEGV, segmentation fault occurred
Image              PC                Routine            Line        Source             
ESMF_ArraySpecEx   000000010F907FD4  Unknown               Unknown  Unknown
libsystem_platfor  00007FFF666F8B5D  Unknown               Unknown  Unknown
libmpi.40.dylib    000000011406A2A1  Unknown               Unknown  Unknown
libesmf.dylib      0000000110736890  Unknown               Unknown  Unknown
libesmf.dylib      0000000110715431  Unknown               Unknown  Unknown
libesmf.dylib      0000000110767E70  Unknown               Unknown  Unknown
libesmf.dylib      000000011194B316  Unknown               Unknown  Unknown
libesmf.dylib      0000000111557C1A  Unknown               Unknown  Unknown
libesmf.dylib      0000000111556F2B  Unknown               Unknown  Unknown
ESMF_ArraySpecEx   000000010F8E220C  _MAIN__                    60  ESMF_ArraySpecEx.F90
ESMF_ArraySpecEx   000000010F8E1FCE  Unknown               Unknown  Unknown
