build time -- 2021-10-19 00:50:11
forrtl: severe (174): SIGSEGV, segmentation fault occurred
Image              PC                Routine            Line        Source             
ESMF_XGridEx       000000010059DAF4  Unknown               Unknown  Unknown
libsystem_platfor  00007FFF666F8B5D  Unknown               Unknown  Unknown
libmpi.40.dylib    0000000104D032A1  Unknown               Unknown  Unknown
libesmf.dylib      00000001013D38D0  Unknown               Unknown  Unknown
libesmf.dylib      00000001013B2471  Unknown               Unknown  Unknown
libesmf.dylib      0000000101404EB0  Unknown               Unknown  Unknown
libesmf.dylib      00000001025E8356  Unknown               Unknown  Unknown
libesmf.dylib      00000001021F4C5A  Unknown               Unknown  Unknown
libesmf.dylib      00000001021F3F6B  Unknown               Unknown  Unknown
ESMF_XGridEx       00000001005719C5  _MAIN__                    64  ESMF_XGridEx.F90
ESMF_XGridEx       0000000100570DBE  Unknown               Unknown  Unknown
forrtl: severe (174): SIGSEGV, segmentation fault occurred
Image              PC                Routine            Line        Source             
ESMF_XGridEx       00000001096B4AF4  Unknown               Unknown  Unknown
libsystem_platfor  00007FFF666F8B5D  Unknown               Unknown  Unknown
libmpi.40.dylib    000000010DE172A1  Unknown               Unknown  Unknown
libesmf.dylib      000000010A4E68D0  Unknown               Unknown  Unknown
libesmf.dylib      000000010A4C5471  Unknown               Unknown  Unknown
libesmf.dylib      000000010A517EB0  Unknown               Unknown  Unknown
libesmf.dylib      000000010B6FB356  Unknown               Unknown  Unknown
libesmf.dylib      000000010B307C5A  Unknown               Unknown  Unknown
libesmf.dylib      000000010B306F6B  Unknown               Unknown  Unknown
ESMF_XGridEx       00000001096889C5  _MAIN__                    64  ESMF_XGridEx.F90
ESMF_XGridEx       0000000109687DBE  Unknown               Unknown  Unknown
forrtl: severe (174): SIGSEGV, segmentation fault occurred
Image              PC                Routine            Line        Source             
ESMF_XGridEx       0000000109E34AF4  Unknown               Unknown  Unknown
libsystem_platfor  00007FFF666F8B5D  Unknown               Unknown  Unknown
libmpi.40.dylib    000000010E5982A1  Unknown               Unknown  Unknown
libesmf.dylib      000000010AC6B8D0  Unknown               Unknown  Unknown
libesmf.dylib      000000010AC4A471  Unknown               Unknown  Unknown
libesmf.dylib      000000010AC9CEB0  Unknown               Unknown  Unknown
libesmf.dylib      000000010BE80356  Unknown               Unknown  Unknown
libesmf.dylib      000000010BA8CC5A  Unknown               Unknown  Unknown
libesmf.dylib      000000010BA8BF6B  Unknown               Unknown  Unknown
ESMF_XGridEx       0000000109E089C5  _MAIN__                    64  ESMF_XGridEx.F90
ESMF_XGridEx       0000000109E07DBE  Unknown               Unknown  Unknown
forrtl: severe (174): SIGSEGV, segmentation fault occurred
Image              PC                Routine            Line        Source             
ESMF_XGridEx       0000000101FDDAF4  Unknown               Unknown  Unknown
libsystem_platfor  00007FFF666F8B5D  Unknown               Unknown  Unknown
libmpi.40.dylib    00000001067452A1  Unknown               Unknown  Unknown
libesmf.dylib      0000000102E118D0  Unknown               Unknown  Unknown
libesmf.dylib      0000000102DF0471  Unknown               Unknown  Unknown
libesmf.dylib      0000000102E42EB0  Unknown               Unknown  Unknown
libesmf.dylib      0000000104026356  Unknown               Unknown  Unknown
libesmf.dylib      0000000103C32C5A  Unknown               Unknown  Unknown
libesmf.dylib      0000000103C31F6B  Unknown               Unknown  Unknown
ESMF_XGridEx       0000000101FB19C5  _MAIN__                    64  ESMF_XGridEx.F90
ESMF_XGridEx       0000000101FB0DBE  Unknown               Unknown  Unknown
