build time -- 2021-10-22 13:09:41
forrtl: severe (174): SIGSEGV, segmentation fault occurred
Image              PC                Routine            Line        Source             
ESMF_ConfigOvervi  000000010083CAA4  Unknown               Unknown  Unknown
libsystem_platfor  00007FFF666F8B5D  Unknown               Unknown  Unknown
libmpi.40.dylib    0000000104F9B2A1  Unknown               Unknown  Unknown
libesmf.dylib      0000000101673930  Unknown               Unknown  Unknown
libesmf.dylib      00000001016524D1  Unknown               Unknown  Unknown
libesmf.dylib      00000001016A4F10  Unknown               Unknown  Unknown
libesmf.dylib      00000001028883B6  Unknown               Unknown  Unknown
libesmf.dylib      0000000102494CBA  Unknown               Unknown  Unknown
libesmf.dylib      0000000102493FCB  Unknown               Unknown  Unknown
ESMF_ConfigOvervi  00000001008144FA  _MAIN__                    81  ESMF_ConfigOverviewEx.F90
ESMF_ConfigOvervi  000000010081429E  Unknown               Unknown  Unknown
forrtl: severe (174): SIGSEGV, segmentation fault occurred
Image              PC                Routine            Line        Source             
ESMF_ConfigOvervi  000000010C4CEAA4  Unknown               Unknown  Unknown
libsystem_platfor  00007FFF666F8B5D  Unknown               Unknown  Unknown
libmpi.40.dylib    0000000110C322A1  Unknown               Unknown  Unknown
libesmf.dylib      000000010D307930  Unknown               Unknown  Unknown
libesmf.dylib      000000010D2E64D1  Unknown               Unknown  Unknown
libesmf.dylib      000000010D338F10  Unknown               Unknown  Unknown
libesmf.dylib      000000010E51C3B6  Unknown               Unknown  Unknown
libesmf.dylib      000000010E128CBA  Unknown               Unknown  Unknown
libesmf.dylib      000000010E127FCB  Unknown               Unknown  Unknown
ESMF_ConfigOvervi  000000010C4A64FA  _MAIN__                    81  ESMF_ConfigOverviewEx.F90
ESMF_ConfigOvervi  000000010C4A629E  Unknown               Unknown  Unknown
forrtl: severe (174): SIGSEGV, segmentation fault occurred
Image              PC                Routine            Line        Source             
ESMF_ConfigOvervi  0000000103E4FAA4  Unknown               Unknown  Unknown
libsystem_platfor  00007FFF666F8B5D  Unknown               Unknown  Unknown
libmpi.40.dylib    00000001085B62A1  Unknown               Unknown  Unknown
libesmf.dylib      0000000104C88930  Unknown               Unknown  Unknown
libesmf.dylib      0000000104C674D1  Unknown               Unknown  Unknown
libesmf.dylib      0000000104CB9F10  Unknown               Unknown  Unknown
libesmf.dylib      0000000105E9D3B6  Unknown               Unknown  Unknown
libesmf.dylib      0000000105AA9CBA  Unknown               Unknown  Unknown
libesmf.dylib      0000000105AA8FCB  Unknown               Unknown  Unknown
ESMF_ConfigOvervi  0000000103E274FA  _MAIN__                    81  ESMF_ConfigOverviewEx.F90
ESMF_ConfigOvervi  0000000103E2729E  Unknown               Unknown  Unknown
forrtl: severe (174): SIGSEGV, segmentation fault occurred
Image              PC                Routine            Line        Source             
ESMF_ConfigOvervi  0000000107034AA4  Unknown               Unknown  Unknown
libsystem_platfor  00007FFF666F8B5D  Unknown               Unknown  Unknown
libmpi.40.dylib    000000010B7972A1  Unknown               Unknown  Unknown
libesmf.dylib      0000000107E66930  Unknown               Unknown  Unknown
libesmf.dylib      0000000107E454D1  Unknown               Unknown  Unknown
libesmf.dylib      0000000107E97F10  Unknown               Unknown  Unknown
libesmf.dylib      000000010907B3B6  Unknown               Unknown  Unknown
libesmf.dylib      0000000108C87CBA  Unknown               Unknown  Unknown
libesmf.dylib      0000000108C86FCB  Unknown               Unknown  Unknown
ESMF_ConfigOvervi  000000010700C4FA  _MAIN__                    81  ESMF_ConfigOverviewEx.F90
ESMF_ConfigOvervi  000000010700C29E  Unknown               Unknown  Unknown
