build time -- 2021-10-19 00:50:11
forrtl: severe (174): SIGSEGV, segmentation fault occurred
Image              PC                Routine            Line        Source             
ESMF_FieldRegridE  0000000109290934  Unknown               Unknown  Unknown
libsystem_platfor  00007FFF666F8B5D  Unknown               Unknown  Unknown
libmpi.40.dylib    000000010D9E82A1  Unknown               Unknown  Unknown
libesmf.dylib      000000010A0C18D0  Unknown               Unknown  Unknown
libesmf.dylib      000000010A0A0471  Unknown               Unknown  Unknown
libesmf.dylib      000000010A0F2EB0  Unknown               Unknown  Unknown
libesmf.dylib      000000010B2D6356  Unknown               Unknown  Unknown
libesmf.dylib      000000010AEE2C5A  Unknown               Unknown  Unknown
libesmf.dylib      000000010AEE1F6B  Unknown               Unknown  Unknown
ESMF_FieldRegridE  00000001092652F9  _MAIN__                    97  ESMF_FieldRegridEx.F90
ESMF_FieldRegridE  0000000109264F5E  Unknown               Unknown  Unknown
forrtl: severe (174): SIGSEGV, segmentation fault occurred
Image              PC                Routine            Line        Source             
ESMF_FieldRegridE  000000010E59B934  Unknown               Unknown  Unknown
libsystem_platfor  00007FFF666F8B5D  Unknown               Unknown  Unknown
libmpi.40.dylib    0000000112CFB2A1  Unknown               Unknown  Unknown
libesmf.dylib      000000010F3CE8D0  Unknown               Unknown  Unknown
libesmf.dylib      000000010F3AD471  Unknown               Unknown  Unknown
libesmf.dylib      000000010F3FFEB0  Unknown               Unknown  Unknown
libesmf.dylib      00000001105E3356  Unknown               Unknown  Unknown
libesmf.dylib      00000001101EFC5A  Unknown               Unknown  Unknown
libesmf.dylib      00000001101EEF6B  Unknown               Unknown  Unknown
ESMF_FieldRegridE  000000010E5702F9  _MAIN__                    97  ESMF_FieldRegridEx.F90
ESMF_FieldRegridE  000000010E56FF5E  Unknown               Unknown  Unknown
forrtl: severe (174): SIGSEGV, segmentation fault occurred
Image              PC                Routine            Line        Source             
ESMF_FieldRegridE  0000000102248934  Unknown               Unknown  Unknown
libsystem_platfor  00007FFF666F8B5D  Unknown               Unknown  Unknown
libmpi.40.dylib    00000001069AD2A1  Unknown               Unknown  Unknown
libesmf.dylib      000000010307C8D0  Unknown               Unknown  Unknown
libesmf.dylib      000000010305B471  Unknown               Unknown  Unknown
libesmf.dylib      00000001030ADEB0  Unknown               Unknown  Unknown
libesmf.dylib      0000000104291356  Unknown               Unknown  Unknown
libesmf.dylib      0000000103E9DC5A  Unknown               Unknown  Unknown
libesmf.dylib      0000000103E9CF6B  Unknown               Unknown  Unknown
ESMF_FieldRegridE  000000010221D2F9  _MAIN__                    97  ESMF_FieldRegridEx.F90
ESMF_FieldRegridE  000000010221CF5E  Unknown               Unknown  Unknown
forrtl: severe (174): SIGSEGV, segmentation fault occurred
Image              PC                Routine            Line        Source             
ESMF_FieldRegridE  000000010CF89934  Unknown               Unknown  Unknown
libsystem_platfor  00007FFF666F8B5D  Unknown               Unknown  Unknown
libmpi.40.dylib    000000010D3772A1  Unknown               Unknown  Unknown
libesmf.dylib      00000001104658D0  Unknown               Unknown  Unknown
libesmf.dylib      0000000110444471  Unknown               Unknown  Unknown
libesmf.dylib      0000000110496EB0  Unknown               Unknown  Unknown
libesmf.dylib      000000011167A356  Unknown               Unknown  Unknown
libesmf.dylib      0000000111286C5A  Unknown               Unknown  Unknown
libesmf.dylib      0000000111285F6B  Unknown               Unknown  Unknown
ESMF_FieldRegridE  000000010CF5E2F9  _MAIN__                    97  ESMF_FieldRegridEx.F90
ESMF_FieldRegridE  000000010CF5DF5E  Unknown               Unknown  Unknown
