build time -- 2021-10-19 00:50:11
forrtl: severe (174): SIGSEGV, segmentation fault occurred
Image              PC                Routine            Line        Source             
ESMF_AttachMethod  0000000109EA1AB4  Unknown               Unknown  Unknown
libsystem_platfor  00007FFF666F8B5D  Unknown               Unknown  Unknown
libmpi.40.dylib    000000010A28E2A1  Unknown               Unknown  Unknown
libesmf.dylib      000000010D35B8D0  Unknown               Unknown  Unknown
libesmf.dylib      000000010D33A471  Unknown               Unknown  Unknown
libesmf.dylib      000000010D38CEB0  Unknown               Unknown  Unknown
libesmf.dylib      000000010E570356  Unknown               Unknown  Unknown
libesmf.dylib      000000010E17CC5A  Unknown               Unknown  Unknown
libesmf.dylib      000000010E17BF6B  Unknown               Unknown  Unknown
ESMF_AttachMethod  0000000109E7B6D4  _MAIN__                   242  ESMF_AttachMethodsEx.F90
ESMF_AttachMethod  0000000109E7AB4E  Unknown               Unknown  Unknown
forrtl: severe (174): SIGSEGV, segmentation fault occurred
Image              PC                Routine            Line        Source             
ESMF_AttachMethod  0000000104789AB4  Unknown               Unknown  Unknown
libsystem_platfor  00007FFF666F8B5D  Unknown               Unknown  Unknown
libmpi.40.dylib    0000000108EE62A1  Unknown               Unknown  Unknown
libesmf.dylib      00000001055BA8D0  Unknown               Unknown  Unknown
libesmf.dylib      0000000105599471  Unknown               Unknown  Unknown
libesmf.dylib      00000001055EBEB0  Unknown               Unknown  Unknown
libesmf.dylib      00000001067CF356  Unknown               Unknown  Unknown
libesmf.dylib      00000001063DBC5A  Unknown               Unknown  Unknown
libesmf.dylib      00000001063DAF6B  Unknown               Unknown  Unknown
ESMF_AttachMethod  00000001047636D4  _MAIN__                   242  ESMF_AttachMethodsEx.F90
ESMF_AttachMethod  0000000104762B4E  Unknown               Unknown  Unknown
forrtl: severe (174): SIGSEGV, segmentation fault occurred
Image              PC                Routine            Line        Source             
ESMF_AttachMethod  000000010E9B2AB4  Unknown               Unknown  Unknown
libsystem_platfor  00007FFF666F8B5D  Unknown               Unknown  Unknown
libmpi.40.dylib    000000010ED9F2A1  Unknown               Unknown  Unknown
libesmf.dylib      00000001111758D0  Unknown               Unknown  Unknown
libesmf.dylib      0000000111154471  Unknown               Unknown  Unknown
libesmf.dylib      00000001111A6EB0  Unknown               Unknown  Unknown
libesmf.dylib      000000011238A356  Unknown               Unknown  Unknown
libesmf.dylib      0000000111F96C5A  Unknown               Unknown  Unknown
libesmf.dylib      0000000111F95F6B  Unknown               Unknown  Unknown
ESMF_AttachMethod  000000010E98C6D4  _MAIN__                   242  ESMF_AttachMethodsEx.F90
ESMF_AttachMethod  000000010E98BB4E  Unknown               Unknown  Unknown
forrtl: severe (174): SIGSEGV, segmentation fault occurred
Image              PC                Routine            Line        Source             
ESMF_AttachMethod  0000000103F56AB4  Unknown               Unknown  Unknown
libsystem_platfor  00007FFF666F8B5D  Unknown               Unknown  Unknown
libmpi.40.dylib    00000001086B02A1  Unknown               Unknown  Unknown
libesmf.dylib      0000000104D878D0  Unknown               Unknown  Unknown
libesmf.dylib      0000000104D66471  Unknown               Unknown  Unknown
libesmf.dylib      0000000104DB8EB0  Unknown               Unknown  Unknown
libesmf.dylib      0000000105F9C356  Unknown               Unknown  Unknown
libesmf.dylib      0000000105BA8C5A  Unknown               Unknown  Unknown
libesmf.dylib      0000000105BA7F6B  Unknown               Unknown  Unknown
ESMF_AttachMethod  0000000103F306D4  _MAIN__                   242  ESMF_AttachMethodsEx.F90
ESMF_AttachMethod  0000000103F2FB4E  Unknown               Unknown  Unknown
