build time -- 2021-10-18 15:06:30
forrtl: severe (174): SIGSEGV, segmentation fault occurred
Image              PC                Routine            Line        Source             
ESMF_RHandleFromF  000000010FACCDB4  Unknown               Unknown  Unknown
libsystem_platfor  00007FFF666F8B5D  Unknown               Unknown  Unknown
libmpi.40.dylib    00000001142362A1  Unknown               Unknown  Unknown
libesmf.dylib      0000000110902890  Unknown               Unknown  Unknown
libesmf.dylib      00000001108E1431  Unknown               Unknown  Unknown
libesmf.dylib      0000000110933E70  Unknown               Unknown  Unknown
libesmf.dylib      0000000111B17316  Unknown               Unknown  Unknown
libesmf.dylib      0000000111723C1A  Unknown               Unknown  Unknown
libesmf.dylib      0000000111722F2B  Unknown               Unknown  Unknown
ESMF_RHandleFromF  000000010FAA5B59  _MAIN__                    50  ESMF_RHandleFromFileEx.F90
ESMF_RHandleFromF  000000010FAA586E  Unknown               Unknown  Unknown
forrtl: severe (174): SIGSEGV, segmentation fault occurred
Image              PC                Routine            Line        Source             
ESMF_RHandleFromF  0000000102EF5DB4  Unknown               Unknown  Unknown
libsystem_platfor  00007FFF666F8B5D  Unknown               Unknown  Unknown
libmpi.40.dylib    00000001076512A1  Unknown               Unknown  Unknown
libesmf.dylib      0000000103D27890  Unknown               Unknown  Unknown
libesmf.dylib      0000000103D06431  Unknown               Unknown  Unknown
libesmf.dylib      0000000103D58E70  Unknown               Unknown  Unknown
libesmf.dylib      0000000104F3C316  Unknown               Unknown  Unknown
libesmf.dylib      0000000104B48C1A  Unknown               Unknown  Unknown
libesmf.dylib      0000000104B47F2B  Unknown               Unknown  Unknown
ESMF_RHandleFromF  0000000102ECEB59  _MAIN__                    50  ESMF_RHandleFromFileEx.F90
ESMF_RHandleFromF  0000000102ECE86E  Unknown               Unknown  Unknown
forrtl: severe (174): SIGSEGV, segmentation fault occurred
Image              PC                Routine            Line        Source             
ESMF_RHandleFromF  0000000106C13DB4  Unknown               Unknown  Unknown
libsystem_platfor  00007FFF666F8B5D  Unknown               Unknown  Unknown
libmpi.40.dylib    000000010B3782A1  Unknown               Unknown  Unknown
libesmf.dylib      0000000107A49890  Unknown               Unknown  Unknown
libesmf.dylib      0000000107A28431  Unknown               Unknown  Unknown
libesmf.dylib      0000000107A7AE70  Unknown               Unknown  Unknown
libesmf.dylib      0000000108C5E316  Unknown               Unknown  Unknown
libesmf.dylib      000000010886AC1A  Unknown               Unknown  Unknown
libesmf.dylib      0000000108869F2B  Unknown               Unknown  Unknown
ESMF_RHandleFromF  0000000106BECB59  _MAIN__                    50  ESMF_RHandleFromFileEx.F90
ESMF_RHandleFromF  0000000106BEC86E  Unknown               Unknown  Unknown
forrtl: severe (174): SIGSEGV, segmentation fault occurred
Image              PC                Routine            Line        Source             
ESMF_RHandleFromF  000000010DBBDDB4  Unknown               Unknown  Unknown
libsystem_platfor  00007FFF666F8B5D  Unknown               Unknown  Unknown
libmpi.40.dylib    000000011231D2A1  Unknown               Unknown  Unknown
libesmf.dylib      000000010E9F3890  Unknown               Unknown  Unknown
libesmf.dylib      000000010E9D2431  Unknown               Unknown  Unknown
libesmf.dylib      000000010EA24E70  Unknown               Unknown  Unknown
libesmf.dylib      000000010FC08316  Unknown               Unknown  Unknown
libesmf.dylib      000000010F814C1A  Unknown               Unknown  Unknown
libesmf.dylib      000000010F813F2B  Unknown               Unknown  Unknown
ESMF_RHandleFromF  000000010DB96B59  _MAIN__                    50  ESMF_RHandleFromFileEx.F90
ESMF_RHandleFromF  000000010DB9686E  Unknown               Unknown  Unknown
