build time -- 2022-01-13 06:32:34
20220113 065735.619 INFO             PET0 !!!!!!!!!!!!!!!!!!!!!!!!!!!!!!!!!!!!!!!!!!!!!!!!!!!!!!
20220113 065735.619 INFO             PET0 !!! THE ESMF_LOG IS SET TO OUTPUT ALL LOG MESSAGES !!!
20220113 065735.619 INFO             PET0 !!!     THIS MAY CAUSE SLOWDOWN IN PERFORMANCE     !!!
20220113 065735.619 INFO             PET0 !!! FOR PRODUCTION RUNS, USE:                      !!!
20220113 065735.619 INFO             PET0 !!!                   ESMF_LOGKIND_Multi_On_Error  !!!
20220113 065735.619 INFO             PET0 !!!!!!!!!!!!!!!!!!!!!!!!!!!!!!!!!!!!!!!!!!!!!!!!!!!!!!
20220113 065735.619 INFO             PET0 Running with ESMF Version   : ESMF_8_3_0_beta_snapshot_05-3-g889e70918a
20220113 065735.619 INFO             PET0 ESMF library build date/time: "Jan 13 2022" "06:31:29"
20220113 065735.619 INFO             PET0 ESMF library build location : /scratch1/NCEPDEV/stmp2/role.esmfmaint/gfortran_9.2.0_openmpi_O_develop
20220113 065735.619 INFO             PET0 ESMF_COMM                   : openmpi
20220113 065735.620 INFO             PET0 ESMF_MOAB                   : enabled
20220113 065735.620 INFO             PET0 ESMF_LAPACK                 : enabled
20220113 065735.620 INFO             PET0 ESMF_NETCDF                 : enabled
20220113 065735.620 INFO             PET0 ESMF_PNETCDF                : disabled
20220113 065735.620 INFO             PET0 ESMF_PIO                    : enabled
20220113 065735.620 INFO             PET0 ESMF_YAMLCPP                : enabled
20220113 065735.623 INFO             PET0  NUMBER_OF_PROCESSORS           1
20220113 065735.623 INFO             PET0  PASS  Example ESMF_XGridSparseMatEx, ESMF_XGridSparseMatEx.F90, line 642
20220113 065735.623 INFO             PET0 Finalizing ESMF
