build time -- 2022-01-30 02:31:29
20220130 025052.170 INFO             PET0 !!!!!!!!!!!!!!!!!!!!!!!!!!!!!!!!!!!!!!!!!!!!!!!!!!!!!!
20220130 025052.170 INFO             PET0 !!! THE ESMF_LOG IS SET TO OUTPUT ALL LOG MESSAGES !!!
20220130 025052.170 INFO             PET0 !!!     THIS MAY CAUSE SLOWDOWN IN PERFORMANCE     !!!
20220130 025052.170 INFO             PET0 !!! FOR PRODUCTION RUNS, USE:                      !!!
20220130 025052.170 INFO             PET0 !!!                   ESMF_LOGKIND_Multi_On_Error  !!!
20220130 025052.170 INFO             PET0 !!!!!!!!!!!!!!!!!!!!!!!!!!!!!!!!!!!!!!!!!!!!!!!!!!!!!!
20220130 025052.170 INFO             PET0 Running with ESMF Version   : ESMF_8_3_0_beta_snapshot_06-10-gce27d44
20220130 025052.170 INFO             PET0 ESMF library build date/time: "Jan 30 2022" "02:30:15"
20220130 025052.170 INFO             PET0 ESMF library build location : /work/noaa/da/mpotts/sandbox/gfortran_8.3.0_openmpi_O_develop
20220130 025052.170 INFO             PET0 ESMF_COMM                   : openmpi
20220130 025052.170 INFO             PET0 ESMF_MOAB                   : enabled
20220130 025052.170 INFO             PET0 ESMF_LAPACK                 : enabled
20220130 025052.170 INFO             PET0 ESMF_NETCDF                 : enabled
20220130 025052.170 INFO             PET0 ESMF_PNETCDF                : disabled
20220130 025052.170 INFO             PET0 ESMF_PIO                    : enabled
20220130 025052.170 INFO             PET0 ESMF_YAMLCPP                : enabled
20220130 025052.186 INFO             PET0  NUMBER_OF_PROCESSORS           4
20220130 025052.186 INFO             PET0  PASS  Example ESMF_InfoGetFromHostEx, ESMF_InfoGetFromHostEx.F90, line 112
20220130 025052.186 INFO             PET0 Finalizing ESMF
20220130 025052.170 INFO             PET1 !!!!!!!!!!!!!!!!!!!!!!!!!!!!!!!!!!!!!!!!!!!!!!!!!!!!!!
20220130 025052.170 INFO             PET1 !!! THE ESMF_LOG IS SET TO OUTPUT ALL LOG MESSAGES !!!
20220130 025052.170 INFO             PET1 !!!     THIS MAY CAUSE SLOWDOWN IN PERFORMANCE     !!!
20220130 025052.170 INFO             PET1 !!! FOR PRODUCTION RUNS, USE:                      !!!
20220130 025052.170 INFO             PET1 !!!                   ESMF_LOGKIND_Multi_On_Error  !!!
20220130 025052.170 INFO             PET1 !!!!!!!!!!!!!!!!!!!!!!!!!!!!!!!!!!!!!!!!!!!!!!!!!!!!!!
20220130 025052.170 INFO             PET1 Running with ESMF Version   : ESMF_8_3_0_beta_snapshot_06-10-gce27d44
20220130 025052.170 INFO             PET1 ESMF library build date/time: "Jan 30 2022" "02:30:15"
20220130 025052.170 INFO             PET1 ESMF library build location : /work/noaa/da/mpotts/sandbox/gfortran_8.3.0_openmpi_O_develop
20220130 025052.170 INFO             PET1 ESMF_COMM                   : openmpi
20220130 025052.171 INFO             PET1 ESMF_MOAB                   : enabled
20220130 025052.171 INFO             PET1 ESMF_LAPACK                 : enabled
20220130 025052.171 INFO             PET1 ESMF_NETCDF                 : enabled
20220130 025052.171 INFO             PET1 ESMF_PNETCDF                : disabled
20220130 025052.171 INFO             PET1 ESMF_PIO                    : enabled
20220130 025052.171 INFO             PET1 ESMF_YAMLCPP                : enabled
20220130 025052.186 INFO             PET1  NUMBER_OF_PROCESSORS           4
20220130 025052.186 INFO             PET1  PASS  Example ESMF_InfoGetFromHostEx, ESMF_InfoGetFromHostEx.F90, line 112
20220130 025052.186 INFO             PET1 Finalizing ESMF
20220130 025052.170 INFO             PET2 !!!!!!!!!!!!!!!!!!!!!!!!!!!!!!!!!!!!!!!!!!!!!!!!!!!!!!
20220130 025052.171 INFO             PET2 !!! THE ESMF_LOG IS SET TO OUTPUT ALL LOG MESSAGES !!!
20220130 025052.171 INFO             PET2 !!!     THIS MAY CAUSE SLOWDOWN IN PERFORMANCE     !!!
20220130 025052.171 INFO             PET2 !!! FOR PRODUCTION RUNS, USE:                      !!!
20220130 025052.171 INFO             PET2 !!!                   ESMF_LOGKIND_Multi_On_Error  !!!
20220130 025052.171 INFO             PET2 !!!!!!!!!!!!!!!!!!!!!!!!!!!!!!!!!!!!!!!!!!!!!!!!!!!!!!
20220130 025052.171 INFO             PET2 Running with ESMF Version   : ESMF_8_3_0_beta_snapshot_06-10-gce27d44
20220130 025052.171 INFO             PET2 ESMF library build date/time: "Jan 30 2022" "02:30:15"
20220130 025052.171 INFO             PET2 ESMF library build location : /work/noaa/da/mpotts/sandbox/gfortran_8.3.0_openmpi_O_develop
20220130 025052.171 INFO             PET2 ESMF_COMM                   : openmpi
20220130 025052.171 INFO             PET2 ESMF_MOAB                   : enabled
20220130 025052.171 INFO             PET2 ESMF_LAPACK                 : enabled
20220130 025052.171 INFO             PET2 ESMF_NETCDF                 : enabled
20220130 025052.171 INFO             PET2 ESMF_PNETCDF                : disabled
20220130 025052.171 INFO             PET2 ESMF_PIO                    : enabled
20220130 025052.171 INFO             PET2 ESMF_YAMLCPP                : enabled
20220130 025052.186 INFO             PET2  NUMBER_OF_PROCESSORS           4
20220130 025052.186 INFO             PET2  PASS  Example ESMF_InfoGetFromHostEx, ESMF_InfoGetFromHostEx.F90, line 112
20220130 025052.186 INFO             PET2 Finalizing ESMF
20220130 025052.184 INFO             PET3 !!!!!!!!!!!!!!!!!!!!!!!!!!!!!!!!!!!!!!!!!!!!!!!!!!!!!!
20220130 025052.184 INFO             PET3 !!! THE ESMF_LOG IS SET TO OUTPUT ALL LOG MESSAGES !!!
20220130 025052.184 INFO             PET3 !!!     THIS MAY CAUSE SLOWDOWN IN PERFORMANCE     !!!
20220130 025052.184 INFO             PET3 !!! FOR PRODUCTION RUNS, USE:                      !!!
20220130 025052.184 INFO             PET3 !!!                   ESMF_LOGKIND_Multi_On_Error  !!!
20220130 025052.184 INFO             PET3 !!!!!!!!!!!!!!!!!!!!!!!!!!!!!!!!!!!!!!!!!!!!!!!!!!!!!!
20220130 025052.184 INFO             PET3 Running with ESMF Version   : ESMF_8_3_0_beta_snapshot_06-10-gce27d44
20220130 025052.184 INFO             PET3 ESMF library build date/time: "Jan 30 2022" "02:30:15"
20220130 025052.184 INFO             PET3 ESMF library build location : /work/noaa/da/mpotts/sandbox/gfortran_8.3.0_openmpi_O_develop
20220130 025052.184 INFO             PET3 ESMF_COMM                   : openmpi
20220130 025052.186 INFO             PET3 ESMF_MOAB                   : enabled
20220130 025052.186 INFO             PET3 ESMF_LAPACK                 : enabled
20220130 025052.186 INFO             PET3 ESMF_NETCDF                 : enabled
20220130 025052.186 INFO             PET3 ESMF_PNETCDF                : disabled
20220130 025052.186 INFO             PET3 ESMF_PIO                    : enabled
20220130 025052.186 INFO             PET3 ESMF_YAMLCPP                : enabled
20220130 025052.186 INFO             PET3  NUMBER_OF_PROCESSORS           4
20220130 025052.186 INFO             PET3  PASS  Example ESMF_InfoGetFromHostEx, ESMF_InfoGetFromHostEx.F90, line 112
20220130 025052.186 INFO             PET3 Finalizing ESMF
