build time -- 2021-12-23 01:32:38
20211223 015015.338 INFO             PET0 !!!!!!!!!!!!!!!!!!!!!!!!!!!!!!!!!!!!!!!!!!!!!!!!!!!!!!
20211223 015015.338 INFO             PET0 !!! THE ESMF_LOG IS SET TO OUTPUT ALL LOG MESSAGES !!!
20211223 015015.338 INFO             PET0 !!!     THIS MAY CAUSE SLOWDOWN IN PERFORMANCE     !!!
20211223 015015.338 INFO             PET0 !!! FOR PRODUCTION RUNS, USE:                      !!!
20211223 015015.338 INFO             PET0 !!!                   ESMF_LOGKIND_Multi_On_Error  !!!
20211223 015015.338 INFO             PET0 !!!!!!!!!!!!!!!!!!!!!!!!!!!!!!!!!!!!!!!!!!!!!!!!!!!!!!
20211223 015015.338 INFO             PET0 Running with ESMF Version   : ESMF_8_3_0_beta_snapshot_05-1-g3e9d170f1f
20211223 015015.338 INFO             PET0 ESMF library build date/time: "Dec 23 2021" "01:31:25"
20211223 015015.338 INFO             PET0 ESMF library build location : /lfs/h1/emc/ptmp/Mark.Potts/intel_2019.3_mpi_O_develop
20211223 015015.338 INFO             PET0 ESMF_COMM                   : mpi
20211223 015015.339 INFO             PET0 ESMF_MOAB                   : enabled
20211223 015015.339 INFO             PET0 ESMF_LAPACK                 : enabled
20211223 015015.339 INFO             PET0 ESMF_NETCDF                 : enabled
20211223 015015.339 INFO             PET0 ESMF_PNETCDF                : disabled
20211223 015015.339 INFO             PET0 ESMF_PIO                    : enabled
20211223 015015.339 INFO             PET0 ESMF_YAMLCPP                : enabled
20211223 015015.339 INFO             PET0  NUMBER_OF_PROCESSORS           4
20211223 015015.339 INFO             PET0  PASS  Example ESMF_VMUserMpiCommMultiEx, ESMF_VMUserMpiCommMultiEx.F90, line 126
20211223 015015.339 INFO             PET0 Finalizing ESMF
20211223 015015.338 INFO             PET0 !!!!!!!!!!!!!!!!!!!!!!!!!!!!!!!!!!!!!!!!!!!!!!!!!!!!!!
20211223 015015.338 INFO             PET0 !!! THE ESMF_LOG IS SET TO OUTPUT ALL LOG MESSAGES !!!
20211223 015015.338 INFO             PET0 !!!     THIS MAY CAUSE SLOWDOWN IN PERFORMANCE     !!!
20211223 015015.338 INFO             PET0 !!! FOR PRODUCTION RUNS, USE:                      !!!
20211223 015015.338 INFO             PET0 !!!                   ESMF_LOGKIND_Multi_On_Error  !!!
20211223 015015.338 INFO             PET0 !!!!!!!!!!!!!!!!!!!!!!!!!!!!!!!!!!!!!!!!!!!!!!!!!!!!!!
20211223 015015.338 INFO             PET0 Running with ESMF Version   : ESMF_8_3_0_beta_snapshot_05-1-g3e9d170f1f
20211223 015015.338 INFO             PET0 ESMF library build date/time: "Dec 23 2021" "01:31:25"
20211223 015015.338 INFO             PET0 ESMF library build location : /lfs/h1/emc/ptmp/Mark.Potts/intel_2019.3_mpi_O_develop
20211223 015015.338 INFO             PET0 ESMF_COMM                   : mpi
20211223 015015.339 INFO             PET0 ESMF_MOAB                   : enabled
20211223 015015.339 INFO             PET0 ESMF_LAPACK                 : enabled
20211223 015015.339 INFO             PET0 ESMF_NETCDF                 : enabled
20211223 015015.339 INFO             PET0 ESMF_PNETCDF                : disabled
20211223 015015.339 INFO             PET0 ESMF_PIO                    : enabled
20211223 015015.339 INFO             PET0 ESMF_YAMLCPP                : enabled
20211223 015015.339 INFO             PET0  NUMBER_OF_PROCESSORS           4
20211223 015015.339 INFO             PET0  PASS  Example ESMF_VMUserMpiCommMultiEx, ESMF_VMUserMpiCommMultiEx.F90, line 154
20211223 015015.339 INFO             PET0 Finalizing ESMF
20211223 015015.339 INFO             PET1 !!!!!!!!!!!!!!!!!!!!!!!!!!!!!!!!!!!!!!!!!!!!!!!!!!!!!!
20211223 015015.339 INFO             PET1 !!! THE ESMF_LOG IS SET TO OUTPUT ALL LOG MESSAGES !!!
20211223 015015.339 INFO             PET1 !!!     THIS MAY CAUSE SLOWDOWN IN PERFORMANCE     !!!
20211223 015015.339 INFO             PET1 !!! FOR PRODUCTION RUNS, USE:                      !!!
20211223 015015.339 INFO             PET1 !!!                   ESMF_LOGKIND_Multi_On_Error  !!!
20211223 015015.339 INFO             PET1 !!!!!!!!!!!!!!!!!!!!!!!!!!!!!!!!!!!!!!!!!!!!!!!!!!!!!!
20211223 015015.339 INFO             PET1 Running with ESMF Version   : ESMF_8_3_0_beta_snapshot_05-1-g3e9d170f1f
20211223 015015.339 INFO             PET1 ESMF library build date/time: "Dec 23 2021" "01:31:25"
20211223 015015.339 INFO             PET1 ESMF library build location : /lfs/h1/emc/ptmp/Mark.Potts/intel_2019.3_mpi_O_develop
20211223 015015.339 INFO             PET1 ESMF_COMM                   : mpi
20211223 015015.339 INFO             PET1 ESMF_MOAB                   : enabled
20211223 015015.339 INFO             PET1 ESMF_LAPACK                 : enabled
20211223 015015.339 INFO             PET1 ESMF_NETCDF                 : enabled
20211223 015015.339 INFO             PET1 ESMF_PNETCDF                : disabled
20211223 015015.339 INFO             PET1 ESMF_PIO                    : enabled
20211223 015015.339 INFO             PET1 ESMF_YAMLCPP                : enabled
20211223 015015.339 INFO             PET1  NUMBER_OF_PROCESSORS           4
20211223 015015.339 INFO             PET1  PASS  Example ESMF_VMUserMpiCommMultiEx, ESMF_VMUserMpiCommMultiEx.F90, line 126
20211223 015015.339 INFO             PET1 Finalizing ESMF
20211223 015015.338 INFO             PET1 !!!!!!!!!!!!!!!!!!!!!!!!!!!!!!!!!!!!!!!!!!!!!!!!!!!!!!
20211223 015015.338 INFO             PET1 !!! THE ESMF_LOG IS SET TO OUTPUT ALL LOG MESSAGES !!!
20211223 015015.338 INFO             PET1 !!!     THIS MAY CAUSE SLOWDOWN IN PERFORMANCE     !!!
20211223 015015.338 INFO             PET1 !!! FOR PRODUCTION RUNS, USE:                      !!!
20211223 015015.338 INFO             PET1 !!!                   ESMF_LOGKIND_Multi_On_Error  !!!
20211223 015015.338 INFO             PET1 !!!!!!!!!!!!!!!!!!!!!!!!!!!!!!!!!!!!!!!!!!!!!!!!!!!!!!
20211223 015015.338 INFO             PET1 Running with ESMF Version   : ESMF_8_3_0_beta_snapshot_05-1-g3e9d170f1f
20211223 015015.338 INFO             PET1 ESMF library build date/time: "Dec 23 2021" "01:31:25"
20211223 015015.338 INFO             PET1 ESMF library build location : /lfs/h1/emc/ptmp/Mark.Potts/intel_2019.3_mpi_O_develop
20211223 015015.338 INFO             PET1 ESMF_COMM                   : mpi
20211223 015015.339 INFO             PET1 ESMF_MOAB                   : enabled
20211223 015015.339 INFO             PET1 ESMF_LAPACK                 : enabled
20211223 015015.339 INFO             PET1 ESMF_NETCDF                 : enabled
20211223 015015.339 INFO             PET1 ESMF_PNETCDF                : disabled
20211223 015015.339 INFO             PET1 ESMF_PIO                    : enabled
20211223 015015.339 INFO             PET1 ESMF_YAMLCPP                : enabled
20211223 015015.339 INFO             PET1  NUMBER_OF_PROCESSORS           4
20211223 015015.339 INFO             PET1  PASS  Example ESMF_VMUserMpiCommMultiEx, ESMF_VMUserMpiCommMultiEx.F90, line 154
20211223 015015.339 INFO             PET1 Finalizing ESMF
