build time -- 2021-11-08 01:32:40
20211108 015138.719 INFO             PET0 !!!!!!!!!!!!!!!!!!!!!!!!!!!!!!!!!!!!!!!!!!!!!!!!!!!!!!
20211108 015138.719 INFO             PET0 !!! THE ESMF_LOG IS SET TO OUTPUT ALL LOG MESSAGES !!!
20211108 015138.719 INFO             PET0 !!!     THIS MAY CAUSE SLOWDOWN IN PERFORMANCE     !!!
20211108 015138.719 INFO             PET0 !!! FOR PRODUCTION RUNS, USE:                      !!!
20211108 015138.719 INFO             PET0 !!!                   ESMF_LOGKIND_Multi_On_Error  !!!
20211108 015138.719 INFO             PET0 !!!!!!!!!!!!!!!!!!!!!!!!!!!!!!!!!!!!!!!!!!!!!!!!!!!!!!
20211108 015138.719 INFO             PET0 Running with ESMF Version   : ESMF_8_3_0_beta_snapshot_02-1-gd594fca699
20211108 015138.719 INFO             PET0 ESMF library build date/time: "Nov  8 2021" "01:31:27"
20211108 015138.719 INFO             PET0 ESMF library build location : /lfs/h1/emc/ptmp/Mark.Potts/intel_2019.3_mpi_O_develop
20211108 015138.719 INFO             PET0 ESMF_COMM                   : mpi
20211108 015138.720 INFO             PET0 ESMF_MOAB                   : enabled
20211108 015138.720 INFO             PET0 ESMF_LAPACK                 : enabled
20211108 015138.720 INFO             PET0 ESMF_NETCDF                 : enabled
20211108 015138.720 INFO             PET0 ESMF_PNETCDF                : disabled
20211108 015138.720 INFO             PET0 ESMF_PIO                    : enabled
20211108 015138.720 INFO             PET0 ESMF_YAMLCPP                : enabled
20211108 015138.755 DEBUG            PET0 about to destroy Grid: 0x1cc6090
20211108 015138.759 DEBUG            PET0 about to destroy Grid: 0x1cc82b0
20211108 015138.768 INFO             PET0  NUMBER_OF_PROCESSORS           4
20211108 015138.768 INFO             PET0  PASS  Example ESMF_NUOPCAtmModelEx, ESMF_NUOPCAtmModelEx.F90, line 806
20211108 015138.768 INFO             PET0 Finalizing ESMF
20211108 015138.719 INFO             PET1 !!!!!!!!!!!!!!!!!!!!!!!!!!!!!!!!!!!!!!!!!!!!!!!!!!!!!!
20211108 015138.719 INFO             PET1 !!! THE ESMF_LOG IS SET TO OUTPUT ALL LOG MESSAGES !!!
20211108 015138.719 INFO             PET1 !!!     THIS MAY CAUSE SLOWDOWN IN PERFORMANCE     !!!
20211108 015138.719 INFO             PET1 !!! FOR PRODUCTION RUNS, USE:                      !!!
20211108 015138.719 INFO             PET1 !!!                   ESMF_LOGKIND_Multi_On_Error  !!!
20211108 015138.719 INFO             PET1 !!!!!!!!!!!!!!!!!!!!!!!!!!!!!!!!!!!!!!!!!!!!!!!!!!!!!!
20211108 015138.719 INFO             PET1 Running with ESMF Version   : ESMF_8_3_0_beta_snapshot_02-1-gd594fca699
20211108 015138.719 INFO             PET1 ESMF library build date/time: "Nov  8 2021" "01:31:27"
20211108 015138.719 INFO             PET1 ESMF library build location : /lfs/h1/emc/ptmp/Mark.Potts/intel_2019.3_mpi_O_develop
20211108 015138.719 INFO             PET1 ESMF_COMM                   : mpi
20211108 015138.720 INFO             PET1 ESMF_MOAB                   : enabled
20211108 015138.720 INFO             PET1 ESMF_LAPACK                 : enabled
20211108 015138.720 INFO             PET1 ESMF_NETCDF                 : enabled
20211108 015138.720 INFO             PET1 ESMF_PNETCDF                : disabled
20211108 015138.720 INFO             PET1 ESMF_PIO                    : enabled
20211108 015138.720 INFO             PET1 ESMF_YAMLCPP                : enabled
20211108 015138.755 DEBUG            PET1 about to destroy Grid: 0x26f9a20
20211108 015138.759 DEBUG            PET1 about to destroy Grid: 0x26fa8a0
20211108 015138.768 INFO             PET1  NUMBER_OF_PROCESSORS           4
20211108 015138.768 INFO             PET1  PASS  Example ESMF_NUOPCAtmModelEx, ESMF_NUOPCAtmModelEx.F90, line 806
20211108 015138.768 INFO             PET1 Finalizing ESMF
20211108 015138.719 INFO             PET2 !!!!!!!!!!!!!!!!!!!!!!!!!!!!!!!!!!!!!!!!!!!!!!!!!!!!!!
20211108 015138.719 INFO             PET2 !!! THE ESMF_LOG IS SET TO OUTPUT ALL LOG MESSAGES !!!
20211108 015138.719 INFO             PET2 !!!     THIS MAY CAUSE SLOWDOWN IN PERFORMANCE     !!!
20211108 015138.719 INFO             PET2 !!! FOR PRODUCTION RUNS, USE:                      !!!
20211108 015138.719 INFO             PET2 !!!                   ESMF_LOGKIND_Multi_On_Error  !!!
20211108 015138.719 INFO             PET2 !!!!!!!!!!!!!!!!!!!!!!!!!!!!!!!!!!!!!!!!!!!!!!!!!!!!!!
20211108 015138.719 INFO             PET2 Running with ESMF Version   : ESMF_8_3_0_beta_snapshot_02-1-gd594fca699
20211108 015138.719 INFO             PET2 ESMF library build date/time: "Nov  8 2021" "01:31:27"
20211108 015138.719 INFO             PET2 ESMF library build location : /lfs/h1/emc/ptmp/Mark.Potts/intel_2019.3_mpi_O_develop
20211108 015138.719 INFO             PET2 ESMF_COMM                   : mpi
20211108 015138.720 INFO             PET2 ESMF_MOAB                   : enabled
20211108 015138.720 INFO             PET2 ESMF_LAPACK                 : enabled
20211108 015138.720 INFO             PET2 ESMF_NETCDF                 : enabled
20211108 015138.720 INFO             PET2 ESMF_PNETCDF                : disabled
20211108 015138.720 INFO             PET2 ESMF_PIO                    : enabled
20211108 015138.720 INFO             PET2 ESMF_YAMLCPP                : enabled
20211108 015138.755 DEBUG            PET2 about to destroy Grid: 0x1c30a40
20211108 015138.759 DEBUG            PET2 about to destroy Grid: 0x1c318c0
20211108 015138.768 INFO             PET2  NUMBER_OF_PROCESSORS           4
20211108 015138.768 INFO             PET2  PASS  Example ESMF_NUOPCAtmModelEx, ESMF_NUOPCAtmModelEx.F90, line 806
20211108 015138.768 INFO             PET2 Finalizing ESMF
20211108 015138.719 INFO             PET3 !!!!!!!!!!!!!!!!!!!!!!!!!!!!!!!!!!!!!!!!!!!!!!!!!!!!!!
20211108 015138.719 INFO             PET3 !!! THE ESMF_LOG IS SET TO OUTPUT ALL LOG MESSAGES !!!
20211108 015138.719 INFO             PET3 !!!     THIS MAY CAUSE SLOWDOWN IN PERFORMANCE     !!!
20211108 015138.719 INFO             PET3 !!! FOR PRODUCTION RUNS, USE:                      !!!
20211108 015138.719 INFO             PET3 !!!                   ESMF_LOGKIND_Multi_On_Error  !!!
20211108 015138.719 INFO             PET3 !!!!!!!!!!!!!!!!!!!!!!!!!!!!!!!!!!!!!!!!!!!!!!!!!!!!!!
20211108 015138.719 INFO             PET3 Running with ESMF Version   : ESMF_8_3_0_beta_snapshot_02-1-gd594fca699
20211108 015138.719 INFO             PET3 ESMF library build date/time: "Nov  8 2021" "01:31:27"
20211108 015138.719 INFO             PET3 ESMF library build location : /lfs/h1/emc/ptmp/Mark.Potts/intel_2019.3_mpi_O_develop
20211108 015138.719 INFO             PET3 ESMF_COMM                   : mpi
20211108 015138.720 INFO             PET3 ESMF_MOAB                   : enabled
20211108 015138.720 INFO             PET3 ESMF_LAPACK                 : enabled
20211108 015138.720 INFO             PET3 ESMF_NETCDF                 : enabled
20211108 015138.720 INFO             PET3 ESMF_PNETCDF                : disabled
20211108 015138.720 INFO             PET3 ESMF_PIO                    : enabled
20211108 015138.720 INFO             PET3 ESMF_YAMLCPP                : enabled
20211108 015138.755 DEBUG            PET3 about to destroy Grid: 0x280e8d0
20211108 015138.759 DEBUG            PET3 about to destroy Grid: 0x280f750
20211108 015138.768 INFO             PET3  NUMBER_OF_PROCESSORS           4
20211108 015138.768 INFO             PET3  PASS  Example ESMF_NUOPCAtmModelEx, ESMF_NUOPCAtmModelEx.F90, line 806
20211108 015138.768 INFO             PET3 Finalizing ESMF
