build time -- 2022-01-21 01:32:43
--- ESMCI::Array::print start ---
 Base name    = Array002
--- ESMCI::Array::print start ---
 Base name    = Array002
 Status: Base = Ready,  object = Ready
 Proxy        = no
 Root Info (Attributes):
{}Array typekind/rank: Real*8 / 2 
~ lower class' values ~
DistGrid dimCount = 2
deCount = 4
localDeCount = 1
~ local data in LocalArray for DE 1 ~
LocalArrayPrint: Array at address 0x23b5160:
            rank = 2, typekind = 6, base_addr = 0x150bce4ba400
            dim[0] = 14  dim[1] = 14  
  Real, *8, Dim 2, Data values:
(-1,-1) =  36.71
( 0,-1) =  36.71
( 1,-1) =  36.71
( 2,-1) =  36.71
( 3,-1) =  36.71
( 4,-1) =  36.71
( 5,-1) =  36.71
( 6,-1) =  36.71
( 7,-1) =  36.71
( 8,-1) =  36.71
  skipping to end ...
( 3,12) =  36.71
( 4,12) =  36.71
( 5,12) =  36.71
( 6,12) =  36.71
( 7,12) =  36.71
( 8,12) =  36.71
( 9,12) =  36.71
(10,12) =  36.71
(11,12) =  36.71
(12,12) =  36.71
dim 1: [0]: [-1 [1 [1, 10] 10] 12]
dim 2: [1]: [-1 [1 [1, 10] 10] 12]
--- ESMCI::Array::print end ---
--- ESMCI::Array::print start ---
 Base name    = Array002
 Status: Base = Ready,  object = Ready
 Proxy        = no
 Root Info (Attributes):
{}Array typekind/rank: Real*8 / 2 
~ lower class' values ~
DistGrid dimCount = 2
deCount = 4
localDeCount = 1
~ local data in LocalArray for DE 2 ~
LocalArrayPrint: Array at address 0x222f160:
            rank = 2, typekind = 6, base_addr = 0x14a084946400
            dim[0] = 14  dim[1] = 14  
  Real, *8, Dim 2, Data values:
(-1,-1) =  36.71
( 0,-1) =  36.71
( 1,-1) =  36.71
( 2,-1) =  36.71
( 3,-1) =  36.71
( 4,-1) =  36.71
( 5,-1) =  36.71
( 6,-1) =  36.71
( 7,-1) =  36.71
( 8,-1) =  36.71
  skipping to end ...
( 3,12) =  36.71
( 4,12) =  36.71
( 5,12) =  36.71
( 6,12) =  36.71
( 7,12) =  36.71
( 8,12) =  36.71
( 9,12) =  36.71
(10,12) =  36.71
(11,12) =  36.71
(12,12) =  36.71
dim 1: [0]: [-1 [1 [1, 10] 10] 12]
dim 2: [1]: [-1 [1 [1, 10] 10] 12]
--- ESMCI::Array::print end ---
 localSum=   3671.00000000000     
  PASS  Example ESMF_ArrayFarrayHaloEx, ESMF_ArrayFarrayHaloEx.F90, line 177
--- ESMCI::Array::print start ---
 Base name    = Array002
 Status: Base = Ready,  object = Ready
 Proxy        = no
 Root Info (Attributes):
{}Array typekind/rank: Real*8 / 2 
~ lower class' values ~
DistGrid dimCount = 2
deCount = 4
localDeCount = 1
~ local data in LocalArray for DE 3 ~
LocalArrayPrint: Array at address 0x13ad050:
            rank = 2, typekind = 6, base_addr = 0x15208dcd2400
            dim[0] = 14  dim[1] = 14  
  Real, *8, Dim 2, Data values:
(-1,-1) =  36.71
( 0,-1) =  36.71
( 1,-1) =  36.71
( 2,-1) =  36.71
( 3,-1) =  36.71
( 4,-1) =  36.71
( 5,-1) =  36.71
( 6,-1) =  36.71
( 7,-1) =  36.71
( 8,-1) =  36.71
  skipping to end ...
( 3,12) =  36.71
( 4,12) =  36.71
( 5,12) =  36.71
( 6,12) =  36.71
( 7,12) =  36.71
( 8,12) =  36.71
( 9,12) =  36.71
(10,12) =  36.71
(11,12) =  36.71
(12,12) =  36.71
dim 1: [0]: [-1 [1 [1, 10] 10] 12]
dim 2: [1]: [-1 [1 [1, 10] 10] 12]
--- ESMCI::Array::print end ---
 localSum=   3671.00000000000     
  PASS  Example ESMF_ArrayFarrayHaloEx, ESMF_ArrayFarrayHaloEx.F90, line 177
 PASS: ESMF_ArrayFarrayHaloEx.F90
 Status: Base = Ready,  object = Ready
 Proxy        = no
 Root Info (Attributes):
{}Array typekind/rank: Real*8 / 2 
~ lower class' values ~
DistGrid dimCount = 2
deCount = 4
localDeCount = 1
~ local data in LocalArray for DE 0 ~
LocalArrayPrint: Array at address 0xf49680:
            rank = 2, typekind = 6, base_addr = 0x14983e6ca400
            dim[0] = 14  dim[1] = 14  
  Real, *8, Dim 2, Data values:
(-1,-1) =  36.71
( 0,-1) =  36.71
( 1,-1) =  36.71
( 2,-1) =  36.71
( 3,-1) =  36.71
( 4,-1) =  36.71
( 5,-1) =  36.71
( 6,-1) =  36.71
( 7,-1) =  36.71
( 8,-1) =  36.71
  skipping to end ...
( 3,12) =  36.71
( 4,12) =  36.71
( 5,12) =  36.71
( 6,12) =  36.71
( 7,12) =  36.71
( 8,12) =  36.71
( 9,12) =  36.71
(10,12) =  36.71
(11,12) =  36.71
(12,12) =  36.71
dim 1: [0]: [-1 [1 [1, 10] 10] 12]
dim 2: [1]: [-1 [1 [1, 10] 10] 12]
--- ESMCI::Array::print end ---
 localSum=   3671.00000000000     
  PASS  Example ESMF_ArrayFarrayHaloEx, ESMF_ArrayFarrayHaloEx.F90, line 177
 PASS: ESMF_ArrayFarrayHaloEx.F90
 localSum=   3671.00000000000     
  PASS  Example ESMF_ArrayFarrayHaloEx, ESMF_ArrayFarrayHaloEx.F90, line 177
 PASS: ESMF_ArrayFarrayHaloEx.F90
 PASS: ESMF_ArrayFarrayHaloEx.F90
