build time -- 2021-10-12 03:17:44.447138
20211012 053829.907 INFO             PET0 !!!!!!!!!!!!!!!!!!!!!!!!!!!!!!!!!!!!!!!!!!!!!!!!!!!!!!
20211012 053829.907 INFO             PET0 !!! THE ESMF_LOG IS SET TO OUTPUT ALL LOG MESSAGES !!!
20211012 053829.907 INFO             PET0 !!!     THIS MAY CAUSE SLOWDOWN IN PERFORMANCE     !!!
20211012 053829.907 INFO             PET0 !!! FOR PRODUCTION RUNS, USE:                      !!!
20211012 053829.907 INFO             PET0 !!!                   ESMF_LOGKIND_Multi_On_Error  !!!
20211012 053829.907 INFO             PET0 !!!!!!!!!!!!!!!!!!!!!!!!!!!!!!!!!!!!!!!!!!!!!!!!!!!!!!
20211012 053829.907 INFO             PET0 Running with ESMF Version   : ESMF_8_2_0_beta_snapshot_21-3-ge04105f13a
20211012 053829.907 INFO             PET0 ESMF library build date/time: "Oct 12 2021" "03:09:15"
20211012 053829.907 INFO             PET0 ESMF library build location : /gpfsm/dnb04/projects/p98/mpotts/esmf/pgi_2020_mpiuni_g_release_8.2.0
20211012 053829.907 INFO             PET0 ESMF_COMM                   : mpiuni
20211012 053829.907 INFO             PET0 ESMF_MOAB                   : enabled
20211012 053829.907 INFO             PET0 ESMF_LAPACK                 : enabled
20211012 053829.907 INFO             PET0 ESMF_NETCDF                 : disabled
20211012 053829.907 INFO             PET0 ESMF_PNETCDF                : disabled
20211012 053829.907 INFO             PET0 ESMF_PIO                    : disabled
20211012 053829.907 INFO             PET0 ESMF_YAMLCPP                : enabled
20211012 053829.907 INFO             PET0  NUMBER_OF_PROCESSORS            1
20211012 053829.907 INFO             PET0  PASS  Example ESMF_VMScatterVMGatherEx, ESMF_VMScatterVMGatherEx.F90, line 120
20211012 053829.907 INFO             PET0 Finalizing ESMF
