build time -- 2021-11-05 04:14:19.554996
20211105 051712.664 INFO             PET0 !!!!!!!!!!!!!!!!!!!!!!!!!!!!!!!!!!!!!!!!!!!!!!!!!!!!!!
20211105 051712.664 INFO             PET0 !!! THE ESMF_LOG IS SET TO OUTPUT ALL LOG MESSAGES !!!
20211105 051712.665 INFO             PET0 !!!     THIS MAY CAUSE SLOWDOWN IN PERFORMANCE     !!!
20211105 051712.665 INFO             PET0 !!! FOR PRODUCTION RUNS, USE:                      !!!
20211105 051712.665 INFO             PET0 !!!                   ESMF_LOGKIND_Multi_On_Error  !!!
20211105 051712.665 INFO             PET0 !!!!!!!!!!!!!!!!!!!!!!!!!!!!!!!!!!!!!!!!!!!!!!!!!!!!!!
20211105 051712.665 INFO             PET0 Running with ESMF Version   : ESMF_8_3_0_beta_snapshot_02-1-gd594fca699
20211105 051712.665 INFO             PET0 ESMF library build date/time: "Nov  5 2021" "04:07:16"
20211105 051712.665 INFO             PET0 ESMF library build location : /glade/scratch/mpotts/intel_18.0.5_mpt_g_develop
20211105 051712.665 INFO             PET0 ESMF_COMM                   : mpt
20211105 051712.665 INFO             PET0 ESMF_MOAB                   : enabled
20211105 051712.665 INFO             PET0 ESMF_LAPACK                 : enabled
20211105 051712.665 INFO             PET0 ESMF_NETCDF                 : enabled
20211105 051712.665 INFO             PET0 ESMF_PNETCDF                : disabled
20211105 051712.665 INFO             PET0 ESMF_PIO                    : enabled
20211105 051712.665 INFO             PET0 ESMF_YAMLCPP                : enabled
20211105 051712.666 INFO             PET0  NUMBER_OF_PROCESSORS           1
20211105 051712.666 INFO             PET0  PASS  Example ESMF_AlarmEx, ESMF_AlarmEx.F90, line 244
20211105 051712.666 INFO             PET0 Finalizing ESMF
