build time -- 2022-01-07 06:24:13.242929
20220107 072550.974 INFO             PET0 !!!!!!!!!!!!!!!!!!!!!!!!!!!!!!!!!!!!!!!!!!!!!!!!!!!!!!
20220107 072550.974 INFO             PET0 !!! THE ESMF_LOG IS SET TO OUTPUT ALL LOG MESSAGES !!!
20220107 072550.974 INFO             PET0 !!!     THIS MAY CAUSE SLOWDOWN IN PERFORMANCE     !!!
20220107 072550.974 INFO             PET0 !!! FOR PRODUCTION RUNS, USE:                      !!!
20220107 072550.974 INFO             PET0 !!!                   ESMF_LOGKIND_Multi_On_Error  !!!
20220107 072550.974 INFO             PET0 !!!!!!!!!!!!!!!!!!!!!!!!!!!!!!!!!!!!!!!!!!!!!!!!!!!!!!
20220107 072550.974 INFO             PET0 Running with ESMF Version   : ESMF_8_3_0_beta_snapshot_05-1-g3e9d170f1f
20220107 072550.974 INFO             PET0 ESMF library build date/time: "Jan  7 2022" "06:17:15"
20220107 072550.974 INFO             PET0 ESMF library build location : /glade/scratch/rlong/esmf-testing/intel_18.0.5_mpt_g_develop
20220107 072550.974 INFO             PET0 ESMF_COMM                   : mpt
20220107 072550.975 INFO             PET0 ESMF_MOAB                   : enabled
20220107 072550.975 INFO             PET0 ESMF_LAPACK                 : enabled
20220107 072550.975 INFO             PET0 ESMF_NETCDF                 : enabled
20220107 072550.975 INFO             PET0 ESMF_PNETCDF                : disabled
20220107 072550.975 INFO             PET0 ESMF_PIO                    : enabled
20220107 072550.975 INFO             PET0 ESMF_YAMLCPP                : enabled
20220107 072550.975 INFO             PET0 ESMF Tracing Enabled
20220107 072550.975 INFO             PET0 ESMF Profiling Enabled
20220107 072550.975 INFO             PET0 ESMF Trace/Profile clock: REALTIME
20220107 072550.976 INFO             PET0  NUMBER_OF_PROCESSORS           4
20220107 072550.976 INFO             PET0  PASS  Example ESMF_TraceUserEx, ESMF_TraceUserEx.F90, line 125
20220107 072550.976 INFO             PET0 Finalizing ESMF
20220107 072550.976 INFO             PET0 **************** Region Timings *******************
20220107 072550.976 INFO             PET0 Region              Count  Total (s)   Self (s)    Mean (s)    Min (s)     Max (s)
20220107 072550.976 INFO             PET0   outer_region      1      0.0005      0.0000      0.0005      0.0005      0.0005
20220107 072550.976 INFO             PET0     inner_region_1  10     0.0003      0.0003      0.0000      0.0000      0.0000
20220107 072550.976 INFO             PET0     inner_region_2  10     0.0001      0.0001      0.0000      0.0000      0.0000
20220107 072550.974 INFO             PET1 !!!!!!!!!!!!!!!!!!!!!!!!!!!!!!!!!!!!!!!!!!!!!!!!!!!!!!
20220107 072550.974 INFO             PET1 !!! THE ESMF_LOG IS SET TO OUTPUT ALL LOG MESSAGES !!!
20220107 072550.974 INFO             PET1 !!!     THIS MAY CAUSE SLOWDOWN IN PERFORMANCE     !!!
20220107 072550.974 INFO             PET1 !!! FOR PRODUCTION RUNS, USE:                      !!!
20220107 072550.974 INFO             PET1 !!!                   ESMF_LOGKIND_Multi_On_Error  !!!
20220107 072550.974 INFO             PET1 !!!!!!!!!!!!!!!!!!!!!!!!!!!!!!!!!!!!!!!!!!!!!!!!!!!!!!
20220107 072550.974 INFO             PET1 Running with ESMF Version   : ESMF_8_3_0_beta_snapshot_05-1-g3e9d170f1f
20220107 072550.974 INFO             PET1 ESMF library build date/time: "Jan  7 2022" "06:17:15"
20220107 072550.974 INFO             PET1 ESMF library build location : /glade/scratch/rlong/esmf-testing/intel_18.0.5_mpt_g_develop
20220107 072550.974 INFO             PET1 ESMF_COMM                   : mpt
20220107 072550.975 INFO             PET1 ESMF_MOAB                   : enabled
20220107 072550.975 INFO             PET1 ESMF_LAPACK                 : enabled
20220107 072550.975 INFO             PET1 ESMF_NETCDF                 : enabled
20220107 072550.975 INFO             PET1 ESMF_PNETCDF                : disabled
20220107 072550.975 INFO             PET1 ESMF_PIO                    : enabled
20220107 072550.975 INFO             PET1 ESMF_YAMLCPP                : enabled
20220107 072550.975 INFO             PET1 ESMF Tracing Enabled
20220107 072550.975 INFO             PET1 ESMF Profiling Enabled
20220107 072550.975 INFO             PET1 ESMF Trace/Profile clock: REALTIME
20220107 072550.976 INFO             PET1  NUMBER_OF_PROCESSORS           4
20220107 072550.976 INFO             PET1  PASS  Example ESMF_TraceUserEx, ESMF_TraceUserEx.F90, line 125
20220107 072550.976 INFO             PET1 Finalizing ESMF
20220107 072550.976 INFO             PET1 **************** Region Timings *******************
20220107 072550.976 INFO             PET1 Region              Count  Total (s)   Self (s)    Mean (s)    Min (s)     Max (s)
20220107 072550.976 INFO             PET1   outer_region      1      0.0005      0.0000      0.0005      0.0005      0.0005
20220107 072550.976 INFO             PET1     inner_region_1  10     0.0003      0.0003      0.0000      0.0000      0.0000
20220107 072550.976 INFO             PET1     inner_region_2  10     0.0002      0.0002      0.0000      0.0000      0.0000
20220107 072550.974 INFO             PET2 !!!!!!!!!!!!!!!!!!!!!!!!!!!!!!!!!!!!!!!!!!!!!!!!!!!!!!
20220107 072550.974 INFO             PET2 !!! THE ESMF_LOG IS SET TO OUTPUT ALL LOG MESSAGES !!!
20220107 072550.974 INFO             PET2 !!!     THIS MAY CAUSE SLOWDOWN IN PERFORMANCE     !!!
20220107 072550.974 INFO             PET2 !!! FOR PRODUCTION RUNS, USE:                      !!!
20220107 072550.974 INFO             PET2 !!!                   ESMF_LOGKIND_Multi_On_Error  !!!
20220107 072550.974 INFO             PET2 !!!!!!!!!!!!!!!!!!!!!!!!!!!!!!!!!!!!!!!!!!!!!!!!!!!!!!
20220107 072550.974 INFO             PET2 Running with ESMF Version   : ESMF_8_3_0_beta_snapshot_05-1-g3e9d170f1f
20220107 072550.974 INFO             PET2 ESMF library build date/time: "Jan  7 2022" "06:17:15"
20220107 072550.974 INFO             PET2 ESMF library build location : /glade/scratch/rlong/esmf-testing/intel_18.0.5_mpt_g_develop
20220107 072550.974 INFO             PET2 ESMF_COMM                   : mpt
20220107 072550.975 INFO             PET2 ESMF_MOAB                   : enabled
20220107 072550.975 INFO             PET2 ESMF_LAPACK                 : enabled
20220107 072550.975 INFO             PET2 ESMF_NETCDF                 : enabled
20220107 072550.975 INFO             PET2 ESMF_PNETCDF                : disabled
20220107 072550.975 INFO             PET2 ESMF_PIO                    : enabled
20220107 072550.975 INFO             PET2 ESMF_YAMLCPP                : enabled
20220107 072550.975 INFO             PET2 ESMF Tracing Enabled
20220107 072550.975 INFO             PET2 ESMF Profiling Enabled
20220107 072550.975 INFO             PET2 ESMF Trace/Profile clock: REALTIME
20220107 072550.976 INFO             PET2  NUMBER_OF_PROCESSORS           4
20220107 072550.976 INFO             PET2  PASS  Example ESMF_TraceUserEx, ESMF_TraceUserEx.F90, line 125
20220107 072550.976 INFO             PET2 Finalizing ESMF
20220107 072550.976 INFO             PET2 **************** Region Timings *******************
20220107 072550.976 INFO             PET2 Region              Count  Total (s)   Self (s)    Mean (s)    Min (s)     Max (s)
20220107 072550.976 INFO             PET2   outer_region      1      0.0005      0.0000      0.0005      0.0005      0.0005
20220107 072550.976 INFO             PET2     inner_region_1  10     0.0003      0.0003      0.0000      0.0000      0.0000
20220107 072550.976 INFO             PET2     inner_region_2  10     0.0002      0.0002      0.0000      0.0000      0.0000
20220107 072550.974 INFO             PET3 !!!!!!!!!!!!!!!!!!!!!!!!!!!!!!!!!!!!!!!!!!!!!!!!!!!!!!
20220107 072550.974 INFO             PET3 !!! THE ESMF_LOG IS SET TO OUTPUT ALL LOG MESSAGES !!!
20220107 072550.974 INFO             PET3 !!!     THIS MAY CAUSE SLOWDOWN IN PERFORMANCE     !!!
20220107 072550.974 INFO             PET3 !!! FOR PRODUCTION RUNS, USE:                      !!!
20220107 072550.974 INFO             PET3 !!!                   ESMF_LOGKIND_Multi_On_Error  !!!
20220107 072550.974 INFO             PET3 !!!!!!!!!!!!!!!!!!!!!!!!!!!!!!!!!!!!!!!!!!!!!!!!!!!!!!
20220107 072550.974 INFO             PET3 Running with ESMF Version   : ESMF_8_3_0_beta_snapshot_05-1-g3e9d170f1f
20220107 072550.974 INFO             PET3 ESMF library build date/time: "Jan  7 2022" "06:17:15"
20220107 072550.974 INFO             PET3 ESMF library build location : /glade/scratch/rlong/esmf-testing/intel_18.0.5_mpt_g_develop
20220107 072550.974 INFO             PET3 ESMF_COMM                   : mpt
20220107 072550.975 INFO             PET3 ESMF_MOAB                   : enabled
20220107 072550.975 INFO             PET3 ESMF_LAPACK                 : enabled
20220107 072550.975 INFO             PET3 ESMF_NETCDF                 : enabled
20220107 072550.975 INFO             PET3 ESMF_PNETCDF                : disabled
20220107 072550.975 INFO             PET3 ESMF_PIO                    : enabled
20220107 072550.975 INFO             PET3 ESMF_YAMLCPP                : enabled
20220107 072550.975 INFO             PET3 ESMF Tracing Enabled
20220107 072550.975 INFO             PET3 ESMF Profiling Enabled
20220107 072550.975 INFO             PET3 ESMF Trace/Profile clock: REALTIME
20220107 072550.976 INFO             PET3  NUMBER_OF_PROCESSORS           4
20220107 072550.976 INFO             PET3  PASS  Example ESMF_TraceUserEx, ESMF_TraceUserEx.F90, line 125
20220107 072550.976 INFO             PET3 Finalizing ESMF
20220107 072550.976 INFO             PET3 **************** Region Timings *******************
20220107 072550.976 INFO             PET3 Region              Count  Total (s)   Self (s)    Mean (s)    Min (s)     Max (s)
20220107 072550.976 INFO             PET3   outer_region      1      0.0005      0.0000      0.0005      0.0005      0.0005
20220107 072550.976 INFO             PET3     inner_region_1  10     0.0003      0.0003      0.0000      0.0000      0.0000
20220107 072550.976 INFO             PET3     inner_region_2  10     0.0002      0.0002      0.0000      0.0000      0.0000
