build time -- 2021-10-11 01:09:38.108547
20211011 013815.046 INFO             PET0 !!!!!!!!!!!!!!!!!!!!!!!!!!!!!!!!!!!!!!!!!!!!!!!!!!!!!!
20211011 013815.046 INFO             PET0 !!! THE ESMF_LOG IS SET TO OUTPUT ALL LOG MESSAGES !!!
20211011 013815.046 INFO             PET0 !!!     THIS MAY CAUSE SLOWDOWN IN PERFORMANCE     !!!
20211011 013815.046 INFO             PET0 !!! FOR PRODUCTION RUNS, USE:                      !!!
20211011 013815.046 INFO             PET0 !!!                   ESMF_LOGKIND_Multi_On_Error  !!!
20211011 013815.046 INFO             PET0 !!!!!!!!!!!!!!!!!!!!!!!!!!!!!!!!!!!!!!!!!!!!!!!!!!!!!!
20211011 013815.046 INFO             PET0 Running with ESMF Version   : ESMF_8_2_0_beta_snapshot_21-1-g86aff4e5a1
20211011 013815.046 INFO             PET0 ESMF library build date/time: "Oct 11 2021" "01:07:23"
20211011 013815.046 INFO             PET0 ESMF library build location : /gpfsm/dnb04/projects/p98/mpotts/esmf/intel_2020_intelmpi_g_release_8.2.0
20211011 013815.046 INFO             PET0 ESMF_COMM                   : intelmpi
20211011 013815.047 INFO             PET0 ESMF_MOAB                   : enabled
20211011 013815.047 INFO             PET0 ESMF_LAPACK                 : enabled
20211011 013815.047 INFO             PET0 ESMF_NETCDF                 : enabled
20211011 013815.047 INFO             PET0 ESMF_PNETCDF                : disabled
20211011 013815.047 INFO             PET0 ESMF_PIO                    : enabled
20211011 013815.047 INFO             PET0 ESMF_YAMLCPP                : enabled
20211011 013815.060 INFO             PET0 ESMF Tracing Enabled
20211011 013815.060 INFO             PET0 ESMF Profiling Enabled
20211011 013815.060 INFO             PET0 ESMF Trace/Profile clock: REALTIME
20211011 013815.083 INFO             PET0  NUMBER_OF_PROCESSORS           4
20211011 013815.083 INFO             PET0  PASS  Example ESMF_TraceEx, ESMF_TraceEx.F90, line 178
20211011 013815.083 INFO             PET0 Finalizing ESMF
20211011 013815.083 INFO             PET0 **************** Region Timings *******************
20211011 013815.083 INFO             PET0 Region              Count  Total (s)   Self (s)    Mean (s)    Min (s)     Max (s)
20211011 013815.083 INFO             PET0   [test] Run 1      5      0.0000      0.0000      0.0000      0.0000      0.0000
20211011 013815.083 INFO             PET0   [test] Init 1     1      0.0000      0.0000      0.0000      0.0000      0.0000
20211011 013815.083 INFO             PET0   [test] Final 1    1      0.0000      0.0000      0.0000      0.0000      0.0000
20211011 013815.046 INFO             PET1 !!!!!!!!!!!!!!!!!!!!!!!!!!!!!!!!!!!!!!!!!!!!!!!!!!!!!!
20211011 013815.046 INFO             PET1 !!! THE ESMF_LOG IS SET TO OUTPUT ALL LOG MESSAGES !!!
20211011 013815.046 INFO             PET1 !!!     THIS MAY CAUSE SLOWDOWN IN PERFORMANCE     !!!
20211011 013815.046 INFO             PET1 !!! FOR PRODUCTION RUNS, USE:                      !!!
20211011 013815.046 INFO             PET1 !!!                   ESMF_LOGKIND_Multi_On_Error  !!!
20211011 013815.046 INFO             PET1 !!!!!!!!!!!!!!!!!!!!!!!!!!!!!!!!!!!!!!!!!!!!!!!!!!!!!!
20211011 013815.046 INFO             PET1 Running with ESMF Version   : ESMF_8_2_0_beta_snapshot_21-1-g86aff4e5a1
20211011 013815.046 INFO             PET1 ESMF library build date/time: "Oct 11 2021" "01:07:23"
20211011 013815.046 INFO             PET1 ESMF library build location : /gpfsm/dnb04/projects/p98/mpotts/esmf/intel_2020_intelmpi_g_release_8.2.0
20211011 013815.046 INFO             PET1 ESMF_COMM                   : intelmpi
20211011 013815.047 INFO             PET1 ESMF_MOAB                   : enabled
20211011 013815.047 INFO             PET1 ESMF_LAPACK                 : enabled
20211011 013815.047 INFO             PET1 ESMF_NETCDF                 : enabled
20211011 013815.047 INFO             PET1 ESMF_PNETCDF                : disabled
20211011 013815.047 INFO             PET1 ESMF_PIO                    : enabled
20211011 013815.047 INFO             PET1 ESMF_YAMLCPP                : enabled
20211011 013815.060 INFO             PET1 ESMF Tracing Enabled
20211011 013815.060 INFO             PET1 ESMF Profiling Enabled
20211011 013815.060 INFO             PET1 ESMF Trace/Profile clock: REALTIME
20211011 013815.083 INFO             PET1  NUMBER_OF_PROCESSORS           4
20211011 013815.083 INFO             PET1  PASS  Example ESMF_TraceEx, ESMF_TraceEx.F90, line 178
20211011 013815.083 INFO             PET1 Finalizing ESMF
20211011 013815.083 INFO             PET1 **************** Region Timings *******************
20211011 013815.083 INFO             PET1 Region              Count  Total (s)   Self (s)    Mean (s)    Min (s)     Max (s)
20211011 013815.083 INFO             PET1   [test] Init 1     1      0.0001      0.0001      0.0001      0.0001      0.0001
20211011 013815.083 INFO             PET1   [test] Run 1      5      0.0000      0.0000      0.0000      0.0000      0.0000
20211011 013815.083 INFO             PET1   [test] Final 1    1      0.0000      0.0000      0.0000      0.0000      0.0000
20211011 013815.047 INFO             PET2 !!!!!!!!!!!!!!!!!!!!!!!!!!!!!!!!!!!!!!!!!!!!!!!!!!!!!!
20211011 013815.047 INFO             PET2 !!! THE ESMF_LOG IS SET TO OUTPUT ALL LOG MESSAGES !!!
20211011 013815.047 INFO             PET2 !!!     THIS MAY CAUSE SLOWDOWN IN PERFORMANCE     !!!
20211011 013815.047 INFO             PET2 !!! FOR PRODUCTION RUNS, USE:                      !!!
20211011 013815.047 INFO             PET2 !!!                   ESMF_LOGKIND_Multi_On_Error  !!!
20211011 013815.047 INFO             PET2 !!!!!!!!!!!!!!!!!!!!!!!!!!!!!!!!!!!!!!!!!!!!!!!!!!!!!!
20211011 013815.047 INFO             PET2 Running with ESMF Version   : ESMF_8_2_0_beta_snapshot_21-1-g86aff4e5a1
20211011 013815.047 INFO             PET2 ESMF library build date/time: "Oct 11 2021" "01:07:23"
20211011 013815.047 INFO             PET2 ESMF library build location : /gpfsm/dnb04/projects/p98/mpotts/esmf/intel_2020_intelmpi_g_release_8.2.0
20211011 013815.047 INFO             PET2 ESMF_COMM                   : intelmpi
20211011 013815.047 INFO             PET2 ESMF_MOAB                   : enabled
20211011 013815.047 INFO             PET2 ESMF_LAPACK                 : enabled
20211011 013815.047 INFO             PET2 ESMF_NETCDF                 : enabled
20211011 013815.047 INFO             PET2 ESMF_PNETCDF                : disabled
20211011 013815.047 INFO             PET2 ESMF_PIO                    : enabled
20211011 013815.047 INFO             PET2 ESMF_YAMLCPP                : enabled
20211011 013815.060 INFO             PET2 ESMF Tracing Enabled
20211011 013815.060 INFO             PET2 ESMF Profiling Enabled
20211011 013815.060 INFO             PET2 ESMF Trace/Profile clock: REALTIME
20211011 013815.083 INFO             PET2  NUMBER_OF_PROCESSORS           4
20211011 013815.083 INFO             PET2  PASS  Example ESMF_TraceEx, ESMF_TraceEx.F90, line 178
20211011 013815.083 INFO             PET2 Finalizing ESMF
20211011 013815.083 INFO             PET2 **************** Region Timings *******************
20211011 013815.083 INFO             PET2 Region              Count  Total (s)   Self (s)    Mean (s)    Min (s)     Max (s)
20211011 013815.083 INFO             PET2   [test] Init 1     1      0.0001      0.0001      0.0001      0.0001      0.0001
20211011 013815.083 INFO             PET2   [test] Run 1      5      0.0000      0.0000      0.0000      0.0000      0.0000
20211011 013815.083 INFO             PET2   [test] Final 1    1      0.0000      0.0000      0.0000      0.0000      0.0000
20211011 013815.046 INFO             PET3 !!!!!!!!!!!!!!!!!!!!!!!!!!!!!!!!!!!!!!!!!!!!!!!!!!!!!!
20211011 013815.047 INFO             PET3 !!! THE ESMF_LOG IS SET TO OUTPUT ALL LOG MESSAGES !!!
20211011 013815.047 INFO             PET3 !!!     THIS MAY CAUSE SLOWDOWN IN PERFORMANCE     !!!
20211011 013815.047 INFO             PET3 !!! FOR PRODUCTION RUNS, USE:                      !!!
20211011 013815.047 INFO             PET3 !!!                   ESMF_LOGKIND_Multi_On_Error  !!!
20211011 013815.047 INFO             PET3 !!!!!!!!!!!!!!!!!!!!!!!!!!!!!!!!!!!!!!!!!!!!!!!!!!!!!!
20211011 013815.047 INFO             PET3 Running with ESMF Version   : ESMF_8_2_0_beta_snapshot_21-1-g86aff4e5a1
20211011 013815.047 INFO             PET3 ESMF library build date/time: "Oct 11 2021" "01:07:23"
20211011 013815.047 INFO             PET3 ESMF library build location : /gpfsm/dnb04/projects/p98/mpotts/esmf/intel_2020_intelmpi_g_release_8.2.0
20211011 013815.047 INFO             PET3 ESMF_COMM                   : intelmpi
20211011 013815.047 INFO             PET3 ESMF_MOAB                   : enabled
20211011 013815.047 INFO             PET3 ESMF_LAPACK                 : enabled
20211011 013815.047 INFO             PET3 ESMF_NETCDF                 : enabled
20211011 013815.047 INFO             PET3 ESMF_PNETCDF                : disabled
20211011 013815.047 INFO             PET3 ESMF_PIO                    : enabled
20211011 013815.047 INFO             PET3 ESMF_YAMLCPP                : enabled
20211011 013815.060 INFO             PET3 ESMF Tracing Enabled
20211011 013815.060 INFO             PET3 ESMF Profiling Enabled
20211011 013815.060 INFO             PET3 ESMF Trace/Profile clock: REALTIME
20211011 013815.083 INFO             PET3  NUMBER_OF_PROCESSORS           4
20211011 013815.083 INFO             PET3  PASS  Example ESMF_TraceEx, ESMF_TraceEx.F90, line 178
20211011 013815.083 INFO             PET3 Finalizing ESMF
20211011 013815.083 INFO             PET3 **************** Region Timings *******************
20211011 013815.083 INFO             PET3 Region              Count  Total (s)   Self (s)    Mean (s)    Min (s)     Max (s)
20211011 013815.083 INFO             PET3   [test] Init 1     1      0.0001      0.0001      0.0001      0.0001      0.0001
20211011 013815.083 INFO             PET3   [test] Run 1      5      0.0000      0.0000      0.0000      0.0000      0.0000
20211011 013815.083 INFO             PET3   [test] Final 1    1      0.0000      0.0000      0.0000      0.0000      0.0000
