build time -- 2021-10-29 06:25:38
running test_examples
test_field_read (examples.exampletest.TestExamples) ... [1635490801.542161] [h2c37:107837:0]         mxm.c:196  MXM  WARN  The 'ulimit -s' on the system is set to 'unlimited'. This may have negative performance implications. Please set the stack size to the default value (10240) 
[1635490801.546740] [h2c37:107837:0]         mxm.c:196  MXM  WARN  The 'ulimit -s' on the system is set to 'unlimited'. This may have negative performance implications. Please set the stack size to the default value (10240) 
ok
test_grid_create_peridim_mask (examples.exampletest.TestExamples) ... ESMPy Field Data Regridding Example Finished Successfully
ok
test_grid_locstream_regrid (examples.exampletest.TestExamples) ... Successfully created a grid with masking and switched periodic dimensions for regridding!
ok
test_helloworld (examples.exampletest.TestExamples) ... ESMPy Grid LocStream Regridding Example
  interpolation mean relative error = 0.0194427563576
ok
test_locstream_grid_regrid (examples.exampletest.TestExamples) ... Hello ESMPy World from PET (processor) 0!
ok
test_mesh_locstream_regrid (examples.exampletest.TestExamples) ... ok
test_read_write_weight_file (examples.exampletest.TestExamples) ... ESMPy LocStream Grid Regridding Example
  interpolation mean relative error = 8.97353432315e-05
ESMPy Grid Mesh Regridding Example
  interpolation mean relative error = 2.2839050714e-05
ok
test_regrid_from_file (examples.exampletest.TestExamples) ... ESMPy Grid Mesh Regridding Example
  interpolation mean relative error = 0.00296215416503
ok
test_ugrid_latlon_regrid (examples.exampletest.TestExamples) ... Fields created from file regridded successfully :)
ESMPy UGRID to LatLon Regridding Example
ok
test_ungridded_dimension_regrid (examples.exampletest.TestExamples) ... ok

----------------------------------------------------------------------
XML: /scratch1/NCEPDEV/stmp2/Mark.Potts/gfortran_9.2.0_openmpi_g_main/src/addon/ESMPy/nosetests.xml
----------------------------------------------------------------------
Ran 10 tests in 38.325s

OK
ESMPy Ungridded Field Dimensions Example
  interpolation mean relative error = 0.000768815903364
  mass conservation relative error  = 8.9554575094e-16
