build time -- 2022-01-22 01:45:23.189827
20220122 024740.975 INFO             PET0 !!!!!!!!!!!!!!!!!!!!!!!!!!!!!!!!!!!!!!!!!!!!!!!!!!!!!!
20220122 024740.975 INFO             PET0 !!! THE ESMF_LOG IS SET TO OUTPUT ALL LOG MESSAGES !!!
20220122 024740.975 INFO             PET0 !!!     THIS MAY CAUSE SLOWDOWN IN PERFORMANCE     !!!
20220122 024740.975 INFO             PET0 !!! FOR PRODUCTION RUNS, USE:                      !!!
20220122 024740.975 INFO             PET0 !!!                   ESMF_LOGKIND_Multi_On_Error  !!!
20220122 024740.975 INFO             PET0 !!!!!!!!!!!!!!!!!!!!!!!!!!!!!!!!!!!!!!!!!!!!!!!!!!!!!!
20220122 024740.975 INFO             PET0 Running with ESMF Version   : ESMF_8_3_0_beta_snapshot_06-70-g65e948c47d
20220122 024740.975 INFO             PET0 ESMF library build date/time: "Jan 22 2022" "01:41:30"
20220122 024740.975 INFO             PET0 ESMF library build location : /gpfsm/dnb04/projects/p98/mpotts/esmf/pgi_2020_mpiuni_g_jedwards_pio_update
20220122 024740.975 INFO             PET0 ESMF_COMM                   : mpiuni
20220122 024740.976 INFO             PET0 ESMF_MOAB                   : enabled
20220122 024740.976 INFO             PET0 ESMF_LAPACK                 : enabled
20220122 024740.976 INFO             PET0 ESMF_NETCDF                 : disabled
20220122 024740.976 INFO             PET0 ESMF_PNETCDF                : disabled
20220122 024740.976 INFO             PET0 ESMF_PIO                    : disabled
20220122 024740.976 INFO             PET0 ESMF_YAMLCPP                : enabled
20220122 024740.976 INFO             PET0 ESMF Tracing Enabled
20220122 024740.976 INFO             PET0 ESMF Profiling Enabled
20220122 024740.976 INFO             PET0 ESMF Trace/Profile clock: REALTIME
20220122 024740.977 INFO             PET0  NUMBER_OF_PROCESSORS            1
20220122 024740.977 INFO             PET0  PASS  Example ESMF_TraceUserEx, ESMF_TraceUserEx.F90, line 125
20220122 024740.977 INFO             PET0 Finalizing ESMF
20220122 024740.977 INFO             PET0 **************** Region Timings *******************
20220122 024740.977 INFO             PET0 Region              Count  Total (s)   Self (s)    Mean (s)    Min (s)     Max (s)
20220122 024740.977 INFO             PET0   outer_region      1      0.0004      0.0000      0.0004      0.0004      0.0004
20220122 024740.977 INFO             PET0     inner_region_1  10     0.0002      0.0002      0.0000      0.0000      0.0000
20220122 024740.977 INFO             PET0     inner_region_2  10     0.0001      0.0001      0.0000      0.0000      0.0000
20220122 024740.978 INFO             PET0 ESMCI_IO_Handler.C:355 ESMCI::IO_Handler::finalize() before return, localrc = 0
