build time -- 2022-01-19 02:11:31.779020
20220119 031327.721 INFO             PET0 !!!!!!!!!!!!!!!!!!!!!!!!!!!!!!!!!!!!!!!!!!!!!!!!!!!!!!
20220119 031327.722 INFO             PET0 !!! THE ESMF_LOG IS SET TO OUTPUT ALL LOG MESSAGES !!!
20220119 031327.722 INFO             PET0 !!!     THIS MAY CAUSE SLOWDOWN IN PERFORMANCE     !!!
20220119 031327.722 INFO             PET0 !!! FOR PRODUCTION RUNS, USE:                      !!!
20220119 031327.722 INFO             PET0 !!!                   ESMF_LOGKIND_Multi_On_Error  !!!
20220119 031327.722 INFO             PET0 !!!!!!!!!!!!!!!!!!!!!!!!!!!!!!!!!!!!!!!!!!!!!!!!!!!!!!
20220119 031327.722 INFO             PET0 Running with ESMF Version   : ESMF_8_3_0_beta_snapshot_05-100-g65e948c47d
20220119 031327.722 INFO             PET0 ESMF library build date/time: "Jan 19 2022" "02:07:13"
20220119 031327.722 INFO             PET0 ESMF library build location : /gpfsm/dnb04/projects/p98/mpotts/esmf/pgi_2020_mpiuni_g_jedwards_pio_update
20220119 031327.722 INFO             PET0 ESMF_COMM                   : mpiuni
20220119 031327.722 INFO             PET0 ESMF_MOAB                   : enabled
20220119 031327.722 INFO             PET0 ESMF_LAPACK                 : enabled
20220119 031327.722 INFO             PET0 ESMF_NETCDF                 : disabled
20220119 031327.722 INFO             PET0 ESMF_PNETCDF                : disabled
20220119 031327.722 INFO             PET0 ESMF_PIO                    : disabled
20220119 031327.722 INFO             PET0 ESMF_YAMLCPP                : enabled
20220119 031327.822 DEBUG            PET0 about to destroy Grid: 0x6ad710
20220119 031327.844 DEBUG            PET0 about to destroy Grid: 0x6aeec0
20220119 031327.879 INFO             PET0  NUMBER_OF_PROCESSORS            1
20220119 031327.879 INFO             PET0  PASS  Example ESMF_NUOPCAtmModelEx, ESMF_NUOPCAtmModelEx.F90, line 806
20220119 031327.879 INFO             PET0 Finalizing ESMF
20220119 031327.879 INFO             PET0 ESMCI_IO_Handler.C:355 ESMCI::IO_Handler::finalize() before return, localrc = 0
