build time -- 2022-01-26 01:08:56.275442
20220126 012738.524 INFO             PET0 !!!!!!!!!!!!!!!!!!!!!!!!!!!!!!!!!!!!!!!!!!!!!!!!!!!!!!
20220126 012738.525 INFO             PET0 !!! THE ESMF_LOG IS SET TO OUTPUT ALL LOG MESSAGES !!!
20220126 012738.525 INFO             PET0 !!!     THIS MAY CAUSE SLOWDOWN IN PERFORMANCE     !!!
20220126 012738.525 INFO             PET0 !!! FOR PRODUCTION RUNS, USE:                      !!!
20220126 012738.525 INFO             PET0 !!!                   ESMF_LOGKIND_Multi_On_Error  !!!
20220126 012738.525 INFO             PET0 !!!!!!!!!!!!!!!!!!!!!!!!!!!!!!!!!!!!!!!!!!!!!!!!!!!!!!
20220126 012738.525 INFO             PET0 Running with ESMF Version   : ESMF_8_3_0_beta_snapshot_06-73-g57c5828198
20220126 012738.525 INFO             PET0 ESMF library build date/time: "Jan 26 2022" "01:07:43"
20220126 012738.525 INFO             PET0 ESMF library build location : /gpfsm/dnb04/projects/p98/mpotts/esmf/gfortran_8.3.0_mpt_O_jedwards_pio_update
20220126 012738.525 INFO             PET0 ESMF_COMM                   : mpt
20220126 012738.525 INFO             PET0 ESMF_MOAB                   : enabled
20220126 012738.525 INFO             PET0 ESMF_LAPACK                 : enabled
20220126 012738.525 INFO             PET0 ESMF_NETCDF                 : disabled
20220126 012738.525 INFO             PET0 ESMF_PNETCDF                : disabled
20220126 012738.525 INFO             PET0 ESMF_PIO                    : disabled
20220126 012738.525 INFO             PET0 ESMF_YAMLCPP                : enabled
20220126 012738.559 DEBUG            PET0 about to destroy Grid: 0x17abd10
20220126 012738.563 DEBUG            PET0 about to destroy Grid: 0x17ad210
20220126 012738.573 INFO             PET0  NUMBER_OF_PROCESSORS           4
20220126 012738.573 INFO             PET0  PASS  Example ESMF_NUOPCAtmModelEx, ESMF_NUOPCAtmModelEx.F90, line 806
20220126 012738.573 INFO             PET0 Finalizing ESMF
20220126 012738.573 INFO             PET0 ESMCI_IO_Handler.C:355 ESMCI::IO_Handler::finalize() before return, localrc = 0
20220126 012738.525 INFO             PET1 !!!!!!!!!!!!!!!!!!!!!!!!!!!!!!!!!!!!!!!!!!!!!!!!!!!!!!
20220126 012738.525 INFO             PET1 !!! THE ESMF_LOG IS SET TO OUTPUT ALL LOG MESSAGES !!!
20220126 012738.525 INFO             PET1 !!!     THIS MAY CAUSE SLOWDOWN IN PERFORMANCE     !!!
20220126 012738.525 INFO             PET1 !!! FOR PRODUCTION RUNS, USE:                      !!!
20220126 012738.525 INFO             PET1 !!!                   ESMF_LOGKIND_Multi_On_Error  !!!
20220126 012738.525 INFO             PET1 !!!!!!!!!!!!!!!!!!!!!!!!!!!!!!!!!!!!!!!!!!!!!!!!!!!!!!
20220126 012738.525 INFO             PET1 Running with ESMF Version   : ESMF_8_3_0_beta_snapshot_06-73-g57c5828198
20220126 012738.525 INFO             PET1 ESMF library build date/time: "Jan 26 2022" "01:07:43"
20220126 012738.525 INFO             PET1 ESMF library build location : /gpfsm/dnb04/projects/p98/mpotts/esmf/gfortran_8.3.0_mpt_O_jedwards_pio_update
20220126 012738.525 INFO             PET1 ESMF_COMM                   : mpt
20220126 012738.525 INFO             PET1 ESMF_MOAB                   : enabled
20220126 012738.525 INFO             PET1 ESMF_LAPACK                 : enabled
20220126 012738.525 INFO             PET1 ESMF_NETCDF                 : disabled
20220126 012738.525 INFO             PET1 ESMF_PNETCDF                : disabled
20220126 012738.525 INFO             PET1 ESMF_PIO                    : disabled
20220126 012738.525 INFO             PET1 ESMF_YAMLCPP                : enabled
20220126 012738.559 DEBUG            PET1 about to destroy Grid: 0x17ac500
20220126 012738.563 DEBUG            PET1 about to destroy Grid: 0x17ad600
20220126 012738.573 INFO             PET1  NUMBER_OF_PROCESSORS           4
20220126 012738.573 INFO             PET1  PASS  Example ESMF_NUOPCAtmModelEx, ESMF_NUOPCAtmModelEx.F90, line 806
20220126 012738.573 INFO             PET1 Finalizing ESMF
20220126 012738.573 INFO             PET1 ESMCI_IO_Handler.C:355 ESMCI::IO_Handler::finalize() before return, localrc = 0
20220126 012738.525 INFO             PET2 !!!!!!!!!!!!!!!!!!!!!!!!!!!!!!!!!!!!!!!!!!!!!!!!!!!!!!
20220126 012738.525 INFO             PET2 !!! THE ESMF_LOG IS SET TO OUTPUT ALL LOG MESSAGES !!!
20220126 012738.525 INFO             PET2 !!!     THIS MAY CAUSE SLOWDOWN IN PERFORMANCE     !!!
20220126 012738.525 INFO             PET2 !!! FOR PRODUCTION RUNS, USE:                      !!!
20220126 012738.525 INFO             PET2 !!!                   ESMF_LOGKIND_Multi_On_Error  !!!
20220126 012738.525 INFO             PET2 !!!!!!!!!!!!!!!!!!!!!!!!!!!!!!!!!!!!!!!!!!!!!!!!!!!!!!
20220126 012738.525 INFO             PET2 Running with ESMF Version   : ESMF_8_3_0_beta_snapshot_06-73-g57c5828198
20220126 012738.525 INFO             PET2 ESMF library build date/time: "Jan 26 2022" "01:07:43"
20220126 012738.525 INFO             PET2 ESMF library build location : /gpfsm/dnb04/projects/p98/mpotts/esmf/gfortran_8.3.0_mpt_O_jedwards_pio_update
20220126 012738.525 INFO             PET2 ESMF_COMM                   : mpt
20220126 012738.525 INFO             PET2 ESMF_MOAB                   : enabled
20220126 012738.525 INFO             PET2 ESMF_LAPACK                 : enabled
20220126 012738.525 INFO             PET2 ESMF_NETCDF                 : disabled
20220126 012738.525 INFO             PET2 ESMF_PNETCDF                : disabled
20220126 012738.525 INFO             PET2 ESMF_PIO                    : disabled
20220126 012738.525 INFO             PET2 ESMF_YAMLCPP                : enabled
20220126 012738.559 DEBUG            PET2 about to destroy Grid: 0x17abcf0
20220126 012738.563 DEBUG            PET2 about to destroy Grid: 0x17ad0a0
20220126 012738.573 INFO             PET2  NUMBER_OF_PROCESSORS           4
20220126 012738.573 INFO             PET2  PASS  Example ESMF_NUOPCAtmModelEx, ESMF_NUOPCAtmModelEx.F90, line 806
20220126 012738.573 INFO             PET2 Finalizing ESMF
20220126 012738.573 INFO             PET2 ESMCI_IO_Handler.C:355 ESMCI::IO_Handler::finalize() before return, localrc = 0
20220126 012738.525 INFO             PET3 !!!!!!!!!!!!!!!!!!!!!!!!!!!!!!!!!!!!!!!!!!!!!!!!!!!!!!
20220126 012738.525 INFO             PET3 !!! THE ESMF_LOG IS SET TO OUTPUT ALL LOG MESSAGES !!!
20220126 012738.525 INFO             PET3 !!!     THIS MAY CAUSE SLOWDOWN IN PERFORMANCE     !!!
20220126 012738.525 INFO             PET3 !!! FOR PRODUCTION RUNS, USE:                      !!!
20220126 012738.525 INFO             PET3 !!!                   ESMF_LOGKIND_Multi_On_Error  !!!
20220126 012738.525 INFO             PET3 !!!!!!!!!!!!!!!!!!!!!!!!!!!!!!!!!!!!!!!!!!!!!!!!!!!!!!
20220126 012738.525 INFO             PET3 Running with ESMF Version   : ESMF_8_3_0_beta_snapshot_06-73-g57c5828198
20220126 012738.525 INFO             PET3 ESMF library build date/time: "Jan 26 2022" "01:07:43"
20220126 012738.525 INFO             PET3 ESMF library build location : /gpfsm/dnb04/projects/p98/mpotts/esmf/gfortran_8.3.0_mpt_O_jedwards_pio_update
20220126 012738.525 INFO             PET3 ESMF_COMM                   : mpt
20220126 012738.525 INFO             PET3 ESMF_MOAB                   : enabled
20220126 012738.525 INFO             PET3 ESMF_LAPACK                 : enabled
20220126 012738.525 INFO             PET3 ESMF_NETCDF                 : disabled
20220126 012738.525 INFO             PET3 ESMF_PNETCDF                : disabled
20220126 012738.525 INFO             PET3 ESMF_PIO                    : disabled
20220126 012738.525 INFO             PET3 ESMF_YAMLCPP                : enabled
20220126 012738.559 DEBUG            PET3 about to destroy Grid: 0x17abb30
20220126 012738.563 DEBUG            PET3 about to destroy Grid: 0x17aceb0
20220126 012738.573 INFO             PET3  NUMBER_OF_PROCESSORS           4
20220126 012738.573 INFO             PET3  PASS  Example ESMF_NUOPCAtmModelEx, ESMF_NUOPCAtmModelEx.F90, line 806
20220126 012738.573 INFO             PET3 Finalizing ESMF
20220126 012738.573 INFO             PET3 ESMCI_IO_Handler.C:355 ESMCI::IO_Handler::finalize() before return, localrc = 0
