build time -- 2021-10-27 06:28:15
  PASS  Example ESMF_FieldSphereRegridEx, ESMF_FieldSphereRegridEx.F90, line 407
  PASS  Example ESMF_FieldSphereRegridEx, ESMF_FieldSphereRegridEx.F90, line 407
  PASS  Example ESMF_FieldSphereRegridEx, ESMF_FieldSphereRegridEx.F90, line 407
  PASS  Example ESMF_FieldSphereRegridEx, ESMF_FieldSphereRegridEx.F90, line 407
 PASS: ESMF_FieldSphereRegridEx.F90
 PASS: ESMF_FieldSphereRegridEx.F90
 PASS: ESMF_FieldSphereRegridEx.F90
 PASS: ESMF_FieldSphereRegridEx.F90
TOTCPU=19:39:12 ELAP=00:36:51 REQMEM=5875Mc REQCPUS=24 ALLOCCPUS=32 TIMELIMIT=02:30:00 PART=s4 ACCT=star
MAXRSS=3784K MAXVMSIZE=196896K
________________________________________________________________
Job Resource Usage Summary for 11572274

  CPU Time Used : 19:39:12
  Memory Used : 3784K
  Virtual Memory Used : 196896K
  Walltime Used : 00:36:51

  Memory Requested : 5875Mc (n=per node; c=per core)
  CPUs Requested / Allocated : 24 / 32
  Walltime Requested : 02:30:00

  Execution Queue : s4
  Head Node : 
  Charged to : star

  Job Stopped : Wed Oct 27 07:05:07 UTC 2021
_____________________________________________________________________

