build time -- 2021-10-28 06:26:16
  PASS  Example ESMF_RHandleReusabilityEx, ESMF_RHandleReusabilityEx.F90, line 5
 82
  PASS  Example ESMF_RHandleReusabilityEx, ESMF_RHandleReusabilityEx.F90, line 5
 82
  PASS  Example ESMF_RHandleReusabilityEx, ESMF_RHandleReusabilityEx.F90, line 5
 82
  PASS  Example ESMF_RHandleReusabilityEx, ESMF_RHandleReusabilityEx.F90, line 5
 82
 PASS: ESMF_RHandleReusabilityEx.F90
 PASS: ESMF_RHandleReusabilityEx.F90
 PASS: ESMF_RHandleReusabilityEx.F90
 PASS: ESMF_RHandleReusabilityEx.F90
TOTCPU=18:21:20 ELAP=00:34:25 REQMEM=5875Mc REQCPUS=24 ALLOCCPUS=32 TIMELIMIT=02:30:00 PART=s4 ACCT=star
MAXRSS=0 MAXVMSIZE=196896K
________________________________________________________________
Job Resource Usage Summary for 11573698

  CPU Time Used : 18:21:20
  Memory Used : 0
  Virtual Memory Used : 196896K
  Walltime Used : 00:34:25

  Memory Requested : 5875Mc (n=per node; c=per core)
  CPUs Requested / Allocated : 24 / 32
  Walltime Requested : 02:30:00

  Execution Queue : s4
  Head Node : 
  Charged to : star

  Job Stopped : Thu Oct 28 07:00:42 UTC 2021
_____________________________________________________________________

