build time -- 2021-10-28 06:26:16
  PASS  Example ESMF_VMUserMpiEx, ESMF_VMUserMpiEx.F90, line 96
  PASS  Example ESMF_VMUserMpiEx, ESMF_VMUserMpiEx.F90, line 96
  PASS  Example ESMF_VMUserMpiEx, ESMF_VMUserMpiEx.F90, line 96
  PASS  Example ESMF_VMUserMpiEx, ESMF_VMUserMpiEx.F90, line 96
 PASS: ESMF_VMUserMpiEx.F90
 PASS: ESMF_VMUserMpiEx.F90
 PASS: ESMF_VMUserMpiEx.F90
 PASS: ESMF_VMUserMpiEx.F90
TOTCPU=17:45:04 ELAP=00:33:17 REQMEM=5875Mc REQCPUS=24 ALLOCCPUS=32 TIMELIMIT=02:30:00 PART=s4 ACCT=star
MAXRSS=0 MAXVMSIZE=196896K
________________________________________________________________
Job Resource Usage Summary for 11573698

  CPU Time Used : 17:45:04
  Memory Used : 0
  Virtual Memory Used : 196896K
  Walltime Used : 00:33:17

  Memory Requested : 5875Mc (n=per node; c=per core)
  CPUs Requested / Allocated : 24 / 32
  Walltime Requested : 02:30:00

  Execution Queue : s4
  Head Node : 
  Charged to : star

  Job Stopped : Thu Oct 28 06:59:34 UTC 2021
_____________________________________________________________________

