build time -- 2021-10-27 06:28:15
  PASS  Example ESMF_FieldRedistEx, ESMF_FieldRedistEx.F90, line 521
  PASS  Example ESMF_FieldRedistEx, ESMF_FieldRedistEx.F90, line 521
  PASS  Example ESMF_FieldRedistEx, ESMF_FieldRedistEx.F90, line 521
  PASS  Example ESMF_FieldRedistEx, ESMF_FieldRedistEx.F90, line 521
 PASS: ESMF_FieldRedistEx.F90
 PASS: ESMF_FieldRedistEx.F90
 PASS: ESMF_FieldRedistEx.F90
 PASS: ESMF_FieldRedistEx.F90
TOTCPU=19:44:32 ELAP=00:37:01 REQMEM=5875Mc REQCPUS=24 ALLOCCPUS=32 TIMELIMIT=02:30:00 PART=s4 ACCT=star
MAXRSS=0 MAXVMSIZE=196896K
________________________________________________________________
Job Resource Usage Summary for 11572274

  CPU Time Used : 19:44:32
  Memory Used : 0
  Virtual Memory Used : 196896K
  Walltime Used : 00:37:01

  Memory Requested : 5875Mc (n=per node; c=per core)
  CPUs Requested / Allocated : 24 / 32
  Walltime Requested : 02:30:00

  Execution Queue : s4
  Head Node : 
  Charged to : star

  Job Stopped : Wed Oct 27 07:05:17 UTC 2021
_____________________________________________________________________

