build time -- 2021-10-26 20:24:45.087373
20211027 042604.506 INFO             PET0 !!!!!!!!!!!!!!!!!!!!!!!!!!!!!!!!!!!!!!!!!!!!!!!!!!!!!!
20211027 042604.506 INFO             PET0 !!! THE ESMF_LOG IS SET TO OUTPUT ALL LOG MESSAGES !!!
20211027 042604.506 INFO             PET0 !!!     THIS MAY CAUSE SLOWDOWN IN PERFORMANCE     !!!
20211027 042604.506 INFO             PET0 !!! FOR PRODUCTION RUNS, USE:                      !!!
20211027 042604.506 INFO             PET0 !!!                   ESMF_LOGKIND_Multi_On_Error  !!!
20211027 042604.506 INFO             PET0 !!!!!!!!!!!!!!!!!!!!!!!!!!!!!!!!!!!!!!!!!!!!!!!!!!!!!!
20211027 042604.506 INFO             PET0 Running with ESMF Version   : ESMF_8_2_0
20211027 042604.506 INFO             PET0 ESMF library build date/time: "Oct 26 2021" "20:22:26"
20211027 042604.506 INFO             PET0 ESMF library build location : /global/u2/r/rsdunlap/esmf-testing/intel_19.0.3_mpi_O_main
20211027 042604.506 INFO             PET0 ESMF_COMM                   : mpi
20211027 042604.508 INFO             PET0 ESMF_MOAB                   : enabled
20211027 042604.508 INFO             PET0 ESMF_LAPACK                 : enabled
20211027 042604.508 INFO             PET0 ESMF_NETCDF                 : enabled
20211027 042604.508 INFO             PET0 ESMF_PNETCDF                : disabled
20211027 042604.508 INFO             PET0 ESMF_PIO                    : enabled
20211027 042604.508 INFO             PET0 ESMF_YAMLCPP                : enabled
20211027 042604.515 INFO             PET0  NUMBER_OF_PROCESSORS           4
20211027 042604.515 INFO             PET0  PASS  Example ESMF_ArrayScatterGatherEx, ESMF_ArrayScatterGatherEx.F90, line 328
20211027 042604.515 INFO             PET0 Finalizing ESMF
20211027 042604.508 INFO             PET1 !!!!!!!!!!!!!!!!!!!!!!!!!!!!!!!!!!!!!!!!!!!!!!!!!!!!!!
20211027 042604.509 INFO             PET1 !!! THE ESMF_LOG IS SET TO OUTPUT ALL LOG MESSAGES !!!
20211027 042604.509 INFO             PET1 !!!     THIS MAY CAUSE SLOWDOWN IN PERFORMANCE     !!!
20211027 042604.509 INFO             PET1 !!! FOR PRODUCTION RUNS, USE:                      !!!
20211027 042604.509 INFO             PET1 !!!                   ESMF_LOGKIND_Multi_On_Error  !!!
20211027 042604.509 INFO             PET1 !!!!!!!!!!!!!!!!!!!!!!!!!!!!!!!!!!!!!!!!!!!!!!!!!!!!!!
20211027 042604.509 INFO             PET1 Running with ESMF Version   : ESMF_8_2_0
20211027 042604.509 INFO             PET1 ESMF library build date/time: "Oct 26 2021" "20:22:26"
20211027 042604.509 INFO             PET1 ESMF library build location : /global/u2/r/rsdunlap/esmf-testing/intel_19.0.3_mpi_O_main
20211027 042604.509 INFO             PET1 ESMF_COMM                   : mpi
20211027 042604.511 INFO             PET1 ESMF_MOAB                   : enabled
20211027 042604.511 INFO             PET1 ESMF_LAPACK                 : enabled
20211027 042604.511 INFO             PET1 ESMF_NETCDF                 : enabled
20211027 042604.511 INFO             PET1 ESMF_PNETCDF                : disabled
20211027 042604.511 INFO             PET1 ESMF_PIO                    : enabled
20211027 042604.511 INFO             PET1 ESMF_YAMLCPP                : enabled
20211027 042604.515 INFO             PET1  NUMBER_OF_PROCESSORS           4
20211027 042604.515 INFO             PET1  PASS  Example ESMF_ArrayScatterGatherEx, ESMF_ArrayScatterGatherEx.F90, line 328
20211027 042604.515 INFO             PET1 Finalizing ESMF
20211027 042604.507 INFO             PET2 !!!!!!!!!!!!!!!!!!!!!!!!!!!!!!!!!!!!!!!!!!!!!!!!!!!!!!
20211027 042604.507 INFO             PET2 !!! THE ESMF_LOG IS SET TO OUTPUT ALL LOG MESSAGES !!!
20211027 042604.507 INFO             PET2 !!!     THIS MAY CAUSE SLOWDOWN IN PERFORMANCE     !!!
20211027 042604.507 INFO             PET2 !!! FOR PRODUCTION RUNS, USE:                      !!!
20211027 042604.507 INFO             PET2 !!!                   ESMF_LOGKIND_Multi_On_Error  !!!
20211027 042604.507 INFO             PET2 !!!!!!!!!!!!!!!!!!!!!!!!!!!!!!!!!!!!!!!!!!!!!!!!!!!!!!
20211027 042604.507 INFO             PET2 Running with ESMF Version   : ESMF_8_2_0
20211027 042604.507 INFO             PET2 ESMF library build date/time: "Oct 26 2021" "20:22:26"
20211027 042604.507 INFO             PET2 ESMF library build location : /global/u2/r/rsdunlap/esmf-testing/intel_19.0.3_mpi_O_main
20211027 042604.507 INFO             PET2 ESMF_COMM                   : mpi
20211027 042604.510 INFO             PET2 ESMF_MOAB                   : enabled
20211027 042604.510 INFO             PET2 ESMF_LAPACK                 : enabled
20211027 042604.510 INFO             PET2 ESMF_NETCDF                 : enabled
20211027 042604.510 INFO             PET2 ESMF_PNETCDF                : disabled
20211027 042604.510 INFO             PET2 ESMF_PIO                    : enabled
20211027 042604.510 INFO             PET2 ESMF_YAMLCPP                : enabled
20211027 042604.515 INFO             PET2  NUMBER_OF_PROCESSORS           4
20211027 042604.515 INFO             PET2  PASS  Example ESMF_ArrayScatterGatherEx, ESMF_ArrayScatterGatherEx.F90, line 328
20211027 042604.515 INFO             PET2 Finalizing ESMF
20211027 042604.508 INFO             PET3 !!!!!!!!!!!!!!!!!!!!!!!!!!!!!!!!!!!!!!!!!!!!!!!!!!!!!!
20211027 042604.509 INFO             PET3 !!! THE ESMF_LOG IS SET TO OUTPUT ALL LOG MESSAGES !!!
20211027 042604.509 INFO             PET3 !!!     THIS MAY CAUSE SLOWDOWN IN PERFORMANCE     !!!
20211027 042604.509 INFO             PET3 !!! FOR PRODUCTION RUNS, USE:                      !!!
20211027 042604.509 INFO             PET3 !!!                   ESMF_LOGKIND_Multi_On_Error  !!!
20211027 042604.509 INFO             PET3 !!!!!!!!!!!!!!!!!!!!!!!!!!!!!!!!!!!!!!!!!!!!!!!!!!!!!!
20211027 042604.509 INFO             PET3 Running with ESMF Version   : ESMF_8_2_0
20211027 042604.509 INFO             PET3 ESMF library build date/time: "Oct 26 2021" "20:22:26"
20211027 042604.509 INFO             PET3 ESMF library build location : /global/u2/r/rsdunlap/esmf-testing/intel_19.0.3_mpi_O_main
20211027 042604.509 INFO             PET3 ESMF_COMM                   : mpi
20211027 042604.511 INFO             PET3 ESMF_MOAB                   : enabled
20211027 042604.511 INFO             PET3 ESMF_LAPACK                 : enabled
20211027 042604.511 INFO             PET3 ESMF_NETCDF                 : enabled
20211027 042604.511 INFO             PET3 ESMF_PNETCDF                : disabled
20211027 042604.511 INFO             PET3 ESMF_PIO                    : enabled
20211027 042604.511 INFO             PET3 ESMF_YAMLCPP                : enabled
20211027 042604.515 INFO             PET3  NUMBER_OF_PROCESSORS           4
20211027 042604.515 INFO             PET3  PASS  Example ESMF_ArrayScatterGatherEx, ESMF_ArrayScatterGatherEx.F90, line 328
20211027 042604.515 INFO             PET3 Finalizing ESMF
