build time -- 2021-10-23 00:45:07
20211023 011836.767 INFO             PET0 !!!!!!!!!!!!!!!!!!!!!!!!!!!!!!!!!!!!!!!!!!!!!!!!!!!!!!
20211023 011836.767 INFO             PET0 !!! THE ESMF_LOG IS SET TO OUTPUT ALL LOG MESSAGES !!!
20211023 011836.767 INFO             PET0 !!!     THIS MAY CAUSE SLOWDOWN IN PERFORMANCE     !!!
20211023 011836.767 INFO             PET0 !!! FOR PRODUCTION RUNS, USE:                      !!!
20211023 011836.767 INFO             PET0 !!!                   ESMF_LOGKIND_Multi_On_Error  !!!
20211023 011836.767 INFO             PET0 !!!!!!!!!!!!!!!!!!!!!!!!!!!!!!!!!!!!!!!!!!!!!!!!!!!!!!
20211023 011836.767 INFO             PET0 Running with ESMF Version   : 8.2.0 beta snapshot
20211023 011836.767 INFO             PET0 ESMF library build date/time: "Oct 23 2021" "00:43:18"
20211023 011836.767 INFO             PET0 ESMF library build location : /lustre/f2/dev/ncep/Mark.Potts/intel_2019.5_mpi_O_release_8.2.0
20211023 011836.767 INFO             PET0 ESMF_COMM                   : mpi
20211023 011836.767 INFO             PET0 ESMF_MOAB                   : enabled
20211023 011836.767 INFO             PET0 ESMF_LAPACK                 : enabled
20211023 011836.767 INFO             PET0 ESMF_NETCDF                 : enabled
20211023 011836.767 INFO             PET0 ESMF_PNETCDF                : disabled
20211023 011836.768 INFO             PET0 ESMF_PIO                    : enabled
20211023 011836.768 INFO             PET0 ESMF_YAMLCPP                : enabled
20211023 011836.899 INFO             PET0  NUMBER_OF_PROCESSORS           4
20211023 011836.899 INFO             PET0  PASS  Example ESMF_XGridEx, ESMF_XGridEx.F90, line 525
20211023 011836.899 INFO             PET0 Finalizing ESMF
20211023 011836.770 INFO             PET1 !!!!!!!!!!!!!!!!!!!!!!!!!!!!!!!!!!!!!!!!!!!!!!!!!!!!!!
20211023 011836.770 INFO             PET1 !!! THE ESMF_LOG IS SET TO OUTPUT ALL LOG MESSAGES !!!
20211023 011836.770 INFO             PET1 !!!     THIS MAY CAUSE SLOWDOWN IN PERFORMANCE     !!!
20211023 011836.770 INFO             PET1 !!! FOR PRODUCTION RUNS, USE:                      !!!
20211023 011836.770 INFO             PET1 !!!                   ESMF_LOGKIND_Multi_On_Error  !!!
20211023 011836.770 INFO             PET1 !!!!!!!!!!!!!!!!!!!!!!!!!!!!!!!!!!!!!!!!!!!!!!!!!!!!!!
20211023 011836.770 INFO             PET1 Running with ESMF Version   : 8.2.0 beta snapshot
20211023 011836.770 INFO             PET1 ESMF library build date/time: "Oct 23 2021" "00:43:18"
20211023 011836.770 INFO             PET1 ESMF library build location : /lustre/f2/dev/ncep/Mark.Potts/intel_2019.5_mpi_O_release_8.2.0
20211023 011836.770 INFO             PET1 ESMF_COMM                   : mpi
20211023 011836.771 INFO             PET1 ESMF_MOAB                   : enabled
20211023 011836.771 INFO             PET1 ESMF_LAPACK                 : enabled
20211023 011836.771 INFO             PET1 ESMF_NETCDF                 : enabled
20211023 011836.771 INFO             PET1 ESMF_PNETCDF                : disabled
20211023 011836.771 INFO             PET1 ESMF_PIO                    : enabled
20211023 011836.771 INFO             PET1 ESMF_YAMLCPP                : enabled
20211023 011836.899 INFO             PET1  NUMBER_OF_PROCESSORS           4
20211023 011836.899 INFO             PET1  PASS  Example ESMF_XGridEx, ESMF_XGridEx.F90, line 525
20211023 011836.899 INFO             PET1 Finalizing ESMF
20211023 011836.769 INFO             PET2 !!!!!!!!!!!!!!!!!!!!!!!!!!!!!!!!!!!!!!!!!!!!!!!!!!!!!!
20211023 011836.769 INFO             PET2 !!! THE ESMF_LOG IS SET TO OUTPUT ALL LOG MESSAGES !!!
20211023 011836.769 INFO             PET2 !!!     THIS MAY CAUSE SLOWDOWN IN PERFORMANCE     !!!
20211023 011836.769 INFO             PET2 !!! FOR PRODUCTION RUNS, USE:                      !!!
20211023 011836.769 INFO             PET2 !!!                   ESMF_LOGKIND_Multi_On_Error  !!!
20211023 011836.769 INFO             PET2 !!!!!!!!!!!!!!!!!!!!!!!!!!!!!!!!!!!!!!!!!!!!!!!!!!!!!!
20211023 011836.769 INFO             PET2 Running with ESMF Version   : 8.2.0 beta snapshot
20211023 011836.769 INFO             PET2 ESMF library build date/time: "Oct 23 2021" "00:43:18"
20211023 011836.769 INFO             PET2 ESMF library build location : /lustre/f2/dev/ncep/Mark.Potts/intel_2019.5_mpi_O_release_8.2.0
20211023 011836.769 INFO             PET2 ESMF_COMM                   : mpi
20211023 011836.770 INFO             PET2 ESMF_MOAB                   : enabled
20211023 011836.770 INFO             PET2 ESMF_LAPACK                 : enabled
20211023 011836.770 INFO             PET2 ESMF_NETCDF                 : enabled
20211023 011836.770 INFO             PET2 ESMF_PNETCDF                : disabled
20211023 011836.770 INFO             PET2 ESMF_PIO                    : enabled
20211023 011836.770 INFO             PET2 ESMF_YAMLCPP                : enabled
20211023 011836.899 INFO             PET2  NUMBER_OF_PROCESSORS           4
20211023 011836.899 INFO             PET2  PASS  Example ESMF_XGridEx, ESMF_XGridEx.F90, line 525
20211023 011836.899 INFO             PET2 Finalizing ESMF
20211023 011836.759 INFO             PET3 !!!!!!!!!!!!!!!!!!!!!!!!!!!!!!!!!!!!!!!!!!!!!!!!!!!!!!
20211023 011836.759 INFO             PET3 !!! THE ESMF_LOG IS SET TO OUTPUT ALL LOG MESSAGES !!!
20211023 011836.759 INFO             PET3 !!!     THIS MAY CAUSE SLOWDOWN IN PERFORMANCE     !!!
20211023 011836.759 INFO             PET3 !!! FOR PRODUCTION RUNS, USE:                      !!!
20211023 011836.759 INFO             PET3 !!!                   ESMF_LOGKIND_Multi_On_Error  !!!
20211023 011836.759 INFO             PET3 !!!!!!!!!!!!!!!!!!!!!!!!!!!!!!!!!!!!!!!!!!!!!!!!!!!!!!
20211023 011836.759 INFO             PET3 Running with ESMF Version   : 8.2.0 beta snapshot
20211023 011836.759 INFO             PET3 ESMF library build date/time: "Oct 23 2021" "00:43:18"
20211023 011836.759 INFO             PET3 ESMF library build location : /lustre/f2/dev/ncep/Mark.Potts/intel_2019.5_mpi_O_release_8.2.0
20211023 011836.759 INFO             PET3 ESMF_COMM                   : mpi
20211023 011836.760 INFO             PET3 ESMF_MOAB                   : enabled
20211023 011836.760 INFO             PET3 ESMF_LAPACK                 : enabled
20211023 011836.760 INFO             PET3 ESMF_NETCDF                 : enabled
20211023 011836.760 INFO             PET3 ESMF_PNETCDF                : disabled
20211023 011836.760 INFO             PET3 ESMF_PIO                    : enabled
20211023 011836.760 INFO             PET3 ESMF_YAMLCPP                : enabled
20211023 011836.899 INFO             PET3  NUMBER_OF_PROCESSORS           4
20211023 011836.899 INFO             PET3  PASS  Example ESMF_XGridEx, ESMF_XGridEx.F90, line 525
20211023 011836.899 INFO             PET3 Finalizing ESMF
