build time -- 2021-10-12 00:31:10
20211012 012714.606 INFO             PET0 !!!!!!!!!!!!!!!!!!!!!!!!!!!!!!!!!!!!!!!!!!!!!!!!!!!!!!
20211012 012714.606 INFO             PET0 !!! THE ESMF_LOG IS SET TO OUTPUT ALL LOG MESSAGES !!!
20211012 012714.606 INFO             PET0 !!!     THIS MAY CAUSE SLOWDOWN IN PERFORMANCE     !!!
20211012 012714.606 INFO             PET0 !!! FOR PRODUCTION RUNS, USE:                      !!!
20211012 012714.606 INFO             PET0 !!!                   ESMF_LOGKIND_Multi_On_Error  !!!
20211012 012714.606 INFO             PET0 !!!!!!!!!!!!!!!!!!!!!!!!!!!!!!!!!!!!!!!!!!!!!!!!!!!!!!
20211012 012714.606 INFO             PET0 Running with ESMF Version   : 8.2.0 beta snapshot
20211012 012714.606 INFO             PET0 ESMF library build date/time: "Oct 12 2021" "00:29:19"
20211012 012714.606 INFO             PET0 ESMF library build location : /lustre/f2/dev/ncep/Mark.Potts/intel_2019.5_mpi_O_release_8.2.0
20211012 012714.606 INFO             PET0 ESMF_COMM                   : mpi
20211012 012714.607 INFO             PET0 ESMF_MOAB                   : enabled
20211012 012714.607 INFO             PET0 ESMF_LAPACK                 : enabled
20211012 012714.607 INFO             PET0 ESMF_NETCDF                 : enabled
20211012 012714.607 INFO             PET0 ESMF_PNETCDF                : disabled
20211012 012714.607 INFO             PET0 ESMF_PIO                    : enabled
20211012 012714.607 INFO             PET0 ESMF_YAMLCPP                : enabled
20211012 012714.625 INFO             PET0 ESMF_FieldRedistStoreNF(): Just entered routine.
20211012 012714.659 INFO             PET0 ESMF_FieldRedistStoreNF(): Leaving routine.
20211012 012714.665 INFO             PET0  NUMBER_OF_PROCESSORS           4
20211012 012714.665 INFO             PET0  PASS  Example ESMF_RHandleFromFileEx, ESMF_RHandleFromFileEx.F90, line 192
20211012 012714.665 INFO             PET0 Finalizing ESMF
20211012 012714.622 INFO             PET1 !!!!!!!!!!!!!!!!!!!!!!!!!!!!!!!!!!!!!!!!!!!!!!!!!!!!!!
20211012 012714.622 INFO             PET1 !!! THE ESMF_LOG IS SET TO OUTPUT ALL LOG MESSAGES !!!
20211012 012714.622 INFO             PET1 !!!     THIS MAY CAUSE SLOWDOWN IN PERFORMANCE     !!!
20211012 012714.622 INFO             PET1 !!! FOR PRODUCTION RUNS, USE:                      !!!
20211012 012714.622 INFO             PET1 !!!                   ESMF_LOGKIND_Multi_On_Error  !!!
20211012 012714.622 INFO             PET1 !!!!!!!!!!!!!!!!!!!!!!!!!!!!!!!!!!!!!!!!!!!!!!!!!!!!!!
20211012 012714.622 INFO             PET1 Running with ESMF Version   : 8.2.0 beta snapshot
20211012 012714.622 INFO             PET1 ESMF library build date/time: "Oct 12 2021" "00:29:19"
20211012 012714.622 INFO             PET1 ESMF library build location : /lustre/f2/dev/ncep/Mark.Potts/intel_2019.5_mpi_O_release_8.2.0
20211012 012714.622 INFO             PET1 ESMF_COMM                   : mpi
20211012 012714.623 INFO             PET1 ESMF_MOAB                   : enabled
20211012 012714.623 INFO             PET1 ESMF_LAPACK                 : enabled
20211012 012714.623 INFO             PET1 ESMF_NETCDF                 : enabled
20211012 012714.623 INFO             PET1 ESMF_PNETCDF                : disabled
20211012 012714.623 INFO             PET1 ESMF_PIO                    : enabled
20211012 012714.623 INFO             PET1 ESMF_YAMLCPP                : enabled
20211012 012714.625 INFO             PET1 ESMF_FieldRedistStoreNF(): Just entered routine.
20211012 012714.659 INFO             PET1 ESMF_FieldRedistStoreNF(): Leaving routine.
20211012 012714.665 INFO             PET1  NUMBER_OF_PROCESSORS           4
20211012 012714.665 INFO             PET1  PASS  Example ESMF_RHandleFromFileEx, ESMF_RHandleFromFileEx.F90, line 192
20211012 012714.665 INFO             PET1 Finalizing ESMF
20211012 012714.610 INFO             PET2 !!!!!!!!!!!!!!!!!!!!!!!!!!!!!!!!!!!!!!!!!!!!!!!!!!!!!!
20211012 012714.610 INFO             PET2 !!! THE ESMF_LOG IS SET TO OUTPUT ALL LOG MESSAGES !!!
20211012 012714.610 INFO             PET2 !!!     THIS MAY CAUSE SLOWDOWN IN PERFORMANCE     !!!
20211012 012714.610 INFO             PET2 !!! FOR PRODUCTION RUNS, USE:                      !!!
20211012 012714.610 INFO             PET2 !!!                   ESMF_LOGKIND_Multi_On_Error  !!!
20211012 012714.610 INFO             PET2 !!!!!!!!!!!!!!!!!!!!!!!!!!!!!!!!!!!!!!!!!!!!!!!!!!!!!!
20211012 012714.610 INFO             PET2 Running with ESMF Version   : 8.2.0 beta snapshot
20211012 012714.610 INFO             PET2 ESMF library build date/time: "Oct 12 2021" "00:29:19"
20211012 012714.610 INFO             PET2 ESMF library build location : /lustre/f2/dev/ncep/Mark.Potts/intel_2019.5_mpi_O_release_8.2.0
20211012 012714.610 INFO             PET2 ESMF_COMM                   : mpi
20211012 012714.611 INFO             PET2 ESMF_MOAB                   : enabled
20211012 012714.611 INFO             PET2 ESMF_LAPACK                 : enabled
20211012 012714.611 INFO             PET2 ESMF_NETCDF                 : enabled
20211012 012714.611 INFO             PET2 ESMF_PNETCDF                : disabled
20211012 012714.611 INFO             PET2 ESMF_PIO                    : enabled
20211012 012714.611 INFO             PET2 ESMF_YAMLCPP                : enabled
20211012 012714.625 INFO             PET2 ESMF_FieldRedistStoreNF(): Just entered routine.
20211012 012714.659 INFO             PET2 ESMF_FieldRedistStoreNF(): Leaving routine.
20211012 012714.665 INFO             PET2  NUMBER_OF_PROCESSORS           4
20211012 012714.665 INFO             PET2  PASS  Example ESMF_RHandleFromFileEx, ESMF_RHandleFromFileEx.F90, line 192
20211012 012714.665 INFO             PET2 Finalizing ESMF
20211012 012714.618 INFO             PET3 !!!!!!!!!!!!!!!!!!!!!!!!!!!!!!!!!!!!!!!!!!!!!!!!!!!!!!
20211012 012714.618 INFO             PET3 !!! THE ESMF_LOG IS SET TO OUTPUT ALL LOG MESSAGES !!!
20211012 012714.618 INFO             PET3 !!!     THIS MAY CAUSE SLOWDOWN IN PERFORMANCE     !!!
20211012 012714.618 INFO             PET3 !!! FOR PRODUCTION RUNS, USE:                      !!!
20211012 012714.618 INFO             PET3 !!!                   ESMF_LOGKIND_Multi_On_Error  !!!
20211012 012714.618 INFO             PET3 !!!!!!!!!!!!!!!!!!!!!!!!!!!!!!!!!!!!!!!!!!!!!!!!!!!!!!
20211012 012714.618 INFO             PET3 Running with ESMF Version   : 8.2.0 beta snapshot
20211012 012714.618 INFO             PET3 ESMF library build date/time: "Oct 12 2021" "00:29:19"
20211012 012714.618 INFO             PET3 ESMF library build location : /lustre/f2/dev/ncep/Mark.Potts/intel_2019.5_mpi_O_release_8.2.0
20211012 012714.618 INFO             PET3 ESMF_COMM                   : mpi
20211012 012714.619 INFO             PET3 ESMF_MOAB                   : enabled
20211012 012714.619 INFO             PET3 ESMF_LAPACK                 : enabled
20211012 012714.619 INFO             PET3 ESMF_NETCDF                 : enabled
20211012 012714.619 INFO             PET3 ESMF_PNETCDF                : disabled
20211012 012714.619 INFO             PET3 ESMF_PIO                    : enabled
20211012 012714.619 INFO             PET3 ESMF_YAMLCPP                : enabled
20211012 012714.625 INFO             PET3 ESMF_FieldRedistStoreNF(): Just entered routine.
20211012 012714.659 INFO             PET3 ESMF_FieldRedistStoreNF(): Leaving routine.
20211012 012714.665 INFO             PET3  NUMBER_OF_PROCESSORS           4
20211012 012714.665 INFO             PET3  PASS  Example ESMF_RHandleFromFileEx, ESMF_RHandleFromFileEx.F90, line 192
20211012 012714.665 INFO             PET3 Finalizing ESMF
