build time -- 2021-10-20 00:49:56
20211020 033840.848 INFO             PET0 !!!!!!!!!!!!!!!!!!!!!!!!!!!!!!!!!!!!!!!!!!!!!!!!!!!!!!
20211020 033840.848 INFO             PET0 !!! THE ESMF_LOG IS SET TO OUTPUT ALL LOG MESSAGES !!!
20211020 033840.848 INFO             PET0 !!!     THIS MAY CAUSE SLOWDOWN IN PERFORMANCE     !!!
20211020 033840.848 INFO             PET0 !!! FOR PRODUCTION RUNS, USE:                      !!!
20211020 033840.848 INFO             PET0 !!!                   ESMF_LOGKIND_Multi_On_Error  !!!
20211020 033840.848 INFO             PET0 !!!!!!!!!!!!!!!!!!!!!!!!!!!!!!!!!!!!!!!!!!!!!!!!!!!!!!
20211020 033840.848 INFO             PET0 Running with ESMF Version   : 8.2.0 beta snapshot
20211020 033840.848 INFO             PET0 ESMF library build date/time: "Oct 20 2021" "00:39:56"
20211020 033840.848 INFO             PET0 ESMF library build location : /lustre/f2/dev/ncep/Mark.Potts/intel_2019.5_mpi_O_release_8.2.0
20211020 033840.848 INFO             PET0 ESMF_COMM                   : mpi
20211020 033840.849 INFO             PET0 ESMF_MOAB                   : enabled
20211020 033840.849 INFO             PET0 ESMF_LAPACK                 : enabled
20211020 033840.849 INFO             PET0 ESMF_NETCDF                 : enabled
20211020 033840.849 INFO             PET0 ESMF_PNETCDF                : disabled
20211020 033840.849 INFO             PET0 ESMF_PIO                    : enabled
20211020 033840.849 INFO             PET0 ESMF_YAMLCPP                : enabled
20211020 033841.143 INFO             PET0  NUMBER_OF_PROCESSORS           2
20211020 033841.143 INFO             PET0  PASS  Example ESMF_VMUserMpiCommEx, ESMF_VMUserMpiCommEx.F90, line 113
20211020 033841.143 INFO             PET0 Finalizing ESMF
20211020 033840.848 INFO             PET1 !!!!!!!!!!!!!!!!!!!!!!!!!!!!!!!!!!!!!!!!!!!!!!!!!!!!!!
20211020 033840.848 INFO             PET1 !!! THE ESMF_LOG IS SET TO OUTPUT ALL LOG MESSAGES !!!
20211020 033840.848 INFO             PET1 !!!     THIS MAY CAUSE SLOWDOWN IN PERFORMANCE     !!!
20211020 033840.848 INFO             PET1 !!! FOR PRODUCTION RUNS, USE:                      !!!
20211020 033840.848 INFO             PET1 !!!                   ESMF_LOGKIND_Multi_On_Error  !!!
20211020 033840.848 INFO             PET1 !!!!!!!!!!!!!!!!!!!!!!!!!!!!!!!!!!!!!!!!!!!!!!!!!!!!!!
20211020 033840.848 INFO             PET1 Running with ESMF Version   : 8.2.0 beta snapshot
20211020 033840.848 INFO             PET1 ESMF library build date/time: "Oct 20 2021" "00:39:56"
20211020 033840.848 INFO             PET1 ESMF library build location : /lustre/f2/dev/ncep/Mark.Potts/intel_2019.5_mpi_O_release_8.2.0
20211020 033840.848 INFO             PET1 ESMF_COMM                   : mpi
20211020 033841.037 INFO             PET1 ESMF_MOAB                   : enabled
20211020 033841.037 INFO             PET1 ESMF_LAPACK                 : enabled
20211020 033841.037 INFO             PET1 ESMF_NETCDF                 : enabled
20211020 033841.037 INFO             PET1 ESMF_PNETCDF                : disabled
20211020 033841.037 INFO             PET1 ESMF_PIO                    : enabled
20211020 033841.037 INFO             PET1 ESMF_YAMLCPP                : enabled
20211020 033841.143 INFO             PET1  NUMBER_OF_PROCESSORS           2
20211020 033841.143 INFO             PET1  PASS  Example ESMF_VMUserMpiCommEx, ESMF_VMUserMpiCommEx.F90, line 113
20211020 033841.143 INFO             PET1 Finalizing ESMF
