build time -- 2021-10-20 00:49:56
20211020 034010.846 INFO             PET0 !!!!!!!!!!!!!!!!!!!!!!!!!!!!!!!!!!!!!!!!!!!!!!!!!!!!!!
20211020 034010.846 INFO             PET0 !!! THE ESMF_LOG IS SET TO OUTPUT ALL LOG MESSAGES !!!
20211020 034010.846 INFO             PET0 !!!     THIS MAY CAUSE SLOWDOWN IN PERFORMANCE     !!!
20211020 034010.846 INFO             PET0 !!! FOR PRODUCTION RUNS, USE:                      !!!
20211020 034010.846 INFO             PET0 !!!                   ESMF_LOGKIND_Multi_On_Error  !!!
20211020 034010.846 INFO             PET0 !!!!!!!!!!!!!!!!!!!!!!!!!!!!!!!!!!!!!!!!!!!!!!!!!!!!!!
20211020 034010.846 INFO             PET0 Running with ESMF Version   : 8.2.0 beta snapshot
20211020 034010.846 INFO             PET0 ESMF library build date/time: "Oct 20 2021" "00:39:56"
20211020 034010.846 INFO             PET0 ESMF library build location : /lustre/f2/dev/ncep/Mark.Potts/intel_2019.5_mpi_O_release_8.2.0
20211020 034010.846 INFO             PET0 ESMF_COMM                   : mpi
20211020 034011.170 INFO             PET0 ESMF_MOAB                   : enabled
20211020 034011.170 INFO             PET0 ESMF_LAPACK                 : enabled
20211020 034011.170 INFO             PET0 ESMF_NETCDF                 : enabled
20211020 034011.170 INFO             PET0 ESMF_PNETCDF                : disabled
20211020 034011.170 INFO             PET0 ESMF_PIO                    : enabled
20211020 034011.170 INFO             PET0 ESMF_YAMLCPP                : enabled
20211020 034011.453 INFO             PET0  NUMBER_OF_PROCESSORS           4
20211020 034011.453 INFO             PET0  PASS  Example ESMF_RHandleVMEpochEx, ESMF_RHandleVMEpochEx.F90, line 247
20211020 034011.453 INFO             PET0 Finalizing ESMF
20211020 034010.836 INFO             PET1 !!!!!!!!!!!!!!!!!!!!!!!!!!!!!!!!!!!!!!!!!!!!!!!!!!!!!!
20211020 034010.836 INFO             PET1 !!! THE ESMF_LOG IS SET TO OUTPUT ALL LOG MESSAGES !!!
20211020 034010.836 INFO             PET1 !!!     THIS MAY CAUSE SLOWDOWN IN PERFORMANCE     !!!
20211020 034010.836 INFO             PET1 !!! FOR PRODUCTION RUNS, USE:                      !!!
20211020 034010.836 INFO             PET1 !!!                   ESMF_LOGKIND_Multi_On_Error  !!!
20211020 034010.836 INFO             PET1 !!!!!!!!!!!!!!!!!!!!!!!!!!!!!!!!!!!!!!!!!!!!!!!!!!!!!!
20211020 034010.836 INFO             PET1 Running with ESMF Version   : 8.2.0 beta snapshot
20211020 034010.836 INFO             PET1 ESMF library build date/time: "Oct 20 2021" "00:39:56"
20211020 034010.836 INFO             PET1 ESMF library build location : /lustre/f2/dev/ncep/Mark.Potts/intel_2019.5_mpi_O_release_8.2.0
20211020 034010.836 INFO             PET1 ESMF_COMM                   : mpi
20211020 034010.837 INFO             PET1 ESMF_MOAB                   : enabled
20211020 034010.837 INFO             PET1 ESMF_LAPACK                 : enabled
20211020 034010.837 INFO             PET1 ESMF_NETCDF                 : enabled
20211020 034010.837 INFO             PET1 ESMF_PNETCDF                : disabled
20211020 034010.837 INFO             PET1 ESMF_PIO                    : enabled
20211020 034010.837 INFO             PET1 ESMF_YAMLCPP                : enabled
20211020 034011.453 INFO             PET1  NUMBER_OF_PROCESSORS           4
20211020 034011.453 INFO             PET1  PASS  Example ESMF_RHandleVMEpochEx, ESMF_RHandleVMEpochEx.F90, line 247
20211020 034011.453 INFO             PET1 Finalizing ESMF
20211020 034010.848 INFO             PET2 !!!!!!!!!!!!!!!!!!!!!!!!!!!!!!!!!!!!!!!!!!!!!!!!!!!!!!
20211020 034010.848 INFO             PET2 !!! THE ESMF_LOG IS SET TO OUTPUT ALL LOG MESSAGES !!!
20211020 034010.848 INFO             PET2 !!!     THIS MAY CAUSE SLOWDOWN IN PERFORMANCE     !!!
20211020 034010.848 INFO             PET2 !!! FOR PRODUCTION RUNS, USE:                      !!!
20211020 034010.848 INFO             PET2 !!!                   ESMF_LOGKIND_Multi_On_Error  !!!
20211020 034010.848 INFO             PET2 !!!!!!!!!!!!!!!!!!!!!!!!!!!!!!!!!!!!!!!!!!!!!!!!!!!!!!
20211020 034010.848 INFO             PET2 Running with ESMF Version   : 8.2.0 beta snapshot
20211020 034010.848 INFO             PET2 ESMF library build date/time: "Oct 20 2021" "00:39:56"
20211020 034010.848 INFO             PET2 ESMF library build location : /lustre/f2/dev/ncep/Mark.Potts/intel_2019.5_mpi_O_release_8.2.0
20211020 034010.848 INFO             PET2 ESMF_COMM                   : mpi
20211020 034010.849 INFO             PET2 ESMF_MOAB                   : enabled
20211020 034010.849 INFO             PET2 ESMF_LAPACK                 : enabled
20211020 034010.849 INFO             PET2 ESMF_NETCDF                 : enabled
20211020 034010.849 INFO             PET2 ESMF_PNETCDF                : disabled
20211020 034010.849 INFO             PET2 ESMF_PIO                    : enabled
20211020 034010.849 INFO             PET2 ESMF_YAMLCPP                : enabled
20211020 034011.454 INFO             PET2  NUMBER_OF_PROCESSORS           4
20211020 034011.454 INFO             PET2  PASS  Example ESMF_RHandleVMEpochEx, ESMF_RHandleVMEpochEx.F90, line 247
20211020 034011.454 INFO             PET2 Finalizing ESMF
20211020 034010.846 INFO             PET3 !!!!!!!!!!!!!!!!!!!!!!!!!!!!!!!!!!!!!!!!!!!!!!!!!!!!!!
20211020 034010.846 INFO             PET3 !!! THE ESMF_LOG IS SET TO OUTPUT ALL LOG MESSAGES !!!
20211020 034010.846 INFO             PET3 !!!     THIS MAY CAUSE SLOWDOWN IN PERFORMANCE     !!!
20211020 034010.846 INFO             PET3 !!! FOR PRODUCTION RUNS, USE:                      !!!
20211020 034010.846 INFO             PET3 !!!                   ESMF_LOGKIND_Multi_On_Error  !!!
20211020 034010.846 INFO             PET3 !!!!!!!!!!!!!!!!!!!!!!!!!!!!!!!!!!!!!!!!!!!!!!!!!!!!!!
20211020 034010.846 INFO             PET3 Running with ESMF Version   : 8.2.0 beta snapshot
20211020 034010.846 INFO             PET3 ESMF library build date/time: "Oct 20 2021" "00:39:56"
20211020 034010.846 INFO             PET3 ESMF library build location : /lustre/f2/dev/ncep/Mark.Potts/intel_2019.5_mpi_O_release_8.2.0
20211020 034010.846 INFO             PET3 ESMF_COMM                   : mpi
20211020 034010.847 INFO             PET3 ESMF_MOAB                   : enabled
20211020 034010.847 INFO             PET3 ESMF_LAPACK                 : enabled
20211020 034010.847 INFO             PET3 ESMF_NETCDF                 : enabled
20211020 034010.847 INFO             PET3 ESMF_PNETCDF                : disabled
20211020 034010.847 INFO             PET3 ESMF_PIO                    : enabled
20211020 034010.847 INFO             PET3 ESMF_YAMLCPP                : enabled
20211020 034011.453 INFO             PET3  NUMBER_OF_PROCESSORS           4
20211020 034011.454 INFO             PET3  PASS  Example ESMF_RHandleVMEpochEx, ESMF_RHandleVMEpochEx.F90, line 247
20211020 034011.454 INFO             PET3 Finalizing ESMF
