build time -- 2021-10-23 00:45:07
20211023 011704.439 INFO             PET0 !!!!!!!!!!!!!!!!!!!!!!!!!!!!!!!!!!!!!!!!!!!!!!!!!!!!!!
20211023 011704.439 INFO             PET0 !!! THE ESMF_LOG IS SET TO OUTPUT ALL LOG MESSAGES !!!
20211023 011704.439 INFO             PET0 !!!     THIS MAY CAUSE SLOWDOWN IN PERFORMANCE     !!!
20211023 011704.439 INFO             PET0 !!! FOR PRODUCTION RUNS, USE:                      !!!
20211023 011704.439 INFO             PET0 !!!                   ESMF_LOGKIND_Multi_On_Error  !!!
20211023 011704.439 INFO             PET0 !!!!!!!!!!!!!!!!!!!!!!!!!!!!!!!!!!!!!!!!!!!!!!!!!!!!!!
20211023 011704.439 INFO             PET0 Running with ESMF Version   : 8.2.0 beta snapshot
20211023 011704.439 INFO             PET0 ESMF library build date/time: "Oct 23 2021" "00:43:18"
20211023 011704.439 INFO             PET0 ESMF library build location : /lustre/f2/dev/ncep/Mark.Potts/intel_2019.5_mpi_O_release_8.2.0
20211023 011704.439 INFO             PET0 ESMF_COMM                   : mpi
20211023 011704.440 INFO             PET0 ESMF_MOAB                   : enabled
20211023 011704.440 INFO             PET0 ESMF_LAPACK                 : enabled
20211023 011704.440 INFO             PET0 ESMF_NETCDF                 : enabled
20211023 011704.440 INFO             PET0 ESMF_PNETCDF                : disabled
20211023 011704.440 INFO             PET0 ESMF_PIO                    : enabled
20211023 011704.440 INFO             PET0 ESMF_YAMLCPP                : enabled
20211023 011704.441 INFO             PET0  NUMBER_OF_PROCESSORS           4
20211023 011704.441 INFO             PET0  PASS  Example ESMF_VMUserMpiCommMultiEx, ESMF_VMUserMpiCommMultiEx.F90, line 126
20211023 011704.441 INFO             PET0 Finalizing ESMF
20211023 011704.435 INFO             PET0 !!!!!!!!!!!!!!!!!!!!!!!!!!!!!!!!!!!!!!!!!!!!!!!!!!!!!!
20211023 011704.435 INFO             PET0 !!! THE ESMF_LOG IS SET TO OUTPUT ALL LOG MESSAGES !!!
20211023 011704.435 INFO             PET0 !!!     THIS MAY CAUSE SLOWDOWN IN PERFORMANCE     !!!
20211023 011704.435 INFO             PET0 !!! FOR PRODUCTION RUNS, USE:                      !!!
20211023 011704.435 INFO             PET0 !!!                   ESMF_LOGKIND_Multi_On_Error  !!!
20211023 011704.435 INFO             PET0 !!!!!!!!!!!!!!!!!!!!!!!!!!!!!!!!!!!!!!!!!!!!!!!!!!!!!!
20211023 011704.435 INFO             PET0 Running with ESMF Version   : 8.2.0 beta snapshot
20211023 011704.435 INFO             PET0 ESMF library build date/time: "Oct 23 2021" "00:43:18"
20211023 011704.435 INFO             PET0 ESMF library build location : /lustre/f2/dev/ncep/Mark.Potts/intel_2019.5_mpi_O_release_8.2.0
20211023 011704.435 INFO             PET0 ESMF_COMM                   : mpi
20211023 011704.436 INFO             PET0 ESMF_MOAB                   : enabled
20211023 011704.436 INFO             PET0 ESMF_LAPACK                 : enabled
20211023 011704.436 INFO             PET0 ESMF_NETCDF                 : enabled
20211023 011704.436 INFO             PET0 ESMF_PNETCDF                : disabled
20211023 011704.436 INFO             PET0 ESMF_PIO                    : enabled
20211023 011704.436 INFO             PET0 ESMF_YAMLCPP                : enabled
20211023 011704.436 INFO             PET0  NUMBER_OF_PROCESSORS           4
20211023 011704.436 INFO             PET0  PASS  Example ESMF_VMUserMpiCommMultiEx, ESMF_VMUserMpiCommMultiEx.F90, line 154
20211023 011704.436 INFO             PET0 Finalizing ESMF
20211023 011704.433 INFO             PET1 !!!!!!!!!!!!!!!!!!!!!!!!!!!!!!!!!!!!!!!!!!!!!!!!!!!!!!
20211023 011704.433 INFO             PET1 !!! THE ESMF_LOG IS SET TO OUTPUT ALL LOG MESSAGES !!!
20211023 011704.433 INFO             PET1 !!!     THIS MAY CAUSE SLOWDOWN IN PERFORMANCE     !!!
20211023 011704.433 INFO             PET1 !!! FOR PRODUCTION RUNS, USE:                      !!!
20211023 011704.433 INFO             PET1 !!!                   ESMF_LOGKIND_Multi_On_Error  !!!
20211023 011704.433 INFO             PET1 !!!!!!!!!!!!!!!!!!!!!!!!!!!!!!!!!!!!!!!!!!!!!!!!!!!!!!
20211023 011704.433 INFO             PET1 Running with ESMF Version   : 8.2.0 beta snapshot
20211023 011704.433 INFO             PET1 ESMF library build date/time: "Oct 23 2021" "00:43:18"
20211023 011704.433 INFO             PET1 ESMF library build location : /lustre/f2/dev/ncep/Mark.Potts/intel_2019.5_mpi_O_release_8.2.0
20211023 011704.433 INFO             PET1 ESMF_COMM                   : mpi
20211023 011704.434 INFO             PET1 ESMF_MOAB                   : enabled
20211023 011704.434 INFO             PET1 ESMF_LAPACK                 : enabled
20211023 011704.434 INFO             PET1 ESMF_NETCDF                 : enabled
20211023 011704.434 INFO             PET1 ESMF_PNETCDF                : disabled
20211023 011704.434 INFO             PET1 ESMF_PIO                    : enabled
20211023 011704.434 INFO             PET1 ESMF_YAMLCPP                : enabled
20211023 011704.441 INFO             PET1  NUMBER_OF_PROCESSORS           4
20211023 011704.441 INFO             PET1  PASS  Example ESMF_VMUserMpiCommMultiEx, ESMF_VMUserMpiCommMultiEx.F90, line 126
20211023 011704.441 INFO             PET1 Finalizing ESMF
20211023 011704.428 INFO             PET1 !!!!!!!!!!!!!!!!!!!!!!!!!!!!!!!!!!!!!!!!!!!!!!!!!!!!!!
20211023 011704.428 INFO             PET1 !!! THE ESMF_LOG IS SET TO OUTPUT ALL LOG MESSAGES !!!
20211023 011704.428 INFO             PET1 !!!     THIS MAY CAUSE SLOWDOWN IN PERFORMANCE     !!!
20211023 011704.428 INFO             PET1 !!! FOR PRODUCTION RUNS, USE:                      !!!
20211023 011704.428 INFO             PET1 !!!                   ESMF_LOGKIND_Multi_On_Error  !!!
20211023 011704.428 INFO             PET1 !!!!!!!!!!!!!!!!!!!!!!!!!!!!!!!!!!!!!!!!!!!!!!!!!!!!!!
20211023 011704.428 INFO             PET1 Running with ESMF Version   : 8.2.0 beta snapshot
20211023 011704.428 INFO             PET1 ESMF library build date/time: "Oct 23 2021" "00:43:18"
20211023 011704.428 INFO             PET1 ESMF library build location : /lustre/f2/dev/ncep/Mark.Potts/intel_2019.5_mpi_O_release_8.2.0
20211023 011704.428 INFO             PET1 ESMF_COMM                   : mpi
20211023 011704.429 INFO             PET1 ESMF_MOAB                   : enabled
20211023 011704.429 INFO             PET1 ESMF_LAPACK                 : enabled
20211023 011704.429 INFO             PET1 ESMF_NETCDF                 : enabled
20211023 011704.429 INFO             PET1 ESMF_PNETCDF                : disabled
20211023 011704.429 INFO             PET1 ESMF_PIO                    : enabled
20211023 011704.429 INFO             PET1 ESMF_YAMLCPP                : enabled
20211023 011704.436 INFO             PET1  NUMBER_OF_PROCESSORS           4
20211023 011704.436 INFO             PET1  PASS  Example ESMF_VMUserMpiCommMultiEx, ESMF_VMUserMpiCommMultiEx.F90, line 154
20211023 011704.436 INFO             PET1 Finalizing ESMF
