build time -- 2022-03-01 01:17:36.780650
20220301 015051.162 INFO             PET0 !!!!!!!!!!!!!!!!!!!!!!!!!!!!!!!!!!!!!!!!!!!!!!!!!!!!!!
20220301 015051.162 INFO             PET0 !!! THE ESMF_LOG IS SET TO OUTPUT ALL LOG MESSAGES !!!
20220301 015051.162 INFO             PET0 !!!     THIS MAY CAUSE SLOWDOWN IN PERFORMANCE     !!!
20220301 015051.162 INFO             PET0 !!! FOR PRODUCTION RUNS, USE:                      !!!
20220301 015051.162 INFO             PET0 !!!                   ESMF_LOGKIND_Multi_On_Error  !!!
20220301 015051.162 INFO             PET0 !!!!!!!!!!!!!!!!!!!!!!!!!!!!!!!!!!!!!!!!!!!!!!!!!!!!!!
20220301 015051.162 INFO             PET0 Running with ESMF Version   : v8.3.0b08-90-g763a12848c
20220301 015051.162 INFO             PET0 ESMF library build date/time: "Mar  1 2022" "01:14:46"
20220301 015051.162 INFO             PET0 ESMF library build location : /gpfsm/dnb04/projects/p98/mpotts/esmf/intel_2020_mpt_g_jedwards_pio_update2
20220301 015051.162 INFO             PET0 ESMF_COMM                   : mpt
20220301 015051.182 INFO             PET0 ESMF_MOAB                   : enabled
20220301 015051.182 INFO             PET0 ESMF_LAPACK                 : enabled
20220301 015051.182 INFO             PET0 ESMF_NETCDF                 : enabled
20220301 015051.182 INFO             PET0 ESMF_PNETCDF                : disabled
20220301 015051.196 INFO             PET0 ESMF_PIO                    : enabled
20220301 015051.196 INFO             PET0 ESMF_YAMLCPP                : enabled
20220301 015051.205 INFO             PET0 Log Write 2
20220301 015051.205 ERROR            PET0 Invalid object  - Convergence failure
20220301 015051.221 ERROR            PET0 ESMCI_Fraction.C:1444 ESMCI::Fraction::validate() must have non-zero denominator.
20220301 015051.229 ERROR            PET0 ESMCI_Time.C:838 ESMCI::Time::syncToRealTime() Wrong argument specified  - ; calkindflag is JULIANDAY, MODJULIANDAY or NOCALENDAR.
20220301 015051.229 ERROR            PET0 ESMF_Time.F90:1485 ESMF_TimeSyncToRealTime() Wrong argument specified  - Internal subroutine call returned Error
20220301 015051.229 ERROR            PET0 Wrong argument specified  - getting wall clock time
20220301 015051.268 INFO             PET0  NUMBER_OF_PROCESSORS           4
20220301 015051.268 INFO             PET0  PASS  Example ESMF_LogErrEx, ESMF_LogErrEx.F90, line 186
20220301 015051.268 INFO             PET0 Finalizing ESMF
20220301 015051.333 INFO             PET0 ESMCI_IO_Handler.C:331 ESMCI::IO_Handler::finalize() 
20220301 015051.344 INFO             PET0 ESMCI_PIO_Handler.C:361 ESMCI::PIO_Handler::finalize() 
20220301 015051.344 INFO             PET0 ESMCI_IO_Handler.C:333 ESMCI::IO_Handler::finalize() after finalize, localrc = 0
20220301 015051.344 INFO             PET0 ESMCI_IO_Handler.C:356 ESMCI::IO_Handler::finalize() before return, localrc = 0
20220301 015051.162 INFO             PET1 !!!!!!!!!!!!!!!!!!!!!!!!!!!!!!!!!!!!!!!!!!!!!!!!!!!!!!
20220301 015051.162 INFO             PET1 !!! THE ESMF_LOG IS SET TO OUTPUT ALL LOG MESSAGES !!!
20220301 015051.162 INFO             PET1 !!!     THIS MAY CAUSE SLOWDOWN IN PERFORMANCE     !!!
20220301 015051.162 INFO             PET1 !!! FOR PRODUCTION RUNS, USE:                      !!!
20220301 015051.162 INFO             PET1 !!!                   ESMF_LOGKIND_Multi_On_Error  !!!
20220301 015051.162 INFO             PET1 !!!!!!!!!!!!!!!!!!!!!!!!!!!!!!!!!!!!!!!!!!!!!!!!!!!!!!
20220301 015051.162 INFO             PET1 Running with ESMF Version   : v8.3.0b08-90-g763a12848c
20220301 015051.162 INFO             PET1 ESMF library build date/time: "Mar  1 2022" "01:14:46"
20220301 015051.162 INFO             PET1 ESMF library build location : /gpfsm/dnb04/projects/p98/mpotts/esmf/intel_2020_mpt_g_jedwards_pio_update2
20220301 015051.162 INFO             PET1 ESMF_COMM                   : mpt
20220301 015051.181 INFO             PET1 ESMF_MOAB                   : enabled
20220301 015051.181 INFO             PET1 ESMF_LAPACK                 : enabled
20220301 015051.181 INFO             PET1 ESMF_NETCDF                 : enabled
20220301 015051.181 INFO             PET1 ESMF_PNETCDF                : disabled
20220301 015051.196 INFO             PET1 ESMF_PIO                    : enabled
20220301 015051.196 INFO             PET1 ESMF_YAMLCPP                : enabled
20220301 015051.205 INFO             PET1 Log Write 2
20220301 015051.205 ERROR            PET1 Invalid object  - Convergence failure
20220301 015051.221 ERROR            PET1 ESMCI_Fraction.C:1444 ESMCI::Fraction::validate() must have non-zero denominator.
20220301 015051.229 ERROR            PET1 ESMCI_Time.C:838 ESMCI::Time::syncToRealTime() Wrong argument specified  - ; calkindflag is JULIANDAY, MODJULIANDAY or NOCALENDAR.
20220301 015051.229 ERROR            PET1 ESMF_Time.F90:1485 ESMF_TimeSyncToRealTime() Wrong argument specified  - Internal subroutine call returned Error
20220301 015051.229 ERROR            PET1 Wrong argument specified  - getting wall clock time
20220301 015051.268 INFO             PET1  NUMBER_OF_PROCESSORS           4
20220301 015051.269 INFO             PET1  PASS  Example ESMF_LogErrEx, ESMF_LogErrEx.F90, line 186
20220301 015051.269 INFO             PET1 Finalizing ESMF
20220301 015051.333 INFO             PET1 ESMCI_IO_Handler.C:331 ESMCI::IO_Handler::finalize() 
20220301 015051.344 INFO             PET1 ESMCI_PIO_Handler.C:361 ESMCI::PIO_Handler::finalize() 
20220301 015051.344 INFO             PET1 ESMCI_IO_Handler.C:333 ESMCI::IO_Handler::finalize() after finalize, localrc = 0
20220301 015051.344 INFO             PET1 ESMCI_IO_Handler.C:356 ESMCI::IO_Handler::finalize() before return, localrc = 0
20220301 015051.162 INFO             PET2 !!!!!!!!!!!!!!!!!!!!!!!!!!!!!!!!!!!!!!!!!!!!!!!!!!!!!!
20220301 015051.162 INFO             PET2 !!! THE ESMF_LOG IS SET TO OUTPUT ALL LOG MESSAGES !!!
20220301 015051.162 INFO             PET2 !!!     THIS MAY CAUSE SLOWDOWN IN PERFORMANCE     !!!
20220301 015051.162 INFO             PET2 !!! FOR PRODUCTION RUNS, USE:                      !!!
20220301 015051.162 INFO             PET2 !!!                   ESMF_LOGKIND_Multi_On_Error  !!!
20220301 015051.162 INFO             PET2 !!!!!!!!!!!!!!!!!!!!!!!!!!!!!!!!!!!!!!!!!!!!!!!!!!!!!!
20220301 015051.162 INFO             PET2 Running with ESMF Version   : v8.3.0b08-90-g763a12848c
20220301 015051.162 INFO             PET2 ESMF library build date/time: "Mar  1 2022" "01:14:46"
20220301 015051.162 INFO             PET2 ESMF library build location : /gpfsm/dnb04/projects/p98/mpotts/esmf/intel_2020_mpt_g_jedwards_pio_update2
20220301 015051.162 INFO             PET2 ESMF_COMM                   : mpt
20220301 015051.182 INFO             PET2 ESMF_MOAB                   : enabled
20220301 015051.182 INFO             PET2 ESMF_LAPACK                 : enabled
20220301 015051.182 INFO             PET2 ESMF_NETCDF                 : enabled
20220301 015051.182 INFO             PET2 ESMF_PNETCDF                : disabled
20220301 015051.196 INFO             PET2 ESMF_PIO                    : enabled
20220301 015051.196 INFO             PET2 ESMF_YAMLCPP                : enabled
20220301 015051.205 INFO             PET2 Log Write 2
20220301 015051.205 ERROR            PET2 Invalid object  - Convergence failure
20220301 015051.221 ERROR            PET2 ESMCI_Fraction.C:1444 ESMCI::Fraction::validate() must have non-zero denominator.
20220301 015051.229 ERROR            PET2 ESMCI_Time.C:838 ESMCI::Time::syncToRealTime() Wrong argument specified  - ; calkindflag is JULIANDAY, MODJULIANDAY or NOCALENDAR.
20220301 015051.229 ERROR            PET2 ESMF_Time.F90:1485 ESMF_TimeSyncToRealTime() Wrong argument specified  - Internal subroutine call returned Error
20220301 015051.229 ERROR            PET2 Wrong argument specified  - getting wall clock time
20220301 015051.268 INFO             PET2  NUMBER_OF_PROCESSORS           4
20220301 015051.268 INFO             PET2  PASS  Example ESMF_LogErrEx, ESMF_LogErrEx.F90, line 186
20220301 015051.268 INFO             PET2 Finalizing ESMF
20220301 015051.333 INFO             PET2 ESMCI_IO_Handler.C:331 ESMCI::IO_Handler::finalize() 
20220301 015051.344 INFO             PET2 ESMCI_PIO_Handler.C:361 ESMCI::PIO_Handler::finalize() 
20220301 015051.344 INFO             PET2 ESMCI_IO_Handler.C:333 ESMCI::IO_Handler::finalize() after finalize, localrc = 0
20220301 015051.344 INFO             PET2 ESMCI_IO_Handler.C:356 ESMCI::IO_Handler::finalize() before return, localrc = 0
20220301 015051.162 INFO             PET3 !!!!!!!!!!!!!!!!!!!!!!!!!!!!!!!!!!!!!!!!!!!!!!!!!!!!!!
20220301 015051.162 INFO             PET3 !!! THE ESMF_LOG IS SET TO OUTPUT ALL LOG MESSAGES !!!
20220301 015051.162 INFO             PET3 !!!     THIS MAY CAUSE SLOWDOWN IN PERFORMANCE     !!!
20220301 015051.162 INFO             PET3 !!! FOR PRODUCTION RUNS, USE:                      !!!
20220301 015051.162 INFO             PET3 !!!                   ESMF_LOGKIND_Multi_On_Error  !!!
20220301 015051.162 INFO             PET3 !!!!!!!!!!!!!!!!!!!!!!!!!!!!!!!!!!!!!!!!!!!!!!!!!!!!!!
20220301 015051.162 INFO             PET3 Running with ESMF Version   : v8.3.0b08-90-g763a12848c
20220301 015051.162 INFO             PET3 ESMF library build date/time: "Mar  1 2022" "01:14:46"
20220301 015051.162 INFO             PET3 ESMF library build location : /gpfsm/dnb04/projects/p98/mpotts/esmf/intel_2020_mpt_g_jedwards_pio_update2
20220301 015051.162 INFO             PET3 ESMF_COMM                   : mpt
20220301 015051.182 INFO             PET3 ESMF_MOAB                   : enabled
20220301 015051.182 INFO             PET3 ESMF_LAPACK                 : enabled
20220301 015051.182 INFO             PET3 ESMF_NETCDF                 : enabled
20220301 015051.182 INFO             PET3 ESMF_PNETCDF                : disabled
20220301 015051.196 INFO             PET3 ESMF_PIO                    : enabled
20220301 015051.196 INFO             PET3 ESMF_YAMLCPP                : enabled
20220301 015051.205 INFO             PET3 Log Write 2
20220301 015051.205 ERROR            PET3 Invalid object  - Convergence failure
20220301 015051.221 ERROR            PET3 ESMCI_Fraction.C:1444 ESMCI::Fraction::validate() must have non-zero denominator.
20220301 015051.229 ERROR            PET3 ESMCI_Time.C:838 ESMCI::Time::syncToRealTime() Wrong argument specified  - ; calkindflag is JULIANDAY, MODJULIANDAY or NOCALENDAR.
20220301 015051.229 ERROR            PET3 ESMF_Time.F90:1485 ESMF_TimeSyncToRealTime() Wrong argument specified  - Internal subroutine call returned Error
20220301 015051.229 ERROR            PET3 Wrong argument specified  - getting wall clock time
20220301 015051.268 INFO             PET3  NUMBER_OF_PROCESSORS           4
20220301 015051.268 INFO             PET3  PASS  Example ESMF_LogErrEx, ESMF_LogErrEx.F90, line 186
20220301 015051.268 INFO             PET3 Finalizing ESMF
20220301 015051.333 INFO             PET3 ESMCI_IO_Handler.C:331 ESMCI::IO_Handler::finalize() 
20220301 015051.344 INFO             PET3 ESMCI_PIO_Handler.C:361 ESMCI::PIO_Handler::finalize() 
20220301 015051.344 INFO             PET3 ESMCI_IO_Handler.C:333 ESMCI::IO_Handler::finalize() after finalize, localrc = 0
20220301 015051.344 INFO             PET3 ESMCI_IO_Handler.C:356 ESMCI::IO_Handler::finalize() before return, localrc = 0
