build time -- 2022-03-03 01:16:37.044561
20220303 014648.199 INFO             PET0 !!!!!!!!!!!!!!!!!!!!!!!!!!!!!!!!!!!!!!!!!!!!!!!!!!!!!!
20220303 014648.199 INFO             PET0 !!! THE ESMF_LOG IS SET TO OUTPUT ALL LOG MESSAGES !!!
20220303 014648.199 INFO             PET0 !!!     THIS MAY CAUSE SLOWDOWN IN PERFORMANCE     !!!
20220303 014648.199 INFO             PET0 !!! FOR PRODUCTION RUNS, USE:                      !!!
20220303 014648.199 INFO             PET0 !!!                   ESMF_LOGKIND_Multi_On_Error  !!!
20220303 014648.199 INFO             PET0 !!!!!!!!!!!!!!!!!!!!!!!!!!!!!!!!!!!!!!!!!!!!!!!!!!!!!!
20220303 014648.199 INFO             PET0 Running with ESMF Version   : v8.3.0b08-90-g763a12848c
20220303 014648.199 INFO             PET0 ESMF library build date/time: "Mar  3 2022" "01:14:02"
20220303 014648.199 INFO             PET0 ESMF library build location : /gpfsm/dnb04/projects/p98/mpotts/esmf/intel_2020_mpt_g_jedwards_pio_update2
20220303 014648.199 INFO             PET0 ESMF_COMM                   : mpt
20220303 014648.200 INFO             PET0 ESMF_MOAB                   : enabled
20220303 014648.200 INFO             PET0 ESMF_LAPACK                 : enabled
20220303 014648.200 INFO             PET0 ESMF_NETCDF                 : enabled
20220303 014648.200 INFO             PET0 ESMF_PNETCDF                : disabled
20220303 014648.200 INFO             PET0 ESMF_PIO                    : enabled
20220303 014648.200 INFO             PET0 ESMF_YAMLCPP                : enabled
20220303 014648.202 INFO             PET0  NUMBER_OF_PROCESSORS           1
20220303 014648.202 INFO             PET0  PASS  Example ESMF_ClockEx, ESMF_ClockEx.F90, line 220
20220303 014648.202 INFO             PET0 Finalizing ESMF
20220303 014648.202 INFO             PET0 ESMCI_IO_Handler.C:331 ESMCI::IO_Handler::finalize() 
20220303 014648.202 INFO             PET0 ESMCI_PIO_Handler.C:361 ESMCI::PIO_Handler::finalize() 
20220303 014648.202 INFO             PET0 ESMCI_IO_Handler.C:333 ESMCI::IO_Handler::finalize() after finalize, localrc = 0
20220303 014648.202 INFO             PET0 ESMCI_IO_Handler.C:356 ESMCI::IO_Handler::finalize() before return, localrc = 0
