build time -- 2022-02-13 06:30:18.709121
20220213 073620.383 INFO             PET0 !!!!!!!!!!!!!!!!!!!!!!!!!!!!!!!!!!!!!!!!!!!!!!!!!!!!!!
20220213 073620.383 INFO             PET0 !!! THE ESMF_LOG IS SET TO OUTPUT ALL LOG MESSAGES !!!
20220213 073620.383 INFO             PET0 !!!     THIS MAY CAUSE SLOWDOWN IN PERFORMANCE     !!!
20220213 073620.383 INFO             PET0 !!! FOR PRODUCTION RUNS, USE:                      !!!
20220213 073620.383 INFO             PET0 !!!                   ESMF_LOGKIND_Multi_On_Error  !!!
20220213 073620.383 INFO             PET0 !!!!!!!!!!!!!!!!!!!!!!!!!!!!!!!!!!!!!!!!!!!!!!!!!!!!!!
20220213 073620.383 INFO             PET0 Running with ESMF Version   : ESMF_8_3_0_beta_snapshot_06-85-gae1d61de23
20220213 073620.383 INFO             PET0 ESMF library build date/time: "Feb 13 2022" "06:24:30"
20220213 073620.383 INFO             PET0 ESMF library build location : /glade/scratch/rlong/esmf-testing/intel_18.0.5_mpt_O_jedwards_pio_update
20220213 073620.383 INFO             PET0 ESMF_COMM                   : mpt
20220213 073620.383 INFO             PET0 ESMF_MOAB                   : enabled
20220213 073620.383 INFO             PET0 ESMF_LAPACK                 : enabled
20220213 073620.383 INFO             PET0 ESMF_NETCDF                 : enabled
20220213 073620.383 INFO             PET0 ESMF_PNETCDF                : disabled
20220213 073620.383 INFO             PET0 ESMF_PIO                    : enabled
20220213 073620.383 INFO             PET0 ESMF_YAMLCPP                : enabled
20220213 073620.386 INFO             PET0  NUMBER_OF_PROCESSORS           4
20220213 073620.386 INFO             PET0  PASS  Example ESMF_FieldBundleCreateEx, ESMF_FieldBundleCreateEx.F90, line 561
20220213 073620.386 INFO             PET0 Finalizing ESMF
20220213 073620.386 INFO             PET0 ESMCI_IO_Handler.C:330 ESMCI::IO_Handler::finalize() 
20220213 073620.386 INFO             PET0 ESMCI_PIO_Handler.C:347 ESMCI::PIO_Handler::finalize() 
20220213 073620.386 INFO             PET0 ESMCI_IO_Handler.C:332 ESMCI::IO_Handler::finalize() after finalize, localrc = 0
20220213 073620.387 INFO             PET0 ESMCI_IO_Handler.C:355 ESMCI::IO_Handler::finalize() before return, localrc = 0
20220213 073620.383 INFO             PET1 !!!!!!!!!!!!!!!!!!!!!!!!!!!!!!!!!!!!!!!!!!!!!!!!!!!!!!
20220213 073620.383 INFO             PET1 !!! THE ESMF_LOG IS SET TO OUTPUT ALL LOG MESSAGES !!!
20220213 073620.383 INFO             PET1 !!!     THIS MAY CAUSE SLOWDOWN IN PERFORMANCE     !!!
20220213 073620.383 INFO             PET1 !!! FOR PRODUCTION RUNS, USE:                      !!!
20220213 073620.383 INFO             PET1 !!!                   ESMF_LOGKIND_Multi_On_Error  !!!
20220213 073620.383 INFO             PET1 !!!!!!!!!!!!!!!!!!!!!!!!!!!!!!!!!!!!!!!!!!!!!!!!!!!!!!
20220213 073620.383 INFO             PET1 Running with ESMF Version   : ESMF_8_3_0_beta_snapshot_06-85-gae1d61de23
20220213 073620.383 INFO             PET1 ESMF library build date/time: "Feb 13 2022" "06:24:30"
20220213 073620.383 INFO             PET1 ESMF library build location : /glade/scratch/rlong/esmf-testing/intel_18.0.5_mpt_O_jedwards_pio_update
20220213 073620.383 INFO             PET1 ESMF_COMM                   : mpt
20220213 073620.383 INFO             PET1 ESMF_MOAB                   : enabled
20220213 073620.383 INFO             PET1 ESMF_LAPACK                 : enabled
20220213 073620.383 INFO             PET1 ESMF_NETCDF                 : enabled
20220213 073620.383 INFO             PET1 ESMF_PNETCDF                : disabled
20220213 073620.383 INFO             PET1 ESMF_PIO                    : enabled
20220213 073620.383 INFO             PET1 ESMF_YAMLCPP                : enabled
20220213 073620.386 INFO             PET1  NUMBER_OF_PROCESSORS           4
20220213 073620.386 INFO             PET1  PASS  Example ESMF_FieldBundleCreateEx, ESMF_FieldBundleCreateEx.F90, line 561
20220213 073620.386 INFO             PET1 Finalizing ESMF
20220213 073620.386 INFO             PET1 ESMCI_IO_Handler.C:330 ESMCI::IO_Handler::finalize() 
20220213 073620.386 INFO             PET1 ESMCI_PIO_Handler.C:347 ESMCI::PIO_Handler::finalize() 
20220213 073620.387 INFO             PET1 ESMCI_IO_Handler.C:332 ESMCI::IO_Handler::finalize() after finalize, localrc = 0
20220213 073620.387 INFO             PET1 ESMCI_IO_Handler.C:355 ESMCI::IO_Handler::finalize() before return, localrc = 0
20220213 073620.382 INFO             PET2 !!!!!!!!!!!!!!!!!!!!!!!!!!!!!!!!!!!!!!!!!!!!!!!!!!!!!!
20220213 073620.382 INFO             PET2 !!! THE ESMF_LOG IS SET TO OUTPUT ALL LOG MESSAGES !!!
20220213 073620.382 INFO             PET2 !!!     THIS MAY CAUSE SLOWDOWN IN PERFORMANCE     !!!
20220213 073620.382 INFO             PET2 !!! FOR PRODUCTION RUNS, USE:                      !!!
20220213 073620.382 INFO             PET2 !!!                   ESMF_LOGKIND_Multi_On_Error  !!!
20220213 073620.382 INFO             PET2 !!!!!!!!!!!!!!!!!!!!!!!!!!!!!!!!!!!!!!!!!!!!!!!!!!!!!!
20220213 073620.382 INFO             PET2 Running with ESMF Version   : ESMF_8_3_0_beta_snapshot_06-85-gae1d61de23
20220213 073620.382 INFO             PET2 ESMF library build date/time: "Feb 13 2022" "06:24:30"
20220213 073620.382 INFO             PET2 ESMF library build location : /glade/scratch/rlong/esmf-testing/intel_18.0.5_mpt_O_jedwards_pio_update
20220213 073620.382 INFO             PET2 ESMF_COMM                   : mpt
20220213 073620.383 INFO             PET2 ESMF_MOAB                   : enabled
20220213 073620.383 INFO             PET2 ESMF_LAPACK                 : enabled
20220213 073620.383 INFO             PET2 ESMF_NETCDF                 : enabled
20220213 073620.383 INFO             PET2 ESMF_PNETCDF                : disabled
20220213 073620.383 INFO             PET2 ESMF_PIO                    : enabled
20220213 073620.383 INFO             PET2 ESMF_YAMLCPP                : enabled
20220213 073620.386 INFO             PET2  NUMBER_OF_PROCESSORS           4
20220213 073620.386 INFO             PET2  PASS  Example ESMF_FieldBundleCreateEx, ESMF_FieldBundleCreateEx.F90, line 561
20220213 073620.386 INFO             PET2 Finalizing ESMF
20220213 073620.386 INFO             PET2 ESMCI_IO_Handler.C:330 ESMCI::IO_Handler::finalize() 
20220213 073620.386 INFO             PET2 ESMCI_PIO_Handler.C:347 ESMCI::PIO_Handler::finalize() 
20220213 073620.386 INFO             PET2 ESMCI_IO_Handler.C:332 ESMCI::IO_Handler::finalize() after finalize, localrc = 0
20220213 073620.387 INFO             PET2 ESMCI_IO_Handler.C:355 ESMCI::IO_Handler::finalize() before return, localrc = 0
20220213 073620.382 INFO             PET3 !!!!!!!!!!!!!!!!!!!!!!!!!!!!!!!!!!!!!!!!!!!!!!!!!!!!!!
20220213 073620.382 INFO             PET3 !!! THE ESMF_LOG IS SET TO OUTPUT ALL LOG MESSAGES !!!
20220213 073620.382 INFO             PET3 !!!     THIS MAY CAUSE SLOWDOWN IN PERFORMANCE     !!!
20220213 073620.382 INFO             PET3 !!! FOR PRODUCTION RUNS, USE:                      !!!
20220213 073620.382 INFO             PET3 !!!                   ESMF_LOGKIND_Multi_On_Error  !!!
20220213 073620.382 INFO             PET3 !!!!!!!!!!!!!!!!!!!!!!!!!!!!!!!!!!!!!!!!!!!!!!!!!!!!!!
20220213 073620.382 INFO             PET3 Running with ESMF Version   : ESMF_8_3_0_beta_snapshot_06-85-gae1d61de23
20220213 073620.382 INFO             PET3 ESMF library build date/time: "Feb 13 2022" "06:24:30"
20220213 073620.382 INFO             PET3 ESMF library build location : /glade/scratch/rlong/esmf-testing/intel_18.0.5_mpt_O_jedwards_pio_update
20220213 073620.382 INFO             PET3 ESMF_COMM                   : mpt
20220213 073620.383 INFO             PET3 ESMF_MOAB                   : enabled
20220213 073620.383 INFO             PET3 ESMF_LAPACK                 : enabled
20220213 073620.383 INFO             PET3 ESMF_NETCDF                 : enabled
20220213 073620.383 INFO             PET3 ESMF_PNETCDF                : disabled
20220213 073620.383 INFO             PET3 ESMF_PIO                    : enabled
20220213 073620.383 INFO             PET3 ESMF_YAMLCPP                : enabled
20220213 073620.386 INFO             PET3  NUMBER_OF_PROCESSORS           4
20220213 073620.386 INFO             PET3  PASS  Example ESMF_FieldBundleCreateEx, ESMF_FieldBundleCreateEx.F90, line 561
20220213 073620.386 INFO             PET3 Finalizing ESMF
20220213 073620.386 INFO             PET3 ESMCI_IO_Handler.C:330 ESMCI::IO_Handler::finalize() 
20220213 073620.386 INFO             PET3 ESMCI_PIO_Handler.C:347 ESMCI::PIO_Handler::finalize() 
20220213 073620.386 INFO             PET3 ESMCI_IO_Handler.C:332 ESMCI::IO_Handler::finalize() after finalize, localrc = 0
20220213 073620.387 INFO             PET3 ESMCI_IO_Handler.C:355 ESMCI::IO_Handler::finalize() before return, localrc = 0
