build time -- 2022-02-04 06:29:35.694446
2: --- ESMCI::ArrayBundle::print start ---
2: ArrayBundle: MyArrayBundle
3: --- ESMCI::ArrayBundle::print start ---
3: ArrayBundle: MyArrayBundle
3: arrayCount = 3
0: --- ESMCI::ArrayBundle::print start ---
0: ArrayBundle: MyArrayBundle
0: arrayCount = 3
1: --- ESMCI::ArrayBundle::print start ---
1: ArrayBundle: MyArrayBundle
1: arrayCount = 3
2: arrayCount = 3
2: Container::print() multipmap:item=0 key=AonFly value=0x1ffeb60
3: Container::print() multipmap:item=0 key=AonFly value=0x1ffebe0
3: Container::print() multipmap:item=1 key=Array002 value=0x1ffb860
0: Container::print() multipmap:item=0 key=AonFly value=0x1fffc20
1: Container::print() multipmap:item=0 key=AonFly value=0x1fffcb0
1: Container::print() multipmap:item=1 key=Array002 value=0x1ffbbb0
1: Container::print() multipmap:item=2 key=Array003 value=0x1ffc970
2: Container::print() multipmap:item=1 key=Array002 value=0x1ffb7e0
2: Container::print() multipmap:item=2 key=Array003 value=0x1ffc270
2: Container::print()      list:item=0 key=Array002 value=0x1ffb7e0
2: Container::print()      list:item=1 key=Array003 value=0x1ffc270
2: Container::print()      list:item=2 key=AonFly value=0x1ffeb60
2: --- ESMCI::ArrayBundle::print end ---
3: Container::print() multipmap:item=2 key=Array003 value=0x1ffc2f0
3: Container::print()      list:item=0 key=Array002 value=0x1ffb860
3: Container::print()      list:item=1 key=Array003 value=0x1ffc2f0
3: Container::print()      list:item=2 key=AonFly value=0x1ffebe0
3: --- ESMCI::ArrayBundle::print end ---
0: Container::print() multipmap:item=1 key=Array002 value=0x1ffbb40
0: Container::print() multipmap:item=2 key=Array003 value=0x1ffc8e0
0: Container::print()      list:item=0 key=Array002 value=0x1ffbb40
0: Container::print()      list:item=1 key=Array003 value=0x1ffc8e0
0: Container::print()      list:item=2 key=AonFly value=0x1fffc20
0: --- ESMCI::ArrayBundle::print end ---
1: Container::print()      list:item=0 key=Array002 value=0x1ffbbb0
1: Container::print()      list:item=1 key=Array003 value=0x1ffc970
1: Container::print()      list:item=2 key=AonFly value=0x1fffcb0
1: --- ESMCI::ArrayBundle::print end ---
0: --- ESMCI::Array::print start ---
1: --- ESMCI::Array::print start ---
1:  Base name    = AonFly
2: --- ESMCI::Array::print start ---
2:  Base name    = AonFly
2:  Status: Base = Ready,  object = Ready
2:  Proxy        = no
2:  Root Info (Attributes):
3: --- ESMCI::Array::print start ---
3:  Base name    = AonFly
3:  Status: Base = Ready,  object = Ready
3:  Proxy        = no
3:  Root Info (Attributes):
0:  Base name    = AonFly
0:  Status: Base = Ready,  object = Ready
0:  Proxy        = no
0:  Root Info (Attributes):
1:  Status: Base = Ready,  object = Ready
1:  Proxy        = no
1:  Root Info (Attributes):
0: {}Array typekind/rank: Real*4 / 2 
0: ~ lower class' values ~
0: DistGrid dimCount = 2
0: deCount = 6
0: localDeCount = 2
0: ~ local data in LocalArray for DE 0 ~
0: LocalArrayPrint: Array at address 0x1fff5c0:
1: {}Array typekind/rank: Real*4 / 2 
1: ~ lower class' values ~
1: DistGrid dimCount = 2
1: deCount = 6
1: localDeCount = 2
1: ~ local data in LocalArray for DE 1 ~
1: LocalArrayPrint: Array at address 0x1fff650:
1:             rank = 2, typekind = 5, base_addr = 0x2b31c528fee0
2: {}Array typekind/rank: Real*4 / 2 
2: ~ lower class' values ~
2: DistGrid dimCount = 2
2: deCount = 6
2: localDeCount = 1
2: ~ local data in LocalArray for DE 2 ~
2: LocalArrayPrint: Array at address 0x1ffe830:
2:             rank = 2, typekind = 5, base_addr = 0x2b31c528ffc0
2:             dim[0] = 3  dim[1] = 2  
2:   Real, *4, Dim 2, Data values:
3: {}Array typekind/rank: Real*4 / 2 
3: ~ lower class' values ~
3: DistGrid dimCount = 2
3: deCount = 6
3: localDeCount = 1
3: ~ local data in LocalArray for DE 3 ~
3: LocalArrayPrint: Array at address 0x1ffe8b0:
3:             rank = 2, typekind = 5, base_addr = 0x2b31c528ff60
3:             dim[0] = 2  dim[1] = 2  
3:   Real, *4, Dim 2, Data values:
0:             rank = 2, typekind = 5, base_addr = 0x2b31c528ff40
0:             dim[0] = 3  dim[1] = 2  
0:   Real, *4, Dim 2, Data values:
1:             dim[0] = 2  dim[1] = 2  
1:   Real, *4, Dim 2, Data values:
1: ( 1, 1) =  0
1: ( 2, 1) =  0
1: ( 1, 2) =  0
1: ( 2, 2) =  0
0: ( 1, 1) =  0
0: ( 2, 1) =  0
0: ( 3, 1) =  0
0: ( 1, 2) =  0
0: ( 2, 2) =  0
0: ( 3, 2) =  0
0: dim 1: [0]: [1 [1 [1, 3] 3] 3]
0: dim 2: [1]: [1 [1 [1, 2] 2] 2]
0: ~ local data in LocalArray for DE 4 ~
0: LocalArrayPrint: Array at address 0x1fff8f0:
1: dim 1: [0]: [1 [1 [1, 2] 2] 2]
1: dim 2: [1]: [1 [1 [1, 2] 2] 2]
1: ~ local data in LocalArray for DE 5 ~
1: LocalArrayPrint: Array at address 0x1fff980:
1:             rank = 2, typekind = 5, base_addr = 0x2b31c528fec0
1:             dim[0] = 2  dim[1] = 1  
1:   Real, *4, Dim 2, Data values:
1: ( 1, 1) =  0
1: ( 2, 1) =  0
2: ( 1, 1) =  0
2: ( 2, 1) =  0
2: ( 3, 1) =  9.39512e-38
2: ( 1, 2) =  0
2: ( 2, 2) =  0
2: ( 3, 2) =  0
2: dim 1: [0]: [1 [1 [1, 3] 3] 3]
2: dim 2: [1]: [1 [1 [1, 2] 2] 2]
2: --- ESMCI::Array::print end ---
2: --- ESMCI::Array::print start ---
2:  Base name    = Array002
2:  Status: Base = Ready,  object = Ready
2:  Proxy        = no
2:  Root Info (Attributes):
3: ( 1, 1) =  0
3: ( 2, 1) =  0
3: ( 1, 2) =  0
3: ( 2, 2) =  0
3: dim 1: [0]: [1 [1 [1, 2] 2] 2]
3: dim 2: [1]: [1 [1 [1, 2] 2] 2]
3: --- ESMCI::Array::print end ---
3: --- ESMCI::Array::print start ---
3:  Base name    = Array002
3:  Status: Base = Ready,  object = Ready
3:  Proxy        = no
3:  Root Info (Attributes):
3: {}Array typekind/rank: Real*8 / 2 
3: ~ lower class' values ~
3: DistGrid dimCount = 2
3: deCount = 6
3: localDeCount = 1
0:             rank = 2, typekind = 5, base_addr = 0x2b31c528ff20
0:             dim[0] = 3  dim[1] = 1  
0:   Real, *4, Dim 2, Data values:
0: ( 1, 1) =  0
0: ( 2, 1) =  0
0: ( 3, 1) =  0
0: dim 1: [0]: [1 [1 [1, 3] 3] 3]
0: dim 2: [1]: [1 [1 [1, 1] 1] 1]
0: --- ESMCI::Array::print end ---
0: --- ESMCI::Array::print start ---
0:  Base name    = Array002
0:  Status: Base = Ready,  object = Ready
1: dim 1: [0]: [1 [1 [1, 2] 2] 2]
1: dim 2: [1]: [1 [1 [1, 1] 1] 1]
1: --- ESMCI::Array::print end ---
1: --- ESMCI::Array::print start ---
1:  Base name    = Array002
1:  Status: Base = Ready,  object = Ready
1:  Proxy        = no
1:  Root Info (Attributes):
1: {}Array typekind/rank: Real*8 / 2 
1: ~ lower class' values ~
1: DistGrid dimCount = 2
1: deCount = 6
1: localDeCount = 2
2: {}Array typekind/rank: Real*8 / 2 
2: ~ lower class' values ~
2: DistGrid dimCount = 2
2: deCount = 6
2: localDeCount = 1
2: ~ local data in LocalArray for DE 2 ~
2: LocalArrayPrint: Array at address 0x1ffb4b0:
2:             rank = 2, typekind = 6, base_addr = 0x2b31c52afd80
2:             dim[0] = 3  dim[1] = 2  
2:   Real, *8, Dim 2, Data values:
2: ( 1, 1) =  2.34645e-310
2: ( 2, 1) =  6.01347e-154
2: ( 3, 1) =  6.01347e-154
3: ~ local data in LocalArray for DE 3 ~
3: LocalArrayPrint: Array at address 0x1ffb530:
3:             rank = 2, typekind = 6, base_addr = 0x2b31c528ffc0
3:             dim[0] = 2  dim[1] = 2  
3:   Real, *8, Dim 2, Data values:
3: ( 1, 1) =  0
3: ( 2, 1) =  0
3: ( 1, 2) =  0
3: ( 2, 2) =  0
3: dim 1: [0]: [1 [1 [1, 2] 2] 2]
3: dim 2: [1]: [1 [1 [1, 2] 2] 2]
3: --- ESMCI::Array::print end ---
3: --- ESMCI::Array::print start ---
3:  Base name    = Array003
3:  Status: Base = Ready,  object = Ready
0:  Proxy        = no
0:  Root Info (Attributes):
0: {}Array typekind/rank: Real*8 / 2 
0: ~ lower class' values ~
0: DistGrid dimCount = 2
0: deCount = 6
0: localDeCount = 2
0: ~ local data in LocalArray for DE 0 ~
0: LocalArrayPrint: Array at address 0x1ffb4e0:
0:             rank = 2, typekind = 6, base_addr = 0x2b31c52afd80
0:             dim[0] = 3  dim[1] = 2  
0:   Real, *8, Dim 2, Data values:
0: ( 1, 1) =  2.34645e-310
0: ( 2, 1) =  6.01347e-154
0: ( 3, 1) =  6.01347e-154
1: ~ local data in LocalArray for DE 1 ~
1: LocalArrayPrint: Array at address 0x1ffb550:
1:             rank = 2, typekind = 6, base_addr = 0x2b31c528ffc0
1:             dim[0] = 2  dim[1] = 2  
1:   Real, *8, Dim 2, Data values:
1: ( 1, 1) =  0
1: ( 2, 1) =  0
1: ( 1, 2) =  0
1: ( 2, 2) =  0
1: dim 1: [0]: [1 [1 [1, 2] 2] 2]
1: dim 2: [1]: [1 [1 [1, 2] 2] 2]
1: ~ local data in LocalArray for DE 5 ~
1: LocalArrayPrint: Array at address 0x1ffb880:
1:             rank = 2, typekind = 6, base_addr = 0x2b31c528ffa0
1:             dim[0] = 2  dim[1] = 1  
1:   Real, *8, Dim 2, Data values:
1: ( 1, 1) =  0
1: ( 2, 1) =  0
2: ( 1, 2) =  6.10916e+223
2: ( 2, 2) =  7.88786e+73
2: ( 3, 2) =  6.06757e-154
2: dim 1: [0]: [1 [1 [1, 3] 3] 3]
2: dim 2: [1]: [1 [1 [1, 2] 2] 2]
2: --- ESMCI::Array::print end ---
2: --- ESMCI::Array::print start ---
2:  Base name    = Array003
2:  Status: Base = Ready,  object = Ready
2:  Proxy        = no
2:  Root Info (Attributes):
3:  Proxy        = no
3:  Root Info (Attributes):
3: {}Array typekind/rank: Real*8 / 2 
3: ~ lower class' values ~
3: DistGrid dimCount = 2
3: deCount = 6
3: localDeCount = 1
3: ~ local data in LocalArray for DE 3 ~
3: LocalArrayPrint: Array at address 0x1ffbfc0:
3:             rank = 2, typekind = 6, base_addr = 0x2b31c528ffa0
3:             dim[0] = 2  dim[1] = 2  
3:   Real, *8, Dim 2, Data values:
3: ( 1, 1) =  0
3: ( 2, 1) =  0
3: ( 1, 2) =  0
3: ( 2, 2) =  0
3: dim 1: [0]: [1 [1 [1, 2] 2] 2]
3: dim 2: [1]: [1 [1 [1, 2] 2] 2]
0: ( 1, 2) =  6.10916e+223
0: ( 2, 2) =  7.88786e+73
0: ( 3, 2) =  6.06757e-154
0: dim 1: [0]: [1 [1 [1, 3] 3] 3]
0: dim 2: [1]: [1 [1 [1, 2] 2] 2]
0: ~ local data in LocalArray for DE 4 ~
0: LocalArrayPrint: Array at address 0x1ffb810:
0:             rank = 2, typekind = 6, base_addr = 0x2b31c528ffc0
0:             dim[0] = 3  dim[1] = 1  
0:   Real, *8, Dim 2, Data values:
0: ( 1, 1) =  0
0: ( 2, 1) =  0
0: ( 3, 1) =  0
0: dim 1: [0]: [1 [1 [1, 3] 3] 3]
0: dim 2: [1]: [1 [1 [1, 1] 1] 1]
0: --- ESMCI::Array::print end ---
1: dim 1: [0]: [1 [1 [1, 2] 2] 2]
1: dim 2: [1]: [1 [1 [1, 1] 1] 1]
1: --- ESMCI::Array::print end ---
1: --- ESMCI::Array::print start ---
1:  Base name    = Array003
1:  Status: Base = Ready,  object = Ready
1:  Proxy        = no
1:  Root Info (Attributes):
1: {}Array typekind/rank: Real*8 / 2 
1: ~ lower class' values ~
1: DistGrid dimCount = 2
1: deCount = 6
1: localDeCount = 2
1: ~ local data in LocalArray for DE 1 ~
1: LocalArrayPrint: Array at address 0x1ffc310:
1:             rank = 2, typekind = 6, base_addr = 0x2b31c528ff80
2: {}Array typekind/rank: Real*8 / 2 
2: ~ lower class' values ~
2: DistGrid dimCount = 2
2: deCount = 6
2: localDeCount = 1
2: ~ local data in LocalArray for DE 2 ~
2: LocalArrayPrint: Array at address 0x1ffbf40:
2:             rank = 2, typekind = 6, base_addr = 0x2b31c52afd40
2:             dim[0] = 3  dim[1] = 2  
2:   Real, *8, Dim 2, Data values:
2: ( 1, 1) =  2.34645e-310
2: ( 2, 1) =  6.01347e-154
2: ( 3, 1) =  6.01347e-154
2: ( 1, 2) =  6.10916e+223
2: ( 2, 2) =  6.01386e-154
2: ( 3, 2) =  6.01347e-154
2: dim 1: [0]: [1 [1 [1, 3] 3] 3]
2: dim 2: [1]: [1 [1 [1, 2] 2] 2]
3: --- ESMCI::Array::print end ---
0: --- ESMCI::Array::print start ---
0:  Base name    = Array003
0:  Status: Base = Ready,  object = Ready
0:  Proxy        = no
0:  Root Info (Attributes):
0: {}Array typekind/rank: Real*8 / 2 
0: ~ lower class' values ~
0: DistGrid dimCount = 2
0: deCount = 6
0: localDeCount = 2
0: ~ local data in LocalArray for DE 0 ~
0: LocalArrayPrint: Array at address 0x1ffc280:
0:             rank = 2, typekind = 6, base_addr = 0x2b31c52afd40
0:             dim[0] = 3  dim[1] = 2  
1:             dim[0] = 2  dim[1] = 2  
1:   Real, *8, Dim 2, Data values:
1: ( 1, 1) =  0
1: ( 2, 1) =  0
1: ( 1, 2) =  0
1: ( 2, 2) =  0
1: dim 1: [0]: [1 [1 [1, 2] 2] 2]
1: dim 2: [1]: [1 [1 [1, 2] 2] 2]
1: ~ local data in LocalArray for DE 5 ~
1: LocalArrayPrint: Array at address 0x1ffc640:
1:             rank = 2, typekind = 6, base_addr = 0x2b31c528ff60
1:             dim[0] = 2  dim[1] = 1  
1:   Real, *8, Dim 2, Data values:
1: ( 1, 1) =  0
1: ( 2, 1) =  0
1: dim 1: [0]: [1 [1 [1, 2] 2] 2]
1: dim 2: [1]: [1 [1 [1, 1] 1] 1]
1: --- ESMCI::Array::print end ---
2: --- ESMCI::Array::print end ---
0:   Real, *8, Dim 2, Data values:
0: ( 1, 1) =  2.34645e-310
0: ( 2, 1) =  6.01347e-154
0: ( 3, 1) =  6.01347e-154
0: ( 1, 2) =  6.10916e+223
0: ( 2, 2) =  6.01386e-154
0: ( 3, 2) =  6.01347e-154
0: dim 1: [0]: [1 [1 [1, 3] 3] 3]
0: dim 2: [1]: [1 [1 [1, 2] 2] 2]
0: ~ local data in LocalArray for DE 4 ~
0: LocalArrayPrint: Array at address 0x1ffc5b0:
0:             rank = 2, typekind = 6, base_addr = 0x2b31c528ffa0
0:             dim[0] = 3  dim[1] = 1  
0:   Real, *8, Dim 2, Data values:
0: ( 1, 1) =  0
0: ( 2, 1) =  0
0: ( 3, 1) =  0
0: dim 1: [0]: [1 [1 [1, 3] 3] 3]
0: dim 2: [1]: [1 [1 [1, 1] 1] 1]
0: --- ESMCI::Array::print end ---
3:   PASS  Example ESMF_ArrayBundleEx, ESMF_ArrayBundleEx.F90, line 267
2:   PASS  Example ESMF_ArrayBundleEx, ESMF_ArrayBundleEx.F90, line 267
1:   PASS  Example ESMF_ArrayBundleEx, ESMF_ArrayBundleEx.F90, line 267
0:   PASS  Example ESMF_ArrayBundleEx, ESMF_ArrayBundleEx.F90, line 267
1:  PASS: ESMF_ArrayBundleEx.F90
3:  PASS: ESMF_ArrayBundleEx.F90
0:  PASS: ESMF_ArrayBundleEx.F90
2:  PASS: ESMF_ArrayBundleEx.F90
