build time -- 2021-10-14 19:46:52
20211014 201233.992 INFO             PET0 !!!!!!!!!!!!!!!!!!!!!!!!!!!!!!!!!!!!!!!!!!!!!!!!!!!!!!
20211014 201233.992 INFO             PET0 !!! THE ESMF_LOG IS SET TO OUTPUT ALL LOG MESSAGES !!!
20211014 201233.992 INFO             PET0 !!!     THIS MAY CAUSE SLOWDOWN IN PERFORMANCE     !!!
20211014 201233.992 INFO             PET0 !!! FOR PRODUCTION RUNS, USE:                      !!!
20211014 201233.992 INFO             PET0 !!!                   ESMF_LOGKIND_Multi_On_Error  !!!
20211014 201233.992 INFO             PET0 !!!!!!!!!!!!!!!!!!!!!!!!!!!!!!!!!!!!!!!!!!!!!!!!!!!!!!
20211014 201233.992 INFO             PET0 Running with ESMF Version   : ESMF_8_2_0_beta_snapshot_22-10-g6974ca4
20211014 201233.992 INFO             PET0 ESMF library build date/time: "Oct 14 2021" "19:45:21"
20211014 201233.992 INFO             PET0 ESMF library build location : /mnt/lfs4/HFIP/hfv3gfs/Mark.Potts/gfortran_9.2.0_openmpi_O_release_8.2.0
20211014 201233.992 INFO             PET0 ESMF_COMM                   : openmpi
20211014 201233.993 INFO             PET0 ESMF_MOAB                   : enabled
20211014 201233.993 INFO             PET0 ESMF_LAPACK                 : enabled
20211014 201233.993 INFO             PET0 ESMF_NETCDF                 : enabled
20211014 201233.993 INFO             PET0 ESMF_PNETCDF                : disabled
20211014 201233.993 INFO             PET0 ESMF_PIO                    : enabled
20211014 201233.993 INFO             PET0 ESMF_YAMLCPP                : enabled
20211014 201233.993 INFO             PET0  NUMBER_OF_PROCESSORS           2
20211014 201233.993 INFO             PET0  PASS  Example ESMF_VMUserMpiCommEx, ESMF_VMUserMpiCommEx.F90, line 113
20211014 201233.993 INFO             PET0 Finalizing ESMF
20211014 201233.992 INFO             PET1 !!!!!!!!!!!!!!!!!!!!!!!!!!!!!!!!!!!!!!!!!!!!!!!!!!!!!!
20211014 201233.992 INFO             PET1 !!! THE ESMF_LOG IS SET TO OUTPUT ALL LOG MESSAGES !!!
20211014 201233.992 INFO             PET1 !!!     THIS MAY CAUSE SLOWDOWN IN PERFORMANCE     !!!
20211014 201233.992 INFO             PET1 !!! FOR PRODUCTION RUNS, USE:                      !!!
20211014 201233.992 INFO             PET1 !!!                   ESMF_LOGKIND_Multi_On_Error  !!!
20211014 201233.992 INFO             PET1 !!!!!!!!!!!!!!!!!!!!!!!!!!!!!!!!!!!!!!!!!!!!!!!!!!!!!!
20211014 201233.992 INFO             PET1 Running with ESMF Version   : ESMF_8_2_0_beta_snapshot_22-10-g6974ca4
20211014 201233.992 INFO             PET1 ESMF library build date/time: "Oct 14 2021" "19:45:21"
20211014 201233.992 INFO             PET1 ESMF library build location : /mnt/lfs4/HFIP/hfv3gfs/Mark.Potts/gfortran_9.2.0_openmpi_O_release_8.2.0
20211014 201233.992 INFO             PET1 ESMF_COMM                   : openmpi
20211014 201233.993 INFO             PET1 ESMF_MOAB                   : enabled
20211014 201233.993 INFO             PET1 ESMF_LAPACK                 : enabled
20211014 201233.993 INFO             PET1 ESMF_NETCDF                 : enabled
20211014 201233.993 INFO             PET1 ESMF_PNETCDF                : disabled
20211014 201233.993 INFO             PET1 ESMF_PIO                    : enabled
20211014 201233.993 INFO             PET1 ESMF_YAMLCPP                : enabled
20211014 201233.993 INFO             PET1  NUMBER_OF_PROCESSORS           2
20211014 201233.993 INFO             PET1  PASS  Example ESMF_VMUserMpiCommEx, ESMF_VMUserMpiCommEx.F90, line 113
20211014 201233.993 INFO             PET1 Finalizing ESMF
