build time -- 2021-10-23 01:30:44.150505
20211023 015156.771 INFO             PET0 !!!!!!!!!!!!!!!!!!!!!!!!!!!!!!!!!!!!!!!!!!!!!!!!!!!!!!
20211023 015156.771 INFO             PET0 !!! THE ESMF_LOG IS SET TO OUTPUT ALL LOG MESSAGES !!!
20211023 015156.771 INFO             PET0 !!!     THIS MAY CAUSE SLOWDOWN IN PERFORMANCE     !!!
20211023 015156.771 INFO             PET0 !!! FOR PRODUCTION RUNS, USE:                      !!!
20211023 015156.771 INFO             PET0 !!!                   ESMF_LOGKIND_Multi_On_Error  !!!
20211023 015156.771 INFO             PET0 !!!!!!!!!!!!!!!!!!!!!!!!!!!!!!!!!!!!!!!!!!!!!!!!!!!!!!
20211023 015156.771 INFO             PET0 Running with ESMF Version   : ESMF_8_2_0_beta_snapshot_23
20211023 015156.771 INFO             PET0 ESMF library build date/time: "Oct 23 2021" "01:29:41"
20211023 015156.771 INFO             PET0 ESMF library build location : /gpfsm/dnb04/projects/p98/mpotts/esmf/gfortran_10.1.0_intelmpi_O_release_8.2.0
20211023 015156.771 INFO             PET0 ESMF_COMM                   : intelmpi
20211023 015156.771 INFO             PET0 ESMF_MOAB                   : enabled
20211023 015156.771 INFO             PET0 ESMF_LAPACK                 : enabled
20211023 015156.771 INFO             PET0 ESMF_NETCDF                 : disabled
20211023 015156.771 INFO             PET0 ESMF_PNETCDF                : disabled
20211023 015156.771 INFO             PET0 ESMF_PIO                    : enabled
20211023 015156.771 INFO             PET0 ESMF_YAMLCPP                : enabled
20211023 015156.773 INFO             PET0 ESMF_FieldRedistStoreNF(): Just entered routine.
20211023 015156.774 INFO             PET0 ESMF_FieldRedistStoreNF(): Leaving routine.
20211023 015156.775 INFO             PET0 ESMF_FieldRedistStoreNF(): Just entered routine.
20211023 015156.776 INFO             PET0 ESMF_FieldRedistStoreNF(): Leaving routine.
20211023 015156.776 INFO             PET0 ESMF_FieldRedistStoreNF(): Just entered routine.
20211023 015156.777 INFO             PET0 ESMF_FieldRedistStoreNF(): Leaving routine.
20211023 015156.777 INFO             PET0  NUMBER_OF_PROCESSORS           4
20211023 015156.777 INFO             PET0  PASS  Example ESMF_FieldRedistEx, ESMF_FieldRedistEx.F90, line 521
20211023 015156.777 INFO             PET0 Finalizing ESMF
20211023 015156.771 INFO             PET1 !!!!!!!!!!!!!!!!!!!!!!!!!!!!!!!!!!!!!!!!!!!!!!!!!!!!!!
20211023 015156.771 INFO             PET1 !!! THE ESMF_LOG IS SET TO OUTPUT ALL LOG MESSAGES !!!
20211023 015156.771 INFO             PET1 !!!     THIS MAY CAUSE SLOWDOWN IN PERFORMANCE     !!!
20211023 015156.771 INFO             PET1 !!! FOR PRODUCTION RUNS, USE:                      !!!
20211023 015156.771 INFO             PET1 !!!                   ESMF_LOGKIND_Multi_On_Error  !!!
20211023 015156.771 INFO             PET1 !!!!!!!!!!!!!!!!!!!!!!!!!!!!!!!!!!!!!!!!!!!!!!!!!!!!!!
20211023 015156.771 INFO             PET1 Running with ESMF Version   : ESMF_8_2_0_beta_snapshot_23
20211023 015156.771 INFO             PET1 ESMF library build date/time: "Oct 23 2021" "01:29:41"
20211023 015156.771 INFO             PET1 ESMF library build location : /gpfsm/dnb04/projects/p98/mpotts/esmf/gfortran_10.1.0_intelmpi_O_release_8.2.0
20211023 015156.771 INFO             PET1 ESMF_COMM                   : intelmpi
20211023 015156.771 INFO             PET1 ESMF_MOAB                   : enabled
20211023 015156.771 INFO             PET1 ESMF_LAPACK                 : enabled
20211023 015156.771 INFO             PET1 ESMF_NETCDF                 : disabled
20211023 015156.771 INFO             PET1 ESMF_PNETCDF                : disabled
20211023 015156.771 INFO             PET1 ESMF_PIO                    : enabled
20211023 015156.771 INFO             PET1 ESMF_YAMLCPP                : enabled
20211023 015156.773 INFO             PET1 ESMF_FieldRedistStoreNF(): Just entered routine.
20211023 015156.774 INFO             PET1 ESMF_FieldRedistStoreNF(): Leaving routine.
20211023 015156.775 INFO             PET1 ESMF_FieldRedistStoreNF(): Just entered routine.
20211023 015156.776 INFO             PET1 ESMF_FieldRedistStoreNF(): Leaving routine.
20211023 015156.776 INFO             PET1 ESMF_FieldRedistStoreNF(): Just entered routine.
20211023 015156.777 INFO             PET1 ESMF_FieldRedistStoreNF(): Leaving routine.
20211023 015156.777 INFO             PET1  NUMBER_OF_PROCESSORS           4
20211023 015156.777 INFO             PET1  PASS  Example ESMF_FieldRedistEx, ESMF_FieldRedistEx.F90, line 521
20211023 015156.777 INFO             PET1 Finalizing ESMF
20211023 015156.772 INFO             PET2 !!!!!!!!!!!!!!!!!!!!!!!!!!!!!!!!!!!!!!!!!!!!!!!!!!!!!!
20211023 015156.772 INFO             PET2 !!! THE ESMF_LOG IS SET TO OUTPUT ALL LOG MESSAGES !!!
20211023 015156.772 INFO             PET2 !!!     THIS MAY CAUSE SLOWDOWN IN PERFORMANCE     !!!
20211023 015156.772 INFO             PET2 !!! FOR PRODUCTION RUNS, USE:                      !!!
20211023 015156.772 INFO             PET2 !!!                   ESMF_LOGKIND_Multi_On_Error  !!!
20211023 015156.772 INFO             PET2 !!!!!!!!!!!!!!!!!!!!!!!!!!!!!!!!!!!!!!!!!!!!!!!!!!!!!!
20211023 015156.772 INFO             PET2 Running with ESMF Version   : ESMF_8_2_0_beta_snapshot_23
20211023 015156.772 INFO             PET2 ESMF library build date/time: "Oct 23 2021" "01:29:41"
20211023 015156.772 INFO             PET2 ESMF library build location : /gpfsm/dnb04/projects/p98/mpotts/esmf/gfortran_10.1.0_intelmpi_O_release_8.2.0
20211023 015156.772 INFO             PET2 ESMF_COMM                   : intelmpi
20211023 015156.772 INFO             PET2 ESMF_MOAB                   : enabled
20211023 015156.772 INFO             PET2 ESMF_LAPACK                 : enabled
20211023 015156.772 INFO             PET2 ESMF_NETCDF                 : disabled
20211023 015156.772 INFO             PET2 ESMF_PNETCDF                : disabled
20211023 015156.772 INFO             PET2 ESMF_PIO                    : enabled
20211023 015156.772 INFO             PET2 ESMF_YAMLCPP                : enabled
20211023 015156.773 INFO             PET2 ESMF_FieldRedistStoreNF(): Just entered routine.
20211023 015156.774 INFO             PET2 ESMF_FieldRedistStoreNF(): Leaving routine.
20211023 015156.775 INFO             PET2 ESMF_FieldRedistStoreNF(): Just entered routine.
20211023 015156.776 INFO             PET2 ESMF_FieldRedistStoreNF(): Leaving routine.
20211023 015156.776 INFO             PET2 ESMF_FieldRedistStoreNF(): Just entered routine.
20211023 015156.777 INFO             PET2 ESMF_FieldRedistStoreNF(): Leaving routine.
20211023 015156.777 INFO             PET2  NUMBER_OF_PROCESSORS           4
20211023 015156.777 INFO             PET2  PASS  Example ESMF_FieldRedistEx, ESMF_FieldRedistEx.F90, line 521
20211023 015156.777 INFO             PET2 Finalizing ESMF
20211023 015156.771 INFO             PET3 !!!!!!!!!!!!!!!!!!!!!!!!!!!!!!!!!!!!!!!!!!!!!!!!!!!!!!
20211023 015156.772 INFO             PET3 !!! THE ESMF_LOG IS SET TO OUTPUT ALL LOG MESSAGES !!!
20211023 015156.772 INFO             PET3 !!!     THIS MAY CAUSE SLOWDOWN IN PERFORMANCE     !!!
20211023 015156.772 INFO             PET3 !!! FOR PRODUCTION RUNS, USE:                      !!!
20211023 015156.772 INFO             PET3 !!!                   ESMF_LOGKIND_Multi_On_Error  !!!
20211023 015156.772 INFO             PET3 !!!!!!!!!!!!!!!!!!!!!!!!!!!!!!!!!!!!!!!!!!!!!!!!!!!!!!
20211023 015156.772 INFO             PET3 Running with ESMF Version   : ESMF_8_2_0_beta_snapshot_23
20211023 015156.772 INFO             PET3 ESMF library build date/time: "Oct 23 2021" "01:29:41"
20211023 015156.772 INFO             PET3 ESMF library build location : /gpfsm/dnb04/projects/p98/mpotts/esmf/gfortran_10.1.0_intelmpi_O_release_8.2.0
20211023 015156.772 INFO             PET3 ESMF_COMM                   : intelmpi
20211023 015156.772 INFO             PET3 ESMF_MOAB                   : enabled
20211023 015156.772 INFO             PET3 ESMF_LAPACK                 : enabled
20211023 015156.772 INFO             PET3 ESMF_NETCDF                 : disabled
20211023 015156.772 INFO             PET3 ESMF_PNETCDF                : disabled
20211023 015156.772 INFO             PET3 ESMF_PIO                    : enabled
20211023 015156.772 INFO             PET3 ESMF_YAMLCPP                : enabled
20211023 015156.773 INFO             PET3 ESMF_FieldRedistStoreNF(): Just entered routine.
20211023 015156.774 INFO             PET3 ESMF_FieldRedistStoreNF(): Leaving routine.
20211023 015156.775 INFO             PET3 ESMF_FieldRedistStoreNF(): Just entered routine.
20211023 015156.776 INFO             PET3 ESMF_FieldRedistStoreNF(): Leaving routine.
20211023 015156.776 INFO             PET3 ESMF_FieldRedistStoreNF(): Just entered routine.
20211023 015156.777 INFO             PET3 ESMF_FieldRedistStoreNF(): Leaving routine.
20211023 015156.777 INFO             PET3  NUMBER_OF_PROCESSORS           4
20211023 015156.777 INFO             PET3  PASS  Example ESMF_FieldRedistEx, ESMF_FieldRedistEx.F90, line 521
20211023 015156.777 INFO             PET3 Finalizing ESMF
