build time -- 2021-10-14 11:45:01
[1634213735.943090] [h17c21:136072:0]         mxm.c:196  MXM  WARN  The 'ulimit -s' on the system is set to 'unlimited'. This may have negative performance implications. Please set the stack size to the default value (10240) 
[1634213735.943101] [h17c21:136074:0]         mxm.c:196  MXM  WARN  The 'ulimit -s' on the system is set to 'unlimited'. This may have negative performance implications. Please set the stack size to the default value (10240) 
[1634213735.943190] [h17c21:136071:0]         mxm.c:196  MXM  WARN  The 'ulimit -s' on the system is set to 'unlimited'. This may have negative performance implications. Please set the stack size to the default value (10240) 
[1634213735.943195] [h17c21:136073:0]         mxm.c:196  MXM  WARN  The 'ulimit -s' on the system is set to 'unlimited'. This may have negative performance implications. Please set the stack size to the default value (10240) 
[1634213735.948971] [h17c21:136071:0]         mxm.c:196  MXM  WARN  The 'ulimit -s' on the system is set to 'unlimited'. This may have negative performance implications. Please set the stack size to the default value (10240) 
[1634213735.948987] [h17c21:136072:0]         mxm.c:196  MXM  WARN  The 'ulimit -s' on the system is set to 'unlimited'. This may have negative performance implications. Please set the stack size to the default value (10240) 
[1634213735.948953] [h17c21:136073:0]         mxm.c:196  MXM  WARN  The 'ulimit -s' on the system is set to 'unlimited'. This may have negative performance implications. Please set the stack size to the default value (10240) 
[1634213735.949017] [h17c21:136074:0]         mxm.c:196  MXM  WARN  The 'ulimit -s' on the system is set to 'unlimited'. This may have negative performance implications. Please set the stack size to the default value (10240) 
Reading control file...
Reading control file...
Reading control file...
Reading control file...
Retrieving regrid_from_file data...
Running 1 of 11 regrid_from_file test cases...

Regrid ll2.5deg_grid.nc to T42_grid.nc as bilinear with -p none itrp_mean_err=0.001000, itrp_max_err=0.010000, and csrv_err=0.000000 - START

Running 1 of 11 regrid_from_file test cases...

Regrid ll2.5deg_grid.nc to T42_grid.nc as bilinear with -p none itrp_mean_err=0.001000, itrp_max_err=0.010000, and csrv_err=0.000000 - START

Running 1 of 11 regrid_from_file test cases...

Regrid ll2.5deg_grid.nc to T42_grid.nc as bilinear with -p none itrp_mean_err=0.001000, itrp_max_err=0.010000, and csrv_err=0.000000 - START

Running 1 of 11 regrid_from_file test cases...

Regrid ll2.5deg_grid.nc to T42_grid.nc as bilinear with -p none itrp_mean_err=0.001000, itrp_max_err=0.010000, and csrv_err=0.000000 - START


  Mean relative error = 0.00015952287480719863
  Max  relative error = 0.0011480005344516773
  Conservation  error = 0.0
PET2 - PASS
PET1 - PASS
PET3 - PASS
PET0 - PASS

***NOTE*** The log files must be deleted in this test case, they are printed below for future reference


***NOTE*** The log files must be deleted in this test case, they are printed below for future reference


***NOTE*** The log files must be deleted in this test case, they are printed below for future reference


***NOTE*** The log files must be deleted in this test case, they are printed below for future reference


PET: 2 - Regrid ll2.5deg_grid.nc to T42_grid.nc as bilinear with -p none itrp_mean_err=0.001000, itrp_max_err=0.010000, and csrv_err=0.000000 - FINISH

RESULT: PASS


Running 2 of 11 regrid_from_file test cases...

Regrid T42_grid.nc to ll2.5deg_grid.nc as patch with -p none -i itrp_mean_err=0.001000, itrp_max_err=0.010000, and csrv_err=0.000000 - START


PET: 0 - Regrid ll2.5deg_grid.nc to T42_grid.nc as bilinear with -p none itrp_mean_err=0.001000, itrp_max_err=0.010000, and csrv_err=0.000000 - FINISH


PET: 1 - Regrid ll2.5deg_grid.nc to T42_grid.nc as bilinear with -p none itrp_mean_err=0.001000, itrp_max_err=0.010000, and csrv_err=0.000000 - FINISH

RESULT: PASS


RESULT: PASS


Running 2 of 11 regrid_from_file test cases...
Running 2 of 11 regrid_from_file test cases...

Regrid T42_grid.nc to ll2.5deg_grid.nc as patch with -p none -i itrp_mean_err=0.001000, itrp_max_err=0.010000, and csrv_err=0.000000 - START


Regrid T42_grid.nc to ll2.5deg_grid.nc as patch with -p none -i itrp_mean_err=0.001000, itrp_max_err=0.010000, and csrv_err=0.000000 - START


PET: 3 - Regrid ll2.5deg_grid.nc to T42_grid.nc as bilinear with -p none itrp_mean_err=0.001000, itrp_max_err=0.010000, and csrv_err=0.000000 - FINISH

RESULT: PASS


Running 2 of 11 regrid_from_file test cases...

Regrid T42_grid.nc to ll2.5deg_grid.nc as patch with -p none -i itrp_mean_err=0.001000, itrp_max_err=0.010000, and csrv_err=0.000000 - START


  Mean relative error = 0.00019715117855470667
  Max  relative error = 0.0011961145207698904
  Conservation  error = 0.0
PET0 - PASS
PET1 - PASS
PET2 - PASS
PET3 - PASS

***NOTE*** The log files must be deleted in this test case, they are printed below for future reference


***NOTE*** The log files must be deleted in this test case, they are printed below for future reference


***NOTE*** The log files must be deleted in this test case, they are printed below for future reference


***NOTE*** The log files must be deleted in this test case, they are printed below for future reference


PET: 3 - Regrid T42_grid.nc to ll2.5deg_grid.nc as patch with -p none -i itrp_mean_err=0.001000, itrp_max_err=0.010000, and csrv_err=0.000000 - FINISH

RESULT: PASS


Running 3 of 11 regrid_from_file test cases...

Regrid ll1deg_grid.nc to ll2.5deg_grid.nc as conserve with --dst_type SCRIP itrp_mean_err=0.001000, itrp_max_err=0.001000, and csrv_err=0.000000 - START


PET: 1 - Regrid T42_grid.nc to ll2.5deg_grid.nc as patch with -p none -i itrp_mean_err=0.001000, itrp_max_err=0.010000, and csrv_err=0.000000 - FINISH

RESULT: PASS


Running 3 of 11 regrid_from_file test cases...

Regrid ll1deg_grid.nc to ll2.5deg_grid.nc as conserve with --dst_type SCRIP itrp_mean_err=0.001000, itrp_max_err=0.001000, and csrv_err=0.000000 - START


PET: 2 - Regrid T42_grid.nc to ll2.5deg_grid.nc as patch with -p none -i itrp_mean_err=0.001000, itrp_max_err=0.010000, and csrv_err=0.000000 - FINISH

RESULT: PASS



PET: 0 - Regrid T42_grid.nc to ll2.5deg_grid.nc as patch with -p none -i itrp_mean_err=0.001000, itrp_max_err=0.010000, and csrv_err=0.000000 - FINISH

RESULT: PASS


Running 3 of 11 regrid_from_file test cases...
Running 3 of 11 regrid_from_file test cases...

Regrid ll1deg_grid.nc to ll2.5deg_grid.nc as conserve with --dst_type SCRIP itrp_mean_err=0.001000, itrp_max_err=0.001000, and csrv_err=0.000000 - START


Regrid ll1deg_grid.nc to ll2.5deg_grid.nc as conserve with --dst_type SCRIP itrp_mean_err=0.001000, itrp_max_err=0.001000, and csrv_err=0.000000 - START


  Mean relative error = 0.00021786738251645512
  Max  relative error = 0.0009162887917584147
  Conservation  error = 0.0
PET0 - PASS
PET1 - PASS
PET2 - PASS
PET3 - PASS

***NOTE*** The log files must be deleted in this test case, they are printed below for future reference


***NOTE*** The log files must be deleted in this test case, they are printed below for future reference


***NOTE*** The log files must be deleted in this test case, they are printed below for future reference


***NOTE*** The log files must be deleted in this test case, they are printed below for future reference


PET: 3 - Regrid ll1deg_grid.nc to ll2.5deg_grid.nc as conserve with --dst_type SCRIP itrp_mean_err=0.001000, itrp_max_err=0.001000, and csrv_err=0.000000 - FINISH

RESULT: PASS


Running 4 of 11 regrid_from_file test cases...

Regrid T42_grid.nc to T42_grid.nc as neareststod with -i itrp_mean_err=0.000000, itrp_max_err=0.000000, and csrv_err=0.000000 - START


PET: 2 - Regrid ll1deg_grid.nc to ll2.5deg_grid.nc as conserve with --dst_type SCRIP itrp_mean_err=0.001000, itrp_max_err=0.001000, and csrv_err=0.000000 - FINISH

RESULT: PASS



PET: 1 - Regrid ll1deg_grid.nc to ll2.5deg_grid.nc as conserve with --dst_type SCRIP itrp_mean_err=0.001000, itrp_max_err=0.001000, and csrv_err=0.000000 - FINISH

RESULT: PASS


Running 4 of 11 regrid_from_file test cases...

Regrid T42_grid.nc to T42_grid.nc as neareststod with -i itrp_mean_err=0.000000, itrp_max_err=0.000000, and csrv_err=0.000000 - START


PET: 0 - Regrid ll1deg_grid.nc to ll2.5deg_grid.nc as conserve with --dst_type SCRIP itrp_mean_err=0.001000, itrp_max_err=0.001000, and csrv_err=0.000000 - FINISH

RESULT: PASS


Running 4 of 11 regrid_from_file test cases...

Regrid T42_grid.nc to T42_grid.nc as neareststod with -i itrp_mean_err=0.000000, itrp_max_err=0.000000, and csrv_err=0.000000 - START

Running 4 of 11 regrid_from_file test cases...

Regrid T42_grid.nc to T42_grid.nc as neareststod with -i itrp_mean_err=0.000000, itrp_max_err=0.000000, and csrv_err=0.000000 - START


  Mean relative error = 0.0
  Max  relative error = 0.0
  Conservation  error = 0.0
PET3 - PASS
PET2 - PASS
PET1 - PASS
PET0 - PASS

***NOTE*** The log files must be deleted in this test case, they are printed below for future reference


***NOTE*** The log files must be deleted in this test case, they are printed below for future reference


***NOTE*** The log files must be deleted in this test case, they are printed below for future reference


***NOTE*** The log files must be deleted in this test case, they are printed below for future reference


PET: 3 - Regrid T42_grid.nc to T42_grid.nc as neareststod with -i itrp_mean_err=0.000000, itrp_max_err=0.000000, and csrv_err=0.000000 - FINISH

RESULT: PASS


Running 5 of 11 regrid_from_file test cases...

Regrid T42_grid.nc to T42_grid.nc as nearestdtos with -i itrp_mean_err=0.000000, itrp_max_err=0.000000, and csrv_err=0.000000 - START


PET: 1 - Regrid T42_grid.nc to T42_grid.nc as neareststod with -i itrp_mean_err=0.000000, itrp_max_err=0.000000, and csrv_err=0.000000 - FINISH

RESULT: PASS


Running 5 of 11 regrid_from_file test cases...

Regrid T42_grid.nc to T42_grid.nc as nearestdtos with -i itrp_mean_err=0.000000, itrp_max_err=0.000000, and csrv_err=0.000000 - START


PET: 2 - Regrid T42_grid.nc to T42_grid.nc as neareststod with -i itrp_mean_err=0.000000, itrp_max_err=0.000000, and csrv_err=0.000000 - FINISH

RESULT: PASS


PET: 0 - Regrid T42_grid.nc to T42_grid.nc as neareststod with -i itrp_mean_err=0.000000, itrp_max_err=0.000000, and csrv_err=0.000000 - FINISH


RESULT: PASS


Running 5 of 11 regrid_from_file test cases...
Running 5 of 11 regrid_from_file test cases...

Regrid T42_grid.nc to T42_grid.nc as nearestdtos with -i itrp_mean_err=0.000000, itrp_max_err=0.000000, and csrv_err=0.000000 - START


Regrid T42_grid.nc to T42_grid.nc as nearestdtos with -i itrp_mean_err=0.000000, itrp_max_err=0.000000, and csrv_err=0.000000 - START


  Mean relative error = 0.0
  Max  relative error = 0.0
  Conservation  error = 0.0
PET1 - PASS
PET3 - PASS
PET2 - PASS
PET0 - PASS

***NOTE*** The log files must be deleted in this test case, they are printed below for future reference


***NOTE*** The log files must be deleted in this test case, they are printed below for future reference


***NOTE*** The log files must be deleted in this test case, they are printed below for future reference


***NOTE*** The log files must be deleted in this test case, they are printed below for future reference


PET: 0 - Regrid T42_grid.nc to T42_grid.nc as nearestdtos with -i itrp_mean_err=0.000000, itrp_max_err=0.000000, and csrv_err=0.000000 - FINISH

RESULT: PASS


Running 6 of 11 regrid_from_file test cases...

Regrid wr50a_090614.nc to wr50a_090614.nc as neareststod with --src_regional --dst_regional itrp_mean_err=0.000000, itrp_max_err=0.000000, and csrv_err=0.000000 - START


PET: 1 - Regrid T42_grid.nc to T42_grid.nc as nearestdtos with -i itrp_mean_err=0.000000, itrp_max_err=0.000000, and csrv_err=0.000000 - FINISH

RESULT: PASS



PET: 3 - Regrid T42_grid.nc to T42_grid.nc as nearestdtos with -i itrp_mean_err=0.000000, itrp_max_err=0.000000, and csrv_err=0.000000 - FINISH

RESULT: PASS


Running 6 of 11 regrid_from_file test cases...

PET: 2 - Regrid T42_grid.nc to T42_grid.nc as nearestdtos with -i itrp_mean_err=0.000000, itrp_max_err=0.000000, and csrv_err=0.000000 - FINISH

RESULT: PASS


Running 6 of 11 regrid_from_file test cases...

Regrid wr50a_090614.nc to wr50a_090614.nc as neareststod with --src_regional --dst_regional itrp_mean_err=0.000000, itrp_max_err=0.000000, and csrv_err=0.000000 - START


Regrid wr50a_090614.nc to wr50a_090614.nc as neareststod with --src_regional --dst_regional itrp_mean_err=0.000000, itrp_max_err=0.000000, and csrv_err=0.000000 - START

Running 6 of 11 regrid_from_file test cases...

Regrid wr50a_090614.nc to wr50a_090614.nc as neareststod with --src_regional --dst_regional itrp_mean_err=0.000000, itrp_max_err=0.000000, and csrv_err=0.000000 - START

Regridding ERROR:

Traceback (most recent call last):
  File "src/ESMF/test/regrid_from_file/regrid_check_driver.py", line 63, in <module>
    options, itrp_mean_err, itrp_max_err, csrv_err)
  File "/scratch1/NCEPDEV/stmp2/Mark.Potts/gfortran_9.2.0_openmpi_O_release_8.2.0/src/addon/ESMPy/src/ESMF/test/regrid_from_file/regrid_check.py", line 258, in regrid_check
    regrid_pole_npoints=pole_method_npntavg)
  File "/scratch1/NCEPDEV/stmp2/Mark.Potts/gfortran_9.2.0_openmpi_O_release_8.2.0/src/addon/ESMPy/src/ESMF/test/regrid_from_file/regrid_check.py", line 132, in run_regridding
    regrid_pole_npoints=regrid_pole_npoints)
  File "/scratch1/NCEPDEV/stmp2/Mark.Potts/gfortran_9.2.0_openmpi_O_release_8.2.0/src/addon/ESMPy/src/ESMF/util/decorators.py", line 81, in new_func
    return func(*args, **kwargs)
  File "/scratch1/NCEPDEV/stmp2/Mark.Potts/gfortran_9.2.0_openmpi_O_release_8.2.0/src/addon/ESMPy/src/ESMF/api/regrid.py", line 204, in __init__
    dstFracField=dst_frac_field
  File "/scratch1/NCEPDEV/stmp2/Mark.Potts/gfortran_9.2.0_openmpi_O_release_8.2.0/src/addon/ESMPy/src/ESMF/interface/cbindings.py", line 2111, in ESMP_FieldRegridStore
    handle_esmf_error(rc, 'ESMC_FieldRegridStore')
  File "/scratch1/NCEPDEV/stmp2/Mark.Potts/gfortran_9.2.0_openmpi_O_release_8.2.0/src/addon/ESMPy/src/ESMF/interface/cbindings.py", line 26, in handle_esmf_error
    raise ValueError(msg)
ValueError: ESMC_FieldRegridStore failed with rc = 545. Please check the log files (named "*ESMF_LogFile").

***NOTE*** The log files must be deleted in this test case, they are printed below for future reference


PET: 2 - Regrid wr50a_090614.nc to wr50a_090614.nc as neareststod with --src_regional --dst_regional itrp_mean_err=0.000000, itrp_max_err=0.000000, and csrv_err=0.000000 - FINISH

RESULT: FAIL


Running 7 of 11 regrid_from_file test cases...

Regrid mpas_uniform_10242.nc to mpas_uniform_10242.nc as neareststod with --src_type ESMF --dst_type ESMF itrp_mean_err=0.000000, itrp_max_err=0.000000, and csrv_err=0.000000 - START

