build time -- 2022-02-25 06:08:58
20220225 064109.967 INFO             PET0 !!!!!!!!!!!!!!!!!!!!!!!!!!!!!!!!!!!!!!!!!!!!!!!!!!!!!!
20220225 064109.968 INFO             PET0 !!! THE ESMF_LOG IS SET TO OUTPUT ALL LOG MESSAGES !!!
20220225 064109.968 INFO             PET0 !!!     THIS MAY CAUSE SLOWDOWN IN PERFORMANCE     !!!
20220225 064109.968 INFO             PET0 !!! FOR PRODUCTION RUNS, USE:                      !!!
20220225 064109.968 INFO             PET0 !!!                   ESMF_LOGKIND_Multi_On_Error  !!!
20220225 064109.968 INFO             PET0 !!!!!!!!!!!!!!!!!!!!!!!!!!!!!!!!!!!!!!!!!!!!!!!!!!!!!!
20220225 064109.968 INFO             PET0 Running with ESMF Version   : v8.3.0b08-1-gd4bb16874d
20220225 064109.968 INFO             PET0 ESMF library build date/time: "Feb 25 2022" "06:07:13"
20220225 064109.968 INFO             PET0 ESMF library build location : /scratch1/NCEPDEV/stmp2/role.esmfmaint/intel_18.0.4_mpiuni_g_develop
20220225 064109.968 INFO             PET0 ESMF_COMM                   : mpiuni
20220225 064109.969 INFO             PET0 ESMF_MOAB                   : enabled
20220225 064109.969 INFO             PET0 ESMF_LAPACK                 : enabled
20220225 064109.969 INFO             PET0 ESMF_NETCDF                 : enabled
20220225 064109.969 INFO             PET0 ESMF_PNETCDF                : disabled
20220225 064109.969 INFO             PET0 ESMF_PIO                    : disabled
20220225 064109.969 INFO             PET0 ESMF_YAMLCPP                : enabled
20220225 064110.077 DEBUG            PET0 about to destroy Grid: 0x15464c0
20220225 064110.112 DEBUG            PET0 about to destroy Grid: 0x1548af0
20220225 064110.160 INFO             PET0  NUMBER_OF_PROCESSORS           1
20220225 064110.160 INFO             PET0  PASS  Example ESMF_NUOPCAtmModelEx, ESMF_NUOPCAtmModelEx.F90, line 806
20220225 064110.160 INFO             PET0 Finalizing ESMF
