build time -- 2021-11-29 06:23:57
  PASS  Example ESMF_RHandleFromFileEx, ESMF_RHandleFromFileEx.F90, line 192
  PASS  Example ESMF_RHandleFromFileEx, ESMF_RHandleFromFileEx.F90, line 192
  PASS  Example ESMF_RHandleFromFileEx, ESMF_RHandleFromFileEx.F90, line 192
  PASS  Example ESMF_RHandleFromFileEx, ESMF_RHandleFromFileEx.F90, line 192
 PASS: ESMF_RHandleFromFileEx.F90
 PASS: ESMF_RHandleFromFileEx.F90
 PASS: ESMF_RHandleFromFileEx.F90
 PASS: ESMF_RHandleFromFileEx.F90
TOTCPU=20:00:32 ELAP=00:37:31 REQMEM=5875Mc REQCPUS=24 ALLOCCPUS=32 TIMELIMIT=02:30:00 PART=s4 ACCT=star
MAXRSS=33460K MAXVMSIZE=196896K
________________________________________________________________
Job Resource Usage Summary for 11649210

  CPU Time Used : 20:00:32
  Memory Used : 33460K
  Virtual Memory Used : 196896K
  Walltime Used : 00:37:31

  Memory Requested : 5875Mc (n=per node; c=per core)
  CPUs Requested / Allocated : 24 / 32
  Walltime Requested : 02:30:00

  Execution Queue : s4
  Head Node : 
  Charged to : star

  Job Stopped : Mon Nov 29 07:01:28 UTC 2021
_____________________________________________________________________

