build time -- 2021-11-11 06:28:14
20211111 071628.009 INFO             PET0 !!!!!!!!!!!!!!!!!!!!!!!!!!!!!!!!!!!!!!!!!!!!!!!!!!!!!!
20211111 071628.010 INFO             PET0 !!! THE ESMF_LOG IS SET TO OUTPUT ALL LOG MESSAGES !!!
20211111 071628.010 INFO             PET0 !!!     THIS MAY CAUSE SLOWDOWN IN PERFORMANCE     !!!
20211111 071628.010 INFO             PET0 !!! FOR PRODUCTION RUNS, USE:                      !!!
20211111 071628.010 INFO             PET0 !!!                   ESMF_LOGKIND_Multi_On_Error  !!!
20211111 071628.010 INFO             PET0 !!!!!!!!!!!!!!!!!!!!!!!!!!!!!!!!!!!!!!!!!!!!!!!!!!!!!!
20211111 071628.010 INFO             PET0 Running with ESMF Version   : ESMF_8_3_0_beta_snapshot_02-3-gbcb5d21
20211111 071628.010 INFO             PET0 ESMF library build date/time: "Nov 11 2021" "06:25:51"
20211111 071628.010 INFO             PET0 ESMF library build location : /scratch/users/mpotts/intel_2019.0.5_intelmpi_O_develop
20211111 071628.010 INFO             PET0 ESMF_COMM                   : intelmpi
20211111 071628.011 INFO             PET0 ESMF_MOAB                   : enabled
20211111 071628.011 INFO             PET0 ESMF_LAPACK                 : enabled
20211111 071628.011 INFO             PET0 ESMF_NETCDF                 : enabled
20211111 071628.011 INFO             PET0 ESMF_PNETCDF                : disabled
20211111 071628.011 INFO             PET0 ESMF_PIO                    : enabled
20211111 071628.011 INFO             PET0 ESMF_YAMLCPP                : enabled
20211111 071628.014 INFO             PET0  NUMBER_OF_PROCESSORS           4
20211111 071628.014 INFO             PET0  PASS  Example ESMF_VMUserMpiCommMultiEx, ESMF_VMUserMpiCommMultiEx.F90, line 126
20211111 071628.014 INFO             PET0 Finalizing ESMF
20211111 071628.010 INFO             PET0 !!!!!!!!!!!!!!!!!!!!!!!!!!!!!!!!!!!!!!!!!!!!!!!!!!!!!!
20211111 071628.010 INFO             PET0 !!! THE ESMF_LOG IS SET TO OUTPUT ALL LOG MESSAGES !!!
20211111 071628.010 INFO             PET0 !!!     THIS MAY CAUSE SLOWDOWN IN PERFORMANCE     !!!
20211111 071628.010 INFO             PET0 !!! FOR PRODUCTION RUNS, USE:                      !!!
20211111 071628.010 INFO             PET0 !!!                   ESMF_LOGKIND_Multi_On_Error  !!!
20211111 071628.010 INFO             PET0 !!!!!!!!!!!!!!!!!!!!!!!!!!!!!!!!!!!!!!!!!!!!!!!!!!!!!!
20211111 071628.010 INFO             PET0 Running with ESMF Version   : ESMF_8_3_0_beta_snapshot_02-3-gbcb5d21
20211111 071628.011 INFO             PET0 ESMF library build date/time: "Nov 11 2021" "06:25:51"
20211111 071628.011 INFO             PET0 ESMF library build location : /scratch/users/mpotts/intel_2019.0.5_intelmpi_O_develop
20211111 071628.011 INFO             PET0 ESMF_COMM                   : intelmpi
20211111 071628.012 INFO             PET0 ESMF_MOAB                   : enabled
20211111 071628.012 INFO             PET0 ESMF_LAPACK                 : enabled
20211111 071628.012 INFO             PET0 ESMF_NETCDF                 : enabled
20211111 071628.012 INFO             PET0 ESMF_PNETCDF                : disabled
20211111 071628.012 INFO             PET0 ESMF_PIO                    : enabled
20211111 071628.012 INFO             PET0 ESMF_YAMLCPP                : enabled
20211111 071628.013 INFO             PET0  NUMBER_OF_PROCESSORS           4
20211111 071628.013 INFO             PET0  PASS  Example ESMF_VMUserMpiCommMultiEx, ESMF_VMUserMpiCommMultiEx.F90, line 154
20211111 071628.013 INFO             PET0 Finalizing ESMF
20211111 071628.012 INFO             PET1 !!!!!!!!!!!!!!!!!!!!!!!!!!!!!!!!!!!!!!!!!!!!!!!!!!!!!!
20211111 071628.012 INFO             PET1 !!! THE ESMF_LOG IS SET TO OUTPUT ALL LOG MESSAGES !!!
20211111 071628.012 INFO             PET1 !!!     THIS MAY CAUSE SLOWDOWN IN PERFORMANCE     !!!
20211111 071628.012 INFO             PET1 !!! FOR PRODUCTION RUNS, USE:                      !!!
20211111 071628.012 INFO             PET1 !!!                   ESMF_LOGKIND_Multi_On_Error  !!!
20211111 071628.012 INFO             PET1 !!!!!!!!!!!!!!!!!!!!!!!!!!!!!!!!!!!!!!!!!!!!!!!!!!!!!!
20211111 071628.012 INFO             PET1 Running with ESMF Version   : ESMF_8_3_0_beta_snapshot_02-3-gbcb5d21
20211111 071628.012 INFO             PET1 ESMF library build date/time: "Nov 11 2021" "06:25:51"
20211111 071628.012 INFO             PET1 ESMF library build location : /scratch/users/mpotts/intel_2019.0.5_intelmpi_O_develop
20211111 071628.012 INFO             PET1 ESMF_COMM                   : intelmpi
20211111 071628.013 INFO             PET1 ESMF_MOAB                   : enabled
20211111 071628.013 INFO             PET1 ESMF_LAPACK                 : enabled
20211111 071628.013 INFO             PET1 ESMF_NETCDF                 : enabled
20211111 071628.013 INFO             PET1 ESMF_PNETCDF                : disabled
20211111 071628.013 INFO             PET1 ESMF_PIO                    : enabled
20211111 071628.013 INFO             PET1 ESMF_YAMLCPP                : enabled
20211111 071628.014 INFO             PET1  NUMBER_OF_PROCESSORS           4
20211111 071628.014 INFO             PET1  PASS  Example ESMF_VMUserMpiCommMultiEx, ESMF_VMUserMpiCommMultiEx.F90, line 126
20211111 071628.014 INFO             PET1 Finalizing ESMF
20211111 071628.011 INFO             PET1 !!!!!!!!!!!!!!!!!!!!!!!!!!!!!!!!!!!!!!!!!!!!!!!!!!!!!!
20211111 071628.011 INFO             PET1 !!! THE ESMF_LOG IS SET TO OUTPUT ALL LOG MESSAGES !!!
20211111 071628.011 INFO             PET1 !!!     THIS MAY CAUSE SLOWDOWN IN PERFORMANCE     !!!
20211111 071628.011 INFO             PET1 !!! FOR PRODUCTION RUNS, USE:                      !!!
20211111 071628.011 INFO             PET1 !!!                   ESMF_LOGKIND_Multi_On_Error  !!!
20211111 071628.011 INFO             PET1 !!!!!!!!!!!!!!!!!!!!!!!!!!!!!!!!!!!!!!!!!!!!!!!!!!!!!!
20211111 071628.011 INFO             PET1 Running with ESMF Version   : ESMF_8_3_0_beta_snapshot_02-3-gbcb5d21
20211111 071628.011 INFO             PET1 ESMF library build date/time: "Nov 11 2021" "06:25:51"
20211111 071628.011 INFO             PET1 ESMF library build location : /scratch/users/mpotts/intel_2019.0.5_intelmpi_O_develop
20211111 071628.011 INFO             PET1 ESMF_COMM                   : intelmpi
20211111 071628.013 INFO             PET1 ESMF_MOAB                   : enabled
20211111 071628.013 INFO             PET1 ESMF_LAPACK                 : enabled
20211111 071628.013 INFO             PET1 ESMF_NETCDF                 : enabled
20211111 071628.013 INFO             PET1 ESMF_PNETCDF                : disabled
20211111 071628.013 INFO             PET1 ESMF_PIO                    : enabled
20211111 071628.013 INFO             PET1 ESMF_YAMLCPP                : enabled
20211111 071628.013 INFO             PET1  NUMBER_OF_PROCESSORS           4
20211111 071628.013 INFO             PET1  PASS  Example ESMF_VMUserMpiCommMultiEx, ESMF_VMUserMpiCommMultiEx.F90, line 154
20211111 071628.013 INFO             PET1 Finalizing ESMF
