build time -- 2021-11-19 06:27:15
 PASS: ESMF_FieldCommEx.F90
  PASS  Example ESMF_FieldCommEx, ESMF_FieldCommEx.F90, line 258
 PASS: ESMF_FieldCommEx.F90
  PASS  Example ESMF_FieldCommEx, ESMF_FieldCommEx.F90, line 258
 PASS: ESMF_FieldCommEx.F90
  PASS  Example ESMF_FieldCommEx, ESMF_FieldCommEx.F90, line 258
 PASS: ESMF_FieldCommEx.F90
  PASS  Example ESMF_FieldCommEx, ESMF_FieldCommEx.F90, line 258
TOTCPU=20:18:40 ELAP=00:38:05 REQMEM=5875Mc REQCPUS=24 ALLOCCPUS=32 TIMELIMIT=02:30:00 PART=s4 ACCT=star
MAXRSS=0 MAXVMSIZE=196896K
________________________________________________________________
Job Resource Usage Summary for 11617998

  CPU Time Used : 20:18:40
  Memory Used : 0
  Virtual Memory Used : 196896K
  Walltime Used : 00:38:05

  Memory Requested : 5875Mc (n=per node; c=per core)
  CPUs Requested / Allocated : 24 / 32
  Walltime Requested : 02:30:00

  Execution Queue : s4
  Head Node : 
  Charged to : star

  Job Stopped : Fri Nov 19 07:05:20 UTC 2021
_____________________________________________________________________

