build time -- 2021-11-19 06:27:15
  PASS  Example ESMF_LocStreamEx, ESMF_LocStreamEx.F90, line 784
  PASS  Example ESMF_LocStreamEx, ESMF_LocStreamEx.F90, line 784
  PASS  Example ESMF_LocStreamEx, ESMF_LocStreamEx.F90, line 784
  PASS  Example ESMF_LocStreamEx, ESMF_LocStreamEx.F90, line 784
 PASS: ESMF_LocStreamEx.F90
 PASS: ESMF_LocStreamEx.F90
 PASS: ESMF_LocStreamEx.F90
 PASS: ESMF_LocStreamEx.F90
TOTCPU=19:59:28 ELAP=00:37:29 REQMEM=5875Mc REQCPUS=24 ALLOCCPUS=32 TIMELIMIT=02:30:00 PART=s4 ACCT=star
MAXRSS=0 MAXVMSIZE=196896K
________________________________________________________________
Job Resource Usage Summary for 11617998

  CPU Time Used : 19:59:28
  Memory Used : 0
  Virtual Memory Used : 196896K
  Walltime Used : 00:37:29

  Memory Requested : 5875Mc (n=per node; c=per core)
  CPUs Requested / Allocated : 24 / 32
  Walltime Requested : 02:30:00

  Execution Queue : s4
  Head Node : 
  Charged to : star

  Job Stopped : Fri Nov 19 07:04:44 UTC 2021
_____________________________________________________________________

