build time -- 2021-11-26 06:22:21
  PASS  Example ESMF_FieldMeshRegridEx, ESMF_FieldMeshRegridEx.F90, line 807
  PASS  Example ESMF_FieldMeshRegridEx, ESMF_FieldMeshRegridEx.F90, line 807
  PASS  Example ESMF_FieldMeshRegridEx, ESMF_FieldMeshRegridEx.F90, line 807
  PASS  Example ESMF_FieldMeshRegridEx, ESMF_FieldMeshRegridEx.F90, line 807
 PASS: ESMF_FieldMeshRegridEx.F90
 PASS: ESMF_FieldMeshRegridEx.F90
 PASS: ESMF_FieldMeshRegridEx.F90
 PASS: ESMF_FieldMeshRegridEx.F90
TOTCPU=19:50:56 ELAP=00:37:13 REQMEM=5875Mc REQCPUS=24 ALLOCCPUS=32 TIMELIMIT=02:30:00 PART=s4 ACCT=star
MAXRSS=0 MAXVMSIZE=196896K
________________________________________________________________
Job Resource Usage Summary for 11641012

  CPU Time Used : 19:50:56
  Memory Used : 0
  Virtual Memory Used : 196896K
  Walltime Used : 00:37:13

  Memory Requested : 5875Mc (n=per node; c=per core)
  CPUs Requested / Allocated : 24 / 32
  Walltime Requested : 02:30:00

  Execution Queue : s4
  Head Node : 
  Charged to : star

  Job Stopped : Fri Nov 26 06:59:35 UTC 2021
_____________________________________________________________________

