build time -- 2021-12-09 06:23:55
 sumA =   0.7000000    
 sumB =   0.7000000    
 sumC =   0.9000000    
 sumD =   0.9000000    
 sumE =   0.9000000    
 result SRCSEQ#1 =   0.7000000      expect:   0.7000000    
 result SRCSEQ#2 =   0.7000000      expect:   0.7000000    
 result SRCPET#1 =   0.7000000      expect:   0.7000000    
 result SRCPET#2 =   0.7000000      expect:   0.7000000    
 result SRCPET#3 =   0.7000000      expect:   0.7000000    
 result SRCPET#4 =   0.7000000      expect:   0.7000000    
 result SRCPET#5 =   0.7000000      expect:   0.7000000    
 result SRCPET#6 =   0.7000000      expect:   0.7000000    
 result SRCPET#7 =   0.7000000      expect:   0.7000000    
 result SRCPET#8 =   0.9000000      expect:   0.9000000    
 result SRCPET#9 =   0.9000000      expect:   0.9000000    
 result SRCPET#10 =   0.9000000      expect:   0.9000000    
 SMM parameters determined via auto-tuning -> dump to file
 result SRCPET#11 =   0.9000000    
 SMM parameters successfully read from file
  srcTermProcessing=           6  pipelineDepth=           4  ==>> sumCompare=
  0.9000000    
 result SRCPET#11 =   0.9000000      expect:   0.9000000    
 SMM parameters successfully read from file
  srcTermProcessing=           6  pipelineDepth=           4  ==>> sumCompare=
  0.9000000    
 result SRCPET#11 =   0.9000000      expect:   0.9000000    
 SMM parameters successfully read from file
  srcTermProcessing=           6  pipelineDepth=           4  ==>> sumCompare=
  0.9000000    
 result SRCPET#11 =   0.9000000      expect:   0.9000000    
 SMM parameters successfully read from file
  srcTermProcessing=           6  pipelineDepth=           4  ==>> sumCompare=
  0.9000000    
 result SRCPET#11 =   0.9000000      expect:   0.9000000    
 result SRCSEQ#3 =   0.9000000      expect:   0.9000000    
  PASS  Example ESMF_RHandleBitForBitEx, ESMF_RHandleBitForBitEx.F90, line 1557
  PASS  Example ESMF_RHandleBitForBitEx, ESMF_RHandleBitForBitEx.F90, line 1557
  PASS  Example ESMF_RHandleBitForBitEx, ESMF_RHandleBitForBitEx.F90, line 1557
  PASS  Example ESMF_RHandleBitForBitEx, ESMF_RHandleBitForBitEx.F90, line 1557
 PASS: ESMF_RHandleBitForBitEx.F90
 PASS: ESMF_RHandleBitForBitEx.F90
 PASS: ESMF_RHandleBitForBitEx.F90
 PASS: ESMF_RHandleBitForBitEx.F90
TOTCPU=19:44:00 ELAP=00:37:00 REQMEM=5875Mc REQCPUS=24 ALLOCCPUS=32 TIMELIMIT=02:30:00 PART=s4 ACCT=star
MAXRSS=45136K MAXVMSIZE=2144204K
________________________________________________________________
Job Resource Usage Summary for 11669597

  CPU Time Used : 19:44:00
  Memory Used : 45136K
  Virtual Memory Used : 2144204K
  Walltime Used : 00:37:00

  Memory Requested : 5875Mc (n=per node; c=per core)
  CPUs Requested / Allocated : 24 / 32
  Walltime Requested : 02:30:00

  Execution Queue : s4
  Head Node : 
  Charged to : star

  Job Stopped : Thu Dec  9 07:00:55 UTC 2021
_____________________________________________________________________

