build time -- 2022-01-23 06:27:37
20220123 070517.411 INFO             PET0 !!!!!!!!!!!!!!!!!!!!!!!!!!!!!!!!!!!!!!!!!!!!!!!!!!!!!!
20220123 070517.412 INFO             PET0 !!! THE ESMF_LOG IS SET TO OUTPUT ALL LOG MESSAGES !!!
20220123 070517.412 INFO             PET0 !!!     THIS MAY CAUSE SLOWDOWN IN PERFORMANCE     !!!
20220123 070517.412 INFO             PET0 !!! FOR PRODUCTION RUNS, USE:                      !!!
20220123 070517.412 INFO             PET0 !!!                   ESMF_LOGKIND_Multi_On_Error  !!!
20220123 070517.412 INFO             PET0 !!!!!!!!!!!!!!!!!!!!!!!!!!!!!!!!!!!!!!!!!!!!!!!!!!!!!!
20220123 070517.412 INFO             PET0 Running with ESMF Version   : ESMF_8_3_0_beta_snapshot_06-7-gdaedd10
20220123 070517.412 INFO             PET0 ESMF library build date/time: "Jan 23 2022" "06:25:25"
20220123 070517.412 INFO             PET0 ESMF library build location : /scratch/users/mpotts/intel_2019.0.5_intelmpi_O_develop
20220123 070517.412 INFO             PET0 ESMF_COMM                   : intelmpi
20220123 070517.413 INFO             PET0 ESMF_MOAB                   : enabled
20220123 070517.413 INFO             PET0 ESMF_LAPACK                 : enabled
20220123 070517.413 INFO             PET0 ESMF_NETCDF                 : enabled
20220123 070517.413 INFO             PET0 ESMF_PNETCDF                : disabled
20220123 070517.413 INFO             PET0 ESMF_PIO                    : enabled
20220123 070517.413 INFO             PET0 ESMF_YAMLCPP                : enabled
20220123 070517.477 INFO             PET0  NUMBER_OF_PROCESSORS           4
20220123 070517.477 INFO             PET0  PASS  Example ESMF_RHandleReusabilityEx, ESMF_RHandleReusabilityEx.F90, line 582
20220123 070517.477 INFO             PET0 Finalizing ESMF
20220123 070517.405 INFO             PET1 !!!!!!!!!!!!!!!!!!!!!!!!!!!!!!!!!!!!!!!!!!!!!!!!!!!!!!
20220123 070517.406 INFO             PET1 !!! THE ESMF_LOG IS SET TO OUTPUT ALL LOG MESSAGES !!!
20220123 070517.406 INFO             PET1 !!!     THIS MAY CAUSE SLOWDOWN IN PERFORMANCE     !!!
20220123 070517.406 INFO             PET1 !!! FOR PRODUCTION RUNS, USE:                      !!!
20220123 070517.406 INFO             PET1 !!!                   ESMF_LOGKIND_Multi_On_Error  !!!
20220123 070517.406 INFO             PET1 !!!!!!!!!!!!!!!!!!!!!!!!!!!!!!!!!!!!!!!!!!!!!!!!!!!!!!
20220123 070517.406 INFO             PET1 Running with ESMF Version   : ESMF_8_3_0_beta_snapshot_06-7-gdaedd10
20220123 070517.406 INFO             PET1 ESMF library build date/time: "Jan 23 2022" "06:25:25"
20220123 070517.406 INFO             PET1 ESMF library build location : /scratch/users/mpotts/intel_2019.0.5_intelmpi_O_develop
20220123 070517.406 INFO             PET1 ESMF_COMM                   : intelmpi
20220123 070517.407 INFO             PET1 ESMF_MOAB                   : enabled
20220123 070517.407 INFO             PET1 ESMF_LAPACK                 : enabled
20220123 070517.407 INFO             PET1 ESMF_NETCDF                 : enabled
20220123 070517.407 INFO             PET1 ESMF_PNETCDF                : disabled
20220123 070517.407 INFO             PET1 ESMF_PIO                    : enabled
20220123 070517.407 INFO             PET1 ESMF_YAMLCPP                : enabled
20220123 070517.477 INFO             PET1  NUMBER_OF_PROCESSORS           4
20220123 070517.478 INFO             PET1  PASS  Example ESMF_RHandleReusabilityEx, ESMF_RHandleReusabilityEx.F90, line 582
20220123 070517.478 INFO             PET1 Finalizing ESMF
20220123 070517.430 INFO             PET2 !!!!!!!!!!!!!!!!!!!!!!!!!!!!!!!!!!!!!!!!!!!!!!!!!!!!!!
20220123 070517.430 INFO             PET2 !!! THE ESMF_LOG IS SET TO OUTPUT ALL LOG MESSAGES !!!
20220123 070517.430 INFO             PET2 !!!     THIS MAY CAUSE SLOWDOWN IN PERFORMANCE     !!!
20220123 070517.430 INFO             PET2 !!! FOR PRODUCTION RUNS, USE:                      !!!
20220123 070517.430 INFO             PET2 !!!                   ESMF_LOGKIND_Multi_On_Error  !!!
20220123 070517.430 INFO             PET2 !!!!!!!!!!!!!!!!!!!!!!!!!!!!!!!!!!!!!!!!!!!!!!!!!!!!!!
20220123 070517.430 INFO             PET2 Running with ESMF Version   : ESMF_8_3_0_beta_snapshot_06-7-gdaedd10
20220123 070517.430 INFO             PET2 ESMF library build date/time: "Jan 23 2022" "06:25:25"
20220123 070517.430 INFO             PET2 ESMF library build location : /scratch/users/mpotts/intel_2019.0.5_intelmpi_O_develop
20220123 070517.430 INFO             PET2 ESMF_COMM                   : intelmpi
20220123 070517.432 INFO             PET2 ESMF_MOAB                   : enabled
20220123 070517.432 INFO             PET2 ESMF_LAPACK                 : enabled
20220123 070517.432 INFO             PET2 ESMF_NETCDF                 : enabled
20220123 070517.432 INFO             PET2 ESMF_PNETCDF                : disabled
20220123 070517.432 INFO             PET2 ESMF_PIO                    : enabled
20220123 070517.432 INFO             PET2 ESMF_YAMLCPP                : enabled
20220123 070517.477 INFO             PET2  NUMBER_OF_PROCESSORS           4
20220123 070517.478 INFO             PET2  PASS  Example ESMF_RHandleReusabilityEx, ESMF_RHandleReusabilityEx.F90, line 582
20220123 070517.478 INFO             PET2 Finalizing ESMF
20220123 070517.424 INFO             PET3 !!!!!!!!!!!!!!!!!!!!!!!!!!!!!!!!!!!!!!!!!!!!!!!!!!!!!!
20220123 070517.424 INFO             PET3 !!! THE ESMF_LOG IS SET TO OUTPUT ALL LOG MESSAGES !!!
20220123 070517.424 INFO             PET3 !!!     THIS MAY CAUSE SLOWDOWN IN PERFORMANCE     !!!
20220123 070517.424 INFO             PET3 !!! FOR PRODUCTION RUNS, USE:                      !!!
20220123 070517.424 INFO             PET3 !!!                   ESMF_LOGKIND_Multi_On_Error  !!!
20220123 070517.424 INFO             PET3 !!!!!!!!!!!!!!!!!!!!!!!!!!!!!!!!!!!!!!!!!!!!!!!!!!!!!!
20220123 070517.424 INFO             PET3 Running with ESMF Version   : ESMF_8_3_0_beta_snapshot_06-7-gdaedd10
20220123 070517.424 INFO             PET3 ESMF library build date/time: "Jan 23 2022" "06:25:25"
20220123 070517.424 INFO             PET3 ESMF library build location : /scratch/users/mpotts/intel_2019.0.5_intelmpi_O_develop
20220123 070517.424 INFO             PET3 ESMF_COMM                   : intelmpi
20220123 070517.441 INFO             PET3 ESMF_MOAB                   : enabled
20220123 070517.441 INFO             PET3 ESMF_LAPACK                 : enabled
20220123 070517.441 INFO             PET3 ESMF_NETCDF                 : enabled
20220123 070517.441 INFO             PET3 ESMF_PNETCDF                : disabled
20220123 070517.441 INFO             PET3 ESMF_PIO                    : enabled
20220123 070517.441 INFO             PET3 ESMF_YAMLCPP                : enabled
20220123 070517.477 INFO             PET3  NUMBER_OF_PROCESSORS           4
20220123 070517.477 INFO             PET3  PASS  Example ESMF_RHandleReusabilityEx, ESMF_RHandleReusabilityEx.F90, line 582
20220123 070517.478 INFO             PET3 Finalizing ESMF
