build time -- 2022-03-03 06:22:50
20220303 065132.885 INFO             PET0 !!!!!!!!!!!!!!!!!!!!!!!!!!!!!!!!!!!!!!!!!!!!!!!!!!!!!!
20220303 065132.885 INFO             PET0 !!! THE ESMF_LOG IS SET TO OUTPUT ALL LOG MESSAGES !!!
20220303 065132.885 INFO             PET0 !!!     THIS MAY CAUSE SLOWDOWN IN PERFORMANCE     !!!
20220303 065132.885 INFO             PET0 !!! FOR PRODUCTION RUNS, USE:                      !!!
20220303 065132.885 INFO             PET0 !!!                   ESMF_LOGKIND_Multi_On_Error  !!!
20220303 065132.885 INFO             PET0 !!!!!!!!!!!!!!!!!!!!!!!!!!!!!!!!!!!!!!!!!!!!!!!!!!!!!!
20220303 065132.885 INFO             PET0 Running with ESMF Version   : v8.3.0b08-5-g64eb133
20220303 065132.885 INFO             PET0 ESMF library build date/time: "Mar  3 2022" "06:21:24"
20220303 065132.885 INFO             PET0 ESMF library build location : /scratch/users/mpotts/intel_2019.0.5_intelmpi_O_develop
20220303 065132.885 INFO             PET0 ESMF_COMM                   : intelmpi
20220303 065132.887 INFO             PET0 ESMF_MOAB                   : enabled
20220303 065132.887 INFO             PET0 ESMF_LAPACK                 : enabled
20220303 065132.887 INFO             PET0 ESMF_NETCDF                 : enabled
20220303 065132.887 INFO             PET0 ESMF_PNETCDF                : disabled
20220303 065132.887 INFO             PET0 ESMF_PIO                    : enabled
20220303 065132.887 INFO             PET0 ESMF_YAMLCPP                : enabled
20220303 065132.892 ERROR            PET0 ESMF_StateAPI.cppF90:1189 ESMF_StateAddList Object being used before creation  - Bad Object
20220303 065132.895 INFO             PET0  NUMBER_OF_PROCESSORS           4
20220303 065132.895 INFO             PET0  PASS  Example ESMF_StateReconcileEx, ESMF_StateReconcileEx.F90, line 294
20220303 065132.895 INFO             PET0 Finalizing ESMF
20220303 065132.888 INFO             PET1 !!!!!!!!!!!!!!!!!!!!!!!!!!!!!!!!!!!!!!!!!!!!!!!!!!!!!!
20220303 065132.888 INFO             PET1 !!! THE ESMF_LOG IS SET TO OUTPUT ALL LOG MESSAGES !!!
20220303 065132.888 INFO             PET1 !!!     THIS MAY CAUSE SLOWDOWN IN PERFORMANCE     !!!
20220303 065132.888 INFO             PET1 !!! FOR PRODUCTION RUNS, USE:                      !!!
20220303 065132.888 INFO             PET1 !!!                   ESMF_LOGKIND_Multi_On_Error  !!!
20220303 065132.888 INFO             PET1 !!!!!!!!!!!!!!!!!!!!!!!!!!!!!!!!!!!!!!!!!!!!!!!!!!!!!!
20220303 065132.888 INFO             PET1 Running with ESMF Version   : v8.3.0b08-5-g64eb133
20220303 065132.888 INFO             PET1 ESMF library build date/time: "Mar  3 2022" "06:21:24"
20220303 065132.888 INFO             PET1 ESMF library build location : /scratch/users/mpotts/intel_2019.0.5_intelmpi_O_develop
20220303 065132.888 INFO             PET1 ESMF_COMM                   : intelmpi
20220303 065132.889 INFO             PET1 ESMF_MOAB                   : enabled
20220303 065132.889 INFO             PET1 ESMF_LAPACK                 : enabled
20220303 065132.889 INFO             PET1 ESMF_NETCDF                 : enabled
20220303 065132.889 INFO             PET1 ESMF_PNETCDF                : disabled
20220303 065132.889 INFO             PET1 ESMF_PIO                    : enabled
20220303 065132.889 INFO             PET1 ESMF_YAMLCPP                : enabled
20220303 065132.892 ERROR            PET1 ESMF_StateAPI.cppF90:1189 ESMF_StateAddList Object being used before creation  - Bad Object
20220303 065132.895 INFO             PET1  NUMBER_OF_PROCESSORS           4
20220303 065132.895 INFO             PET1  PASS  Example ESMF_StateReconcileEx, ESMF_StateReconcileEx.F90, line 294
20220303 065132.895 INFO             PET1 Finalizing ESMF
20220303 065132.889 INFO             PET2 !!!!!!!!!!!!!!!!!!!!!!!!!!!!!!!!!!!!!!!!!!!!!!!!!!!!!!
20220303 065132.889 INFO             PET2 !!! THE ESMF_LOG IS SET TO OUTPUT ALL LOG MESSAGES !!!
20220303 065132.889 INFO             PET2 !!!     THIS MAY CAUSE SLOWDOWN IN PERFORMANCE     !!!
20220303 065132.889 INFO             PET2 !!! FOR PRODUCTION RUNS, USE:                      !!!
20220303 065132.889 INFO             PET2 !!!                   ESMF_LOGKIND_Multi_On_Error  !!!
20220303 065132.889 INFO             PET2 !!!!!!!!!!!!!!!!!!!!!!!!!!!!!!!!!!!!!!!!!!!!!!!!!!!!!!
20220303 065132.889 INFO             PET2 Running with ESMF Version   : v8.3.0b08-5-g64eb133
20220303 065132.889 INFO             PET2 ESMF library build date/time: "Mar  3 2022" "06:21:24"
20220303 065132.889 INFO             PET2 ESMF library build location : /scratch/users/mpotts/intel_2019.0.5_intelmpi_O_develop
20220303 065132.889 INFO             PET2 ESMF_COMM                   : intelmpi
20220303 065132.891 INFO             PET2 ESMF_MOAB                   : enabled
20220303 065132.891 INFO             PET2 ESMF_LAPACK                 : enabled
20220303 065132.891 INFO             PET2 ESMF_NETCDF                 : enabled
20220303 065132.891 INFO             PET2 ESMF_PNETCDF                : disabled
20220303 065132.891 INFO             PET2 ESMF_PIO                    : enabled
20220303 065132.891 INFO             PET2 ESMF_YAMLCPP                : enabled
20220303 065132.893 ERROR            PET2 ESMF_StateAPI.cppF90:1189 ESMF_StateAddList Object being used before creation  - Bad Object
20220303 065132.895 INFO             PET2  NUMBER_OF_PROCESSORS           4
20220303 065132.895 INFO             PET2  PASS  Example ESMF_StateReconcileEx, ESMF_StateReconcileEx.F90, line 294
20220303 065132.895 INFO             PET2 Finalizing ESMF
20220303 065132.890 INFO             PET3 !!!!!!!!!!!!!!!!!!!!!!!!!!!!!!!!!!!!!!!!!!!!!!!!!!!!!!
20220303 065132.890 INFO             PET3 !!! THE ESMF_LOG IS SET TO OUTPUT ALL LOG MESSAGES !!!
20220303 065132.890 INFO             PET3 !!!     THIS MAY CAUSE SLOWDOWN IN PERFORMANCE     !!!
20220303 065132.890 INFO             PET3 !!! FOR PRODUCTION RUNS, USE:                      !!!
20220303 065132.890 INFO             PET3 !!!                   ESMF_LOGKIND_Multi_On_Error  !!!
20220303 065132.890 INFO             PET3 !!!!!!!!!!!!!!!!!!!!!!!!!!!!!!!!!!!!!!!!!!!!!!!!!!!!!!
20220303 065132.890 INFO             PET3 Running with ESMF Version   : v8.3.0b08-5-g64eb133
20220303 065132.890 INFO             PET3 ESMF library build date/time: "Mar  3 2022" "06:21:24"
20220303 065132.890 INFO             PET3 ESMF library build location : /scratch/users/mpotts/intel_2019.0.5_intelmpi_O_develop
20220303 065132.890 INFO             PET3 ESMF_COMM                   : intelmpi
20220303 065132.891 INFO             PET3 ESMF_MOAB                   : enabled
20220303 065132.891 INFO             PET3 ESMF_LAPACK                 : enabled
20220303 065132.891 INFO             PET3 ESMF_NETCDF                 : enabled
20220303 065132.891 INFO             PET3 ESMF_PNETCDF                : disabled
20220303 065132.891 INFO             PET3 ESMF_PIO                    : enabled
20220303 065132.891 INFO             PET3 ESMF_YAMLCPP                : enabled
20220303 065132.892 ERROR            PET3 ESMF_StateAPI.cppF90:1189 ESMF_StateAddList Object being used before creation  - Bad Object
20220303 065132.895 INFO             PET3  NUMBER_OF_PROCESSORS           4
20220303 065132.895 INFO             PET3  PASS  Example ESMF_StateReconcileEx, ESMF_StateReconcileEx.F90, line 294
20220303 065132.895 INFO             PET3 Finalizing ESMF
