build time -- 2021-11-22 06:26:39
  PASS  Example ESMF_RHandleVMEpochEx, ESMF_RHandleVMEpochEx.F90, line 247
  PASS  Example ESMF_RHandleVMEpochEx, ESMF_RHandleVMEpochEx.F90, line 247
  PASS  Example ESMF_RHandleVMEpochEx, ESMF_RHandleVMEpochEx.F90, line 247
  PASS  Example ESMF_RHandleVMEpochEx, ESMF_RHandleVMEpochEx.F90, line 247
 PASS: ESMF_RHandleVMEpochEx.F90
 PASS: ESMF_RHandleVMEpochEx.F90
 PASS: ESMF_RHandleVMEpochEx.F90
 PASS: ESMF_RHandleVMEpochEx.F90
TOTCPU=19:03:28 ELAP=00:35:44 REQMEM=5875Mc REQCPUS=24 ALLOCCPUS=32 TIMELIMIT=02:30:00 PART=s4 ACCT=star
MAXRSS=0 MAXVMSIZE=196896K
________________________________________________________________
Job Resource Usage Summary for 11623221

  CPU Time Used : 19:03:28
  Memory Used : 0
  Virtual Memory Used : 196896K
  Walltime Used : 00:35:44

  Memory Requested : 5875Mc (n=per node; c=per core)
  CPUs Requested / Allocated : 24 / 32
  Walltime Requested : 02:30:00

  Execution Queue : s4
  Head Node : 
  Charged to : star

  Job Stopped : Mon Nov 22 07:02:24 UTC 2021
_____________________________________________________________________

