build time -- 2021-11-14 06:26:16
  PASS  Example ESMF_ArrayScatterGatherArbEx, ESMF_ArrayScatterGatherArbEx.F90, 
 line 313
  PASS  Example ESMF_ArrayScatterGatherArbEx, ESMF_ArrayScatterGatherArbEx.F90, 
 line 313
  PASS  Example ESMF_ArrayScatterGatherArbEx, ESMF_ArrayScatterGatherArbEx.F90, 
 line 313
  PASS  Example ESMF_ArrayScatterGatherArbEx, ESMF_ArrayScatterGatherArbEx.F90, 
 line 313
 PASS: ESMF_ArrayScatterGatherArbEx.F90
 PASS: ESMF_ArrayScatterGatherArbEx.F90
 PASS: ESMF_ArrayScatterGatherArbEx.F90
 PASS: ESMF_ArrayScatterGatherArbEx.F90
TOTCPU=18:56:00 ELAP=00:35:30 REQMEM=5875Mc REQCPUS=24 ALLOCCPUS=32 TIMELIMIT=02:30:00 PART=s4 ACCT=star
MAXRSS=0 MAXVMSIZE=196896K
________________________________________________________________
Job Resource Usage Summary for 11607038

  CPU Time Used : 18:56:00
  Memory Used : 0
  Virtual Memory Used : 196896K
  Walltime Used : 00:35:30

  Memory Requested : 5875Mc (n=per node; c=per core)
  CPUs Requested / Allocated : 24 / 32
  Walltime Requested : 02:30:00

  Execution Queue : s4
  Head Node : 
  Charged to : star

  Job Stopped : Sun Nov 14 07:01:47 UTC 2021
_____________________________________________________________________

