build time -- 2021-11-28 06:24:56
  PASS  Example ESMF_FieldBundleRedistEx, ESMF_FieldBundleRedistEx.F90, line 280
  PASS  Example ESMF_FieldBundleRedistEx, ESMF_FieldBundleRedistEx.F90, line 280
  PASS  Example ESMF_FieldBundleRedistEx, ESMF_FieldBundleRedistEx.F90, line 280
  PASS  Example ESMF_FieldBundleRedistEx, ESMF_FieldBundleRedistEx.F90, line 280
 PASS: ESMF_FieldBundleRedistEx.F90
 PASS: ESMF_FieldBundleRedistEx.F90
 PASS: ESMF_FieldBundleRedistEx.F90
 PASS: ESMF_FieldBundleRedistEx.F90
TOTCPU=21:34:56 ELAP=00:40:28 REQMEM=5875Mc REQCPUS=24 ALLOCCPUS=32 TIMELIMIT=02:30:00 PART=s4 ACCT=star
MAXRSS=35216K MAXVMSIZE=196896K
________________________________________________________________
Job Resource Usage Summary for 11647522

  CPU Time Used : 21:34:56
  Memory Used : 35216K
  Virtual Memory Used : 196896K
  Walltime Used : 00:40:28

  Memory Requested : 5875Mc (n=per node; c=per core)
  CPUs Requested / Allocated : 24 / 32
  Walltime Requested : 02:30:00

  Execution Queue : s4
  Head Node : 
  Charged to : star

  Job Stopped : Sun Nov 28 07:05:25 UTC 2021
_____________________________________________________________________

