build time -- 2021-11-26 06:22:21
  PASS  Example ESMF_RHandleDynamicMaskingEx, ESMF_RHandleDynamicMaskingEx.F90, 
 line 1116
  PASS  Example ESMF_RHandleDynamicMaskingEx, ESMF_RHandleDynamicMaskingEx.F90, 
 line 1116
  PASS  Example ESMF_RHandleDynamicMaskingEx, ESMF_RHandleDynamicMaskingEx.F90, 
 line 1116
  PASS  Example ESMF_RHandleDynamicMaskingEx, ESMF_RHandleDynamicMaskingEx.F90, 
 line 1116
 PASS: ESMF_RHandleDynamicMaskingEx.F90
 PASS: ESMF_RHandleDynamicMaskingEx.F90
 PASS: ESMF_RHandleDynamicMaskingEx.F90
 PASS: ESMF_RHandleDynamicMaskingEx.F90
TOTCPU=18:58:40 ELAP=00:35:35 REQMEM=5875Mc REQCPUS=24 ALLOCCPUS=32 TIMELIMIT=02:30:00 PART=s4 ACCT=star
MAXRSS=0 MAXVMSIZE=196896K
________________________________________________________________
Job Resource Usage Summary for 11641012

  CPU Time Used : 18:58:40
  Memory Used : 0
  Virtual Memory Used : 196896K
  Walltime Used : 00:35:35

  Memory Requested : 5875Mc (n=per node; c=per core)
  CPUs Requested / Allocated : 24 / 32
  Walltime Requested : 02:30:00

  Execution Queue : s4
  Head Node : 
  Charged to : star

  Job Stopped : Fri Nov 26 06:57:57 UTC 2021
_____________________________________________________________________

