build time -- 2021-12-10 06:23:49
20211210 065122.040 INFO             PET0 !!!!!!!!!!!!!!!!!!!!!!!!!!!!!!!!!!!!!!!!!!!!!!!!!!!!!!
20211210 065122.040 INFO             PET0 !!! THE ESMF_LOG IS SET TO OUTPUT ALL LOG MESSAGES !!!
20211210 065122.040 INFO             PET0 !!!     THIS MAY CAUSE SLOWDOWN IN PERFORMANCE     !!!
20211210 065122.040 INFO             PET0 !!! FOR PRODUCTION RUNS, USE:                      !!!
20211210 065122.040 INFO             PET0 !!!                   ESMF_LOGKIND_Multi_On_Error  !!!
20211210 065122.040 INFO             PET0 !!!!!!!!!!!!!!!!!!!!!!!!!!!!!!!!!!!!!!!!!!!!!!!!!!!!!!
20211210 065122.040 INFO             PET0 Running with ESMF Version   : ESMF_8_3_0_beta_snapshot_04-8-g60a38ef
20211210 065122.040 INFO             PET0 ESMF library build date/time: "Dec 10 2021" "06:21:54"
20211210 065122.040 INFO             PET0 ESMF library build location : /scratch/users/mpotts/intel_2019.0.5_intelmpi_O_develop
20211210 065122.040 INFO             PET0 ESMF_COMM                   : intelmpi
20211210 065122.042 INFO             PET0 ESMF_MOAB                   : enabled
20211210 065122.042 INFO             PET0 ESMF_LAPACK                 : enabled
20211210 065122.042 INFO             PET0 ESMF_NETCDF                 : enabled
20211210 065122.042 INFO             PET0 ESMF_PNETCDF                : disabled
20211210 065122.042 INFO             PET0 ESMF_PIO                    : enabled
20211210 065122.042 INFO             PET0 ESMF_YAMLCPP                : enabled
20211210 065122.042 INFO             PET0 Log Write 2
20211210 065122.042 ERROR            PET0 Invalid object  - Convergence failure
20211210 065122.042 ERROR            PET0 ESMCI_Fraction.C:1444 ESMCI::Fraction::validate() must have non-zero denominator.
20211210 065122.042 ERROR            PET0 ESMCI_Time.C:838 ESMCI::Time::syncToRealTime() Wrong argument specified  - ; calkindflag is JULIANDAY, MODJULIANDAY or NOCALENDAR.
20211210 065122.042 ERROR            PET0 ESMF_Time.F90:1485 ESMF_TimeSyncToRealTime() Wrong argument specified  - Internal subroutine call returned Error
20211210 065122.042 ERROR            PET0 Wrong argument specified  - getting wall clock time
20211210 065122.044 INFO             PET0  NUMBER_OF_PROCESSORS           4
20211210 065122.045 INFO             PET0  PASS  Example ESMF_LogErrEx, ESMF_LogErrEx.F90, line 186
20211210 065122.045 INFO             PET0 Finalizing ESMF
20211210 065122.015 INFO             PET1 !!!!!!!!!!!!!!!!!!!!!!!!!!!!!!!!!!!!!!!!!!!!!!!!!!!!!!
20211210 065122.015 INFO             PET1 !!! THE ESMF_LOG IS SET TO OUTPUT ALL LOG MESSAGES !!!
20211210 065122.015 INFO             PET1 !!!     THIS MAY CAUSE SLOWDOWN IN PERFORMANCE     !!!
20211210 065122.015 INFO             PET1 !!! FOR PRODUCTION RUNS, USE:                      !!!
20211210 065122.015 INFO             PET1 !!!                   ESMF_LOGKIND_Multi_On_Error  !!!
20211210 065122.015 INFO             PET1 !!!!!!!!!!!!!!!!!!!!!!!!!!!!!!!!!!!!!!!!!!!!!!!!!!!!!!
20211210 065122.015 INFO             PET1 Running with ESMF Version   : ESMF_8_3_0_beta_snapshot_04-8-g60a38ef
20211210 065122.015 INFO             PET1 ESMF library build date/time: "Dec 10 2021" "06:21:54"
20211210 065122.015 INFO             PET1 ESMF library build location : /scratch/users/mpotts/intel_2019.0.5_intelmpi_O_develop
20211210 065122.015 INFO             PET1 ESMF_COMM                   : intelmpi
20211210 065122.016 INFO             PET1 ESMF_MOAB                   : enabled
20211210 065122.016 INFO             PET1 ESMF_LAPACK                 : enabled
20211210 065122.016 INFO             PET1 ESMF_NETCDF                 : enabled
20211210 065122.016 INFO             PET1 ESMF_PNETCDF                : disabled
20211210 065122.016 INFO             PET1 ESMF_PIO                    : enabled
20211210 065122.016 INFO             PET1 ESMF_YAMLCPP                : enabled
20211210 065122.042 INFO             PET1 Log Write 2
20211210 065122.042 ERROR            PET1 Invalid object  - Convergence failure
20211210 065122.042 ERROR            PET1 ESMCI_Fraction.C:1444 ESMCI::Fraction::validate() must have non-zero denominator.
20211210 065122.042 ERROR            PET1 ESMCI_Time.C:838 ESMCI::Time::syncToRealTime() Wrong argument specified  - ; calkindflag is JULIANDAY, MODJULIANDAY or NOCALENDAR.
20211210 065122.042 ERROR            PET1 ESMF_Time.F90:1485 ESMF_TimeSyncToRealTime() Wrong argument specified  - Internal subroutine call returned Error
20211210 065122.042 ERROR            PET1 Wrong argument specified  - getting wall clock time
20211210 065122.045 INFO             PET1  NUMBER_OF_PROCESSORS           4
20211210 065122.045 INFO             PET1  PASS  Example ESMF_LogErrEx, ESMF_LogErrEx.F90, line 186
20211210 065122.045 INFO             PET1 Finalizing ESMF
20211210 065122.017 INFO             PET2 !!!!!!!!!!!!!!!!!!!!!!!!!!!!!!!!!!!!!!!!!!!!!!!!!!!!!!
20211210 065122.017 INFO             PET2 !!! THE ESMF_LOG IS SET TO OUTPUT ALL LOG MESSAGES !!!
20211210 065122.017 INFO             PET2 !!!     THIS MAY CAUSE SLOWDOWN IN PERFORMANCE     !!!
20211210 065122.017 INFO             PET2 !!! FOR PRODUCTION RUNS, USE:                      !!!
20211210 065122.017 INFO             PET2 !!!                   ESMF_LOGKIND_Multi_On_Error  !!!
20211210 065122.017 INFO             PET2 !!!!!!!!!!!!!!!!!!!!!!!!!!!!!!!!!!!!!!!!!!!!!!!!!!!!!!
20211210 065122.017 INFO             PET2 Running with ESMF Version   : ESMF_8_3_0_beta_snapshot_04-8-g60a38ef
20211210 065122.017 INFO             PET2 ESMF library build date/time: "Dec 10 2021" "06:21:54"
20211210 065122.017 INFO             PET2 ESMF library build location : /scratch/users/mpotts/intel_2019.0.5_intelmpi_O_develop
20211210 065122.017 INFO             PET2 ESMF_COMM                   : intelmpi
20211210 065122.019 INFO             PET2 ESMF_MOAB                   : enabled
20211210 065122.019 INFO             PET2 ESMF_LAPACK                 : enabled
20211210 065122.019 INFO             PET2 ESMF_NETCDF                 : enabled
20211210 065122.019 INFO             PET2 ESMF_PNETCDF                : disabled
20211210 065122.019 INFO             PET2 ESMF_PIO                    : enabled
20211210 065122.019 INFO             PET2 ESMF_YAMLCPP                : enabled
20211210 065122.042 INFO             PET2 Log Write 2
20211210 065122.042 ERROR            PET2 Invalid object  - Convergence failure
20211210 065122.042 ERROR            PET2 ESMCI_Fraction.C:1444 ESMCI::Fraction::validate() must have non-zero denominator.
20211210 065122.042 ERROR            PET2 ESMCI_Time.C:838 ESMCI::Time::syncToRealTime() Wrong argument specified  - ; calkindflag is JULIANDAY, MODJULIANDAY or NOCALENDAR.
20211210 065122.042 ERROR            PET2 ESMF_Time.F90:1485 ESMF_TimeSyncToRealTime() Wrong argument specified  - Internal subroutine call returned Error
20211210 065122.042 ERROR            PET2 Wrong argument specified  - getting wall clock time
20211210 065122.057 INFO             PET2  NUMBER_OF_PROCESSORS           4
20211210 065122.057 INFO             PET2  PASS  Example ESMF_LogErrEx, ESMF_LogErrEx.F90, line 186
20211210 065122.057 INFO             PET2 Finalizing ESMF
20211210 065122.015 INFO             PET3 !!!!!!!!!!!!!!!!!!!!!!!!!!!!!!!!!!!!!!!!!!!!!!!!!!!!!!
20211210 065122.015 INFO             PET3 !!! THE ESMF_LOG IS SET TO OUTPUT ALL LOG MESSAGES !!!
20211210 065122.015 INFO             PET3 !!!     THIS MAY CAUSE SLOWDOWN IN PERFORMANCE     !!!
20211210 065122.015 INFO             PET3 !!! FOR PRODUCTION RUNS, USE:                      !!!
20211210 065122.015 INFO             PET3 !!!                   ESMF_LOGKIND_Multi_On_Error  !!!
20211210 065122.015 INFO             PET3 !!!!!!!!!!!!!!!!!!!!!!!!!!!!!!!!!!!!!!!!!!!!!!!!!!!!!!
20211210 065122.015 INFO             PET3 Running with ESMF Version   : ESMF_8_3_0_beta_snapshot_04-8-g60a38ef
20211210 065122.015 INFO             PET3 ESMF library build date/time: "Dec 10 2021" "06:21:54"
20211210 065122.015 INFO             PET3 ESMF library build location : /scratch/users/mpotts/intel_2019.0.5_intelmpi_O_develop
20211210 065122.015 INFO             PET3 ESMF_COMM                   : intelmpi
20211210 065122.016 INFO             PET3 ESMF_MOAB                   : enabled
20211210 065122.016 INFO             PET3 ESMF_LAPACK                 : enabled
20211210 065122.016 INFO             PET3 ESMF_NETCDF                 : enabled
20211210 065122.016 INFO             PET3 ESMF_PNETCDF                : disabled
20211210 065122.016 INFO             PET3 ESMF_PIO                    : enabled
20211210 065122.016 INFO             PET3 ESMF_YAMLCPP                : enabled
20211210 065122.042 INFO             PET3 Log Write 2
20211210 065122.042 ERROR            PET3 Invalid object  - Convergence failure
20211210 065122.042 ERROR            PET3 ESMCI_Fraction.C:1444 ESMCI::Fraction::validate() must have non-zero denominator.
20211210 065122.042 ERROR            PET3 ESMCI_Time.C:838 ESMCI::Time::syncToRealTime() Wrong argument specified  - ; calkindflag is JULIANDAY, MODJULIANDAY or NOCALENDAR.
20211210 065122.042 ERROR            PET3 ESMF_Time.F90:1485 ESMF_TimeSyncToRealTime() Wrong argument specified  - Internal subroutine call returned Error
20211210 065122.042 ERROR            PET3 Wrong argument specified  - getting wall clock time
20211210 065122.045 INFO             PET3  NUMBER_OF_PROCESSORS           4
20211210 065122.045 INFO             PET3  PASS  Example ESMF_LogErrEx, ESMF_LogErrEx.F90, line 186
20211210 065122.045 INFO             PET3 Finalizing ESMF
