build time -- 2021-11-09 03:52:59.452578
20211109 042448.334 INFO             PET0 !!!!!!!!!!!!!!!!!!!!!!!!!!!!!!!!!!!!!!!!!!!!!!!!!!!!!!
20211109 042448.334 INFO             PET0 !!! THE ESMF_LOG IS SET TO OUTPUT ALL LOG MESSAGES !!!
20211109 042448.334 INFO             PET0 !!!     THIS MAY CAUSE SLOWDOWN IN PERFORMANCE     !!!
20211109 042448.334 INFO             PET0 !!! FOR PRODUCTION RUNS, USE:                      !!!
20211109 042448.334 INFO             PET0 !!!                   ESMF_LOGKIND_Multi_On_Error  !!!
20211109 042448.334 INFO             PET0 !!!!!!!!!!!!!!!!!!!!!!!!!!!!!!!!!!!!!!!!!!!!!!!!!!!!!!
20211109 042448.334 INFO             PET0 Running with ESMF Version   : ESMF_8_3_0_beta_snapshot_02-1-gd594fca699
20211109 042448.334 INFO             PET0 ESMF library build date/time: "Nov  9 2021" "03:49:56"
20211109 042448.334 INFO             PET0 ESMF library build location : /glade/scratch/mpotts/gfortran_10.1.0_mpt_g_develop
20211109 042448.334 INFO             PET0 ESMF_COMM                   : mpt
20211109 042448.335 INFO             PET0 ESMF_MOAB                   : enabled
20211109 042448.335 INFO             PET0 ESMF_LAPACK                 : enabled
20211109 042448.335 INFO             PET0 ESMF_NETCDF                 : enabled
20211109 042448.335 INFO             PET0 ESMF_PNETCDF                : disabled
20211109 042448.335 INFO             PET0 ESMF_PIO                    : enabled
20211109 042448.335 INFO             PET0 ESMF_YAMLCPP                : enabled
20211109 042448.438 DEBUG            PET0 about to destroy Grid: 0x3049790
20211109 042448.457 DEBUG            PET0 about to destroy Grid: 0x304ba80
20211109 042448.491 INFO             PET0  NUMBER_OF_PROCESSORS           4
20211109 042448.491 INFO             PET0  PASS  Example ESMF_NUOPCAtmModelEx, ESMF_NUOPCAtmModelEx.F90, line 806
20211109 042448.491 INFO             PET0 Finalizing ESMF
20211109 042448.334 INFO             PET1 !!!!!!!!!!!!!!!!!!!!!!!!!!!!!!!!!!!!!!!!!!!!!!!!!!!!!!
20211109 042448.334 INFO             PET1 !!! THE ESMF_LOG IS SET TO OUTPUT ALL LOG MESSAGES !!!
20211109 042448.334 INFO             PET1 !!!     THIS MAY CAUSE SLOWDOWN IN PERFORMANCE     !!!
20211109 042448.334 INFO             PET1 !!! FOR PRODUCTION RUNS, USE:                      !!!
20211109 042448.334 INFO             PET1 !!!                   ESMF_LOGKIND_Multi_On_Error  !!!
20211109 042448.334 INFO             PET1 !!!!!!!!!!!!!!!!!!!!!!!!!!!!!!!!!!!!!!!!!!!!!!!!!!!!!!
20211109 042448.334 INFO             PET1 Running with ESMF Version   : ESMF_8_3_0_beta_snapshot_02-1-gd594fca699
20211109 042448.334 INFO             PET1 ESMF library build date/time: "Nov  9 2021" "03:49:56"
20211109 042448.334 INFO             PET1 ESMF library build location : /glade/scratch/mpotts/gfortran_10.1.0_mpt_g_develop
20211109 042448.334 INFO             PET1 ESMF_COMM                   : mpt
20211109 042448.334 INFO             PET1 ESMF_MOAB                   : enabled
20211109 042448.334 INFO             PET1 ESMF_LAPACK                 : enabled
20211109 042448.334 INFO             PET1 ESMF_NETCDF                 : enabled
20211109 042448.334 INFO             PET1 ESMF_PNETCDF                : disabled
20211109 042448.334 INFO             PET1 ESMF_PIO                    : enabled
20211109 042448.334 INFO             PET1 ESMF_YAMLCPP                : enabled
20211109 042448.438 DEBUG            PET1 about to destroy Grid: 0x304a120
20211109 042448.457 DEBUG            PET1 about to destroy Grid: 0x304b500
20211109 042448.491 INFO             PET1  NUMBER_OF_PROCESSORS           4
20211109 042448.491 INFO             PET1  PASS  Example ESMF_NUOPCAtmModelEx, ESMF_NUOPCAtmModelEx.F90, line 806
20211109 042448.491 INFO             PET1 Finalizing ESMF
20211109 042448.335 INFO             PET2 !!!!!!!!!!!!!!!!!!!!!!!!!!!!!!!!!!!!!!!!!!!!!!!!!!!!!!
20211109 042448.335 INFO             PET2 !!! THE ESMF_LOG IS SET TO OUTPUT ALL LOG MESSAGES !!!
20211109 042448.335 INFO             PET2 !!!     THIS MAY CAUSE SLOWDOWN IN PERFORMANCE     !!!
20211109 042448.335 INFO             PET2 !!! FOR PRODUCTION RUNS, USE:                      !!!
20211109 042448.335 INFO             PET2 !!!                   ESMF_LOGKIND_Multi_On_Error  !!!
20211109 042448.335 INFO             PET2 !!!!!!!!!!!!!!!!!!!!!!!!!!!!!!!!!!!!!!!!!!!!!!!!!!!!!!
20211109 042448.335 INFO             PET2 Running with ESMF Version   : ESMF_8_3_0_beta_snapshot_02-1-gd594fca699
20211109 042448.335 INFO             PET2 ESMF library build date/time: "Nov  9 2021" "03:49:56"
20211109 042448.335 INFO             PET2 ESMF library build location : /glade/scratch/mpotts/gfortran_10.1.0_mpt_g_develop
20211109 042448.335 INFO             PET2 ESMF_COMM                   : mpt
20211109 042448.335 INFO             PET2 ESMF_MOAB                   : enabled
20211109 042448.335 INFO             PET2 ESMF_LAPACK                 : enabled
20211109 042448.335 INFO             PET2 ESMF_NETCDF                 : enabled
20211109 042448.335 INFO             PET2 ESMF_PNETCDF                : disabled
20211109 042448.335 INFO             PET2 ESMF_PIO                    : enabled
20211109 042448.335 INFO             PET2 ESMF_YAMLCPP                : enabled
20211109 042448.438 DEBUG            PET2 about to destroy Grid: 0x3049380
20211109 042448.457 DEBUG            PET2 about to destroy Grid: 0x304a9a0
20211109 042448.491 INFO             PET2  NUMBER_OF_PROCESSORS           4
20211109 042448.491 INFO             PET2  PASS  Example ESMF_NUOPCAtmModelEx, ESMF_NUOPCAtmModelEx.F90, line 806
20211109 042448.491 INFO             PET2 Finalizing ESMF
20211109 042448.334 INFO             PET3 !!!!!!!!!!!!!!!!!!!!!!!!!!!!!!!!!!!!!!!!!!!!!!!!!!!!!!
20211109 042448.334 INFO             PET3 !!! THE ESMF_LOG IS SET TO OUTPUT ALL LOG MESSAGES !!!
20211109 042448.334 INFO             PET3 !!!     THIS MAY CAUSE SLOWDOWN IN PERFORMANCE     !!!
20211109 042448.334 INFO             PET3 !!! FOR PRODUCTION RUNS, USE:                      !!!
20211109 042448.334 INFO             PET3 !!!                   ESMF_LOGKIND_Multi_On_Error  !!!
20211109 042448.334 INFO             PET3 !!!!!!!!!!!!!!!!!!!!!!!!!!!!!!!!!!!!!!!!!!!!!!!!!!!!!!
20211109 042448.334 INFO             PET3 Running with ESMF Version   : ESMF_8_3_0_beta_snapshot_02-1-gd594fca699
20211109 042448.334 INFO             PET3 ESMF library build date/time: "Nov  9 2021" "03:49:56"
20211109 042448.334 INFO             PET3 ESMF library build location : /glade/scratch/mpotts/gfortran_10.1.0_mpt_g_develop
20211109 042448.334 INFO             PET3 ESMF_COMM                   : mpt
20211109 042448.334 INFO             PET3 ESMF_MOAB                   : enabled
20211109 042448.334 INFO             PET3 ESMF_LAPACK                 : enabled
20211109 042448.334 INFO             PET3 ESMF_NETCDF                 : enabled
20211109 042448.334 INFO             PET3 ESMF_PNETCDF                : disabled
20211109 042448.334 INFO             PET3 ESMF_PIO                    : enabled
20211109 042448.334 INFO             PET3 ESMF_YAMLCPP                : enabled
20211109 042448.438 DEBUG            PET3 about to destroy Grid: 0x3049810
20211109 042448.457 DEBUG            PET3 about to destroy Grid: 0x304a910
20211109 042448.491 INFO             PET3  NUMBER_OF_PROCESSORS           4
20211109 042448.491 INFO             PET3  PASS  Example ESMF_NUOPCAtmModelEx, ESMF_NUOPCAtmModelEx.F90, line 806
20211109 042448.491 INFO             PET3 Finalizing ESMF
