build time -- 2022-02-04 01:08:14.289752
20220204 013314.284 INFO             PET0 !!!!!!!!!!!!!!!!!!!!!!!!!!!!!!!!!!!!!!!!!!!!!!!!!!!!!!
20220204 013314.284 INFO             PET0 !!! THE ESMF_LOG IS SET TO OUTPUT ALL LOG MESSAGES !!!
20220204 013314.284 INFO             PET0 !!!     THIS MAY CAUSE SLOWDOWN IN PERFORMANCE     !!!
20220204 013314.284 INFO             PET0 !!! FOR PRODUCTION RUNS, USE:                      !!!
20220204 013314.284 INFO             PET0 !!!                   ESMF_LOGKIND_Multi_On_Error  !!!
20220204 013314.284 INFO             PET0 !!!!!!!!!!!!!!!!!!!!!!!!!!!!!!!!!!!!!!!!!!!!!!!!!!!!!!
20220204 013314.284 INFO             PET0 Running with ESMF Version   : ESMF_8_3_0_beta_snapshot_06-10-gce27d44403
20220204 013314.284 INFO             PET0 ESMF library build date/time: "Feb  4 2022" "01:06:53"
20220204 013314.284 INFO             PET0 ESMF library build location : /gpfsm/dnb04/projects/p98/mpotts/esmf/gfortran_8.3.0_intelmpi_O_develop
20220204 013314.284 INFO             PET0 ESMF_COMM                   : intelmpi
20220204 013314.284 INFO             PET0 ESMF_MOAB                   : enabled
20220204 013314.284 INFO             PET0 ESMF_LAPACK                 : enabled
20220204 013314.284 INFO             PET0 ESMF_NETCDF                 : disabled
20220204 013314.284 INFO             PET0 ESMF_PNETCDF                : disabled
20220204 013314.284 INFO             PET0 ESMF_PIO                    : enabled
20220204 013314.284 INFO             PET0 ESMF_YAMLCPP                : enabled
20220204 013314.284 INFO             PET0  NUMBER_OF_PROCESSORS           4
20220204 013314.284 INFO             PET0  PASS  Example ESMF_ArrayLarrayEx, ESMF_ArrayLarrayEx.F90, line 325
20220204 013314.284 INFO             PET0 Finalizing ESMF
20220204 013314.284 INFO             PET1 !!!!!!!!!!!!!!!!!!!!!!!!!!!!!!!!!!!!!!!!!!!!!!!!!!!!!!
20220204 013314.284 INFO             PET1 !!! THE ESMF_LOG IS SET TO OUTPUT ALL LOG MESSAGES !!!
20220204 013314.284 INFO             PET1 !!!     THIS MAY CAUSE SLOWDOWN IN PERFORMANCE     !!!
20220204 013314.284 INFO             PET1 !!! FOR PRODUCTION RUNS, USE:                      !!!
20220204 013314.284 INFO             PET1 !!!                   ESMF_LOGKIND_Multi_On_Error  !!!
20220204 013314.284 INFO             PET1 !!!!!!!!!!!!!!!!!!!!!!!!!!!!!!!!!!!!!!!!!!!!!!!!!!!!!!
20220204 013314.284 INFO             PET1 Running with ESMF Version   : ESMF_8_3_0_beta_snapshot_06-10-gce27d44403
20220204 013314.284 INFO             PET1 ESMF library build date/time: "Feb  4 2022" "01:06:53"
20220204 013314.284 INFO             PET1 ESMF library build location : /gpfsm/dnb04/projects/p98/mpotts/esmf/gfortran_8.3.0_intelmpi_O_develop
20220204 013314.284 INFO             PET1 ESMF_COMM                   : intelmpi
20220204 013314.284 INFO             PET1 ESMF_MOAB                   : enabled
20220204 013314.284 INFO             PET1 ESMF_LAPACK                 : enabled
20220204 013314.284 INFO             PET1 ESMF_NETCDF                 : disabled
20220204 013314.284 INFO             PET1 ESMF_PNETCDF                : disabled
20220204 013314.284 INFO             PET1 ESMF_PIO                    : enabled
20220204 013314.284 INFO             PET1 ESMF_YAMLCPP                : enabled
20220204 013314.285 INFO             PET1  NUMBER_OF_PROCESSORS           4
20220204 013314.285 INFO             PET1  PASS  Example ESMF_ArrayLarrayEx, ESMF_ArrayLarrayEx.F90, line 325
20220204 013314.285 INFO             PET1 Finalizing ESMF
20220204 013314.283 INFO             PET2 !!!!!!!!!!!!!!!!!!!!!!!!!!!!!!!!!!!!!!!!!!!!!!!!!!!!!!
20220204 013314.283 INFO             PET2 !!! THE ESMF_LOG IS SET TO OUTPUT ALL LOG MESSAGES !!!
20220204 013314.283 INFO             PET2 !!!     THIS MAY CAUSE SLOWDOWN IN PERFORMANCE     !!!
20220204 013314.283 INFO             PET2 !!! FOR PRODUCTION RUNS, USE:                      !!!
20220204 013314.283 INFO             PET2 !!!                   ESMF_LOGKIND_Multi_On_Error  !!!
20220204 013314.283 INFO             PET2 !!!!!!!!!!!!!!!!!!!!!!!!!!!!!!!!!!!!!!!!!!!!!!!!!!!!!!
20220204 013314.283 INFO             PET2 Running with ESMF Version   : ESMF_8_3_0_beta_snapshot_06-10-gce27d44403
20220204 013314.283 INFO             PET2 ESMF library build date/time: "Feb  4 2022" "01:06:53"
20220204 013314.283 INFO             PET2 ESMF library build location : /gpfsm/dnb04/projects/p98/mpotts/esmf/gfortran_8.3.0_intelmpi_O_develop
20220204 013314.283 INFO             PET2 ESMF_COMM                   : intelmpi
20220204 013314.283 INFO             PET2 ESMF_MOAB                   : enabled
20220204 013314.283 INFO             PET2 ESMF_LAPACK                 : enabled
20220204 013314.283 INFO             PET2 ESMF_NETCDF                 : disabled
20220204 013314.283 INFO             PET2 ESMF_PNETCDF                : disabled
20220204 013314.283 INFO             PET2 ESMF_PIO                    : enabled
20220204 013314.283 INFO             PET2 ESMF_YAMLCPP                : enabled
20220204 013314.285 INFO             PET2  NUMBER_OF_PROCESSORS           4
20220204 013314.285 INFO             PET2  PASS  Example ESMF_ArrayLarrayEx, ESMF_ArrayLarrayEx.F90, line 325
20220204 013314.285 INFO             PET2 Finalizing ESMF
20220204 013314.283 INFO             PET3 !!!!!!!!!!!!!!!!!!!!!!!!!!!!!!!!!!!!!!!!!!!!!!!!!!!!!!
20220204 013314.283 INFO             PET3 !!! THE ESMF_LOG IS SET TO OUTPUT ALL LOG MESSAGES !!!
20220204 013314.283 INFO             PET3 !!!     THIS MAY CAUSE SLOWDOWN IN PERFORMANCE     !!!
20220204 013314.283 INFO             PET3 !!! FOR PRODUCTION RUNS, USE:                      !!!
20220204 013314.283 INFO             PET3 !!!                   ESMF_LOGKIND_Multi_On_Error  !!!
20220204 013314.283 INFO             PET3 !!!!!!!!!!!!!!!!!!!!!!!!!!!!!!!!!!!!!!!!!!!!!!!!!!!!!!
20220204 013314.283 INFO             PET3 Running with ESMF Version   : ESMF_8_3_0_beta_snapshot_06-10-gce27d44403
20220204 013314.283 INFO             PET3 ESMF library build date/time: "Feb  4 2022" "01:06:53"
20220204 013314.283 INFO             PET3 ESMF library build location : /gpfsm/dnb04/projects/p98/mpotts/esmf/gfortran_8.3.0_intelmpi_O_develop
20220204 013314.283 INFO             PET3 ESMF_COMM                   : intelmpi
20220204 013314.283 INFO             PET3 ESMF_MOAB                   : enabled
20220204 013314.283 INFO             PET3 ESMF_LAPACK                 : enabled
20220204 013314.283 INFO             PET3 ESMF_NETCDF                 : disabled
20220204 013314.283 INFO             PET3 ESMF_PNETCDF                : disabled
20220204 013314.283 INFO             PET3 ESMF_PIO                    : enabled
20220204 013314.283 INFO             PET3 ESMF_YAMLCPP                : enabled
20220204 013314.284 INFO             PET3  NUMBER_OF_PROCESSORS           4
20220204 013314.284 INFO             PET3  PASS  Example ESMF_ArrayLarrayEx, ESMF_ArrayLarrayEx.F90, line 325
20220204 013314.284 INFO             PET3 Finalizing ESMF
