build time -- 2021-11-07 01:04:13.408864
20211107 012556.940 INFO             PET0 !!!!!!!!!!!!!!!!!!!!!!!!!!!!!!!!!!!!!!!!!!!!!!!!!!!!!!
20211107 012556.940 INFO             PET0 !!! THE ESMF_LOG IS SET TO OUTPUT ALL LOG MESSAGES !!!
20211107 012556.940 INFO             PET0 !!!     THIS MAY CAUSE SLOWDOWN IN PERFORMANCE     !!!
20211107 012556.940 INFO             PET0 !!! FOR PRODUCTION RUNS, USE:                      !!!
20211107 012556.940 INFO             PET0 !!!                   ESMF_LOGKIND_Multi_On_Error  !!!
20211107 012556.940 INFO             PET0 !!!!!!!!!!!!!!!!!!!!!!!!!!!!!!!!!!!!!!!!!!!!!!!!!!!!!!
20211107 012556.940 INFO             PET0 Running with ESMF Version   : ESMF_8_3_0_beta_snapshot_02-1-gd594fca699
20211107 012556.940 INFO             PET0 ESMF library build date/time: "Nov  7 2021" "01:03:07"
20211107 012556.940 INFO             PET0 ESMF library build location : /gpfsm/dnb04/projects/p98/mpotts/esmf/gfortran_8.3.0_intelmpi_O_develop
20211107 012556.940 INFO             PET0 ESMF_COMM                   : intelmpi
20211107 012556.940 INFO             PET0 ESMF_MOAB                   : enabled
20211107 012556.940 INFO             PET0 ESMF_LAPACK                 : enabled
20211107 012556.940 INFO             PET0 ESMF_NETCDF                 : disabled
20211107 012556.940 INFO             PET0 ESMF_PNETCDF                : disabled
20211107 012556.940 INFO             PET0 ESMF_PIO                    : enabled
20211107 012556.940 INFO             PET0 ESMF_YAMLCPP                : enabled
20211107 012556.949 INFO             PET0 ESMF_FieldRedistStoreNF(): Just entered routine.
20211107 012557.001 INFO             PET0 ESMF_FieldRedistStoreNF(): Leaving routine.
20211107 012557.003 INFO             PET0  NUMBER_OF_PROCESSORS           4
20211107 012557.003 INFO             PET0  PASS  Example ESMF_RHandleFromRHandleEx, ESMF_RHandleFromRHandleEx.F90, line 660
20211107 012557.003 INFO             PET0 Finalizing ESMF
20211107 012556.939 INFO             PET1 !!!!!!!!!!!!!!!!!!!!!!!!!!!!!!!!!!!!!!!!!!!!!!!!!!!!!!
20211107 012556.939 INFO             PET1 !!! THE ESMF_LOG IS SET TO OUTPUT ALL LOG MESSAGES !!!
20211107 012556.939 INFO             PET1 !!!     THIS MAY CAUSE SLOWDOWN IN PERFORMANCE     !!!
20211107 012556.939 INFO             PET1 !!! FOR PRODUCTION RUNS, USE:                      !!!
20211107 012556.939 INFO             PET1 !!!                   ESMF_LOGKIND_Multi_On_Error  !!!
20211107 012556.939 INFO             PET1 !!!!!!!!!!!!!!!!!!!!!!!!!!!!!!!!!!!!!!!!!!!!!!!!!!!!!!
20211107 012556.939 INFO             PET1 Running with ESMF Version   : ESMF_8_3_0_beta_snapshot_02-1-gd594fca699
20211107 012556.939 INFO             PET1 ESMF library build date/time: "Nov  7 2021" "01:03:07"
20211107 012556.939 INFO             PET1 ESMF library build location : /gpfsm/dnb04/projects/p98/mpotts/esmf/gfortran_8.3.0_intelmpi_O_develop
20211107 012556.939 INFO             PET1 ESMF_COMM                   : intelmpi
20211107 012556.940 INFO             PET1 ESMF_MOAB                   : enabled
20211107 012556.940 INFO             PET1 ESMF_LAPACK                 : enabled
20211107 012556.940 INFO             PET1 ESMF_NETCDF                 : disabled
20211107 012556.940 INFO             PET1 ESMF_PNETCDF                : disabled
20211107 012556.940 INFO             PET1 ESMF_PIO                    : enabled
20211107 012556.940 INFO             PET1 ESMF_YAMLCPP                : enabled
20211107 012556.949 INFO             PET1 ESMF_FieldRedistStoreNF(): Just entered routine.
20211107 012557.001 INFO             PET1 ESMF_FieldRedistStoreNF(): Leaving routine.
20211107 012557.003 INFO             PET1  NUMBER_OF_PROCESSORS           4
20211107 012557.003 INFO             PET1  PASS  Example ESMF_RHandleFromRHandleEx, ESMF_RHandleFromRHandleEx.F90, line 660
20211107 012557.003 INFO             PET1 Finalizing ESMF
20211107 012556.940 INFO             PET2 !!!!!!!!!!!!!!!!!!!!!!!!!!!!!!!!!!!!!!!!!!!!!!!!!!!!!!
20211107 012556.940 INFO             PET2 !!! THE ESMF_LOG IS SET TO OUTPUT ALL LOG MESSAGES !!!
20211107 012556.940 INFO             PET2 !!!     THIS MAY CAUSE SLOWDOWN IN PERFORMANCE     !!!
20211107 012556.940 INFO             PET2 !!! FOR PRODUCTION RUNS, USE:                      !!!
20211107 012556.940 INFO             PET2 !!!                   ESMF_LOGKIND_Multi_On_Error  !!!
20211107 012556.940 INFO             PET2 !!!!!!!!!!!!!!!!!!!!!!!!!!!!!!!!!!!!!!!!!!!!!!!!!!!!!!
20211107 012556.940 INFO             PET2 Running with ESMF Version   : ESMF_8_3_0_beta_snapshot_02-1-gd594fca699
20211107 012556.940 INFO             PET2 ESMF library build date/time: "Nov  7 2021" "01:03:07"
20211107 012556.940 INFO             PET2 ESMF library build location : /gpfsm/dnb04/projects/p98/mpotts/esmf/gfortran_8.3.0_intelmpi_O_develop
20211107 012556.940 INFO             PET2 ESMF_COMM                   : intelmpi
20211107 012556.941 INFO             PET2 ESMF_MOAB                   : enabled
20211107 012556.941 INFO             PET2 ESMF_LAPACK                 : enabled
20211107 012556.941 INFO             PET2 ESMF_NETCDF                 : disabled
20211107 012556.941 INFO             PET2 ESMF_PNETCDF                : disabled
20211107 012556.941 INFO             PET2 ESMF_PIO                    : enabled
20211107 012556.941 INFO             PET2 ESMF_YAMLCPP                : enabled
20211107 012556.949 INFO             PET2 ESMF_FieldRedistStoreNF(): Just entered routine.
20211107 012557.001 INFO             PET2 ESMF_FieldRedistStoreNF(): Leaving routine.
20211107 012557.004 INFO             PET2  NUMBER_OF_PROCESSORS           4
20211107 012557.004 INFO             PET2  PASS  Example ESMF_RHandleFromRHandleEx, ESMF_RHandleFromRHandleEx.F90, line 660
20211107 012557.004 INFO             PET2 Finalizing ESMF
20211107 012556.940 INFO             PET3 !!!!!!!!!!!!!!!!!!!!!!!!!!!!!!!!!!!!!!!!!!!!!!!!!!!!!!
20211107 012556.940 INFO             PET3 !!! THE ESMF_LOG IS SET TO OUTPUT ALL LOG MESSAGES !!!
20211107 012556.940 INFO             PET3 !!!     THIS MAY CAUSE SLOWDOWN IN PERFORMANCE     !!!
20211107 012556.940 INFO             PET3 !!! FOR PRODUCTION RUNS, USE:                      !!!
20211107 012556.940 INFO             PET3 !!!                   ESMF_LOGKIND_Multi_On_Error  !!!
20211107 012556.940 INFO             PET3 !!!!!!!!!!!!!!!!!!!!!!!!!!!!!!!!!!!!!!!!!!!!!!!!!!!!!!
20211107 012556.940 INFO             PET3 Running with ESMF Version   : ESMF_8_3_0_beta_snapshot_02-1-gd594fca699
20211107 012556.940 INFO             PET3 ESMF library build date/time: "Nov  7 2021" "01:03:07"
20211107 012556.940 INFO             PET3 ESMF library build location : /gpfsm/dnb04/projects/p98/mpotts/esmf/gfortran_8.3.0_intelmpi_O_develop
20211107 012556.940 INFO             PET3 ESMF_COMM                   : intelmpi
20211107 012556.940 INFO             PET3 ESMF_MOAB                   : enabled
20211107 012556.940 INFO             PET3 ESMF_LAPACK                 : enabled
20211107 012556.940 INFO             PET3 ESMF_NETCDF                 : disabled
20211107 012556.940 INFO             PET3 ESMF_PNETCDF                : disabled
20211107 012556.940 INFO             PET3 ESMF_PIO                    : enabled
20211107 012556.940 INFO             PET3 ESMF_YAMLCPP                : enabled
20211107 012556.949 INFO             PET3 ESMF_FieldRedistStoreNF(): Just entered routine.
20211107 012557.001 INFO             PET3 ESMF_FieldRedistStoreNF(): Leaving routine.
20211107 012557.005 INFO             PET3  NUMBER_OF_PROCESSORS           4
20211107 012557.005 INFO             PET3  PASS  Example ESMF_RHandleFromRHandleEx, ESMF_RHandleFromRHandleEx.F90, line 660
20211107 012557.005 INFO             PET3 Finalizing ESMF
