build time -- 2022-02-14 02:04:22.662365
20220214 021952.666 INFO             PET0 !!!!!!!!!!!!!!!!!!!!!!!!!!!!!!!!!!!!!!!!!!!!!!!!!!!!!!
20220214 021952.666 INFO             PET0 !!! THE ESMF_LOG IS SET TO OUTPUT ALL LOG MESSAGES !!!
20220214 021952.666 INFO             PET0 !!!     THIS MAY CAUSE SLOWDOWN IN PERFORMANCE     !!!
20220214 021952.666 INFO             PET0 !!! FOR PRODUCTION RUNS, USE:                      !!!
20220214 021952.666 INFO             PET0 !!!                   ESMF_LOGKIND_Multi_On_Error  !!!
20220214 021952.666 INFO             PET0 !!!!!!!!!!!!!!!!!!!!!!!!!!!!!!!!!!!!!!!!!!!!!!!!!!!!!!
20220214 021952.666 INFO             PET0 Running with ESMF Version   : ESMF_8_3_0_beta_snapshot_06-14-g9f69d9060c
20220214 021952.666 INFO             PET0 ESMF library build date/time: "Feb 14 2022" "02:03:43"
20220214 021952.666 INFO             PET0 ESMF library build location : /home/mpotts/intel_2021.2_intelmpi_O_develop
20220214 021952.666 INFO             PET0 ESMF_COMM                   : intelmpi
20220214 021952.666 INFO             PET0 ESMF_MOAB                   : enabled
20220214 021952.666 INFO             PET0 ESMF_LAPACK                 : enabled
20220214 021952.666 INFO             PET0 ESMF_NETCDF                 : enabled
20220214 021952.666 INFO             PET0 ESMF_PNETCDF                : disabled
20220214 021952.666 INFO             PET0 ESMF_PIO                    : enabled
20220214 021952.666 INFO             PET0 ESMF_YAMLCPP                : enabled
20220214 021952.666 INFO             PET0  NUMBER_OF_PROCESSORS           1
20220214 021952.667 INFO             PET0  PASS  Example ESMF_TimeIntervalEx, ESMF_TimeIntervalEx.F90, line 176
20220214 021952.667 INFO             PET0 Finalizing ESMF
