build time -- 2022-02-02 01:43:17.019001
20220202 024230.464 INFO             PET0 !!!!!!!!!!!!!!!!!!!!!!!!!!!!!!!!!!!!!!!!!!!!!!!!!!!!!!
20220202 024230.464 INFO             PET0 !!! THE ESMF_LOG IS SET TO OUTPUT ALL LOG MESSAGES !!!
20220202 024230.464 INFO             PET0 !!!     THIS MAY CAUSE SLOWDOWN IN PERFORMANCE     !!!
20220202 024230.464 INFO             PET0 !!! FOR PRODUCTION RUNS, USE:                      !!!
20220202 024230.464 INFO             PET0 !!!                   ESMF_LOGKIND_Multi_On_Error  !!!
20220202 024230.464 INFO             PET0 !!!!!!!!!!!!!!!!!!!!!!!!!!!!!!!!!!!!!!!!!!!!!!!!!!!!!!
20220202 024230.464 INFO             PET0 Running with ESMF Version   : ESMF_8_3_0_beta_snapshot_06-10-gce27d44403
20220202 024230.464 INFO             PET0 ESMF library build date/time: "Feb  2 2022" "01:39:33"
20220202 024230.464 INFO             PET0 ESMF library build location : /gpfsm/dnb04/projects/p98/mpotts/esmf/pgi_2020_mpiuni_O_develop
20220202 024230.464 INFO             PET0 ESMF_COMM                   : mpiuni
20220202 024230.464 INFO             PET0 ESMF_MOAB                   : enabled
20220202 024230.464 INFO             PET0 ESMF_LAPACK                 : enabled
20220202 024230.464 INFO             PET0 ESMF_NETCDF                 : disabled
20220202 024230.464 INFO             PET0 ESMF_PNETCDF                : disabled
20220202 024230.464 INFO             PET0 ESMF_PIO                    : disabled
20220202 024230.464 INFO             PET0 ESMF_YAMLCPP                : enabled
20220202 024230.465 INFO             PET0  NUMBER_OF_PROCESSORS            1
20220202 024230.465 INFO             PET0  PASS  Example ESMF_CplEx, ESMF_CplEx.F90, line 457
20220202 024230.465 INFO             PET0 Finalizing ESMF
