build time -- 2022-01-11 06:01:11
20220111 062655.485 INFO             PET0 !!!!!!!!!!!!!!!!!!!!!!!!!!!!!!!!!!!!!!!!!!!!!!!!!!!!!!
20220111 062655.485 INFO             PET0 !!! THE ESMF_LOG IS SET TO OUTPUT ALL LOG MESSAGES !!!
20220111 062655.485 INFO             PET0 !!!     THIS MAY CAUSE SLOWDOWN IN PERFORMANCE     !!!
20220111 062655.485 INFO             PET0 !!! FOR PRODUCTION RUNS, USE:                      !!!
20220111 062655.485 INFO             PET0 !!!                   ESMF_LOGKIND_Multi_On_Error  !!!
20220111 062655.485 INFO             PET0 !!!!!!!!!!!!!!!!!!!!!!!!!!!!!!!!!!!!!!!!!!!!!!!!!!!!!!
20220111 062655.485 INFO             PET0 Running with ESMF Version   : ESMF_8_3_0_beta_snapshot_05-1-g3e9d170f1f
20220111 062655.485 INFO             PET0 ESMF library build date/time: "Jan 11 2022" "05:59:51"
20220111 062655.485 INFO             PET0 ESMF library build location : /scratch1/NCEPDEV/stmp2/role.esmfmaint/gfortran_9.2.0_openmpi_g_develop
20220111 062655.485 INFO             PET0 ESMF_COMM                   : openmpi
20220111 062655.485 INFO             PET0 ESMF_MOAB                   : enabled
20220111 062655.485 INFO             PET0 ESMF_LAPACK                 : enabled
20220111 062655.485 INFO             PET0 ESMF_NETCDF                 : enabled
20220111 062655.485 INFO             PET0 ESMF_PNETCDF                : disabled
20220111 062655.485 INFO             PET0 ESMF_PIO                    : enabled
20220111 062655.485 INFO             PET0 ESMF_YAMLCPP                : enabled
20220111 062655.486 INFO             PET0  NUMBER_OF_PROCESSORS           1
20220111 062655.486 INFO             PET0  PASS  Example ESMF_TimeIntervalEx, ESMF_TimeIntervalEx.F90, line 176
20220111 062655.486 INFO             PET0 Finalizing ESMF
