build time -- 2022-02-12 06:01:44
20220212 062547.508 INFO             PET0 !!!!!!!!!!!!!!!!!!!!!!!!!!!!!!!!!!!!!!!!!!!!!!!!!!!!!!
20220212 062547.508 INFO             PET0 !!! THE ESMF_LOG IS SET TO OUTPUT ALL LOG MESSAGES !!!
20220212 062547.508 INFO             PET0 !!!     THIS MAY CAUSE SLOWDOWN IN PERFORMANCE     !!!
20220212 062547.508 INFO             PET0 !!! FOR PRODUCTION RUNS, USE:                      !!!
20220212 062547.508 INFO             PET0 !!!                   ESMF_LOGKIND_Multi_On_Error  !!!
20220212 062547.508 INFO             PET0 !!!!!!!!!!!!!!!!!!!!!!!!!!!!!!!!!!!!!!!!!!!!!!!!!!!!!!
20220212 062547.508 INFO             PET0 Running with ESMF Version   : ESMF_8_3_0_beta_snapshot_06-14-g9f69d9060c
20220212 062547.508 INFO             PET0 ESMF library build date/time: "Feb 12 2022" "06:00:20"
20220212 062547.508 INFO             PET0 ESMF library build location : /scratch1/NCEPDEV/stmp2/role.esmfmaint/gfortran_9.2.0_openmpi_g_develop
20220212 062547.508 INFO             PET0 ESMF_COMM                   : openmpi
20220212 062547.509 INFO             PET0 ESMF_MOAB                   : enabled
20220212 062547.509 INFO             PET0 ESMF_LAPACK                 : enabled
20220212 062547.509 INFO             PET0 ESMF_NETCDF                 : enabled
20220212 062547.509 INFO             PET0 ESMF_PNETCDF                : disabled
20220212 062547.509 INFO             PET0 ESMF_PIO                    : enabled
20220212 062547.509 INFO             PET0 ESMF_YAMLCPP                : enabled
20220212 062547.511 INFO             PET0  NUMBER_OF_PROCESSORS           4
20220212 062547.511 INFO             PET0  PASS  Example ESMF_ArrayFarrayHaloEx, ESMF_ArrayFarrayHaloEx.F90, line 177
20220212 062547.511 INFO             PET0 Finalizing ESMF
20220212 062547.508 INFO             PET1 !!!!!!!!!!!!!!!!!!!!!!!!!!!!!!!!!!!!!!!!!!!!!!!!!!!!!!
20220212 062547.508 INFO             PET1 !!! THE ESMF_LOG IS SET TO OUTPUT ALL LOG MESSAGES !!!
20220212 062547.508 INFO             PET1 !!!     THIS MAY CAUSE SLOWDOWN IN PERFORMANCE     !!!
20220212 062547.508 INFO             PET1 !!! FOR PRODUCTION RUNS, USE:                      !!!
20220212 062547.508 INFO             PET1 !!!                   ESMF_LOGKIND_Multi_On_Error  !!!
20220212 062547.508 INFO             PET1 !!!!!!!!!!!!!!!!!!!!!!!!!!!!!!!!!!!!!!!!!!!!!!!!!!!!!!
20220212 062547.508 INFO             PET1 Running with ESMF Version   : ESMF_8_3_0_beta_snapshot_06-14-g9f69d9060c
20220212 062547.508 INFO             PET1 ESMF library build date/time: "Feb 12 2022" "06:00:20"
20220212 062547.508 INFO             PET1 ESMF library build location : /scratch1/NCEPDEV/stmp2/role.esmfmaint/gfortran_9.2.0_openmpi_g_develop
20220212 062547.508 INFO             PET1 ESMF_COMM                   : openmpi
20220212 062547.509 INFO             PET1 ESMF_MOAB                   : enabled
20220212 062547.509 INFO             PET1 ESMF_LAPACK                 : enabled
20220212 062547.509 INFO             PET1 ESMF_NETCDF                 : enabled
20220212 062547.509 INFO             PET1 ESMF_PNETCDF                : disabled
20220212 062547.509 INFO             PET1 ESMF_PIO                    : enabled
20220212 062547.509 INFO             PET1 ESMF_YAMLCPP                : enabled
20220212 062547.511 INFO             PET1  NUMBER_OF_PROCESSORS           4
20220212 062547.511 INFO             PET1  PASS  Example ESMF_ArrayFarrayHaloEx, ESMF_ArrayFarrayHaloEx.F90, line 177
20220212 062547.511 INFO             PET1 Finalizing ESMF
20220212 062547.508 INFO             PET2 !!!!!!!!!!!!!!!!!!!!!!!!!!!!!!!!!!!!!!!!!!!!!!!!!!!!!!
20220212 062547.508 INFO             PET2 !!! THE ESMF_LOG IS SET TO OUTPUT ALL LOG MESSAGES !!!
20220212 062547.508 INFO             PET2 !!!     THIS MAY CAUSE SLOWDOWN IN PERFORMANCE     !!!
20220212 062547.508 INFO             PET2 !!! FOR PRODUCTION RUNS, USE:                      !!!
20220212 062547.508 INFO             PET2 !!!                   ESMF_LOGKIND_Multi_On_Error  !!!
20220212 062547.508 INFO             PET2 !!!!!!!!!!!!!!!!!!!!!!!!!!!!!!!!!!!!!!!!!!!!!!!!!!!!!!
20220212 062547.508 INFO             PET2 Running with ESMF Version   : ESMF_8_3_0_beta_snapshot_06-14-g9f69d9060c
20220212 062547.508 INFO             PET2 ESMF library build date/time: "Feb 12 2022" "06:00:20"
20220212 062547.508 INFO             PET2 ESMF library build location : /scratch1/NCEPDEV/stmp2/role.esmfmaint/gfortran_9.2.0_openmpi_g_develop
20220212 062547.508 INFO             PET2 ESMF_COMM                   : openmpi
20220212 062547.509 INFO             PET2 ESMF_MOAB                   : enabled
20220212 062547.509 INFO             PET2 ESMF_LAPACK                 : enabled
20220212 062547.509 INFO             PET2 ESMF_NETCDF                 : enabled
20220212 062547.509 INFO             PET2 ESMF_PNETCDF                : disabled
20220212 062547.509 INFO             PET2 ESMF_PIO                    : enabled
20220212 062547.509 INFO             PET2 ESMF_YAMLCPP                : enabled
20220212 062547.511 INFO             PET2  NUMBER_OF_PROCESSORS           4
20220212 062547.511 INFO             PET2  PASS  Example ESMF_ArrayFarrayHaloEx, ESMF_ArrayFarrayHaloEx.F90, line 177
20220212 062547.511 INFO             PET2 Finalizing ESMF
20220212 062547.508 INFO             PET3 !!!!!!!!!!!!!!!!!!!!!!!!!!!!!!!!!!!!!!!!!!!!!!!!!!!!!!
20220212 062547.508 INFO             PET3 !!! THE ESMF_LOG IS SET TO OUTPUT ALL LOG MESSAGES !!!
20220212 062547.508 INFO             PET3 !!!     THIS MAY CAUSE SLOWDOWN IN PERFORMANCE     !!!
20220212 062547.508 INFO             PET3 !!! FOR PRODUCTION RUNS, USE:                      !!!
20220212 062547.508 INFO             PET3 !!!                   ESMF_LOGKIND_Multi_On_Error  !!!
20220212 062547.508 INFO             PET3 !!!!!!!!!!!!!!!!!!!!!!!!!!!!!!!!!!!!!!!!!!!!!!!!!!!!!!
20220212 062547.508 INFO             PET3 Running with ESMF Version   : ESMF_8_3_0_beta_snapshot_06-14-g9f69d9060c
20220212 062547.508 INFO             PET3 ESMF library build date/time: "Feb 12 2022" "06:00:20"
20220212 062547.508 INFO             PET3 ESMF library build location : /scratch1/NCEPDEV/stmp2/role.esmfmaint/gfortran_9.2.0_openmpi_g_develop
20220212 062547.508 INFO             PET3 ESMF_COMM                   : openmpi
20220212 062547.508 INFO             PET3 ESMF_MOAB                   : enabled
20220212 062547.508 INFO             PET3 ESMF_LAPACK                 : enabled
20220212 062547.508 INFO             PET3 ESMF_NETCDF                 : enabled
20220212 062547.508 INFO             PET3 ESMF_PNETCDF                : disabled
20220212 062547.508 INFO             PET3 ESMF_PIO                    : enabled
20220212 062547.508 INFO             PET3 ESMF_YAMLCPP                : enabled
20220212 062547.511 INFO             PET3  NUMBER_OF_PROCESSORS           4
20220212 062547.511 INFO             PET3  PASS  Example ESMF_ArrayFarrayHaloEx, ESMF_ArrayFarrayHaloEx.F90, line 177
20220212 062547.511 INFO             PET3 Finalizing ESMF
