build time -- 2021-10-08 07:57:26
[1633682419.679501] [h3c30:7637 :0]         mxm.c:196  MXM  WARN  The 'ulimit -s' on the system is set to 'unlimited'. This may have negative performance implications. Please set the stack size to the default value (10240) 
[1633682419.684436] [h3c30:7637 :0]         mxm.c:196  MXM  WARN  The 'ulimit -s' on the system is set to 'unlimited'. This may have negative performance implications. Please set the stack size to the default value (10240) 
[1633682419.686401] [h3c30:7638 :0]         mxm.c:196  MXM  WARN  The 'ulimit -s' on the system is set to 'unlimited'. This may have negative performance implications. Please set the stack size to the default value (10240) 
[1633682419.691399] [h3c30:7638 :0]         mxm.c:196  MXM  WARN  The 'ulimit -s' on the system is set to 'unlimited'. This may have negative performance implications. Please set the stack size to the default value (10240) 
[1633682419.686347] [h3c30:7640 :0]         mxm.c:196  MXM  WARN  The 'ulimit -s' on the system is set to 'unlimited'. This may have negative performance implications. Please set the stack size to the default value (10240) 
[1633682419.691340] [h3c30:7640 :0]         mxm.c:196  MXM  WARN  The 'ulimit -s' on the system is set to 'unlimited'. This may have negative performance implications. Please set the stack size to the default value (10240) 
[1633682419.679254] [h3c30:7639 :0]         mxm.c:196  MXM  WARN  The 'ulimit -s' on the system is set to 'unlimited'. This may have negative performance implications. Please set the stack size to the default value (10240) 
[1633682419.684306] [h3c30:7639 :0]         mxm.c:196  MXM  WARN  The 'ulimit -s' on the system is set to 'unlimited'. This may have negative performance implications. Please set the stack size to the default value (10240) 
 Field Create from a Grid and a Fortran data array returned
 Field Create from a Grid and a Fortran data array returned
 Field Create from a Grid and a Fortran data array returned
 Field Create from a Grid and a Fortran data array returned
 Field Create from a Grid and a Fortran data array returned
 Field Create from a Grid and a Fortran data array returned
 Field Create from a Grid and a Fortran data array returned
 Field Create from a Grid and a Fortran data array returned
 Field Create from a Grid and a Fortran data array returned
 Field Create from a Grid and a Fortran data array returned
 Field Create from a Grid and a Fortran data array returned
 Field Create from a Grid and a Fortran data array returned
 Field Create from a Grid and a Fortran data array returned
 Field Create from a Grid and a Fortran data array returned
 Field Create from a Grid and a Fortran data array returned
 Field Create from a Grid and a Fortran data array returned
 Field Create from a Grid and a Fortran data array returned
 Field Create from a Grid and a Fortran data array returned
 Field Create from a Grid and a Fortran data array returned
 Field Create from a LocStream, typekind, and rank returned
 Field Create from a LocStream, typekind, and rank returned
 Field Create from a LocStream, typekind, and rank returned
 Field Create from a LocStream and an Arrayspec returned
 Field Create from a LocStream and an Arrayspec returned
 Field Create from a LocStream and an Arrayspec returned
 Field Create from a Grid and a Fortran data array returned
 Field Create from a LocStream, typekind, and rank returned
 Field Create from a LocStream and an Arrayspec returned
 Field Create from a Mesh and typekind/rank returned
 Field Create from a Mesh and typekind/rank returned
 Field Create from a Mesh and typekind/rank returned
 Field Create from a Mesh and typekind/rank returned
 Field Create from a Mesh and an Arrayspec returned
 Field Create from a Mesh and an Arrayspec returned
 Field Create from a Mesh and an Arrayspec returned
 Field Create from a Mesh and an Arrayspec returned
 Field Create from a Mesh and an Array returned
 Field Create from a Mesh and an Array returned
 Field Create from a Mesh and an Array returned
 Field Create from a Mesh and an Array returned
 Field Create from a Mesh and an ArraySpec with ungridded dimension returned
 Field Create from a Mesh and an ArraySpec with ungridded dimension returned
 Field Create from a Mesh and an ArraySpec with ungridded dimension returned
 Field Create from a Mesh and an ArraySpec with ungridded dimension returned
  PASS  Example ESMF_FieldCreateEx, ESMF_FieldCreateEx.F90, line 1058
  PASS  Example ESMF_FieldCreateEx, ESMF_FieldCreateEx.F90, line 1058
  PASS  Example ESMF_FieldCreateEx, ESMF_FieldCreateEx.F90, line 1058
  PASS  Example ESMF_FieldCreateEx, ESMF_FieldCreateEx.F90, line 1058
 PASS: ESMF_FieldCreateEx.F90
 PASS: ESMF_FieldCreateEx.F90
 PASS: ESMF_FieldCreateEx.F90
 PASS: ESMF_FieldCreateEx.F90
