build time -- 2021-10-08 07:57:26
20211008 083908.306 INFO             PET0 !!!!!!!!!!!!!!!!!!!!!!!!!!!!!!!!!!!!!!!!!!!!!!!!!!!!!!
20211008 083908.307 INFO             PET0 !!! THE ESMF_LOG IS SET TO OUTPUT ALL LOG MESSAGES !!!
20211008 083908.307 INFO             PET0 !!!     THIS MAY CAUSE SLOWDOWN IN PERFORMANCE     !!!
20211008 083908.307 INFO             PET0 !!! FOR PRODUCTION RUNS, USE:                      !!!
20211008 083908.307 INFO             PET0 !!!                   ESMF_LOGKIND_Multi_On_Error  !!!
20211008 083908.307 INFO             PET0 !!!!!!!!!!!!!!!!!!!!!!!!!!!!!!!!!!!!!!!!!!!!!!!!!!!!!!
20211008 083908.307 INFO             PET0 Running with ESMF Version   : ESMF_8_3_0_beta_snapshot_00-2-g6354f297d2
20211008 083908.307 INFO             PET0 ESMF library build date/time: "Oct  8 2021" "07:56:06"
20211008 083908.307 INFO             PET0 ESMF library build location : /scratch1/NCEPDEV/stmp2/Mark.Potts/gfortran_9.2.0_openmpi_g_develop
20211008 083908.307 INFO             PET0 ESMF_COMM                   : openmpi
20211008 083908.307 INFO             PET0 ESMF_MOAB                   : enabled
20211008 083908.307 INFO             PET0 ESMF_LAPACK                 : enabled
20211008 083908.307 INFO             PET0 ESMF_NETCDF                 : enabled
20211008 083908.307 INFO             PET0 ESMF_PNETCDF                : disabled
20211008 083908.307 INFO             PET0 ESMF_PIO                    : enabled
20211008 083908.307 INFO             PET0 ESMF_YAMLCPP                : enabled
20211008 083908.308 INFO             PET0  NUMBER_OF_PROCESSORS           1
20211008 083908.308 INFO             PET0  PASS  Example ESMF_AlarmEx, ESMF_AlarmEx.F90, line 244
20211008 083908.308 INFO             PET0 Finalizing ESMF
