build time -- 2021-11-20 06:20:02
[1637390740.568198] [h8c49:75754:0]         mxm.c:196  MXM  WARN  The 'ulimit -s' on the system is set to 'unlimited'. This may have negative performance implications. Please set the stack size to the default value (10240) 
[1637390740.573082] [h8c49:75754:0]         mxm.c:196  MXM  WARN  The 'ulimit -s' on the system is set to 'unlimited'. This may have negative performance implications. Please set the stack size to the default value (10240) 
[1637390740.574444] [h8c49:75753:0]         mxm.c:196  MXM  WARN  The 'ulimit -s' on the system is set to 'unlimited'. This may have negative performance implications. Please set the stack size to the default value (10240) 
[1637390740.579728] [h8c49:75753:0]         mxm.c:196  MXM  WARN  The 'ulimit -s' on the system is set to 'unlimited'. This may have negative performance implications. Please set the stack size to the default value (10240) 
[1637390740.574407] [h8c49:75755:0]         mxm.c:196  MXM  WARN  The 'ulimit -s' on the system is set to 'unlimited'. This may have negative performance implications. Please set the stack size to the default value (10240) 
[1637390740.579629] [h8c49:75755:0]         mxm.c:196  MXM  WARN  The 'ulimit -s' on the system is set to 'unlimited'. This may have negative performance implications. Please set the stack size to the default value (10240) 
[1637390740.568036] [h8c49:75752:0]         mxm.c:196  MXM  WARN  The 'ulimit -s' on the system is set to 'unlimited'. This may have negative performance implications. Please set the stack size to the default value (10240) 
[1637390740.572921] [h8c49:75752:0]         mxm.c:196  MXM  WARN  The 'ulimit -s' on the system is set to 'unlimited'. This may have negative performance implications. Please set the stack size to the default value (10240) 
 Returned values from ArraySpec:
 rank =           2
 Returned values from ArraySpec:
 rank =           2
  PASS  Example ESMF_ArraySpecEx, ESMF_ArraySpecEx.F90, line 96
 Returned values from ArraySpec:
 rank =           2
  PASS  Example ESMF_ArraySpecEx, ESMF_ArraySpecEx.F90, line 96
 Returned values from ArraySpec:
 rank =           2
  PASS  Example ESMF_ArraySpecEx, ESMF_ArraySpecEx.F90, line 96
  PASS  Example ESMF_ArraySpecEx, ESMF_ArraySpecEx.F90, line 96
 PASS: ESMF_ArraySpecEx.F90
 PASS: ESMF_ArraySpecEx.F90
 PASS: ESMF_ArraySpecEx.F90
 PASS: ESMF_ArraySpecEx.F90
