build time -- 2021-10-08 07:57:26
20211008 084140.459 INFO             PET0 !!!!!!!!!!!!!!!!!!!!!!!!!!!!!!!!!!!!!!!!!!!!!!!!!!!!!!
20211008 084140.459 INFO             PET0 !!! THE ESMF_LOG IS SET TO OUTPUT ALL LOG MESSAGES !!!
20211008 084140.459 INFO             PET0 !!!     THIS MAY CAUSE SLOWDOWN IN PERFORMANCE     !!!
20211008 084140.459 INFO             PET0 !!! FOR PRODUCTION RUNS, USE:                      !!!
20211008 084140.459 INFO             PET0 !!!                   ESMF_LOGKIND_Multi_On_Error  !!!
20211008 084140.459 INFO             PET0 !!!!!!!!!!!!!!!!!!!!!!!!!!!!!!!!!!!!!!!!!!!!!!!!!!!!!!
20211008 084140.459 INFO             PET0 Running with ESMF Version   : ESMF_8_3_0_beta_snapshot_00-2-g6354f297d2
20211008 084140.459 INFO             PET0 ESMF library build date/time: "Oct  8 2021" "07:56:06"
20211008 084140.459 INFO             PET0 ESMF library build location : /scratch1/NCEPDEV/stmp2/Mark.Potts/gfortran_9.2.0_openmpi_g_develop
20211008 084140.459 INFO             PET0 ESMF_COMM                   : openmpi
20211008 084140.460 INFO             PET0 ESMF_MOAB                   : enabled
20211008 084140.460 INFO             PET0 ESMF_LAPACK                 : enabled
20211008 084140.460 INFO             PET0 ESMF_NETCDF                 : enabled
20211008 084140.460 INFO             PET0 ESMF_PNETCDF                : disabled
20211008 084140.460 INFO             PET0 ESMF_PIO                    : enabled
20211008 084140.460 INFO             PET0 ESMF_YAMLCPP                : enabled
20211008 084140.561 DEBUG            PET0 about to destroy Grid: 0x28a71c0
20211008 084140.580 DEBUG            PET0 about to destroy Grid: 0x28a8a20
20211008 084140.612 INFO             PET0  NUMBER_OF_PROCESSORS           4
20211008 084140.612 INFO             PET0  PASS  Example ESMF_NUOPCAtmModelEx, ESMF_NUOPCAtmModelEx.F90, line 806
20211008 084140.612 INFO             PET0 Finalizing ESMF
20211008 084140.459 INFO             PET1 !!!!!!!!!!!!!!!!!!!!!!!!!!!!!!!!!!!!!!!!!!!!!!!!!!!!!!
20211008 084140.460 INFO             PET1 !!! THE ESMF_LOG IS SET TO OUTPUT ALL LOG MESSAGES !!!
20211008 084140.460 INFO             PET1 !!!     THIS MAY CAUSE SLOWDOWN IN PERFORMANCE     !!!
20211008 084140.460 INFO             PET1 !!! FOR PRODUCTION RUNS, USE:                      !!!
20211008 084140.460 INFO             PET1 !!!                   ESMF_LOGKIND_Multi_On_Error  !!!
20211008 084140.460 INFO             PET1 !!!!!!!!!!!!!!!!!!!!!!!!!!!!!!!!!!!!!!!!!!!!!!!!!!!!!!
20211008 084140.460 INFO             PET1 Running with ESMF Version   : ESMF_8_3_0_beta_snapshot_00-2-g6354f297d2
20211008 084140.460 INFO             PET1 ESMF library build date/time: "Oct  8 2021" "07:56:06"
20211008 084140.460 INFO             PET1 ESMF library build location : /scratch1/NCEPDEV/stmp2/Mark.Potts/gfortran_9.2.0_openmpi_g_develop
20211008 084140.460 INFO             PET1 ESMF_COMM                   : openmpi
20211008 084140.460 INFO             PET1 ESMF_MOAB                   : enabled
20211008 084140.460 INFO             PET1 ESMF_LAPACK                 : enabled
20211008 084140.460 INFO             PET1 ESMF_NETCDF                 : enabled
20211008 084140.460 INFO             PET1 ESMF_PNETCDF                : disabled
20211008 084140.460 INFO             PET1 ESMF_PIO                    : enabled
20211008 084140.460 INFO             PET1 ESMF_YAMLCPP                : enabled
20211008 084140.561 DEBUG            PET1 about to destroy Grid: 0x18c7680
20211008 084140.580 DEBUG            PET1 about to destroy Grid: 0x18c84d0
20211008 084140.612 INFO             PET1  NUMBER_OF_PROCESSORS           4
20211008 084140.612 INFO             PET1  PASS  Example ESMF_NUOPCAtmModelEx, ESMF_NUOPCAtmModelEx.F90, line 806
20211008 084140.612 INFO             PET1 Finalizing ESMF
20211008 084140.459 INFO             PET2 !!!!!!!!!!!!!!!!!!!!!!!!!!!!!!!!!!!!!!!!!!!!!!!!!!!!!!
20211008 084140.459 INFO             PET2 !!! THE ESMF_LOG IS SET TO OUTPUT ALL LOG MESSAGES !!!
20211008 084140.459 INFO             PET2 !!!     THIS MAY CAUSE SLOWDOWN IN PERFORMANCE     !!!
20211008 084140.459 INFO             PET2 !!! FOR PRODUCTION RUNS, USE:                      !!!
20211008 084140.459 INFO             PET2 !!!                   ESMF_LOGKIND_Multi_On_Error  !!!
20211008 084140.459 INFO             PET2 !!!!!!!!!!!!!!!!!!!!!!!!!!!!!!!!!!!!!!!!!!!!!!!!!!!!!!
20211008 084140.459 INFO             PET2 Running with ESMF Version   : ESMF_8_3_0_beta_snapshot_00-2-g6354f297d2
20211008 084140.459 INFO             PET2 ESMF library build date/time: "Oct  8 2021" "07:56:06"
20211008 084140.459 INFO             PET2 ESMF library build location : /scratch1/NCEPDEV/stmp2/Mark.Potts/gfortran_9.2.0_openmpi_g_develop
20211008 084140.459 INFO             PET2 ESMF_COMM                   : openmpi
20211008 084140.460 INFO             PET2 ESMF_MOAB                   : enabled
20211008 084140.460 INFO             PET2 ESMF_LAPACK                 : enabled
20211008 084140.460 INFO             PET2 ESMF_NETCDF                 : enabled
20211008 084140.460 INFO             PET2 ESMF_PNETCDF                : disabled
20211008 084140.460 INFO             PET2 ESMF_PIO                    : enabled
20211008 084140.460 INFO             PET2 ESMF_YAMLCPP                : enabled
20211008 084140.561 DEBUG            PET2 about to destroy Grid: 0x2833130
20211008 084140.580 DEBUG            PET2 about to destroy Grid: 0x2834610
20211008 084140.612 INFO             PET2  NUMBER_OF_PROCESSORS           4
20211008 084140.612 INFO             PET2  PASS  Example ESMF_NUOPCAtmModelEx, ESMF_NUOPCAtmModelEx.F90, line 806
20211008 084140.612 INFO             PET2 Finalizing ESMF
20211008 084140.459 INFO             PET3 !!!!!!!!!!!!!!!!!!!!!!!!!!!!!!!!!!!!!!!!!!!!!!!!!!!!!!
20211008 084140.459 INFO             PET3 !!! THE ESMF_LOG IS SET TO OUTPUT ALL LOG MESSAGES !!!
20211008 084140.459 INFO             PET3 !!!     THIS MAY CAUSE SLOWDOWN IN PERFORMANCE     !!!
20211008 084140.459 INFO             PET3 !!! FOR PRODUCTION RUNS, USE:                      !!!
20211008 084140.459 INFO             PET3 !!!                   ESMF_LOGKIND_Multi_On_Error  !!!
20211008 084140.459 INFO             PET3 !!!!!!!!!!!!!!!!!!!!!!!!!!!!!!!!!!!!!!!!!!!!!!!!!!!!!!
20211008 084140.459 INFO             PET3 Running with ESMF Version   : ESMF_8_3_0_beta_snapshot_00-2-g6354f297d2
20211008 084140.459 INFO             PET3 ESMF library build date/time: "Oct  8 2021" "07:56:06"
20211008 084140.459 INFO             PET3 ESMF library build location : /scratch1/NCEPDEV/stmp2/Mark.Potts/gfortran_9.2.0_openmpi_g_develop
20211008 084140.459 INFO             PET3 ESMF_COMM                   : openmpi
20211008 084140.459 INFO             PET3 ESMF_MOAB                   : enabled
20211008 084140.459 INFO             PET3 ESMF_LAPACK                 : enabled
20211008 084140.459 INFO             PET3 ESMF_NETCDF                 : enabled
20211008 084140.459 INFO             PET3 ESMF_PNETCDF                : disabled
20211008 084140.459 INFO             PET3 ESMF_PIO                    : enabled
20211008 084140.459 INFO             PET3 ESMF_YAMLCPP                : enabled
20211008 084140.561 DEBUG            PET3 about to destroy Grid: 0x25255d0
20211008 084140.580 DEBUG            PET3 about to destroy Grid: 0x25265f0
20211008 084140.611 INFO             PET3  NUMBER_OF_PROCESSORS           4
20211008 084140.611 INFO             PET3  PASS  Example ESMF_NUOPCAtmModelEx, ESMF_NUOPCAtmModelEx.F90, line 806
20211008 084140.611 INFO             PET3 Finalizing ESMF
