build time -- 2022-02-15 06:01:11
20220215 062400.567 INFO             PET0 !!!!!!!!!!!!!!!!!!!!!!!!!!!!!!!!!!!!!!!!!!!!!!!!!!!!!!
20220215 062400.567 INFO             PET0 !!! THE ESMF_LOG IS SET TO OUTPUT ALL LOG MESSAGES !!!
20220215 062400.567 INFO             PET0 !!!     THIS MAY CAUSE SLOWDOWN IN PERFORMANCE     !!!
20220215 062400.567 INFO             PET0 !!! FOR PRODUCTION RUNS, USE:                      !!!
20220215 062400.567 INFO             PET0 !!!                   ESMF_LOGKIND_Multi_On_Error  !!!
20220215 062400.567 INFO             PET0 !!!!!!!!!!!!!!!!!!!!!!!!!!!!!!!!!!!!!!!!!!!!!!!!!!!!!!
20220215 062400.567 INFO             PET0 Running with ESMF Version   : ESMF_8_3_0_beta_snapshot_06-14-g9f69d9060c
20220215 062400.567 INFO             PET0 ESMF library build date/time: "Feb 15 2022" "05:59:45"
20220215 062400.567 INFO             PET0 ESMF library build location : /scratch1/NCEPDEV/stmp2/role.esmfmaint/gfortran_9.2.0_openmpi_g_develop
20220215 062400.567 INFO             PET0 ESMF_COMM                   : openmpi
20220215 062400.568 INFO             PET0 ESMF_MOAB                   : enabled
20220215 062400.568 INFO             PET0 ESMF_LAPACK                 : enabled
20220215 062400.568 INFO             PET0 ESMF_NETCDF                 : enabled
20220215 062400.568 INFO             PET0 ESMF_PNETCDF                : disabled
20220215 062400.568 INFO             PET0 ESMF_PIO                    : enabled
20220215 062400.568 INFO             PET0 ESMF_YAMLCPP                : enabled
20220215 062400.568 INFO             PET0  NUMBER_OF_PROCESSORS           4
20220215 062400.568 INFO             PET0  PASS  Example ESMF_VMUserMpiCommMultiEx, ESMF_VMUserMpiCommMultiEx.F90, line 126
20220215 062400.568 INFO             PET0 Finalizing ESMF
20220215 062400.567 INFO             PET0 !!!!!!!!!!!!!!!!!!!!!!!!!!!!!!!!!!!!!!!!!!!!!!!!!!!!!!
20220215 062400.567 INFO             PET0 !!! THE ESMF_LOG IS SET TO OUTPUT ALL LOG MESSAGES !!!
20220215 062400.567 INFO             PET0 !!!     THIS MAY CAUSE SLOWDOWN IN PERFORMANCE     !!!
20220215 062400.567 INFO             PET0 !!! FOR PRODUCTION RUNS, USE:                      !!!
20220215 062400.567 INFO             PET0 !!!                   ESMF_LOGKIND_Multi_On_Error  !!!
20220215 062400.567 INFO             PET0 !!!!!!!!!!!!!!!!!!!!!!!!!!!!!!!!!!!!!!!!!!!!!!!!!!!!!!
20220215 062400.567 INFO             PET0 Running with ESMF Version   : ESMF_8_3_0_beta_snapshot_06-14-g9f69d9060c
20220215 062400.567 INFO             PET0 ESMF library build date/time: "Feb 15 2022" "05:59:45"
20220215 062400.567 INFO             PET0 ESMF library build location : /scratch1/NCEPDEV/stmp2/role.esmfmaint/gfortran_9.2.0_openmpi_g_develop
20220215 062400.567 INFO             PET0 ESMF_COMM                   : openmpi
20220215 062400.568 INFO             PET0 ESMF_MOAB                   : enabled
20220215 062400.568 INFO             PET0 ESMF_LAPACK                 : enabled
20220215 062400.568 INFO             PET0 ESMF_NETCDF                 : enabled
20220215 062400.568 INFO             PET0 ESMF_PNETCDF                : disabled
20220215 062400.568 INFO             PET0 ESMF_PIO                    : enabled
20220215 062400.568 INFO             PET0 ESMF_YAMLCPP                : enabled
20220215 062400.568 INFO             PET0  NUMBER_OF_PROCESSORS           4
20220215 062400.568 INFO             PET0  PASS  Example ESMF_VMUserMpiCommMultiEx, ESMF_VMUserMpiCommMultiEx.F90, line 154
20220215 062400.568 INFO             PET0 Finalizing ESMF
20220215 062400.567 INFO             PET1 !!!!!!!!!!!!!!!!!!!!!!!!!!!!!!!!!!!!!!!!!!!!!!!!!!!!!!
20220215 062400.567 INFO             PET1 !!! THE ESMF_LOG IS SET TO OUTPUT ALL LOG MESSAGES !!!
20220215 062400.567 INFO             PET1 !!!     THIS MAY CAUSE SLOWDOWN IN PERFORMANCE     !!!
20220215 062400.567 INFO             PET1 !!! FOR PRODUCTION RUNS, USE:                      !!!
20220215 062400.567 INFO             PET1 !!!                   ESMF_LOGKIND_Multi_On_Error  !!!
20220215 062400.567 INFO             PET1 !!!!!!!!!!!!!!!!!!!!!!!!!!!!!!!!!!!!!!!!!!!!!!!!!!!!!!
20220215 062400.567 INFO             PET1 Running with ESMF Version   : ESMF_8_3_0_beta_snapshot_06-14-g9f69d9060c
20220215 062400.567 INFO             PET1 ESMF library build date/time: "Feb 15 2022" "05:59:45"
20220215 062400.567 INFO             PET1 ESMF library build location : /scratch1/NCEPDEV/stmp2/role.esmfmaint/gfortran_9.2.0_openmpi_g_develop
20220215 062400.567 INFO             PET1 ESMF_COMM                   : openmpi
20220215 062400.567 INFO             PET1 ESMF_MOAB                   : enabled
20220215 062400.567 INFO             PET1 ESMF_LAPACK                 : enabled
20220215 062400.567 INFO             PET1 ESMF_NETCDF                 : enabled
20220215 062400.567 INFO             PET1 ESMF_PNETCDF                : disabled
20220215 062400.567 INFO             PET1 ESMF_PIO                    : enabled
20220215 062400.567 INFO             PET1 ESMF_YAMLCPP                : enabled
20220215 062400.568 INFO             PET1  NUMBER_OF_PROCESSORS           4
20220215 062400.568 INFO             PET1  PASS  Example ESMF_VMUserMpiCommMultiEx, ESMF_VMUserMpiCommMultiEx.F90, line 126
20220215 062400.568 INFO             PET1 Finalizing ESMF
20220215 062400.567 INFO             PET1 !!!!!!!!!!!!!!!!!!!!!!!!!!!!!!!!!!!!!!!!!!!!!!!!!!!!!!
20220215 062400.567 INFO             PET1 !!! THE ESMF_LOG IS SET TO OUTPUT ALL LOG MESSAGES !!!
20220215 062400.567 INFO             PET1 !!!     THIS MAY CAUSE SLOWDOWN IN PERFORMANCE     !!!
20220215 062400.567 INFO             PET1 !!! FOR PRODUCTION RUNS, USE:                      !!!
20220215 062400.567 INFO             PET1 !!!                   ESMF_LOGKIND_Multi_On_Error  !!!
20220215 062400.567 INFO             PET1 !!!!!!!!!!!!!!!!!!!!!!!!!!!!!!!!!!!!!!!!!!!!!!!!!!!!!!
20220215 062400.567 INFO             PET1 Running with ESMF Version   : ESMF_8_3_0_beta_snapshot_06-14-g9f69d9060c
20220215 062400.567 INFO             PET1 ESMF library build date/time: "Feb 15 2022" "05:59:45"
20220215 062400.567 INFO             PET1 ESMF library build location : /scratch1/NCEPDEV/stmp2/role.esmfmaint/gfortran_9.2.0_openmpi_g_develop
20220215 062400.567 INFO             PET1 ESMF_COMM                   : openmpi
20220215 062400.567 INFO             PET1 ESMF_MOAB                   : enabled
20220215 062400.567 INFO             PET1 ESMF_LAPACK                 : enabled
20220215 062400.567 INFO             PET1 ESMF_NETCDF                 : enabled
20220215 062400.567 INFO             PET1 ESMF_PNETCDF                : disabled
20220215 062400.567 INFO             PET1 ESMF_PIO                    : enabled
20220215 062400.567 INFO             PET1 ESMF_YAMLCPP                : enabled
20220215 062400.568 INFO             PET1  NUMBER_OF_PROCESSORS           4
20220215 062400.568 INFO             PET1  PASS  Example ESMF_VMUserMpiCommMultiEx, ESMF_VMUserMpiCommMultiEx.F90, line 154
20220215 062400.568 INFO             PET1 Finalizing ESMF
