build time -- 2021-10-24 04:10:18.200557
20211024 050933.120 INFO             PET0 !!!!!!!!!!!!!!!!!!!!!!!!!!!!!!!!!!!!!!!!!!!!!!!!!!!!!!
20211024 050933.120 INFO             PET0 !!! THE ESMF_LOG IS SET TO OUTPUT ALL LOG MESSAGES !!!
20211024 050933.120 INFO             PET0 !!!     THIS MAY CAUSE SLOWDOWN IN PERFORMANCE     !!!
20211024 050933.120 INFO             PET0 !!! FOR PRODUCTION RUNS, USE:                      !!!
20211024 050933.120 INFO             PET0 !!!                   ESMF_LOGKIND_Multi_On_Error  !!!
20211024 050933.120 INFO             PET0 !!!!!!!!!!!!!!!!!!!!!!!!!!!!!!!!!!!!!!!!!!!!!!!!!!!!!!
20211024 050933.120 INFO             PET0 Running with ESMF Version   : ESMF_8_2_0_beta_snapshot_23
20211024 050933.120 INFO             PET0 ESMF library build date/time: "Oct 24 2021" "04:05:27"
20211024 050933.120 INFO             PET0 ESMF library build location : /glade/scratch/mpotts/intel_18.0.5_mpt_O_release_8.2.0
20211024 050933.120 INFO             PET0 ESMF_COMM                   : mpt
20211024 050933.120 INFO             PET0 ESMF_MOAB                   : enabled
20211024 050933.120 INFO             PET0 ESMF_LAPACK                 : enabled
20211024 050933.120 INFO             PET0 ESMF_NETCDF                 : enabled
20211024 050933.120 INFO             PET0 ESMF_PNETCDF                : disabled
20211024 050933.120 INFO             PET0 ESMF_PIO                    : enabled
20211024 050933.120 INFO             PET0 ESMF_YAMLCPP                : enabled
20211024 050933.161 DEBUG            PET0 about to destroy Grid: 0x338e810
20211024 050933.165 DEBUG            PET0 about to destroy Grid: 0x33918d0
20211024 050933.177 INFO             PET0  NUMBER_OF_PROCESSORS           4
20211024 050933.177 INFO             PET0  PASS  Example ESMF_NUOPCAtmModelEx, ESMF_NUOPCAtmModelEx.F90, line 806
20211024 050933.177 INFO             PET0 Finalizing ESMF
20211024 050933.120 INFO             PET1 !!!!!!!!!!!!!!!!!!!!!!!!!!!!!!!!!!!!!!!!!!!!!!!!!!!!!!
20211024 050933.120 INFO             PET1 !!! THE ESMF_LOG IS SET TO OUTPUT ALL LOG MESSAGES !!!
20211024 050933.120 INFO             PET1 !!!     THIS MAY CAUSE SLOWDOWN IN PERFORMANCE     !!!
20211024 050933.120 INFO             PET1 !!! FOR PRODUCTION RUNS, USE:                      !!!
20211024 050933.120 INFO             PET1 !!!                   ESMF_LOGKIND_Multi_On_Error  !!!
20211024 050933.120 INFO             PET1 !!!!!!!!!!!!!!!!!!!!!!!!!!!!!!!!!!!!!!!!!!!!!!!!!!!!!!
20211024 050933.120 INFO             PET1 Running with ESMF Version   : ESMF_8_2_0_beta_snapshot_23
20211024 050933.120 INFO             PET1 ESMF library build date/time: "Oct 24 2021" "04:05:27"
20211024 050933.120 INFO             PET1 ESMF library build location : /glade/scratch/mpotts/intel_18.0.5_mpt_O_release_8.2.0
20211024 050933.120 INFO             PET1 ESMF_COMM                   : mpt
20211024 050933.120 INFO             PET1 ESMF_MOAB                   : enabled
20211024 050933.120 INFO             PET1 ESMF_LAPACK                 : enabled
20211024 050933.120 INFO             PET1 ESMF_NETCDF                 : enabled
20211024 050933.120 INFO             PET1 ESMF_PNETCDF                : disabled
20211024 050933.120 INFO             PET1 ESMF_PIO                    : enabled
20211024 050933.120 INFO             PET1 ESMF_YAMLCPP                : enabled
20211024 050933.161 DEBUG            PET1 about to destroy Grid: 0x33917d0
20211024 050933.165 DEBUG            PET1 about to destroy Grid: 0x3392650
20211024 050933.177 INFO             PET1  NUMBER_OF_PROCESSORS           4
20211024 050933.177 INFO             PET1  PASS  Example ESMF_NUOPCAtmModelEx, ESMF_NUOPCAtmModelEx.F90, line 806
20211024 050933.177 INFO             PET1 Finalizing ESMF
20211024 050933.120 INFO             PET2 !!!!!!!!!!!!!!!!!!!!!!!!!!!!!!!!!!!!!!!!!!!!!!!!!!!!!!
20211024 050933.120 INFO             PET2 !!! THE ESMF_LOG IS SET TO OUTPUT ALL LOG MESSAGES !!!
20211024 050933.120 INFO             PET2 !!!     THIS MAY CAUSE SLOWDOWN IN PERFORMANCE     !!!
20211024 050933.120 INFO             PET2 !!! FOR PRODUCTION RUNS, USE:                      !!!
20211024 050933.120 INFO             PET2 !!!                   ESMF_LOGKIND_Multi_On_Error  !!!
20211024 050933.120 INFO             PET2 !!!!!!!!!!!!!!!!!!!!!!!!!!!!!!!!!!!!!!!!!!!!!!!!!!!!!!
20211024 050933.120 INFO             PET2 Running with ESMF Version   : ESMF_8_2_0_beta_snapshot_23
20211024 050933.120 INFO             PET2 ESMF library build date/time: "Oct 24 2021" "04:05:27"
20211024 050933.120 INFO             PET2 ESMF library build location : /glade/scratch/mpotts/intel_18.0.5_mpt_O_release_8.2.0
20211024 050933.120 INFO             PET2 ESMF_COMM                   : mpt
20211024 050933.121 INFO             PET2 ESMF_MOAB                   : enabled
20211024 050933.121 INFO             PET2 ESMF_LAPACK                 : enabled
20211024 050933.121 INFO             PET2 ESMF_NETCDF                 : enabled
20211024 050933.121 INFO             PET2 ESMF_PNETCDF                : disabled
20211024 050933.121 INFO             PET2 ESMF_PIO                    : enabled
20211024 050933.121 INFO             PET2 ESMF_YAMLCPP                : enabled
20211024 050933.161 DEBUG            PET2 about to destroy Grid: 0x3391850
20211024 050933.165 DEBUG            PET2 about to destroy Grid: 0x33926d0
20211024 050933.177 INFO             PET2  NUMBER_OF_PROCESSORS           4
20211024 050933.177 INFO             PET2  PASS  Example ESMF_NUOPCAtmModelEx, ESMF_NUOPCAtmModelEx.F90, line 806
20211024 050933.177 INFO             PET2 Finalizing ESMF
20211024 050933.120 INFO             PET3 !!!!!!!!!!!!!!!!!!!!!!!!!!!!!!!!!!!!!!!!!!!!!!!!!!!!!!
20211024 050933.120 INFO             PET3 !!! THE ESMF_LOG IS SET TO OUTPUT ALL LOG MESSAGES !!!
20211024 050933.120 INFO             PET3 !!!     THIS MAY CAUSE SLOWDOWN IN PERFORMANCE     !!!
20211024 050933.120 INFO             PET3 !!! FOR PRODUCTION RUNS, USE:                      !!!
20211024 050933.120 INFO             PET3 !!!                   ESMF_LOGKIND_Multi_On_Error  !!!
20211024 050933.120 INFO             PET3 !!!!!!!!!!!!!!!!!!!!!!!!!!!!!!!!!!!!!!!!!!!!!!!!!!!!!!
20211024 050933.120 INFO             PET3 Running with ESMF Version   : ESMF_8_2_0_beta_snapshot_23
20211024 050933.120 INFO             PET3 ESMF library build date/time: "Oct 24 2021" "04:05:27"
20211024 050933.120 INFO             PET3 ESMF library build location : /glade/scratch/mpotts/intel_18.0.5_mpt_O_release_8.2.0
20211024 050933.120 INFO             PET3 ESMF_COMM                   : mpt
20211024 050933.120 INFO             PET3 ESMF_MOAB                   : enabled
20211024 050933.120 INFO             PET3 ESMF_LAPACK                 : enabled
20211024 050933.120 INFO             PET3 ESMF_NETCDF                 : enabled
20211024 050933.120 INFO             PET3 ESMF_PNETCDF                : disabled
20211024 050933.120 INFO             PET3 ESMF_PIO                    : enabled
20211024 050933.120 INFO             PET3 ESMF_YAMLCPP                : enabled
20211024 050933.161 DEBUG            PET3 about to destroy Grid: 0x3391910
20211024 050933.165 DEBUG            PET3 about to destroy Grid: 0x3392790
20211024 050933.177 INFO             PET3  NUMBER_OF_PROCESSORS           4
20211024 050933.177 INFO             PET3  PASS  Example ESMF_NUOPCAtmModelEx, ESMF_NUOPCAtmModelEx.F90, line 806
20211024 050933.177 INFO             PET3 Finalizing ESMF
