build time -- 2021-12-23 04:05:59
20211223 044744.968 INFO             PET0 !!!!!!!!!!!!!!!!!!!!!!!!!!!!!!!!!!!!!!!!!!!!!!!!!!!!!!
20211223 044744.968 INFO             PET0 !!! THE ESMF_LOG IS SET TO OUTPUT ALL LOG MESSAGES !!!
20211223 044744.968 INFO             PET0 !!!     THIS MAY CAUSE SLOWDOWN IN PERFORMANCE     !!!
20211223 044744.968 INFO             PET0 !!! FOR PRODUCTION RUNS, USE:                      !!!
20211223 044744.968 INFO             PET0 !!!                   ESMF_LOGKIND_Multi_On_Error  !!!
20211223 044744.968 INFO             PET0 !!!!!!!!!!!!!!!!!!!!!!!!!!!!!!!!!!!!!!!!!!!!!!!!!!!!!!
20211223 044744.968 INFO             PET0 Running with ESMF Version   : ESMF_8_3_0_beta_snapshot_05-1-g3e9d170f1f
20211223 044744.968 INFO             PET0 ESMF library build date/time: "Dec 23 2021" "04:03:56"
20211223 044744.968 INFO             PET0 ESMF library build location : /mnt/lfs4/HFIP/hfv3gfs/Mark.Potts/intel_2020.2_intelmpi_O_develop
20211223 044744.968 INFO             PET0 ESMF_COMM                   : intelmpi
20211223 044744.969 INFO             PET0 ESMF_MOAB                   : enabled
20211223 044744.969 INFO             PET0 ESMF_LAPACK                 : enabled
20211223 044744.969 INFO             PET0 ESMF_NETCDF                 : enabled
20211223 044744.969 INFO             PET0 ESMF_PNETCDF                : disabled
20211223 044744.969 INFO             PET0 ESMF_PIO                    : enabled
20211223 044744.969 INFO             PET0 ESMF_YAMLCPP                : enabled
20211223 044744.970 INFO             PET0  NUMBER_OF_PROCESSORS           1
20211223 044744.970 INFO             PET0  PASS  Example ESMF_TimeIntervalEx, ESMF_TimeIntervalEx.F90, line 176
20211223 044744.970 INFO             PET0 Finalizing ESMF
