build time -- 2021-12-09 04:05:31
20211209 044626.258 INFO             PET0 !!!!!!!!!!!!!!!!!!!!!!!!!!!!!!!!!!!!!!!!!!!!!!!!!!!!!!
20211209 044626.258 INFO             PET0 !!! THE ESMF_LOG IS SET TO OUTPUT ALL LOG MESSAGES !!!
20211209 044626.258 INFO             PET0 !!!     THIS MAY CAUSE SLOWDOWN IN PERFORMANCE     !!!
20211209 044626.258 INFO             PET0 !!! FOR PRODUCTION RUNS, USE:                      !!!
20211209 044626.258 INFO             PET0 !!!                   ESMF_LOGKIND_Multi_On_Error  !!!
20211209 044626.258 INFO             PET0 !!!!!!!!!!!!!!!!!!!!!!!!!!!!!!!!!!!!!!!!!!!!!!!!!!!!!!
20211209 044626.258 INFO             PET0 Running with ESMF Version   : ESMF_8_3_0_beta_snapshot_04-7-gc7b07b1e9a
20211209 044626.258 INFO             PET0 ESMF library build date/time: "Dec  9 2021" "04:03:30"
20211209 044626.258 INFO             PET0 ESMF library build location : /mnt/lfs4/HFIP/hfv3gfs/Mark.Potts/intel_2020.2_intelmpi_O_develop
20211209 044626.258 INFO             PET0 ESMF_COMM                   : intelmpi
20211209 044626.260 INFO             PET0 ESMF_MOAB                   : enabled
20211209 044626.260 INFO             PET0 ESMF_LAPACK                 : enabled
20211209 044626.260 INFO             PET0 ESMF_NETCDF                 : enabled
20211209 044626.260 INFO             PET0 ESMF_PNETCDF                : disabled
20211209 044626.260 INFO             PET0 ESMF_PIO                    : enabled
20211209 044626.260 INFO             PET0 ESMF_YAMLCPP                : enabled
20211209 044626.261 INFO             PET0  NUMBER_OF_PROCESSORS           1
20211209 044626.261 INFO             PET0  PASS  Example ESMF_AlarmEx, ESMF_AlarmEx.F90, line 244
20211209 044626.261 INFO             PET0 Finalizing ESMF
