build time -- 2021-11-16 04:05:27
20211116 044838.760 INFO             PET0 !!!!!!!!!!!!!!!!!!!!!!!!!!!!!!!!!!!!!!!!!!!!!!!!!!!!!!
20211116 044838.760 INFO             PET0 !!! THE ESMF_LOG IS SET TO OUTPUT ALL LOG MESSAGES !!!
20211116 044838.760 INFO             PET0 !!!     THIS MAY CAUSE SLOWDOWN IN PERFORMANCE     !!!
20211116 044838.760 INFO             PET0 !!! FOR PRODUCTION RUNS, USE:                      !!!
20211116 044838.760 INFO             PET0 !!!                   ESMF_LOGKIND_Multi_On_Error  !!!
20211116 044838.760 INFO             PET0 !!!!!!!!!!!!!!!!!!!!!!!!!!!!!!!!!!!!!!!!!!!!!!!!!!!!!!
20211116 044838.760 INFO             PET0 Running with ESMF Version   : ESMF_8_3_0_beta_snapshot_02-9-g35b0f617ee
20211116 044838.760 INFO             PET0 ESMF library build date/time: "Nov 16 2021" "04:03:29"
20211116 044838.760 INFO             PET0 ESMF library build location : /mnt/lfs4/HFIP/hfv3gfs/Mark.Potts/intel_2020.2_intelmpi_O_develop
20211116 044838.760 INFO             PET0 ESMF_COMM                   : intelmpi
20211116 044838.762 INFO             PET0 ESMF_MOAB                   : enabled
20211116 044838.762 INFO             PET0 ESMF_LAPACK                 : enabled
20211116 044838.762 INFO             PET0 ESMF_NETCDF                 : enabled
20211116 044838.762 INFO             PET0 ESMF_PNETCDF                : disabled
20211116 044838.762 INFO             PET0 ESMF_PIO                    : enabled
20211116 044838.762 INFO             PET0 ESMF_YAMLCPP                : enabled
20211116 044838.763 ERROR            PET0 ESMF_StateAPI.cppF90:1189 ESMF_StateAddList Object being used before creation  - Bad Object
20211116 044838.766 INFO             PET0  NUMBER_OF_PROCESSORS           4
20211116 044838.766 INFO             PET0  PASS  Example ESMF_StateReconcileEx, ESMF_StateReconcileEx.F90, line 294
20211116 044838.766 INFO             PET0 Finalizing ESMF
20211116 044838.760 INFO             PET1 !!!!!!!!!!!!!!!!!!!!!!!!!!!!!!!!!!!!!!!!!!!!!!!!!!!!!!
20211116 044838.761 INFO             PET1 !!! THE ESMF_LOG IS SET TO OUTPUT ALL LOG MESSAGES !!!
20211116 044838.761 INFO             PET1 !!!     THIS MAY CAUSE SLOWDOWN IN PERFORMANCE     !!!
20211116 044838.761 INFO             PET1 !!! FOR PRODUCTION RUNS, USE:                      !!!
20211116 044838.761 INFO             PET1 !!!                   ESMF_LOGKIND_Multi_On_Error  !!!
20211116 044838.761 INFO             PET1 !!!!!!!!!!!!!!!!!!!!!!!!!!!!!!!!!!!!!!!!!!!!!!!!!!!!!!
20211116 044838.761 INFO             PET1 Running with ESMF Version   : ESMF_8_3_0_beta_snapshot_02-9-g35b0f617ee
20211116 044838.761 INFO             PET1 ESMF library build date/time: "Nov 16 2021" "04:03:29"
20211116 044838.761 INFO             PET1 ESMF library build location : /mnt/lfs4/HFIP/hfv3gfs/Mark.Potts/intel_2020.2_intelmpi_O_develop
20211116 044838.761 INFO             PET1 ESMF_COMM                   : intelmpi
20211116 044838.762 INFO             PET1 ESMF_MOAB                   : enabled
20211116 044838.762 INFO             PET1 ESMF_LAPACK                 : enabled
20211116 044838.762 INFO             PET1 ESMF_NETCDF                 : enabled
20211116 044838.762 INFO             PET1 ESMF_PNETCDF                : disabled
20211116 044838.762 INFO             PET1 ESMF_PIO                    : enabled
20211116 044838.762 INFO             PET1 ESMF_YAMLCPP                : enabled
20211116 044838.763 ERROR            PET1 ESMF_StateAPI.cppF90:1189 ESMF_StateAddList Object being used before creation  - Bad Object
20211116 044838.766 INFO             PET1  NUMBER_OF_PROCESSORS           4
20211116 044838.766 INFO             PET1  PASS  Example ESMF_StateReconcileEx, ESMF_StateReconcileEx.F90, line 294
20211116 044838.766 INFO             PET1 Finalizing ESMF
20211116 044838.761 INFO             PET2 !!!!!!!!!!!!!!!!!!!!!!!!!!!!!!!!!!!!!!!!!!!!!!!!!!!!!!
20211116 044838.761 INFO             PET2 !!! THE ESMF_LOG IS SET TO OUTPUT ALL LOG MESSAGES !!!
20211116 044838.761 INFO             PET2 !!!     THIS MAY CAUSE SLOWDOWN IN PERFORMANCE     !!!
20211116 044838.761 INFO             PET2 !!! FOR PRODUCTION RUNS, USE:                      !!!
20211116 044838.761 INFO             PET2 !!!                   ESMF_LOGKIND_Multi_On_Error  !!!
20211116 044838.761 INFO             PET2 !!!!!!!!!!!!!!!!!!!!!!!!!!!!!!!!!!!!!!!!!!!!!!!!!!!!!!
20211116 044838.761 INFO             PET2 Running with ESMF Version   : ESMF_8_3_0_beta_snapshot_02-9-g35b0f617ee
20211116 044838.761 INFO             PET2 ESMF library build date/time: "Nov 16 2021" "04:03:29"
20211116 044838.761 INFO             PET2 ESMF library build location : /mnt/lfs4/HFIP/hfv3gfs/Mark.Potts/intel_2020.2_intelmpi_O_develop
20211116 044838.761 INFO             PET2 ESMF_COMM                   : intelmpi
20211116 044838.762 INFO             PET2 ESMF_MOAB                   : enabled
20211116 044838.762 INFO             PET2 ESMF_LAPACK                 : enabled
20211116 044838.762 INFO             PET2 ESMF_NETCDF                 : enabled
20211116 044838.762 INFO             PET2 ESMF_PNETCDF                : disabled
20211116 044838.762 INFO             PET2 ESMF_PIO                    : enabled
20211116 044838.762 INFO             PET2 ESMF_YAMLCPP                : enabled
20211116 044838.763 ERROR            PET2 ESMF_StateAPI.cppF90:1189 ESMF_StateAddList Object being used before creation  - Bad Object
20211116 044838.766 INFO             PET2  NUMBER_OF_PROCESSORS           4
20211116 044838.766 INFO             PET2  PASS  Example ESMF_StateReconcileEx, ESMF_StateReconcileEx.F90, line 294
20211116 044838.766 INFO             PET2 Finalizing ESMF
20211116 044838.761 INFO             PET3 !!!!!!!!!!!!!!!!!!!!!!!!!!!!!!!!!!!!!!!!!!!!!!!!!!!!!!
20211116 044838.761 INFO             PET3 !!! THE ESMF_LOG IS SET TO OUTPUT ALL LOG MESSAGES !!!
20211116 044838.761 INFO             PET3 !!!     THIS MAY CAUSE SLOWDOWN IN PERFORMANCE     !!!
20211116 044838.761 INFO             PET3 !!! FOR PRODUCTION RUNS, USE:                      !!!
20211116 044838.761 INFO             PET3 !!!                   ESMF_LOGKIND_Multi_On_Error  !!!
20211116 044838.761 INFO             PET3 !!!!!!!!!!!!!!!!!!!!!!!!!!!!!!!!!!!!!!!!!!!!!!!!!!!!!!
20211116 044838.761 INFO             PET3 Running with ESMF Version   : ESMF_8_3_0_beta_snapshot_02-9-g35b0f617ee
20211116 044838.761 INFO             PET3 ESMF library build date/time: "Nov 16 2021" "04:03:29"
20211116 044838.761 INFO             PET3 ESMF library build location : /mnt/lfs4/HFIP/hfv3gfs/Mark.Potts/intel_2020.2_intelmpi_O_develop
20211116 044838.761 INFO             PET3 ESMF_COMM                   : intelmpi
20211116 044838.762 INFO             PET3 ESMF_MOAB                   : enabled
20211116 044838.762 INFO             PET3 ESMF_LAPACK                 : enabled
20211116 044838.762 INFO             PET3 ESMF_NETCDF                 : enabled
20211116 044838.762 INFO             PET3 ESMF_PNETCDF                : disabled
20211116 044838.762 INFO             PET3 ESMF_PIO                    : enabled
20211116 044838.762 INFO             PET3 ESMF_YAMLCPP                : enabled
20211116 044838.763 ERROR            PET3 ESMF_StateAPI.cppF90:1189 ESMF_StateAddList Object being used before creation  - Bad Object
20211116 044838.766 INFO             PET3  NUMBER_OF_PROCESSORS           4
20211116 044838.766 INFO             PET3  PASS  Example ESMF_StateReconcileEx, ESMF_StateReconcileEx.F90, line 294
20211116 044838.766 INFO             PET3 Finalizing ESMF
