build time -- 2022-01-10 04:05:47
20220110 044341.004 INFO             PET0 !!!!!!!!!!!!!!!!!!!!!!!!!!!!!!!!!!!!!!!!!!!!!!!!!!!!!!
20220110 044341.005 INFO             PET0 !!! THE ESMF_LOG IS SET TO OUTPUT ALL LOG MESSAGES !!!
20220110 044341.005 INFO             PET0 !!!     THIS MAY CAUSE SLOWDOWN IN PERFORMANCE     !!!
20220110 044341.005 INFO             PET0 !!! FOR PRODUCTION RUNS, USE:                      !!!
20220110 044341.005 INFO             PET0 !!!                   ESMF_LOGKIND_Multi_On_Error  !!!
20220110 044341.005 INFO             PET0 !!!!!!!!!!!!!!!!!!!!!!!!!!!!!!!!!!!!!!!!!!!!!!!!!!!!!!
20220110 044341.005 INFO             PET0 Running with ESMF Version   : ESMF_8_3_0_beta_snapshot_05-1-g3e9d170f1f
20220110 044341.005 INFO             PET0 ESMF library build date/time: "Jan 10 2022" "04:03:47"
20220110 044341.005 INFO             PET0 ESMF library build location : /mnt/lfs4/HFIP/hfv3gfs/Mark.Potts/intel_2020.2_intelmpi_O_develop
20220110 044341.005 INFO             PET0 ESMF_COMM                   : intelmpi
20220110 044341.006 INFO             PET0 ESMF_MOAB                   : enabled
20220110 044341.006 INFO             PET0 ESMF_LAPACK                 : enabled
20220110 044341.006 INFO             PET0 ESMF_NETCDF                 : enabled
20220110 044341.006 INFO             PET0 ESMF_PNETCDF                : disabled
20220110 044341.006 INFO             PET0 ESMF_PIO                    : enabled
20220110 044341.006 INFO             PET0 ESMF_YAMLCPP                : enabled
20220110 044341.014 INFO             PET0 ESMF_FieldRedistStoreNF(): Just entered routine.
20220110 044341.079 INFO             PET0 ESMF_FieldRedistStoreNF(): Leaving routine.
20220110 044341.080 INFO             PET0  NUMBER_OF_PROCESSORS           4
20220110 044341.080 INFO             PET0  PASS  Example ESMF_RHandleFromRHandleEx, ESMF_RHandleFromRHandleEx.F90, line 660
20220110 044341.080 INFO             PET0 Finalizing ESMF
20220110 044341.004 INFO             PET1 !!!!!!!!!!!!!!!!!!!!!!!!!!!!!!!!!!!!!!!!!!!!!!!!!!!!!!
20220110 044341.004 INFO             PET1 !!! THE ESMF_LOG IS SET TO OUTPUT ALL LOG MESSAGES !!!
20220110 044341.004 INFO             PET1 !!!     THIS MAY CAUSE SLOWDOWN IN PERFORMANCE     !!!
20220110 044341.004 INFO             PET1 !!! FOR PRODUCTION RUNS, USE:                      !!!
20220110 044341.004 INFO             PET1 !!!                   ESMF_LOGKIND_Multi_On_Error  !!!
20220110 044341.004 INFO             PET1 !!!!!!!!!!!!!!!!!!!!!!!!!!!!!!!!!!!!!!!!!!!!!!!!!!!!!!
20220110 044341.005 INFO             PET1 Running with ESMF Version   : ESMF_8_3_0_beta_snapshot_05-1-g3e9d170f1f
20220110 044341.005 INFO             PET1 ESMF library build date/time: "Jan 10 2022" "04:03:47"
20220110 044341.005 INFO             PET1 ESMF library build location : /mnt/lfs4/HFIP/hfv3gfs/Mark.Potts/intel_2020.2_intelmpi_O_develop
20220110 044341.005 INFO             PET1 ESMF_COMM                   : intelmpi
20220110 044341.006 INFO             PET1 ESMF_MOAB                   : enabled
20220110 044341.006 INFO             PET1 ESMF_LAPACK                 : enabled
20220110 044341.006 INFO             PET1 ESMF_NETCDF                 : enabled
20220110 044341.006 INFO             PET1 ESMF_PNETCDF                : disabled
20220110 044341.006 INFO             PET1 ESMF_PIO                    : enabled
20220110 044341.006 INFO             PET1 ESMF_YAMLCPP                : enabled
20220110 044341.014 INFO             PET1 ESMF_FieldRedistStoreNF(): Just entered routine.
20220110 044341.079 INFO             PET1 ESMF_FieldRedistStoreNF(): Leaving routine.
20220110 044341.080 INFO             PET1  NUMBER_OF_PROCESSORS           4
20220110 044341.081 INFO             PET1  PASS  Example ESMF_RHandleFromRHandleEx, ESMF_RHandleFromRHandleEx.F90, line 660
20220110 044341.081 INFO             PET1 Finalizing ESMF
20220110 044341.004 INFO             PET2 !!!!!!!!!!!!!!!!!!!!!!!!!!!!!!!!!!!!!!!!!!!!!!!!!!!!!!
20220110 044341.004 INFO             PET2 !!! THE ESMF_LOG IS SET TO OUTPUT ALL LOG MESSAGES !!!
20220110 044341.004 INFO             PET2 !!!     THIS MAY CAUSE SLOWDOWN IN PERFORMANCE     !!!
20220110 044341.004 INFO             PET2 !!! FOR PRODUCTION RUNS, USE:                      !!!
20220110 044341.004 INFO             PET2 !!!                   ESMF_LOGKIND_Multi_On_Error  !!!
20220110 044341.004 INFO             PET2 !!!!!!!!!!!!!!!!!!!!!!!!!!!!!!!!!!!!!!!!!!!!!!!!!!!!!!
20220110 044341.004 INFO             PET2 Running with ESMF Version   : ESMF_8_3_0_beta_snapshot_05-1-g3e9d170f1f
20220110 044341.004 INFO             PET2 ESMF library build date/time: "Jan 10 2022" "04:03:47"
20220110 044341.004 INFO             PET2 ESMF library build location : /mnt/lfs4/HFIP/hfv3gfs/Mark.Potts/intel_2020.2_intelmpi_O_develop
20220110 044341.004 INFO             PET2 ESMF_COMM                   : intelmpi
20220110 044341.005 INFO             PET2 ESMF_MOAB                   : enabled
20220110 044341.005 INFO             PET2 ESMF_LAPACK                 : enabled
20220110 044341.005 INFO             PET2 ESMF_NETCDF                 : enabled
20220110 044341.005 INFO             PET2 ESMF_PNETCDF                : disabled
20220110 044341.005 INFO             PET2 ESMF_PIO                    : enabled
20220110 044341.005 INFO             PET2 ESMF_YAMLCPP                : enabled
20220110 044341.014 INFO             PET2 ESMF_FieldRedistStoreNF(): Just entered routine.
20220110 044341.079 INFO             PET2 ESMF_FieldRedistStoreNF(): Leaving routine.
20220110 044341.082 INFO             PET2  NUMBER_OF_PROCESSORS           4
20220110 044341.082 INFO             PET2  PASS  Example ESMF_RHandleFromRHandleEx, ESMF_RHandleFromRHandleEx.F90, line 660
20220110 044341.082 INFO             PET2 Finalizing ESMF
20220110 044341.004 INFO             PET3 !!!!!!!!!!!!!!!!!!!!!!!!!!!!!!!!!!!!!!!!!!!!!!!!!!!!!!
20220110 044341.004 INFO             PET3 !!! THE ESMF_LOG IS SET TO OUTPUT ALL LOG MESSAGES !!!
20220110 044341.004 INFO             PET3 !!!     THIS MAY CAUSE SLOWDOWN IN PERFORMANCE     !!!
20220110 044341.004 INFO             PET3 !!! FOR PRODUCTION RUNS, USE:                      !!!
20220110 044341.004 INFO             PET3 !!!                   ESMF_LOGKIND_Multi_On_Error  !!!
20220110 044341.004 INFO             PET3 !!!!!!!!!!!!!!!!!!!!!!!!!!!!!!!!!!!!!!!!!!!!!!!!!!!!!!
20220110 044341.004 INFO             PET3 Running with ESMF Version   : ESMF_8_3_0_beta_snapshot_05-1-g3e9d170f1f
20220110 044341.004 INFO             PET3 ESMF library build date/time: "Jan 10 2022" "04:03:47"
20220110 044341.004 INFO             PET3 ESMF library build location : /mnt/lfs4/HFIP/hfv3gfs/Mark.Potts/intel_2020.2_intelmpi_O_develop
20220110 044341.004 INFO             PET3 ESMF_COMM                   : intelmpi
20220110 044341.005 INFO             PET3 ESMF_MOAB                   : enabled
20220110 044341.005 INFO             PET3 ESMF_LAPACK                 : enabled
20220110 044341.005 INFO             PET3 ESMF_NETCDF                 : enabled
20220110 044341.005 INFO             PET3 ESMF_PNETCDF                : disabled
20220110 044341.005 INFO             PET3 ESMF_PIO                    : enabled
20220110 044341.005 INFO             PET3 ESMF_YAMLCPP                : enabled
20220110 044341.014 INFO             PET3 ESMF_FieldRedistStoreNF(): Just entered routine.
20220110 044341.079 INFO             PET3 ESMF_FieldRedistStoreNF(): Leaving routine.
20220110 044341.084 INFO             PET3  NUMBER_OF_PROCESSORS           4
20220110 044341.084 INFO             PET3  PASS  Example ESMF_RHandleFromRHandleEx, ESMF_RHandleFromRHandleEx.F90, line 660
20220110 044341.084 INFO             PET3 Finalizing ESMF
