build time -- 2022-01-14 01:16:42.893497
20220114 014430.298 INFO             PET0 !!!!!!!!!!!!!!!!!!!!!!!!!!!!!!!!!!!!!!!!!!!!!!!!!!!!!!
20220114 014430.298 INFO             PET0 !!! THE ESMF_LOG IS SET TO OUTPUT ALL LOG MESSAGES !!!
20220114 014430.298 INFO             PET0 !!!     THIS MAY CAUSE SLOWDOWN IN PERFORMANCE     !!!
20220114 014430.298 INFO             PET0 !!! FOR PRODUCTION RUNS, USE:                      !!!
20220114 014430.298 INFO             PET0 !!!                   ESMF_LOGKIND_Multi_On_Error  !!!
20220114 014430.298 INFO             PET0 !!!!!!!!!!!!!!!!!!!!!!!!!!!!!!!!!!!!!!!!!!!!!!!!!!!!!!
20220114 014430.298 INFO             PET0 Running with ESMF Version   : ESMF_8_3_0_beta_snapshot_05-70-ga704255685
20220114 014430.298 INFO             PET0 ESMF library build date/time: "Jan 14 2022" "01:15:15"
20220114 014430.298 INFO             PET0 ESMF library build location : /gpfsm/dnb04/projects/p98/mpotts/esmf/gfortran_8.3.0_intelmpi_g_jedwards_pio_update
20220114 014430.298 INFO             PET0 ESMF_COMM                   : intelmpi
20220114 014430.298 INFO             PET0 ESMF_MOAB                   : enabled
20220114 014430.298 INFO             PET0 ESMF_LAPACK                 : enabled
20220114 014430.298 INFO             PET0 ESMF_NETCDF                 : disabled
20220114 014430.298 INFO             PET0 ESMF_PNETCDF                : disabled
20220114 014430.298 INFO             PET0 ESMF_PIO                    : disabled
20220114 014430.298 INFO             PET0 ESMF_YAMLCPP                : enabled
20220114 014430.407 DEBUG            PET0 about to destroy Grid: 0x8f73a0
20220114 014430.425 DEBUG            PET0 about to destroy Grid: 0x8f8d80
20220114 014430.457 INFO             PET0  NUMBER_OF_PROCESSORS           4
20220114 014430.457 INFO             PET0  PASS  Example ESMF_NUOPCAtmModelEx, ESMF_NUOPCAtmModelEx.F90, line 806
20220114 014430.457 INFO             PET0 Finalizing ESMF
20220114 014430.457 INFO             PET0 ESMCI_IO_Handler.C:355 ESMCI::IO_Handler::finalize() before return, localrc = 0
20220114 014430.298 INFO             PET1 !!!!!!!!!!!!!!!!!!!!!!!!!!!!!!!!!!!!!!!!!!!!!!!!!!!!!!
20220114 014430.298 INFO             PET1 !!! THE ESMF_LOG IS SET TO OUTPUT ALL LOG MESSAGES !!!
20220114 014430.298 INFO             PET1 !!!     THIS MAY CAUSE SLOWDOWN IN PERFORMANCE     !!!
20220114 014430.298 INFO             PET1 !!! FOR PRODUCTION RUNS, USE:                      !!!
20220114 014430.298 INFO             PET1 !!!                   ESMF_LOGKIND_Multi_On_Error  !!!
20220114 014430.298 INFO             PET1 !!!!!!!!!!!!!!!!!!!!!!!!!!!!!!!!!!!!!!!!!!!!!!!!!!!!!!
20220114 014430.298 INFO             PET1 Running with ESMF Version   : ESMF_8_3_0_beta_snapshot_05-70-ga704255685
20220114 014430.298 INFO             PET1 ESMF library build date/time: "Jan 14 2022" "01:15:15"
20220114 014430.298 INFO             PET1 ESMF library build location : /gpfsm/dnb04/projects/p98/mpotts/esmf/gfortran_8.3.0_intelmpi_g_jedwards_pio_update
20220114 014430.298 INFO             PET1 ESMF_COMM                   : intelmpi
20220114 014430.298 INFO             PET1 ESMF_MOAB                   : enabled
20220114 014430.298 INFO             PET1 ESMF_LAPACK                 : enabled
20220114 014430.298 INFO             PET1 ESMF_NETCDF                 : disabled
20220114 014430.298 INFO             PET1 ESMF_PNETCDF                : disabled
20220114 014430.298 INFO             PET1 ESMF_PIO                    : disabled
20220114 014430.298 INFO             PET1 ESMF_YAMLCPP                : enabled
20220114 014430.407 DEBUG            PET1 about to destroy Grid: 0x8f82b0
20220114 014430.425 DEBUG            PET1 about to destroy Grid: 0x8f9ae0
20220114 014430.457 INFO             PET1  NUMBER_OF_PROCESSORS           4
20220114 014430.457 INFO             PET1  PASS  Example ESMF_NUOPCAtmModelEx, ESMF_NUOPCAtmModelEx.F90, line 806
20220114 014430.457 INFO             PET1 Finalizing ESMF
20220114 014430.457 INFO             PET1 ESMCI_IO_Handler.C:355 ESMCI::IO_Handler::finalize() before return, localrc = 0
20220114 014430.298 INFO             PET2 !!!!!!!!!!!!!!!!!!!!!!!!!!!!!!!!!!!!!!!!!!!!!!!!!!!!!!
20220114 014430.298 INFO             PET2 !!! THE ESMF_LOG IS SET TO OUTPUT ALL LOG MESSAGES !!!
20220114 014430.298 INFO             PET2 !!!     THIS MAY CAUSE SLOWDOWN IN PERFORMANCE     !!!
20220114 014430.298 INFO             PET2 !!! FOR PRODUCTION RUNS, USE:                      !!!
20220114 014430.298 INFO             PET2 !!!                   ESMF_LOGKIND_Multi_On_Error  !!!
20220114 014430.298 INFO             PET2 !!!!!!!!!!!!!!!!!!!!!!!!!!!!!!!!!!!!!!!!!!!!!!!!!!!!!!
20220114 014430.298 INFO             PET2 Running with ESMF Version   : ESMF_8_3_0_beta_snapshot_05-70-ga704255685
20220114 014430.298 INFO             PET2 ESMF library build date/time: "Jan 14 2022" "01:15:15"
20220114 014430.298 INFO             PET2 ESMF library build location : /gpfsm/dnb04/projects/p98/mpotts/esmf/gfortran_8.3.0_intelmpi_g_jedwards_pio_update
20220114 014430.298 INFO             PET2 ESMF_COMM                   : intelmpi
20220114 014430.298 INFO             PET2 ESMF_MOAB                   : enabled
20220114 014430.298 INFO             PET2 ESMF_LAPACK                 : enabled
20220114 014430.298 INFO             PET2 ESMF_NETCDF                 : disabled
20220114 014430.298 INFO             PET2 ESMF_PNETCDF                : disabled
20220114 014430.298 INFO             PET2 ESMF_PIO                    : disabled
20220114 014430.298 INFO             PET2 ESMF_YAMLCPP                : enabled
20220114 014430.407 DEBUG            PET2 about to destroy Grid: 0x8f77e0
20220114 014430.425 DEBUG            PET2 about to destroy Grid: 0x8f8fd0
20220114 014430.457 INFO             PET2  NUMBER_OF_PROCESSORS           4
20220114 014430.458 INFO             PET2  PASS  Example ESMF_NUOPCAtmModelEx, ESMF_NUOPCAtmModelEx.F90, line 806
20220114 014430.458 INFO             PET2 Finalizing ESMF
20220114 014430.458 INFO             PET2 ESMCI_IO_Handler.C:355 ESMCI::IO_Handler::finalize() before return, localrc = 0
20220114 014430.298 INFO             PET3 !!!!!!!!!!!!!!!!!!!!!!!!!!!!!!!!!!!!!!!!!!!!!!!!!!!!!!
20220114 014430.298 INFO             PET3 !!! THE ESMF_LOG IS SET TO OUTPUT ALL LOG MESSAGES !!!
20220114 014430.298 INFO             PET3 !!!     THIS MAY CAUSE SLOWDOWN IN PERFORMANCE     !!!
20220114 014430.298 INFO             PET3 !!! FOR PRODUCTION RUNS, USE:                      !!!
20220114 014430.298 INFO             PET3 !!!                   ESMF_LOGKIND_Multi_On_Error  !!!
20220114 014430.298 INFO             PET3 !!!!!!!!!!!!!!!!!!!!!!!!!!!!!!!!!!!!!!!!!!!!!!!!!!!!!!
20220114 014430.298 INFO             PET3 Running with ESMF Version   : ESMF_8_3_0_beta_snapshot_05-70-ga704255685
20220114 014430.298 INFO             PET3 ESMF library build date/time: "Jan 14 2022" "01:15:15"
20220114 014430.298 INFO             PET3 ESMF library build location : /gpfsm/dnb04/projects/p98/mpotts/esmf/gfortran_8.3.0_intelmpi_g_jedwards_pio_update
20220114 014430.298 INFO             PET3 ESMF_COMM                   : intelmpi
20220114 014430.298 INFO             PET3 ESMF_MOAB                   : enabled
20220114 014430.298 INFO             PET3 ESMF_LAPACK                 : enabled
20220114 014430.298 INFO             PET3 ESMF_NETCDF                 : disabled
20220114 014430.298 INFO             PET3 ESMF_PNETCDF                : disabled
20220114 014430.298 INFO             PET3 ESMF_PIO                    : disabled
20220114 014430.298 INFO             PET3 ESMF_YAMLCPP                : enabled
20220114 014430.407 DEBUG            PET3 about to destroy Grid: 0x8f7540
20220114 014430.425 DEBUG            PET3 about to destroy Grid: 0x8f82c0
20220114 014430.457 INFO             PET3  NUMBER_OF_PROCESSORS           4
20220114 014430.457 INFO             PET3  PASS  Example ESMF_NUOPCAtmModelEx, ESMF_NUOPCAtmModelEx.F90, line 806
20220114 014430.457 INFO             PET3 Finalizing ESMF
20220114 014430.457 INFO             PET3 ESMCI_IO_Handler.C:355 ESMCI::IO_Handler::finalize() before return, localrc = 0
