build time -- 2021-09-30 03:48:01.780930
20210930 041825.642 INFO             PET0 !!!!!!!!!!!!!!!!!!!!!!!!!!!!!!!!!!!!!!!!!!!!!!!!!!!!!!
20210930 041825.642 INFO             PET0 !!! THE ESMF_LOG IS SET TO OUTPUT ALL LOG MESSAGES !!!
20210930 041825.642 INFO             PET0 !!!     THIS MAY CAUSE SLOWDOWN IN PERFORMANCE     !!!
20210930 041825.642 INFO             PET0 !!! FOR PRODUCTION RUNS, USE:                      !!!
20210930 041825.642 INFO             PET0 !!!                   ESMF_LOGKIND_Multi_On_Error  !!!
20210930 041825.642 INFO             PET0 !!!!!!!!!!!!!!!!!!!!!!!!!!!!!!!!!!!!!!!!!!!!!!!!!!!!!!
20210930 041825.642 INFO             PET0 Running with ESMF Version   : ESMF_8_2_0_beta_snapshot_20-1-gb0d63f0990
20210930 041825.642 INFO             PET0 ESMF library build date/time: "Sep 30 2021" "03:45:48"
20210930 041825.642 INFO             PET0 ESMF library build location : /glade/scratch/mpotts/gfortran_7.4.0_openmpi_O_develop
20210930 041825.642 INFO             PET0 ESMF_COMM                   : openmpi
20210930 041825.642 INFO             PET0 ESMF_MOAB                   : enabled
20210930 041825.642 INFO             PET0 ESMF_LAPACK                 : enabled
20210930 041825.642 INFO             PET0 ESMF_NETCDF                 : enabled
20210930 041825.642 INFO             PET0 ESMF_PNETCDF                : disabled
20210930 041825.642 INFO             PET0 ESMF_PIO                    : enabled
20210930 041825.642 INFO             PET0 ESMF_YAMLCPP                : enabled
20210930 041825.643 INFO             PET0  NUMBER_OF_PROCESSORS           1
20210930 041825.643 INFO             PET0  PASS  Example ESMF_AlarmEx, ESMF_AlarmEx.F90, line 244
20210930 041825.643 INFO             PET0 Finalizing ESMF
