build time -- 2021-11-22 06:20:03
20211122 070245.193 INFO             PET0 !!!!!!!!!!!!!!!!!!!!!!!!!!!!!!!!!!!!!!!!!!!!!!!!!!!!!!
20211122 070245.193 INFO             PET0 !!! THE ESMF_LOG IS SET TO OUTPUT ALL LOG MESSAGES !!!
20211122 070245.193 INFO             PET0 !!!     THIS MAY CAUSE SLOWDOWN IN PERFORMANCE     !!!
20211122 070245.193 INFO             PET0 !!! FOR PRODUCTION RUNS, USE:                      !!!
20211122 070245.193 INFO             PET0 !!!                   ESMF_LOGKIND_Multi_On_Error  !!!
20211122 070245.193 INFO             PET0 !!!!!!!!!!!!!!!!!!!!!!!!!!!!!!!!!!!!!!!!!!!!!!!!!!!!!!
20211122 070245.193 INFO             PET0 Running with ESMF Version   : ESMF_8_3_0_beta_snapshot_03
20211122 070245.193 INFO             PET0 ESMF library build date/time: "Nov 22 2021" "06:18:56"
20211122 070245.193 INFO             PET0 ESMF library build location : /scratch1/NCEPDEV/stmp2/Mark.Potts/gfortran_9.2.0b_intelmpi_g_develop
20211122 070245.193 INFO             PET0 ESMF_COMM                   : intelmpi
20211122 070245.199 INFO             PET0 ESMF_MOAB                   : enabled
20211122 070245.199 INFO             PET0 ESMF_LAPACK                 : enabled
20211122 070245.199 INFO             PET0 ESMF_NETCDF                 : disabled
20211122 070245.199 INFO             PET0 ESMF_PNETCDF                : disabled
20211122 070245.199 INFO             PET0 ESMF_PIO                    : enabled
20211122 070245.199 INFO             PET0 ESMF_YAMLCPP                : enabled
20211122 070245.301 DEBUG            PET0 about to destroy Grid: 0x120ee50
20211122 070245.320 DEBUG            PET0 about to destroy Grid: 0x12105c0
20211122 070245.351 INFO             PET0  NUMBER_OF_PROCESSORS           4
20211122 070245.351 INFO             PET0  PASS  Example ESMF_NUOPCAtmModelEx, ESMF_NUOPCAtmModelEx.F90, line 806
20211122 070245.351 INFO             PET0 Finalizing ESMF
20211122 070245.194 INFO             PET1 !!!!!!!!!!!!!!!!!!!!!!!!!!!!!!!!!!!!!!!!!!!!!!!!!!!!!!
20211122 070245.194 INFO             PET1 !!! THE ESMF_LOG IS SET TO OUTPUT ALL LOG MESSAGES !!!
20211122 070245.194 INFO             PET1 !!!     THIS MAY CAUSE SLOWDOWN IN PERFORMANCE     !!!
20211122 070245.194 INFO             PET1 !!! FOR PRODUCTION RUNS, USE:                      !!!
20211122 070245.194 INFO             PET1 !!!                   ESMF_LOGKIND_Multi_On_Error  !!!
20211122 070245.194 INFO             PET1 !!!!!!!!!!!!!!!!!!!!!!!!!!!!!!!!!!!!!!!!!!!!!!!!!!!!!!
20211122 070245.194 INFO             PET1 Running with ESMF Version   : ESMF_8_3_0_beta_snapshot_03
20211122 070245.194 INFO             PET1 ESMF library build date/time: "Nov 22 2021" "06:18:56"
20211122 070245.194 INFO             PET1 ESMF library build location : /scratch1/NCEPDEV/stmp2/Mark.Potts/gfortran_9.2.0b_intelmpi_g_develop
20211122 070245.194 INFO             PET1 ESMF_COMM                   : intelmpi
20211122 070245.198 INFO             PET1 ESMF_MOAB                   : enabled
20211122 070245.198 INFO             PET1 ESMF_LAPACK                 : enabled
20211122 070245.198 INFO             PET1 ESMF_NETCDF                 : disabled
20211122 070245.198 INFO             PET1 ESMF_PNETCDF                : disabled
20211122 070245.198 INFO             PET1 ESMF_PIO                    : enabled
20211122 070245.198 INFO             PET1 ESMF_YAMLCPP                : enabled
20211122 070245.301 DEBUG            PET1 about to destroy Grid: 0xc07e10
20211122 070245.320 DEBUG            PET1 about to destroy Grid: 0xc08c90
20211122 070245.351 INFO             PET1  NUMBER_OF_PROCESSORS           4
20211122 070245.352 INFO             PET1  PASS  Example ESMF_NUOPCAtmModelEx, ESMF_NUOPCAtmModelEx.F90, line 806
20211122 070245.352 INFO             PET1 Finalizing ESMF
20211122 070245.193 INFO             PET2 !!!!!!!!!!!!!!!!!!!!!!!!!!!!!!!!!!!!!!!!!!!!!!!!!!!!!!
20211122 070245.193 INFO             PET2 !!! THE ESMF_LOG IS SET TO OUTPUT ALL LOG MESSAGES !!!
20211122 070245.193 INFO             PET2 !!!     THIS MAY CAUSE SLOWDOWN IN PERFORMANCE     !!!
20211122 070245.193 INFO             PET2 !!! FOR PRODUCTION RUNS, USE:                      !!!
20211122 070245.193 INFO             PET2 !!!                   ESMF_LOGKIND_Multi_On_Error  !!!
20211122 070245.193 INFO             PET2 !!!!!!!!!!!!!!!!!!!!!!!!!!!!!!!!!!!!!!!!!!!!!!!!!!!!!!
20211122 070245.193 INFO             PET2 Running with ESMF Version   : ESMF_8_3_0_beta_snapshot_03
20211122 070245.193 INFO             PET2 ESMF library build date/time: "Nov 22 2021" "06:18:56"
20211122 070245.193 INFO             PET2 ESMF library build location : /scratch1/NCEPDEV/stmp2/Mark.Potts/gfortran_9.2.0b_intelmpi_g_develop
20211122 070245.193 INFO             PET2 ESMF_COMM                   : intelmpi
20211122 070245.198 INFO             PET2 ESMF_MOAB                   : enabled
20211122 070245.198 INFO             PET2 ESMF_LAPACK                 : enabled
20211122 070245.198 INFO             PET2 ESMF_NETCDF                 : disabled
20211122 070245.198 INFO             PET2 ESMF_PNETCDF                : disabled
20211122 070245.198 INFO             PET2 ESMF_PIO                    : enabled
20211122 070245.198 INFO             PET2 ESMF_YAMLCPP                : enabled
20211122 070245.301 DEBUG            PET2 about to destroy Grid: 0xbb22b0
20211122 070245.320 DEBUG            PET2 about to destroy Grid: 0xbb3450
20211122 070245.351 INFO             PET2  NUMBER_OF_PROCESSORS           4
20211122 070245.351 INFO             PET2  PASS  Example ESMF_NUOPCAtmModelEx, ESMF_NUOPCAtmModelEx.F90, line 806
20211122 070245.351 INFO             PET2 Finalizing ESMF
20211122 070245.194 INFO             PET3 !!!!!!!!!!!!!!!!!!!!!!!!!!!!!!!!!!!!!!!!!!!!!!!!!!!!!!
20211122 070245.194 INFO             PET3 !!! THE ESMF_LOG IS SET TO OUTPUT ALL LOG MESSAGES !!!
20211122 070245.194 INFO             PET3 !!!     THIS MAY CAUSE SLOWDOWN IN PERFORMANCE     !!!
20211122 070245.194 INFO             PET3 !!! FOR PRODUCTION RUNS, USE:                      !!!
20211122 070245.194 INFO             PET3 !!!                   ESMF_LOGKIND_Multi_On_Error  !!!
20211122 070245.194 INFO             PET3 !!!!!!!!!!!!!!!!!!!!!!!!!!!!!!!!!!!!!!!!!!!!!!!!!!!!!!
20211122 070245.194 INFO             PET3 Running with ESMF Version   : ESMF_8_3_0_beta_snapshot_03
20211122 070245.194 INFO             PET3 ESMF library build date/time: "Nov 22 2021" "06:18:56"
20211122 070245.194 INFO             PET3 ESMF library build location : /scratch1/NCEPDEV/stmp2/Mark.Potts/gfortran_9.2.0b_intelmpi_g_develop
20211122 070245.194 INFO             PET3 ESMF_COMM                   : intelmpi
20211122 070245.198 INFO             PET3 ESMF_MOAB                   : enabled
20211122 070245.198 INFO             PET3 ESMF_LAPACK                 : enabled
20211122 070245.198 INFO             PET3 ESMF_NETCDF                 : disabled
20211122 070245.198 INFO             PET3 ESMF_PNETCDF                : disabled
20211122 070245.199 INFO             PET3 ESMF_PIO                    : enabled
20211122 070245.199 INFO             PET3 ESMF_YAMLCPP                : enabled
20211122 070245.301 DEBUG            PET3 about to destroy Grid: 0x9241a0
20211122 070245.320 DEBUG            PET3 about to destroy Grid: 0x925020
20211122 070245.351 INFO             PET3  NUMBER_OF_PROCESSORS           4
20211122 070245.351 INFO             PET3  PASS  Example ESMF_NUOPCAtmModelEx, ESMF_NUOPCAtmModelEx.F90, line 806
20211122 070245.351 INFO             PET3 Finalizing ESMF
