build time -- 2021-12-21 06:03:15
20211221 062826.531 INFO             PET0 !!!!!!!!!!!!!!!!!!!!!!!!!!!!!!!!!!!!!!!!!!!!!!!!!!!!!!
20211221 062826.531 INFO             PET0 !!! THE ESMF_LOG IS SET TO OUTPUT ALL LOG MESSAGES !!!
20211221 062826.531 INFO             PET0 !!!     THIS MAY CAUSE SLOWDOWN IN PERFORMANCE     !!!
20211221 062826.531 INFO             PET0 !!! FOR PRODUCTION RUNS, USE:                      !!!
20211221 062826.531 INFO             PET0 !!!                   ESMF_LOGKIND_Multi_On_Error  !!!
20211221 062826.531 INFO             PET0 !!!!!!!!!!!!!!!!!!!!!!!!!!!!!!!!!!!!!!!!!!!!!!!!!!!!!!
20211221 062826.531 INFO             PET0 Running with ESMF Version   : ESMF_8_3_0_beta_snapshot_05-1-g3e9d170f1f
20211221 062826.531 INFO             PET0 ESMF library build date/time: "Dec 21 2021" "06:02:03"
20211221 062826.531 INFO             PET0 ESMF library build location : /scratch1/NCEPDEV/stmp2/role.esmfmaint/gfortran_9.2.0b_intelmpi_g_develop
20211221 062826.531 INFO             PET0 ESMF_COMM                   : intelmpi
20211221 062826.533 INFO             PET0 ESMF_MOAB                   : enabled
20211221 062826.533 INFO             PET0 ESMF_LAPACK                 : enabled
20211221 062826.533 INFO             PET0 ESMF_NETCDF                 : disabled
20211221 062826.533 INFO             PET0 ESMF_PNETCDF                : disabled
20211221 062826.533 INFO             PET0 ESMF_PIO                    : enabled
20211221 062826.533 INFO             PET0 ESMF_YAMLCPP                : enabled
20211221 062826.537 INFO             PET0 ESMF_FieldRedistStoreNF(): Just entered routine.
20211221 062826.743 INFO             PET0 ESMF_FieldRedistStoreNF(): Leaving routine.
20211221 062826.752 INFO             PET0  NUMBER_OF_PROCESSORS           4
20211221 062826.752 INFO             PET0  PASS  Example ESMF_RHandleFromFileEx, ESMF_RHandleFromFileEx.F90, line 192
20211221 062826.752 INFO             PET0 Finalizing ESMF
20211221 062826.531 INFO             PET1 !!!!!!!!!!!!!!!!!!!!!!!!!!!!!!!!!!!!!!!!!!!!!!!!!!!!!!
20211221 062826.531 INFO             PET1 !!! THE ESMF_LOG IS SET TO OUTPUT ALL LOG MESSAGES !!!
20211221 062826.531 INFO             PET1 !!!     THIS MAY CAUSE SLOWDOWN IN PERFORMANCE     !!!
20211221 062826.531 INFO             PET1 !!! FOR PRODUCTION RUNS, USE:                      !!!
20211221 062826.531 INFO             PET1 !!!                   ESMF_LOGKIND_Multi_On_Error  !!!
20211221 062826.531 INFO             PET1 !!!!!!!!!!!!!!!!!!!!!!!!!!!!!!!!!!!!!!!!!!!!!!!!!!!!!!
20211221 062826.531 INFO             PET1 Running with ESMF Version   : ESMF_8_3_0_beta_snapshot_05-1-g3e9d170f1f
20211221 062826.531 INFO             PET1 ESMF library build date/time: "Dec 21 2021" "06:02:03"
20211221 062826.531 INFO             PET1 ESMF library build location : /scratch1/NCEPDEV/stmp2/role.esmfmaint/gfortran_9.2.0b_intelmpi_g_develop
20211221 062826.531 INFO             PET1 ESMF_COMM                   : intelmpi
20211221 062826.534 INFO             PET1 ESMF_MOAB                   : enabled
20211221 062826.534 INFO             PET1 ESMF_LAPACK                 : enabled
20211221 062826.534 INFO             PET1 ESMF_NETCDF                 : disabled
20211221 062826.534 INFO             PET1 ESMF_PNETCDF                : disabled
20211221 062826.534 INFO             PET1 ESMF_PIO                    : enabled
20211221 062826.534 INFO             PET1 ESMF_YAMLCPP                : enabled
20211221 062826.537 INFO             PET1 ESMF_FieldRedistStoreNF(): Just entered routine.
20211221 062826.743 INFO             PET1 ESMF_FieldRedistStoreNF(): Leaving routine.
20211221 062826.752 INFO             PET1  NUMBER_OF_PROCESSORS           4
20211221 062826.752 INFO             PET1  PASS  Example ESMF_RHandleFromFileEx, ESMF_RHandleFromFileEx.F90, line 192
20211221 062826.752 INFO             PET1 Finalizing ESMF
20211221 062826.532 INFO             PET2 !!!!!!!!!!!!!!!!!!!!!!!!!!!!!!!!!!!!!!!!!!!!!!!!!!!!!!
20211221 062826.532 INFO             PET2 !!! THE ESMF_LOG IS SET TO OUTPUT ALL LOG MESSAGES !!!
20211221 062826.532 INFO             PET2 !!!     THIS MAY CAUSE SLOWDOWN IN PERFORMANCE     !!!
20211221 062826.532 INFO             PET2 !!! FOR PRODUCTION RUNS, USE:                      !!!
20211221 062826.532 INFO             PET2 !!!                   ESMF_LOGKIND_Multi_On_Error  !!!
20211221 062826.532 INFO             PET2 !!!!!!!!!!!!!!!!!!!!!!!!!!!!!!!!!!!!!!!!!!!!!!!!!!!!!!
20211221 062826.532 INFO             PET2 Running with ESMF Version   : ESMF_8_3_0_beta_snapshot_05-1-g3e9d170f1f
20211221 062826.532 INFO             PET2 ESMF library build date/time: "Dec 21 2021" "06:02:03"
20211221 062826.532 INFO             PET2 ESMF library build location : /scratch1/NCEPDEV/stmp2/role.esmfmaint/gfortran_9.2.0b_intelmpi_g_develop
20211221 062826.532 INFO             PET2 ESMF_COMM                   : intelmpi
20211221 062826.533 INFO             PET2 ESMF_MOAB                   : enabled
20211221 062826.533 INFO             PET2 ESMF_LAPACK                 : enabled
20211221 062826.533 INFO             PET2 ESMF_NETCDF                 : disabled
20211221 062826.533 INFO             PET2 ESMF_PNETCDF                : disabled
20211221 062826.533 INFO             PET2 ESMF_PIO                    : enabled
20211221 062826.533 INFO             PET2 ESMF_YAMLCPP                : enabled
20211221 062826.536 INFO             PET2 ESMF_FieldRedistStoreNF(): Just entered routine.
20211221 062826.743 INFO             PET2 ESMF_FieldRedistStoreNF(): Leaving routine.
20211221 062826.752 INFO             PET2  NUMBER_OF_PROCESSORS           4
20211221 062826.752 INFO             PET2  PASS  Example ESMF_RHandleFromFileEx, ESMF_RHandleFromFileEx.F90, line 192
20211221 062826.752 INFO             PET2 Finalizing ESMF
20211221 062826.531 INFO             PET3 !!!!!!!!!!!!!!!!!!!!!!!!!!!!!!!!!!!!!!!!!!!!!!!!!!!!!!
20211221 062826.531 INFO             PET3 !!! THE ESMF_LOG IS SET TO OUTPUT ALL LOG MESSAGES !!!
20211221 062826.531 INFO             PET3 !!!     THIS MAY CAUSE SLOWDOWN IN PERFORMANCE     !!!
20211221 062826.531 INFO             PET3 !!! FOR PRODUCTION RUNS, USE:                      !!!
20211221 062826.531 INFO             PET3 !!!                   ESMF_LOGKIND_Multi_On_Error  !!!
20211221 062826.531 INFO             PET3 !!!!!!!!!!!!!!!!!!!!!!!!!!!!!!!!!!!!!!!!!!!!!!!!!!!!!!
20211221 062826.531 INFO             PET3 Running with ESMF Version   : ESMF_8_3_0_beta_snapshot_05-1-g3e9d170f1f
20211221 062826.531 INFO             PET3 ESMF library build date/time: "Dec 21 2021" "06:02:03"
20211221 062826.531 INFO             PET3 ESMF library build location : /scratch1/NCEPDEV/stmp2/role.esmfmaint/gfortran_9.2.0b_intelmpi_g_develop
20211221 062826.531 INFO             PET3 ESMF_COMM                   : intelmpi
20211221 062826.534 INFO             PET3 ESMF_MOAB                   : enabled
20211221 062826.534 INFO             PET3 ESMF_LAPACK                 : enabled
20211221 062826.534 INFO             PET3 ESMF_NETCDF                 : disabled
20211221 062826.534 INFO             PET3 ESMF_PNETCDF                : disabled
20211221 062826.534 INFO             PET3 ESMF_PIO                    : enabled
20211221 062826.534 INFO             PET3 ESMF_YAMLCPP                : enabled
20211221 062826.537 INFO             PET3 ESMF_FieldRedistStoreNF(): Just entered routine.
20211221 062826.743 INFO             PET3 ESMF_FieldRedistStoreNF(): Leaving routine.
20211221 062826.752 INFO             PET3  NUMBER_OF_PROCESSORS           4
20211221 062826.752 INFO             PET3  PASS  Example ESMF_RHandleFromFileEx, ESMF_RHandleFromFileEx.F90, line 192
20211221 062826.752 INFO             PET3 Finalizing ESMF
