build time -- 2021-11-23 06:27:52
20211123 065202.969 INFO             PET0 !!!!!!!!!!!!!!!!!!!!!!!!!!!!!!!!!!!!!!!!!!!!!!!!!!!!!!
20211123 065202.969 INFO             PET0 !!! THE ESMF_LOG IS SET TO OUTPUT ALL LOG MESSAGES !!!
20211123 065202.969 INFO             PET0 !!!     THIS MAY CAUSE SLOWDOWN IN PERFORMANCE     !!!
20211123 065202.969 INFO             PET0 !!! FOR PRODUCTION RUNS, USE:                      !!!
20211123 065202.969 INFO             PET0 !!!                   ESMF_LOGKIND_Multi_On_Error  !!!
20211123 065202.969 INFO             PET0 !!!!!!!!!!!!!!!!!!!!!!!!!!!!!!!!!!!!!!!!!!!!!!!!!!!!!!
20211123 065202.969 INFO             PET0 Running with ESMF Version   : ESMF_8_3_0_beta_snapshot_03
20211123 065202.970 INFO             PET0 ESMF library build date/time: "Nov 23 2021" "06:26:44"
20211123 065202.970 INFO             PET0 ESMF library build location : /scratch1/NCEPDEV/stmp2/Mark.Potts/gfortran_9.2.0b_intelmpi_g_develop
20211123 065202.970 INFO             PET0 ESMF_COMM                   : intelmpi
20211123 065202.972 INFO             PET0 ESMF_MOAB                   : enabled
20211123 065202.972 INFO             PET0 ESMF_LAPACK                 : enabled
20211123 065202.972 INFO             PET0 ESMF_NETCDF                 : disabled
20211123 065202.972 INFO             PET0 ESMF_PNETCDF                : disabled
20211123 065202.972 INFO             PET0 ESMF_PIO                    : enabled
20211123 065202.972 INFO             PET0 ESMF_YAMLCPP                : enabled
20211123 065202.972 INFO             PET0  NUMBER_OF_PROCESSORS           1
20211123 065202.972 INFO             PET0  PASS  Example ESMF_ClockEx, ESMF_ClockEx.F90, line 220
20211123 065202.972 INFO             PET0 Finalizing ESMF
