build time -- 2022-02-16 01:07:45.207308
20220216 012552.876 INFO             PET0 !!!!!!!!!!!!!!!!!!!!!!!!!!!!!!!!!!!!!!!!!!!!!!!!!!!!!!
20220216 012552.877 INFO             PET0 !!! THE ESMF_LOG IS SET TO OUTPUT ALL LOG MESSAGES !!!
20220216 012552.877 INFO             PET0 !!!     THIS MAY CAUSE SLOWDOWN IN PERFORMANCE     !!!
20220216 012552.877 INFO             PET0 !!! FOR PRODUCTION RUNS, USE:                      !!!
20220216 012552.877 INFO             PET0 !!!                   ESMF_LOGKIND_Multi_On_Error  !!!
20220216 012552.877 INFO             PET0 !!!!!!!!!!!!!!!!!!!!!!!!!!!!!!!!!!!!!!!!!!!!!!!!!!!!!!
20220216 012552.877 INFO             PET0 Running with ESMF Version   : ESMF_8_3_0_beta_snapshot_06-15-g03510d5fb3
20220216 012552.877 INFO             PET0 ESMF library build date/time: "Feb 16 2022" "01:06:39"
20220216 012552.877 INFO             PET0 ESMF library build location : /gpfsm/dnb04/projects/p98/mpotts/esmf/gfortran_8.3.0_mpiuni_O_develop
20220216 012552.877 INFO             PET0 ESMF_COMM                   : mpiuni
20220216 012552.877 INFO             PET0 ESMF_MOAB                   : enabled
20220216 012552.877 INFO             PET0 ESMF_LAPACK                 : enabled
20220216 012552.877 INFO             PET0 ESMF_NETCDF                 : disabled
20220216 012552.877 INFO             PET0 ESMF_PNETCDF                : disabled
20220216 012552.877 INFO             PET0 ESMF_PIO                    : disabled
20220216 012552.877 INFO             PET0 ESMF_YAMLCPP                : enabled
20220216 012552.877 ERROR            PET0 ESMCI_State.C:982 ESMCI::State::read() Library needed by ESMF not present  - Internal subroutine call returned Error
20220216 012552.877 ERROR            PET0 ESMF_StateAPI.cppF90:3191 ESMF_StateRead Library needed by ESMF not present  - Internal subroutine call returned Error
20220216 012552.877 INFO             PET0  NUMBER_OF_PROCESSORS           1
20220216 012552.877 INFO             PET0  PASS  Example ESMF_StateReadWriteEx, ESMF_StateReadWriteEx.F90, line 185
20220216 012552.877 INFO             PET0 Finalizing ESMF
