build time -- 2022-01-09 23:35:32
20220110 000554.538 INFO             PET0 !!!!!!!!!!!!!!!!!!!!!!!!!!!!!!!!!!!!!!!!!!!!!!!!!!!!!!
20220110 000554.538 INFO             PET0 !!! THE ESMF_LOG IS SET TO OUTPUT ALL LOG MESSAGES !!!
20220110 000554.538 INFO             PET0 !!!     THIS MAY CAUSE SLOWDOWN IN PERFORMANCE     !!!
20220110 000554.538 INFO             PET0 !!! FOR PRODUCTION RUNS, USE:                      !!!
20220110 000554.538 INFO             PET0 !!!                   ESMF_LOGKIND_Multi_On_Error  !!!
20220110 000554.538 INFO             PET0 !!!!!!!!!!!!!!!!!!!!!!!!!!!!!!!!!!!!!!!!!!!!!!!!!!!!!!
20220110 000554.538 INFO             PET0 Running with ESMF Version   : 8.3.0 beta snapshot
20220110 000554.538 INFO             PET0 ESMF library build date/time: "Jan  9 2022" "23:33:38"
20220110 000554.538 INFO             PET0 ESMF library build location : /lustre/f2/dev/ncep/Mark.Potts/intel_2019.5_mpiuni_O_develop
20220110 000554.538 INFO             PET0 ESMF_COMM                   : mpiuni
20220110 000554.539 INFO             PET0 ESMF_MOAB                   : enabled
20220110 000554.539 INFO             PET0 ESMF_LAPACK                 : enabled
20220110 000554.539 INFO             PET0 ESMF_NETCDF                 : enabled
20220110 000554.539 INFO             PET0 ESMF_PNETCDF                : disabled
20220110 000554.539 INFO             PET0 ESMF_PIO                    : disabled
20220110 000554.539 INFO             PET0 ESMF_YAMLCPP                : enabled
20220110 000554.540 INFO             PET0  NUMBER_OF_PROCESSORS           1
20220110 000554.540 INFO             PET0  PASS  Example ESMF_VMUserMpiCommMultiEx, ESMF_VMUserMpiCommMultiEx.F90, line 126
20220110 000554.540 INFO             PET0 Finalizing ESMF
