build time -- 2021-11-05 00:28:26
20211105 014122.857 INFO             PET0 !!!!!!!!!!!!!!!!!!!!!!!!!!!!!!!!!!!!!!!!!!!!!!!!!!!!!!
20211105 014122.857 INFO             PET0 !!! THE ESMF_LOG IS SET TO OUTPUT ALL LOG MESSAGES !!!
20211105 014122.857 INFO             PET0 !!!     THIS MAY CAUSE SLOWDOWN IN PERFORMANCE     !!!
20211105 014122.857 INFO             PET0 !!! FOR PRODUCTION RUNS, USE:                      !!!
20211105 014122.857 INFO             PET0 !!!                   ESMF_LOGKIND_Multi_On_Error  !!!
20211105 014122.857 INFO             PET0 !!!!!!!!!!!!!!!!!!!!!!!!!!!!!!!!!!!!!!!!!!!!!!!!!!!!!!
20211105 014122.857 INFO             PET0 Running with ESMF Version   : 8.3.0 beta snapshot
20211105 014122.857 INFO             PET0 ESMF library build date/time: "Nov  5 2021" "00:26:40"
20211105 014122.857 INFO             PET0 ESMF library build location : /lustre/f2/dev/ncep/Mark.Potts/intel_2019.5_mpiuni_O_develop
20211105 014122.857 INFO             PET0 ESMF_COMM                   : mpiuni
20211105 014122.858 INFO             PET0 ESMF_MOAB                   : enabled
20211105 014122.858 INFO             PET0 ESMF_LAPACK                 : enabled
20211105 014122.858 INFO             PET0 ESMF_NETCDF                 : enabled
20211105 014122.858 INFO             PET0 ESMF_PNETCDF                : disabled
20211105 014122.858 INFO             PET0 ESMF_PIO                    : disabled
20211105 014122.858 INFO             PET0 ESMF_YAMLCPP                : enabled
20211105 014122.860 INFO             PET0  NUMBER_OF_PROCESSORS           1
20211105 014122.860 INFO             PET0  PASS  Example ESMF_GCompEx, ESMF_GCompEx.F90, line 465
20211105 014122.860 INFO             PET0 Finalizing ESMF
