build time -- 2021-11-29 23:41:18
20211130 005107.081 INFO             PET0 !!!!!!!!!!!!!!!!!!!!!!!!!!!!!!!!!!!!!!!!!!!!!!!!!!!!!!
20211130 005107.081 INFO             PET0 !!! THE ESMF_LOG IS SET TO OUTPUT ALL LOG MESSAGES !!!
20211130 005107.081 INFO             PET0 !!!     THIS MAY CAUSE SLOWDOWN IN PERFORMANCE     !!!
20211130 005107.081 INFO             PET0 !!! FOR PRODUCTION RUNS, USE:                      !!!
20211130 005107.081 INFO             PET0 !!!                   ESMF_LOGKIND_Multi_On_Error  !!!
20211130 005107.081 INFO             PET0 !!!!!!!!!!!!!!!!!!!!!!!!!!!!!!!!!!!!!!!!!!!!!!!!!!!!!!
20211130 005107.081 INFO             PET0 Running with ESMF Version   : 8.3.0 beta snapshot
20211130 005107.081 INFO             PET0 ESMF library build date/time: "Nov 29 2021" "23:38:35"
20211130 005107.081 INFO             PET0 ESMF library build location : /lustre/f2/dev/ncep/Mark.Potts/intel_2019.5_mpiuni_O_develop
20211130 005107.081 INFO             PET0 ESMF_COMM                   : mpiuni
20211130 005107.082 INFO             PET0 ESMF_MOAB                   : enabled
20211130 005107.082 INFO             PET0 ESMF_LAPACK                 : enabled
20211130 005107.082 INFO             PET0 ESMF_NETCDF                 : enabled
20211130 005107.082 INFO             PET0 ESMF_PNETCDF                : disabled
20211130 005107.082 INFO             PET0 ESMF_PIO                    : disabled
20211130 005107.082 INFO             PET0 ESMF_YAMLCPP                : enabled
20211130 005107.109 DEBUG            PET0 about to destroy Grid: 0x89b8d0
20211130 005107.113 DEBUG            PET0 about to destroy Grid: 0x89d2f0
20211130 005107.121 INFO             PET0  NUMBER_OF_PROCESSORS           1
20211130 005107.121 INFO             PET0  PASS  Example ESMF_NUOPCAtmModelEx, ESMF_NUOPCAtmModelEx.F90, line 806
20211130 005107.121 INFO             PET0 Finalizing ESMF
