build time -- 2022-01-16 23:36:57
20220117 002431.825 INFO             PET0 !!!!!!!!!!!!!!!!!!!!!!!!!!!!!!!!!!!!!!!!!!!!!!!!!!!!!!
20220117 002431.825 INFO             PET0 !!! THE ESMF_LOG IS SET TO OUTPUT ALL LOG MESSAGES !!!
20220117 002431.825 INFO             PET0 !!!     THIS MAY CAUSE SLOWDOWN IN PERFORMANCE     !!!
20220117 002431.825 INFO             PET0 !!! FOR PRODUCTION RUNS, USE:                      !!!
20220117 002431.825 INFO             PET0 !!!                   ESMF_LOGKIND_Multi_On_Error  !!!
20220117 002431.825 INFO             PET0 !!!!!!!!!!!!!!!!!!!!!!!!!!!!!!!!!!!!!!!!!!!!!!!!!!!!!!
20220117 002431.825 INFO             PET0 Running with ESMF Version   : 8.3.0 beta snapshot
20220117 002431.825 INFO             PET0 ESMF library build date/time: "Jan 16 2022" "23:35:06"
20220117 002431.825 INFO             PET0 ESMF library build location : /lustre/f2/dev/ncep/Mark.Potts/intel_2019.5_mpiuni_O_develop
20220117 002431.825 INFO             PET0 ESMF_COMM                   : mpiuni
20220117 002431.826 INFO             PET0 ESMF_MOAB                   : enabled
20220117 002431.826 INFO             PET0 ESMF_LAPACK                 : enabled
20220117 002431.826 INFO             PET0 ESMF_NETCDF                 : enabled
20220117 002431.826 INFO             PET0 ESMF_PNETCDF                : disabled
20220117 002431.826 INFO             PET0 ESMF_PIO                    : disabled
20220117 002431.826 INFO             PET0 ESMF_YAMLCPP                : enabled
20220117 002431.826 INFO             PET0  NUMBER_OF_PROCESSORS           1
20220117 002431.826 INFO             PET0  PASS  Example ESMF_VMUserMpiEx, ESMF_VMUserMpiEx.F90, line 96
20220117 002431.826 INFO             PET0 Finalizing ESMF
