build time -- 2022-02-18 03:15:41.020699
20220218 060525.223 INFO             PET0 !!!!!!!!!!!!!!!!!!!!!!!!!!!!!!!!!!!!!!!!!!!!!!!!!!!!!!
20220218 060525.223 INFO             PET0 !!! THE ESMF_LOG IS SET TO OUTPUT ALL LOG MESSAGES !!!
20220218 060525.223 INFO             PET0 !!!     THIS MAY CAUSE SLOWDOWN IN PERFORMANCE     !!!
20220218 060525.223 INFO             PET0 !!! FOR PRODUCTION RUNS, USE:                      !!!
20220218 060525.223 INFO             PET0 !!!                   ESMF_LOGKIND_Multi_On_Error  !!!
20220218 060525.223 INFO             PET0 !!!!!!!!!!!!!!!!!!!!!!!!!!!!!!!!!!!!!!!!!!!!!!!!!!!!!!
20220218 060525.223 INFO             PET0 Running with ESMF Version   : ESMF_8_3_0_beta_snapshot_06-16-g2298b2e0a6
20220218 060525.223 INFO             PET0 ESMF library build date/time: "Feb 18 2022" "03:11:47"
20220218 060525.223 INFO             PET0 ESMF library build location : /global/u2/r/rsdunlap/esmf-testing/intel_19.0.3_mpiuni_O_develop
20220218 060525.223 INFO             PET0 ESMF_COMM                   : mpiuni
20220218 060525.225 INFO             PET0 ESMF_MOAB                   : enabled
20220218 060525.225 INFO             PET0 ESMF_LAPACK                 : enabled
20220218 060525.225 INFO             PET0 ESMF_NETCDF                 : enabled
20220218 060525.225 INFO             PET0 ESMF_PNETCDF                : disabled
20220218 060525.225 INFO             PET0 ESMF_PIO                    : disabled
20220218 060525.225 INFO             PET0 ESMF_YAMLCPP                : enabled
20220218 060525.229 INFO             PET0  NUMBER_OF_PROCESSORS           1
20220218 060525.229 INFO             PET0  PASS  Example ESMF_CplEx, ESMF_CplEx.F90, line 457
20220218 060525.229 INFO             PET0 Finalizing ESMF
