build time -- 2022-02-23 03:48:35.230361
20220223 152609.749 INFO             PET0 !!!!!!!!!!!!!!!!!!!!!!!!!!!!!!!!!!!!!!!!!!!!!!!!!!!!!!
20220223 152609.749 INFO             PET0 !!! THE ESMF_LOG IS SET TO OUTPUT ALL LOG MESSAGES !!!
20220223 152609.749 INFO             PET0 !!!     THIS MAY CAUSE SLOWDOWN IN PERFORMANCE     !!!
20220223 152609.749 INFO             PET0 !!! FOR PRODUCTION RUNS, USE:                      !!!
20220223 152609.749 INFO             PET0 !!!                   ESMF_LOGKIND_Multi_On_Error  !!!
20220223 152609.749 INFO             PET0 !!!!!!!!!!!!!!!!!!!!!!!!!!!!!!!!!!!!!!!!!!!!!!!!!!!!!!
20220223 152609.749 INFO             PET0 Running with ESMF Version   : v8.3.0b07-12-g89130880c0
20220223 152609.749 INFO             PET0 ESMF library build date/time: "Feb 23 2022" "03:46:23"
20220223 152609.749 INFO             PET0 ESMF library build location : /global/u2/r/rsdunlap/esmf-testing/intel_19.0.3_mpiuni_O_develop
20220223 152609.749 INFO             PET0 ESMF_COMM                   : mpiuni
20220223 152609.808 INFO             PET0 ESMF_MOAB                   : enabled
20220223 152609.808 INFO             PET0 ESMF_LAPACK                 : enabled
20220223 152609.808 INFO             PET0 ESMF_NETCDF                 : enabled
20220223 152609.808 INFO             PET0 ESMF_PNETCDF                : disabled
20220223 152609.808 INFO             PET0 ESMF_PIO                    : disabled
20220223 152609.808 INFO             PET0 ESMF_YAMLCPP                : enabled
20220223 152609.829 INFO             PET0  NUMBER_OF_PROCESSORS           1
20220223 152609.829 INFO             PET0  PASS  Example ESMF_FieldBundleCreateEx, ESMF_FieldBundleCreateEx.F90, line 561
20220223 152609.829 INFO             PET0 Finalizing ESMF
