build time -- 2022-02-16 04:20:50.836106
20220216 115850.786 INFO             PET0 !!!!!!!!!!!!!!!!!!!!!!!!!!!!!!!!!!!!!!!!!!!!!!!!!!!!!!
20220216 115850.786 INFO             PET0 !!! THE ESMF_LOG IS SET TO OUTPUT ALL LOG MESSAGES !!!
20220216 115850.786 INFO             PET0 !!!     THIS MAY CAUSE SLOWDOWN IN PERFORMANCE     !!!
20220216 115850.786 INFO             PET0 !!! FOR PRODUCTION RUNS, USE:                      !!!
20220216 115850.786 INFO             PET0 !!!                   ESMF_LOGKIND_Multi_On_Error  !!!
20220216 115850.786 INFO             PET0 !!!!!!!!!!!!!!!!!!!!!!!!!!!!!!!!!!!!!!!!!!!!!!!!!!!!!!
20220216 115850.786 INFO             PET0 Running with ESMF Version   : ESMF_8_3_0_beta_snapshot_06-15-g03510d5fb3
20220216 115850.786 INFO             PET0 ESMF library build date/time: "Feb 16 2022" "04:17:02"
20220216 115850.786 INFO             PET0 ESMF library build location : /global/u2/r/rsdunlap/esmf-testing/intel_19.0.3_mpiuni_O_develop
20220216 115850.786 INFO             PET0 ESMF_COMM                   : mpiuni
20220216 115850.790 INFO             PET0 ESMF_MOAB                   : enabled
20220216 115850.790 INFO             PET0 ESMF_LAPACK                 : enabled
20220216 115850.790 INFO             PET0 ESMF_NETCDF                 : enabled
20220216 115850.790 INFO             PET0 ESMF_PNETCDF                : disabled
20220216 115850.790 INFO             PET0 ESMF_PIO                    : disabled
20220216 115850.790 INFO             PET0 ESMF_YAMLCPP                : enabled
20220216 115850.790 INFO             PET0 ESMF Tracing Enabled
20220216 115850.790 INFO             PET0 ESMF Profiling Enabled
20220216 115850.790 INFO             PET0 ESMF Trace/Profile clock: REALTIME
20220216 115850.811 INFO             PET0  NUMBER_OF_PROCESSORS           1
20220216 115850.812 INFO             PET0  PASS  Example ESMF_TraceEx, ESMF_TraceEx.F90, line 178
20220216 115850.812 INFO             PET0 Finalizing ESMF
20220216 115850.812 INFO             PET0 **************** Region Timings *******************
20220216 115850.812 INFO             PET0 Region              Count  Total (s)   Self (s)    Mean (s)    Min (s)     Max (s)
20220216 115850.812 INFO             PET0   [test] Run 1      5      0.0006      0.0006      0.0001      0.0001      0.0002
20220216 115850.812 INFO             PET0   [test] Init 1     1      0.0001      0.0001      0.0001      0.0001      0.0001
20220216 115850.813 INFO             PET0   [test] Final 1    1      0.0001      0.0001      0.0001      0.0001      0.0001
