build time -- 2022-02-15 02:35:38.479724
20220215 062141.288 INFO             PET0 !!!!!!!!!!!!!!!!!!!!!!!!!!!!!!!!!!!!!!!!!!!!!!!!!!!!!!
20220215 062141.288 INFO             PET0 !!! THE ESMF_LOG IS SET TO OUTPUT ALL LOG MESSAGES !!!
20220215 062141.288 INFO             PET0 !!!     THIS MAY CAUSE SLOWDOWN IN PERFORMANCE     !!!
20220215 062141.288 INFO             PET0 !!! FOR PRODUCTION RUNS, USE:                      !!!
20220215 062141.288 INFO             PET0 !!!                   ESMF_LOGKIND_Multi_On_Error  !!!
20220215 062141.288 INFO             PET0 !!!!!!!!!!!!!!!!!!!!!!!!!!!!!!!!!!!!!!!!!!!!!!!!!!!!!!
20220215 062141.288 INFO             PET0 Running with ESMF Version   : ESMF_8_3_0_beta_snapshot_06-14-g9f69d9060c
20220215 062141.288 INFO             PET0 ESMF library build date/time: "Feb 15 2022" "02:31:52"
20220215 062141.288 INFO             PET0 ESMF library build location : /global/u2/r/rsdunlap/esmf-testing/intel_19.0.3_mpiuni_O_develop
20220215 062141.288 INFO             PET0 ESMF_COMM                   : mpiuni
20220215 062141.290 INFO             PET0 ESMF_MOAB                   : enabled
20220215 062141.290 INFO             PET0 ESMF_LAPACK                 : enabled
20220215 062141.290 INFO             PET0 ESMF_NETCDF                 : enabled
20220215 062141.290 INFO             PET0 ESMF_PNETCDF                : disabled
20220215 062141.290 INFO             PET0 ESMF_PIO                    : disabled
20220215 062141.290 INFO             PET0 ESMF_YAMLCPP                : enabled
20220215 062141.293 INFO             PET0 ESMF_FieldRedistStoreNF(): Just entered routine.
20220215 062141.372 INFO             PET0 ESMF_FieldRedistStoreNF(): Leaving routine.
20220215 062141.396 INFO             PET0  NUMBER_OF_PROCESSORS           1
20220215 062141.397 INFO             PET0  PASS  Example ESMF_RHandleFromFileEx, ESMF_RHandleFromFileEx.F90, line 192
20220215 062141.397 INFO             PET0 Finalizing ESMF
