build time -- 2022-02-16 04:20:50.836106
20220216 115842.999 INFO             PET0 !!!!!!!!!!!!!!!!!!!!!!!!!!!!!!!!!!!!!!!!!!!!!!!!!!!!!!
20220216 115842.999 INFO             PET0 !!! THE ESMF_LOG IS SET TO OUTPUT ALL LOG MESSAGES !!!
20220216 115842.999 INFO             PET0 !!!     THIS MAY CAUSE SLOWDOWN IN PERFORMANCE     !!!
20220216 115842.999 INFO             PET0 !!! FOR PRODUCTION RUNS, USE:                      !!!
20220216 115842.999 INFO             PET0 !!!                   ESMF_LOGKIND_Multi_On_Error  !!!
20220216 115842.999 INFO             PET0 !!!!!!!!!!!!!!!!!!!!!!!!!!!!!!!!!!!!!!!!!!!!!!!!!!!!!!
20220216 115842.999 INFO             PET0 Running with ESMF Version   : ESMF_8_3_0_beta_snapshot_06-15-g03510d5fb3
20220216 115842.999 INFO             PET0 ESMF library build date/time: "Feb 16 2022" "04:17:02"
20220216 115842.999 INFO             PET0 ESMF library build location : /global/u2/r/rsdunlap/esmf-testing/intel_19.0.3_mpiuni_O_develop
20220216 115842.999 INFO             PET0 ESMF_COMM                   : mpiuni
20220216 115843.001 INFO             PET0 ESMF_MOAB                   : enabled
20220216 115843.001 INFO             PET0 ESMF_LAPACK                 : enabled
20220216 115843.001 INFO             PET0 ESMF_NETCDF                 : enabled
20220216 115843.001 INFO             PET0 ESMF_PNETCDF                : disabled
20220216 115843.001 INFO             PET0 ESMF_PIO                    : disabled
20220216 115843.001 INFO             PET0 ESMF_YAMLCPP                : enabled
20220216 115843.002 INFO             PET0 Log Write 2
20220216 115843.002 ERROR            PET0 Invalid object  - Convergence failure
20220216 115843.002 ERROR            PET0 ESMCI_Fraction.C:1444 ESMCI::Fraction::validate() must have non-zero denominator.
20220216 115843.002 ERROR            PET0 ESMCI_Time.C:838 ESMCI::Time::syncToRealTime() Wrong argument specified  - ; calkindflag is JULIANDAY, MODJULIANDAY or NOCALENDAR.
20220216 115843.002 ERROR            PET0 ESMF_Time.F90:1485 ESMF_TimeSyncToRealTime() Wrong argument specified  - Internal subroutine call returned Error
20220216 115843.002 ERROR            PET0 Wrong argument specified  - getting wall clock time
20220216 115843.006 INFO             PET0  NUMBER_OF_PROCESSORS           1
20220216 115843.007 INFO             PET0  PASS  Example ESMF_LogErrEx, ESMF_LogErrEx.F90, line 186
20220216 115843.007 INFO             PET0 Finalizing ESMF
