build time -- 2022-02-24 10:01:01.374584
20220225 004426.469 INFO             PET0 !!!!!!!!!!!!!!!!!!!!!!!!!!!!!!!!!!!!!!!!!!!!!!!!!!!!!!
20220225 004426.469 INFO             PET0 !!! THE ESMF_LOG IS SET TO OUTPUT ALL LOG MESSAGES !!!
20220225 004426.469 INFO             PET0 !!!     THIS MAY CAUSE SLOWDOWN IN PERFORMANCE     !!!
20220225 004426.469 INFO             PET0 !!! FOR PRODUCTION RUNS, USE:                      !!!
20220225 004426.469 INFO             PET0 !!!                   ESMF_LOGKIND_Multi_On_Error  !!!
20220225 004426.469 INFO             PET0 !!!!!!!!!!!!!!!!!!!!!!!!!!!!!!!!!!!!!!!!!!!!!!!!!!!!!!
20220225 004426.469 INFO             PET0 Running with ESMF Version   : v8.3.0b08-1-gd4bb16874d
20220225 004426.469 INFO             PET0 ESMF library build date/time: "Feb 24 2022" "09:58:00"
20220225 004426.469 INFO             PET0 ESMF library build location : /global/u2/r/rsdunlap/esmf-testing/intel_19.0.3_mpiuni_O_develop
20220225 004426.469 INFO             PET0 ESMF_COMM                   : mpiuni
20220225 004426.471 INFO             PET0 ESMF_MOAB                   : enabled
20220225 004426.471 INFO             PET0 ESMF_LAPACK                 : enabled
20220225 004426.471 INFO             PET0 ESMF_NETCDF                 : enabled
20220225 004426.471 INFO             PET0 ESMF_PNETCDF                : disabled
20220225 004426.471 INFO             PET0 ESMF_PIO                    : disabled
20220225 004426.471 INFO             PET0 ESMF_YAMLCPP                : enabled
20220225 004426.473 INFO             PET0  NUMBER_OF_PROCESSORS           1
20220225 004426.473 INFO             PET0  PASS  Example ESMF_VMScatterVMGatherEx, ESMF_VMScatterVMGatherEx.F90, line 120
20220225 004426.473 INFO             PET0 Finalizing ESMF
