build time -- 2021-10-26 21:57:14
dyld: lazy symbol binding failed: Symbol not found: ___c11_atomic_fetch_add
  Referenced from: /project/esmf/stack/install/intel/19.1.0.166/mpich/3.4.1/lib/libpmpi.12.dylib
  Expected in: flat namespace

dyld: Symbol not found: ___c11_atomic_fetch_add
  Referenced from: /project/esmf/stack/install/intel/19.1.0.166/mpich/3.4.1/lib/libpmpi.12.dylib
  Expected in: flat namespace

forrtl: error (76): Abort trap signal
Image              PC                Routine            Line        Source             
ESMF_VMUserMpiCom  0000000101C7DF5A  Unknown               Unknown  Unknown
libsystem_platfor  00007FFF666F8B5D  Unknown               Unknown  Unknown

===================================================================================
=   BAD TERMINATION OF ONE OF YOUR APPLICATION PROCESSES
=   PID 59971 RUNNING AT cgdm-catania
=   EXIT CODE: 6
=   CLEANING UP REMAINING PROCESSES
=   YOU CAN IGNORE THE BELOW CLEANUP MESSAGES
===================================================================================
YOUR APPLICATION TERMINATED WITH THE EXIT STRING: Terminated: 15 (signal 15)
This typically refers to a problem with your application.
Please see the FAQ page for debugging suggestions
