build time -- 2021-10-26 21:57:14
forrtl: severe (174): SIGSEGV, segmentation fault occurred
Image              PC                Routine            Line        Source             
ESMF_DELayoutEx    000000010D9C2D74  Unknown               Unknown  Unknown
libsystem_platfor  00007FFF666F8B5D  Unknown               Unknown  Unknown
libmpi.40.dylib    000000010DDAD2A1  Unknown               Unknown  Unknown
libesmf.dylib      0000000112AA75A0  Unknown               Unknown  Unknown
libesmf.dylib      0000000112A86141  Unknown               Unknown  Unknown
libesmf.dylib      0000000112AD8B80  Unknown               Unknown  Unknown
libesmf.dylib      0000000113CBC026  Unknown               Unknown  Unknown
libesmf.dylib      00000001138C892A  Unknown               Unknown  Unknown
libesmf.dylib      00000001138C7C3B  Unknown               Unknown  Unknown
ESMF_DELayoutEx    000000010D99A06D  _MAIN__                    51  ESMF_DELayoutEx.F90
ESMF_DELayoutEx    000000010D999E0E  Unknown               Unknown  Unknown
forrtl: severe (174): SIGSEGV, segmentation fault occurred
Image              PC                Routine            Line        Source             
ESMF_DELayoutEx    000000010F5E0D74  Unknown               Unknown  Unknown
libsystem_platfor  00007FFF666F8B5D  Unknown               Unknown  Unknown
libmpi.40.dylib    0000000113D3F2A1  Unknown               Unknown  Unknown
libesmf.dylib      00000001104115A0  Unknown               Unknown  Unknown
libesmf.dylib      00000001103F0141  Unknown               Unknown  Unknown
libesmf.dylib      0000000110442B80  Unknown               Unknown  Unknown
libesmf.dylib      0000000111626026  Unknown               Unknown  Unknown
libesmf.dylib      000000011123292A  Unknown               Unknown  Unknown
libesmf.dylib      0000000111231C3B  Unknown               Unknown  Unknown
ESMF_DELayoutEx    000000010F5B806D  _MAIN__                    51  ESMF_DELayoutEx.F90
ESMF_DELayoutEx    000000010F5B7E0E  Unknown               Unknown  Unknown
forrtl: severe (174): SIGSEGV, segmentation fault occurred
Image              PC                Routine            Line        Source             
ESMF_DELayoutEx    0000000109681D74  Unknown               Unknown  Unknown
libsystem_platfor  00007FFF666F8B5D  Unknown               Unknown  Unknown
libmpi.40.dylib    000000010DDE32A1  Unknown               Unknown  Unknown
libesmf.dylib      000000010A4B55A0  Unknown               Unknown  Unknown
libesmf.dylib      000000010A494141  Unknown               Unknown  Unknown
libesmf.dylib      000000010A4E6B80  Unknown               Unknown  Unknown
libesmf.dylib      000000010B6CA026  Unknown               Unknown  Unknown
libesmf.dylib      000000010B2D692A  Unknown               Unknown  Unknown
libesmf.dylib      000000010B2D5C3B  Unknown               Unknown  Unknown
ESMF_DELayoutEx    000000010965906D  _MAIN__                    51  ESMF_DELayoutEx.F90
ESMF_DELayoutEx    0000000109658E0E  Unknown               Unknown  Unknown
forrtl: severe (174): SIGSEGV, segmentation fault occurred
Image              PC                Routine            Line        Source             
ESMF_DELayoutEx    0000000105067D74  Unknown               Unknown  Unknown
libsystem_platfor  00007FFF666F8B5D  Unknown               Unknown  Unknown
libmpi.40.dylib    00000001054522A1  Unknown               Unknown  Unknown
libesmf.dylib      0000000108BBE5A0  Unknown               Unknown  Unknown
libesmf.dylib      0000000108B9D141  Unknown               Unknown  Unknown
libesmf.dylib      0000000108BEFB80  Unknown               Unknown  Unknown
libesmf.dylib      0000000109DD3026  Unknown               Unknown  Unknown
libesmf.dylib      00000001099DF92A  Unknown               Unknown  Unknown
libesmf.dylib      00000001099DEC3B  Unknown               Unknown  Unknown
ESMF_DELayoutEx    000000010503F06D  _MAIN__                    51  ESMF_DELayoutEx.F90
ESMF_DELayoutEx    000000010503EE0E  Unknown               Unknown  Unknown
