build time -- 2021-10-26 21:57:14
forrtl: severe (174): SIGSEGV, segmentation fault occurred
Image              PC                Routine            Line        Source             
ESMF_ArrayScatter  000000010F2F8D14  Unknown               Unknown  Unknown
libsystem_platfor  00007FFF666F8B5D  Unknown               Unknown  Unknown
libmpi.40.dylib    0000000113A572A1  Unknown               Unknown  Unknown
libesmf.dylib      000000011012A5A0  Unknown               Unknown  Unknown
libesmf.dylib      0000000110109141  Unknown               Unknown  Unknown
libesmf.dylib      000000011015BB80  Unknown               Unknown  Unknown
libesmf.dylib      000000011133F026  Unknown               Unknown  Unknown
libesmf.dylib      0000000110F4B92A  Unknown               Unknown  Unknown
libesmf.dylib      0000000110F4AC3B  Unknown               Unknown  Unknown
ESMF_ArrayScatter  000000010F2CE37B  _MAIN__                    47  ESMF_ArrayScatterGatherEx.F90
ESMF_ArrayScatter  000000010F2CE0AE  Unknown               Unknown  Unknown
forrtl: severe (174): SIGSEGV, segmentation fault occurred
Image              PC                Routine            Line        Source             
ESMF_ArrayScatter  000000010B2DFD14  Unknown               Unknown  Unknown
libsystem_platfor  00007FFF666F8B5D  Unknown               Unknown  Unknown
libmpi.40.dylib    000000010FBAF2A1  Unknown               Unknown  Unknown
libesmf.dylib      000000010C1175A0  Unknown               Unknown  Unknown
libesmf.dylib      000000010C0F6141  Unknown               Unknown  Unknown
libesmf.dylib      000000010C148B80  Unknown               Unknown  Unknown
libesmf.dylib      000000010D32C026  Unknown               Unknown  Unknown
libesmf.dylib      000000010CF3892A  Unknown               Unknown  Unknown
libesmf.dylib      000000010CF37C3B  Unknown               Unknown  Unknown
ESMF_ArrayScatter  000000010B2B537B  _MAIN__                    47  ESMF_ArrayScatterGatherEx.F90
ESMF_ArrayScatter  000000010B2B50AE  Unknown               Unknown  Unknown
forrtl: severe (174): SIGSEGV, segmentation fault occurred
Image              PC                Routine            Line        Source             
ESMF_ArrayScatter  0000000109505D14  Unknown               Unknown  Unknown
libsystem_platfor  00007FFF666F8B5D  Unknown               Unknown  Unknown
libmpi.40.dylib    00000001098F22A1  Unknown               Unknown  Unknown
libesmf.dylib      000000010C6065A0  Unknown               Unknown  Unknown
libesmf.dylib      000000010C5E5141  Unknown               Unknown  Unknown
libesmf.dylib      000000010C637B80  Unknown               Unknown  Unknown
libesmf.dylib      000000010D81B026  Unknown               Unknown  Unknown
libesmf.dylib      000000010D42792A  Unknown               Unknown  Unknown
libesmf.dylib      000000010D426C3B  Unknown               Unknown  Unknown
ESMF_ArrayScatter  00000001094DB37B  _MAIN__                    47  ESMF_ArrayScatterGatherEx.F90
ESMF_ArrayScatter  00000001094DB0AE  Unknown               Unknown  Unknown
forrtl: severe (174): SIGSEGV, segmentation fault occurred
Image              PC                Routine            Line        Source             
ESMF_ArrayScatter  00000001039A0D14  Unknown               Unknown  Unknown
libsystem_platfor  00007FFF666F8B5D  Unknown               Unknown  Unknown
libmpi.40.dylib    00000001081062A1  Unknown               Unknown  Unknown
libesmf.dylib      00000001047D35A0  Unknown               Unknown  Unknown
libesmf.dylib      00000001047B2141  Unknown               Unknown  Unknown
libesmf.dylib      0000000104804B80  Unknown               Unknown  Unknown
libesmf.dylib      00000001059E8026  Unknown               Unknown  Unknown
libesmf.dylib      00000001055F492A  Unknown               Unknown  Unknown
libesmf.dylib      00000001055F3C3B  Unknown               Unknown  Unknown
ESMF_ArrayScatter  000000010397637B  _MAIN__                    47  ESMF_ArrayScatterGatherEx.F90
ESMF_ArrayScatter  00000001039760AE  Unknown               Unknown  Unknown
