build time -- 2021-10-26 21:57:14
forrtl: severe (174): SIGSEGV, segmentation fault occurred
Image              PC                Routine            Line        Source             
ESMF_VMAllFullRed  0000000100802E34  Unknown               Unknown  Unknown
libsystem_platfor  00007FFF666F8B5D  Unknown               Unknown  Unknown
libmpi.40.dylib    0000000100BED2A1  Unknown               Unknown  Unknown
libesmf.dylib      00000001058285A0  Unknown               Unknown  Unknown
libesmf.dylib      0000000105807141  Unknown               Unknown  Unknown
libesmf.dylib      0000000105859B80  Unknown               Unknown  Unknown
libesmf.dylib      0000000106A3D026  Unknown               Unknown  Unknown
libesmf.dylib      000000010664992A  Unknown               Unknown  Unknown
libesmf.dylib      0000000106648C3B  Unknown               Unknown  Unknown
ESMF_VMAllFullRed  00000001007DC431  _MAIN__                    65  ESMF_VMAllFullReduceEx.F90
ESMF_VMAllFullRed  00000001007DC1EE  Unknown               Unknown  Unknown
forrtl: severe (174): SIGSEGV, segmentation fault occurred
Image              PC                Routine            Line        Source             
ESMF_VMAllFullRed  000000010E462E34  Unknown               Unknown  Unknown
libsystem_platfor  00007FFF666F8B5D  Unknown               Unknown  Unknown
libmpi.40.dylib    0000000112BBF2A1  Unknown               Unknown  Unknown
libesmf.dylib      000000010F2935A0  Unknown               Unknown  Unknown
libesmf.dylib      000000010F272141  Unknown               Unknown  Unknown
libesmf.dylib      000000010F2C4B80  Unknown               Unknown  Unknown
libesmf.dylib      00000001104A8026  Unknown               Unknown  Unknown
libesmf.dylib      00000001100B492A  Unknown               Unknown  Unknown
libesmf.dylib      00000001100B3C3B  Unknown               Unknown  Unknown
ESMF_VMAllFullRed  000000010E43C431  _MAIN__                    65  ESMF_VMAllFullReduceEx.F90
ESMF_VMAllFullRed  000000010E43C1EE  Unknown               Unknown  Unknown
forrtl: severe (174): SIGSEGV, segmentation fault occurred
Image              PC                Routine            Line        Source             
ESMF_VMAllFullRed  0000000107C49E34  Unknown               Unknown  Unknown
libsystem_platfor  00007FFF666F8B5D  Unknown               Unknown  Unknown
libmpi.40.dylib    00000001080342A1  Unknown               Unknown  Unknown
libesmf.dylib      000000010941D5A0  Unknown               Unknown  Unknown
libesmf.dylib      00000001093FC141  Unknown               Unknown  Unknown
libesmf.dylib      000000010944EB80  Unknown               Unknown  Unknown
libesmf.dylib      000000010A632026  Unknown               Unknown  Unknown
libesmf.dylib      000000010A23E92A  Unknown               Unknown  Unknown
libesmf.dylib      000000010A23DC3B  Unknown               Unknown  Unknown
ESMF_VMAllFullRed  0000000107C23431  _MAIN__                    65  ESMF_VMAllFullReduceEx.F90
ESMF_VMAllFullRed  0000000107C231EE  Unknown               Unknown  Unknown
forrtl: severe (174): SIGSEGV, segmentation fault occurred
Image              PC                Routine            Line        Source             
ESMF_VMAllFullRed  0000000101606E34  Unknown               Unknown  Unknown
libsystem_platfor  00007FFF666F8B5D  Unknown               Unknown  Unknown
libmpi.40.dylib    00000001019F12A1  Unknown               Unknown  Unknown
libesmf.dylib      0000000102BF25A0  Unknown               Unknown  Unknown
libesmf.dylib      0000000102BD1141  Unknown               Unknown  Unknown
libesmf.dylib      0000000102C23B80  Unknown               Unknown  Unknown
libesmf.dylib      0000000103E07026  Unknown               Unknown  Unknown
libesmf.dylib      0000000103A1392A  Unknown               Unknown  Unknown
libesmf.dylib      0000000103A12C3B  Unknown               Unknown  Unknown
ESMF_VMAllFullRed  00000001015E0431  _MAIN__                    65  ESMF_VMAllFullReduceEx.F90
ESMF_VMAllFullRed  00000001015E01EE  Unknown               Unknown  Unknown
