build time -- 2021-10-26 21:57:14
forrtl: severe (174): SIGSEGV, segmentation fault occurred
Image              PC                Routine            Line        Source             
ESMF_VMSendVMRecv  0000000109910E54  Unknown               Unknown  Unknown
libsystem_platfor  00007FFF666F8B5D  Unknown               Unknown  Unknown
libmpi.40.dylib    000000010E06B2A1  Unknown               Unknown  Unknown
libesmf.dylib      000000010A73F5A0  Unknown               Unknown  Unknown
libesmf.dylib      000000010A71E141  Unknown               Unknown  Unknown
libesmf.dylib      000000010A770B80  Unknown               Unknown  Unknown
libesmf.dylib      000000010B954026  Unknown               Unknown  Unknown
libesmf.dylib      000000010B56092A  Unknown               Unknown  Unknown
libesmf.dylib      000000010B55FC3B  Unknown               Unknown  Unknown
ESMF_VMSendVMRecv  00000001098EA5A1  _MAIN__                    62  ESMF_VMSendVMRecvEx.F90
ESMF_VMSendVMRecv  00000001098EA35E  Unknown               Unknown  Unknown
forrtl: severe (174): SIGSEGV, segmentation fault occurred
Image              PC                Routine            Line        Source             
ESMF_VMSendVMRecv  0000000103040E54  Unknown               Unknown  Unknown
libsystem_platfor  00007FFF666F8B5D  Unknown               Unknown  Unknown
libmpi.40.dylib    000000010342B2A1  Unknown               Unknown  Unknown
libesmf.dylib      0000000106A815A0  Unknown               Unknown  Unknown
libesmf.dylib      0000000106A60141  Unknown               Unknown  Unknown
libesmf.dylib      0000000106AB2B80  Unknown               Unknown  Unknown
libesmf.dylib      0000000107C96026  Unknown               Unknown  Unknown
libesmf.dylib      00000001078A292A  Unknown               Unknown  Unknown
libesmf.dylib      00000001078A1C3B  Unknown               Unknown  Unknown
ESMF_VMSendVMRecv  000000010301A5A1  _MAIN__                    62  ESMF_VMSendVMRecvEx.F90
ESMF_VMSendVMRecv  000000010301A35E  Unknown               Unknown  Unknown
forrtl: severe (174): SIGSEGV, segmentation fault occurred
Image              PC                Routine            Line        Source             
ESMF_VMSendVMRecv  0000000107466E54  Unknown               Unknown  Unknown
libsystem_platfor  00007FFF666F8B5D  Unknown               Unknown  Unknown
libmpi.40.dylib    000000010BBC22A1  Unknown               Unknown  Unknown
libesmf.dylib      00000001082965A0  Unknown               Unknown  Unknown
libesmf.dylib      0000000108275141  Unknown               Unknown  Unknown
libesmf.dylib      00000001082C7B80  Unknown               Unknown  Unknown
libesmf.dylib      00000001094AB026  Unknown               Unknown  Unknown
libesmf.dylib      00000001090B792A  Unknown               Unknown  Unknown
libesmf.dylib      00000001090B6C3B  Unknown               Unknown  Unknown
ESMF_VMSendVMRecv  00000001074405A1  _MAIN__                    62  ESMF_VMSendVMRecvEx.F90
ESMF_VMSendVMRecv  000000010744035E  Unknown               Unknown  Unknown
forrtl: severe (174): SIGSEGV, segmentation fault occurred
Image              PC                Routine            Line        Source             
ESMF_VMSendVMRecv  00000001042ADE54  Unknown               Unknown  Unknown
libsystem_platfor  00007FFF666F8B5D  Unknown               Unknown  Unknown
libmpi.40.dylib    00000001046982A1  Unknown               Unknown  Unknown
libesmf.dylib      00000001059E45A0  Unknown               Unknown  Unknown
libesmf.dylib      00000001059C3141  Unknown               Unknown  Unknown
libesmf.dylib      0000000105A15B80  Unknown               Unknown  Unknown
libesmf.dylib      0000000106BF9026  Unknown               Unknown  Unknown
libesmf.dylib      000000010680592A  Unknown               Unknown  Unknown
libesmf.dylib      0000000106804C3B  Unknown               Unknown  Unknown
ESMF_VMSendVMRecv  00000001042875A1  _MAIN__                    62  ESMF_VMSendVMRecvEx.F90
ESMF_VMSendVMRecv  000000010428735E  Unknown               Unknown  Unknown
