build time -- 2021-10-26 21:57:14
forrtl: severe (174): SIGSEGV, segmentation fault occurred
Image              PC                Routine            Line        Source             
ESMF_VMComponentE  000000010BD12E14  Unknown               Unknown  Unknown
libsystem_platfor  00007FFF666F8B5D  Unknown               Unknown  Unknown
libmpi.40.dylib    000000011058D2A1  Unknown               Unknown  Unknown
libesmf.dylib      000000010CB465A0  Unknown               Unknown  Unknown
libesmf.dylib      000000010CB25141  Unknown               Unknown  Unknown
libesmf.dylib      000000010CB77B80  Unknown               Unknown  Unknown
libesmf.dylib      000000010DD5B026  Unknown               Unknown  Unknown
libesmf.dylib      000000010D96792A  Unknown               Unknown  Unknown
libesmf.dylib      000000010D966C3B  Unknown               Unknown  Unknown
ESMF_VMComponentE  000000010BCECD4F  _MAIN__                   163  ESMF_VMComponentEx.F90
ESMF_VMComponentE  000000010BCEC46E  Unknown               Unknown  Unknown
forrtl: severe (174): SIGSEGV, segmentation fault occurred
Image              PC                Routine            Line        Source             
ESMF_VMComponentE  00000001097A1E14  Unknown               Unknown  Unknown
libsystem_platfor  00007FFF666F8B5D  Unknown               Unknown  Unknown
libmpi.40.dylib    000000010DEF72A1  Unknown               Unknown  Unknown
libesmf.dylib      000000010A5D15A0  Unknown               Unknown  Unknown
libesmf.dylib      000000010A5B0141  Unknown               Unknown  Unknown
libesmf.dylib      000000010A602B80  Unknown               Unknown  Unknown
libesmf.dylib      000000010B7E6026  Unknown               Unknown  Unknown
libesmf.dylib      000000010B3F292A  Unknown               Unknown  Unknown
libesmf.dylib      000000010B3F1C3B  Unknown               Unknown  Unknown
ESMF_VMComponentE  000000010977BD4F  _MAIN__                   163  ESMF_VMComponentEx.F90
ESMF_VMComponentE  000000010977B46E  Unknown               Unknown  Unknown
forrtl: severe (174): SIGSEGV, segmentation fault occurred
Image              PC                Routine            Line        Source             
ESMF_VMComponentE  000000010AA8DE14  Unknown               Unknown  Unknown
libsystem_platfor  00007FFF666F8B5D  Unknown               Unknown  Unknown
libmpi.40.dylib    000000010F1E52A1  Unknown               Unknown  Unknown
libesmf.dylib      000000010B8BD5A0  Unknown               Unknown  Unknown
libesmf.dylib      000000010B89C141  Unknown               Unknown  Unknown
libesmf.dylib      000000010B8EEB80  Unknown               Unknown  Unknown
libesmf.dylib      000000010CAD2026  Unknown               Unknown  Unknown
libesmf.dylib      000000010C6DE92A  Unknown               Unknown  Unknown
libesmf.dylib      000000010C6DDC3B  Unknown               Unknown  Unknown
ESMF_VMComponentE  000000010AA67D4F  _MAIN__                   163  ESMF_VMComponentEx.F90
ESMF_VMComponentE  000000010AA6746E  Unknown               Unknown  Unknown
forrtl: severe (174): SIGSEGV, segmentation fault occurred
Image              PC                Routine            Line        Source             
ESMF_VMComponentE  000000010365FE14  Unknown               Unknown  Unknown
libsystem_platfor  00007FFF666F8B5D  Unknown               Unknown  Unknown
libmpi.40.dylib    0000000107DBD2A1  Unknown               Unknown  Unknown
libesmf.dylib      00000001044935A0  Unknown               Unknown  Unknown
libesmf.dylib      0000000104472141  Unknown               Unknown  Unknown
libesmf.dylib      00000001044C4B80  Unknown               Unknown  Unknown
libesmf.dylib      00000001056A8026  Unknown               Unknown  Unknown
libesmf.dylib      00000001052B492A  Unknown               Unknown  Unknown
libesmf.dylib      00000001052B3C3B  Unknown               Unknown  Unknown
ESMF_VMComponentE  0000000103639D4F  _MAIN__                   163  ESMF_VMComponentEx.F90
ESMF_VMComponentE  000000010363946E  Unknown               Unknown  Unknown
