build time -- 2021-10-26 21:57:14
forrtl: severe (174): SIGSEGV, segmentation fault occurred
Image              PC                Routine            Line        Source             
ESMF_GridCreateRe  000000010316EF94  Unknown               Unknown  Unknown
libsystem_platfor  00007FFF666F8B5D  Unknown               Unknown  Unknown
libmpi.40.dylib    00000001078C72A1  Unknown               Unknown  Unknown
libesmf.dylib      0000000103F9E5A0  Unknown               Unknown  Unknown
libesmf.dylib      0000000103F7D141  Unknown               Unknown  Unknown
libesmf.dylib      0000000103FCFB80  Unknown               Unknown  Unknown
libesmf.dylib      00000001051B3026  Unknown               Unknown  Unknown
libesmf.dylib      0000000104DBF92A  Unknown               Unknown  Unknown
libesmf.dylib      0000000104DBEC3B  Unknown               Unknown  Unknown
ESMF_GridCreateRe  0000000103148F2D  _MAIN__                    63  ESMF_GridCreateRegFromDGEx.F90
ESMF_GridCreateRe  0000000103148CBE  Unknown               Unknown  Unknown
forrtl: severe (174): SIGSEGV, segmentation fault occurred
Image              PC                Routine            Line        Source             
ESMF_GridCreateRe  000000010FD80F94  Unknown               Unknown  Unknown
libsystem_platfor  00007FFF666F8B5D  Unknown               Unknown  Unknown
libmpi.40.dylib    00000001144E02A1  Unknown               Unknown  Unknown
libesmf.dylib      0000000110BB45A0  Unknown               Unknown  Unknown
libesmf.dylib      0000000110B93141  Unknown               Unknown  Unknown
libesmf.dylib      0000000110BE5B80  Unknown               Unknown  Unknown
libesmf.dylib      0000000111DC9026  Unknown               Unknown  Unknown
libesmf.dylib      00000001119D592A  Unknown               Unknown  Unknown
libesmf.dylib      00000001119D4C3B  Unknown               Unknown  Unknown
ESMF_GridCreateRe  000000010FD5AF2D  _MAIN__                    63  ESMF_GridCreateRegFromDGEx.F90
ESMF_GridCreateRe  000000010FD5ACBE  Unknown               Unknown  Unknown
forrtl: severe (174): SIGSEGV, segmentation fault occurred
Image              PC                Routine            Line        Source             
ESMF_GridCreateRe  000000010EA4AF94  Unknown               Unknown  Unknown
libsystem_platfor  00007FFF666F8B5D  Unknown               Unknown  Unknown
libmpi.40.dylib    00000001131A72A1  Unknown               Unknown  Unknown
libesmf.dylib      000000010F87C5A0  Unknown               Unknown  Unknown
libesmf.dylib      000000010F85B141  Unknown               Unknown  Unknown
libesmf.dylib      000000010F8ADB80  Unknown               Unknown  Unknown
libesmf.dylib      0000000110A91026  Unknown               Unknown  Unknown
libesmf.dylib      000000011069D92A  Unknown               Unknown  Unknown
libesmf.dylib      000000011069CC3B  Unknown               Unknown  Unknown
ESMF_GridCreateRe  000000010EA24F2D  _MAIN__                    63  ESMF_GridCreateRegFromDGEx.F90
ESMF_GridCreateRe  000000010EA24CBE  Unknown               Unknown  Unknown
forrtl: severe (174): SIGSEGV, segmentation fault occurred
Image              PC                Routine            Line        Source             
ESMF_GridCreateRe  0000000106662F94  Unknown               Unknown  Unknown
libsystem_platfor  00007FFF666F8B5D  Unknown               Unknown  Unknown
libmpi.40.dylib    000000010ADC12A1  Unknown               Unknown  Unknown
libesmf.dylib      00000001074955A0  Unknown               Unknown  Unknown
libesmf.dylib      0000000107474141  Unknown               Unknown  Unknown
libesmf.dylib      00000001074C6B80  Unknown               Unknown  Unknown
libesmf.dylib      00000001086AA026  Unknown               Unknown  Unknown
libesmf.dylib      00000001082B692A  Unknown               Unknown  Unknown
libesmf.dylib      00000001082B5C3B  Unknown               Unknown  Unknown
ESMF_GridCreateRe  000000010663CF2D  _MAIN__                    63  ESMF_GridCreateRegFromDGEx.F90
ESMF_GridCreateRe  000000010663CCBE  Unknown               Unknown  Unknown
