build time -- 2021-10-26 21:57:14
forrtl: severe (174): SIGSEGV, segmentation fault occurred
Image              PC                Routine            Line        Source             
ESMF_VMScatterVMG  0000000105642DB4  Unknown               Unknown  Unknown
libsystem_platfor  00007FFF666F8B5D  Unknown               Unknown  Unknown
libmpi.40.dylib    0000000109D9E2A1  Unknown               Unknown  Unknown
libesmf.dylib      00000001064735A0  Unknown               Unknown  Unknown
libesmf.dylib      0000000106452141  Unknown               Unknown  Unknown
libesmf.dylib      00000001064A4B80  Unknown               Unknown  Unknown
libesmf.dylib      0000000107688026  Unknown               Unknown  Unknown
libesmf.dylib      000000010729492A  Unknown               Unknown  Unknown
libesmf.dylib      0000000107293C3B  Unknown               Unknown  Unknown
ESMF_VMScatterVMG  000000010561BDA1  _MAIN__                    64  ESMF_VMScatterVMGatherEx.F90
ESMF_VMScatterVMG  000000010561BB5E  Unknown               Unknown  Unknown
forrtl: severe (174): SIGSEGV, segmentation fault occurred
Image              PC                Routine            Line        Source             
ESMF_VMScatterVMG  00000001026EADB4  Unknown               Unknown  Unknown
libsystem_platfor  00007FFF666F8B5D  Unknown               Unknown  Unknown
libmpi.40.dylib    0000000106E4D2A1  Unknown               Unknown  Unknown
libesmf.dylib      000000010351E5A0  Unknown               Unknown  Unknown
libesmf.dylib      00000001034FD141  Unknown               Unknown  Unknown
libesmf.dylib      000000010354FB80  Unknown               Unknown  Unknown
libesmf.dylib      0000000104733026  Unknown               Unknown  Unknown
libesmf.dylib      000000010433F92A  Unknown               Unknown  Unknown
libesmf.dylib      000000010433EC3B  Unknown               Unknown  Unknown
ESMF_VMScatterVMG  00000001026C3DA1  _MAIN__                    64  ESMF_VMScatterVMGatherEx.F90
ESMF_VMScatterVMG  00000001026C3B5E  Unknown               Unknown  Unknown
forrtl: severe (174): SIGSEGV, segmentation fault occurred
Image              PC                Routine            Line        Source             
ESMF_VMScatterVMG  0000000108730DB4  Unknown               Unknown  Unknown
libsystem_platfor  00007FFF666F8B5D  Unknown               Unknown  Unknown
libmpi.40.dylib    000000010CE982A1  Unknown               Unknown  Unknown
libesmf.dylib      00000001095645A0  Unknown               Unknown  Unknown
libesmf.dylib      0000000109543141  Unknown               Unknown  Unknown
libesmf.dylib      0000000109595B80  Unknown               Unknown  Unknown
libesmf.dylib      000000010A779026  Unknown               Unknown  Unknown
libesmf.dylib      000000010A38592A  Unknown               Unknown  Unknown
libesmf.dylib      000000010A384C3B  Unknown               Unknown  Unknown
ESMF_VMScatterVMG  0000000108709DA1  _MAIN__                    64  ESMF_VMScatterVMGatherEx.F90
ESMF_VMScatterVMG  0000000108709B5E  Unknown               Unknown  Unknown
forrtl: severe (174): SIGSEGV, segmentation fault occurred
Image              PC                Routine            Line        Source             
ESMF_VMScatterVMG  00000001024B8DB4  Unknown               Unknown  Unknown
libsystem_platfor  00007FFF666F8B5D  Unknown               Unknown  Unknown
libmpi.40.dylib    00000001028A32A1  Unknown               Unknown  Unknown
libesmf.dylib      0000000106D255A0  Unknown               Unknown  Unknown
libesmf.dylib      0000000106D04141  Unknown               Unknown  Unknown
libesmf.dylib      0000000106D56B80  Unknown               Unknown  Unknown
libesmf.dylib      0000000107F3A026  Unknown               Unknown  Unknown
libesmf.dylib      0000000107B4692A  Unknown               Unknown  Unknown
libesmf.dylib      0000000107B45C3B  Unknown               Unknown  Unknown
ESMF_VMScatterVMG  0000000102491DA1  _MAIN__                    64  ESMF_VMScatterVMGatherEx.F90
ESMF_VMScatterVMG  0000000102491B5E  Unknown               Unknown  Unknown
