build time -- 2021-10-26 21:57:14
forrtl: severe (174): SIGSEGV, segmentation fault occurred
Image              PC                Routine            Line        Source             
ESMF_GridUsageEx   000000010A23A734  Unknown               Unknown  Unknown
libsystem_platfor  00007FFF666F8B5D  Unknown               Unknown  Unknown
libmpi.40.dylib    000000010E9A12A1  Unknown               Unknown  Unknown
libesmf.dylib      000000010B0725A0  Unknown               Unknown  Unknown
libesmf.dylib      000000010B051141  Unknown               Unknown  Unknown
libesmf.dylib      000000010B0A3B80  Unknown               Unknown  Unknown
libesmf.dylib      000000010C287026  Unknown               Unknown  Unknown
libesmf.dylib      000000010BE9392A  Unknown               Unknown  Unknown
libesmf.dylib      000000010BE92C3B  Unknown               Unknown  Unknown
ESMF_GridUsageEx   000000010A1FBE96  _MAIN__                    86  ESMF_GridUsageEx.F90
ESMF_GridUsageEx   000000010A1FB9DE  Unknown               Unknown  Unknown
forrtl: severe (174): SIGSEGV, segmentation fault occurred
Image              PC                Routine            Line        Source             
ESMF_GridUsageEx   000000010D21B734  Unknown               Unknown  Unknown
libsystem_platfor  00007FFF666F8B5D  Unknown               Unknown  Unknown
libmpi.40.dylib    000000011197D2A1  Unknown               Unknown  Unknown
libesmf.dylib      000000010E0515A0  Unknown               Unknown  Unknown
libesmf.dylib      000000010E030141  Unknown               Unknown  Unknown
libesmf.dylib      000000010E082B80  Unknown               Unknown  Unknown
libesmf.dylib      000000010F266026  Unknown               Unknown  Unknown
libesmf.dylib      000000010EE7292A  Unknown               Unknown  Unknown
libesmf.dylib      000000010EE71C3B  Unknown               Unknown  Unknown
ESMF_GridUsageEx   000000010D1DCE96  _MAIN__                    86  ESMF_GridUsageEx.F90
ESMF_GridUsageEx   000000010D1DC9DE  Unknown               Unknown  Unknown
forrtl: severe (174): SIGSEGV, segmentation fault occurred
Image              PC                Routine            Line        Source             
ESMF_GridUsageEx   0000000103794734  Unknown               Unknown  Unknown
libsystem_platfor  00007FFF666F8B5D  Unknown               Unknown  Unknown
libmpi.40.dylib    0000000103B832A1  Unknown               Unknown  Unknown
libesmf.dylib      00000001064F95A0  Unknown               Unknown  Unknown
libesmf.dylib      00000001064D8141  Unknown               Unknown  Unknown
libesmf.dylib      000000010652AB80  Unknown               Unknown  Unknown
libesmf.dylib      000000010770E026  Unknown               Unknown  Unknown
libesmf.dylib      000000010731A92A  Unknown               Unknown  Unknown
libesmf.dylib      0000000107319C3B  Unknown               Unknown  Unknown
ESMF_GridUsageEx   0000000103755E96  _MAIN__                    86  ESMF_GridUsageEx.F90
ESMF_GridUsageEx   00000001037559DE  Unknown               Unknown  Unknown
forrtl: severe (174): SIGSEGV, segmentation fault occurred
Image              PC                Routine            Line        Source             
ESMF_GridUsageEx   00000001036FA734  Unknown               Unknown  Unknown
libsystem_platfor  00007FFF666F8B5D  Unknown               Unknown  Unknown
libmpi.40.dylib    0000000103AE92A1  Unknown               Unknown  Unknown
libesmf.dylib      00000001084AD5A0  Unknown               Unknown  Unknown
libesmf.dylib      000000010848C141  Unknown               Unknown  Unknown
libesmf.dylib      00000001084DEB80  Unknown               Unknown  Unknown
libesmf.dylib      00000001096C2026  Unknown               Unknown  Unknown
libesmf.dylib      00000001092CE92A  Unknown               Unknown  Unknown
libesmf.dylib      00000001092CDC3B  Unknown               Unknown  Unknown
ESMF_GridUsageEx   00000001036BBE96  _MAIN__                    86  ESMF_GridUsageEx.F90
ESMF_GridUsageEx   00000001036BB9DE  Unknown               Unknown  Unknown
