build time -- 2021-10-26 21:57:14
forrtl: severe (174): SIGSEGV, segmentation fault occurred
Image              PC                Routine            Line        Source             
ESMF_TraceEx       000000010CC2ACF4  Unknown               Unknown  Unknown
libsystem_platfor  00007FFF666F8B5D  Unknown               Unknown  Unknown
libmpi.40.dylib    000000011138C2A1  Unknown               Unknown  Unknown
libesmf.dylib      000000010DA5D5A0  Unknown               Unknown  Unknown
libesmf.dylib      000000010DA3C141  Unknown               Unknown  Unknown
libesmf.dylib      000000010DA8EB80  Unknown               Unknown  Unknown
libesmf.dylib      000000010EC72026  Unknown               Unknown  Unknown
libesmf.dylib      000000010E87E92A  Unknown               Unknown  Unknown
libesmf.dylib      000000010E87DC3B  Unknown               Unknown  Unknown
ESMF_TraceEx       000000010CC049C4  _MAIN__                   132  ESMF_TraceEx.F90
ESMF_TraceEx       000000010CC044CE  Unknown               Unknown  Unknown
forrtl: severe (174): SIGSEGV, segmentation fault occurred
Image              PC                Routine            Line        Source             
ESMF_TraceEx       000000010FEFACF4  Unknown               Unknown  Unknown
libsystem_platfor  00007FFF666F8B5D  Unknown               Unknown  Unknown
libmpi.40.dylib    000000011465F2A1  Unknown               Unknown  Unknown
libesmf.dylib      0000000110D2E5A0  Unknown               Unknown  Unknown
libesmf.dylib      0000000110D0D141  Unknown               Unknown  Unknown
libesmf.dylib      0000000110D5FB80  Unknown               Unknown  Unknown
libesmf.dylib      0000000111F43026  Unknown               Unknown  Unknown
libesmf.dylib      0000000111B4F92A  Unknown               Unknown  Unknown
libesmf.dylib      0000000111B4EC3B  Unknown               Unknown  Unknown
ESMF_TraceEx       000000010FED49C4  _MAIN__                   132  ESMF_TraceEx.F90
ESMF_TraceEx       000000010FED44CE  Unknown               Unknown  Unknown
forrtl: severe (174): SIGSEGV, segmentation fault occurred
Image              PC                Routine            Line        Source             
ESMF_TraceEx       000000010C1E7CF4  Unknown               Unknown  Unknown
libsystem_platfor  00007FFF666F8B5D  Unknown               Unknown  Unknown
libmpi.40.dylib    000000011094A2A1  Unknown               Unknown  Unknown
libesmf.dylib      000000010D0185A0  Unknown               Unknown  Unknown
libesmf.dylib      000000010CFF7141  Unknown               Unknown  Unknown
libesmf.dylib      000000010D049B80  Unknown               Unknown  Unknown
libesmf.dylib      000000010E22D026  Unknown               Unknown  Unknown
libesmf.dylib      000000010DE3992A  Unknown               Unknown  Unknown
libesmf.dylib      000000010DE38C3B  Unknown               Unknown  Unknown
ESMF_TraceEx       000000010C1C19C4  _MAIN__                   132  ESMF_TraceEx.F90
ESMF_TraceEx       000000010C1C14CE  Unknown               Unknown  Unknown
forrtl: severe (174): SIGSEGV, segmentation fault occurred
Image              PC                Routine            Line        Source             
ESMF_TraceEx       0000000109D1ECF4  Unknown               Unknown  Unknown
libsystem_platfor  00007FFF666F8B5D  Unknown               Unknown  Unknown
libmpi.40.dylib    000000010E4792A1  Unknown               Unknown  Unknown
libesmf.dylib      000000010AB4E5A0  Unknown               Unknown  Unknown
libesmf.dylib      000000010AB2D141  Unknown               Unknown  Unknown
libesmf.dylib      000000010AB7FB80  Unknown               Unknown  Unknown
libesmf.dylib      000000010BD63026  Unknown               Unknown  Unknown
libesmf.dylib      000000010B96F92A  Unknown               Unknown  Unknown
libesmf.dylib      000000010B96EC3B  Unknown               Unknown  Unknown
ESMF_TraceEx       0000000109CF89C4  _MAIN__                   132  ESMF_TraceEx.F90
ESMF_TraceEx       0000000109CF84CE  Unknown               Unknown  Unknown
