build time -- 2021-10-26 21:57:14
forrtl: severe (174): SIGSEGV, segmentation fault occurred
Image              PC                Routine            Line        Source             
ESMF_FieldSMMEx    000000010C5897E4  Unknown               Unknown  Unknown
libsystem_platfor  00007FFF666F8B5D  Unknown               Unknown  Unknown
libmpi.40.dylib    0000000110CEB2A1  Unknown               Unknown  Unknown
libesmf.dylib      000000010D3C05A0  Unknown               Unknown  Unknown
libesmf.dylib      000000010D39F141  Unknown               Unknown  Unknown
libesmf.dylib      000000010D3F1B80  Unknown               Unknown  Unknown
libesmf.dylib      000000010E5D5026  Unknown               Unknown  Unknown
libesmf.dylib      000000010E1E192A  Unknown               Unknown  Unknown
libesmf.dylib      000000010E1E0C3B  Unknown               Unknown  Unknown
ESMF_FieldSMMEx    000000010C55C672  _MAIN__                    80  ESMF_FieldSMMEx.F90
ESMF_FieldSMMEx    000000010C55C29E  Unknown               Unknown  Unknown
forrtl: severe (174): SIGSEGV, segmentation fault occurred
Image              PC                Routine            Line        Source             
ESMF_FieldSMMEx    000000010B3657E4  Unknown               Unknown  Unknown
libsystem_platfor  00007FFF666F8B5D  Unknown               Unknown  Unknown
libmpi.40.dylib    000000010FAC62A1  Unknown               Unknown  Unknown
libesmf.dylib      000000010C19D5A0  Unknown               Unknown  Unknown
libesmf.dylib      000000010C17C141  Unknown               Unknown  Unknown
libesmf.dylib      000000010C1CEB80  Unknown               Unknown  Unknown
libesmf.dylib      000000010D3B2026  Unknown               Unknown  Unknown
libesmf.dylib      000000010CFBE92A  Unknown               Unknown  Unknown
libesmf.dylib      000000010CFBDC3B  Unknown               Unknown  Unknown
ESMF_FieldSMMEx    000000010B338672  _MAIN__                    80  ESMF_FieldSMMEx.F90
ESMF_FieldSMMEx    000000010B33829E  Unknown               Unknown  Unknown
forrtl: severe (174): SIGSEGV, segmentation fault occurred
Image              PC                Routine            Line        Source             
ESMF_FieldSMMEx    00000001030427E4  Unknown               Unknown  Unknown
libsystem_platfor  00007FFF666F8B5D  Unknown               Unknown  Unknown
libmpi.40.dylib    00000001077A02A1  Unknown               Unknown  Unknown
libesmf.dylib      0000000103E785A0  Unknown               Unknown  Unknown
libesmf.dylib      0000000103E57141  Unknown               Unknown  Unknown
libesmf.dylib      0000000103EA9B80  Unknown               Unknown  Unknown
libesmf.dylib      000000010508D026  Unknown               Unknown  Unknown
libesmf.dylib      0000000104C9992A  Unknown               Unknown  Unknown
libesmf.dylib      0000000104C98C3B  Unknown               Unknown  Unknown
ESMF_FieldSMMEx    0000000103015672  _MAIN__                    80  ESMF_FieldSMMEx.F90
ESMF_FieldSMMEx    000000010301529E  Unknown               Unknown  Unknown
forrtl: severe (174): SIGSEGV, segmentation fault occurred
Image              PC                Routine            Line        Source             
ESMF_FieldSMMEx    000000010A85D7E4  Unknown               Unknown  Unknown
libsystem_platfor  00007FFF666F8B5D  Unknown               Unknown  Unknown
libmpi.40.dylib    000000010EFC12A1  Unknown               Unknown  Unknown
libesmf.dylib      000000010B68F5A0  Unknown               Unknown  Unknown
libesmf.dylib      000000010B66E141  Unknown               Unknown  Unknown
libesmf.dylib      000000010B6C0B80  Unknown               Unknown  Unknown
libesmf.dylib      000000010C8A4026  Unknown               Unknown  Unknown
libesmf.dylib      000000010C4B092A  Unknown               Unknown  Unknown
libesmf.dylib      000000010C4AFC3B  Unknown               Unknown  Unknown
ESMF_FieldSMMEx    000000010A830672  _MAIN__                    80  ESMF_FieldSMMEx.F90
ESMF_FieldSMMEx    000000010A83029E  Unknown               Unknown  Unknown
