build time -- 2021-10-26 21:57:14
forrtl: severe (174): SIGSEGV, segmentation fault occurred
Image              PC                Routine            Line        Source             
ESMF_LogErrEx      000000010723EED4  Unknown               Unknown  Unknown
libsystem_platfor  00007FFF666F8B5D  Unknown               Unknown  Unknown
libmpi.40.dylib    000000010B99F2A1  Unknown               Unknown  Unknown
libesmf.dylib      00000001080735A0  Unknown               Unknown  Unknown
libesmf.dylib      0000000108052141  Unknown               Unknown  Unknown
libesmf.dylib      00000001080A4B80  Unknown               Unknown  Unknown
libesmf.dylib      0000000109288026  Unknown               Unknown  Unknown
libesmf.dylib      0000000108E9492A  Unknown               Unknown  Unknown
libesmf.dylib      0000000108E93C3B  Unknown               Unknown  Unknown
ESMF_LogErrEx      00000001072187B9  _MAIN__                    76  ESMF_LogErrEx.F90
ESMF_LogErrEx      000000010721851E  Unknown               Unknown  Unknown
forrtl: severe (174): SIGSEGV, segmentation fault occurred
Image              PC                Routine            Line        Source             
ESMF_LogErrEx      000000010F5BAED4  Unknown               Unknown  Unknown
libsystem_platfor  00007FFF666F8B5D  Unknown               Unknown  Unknown
libmpi.40.dylib    000000010F9A52A1  Unknown               Unknown  Unknown
libesmf.dylib      0000000113C735A0  Unknown               Unknown  Unknown
libesmf.dylib      0000000113C52141  Unknown               Unknown  Unknown
libesmf.dylib      0000000113CA4B80  Unknown               Unknown  Unknown
libesmf.dylib      0000000114E88026  Unknown               Unknown  Unknown
libesmf.dylib      0000000114A9492A  Unknown               Unknown  Unknown
libesmf.dylib      0000000114A93C3B  Unknown               Unknown  Unknown
ESMF_LogErrEx      000000010F5947B9  _MAIN__                    76  ESMF_LogErrEx.F90
ESMF_LogErrEx      000000010F59451E  Unknown               Unknown  Unknown
forrtl: severe (174): SIGSEGV, segmentation fault occurred
Image              PC                Routine            Line        Source             
ESMF_LogErrEx      000000010FAB9ED4  Unknown               Unknown  Unknown
libsystem_platfor  00007FFF666F8B5D  Unknown               Unknown  Unknown
libmpi.40.dylib    00000001142152A1  Unknown               Unknown  Unknown
libesmf.dylib      00000001108E85A0  Unknown               Unknown  Unknown
libesmf.dylib      00000001108C7141  Unknown               Unknown  Unknown
libesmf.dylib      0000000110919B80  Unknown               Unknown  Unknown
libesmf.dylib      0000000111AFD026  Unknown               Unknown  Unknown
libesmf.dylib      000000011170992A  Unknown               Unknown  Unknown
libesmf.dylib      0000000111708C3B  Unknown               Unknown  Unknown
ESMF_LogErrEx      000000010FA937B9  _MAIN__                    76  ESMF_LogErrEx.F90
ESMF_LogErrEx      000000010FA9351E  Unknown               Unknown  Unknown
forrtl: severe (174): SIGSEGV, segmentation fault occurred
Image              PC                Routine            Line        Source             
ESMF_LogErrEx      0000000102E68ED4  Unknown               Unknown  Unknown
libsystem_platfor  00007FFF666F8B5D  Unknown               Unknown  Unknown
libmpi.40.dylib    00000001075C62A1  Unknown               Unknown  Unknown
libesmf.dylib      0000000103C9D5A0  Unknown               Unknown  Unknown
libesmf.dylib      0000000103C7C141  Unknown               Unknown  Unknown
libesmf.dylib      0000000103CCEB80  Unknown               Unknown  Unknown
libesmf.dylib      0000000104EB2026  Unknown               Unknown  Unknown
libesmf.dylib      0000000104ABE92A  Unknown               Unknown  Unknown
libesmf.dylib      0000000104ABDC3B  Unknown               Unknown  Unknown
ESMF_LogErrEx      0000000102E427B9  _MAIN__                    76  ESMF_LogErrEx.F90
ESMF_LogErrEx      0000000102E4251E  Unknown               Unknown  Unknown
