build time -- 2021-10-26 21:57:14
forrtl: severe (174): SIGSEGV, segmentation fault occurred
Image              PC                Routine            Line        Source             
ESMF_ArraySparseM  0000000107A5F564  Unknown               Unknown  Unknown
libsystem_platfor  00007FFF666F8B5D  Unknown               Unknown  Unknown
libmpi.40.dylib    000000010C1BF2A1  Unknown               Unknown  Unknown
libesmf.dylib      00000001088915A0  Unknown               Unknown  Unknown
libesmf.dylib      0000000108870141  Unknown               Unknown  Unknown
libesmf.dylib      00000001088C2B80  Unknown               Unknown  Unknown
libesmf.dylib      0000000109AA6026  Unknown               Unknown  Unknown
libesmf.dylib      00000001096B292A  Unknown               Unknown  Unknown
libesmf.dylib      00000001096B1C3B  Unknown               Unknown  Unknown
ESMF_ArraySparseM  0000000107A2DE59  _MAIN__                    54  ESMF_ArraySparseMatMulEx.F90
ESMF_ArraySparseM  0000000107A2DB4E  Unknown               Unknown  Unknown
forrtl: severe (174): SIGSEGV, segmentation fault occurred
Image              PC                Routine            Line        Source             
ESMF_ArraySparseM  000000010ED57564  Unknown               Unknown  Unknown
libsystem_platfor  00007FFF666F8B5D  Unknown               Unknown  Unknown
libmpi.40.dylib    00000001134B32A1  Unknown               Unknown  Unknown
libesmf.dylib      000000010FB8E5A0  Unknown               Unknown  Unknown
libesmf.dylib      000000010FB6D141  Unknown               Unknown  Unknown
libesmf.dylib      000000010FBBFB80  Unknown               Unknown  Unknown
libesmf.dylib      0000000110DA3026  Unknown               Unknown  Unknown
libesmf.dylib      00000001109AF92A  Unknown               Unknown  Unknown
libesmf.dylib      00000001109AEC3B  Unknown               Unknown  Unknown
ESMF_ArraySparseM  000000010ED25E59  _MAIN__                    54  ESMF_ArraySparseMatMulEx.F90
ESMF_ArraySparseM  000000010ED25B4E  Unknown               Unknown  Unknown
forrtl: severe (174): SIGSEGV, segmentation fault occurred
Image              PC                Routine            Line        Source             
ESMF_ArraySparseM  0000000108FA5564  Unknown               Unknown  Unknown
libsystem_platfor  00007FFF666F8B5D  Unknown               Unknown  Unknown
libmpi.40.dylib    00000001093932A1  Unknown               Unknown  Unknown
libesmf.dylib      000000010D6F75A0  Unknown               Unknown  Unknown
libesmf.dylib      000000010D6D6141  Unknown               Unknown  Unknown
libesmf.dylib      000000010D728B80  Unknown               Unknown  Unknown
libesmf.dylib      000000010E90C026  Unknown               Unknown  Unknown
libesmf.dylib      000000010E51892A  Unknown               Unknown  Unknown
libesmf.dylib      000000010E517C3B  Unknown               Unknown  Unknown
ESMF_ArraySparseM  0000000108F73E59  _MAIN__                    54  ESMF_ArraySparseMatMulEx.F90
ESMF_ArraySparseM  0000000108F73B4E  Unknown               Unknown  Unknown
forrtl: severe (174): SIGSEGV, segmentation fault occurred
Image              PC                Routine            Line        Source             
ESMF_ArraySparseM  0000000104D91564  Unknown               Unknown  Unknown
libsystem_platfor  00007FFF666F8B5D  Unknown               Unknown  Unknown
libmpi.40.dylib    00000001094ED2A1  Unknown               Unknown  Unknown
libesmf.dylib      0000000105BC45A0  Unknown               Unknown  Unknown
libesmf.dylib      0000000105BA3141  Unknown               Unknown  Unknown
libesmf.dylib      0000000105BF5B80  Unknown               Unknown  Unknown
libesmf.dylib      0000000106DD9026  Unknown               Unknown  Unknown
libesmf.dylib      00000001069E592A  Unknown               Unknown  Unknown
libesmf.dylib      00000001069E4C3B  Unknown               Unknown  Unknown
ESMF_ArraySparseM  0000000104D5FE59  _MAIN__                    54  ESMF_ArraySparseMatMulEx.F90
ESMF_ArraySparseM  0000000104D5FB4E  Unknown               Unknown  Unknown
