build time -- 2021-10-26 21:57:14
forrtl: severe (174): SIGSEGV, segmentation fault occurred
Image              PC                Routine            Line        Source             
ESMF_FieldHaloEx   00000001039A2D54  Unknown               Unknown  Unknown
libsystem_platfor  00007FFF666F8B5D  Unknown               Unknown  Unknown
libmpi.40.dylib    0000000103D8E2A1  Unknown               Unknown  Unknown
libesmf.dylib      00000001060CB5A0  Unknown               Unknown  Unknown
libesmf.dylib      00000001060AA141  Unknown               Unknown  Unknown
libesmf.dylib      00000001060FCB80  Unknown               Unknown  Unknown
libesmf.dylib      00000001072E0026  Unknown               Unknown  Unknown
libesmf.dylib      0000000106EEC92A  Unknown               Unknown  Unknown
libesmf.dylib      0000000106EEBC3B  Unknown               Unknown  Unknown
ESMF_FieldHaloEx   000000010397A63E  _MAIN__                    73  ESMF_FieldHaloEx.F90
ESMF_FieldHaloEx   000000010397A36E  Unknown               Unknown  Unknown
forrtl: severe (174): SIGSEGV, segmentation fault occurred
Image              PC                Routine            Line        Source             
ESMF_FieldHaloEx   000000010D025D54  Unknown               Unknown  Unknown
libsystem_platfor  00007FFF666F8B5D  Unknown               Unknown  Unknown
libmpi.40.dylib    00000001117872A1  Unknown               Unknown  Unknown
libesmf.dylib      000000010DE565A0  Unknown               Unknown  Unknown
libesmf.dylib      000000010DE35141  Unknown               Unknown  Unknown
libesmf.dylib      000000010DE87B80  Unknown               Unknown  Unknown
libesmf.dylib      000000010F06B026  Unknown               Unknown  Unknown
libesmf.dylib      000000010EC7792A  Unknown               Unknown  Unknown
libesmf.dylib      000000010EC76C3B  Unknown               Unknown  Unknown
ESMF_FieldHaloEx   000000010CFFD63E  _MAIN__                    73  ESMF_FieldHaloEx.F90
ESMF_FieldHaloEx   000000010CFFD36E  Unknown               Unknown  Unknown
forrtl: severe (174): SIGSEGV, segmentation fault occurred
Image              PC                Routine            Line        Source             
ESMF_FieldHaloEx   0000000101DC2D54  Unknown               Unknown  Unknown
libsystem_platfor  00007FFF666F8B5D  Unknown               Unknown  Unknown
libmpi.40.dylib    00000001065242A1  Unknown               Unknown  Unknown
libesmf.dylib      0000000102BF95A0  Unknown               Unknown  Unknown
libesmf.dylib      0000000102BD8141  Unknown               Unknown  Unknown
libesmf.dylib      0000000102C2AB80  Unknown               Unknown  Unknown
libesmf.dylib      0000000103E0E026  Unknown               Unknown  Unknown
libesmf.dylib      0000000103A1A92A  Unknown               Unknown  Unknown
libesmf.dylib      0000000103A19C3B  Unknown               Unknown  Unknown
ESMF_FieldHaloEx   0000000101D9A63E  _MAIN__                    73  ESMF_FieldHaloEx.F90
ESMF_FieldHaloEx   0000000101D9A36E  Unknown               Unknown  Unknown
forrtl: severe (174): SIGSEGV, segmentation fault occurred
Image              PC                Routine            Line        Source             
ESMF_FieldHaloEx   00000001034B9D54  Unknown               Unknown  Unknown
libsystem_platfor  00007FFF666F8B5D  Unknown               Unknown  Unknown
libmpi.40.dylib    0000000107C162A1  Unknown               Unknown  Unknown
libesmf.dylib      00000001042EB5A0  Unknown               Unknown  Unknown
libesmf.dylib      00000001042CA141  Unknown               Unknown  Unknown
libesmf.dylib      000000010431CB80  Unknown               Unknown  Unknown
libesmf.dylib      0000000105500026  Unknown               Unknown  Unknown
libesmf.dylib      000000010510C92A  Unknown               Unknown  Unknown
libesmf.dylib      000000010510BC3B  Unknown               Unknown  Unknown
ESMF_FieldHaloEx   000000010349163E  _MAIN__                    73  ESMF_FieldHaloEx.F90
ESMF_FieldHaloEx   000000010349136E  Unknown               Unknown  Unknown
