build time -- 2021-10-26 21:57:14
forrtl: severe (174): SIGSEGV, segmentation fault occurred
Image              PC                Routine            Line        Source             
ESMF_XGridEx       0000000103C67AF4  Unknown               Unknown  Unknown
libsystem_platfor  00007FFF666F8B5D  Unknown               Unknown  Unknown
libmpi.40.dylib    00000001083C42A1  Unknown               Unknown  Unknown
libesmf.dylib      0000000104A995A0  Unknown               Unknown  Unknown
libesmf.dylib      0000000104A78141  Unknown               Unknown  Unknown
libesmf.dylib      0000000104ACAB80  Unknown               Unknown  Unknown
libesmf.dylib      0000000105CAE026  Unknown               Unknown  Unknown
libesmf.dylib      00000001058BA92A  Unknown               Unknown  Unknown
libesmf.dylib      00000001058B9C3B  Unknown               Unknown  Unknown
ESMF_XGridEx       0000000103C3B9C5  _MAIN__                    64  ESMF_XGridEx.F90
ESMF_XGridEx       0000000103C3ADBE  Unknown               Unknown  Unknown
forrtl: severe (174): SIGSEGV, segmentation fault occurred
Image              PC                Routine            Line        Source             
ESMF_XGridEx       00000001017BBAF4  Unknown               Unknown  Unknown
libsystem_platfor  00007FFF666F8B5D  Unknown               Unknown  Unknown
libmpi.40.dylib    0000000105F1A2A1  Unknown               Unknown  Unknown
libesmf.dylib      00000001025F45A0  Unknown               Unknown  Unknown
libesmf.dylib      00000001025D3141  Unknown               Unknown  Unknown
libesmf.dylib      0000000102625B80  Unknown               Unknown  Unknown
libesmf.dylib      0000000103809026  Unknown               Unknown  Unknown
libesmf.dylib      000000010341592A  Unknown               Unknown  Unknown
libesmf.dylib      0000000103414C3B  Unknown               Unknown  Unknown
ESMF_XGridEx       000000010178F9C5  _MAIN__                    64  ESMF_XGridEx.F90
ESMF_XGridEx       000000010178EDBE  Unknown               Unknown  Unknown
forrtl: severe (174): SIGSEGV, segmentation fault occurred
Image              PC                Routine            Line        Source             
ESMF_XGridEx       00000001089F9AF4  Unknown               Unknown  Unknown
libsystem_platfor  00007FFF666F8B5D  Unknown               Unknown  Unknown
libmpi.40.dylib    000000010D1592A1  Unknown               Unknown  Unknown
libesmf.dylib      00000001098325A0  Unknown               Unknown  Unknown
libesmf.dylib      0000000109811141  Unknown               Unknown  Unknown
libesmf.dylib      0000000109863B80  Unknown               Unknown  Unknown
libesmf.dylib      000000010AA47026  Unknown               Unknown  Unknown
libesmf.dylib      000000010A65392A  Unknown               Unknown  Unknown
libesmf.dylib      000000010A652C3B  Unknown               Unknown  Unknown
ESMF_XGridEx       00000001089CD9C5  _MAIN__                    64  ESMF_XGridEx.F90
ESMF_XGridEx       00000001089CCDBE  Unknown               Unknown  Unknown
forrtl: severe (174): SIGSEGV, segmentation fault occurred
Image              PC                Routine            Line        Source             
ESMF_XGridEx       0000000104711AF4  Unknown               Unknown  Unknown
libsystem_platfor  00007FFF666F8B5D  Unknown               Unknown  Unknown
libmpi.40.dylib    0000000108E752A1  Unknown               Unknown  Unknown
libesmf.dylib      00000001055495A0  Unknown               Unknown  Unknown
libesmf.dylib      0000000105528141  Unknown               Unknown  Unknown
libesmf.dylib      000000010557AB80  Unknown               Unknown  Unknown
libesmf.dylib      000000010675E026  Unknown               Unknown  Unknown
libesmf.dylib      000000010636A92A  Unknown               Unknown  Unknown
libesmf.dylib      0000000106369C3B  Unknown               Unknown  Unknown
ESMF_XGridEx       00000001046E59C5  _MAIN__                    64  ESMF_XGridEx.F90
ESMF_XGridEx       00000001046E4DBE  Unknown               Unknown  Unknown
