build time -- 2021-10-26 21:57:14
forrtl: severe (174): SIGSEGV, segmentation fault occurred
Image              PC                Routine            Line        Source             
ESMF_GCompEx       0000000103902524  Unknown               Unknown  Unknown
libsystem_platfor  00007FFF666F8B5D  Unknown               Unknown  Unknown
libmpi.40.dylib    0000000103CF12A1  Unknown               Unknown  Unknown
libesmf.dylib      00000001077525A0  Unknown               Unknown  Unknown
libesmf.dylib      0000000107731141  Unknown               Unknown  Unknown
libesmf.dylib      0000000107783B80  Unknown               Unknown  Unknown
libesmf.dylib      0000000108967026  Unknown               Unknown  Unknown
libesmf.dylib      000000010857392A  Unknown               Unknown  Unknown
libesmf.dylib      0000000108572C3B  Unknown               Unknown  Unknown
ESMF_GCompEx       00000001038DB807  _MAIN__                   297  ESMF_GCompEx.F90
ESMF_GCompEx       00000001038DAF7E  Unknown               Unknown  Unknown
forrtl: severe (174): SIGSEGV, segmentation fault occurred
Image              PC                Routine            Line        Source             
ESMF_GCompEx       000000010B0C1524  Unknown               Unknown  Unknown
libsystem_platfor  00007FFF666F8B5D  Unknown               Unknown  Unknown
libmpi.40.dylib    000000010F8272A1  Unknown               Unknown  Unknown
libesmf.dylib      000000010BEF95A0  Unknown               Unknown  Unknown
libesmf.dylib      000000010BED8141  Unknown               Unknown  Unknown
libesmf.dylib      000000010BF2AB80  Unknown               Unknown  Unknown
libesmf.dylib      000000010D10E026  Unknown               Unknown  Unknown
libesmf.dylib      000000010CD1A92A  Unknown               Unknown  Unknown
libesmf.dylib      000000010CD19C3B  Unknown               Unknown  Unknown
ESMF_GCompEx       000000010B09A807  _MAIN__                   297  ESMF_GCompEx.F90
ESMF_GCompEx       000000010B099F7E  Unknown               Unknown  Unknown
forrtl: severe (174): SIGSEGV, segmentation fault occurred
Image              PC                Routine            Line        Source             
ESMF_GCompEx       00000001018C6524  Unknown               Unknown  Unknown
libsystem_platfor  00007FFF666F8B5D  Unknown               Unknown  Unknown
libmpi.40.dylib    00000001060292A1  Unknown               Unknown  Unknown
libesmf.dylib      00000001026FB5A0  Unknown               Unknown  Unknown
libesmf.dylib      00000001026DA141  Unknown               Unknown  Unknown
libesmf.dylib      000000010272CB80  Unknown               Unknown  Unknown
libesmf.dylib      0000000103910026  Unknown               Unknown  Unknown
libesmf.dylib      000000010351C92A  Unknown               Unknown  Unknown
libesmf.dylib      000000010351BC3B  Unknown               Unknown  Unknown
ESMF_GCompEx       000000010189F807  _MAIN__                   297  ESMF_GCompEx.F90
ESMF_GCompEx       000000010189EF7E  Unknown               Unknown  Unknown
forrtl: severe (174): SIGSEGV, segmentation fault occurred
Image              PC                Routine            Line        Source             
ESMF_GCompEx       000000010D9F3524  Unknown               Unknown  Unknown
libsystem_platfor  00007FFF666F8B5D  Unknown               Unknown  Unknown
libmpi.40.dylib    000000011215B2A1  Unknown               Unknown  Unknown
libesmf.dylib      000000010E82A5A0  Unknown               Unknown  Unknown
libesmf.dylib      000000010E809141  Unknown               Unknown  Unknown
libesmf.dylib      000000010E85BB80  Unknown               Unknown  Unknown
libesmf.dylib      000000010FA3F026  Unknown               Unknown  Unknown
libesmf.dylib      000000010F64B92A  Unknown               Unknown  Unknown
libesmf.dylib      000000010F64AC3B  Unknown               Unknown  Unknown
ESMF_GCompEx       000000010D9CC807  _MAIN__                   297  ESMF_GCompEx.F90
ESMF_GCompEx       000000010D9CBF7E  Unknown               Unknown  Unknown
