build time -- 2021-10-26 21:57:14
 seqIndexOffset=         1099511627776
 seqIndexOffset=         1099511627776
 seqIndexOffset=         1099511627776
 seqIndexOffset=         1099511627776
forrtl: severe (174): SIGSEGV, segmentation fault occurred
Image              PC                Routine            Line        Source             
ESMF_ArrayArbHalo  00000001063FBBB4  Unknown               Unknown  Unknown
libsystem_platfor  00007FFF666F8B5D  Unknown               Unknown  Unknown
libmpi.40.dylib    000000010AB592A1  Unknown               Unknown  Unknown
libesmf.dylib      00000001072305A0  Unknown               Unknown  Unknown
libesmf.dylib      000000010720F141  Unknown               Unknown  Unknown
libesmf.dylib      0000000107261B80  Unknown               Unknown  Unknown
libesmf.dylib      0000000108445026  Unknown               Unknown  Unknown
libesmf.dylib      000000010805192A  Unknown               Unknown  Unknown
libesmf.dylib      0000000108050C3B  Unknown               Unknown  Unknown
ESMF_ArrayArbHalo  00000001063CE36C  _MAIN__                    58  ESMF_ArrayArbHaloEx.F90
ESMF_ArrayArbHalo  00000001063CDFEE  Unknown               Unknown  Unknown
forrtl: severe (174): SIGSEGV, segmentation fault occurred
Image              PC                Routine            Line        Source             
ESMF_ArrayArbHalo  0000000101293BB4  Unknown               Unknown  Unknown
libsystem_platfor  00007FFF666F8B5D  Unknown               Unknown  Unknown
libmpi.40.dylib    00000001059F52A1  Unknown               Unknown  Unknown
libesmf.dylib      00000001020C65A0  Unknown               Unknown  Unknown
libesmf.dylib      00000001020A5141  Unknown               Unknown  Unknown
libesmf.dylib      00000001020F7B80  Unknown               Unknown  Unknown
libesmf.dylib      00000001032DB026  Unknown               Unknown  Unknown
libesmf.dylib      0000000102EE792A  Unknown               Unknown  Unknown
libesmf.dylib      0000000102EE6C3B  Unknown               Unknown  Unknown
ESMF_ArrayArbHalo  000000010126636C  _MAIN__                    58  ESMF_ArrayArbHaloEx.F90
ESMF_ArrayArbHalo  0000000101265FEE  Unknown               Unknown  Unknown
forrtl: severe (174): SIGSEGV, segmentation fault occurred
Image              PC                Routine            Line        Source             
ESMF_ArrayArbHalo  000000010B51BBB4  Unknown               Unknown  Unknown
libsystem_platfor  00007FFF666F8B5D  Unknown               Unknown  Unknown
libmpi.40.dylib    000000010FC852A1  Unknown               Unknown  Unknown
libesmf.dylib      000000010C3535A0  Unknown               Unknown  Unknown
libesmf.dylib      000000010C332141  Unknown               Unknown  Unknown
libesmf.dylib      000000010C384B80  Unknown               Unknown  Unknown
libesmf.dylib      000000010D568026  Unknown               Unknown  Unknown
libesmf.dylib      000000010D17492A  Unknown               Unknown  Unknown
libesmf.dylib      000000010D173C3B  Unknown               Unknown  Unknown
ESMF_ArrayArbHalo  000000010B4EE36C  _MAIN__                    58  ESMF_ArrayArbHaloEx.F90
ESMF_ArrayArbHalo  000000010B4EDFEE  Unknown               Unknown  Unknown
forrtl: severe (174): SIGSEGV, segmentation fault occurred
Image              PC                Routine            Line        Source             
ESMF_ArrayArbHalo  0000000106220BB4  Unknown               Unknown  Unknown
libsystem_platfor  00007FFF666F8B5D  Unknown               Unknown  Unknown
libmpi.40.dylib    000000010A9862A1  Unknown               Unknown  Unknown
libesmf.dylib      00000001070545A0  Unknown               Unknown  Unknown
libesmf.dylib      0000000107033141  Unknown               Unknown  Unknown
libesmf.dylib      0000000107085B80  Unknown               Unknown  Unknown
libesmf.dylib      0000000108269026  Unknown               Unknown  Unknown
libesmf.dylib      0000000107E7592A  Unknown               Unknown  Unknown
libesmf.dylib      0000000107E74C3B  Unknown               Unknown  Unknown
ESMF_ArrayArbHalo  00000001061F336C  _MAIN__                    58  ESMF_ArrayArbHaloEx.F90
ESMF_ArrayArbHalo  00000001061F2FEE  Unknown               Unknown  Unknown
