build time -- 2021-10-26 21:57:14
forrtl: severe (174): SIGSEGV, segmentation fault occurred
Image              PC                Routine            Line        Source             
ESMF_ArraySpecEx   00000001011C4FD4  Unknown               Unknown  Unknown
libsystem_platfor  00007FFF666F8B5D  Unknown               Unknown  Unknown
libmpi.40.dylib    00000001059212A1  Unknown               Unknown  Unknown
libesmf.dylib      0000000101FF65A0  Unknown               Unknown  Unknown
libesmf.dylib      0000000101FD5141  Unknown               Unknown  Unknown
libesmf.dylib      0000000102027B80  Unknown               Unknown  Unknown
libesmf.dylib      000000010320B026  Unknown               Unknown  Unknown
libesmf.dylib      0000000102E1792A  Unknown               Unknown  Unknown
libesmf.dylib      0000000102E16C3B  Unknown               Unknown  Unknown
ESMF_ArraySpecEx   000000010119F20C  _MAIN__                    60  ESMF_ArraySpecEx.F90
ESMF_ArraySpecEx   000000010119EFCE  Unknown               Unknown  Unknown
forrtl: severe (174): SIGSEGV, segmentation fault occurred
Image              PC                Routine            Line        Source             
ESMF_ArraySpecEx   0000000108F0FFD4  Unknown               Unknown  Unknown
libsystem_platfor  00007FFF666F8B5D  Unknown               Unknown  Unknown
libmpi.40.dylib    000000010D6652A1  Unknown               Unknown  Unknown
libesmf.dylib      0000000109D3E5A0  Unknown               Unknown  Unknown
libesmf.dylib      0000000109D1D141  Unknown               Unknown  Unknown
libesmf.dylib      0000000109D6FB80  Unknown               Unknown  Unknown
libesmf.dylib      000000010AF53026  Unknown               Unknown  Unknown
libesmf.dylib      000000010AB5F92A  Unknown               Unknown  Unknown
libesmf.dylib      000000010AB5EC3B  Unknown               Unknown  Unknown
ESMF_ArraySpecEx   0000000108EEA20C  _MAIN__                    60  ESMF_ArraySpecEx.F90
ESMF_ArraySpecEx   0000000108EE9FCE  Unknown               Unknown  Unknown
forrtl: severe (174): SIGSEGV, segmentation fault occurred
Image              PC                Routine            Line        Source             
ESMF_ArraySpecEx   000000010C4C3FD4  Unknown               Unknown  Unknown
libsystem_platfor  00007FFF666F8B5D  Unknown               Unknown  Unknown
libmpi.40.dylib    0000000110C262A1  Unknown               Unknown  Unknown
libesmf.dylib      000000010D2F75A0  Unknown               Unknown  Unknown
libesmf.dylib      000000010D2D6141  Unknown               Unknown  Unknown
libesmf.dylib      000000010D328B80  Unknown               Unknown  Unknown
libesmf.dylib      000000010E50C026  Unknown               Unknown  Unknown
libesmf.dylib      000000010E11892A  Unknown               Unknown  Unknown
libesmf.dylib      000000010E117C3B  Unknown               Unknown  Unknown
ESMF_ArraySpecEx   000000010C49E20C  _MAIN__                    60  ESMF_ArraySpecEx.F90
ESMF_ArraySpecEx   000000010C49DFCE  Unknown               Unknown  Unknown
forrtl: severe (174): SIGSEGV, segmentation fault occurred
Image              PC                Routine            Line        Source             
ESMF_ArraySpecEx   0000000109F46FD4  Unknown               Unknown  Unknown
libsystem_platfor  00007FFF666F8B5D  Unknown               Unknown  Unknown
libmpi.40.dylib    000000010E6AA2A1  Unknown               Unknown  Unknown
libesmf.dylib      000000010AD785A0  Unknown               Unknown  Unknown
libesmf.dylib      000000010AD57141  Unknown               Unknown  Unknown
libesmf.dylib      000000010ADA9B80  Unknown               Unknown  Unknown
libesmf.dylib      000000010BF8D026  Unknown               Unknown  Unknown
libesmf.dylib      000000010BB9992A  Unknown               Unknown  Unknown
libesmf.dylib      000000010BB98C3B  Unknown               Unknown  Unknown
ESMF_ArraySpecEx   0000000109F2120C  _MAIN__                    60  ESMF_ArraySpecEx.F90
ESMF_ArraySpecEx   0000000109F20FCE  Unknown               Unknown  Unknown
