build time -- 2021-10-29 14:41:59
--- ESMCI::ArrayBundle::print start ---
ArrayBundle: MyArrayBundle
arrayCount = 3
Container::print() multipmap:item=0 key=--- ESMCI::ArrayBundle::print start ---
ArrayBundle: MyArrayBundle
arrayCount = 3
Container::print() multipmap:item=0 key=AonFly value=0x7fd551842000
Container::print() multipmap:item=1 key=Array002 value=0x7fd551840800
Container::print() multipmap:item=--- ESMCI::ArrayBundle::print start ---
ArrayBundle: MyArrayBundle
arrayCount = 3
Container::print() multipmap:item=0 key=AonFly value=0x7f9fd601b800
Container::print() multipmap:item=1 key=Array002 value=0x7f9fd6003800
Container::print() multipmap:item=2 key=Array003 value=0x7f9fd6011200
Container::print()      list:item=0 key=Array002 value=0x7f9fd6003800
Container::print()      list:item=1 key=Array003 value=0x7f9fd6011200
Container::print()      list:item=2AonFly value=0x7fb230803000
Container::print() multipmap:item=1 key=Array002 value=0x7fb230805e00
Container::print() multipmap:item=2 key=Array003 value=0x7fb230800000
Container::print()      list:item=0 key=Array002 value=0x7fb230805e00
Container::print()      list:item=1 key=Array003 value=0x7fb230800000
Container::print()      list:item=2 key=AonFly value=0x7fb230803000
--- ESMCI::ArrayBundle::print end ---
2 key=Array003 value=0x7fd551840e00
Container::print()      list:item=0 key=Array002 value=0x7fd551840800
Container::print()      list:item=1 key=Array003 value=0x7fd551840e00
Container::print()      list:item=2 key=AonFly value=0x7fd551842000
--- ESMCI::ArrayBundle::print end ---
 key=AonFly value=0x7f9fd601b800
--- ESMCI::ArrayBundle::print end ---
--- ESMCI::Array::print start ---
 Base name    = AonFly
 Status: Base = --- ESMCI::Array::print start ---
 Base name    = AonFly
Ready,  object = Ready
 Proxy        = no
 Root Info (Attributes):
--- ESMCI::Array::print start ---
 Base name    = AonFly
 Status: Base = Ready,  object = Ready
 Proxy        =  Status: Base = Ready,  object = Ready
 Proxy        = no
 Root Info (Attributes):
--- ESMCI::ArrayBundle::print start ---
ArrayBundle: MyArrayBundle
arrayCount = 3
Container::print() multipmap:item=no
 Root Info (Attributes):
0 key=AonFly value=0x7f8a37000000
Container::print() multipmap:item=1 key=Array002 value=0x7f8a57000000
Container::print() multipmap:item=2 key=Array003{}Array typekind/rank: Real*4 / 2 
~ lower class' values ~
DistGrid dimCount = 2
deCount = 6
localDeCount = 1
~ local data in LocalArray for DE 2 ~
LocalArrayPrint: Array at address 0x7fb226f0a700:
            rank = 2, typekind = 5, base_addr = 0x7fb226f0a090
            dim[0] = 3  dim[1] = 2  
  Real, *4, Dim 2, Data values:
( 1, 1) =  0
{}Array typekind/rank: Real*4 / 2 
~ lower class' values ~
DistGrid dimCount = 2
deCount = 6
localDeCount = 2
~ local data in LocalArray for DE 0 ~
 value=0x7f8a57003a00
Container::print()      list:item=0 key=Array002 value=0x7f8a57000000
( 2, 1) =  8.58993e+09
{}Array typekind/rank: Real*4 / 2 
~ lower class' values ~
DistGrid dimCount = 2
deCount = 6
localDeCount = 1
~ local data in LocalArray for DE 3 ~
LocalArrayPrint: Array at address 0x7fd551438960:
            rank = 2, typekind = 5, base_addr = 0x7fd551438300
            dim[0] = 2  dim[1] = 2  
LocalArrayPrint: Array at address 0x7f9fd5932c70:
            rank = 2, typekind = 5, base_addr = 0x7f9fd59322a0
            dim[0] = 3  dim[1] = 2  
  Real, *4, Dim 2, Data values:
( 1, 1) =  0
( 2, 1) =  4.65661e-10
( 3, 1) =  0
( 1, 2) =  4.65661e-10
Container::print()      list:item=1 key=Array003 value=0x7f8a57003a00
Container::print()      list:item=2 key=AonFly value=0x7f8a37000000
--- ESMCI::ArrayBundle::print end ---
( 3, 1) =  0
( 1, 2) =  8.58993e+09
( 2, 2) =  1.66534e-15
( 3, 2) =  4.58084e-41
dim 1: [0]: [1 [1 [1, 3] 3] 3]
dim 2: [1]: [1 [1 [1, 2] 2] 2]
--- ESMCI::Array::print end ---
--- ESMCI::Array::print start ---
 Base name    = Array002
 Status: Base = Ready,  object = Ready
  Real, *4, Dim 2, Data values:
( 1, 1) =  0
( 2, 1) =  -2
( 1, 2) =  0
( 2, 2) =  -2
dim 1: [0]: [1 [1 [1, 2] 2] 2]
dim 2: [1]: [1 [1 [1, 2] 2] 2]
--- ESMCI::Array::print end ---
--- ESMCI::Array::print start ---
 Base name    = Array002
 Status: Base = Ready,  object = Ready
 Proxy        = no
 Root Info (Attributes):
{}Array typekind/rank: Real*8 / 2 
~ lower class' values ~
DistGrid dimCount = 2
deCount = 6
localDeCount = 1
( 2, 2) =  -2.02035e+13
( 3, 2) =  4.57818e-41
dim 1: [0]: [1 [1 [1, 3] 3] 3]
dim 2: [1]: [1 [1 [1, 2] 2] 2]
~ local data in LocalArray for DE 4 ~
LocalArrayPrint: Array at address 0x7f9fd5932fa0:
            rank = 2, typekind = 5, base_addr = 0x7f9fd59322c0
            dim[0] = 3  dim[1] = 1  
  Real, *4, Dim 2, Data values:
( 1, 1) =  0
( 2, 1) =  4.65661e-10
( 3, 1) =  0
dim 1: [0]: [1 [1 [1, 3] 3] 3]
dim 2: [1]: [1 [1 [1, 1] 1] 1]
--- ESMCI::Array::print end ---
--- ESMCI::Array::print start ---
 Base name    = Array002
 Status: Base = Ready,  object = Ready
 Proxy        = no
 Root Info (Attributes):
{}Array typekind/rank: Real*8 / 2 
~ lower class' values ~
DistGrid dimCount = 2
deCount = 6
localDeCount = 2
--- ESMCI::Array::print start ---
 Base name    = AonFly
 Status: Base = Ready,  object = Ready
 Proxy        = no
 Root Info (Attributes):
 Proxy        = no
 Root Info (Attributes):
{}Array typekind/rank: Real*8 / 2 
~ lower class' values ~
DistGrid dimCount = 2
deCount = 6
localDeCount = 1
~ local data in LocalArray for DE 2 ~
LocalArrayPrint: Array at address 0x7fb226f08bc0:
            rank = 2, typekind = 6, base_addr = 0x7fb226f088d0
            dim[0] = 3  dim[1] = 2  
  Real, *8, Dim 2, Data values:
( 1, 1) =  2.31584e+77
( 2, 1) =  2.31584e+77
( 3, 1) =  2.122e-314
( 1, 2) =  4.17203e-309
( 2, 2) =  6.93684e-310
( 3, 2) =  6.93684e-310
dim 1: [0]: [1 [1 [1, 3] 3] 3]
dim 2: [1]: [1 [1 [1, 2] 2] 2]
--- ESMCI::Array::print end ---
--- ESMCI::Array::print start ---~ local data in LocalArray for DE 3 ~
LocalArrayPrint: Array at address 0x7fd551436e60:
            rank = 2, typekind = 6, base_addr = 0x7fd551436b70
            dim[0] = 2  dim[1] = 2  
  Real, *8, Dim 2, Data values:
( 1, 1) =  -2
( 2, 1) =  -2
( 1, 2) =  2.122e-314
( 2, 2) =  4.17203e-309
dim 1: [0]: [1 [1 [1, 2] 2] 2]
dim 2: [1]: [1 [1 [1, 2] 2] 2]
--- ESMCI::Array::print end ---
--- ESMCI::Array::print start ---
 Base name    = Array003
 Status: Base = Ready,  object = Ready
 Proxy        = no
~ local data in LocalArray for DE 0 ~
LocalArrayPrint: Array at address 0x7f9fd59303b0:
            rank = 2, typekind = 6, base_addr = 0x7f9fd5930060
            dim[0] = 3  dim[1] = 2  
  Real, *8, Dim 2, Data values:
( 1, 1) =  1.72723e-77
( 2, 1) =  1.72723e-77
( 3, 1) =  2.122e-314
( 1, 2) =  4.17203e-309
( 2, 2) =  6.93295e-310
( 3, 2) =  6.93295e-310
dim 1: [0]: [1 [1 [1, 3] 3] 3]
dim 2: [1]: [1 [1 [1, 2] 2] 2]
~ local data in LocalArray for DE 4 ~
LocalArrayPrint: Array at address 0x7f9fd59306e0:
            rank = 2, typekind = 6, base_addr = 0x7f9fd5930090
            dim[0] = 3  dim[1] = 1  
  Real, *8, Dim 2, Data values:
( 1, 1) =  1.72723e-77
( 2, 1) =  1.72723e-77
( 3, 1) =  1.72723e-77
dim 1: [0]: [1 [1 [1, 3] 3] 3]
dim 2: [1]: [1 [1 [1, 1] 1] 1]
--- ESMCI::Array::print end ---
--- ESMCI::Array::print start ---
 Base name    = Array003
 Status: Base = Ready,  object = Ready
 Proxy        = no
 Root Info (Attributes):
{}Array typekind/rank: Real*8 / 2 
~ lower class' values ~
DistGrid dimCount = 2
{}Array typekind/rank: Real*4 / 2 
~ lower class' values ~
DistGrid dimCount = 2
deCount = 6
localDeCount = 2
~ local data in LocalArray for DE 1 ~
LocalArrayPrint: Array at address 0x7f8a56d0ebb0:
            rank = 2, typekind = 5, base_addr = 0x7f8a56d0eb90
            dim[0] = 2  dim[1] = 2  
  Real, *4, Dim 2, Data values:
( 1, 1) =  0
( 2, 1) =  0
( 1, 2) =  0
( 2, 2) =  0
dim 1: [0]: [1 [1 [1, 2] 2] 2]
dim 2: [1]: [1 [1 [1, 2] 2] 2]
~ local data in LocalArray for DE 5 ~
LocalArrayPrint: Array at address 0x7f8a56d0eee0:
            rank = 2, typekind = 5, base_addr = 0x7f8a56d0eba0
            dim[0] = 2  dim[1] = 1  
  Real, *4, Dim 2, Data values:
( 1, 1) =  0

 Base name    = Array003
 Status: Base = Ready,  object = Ready
 Proxy        = no
 Root Info (Attributes):
{}Array typekind/rank: Real*8 / 2 
~ lower class' values ~
DistGrid dimCount = 2
deCount = 6
localDeCount = 1
~ local data in LocalArray for DE 2 ~
LocalArrayPrint: Array at address 0x7fb226f090a0:
            rank = 2, typekind = 6, base_addr = 0x7fb226f08850
            dim[0] = 3  dim[1] = 2  
  Real, *8, Dim 2, Data values:
( 1, 1) =  2.31584e+77
( 2, 1) =  2.31584e+77
( 3, 1) =  2.31584e+77
( 1, 2) =  2.31584e+77
( 2, 2) =  2.31584e+77
( 3, 2) =  2.31584e+77
dim 1: [0]: [1 [1 [1, 3] 3] 3]
dim 2: [1]: [1 [1 [1, 2] 2] 2]
--- ESMCI::Array::print end ---
 Root Info (Attributes):
{}Array typekind/rank: Real*8 / 2 
~ lower class' values ~
DistGrid dimCount = 2
deCount = 6
localDeCount = 1
~ local data in LocalArray for DE 3 ~
LocalArrayPrint: Array at address 0x7fd551437330:
            rank = 2, typekind = 6, base_addr = 0x7fd551436af0
            dim[0] = 2  dim[1] = 2  
  Real, *8, Dim 2, Data values:
( 1, 1) =  -2
( 2, 1) =  -2
( 1, 2) =  -2
( 2, 2) =  -2
dim 1: [0]: [1 [1 [1, 2] 2] 2]
dim 2: [1]: [1 [1 [1, 2] 2] 2]
--- ESMCI::Array::print end ---
deCount = 6
localDeCount = 2
~ local data in LocalArray for DE 0 ~
LocalArrayPrint: Array at address 0x7f9fd5930bd0:
            rank = 2, typekind = 6, base_addr = 0x7f9fd592ffe0
            dim[0] = 3  dim[1] = 2  
  Real, *8, Dim 2, Data values:
( 2, 1) =  0
dim 1: [0]: [1 [1 [1, 2] 2] 2]
dim 2: [1]: [1 [1 [1, 1] 1] 1]
--- ESMCI::Array::print end ---
--- ESMCI::Array::print start ---
 Base name    = Array002
 Status: Base = Ready,  object = Ready
 Proxy        = no
 Root Info (Attributes):
{}( 1, 1) =  1.72723e-77
( 2, 1) =  1.72723e-77
( 3, 1) =  1.72723e-77
( 1, 2) =  1.72723e-77
( 2, 2) =  1.72723e-77
( 3, 2) =  1.72723e-77
dim 1: [0]: [1 [1 [1, 3] 3] 3]
dim 2: [1]: [1 [1 [1, 2] 2] 2]
~ local data in LocalArray for DE 4 ~
Array typekind/rank: Real*8 / 2 
~ lower class' values ~
DistGrid dimCount = 2
deCount = 6
localDeCount = 2
~ local data in LocalArray for DE 1 ~
LocalArrayPrint: Array at address 0x7f8a56d0cbb0:
            rank = 2, typekind = 6, base_addr = 0x7f8a56d0c0c0
            dim[0] = 2  dim[1] = 2  
  Real, *8, Dim 2, Data values:
LocalArrayPrint: Array at address 0x7f9fd5930f00:
            rank = 2, typekind = 6, base_addr = 0x7f9fd5931230
            dim[0] = 3  dim[1] = 1  
  Real, *8, Dim 2, Data values:
( 1, 1) =  0
( 2, 1) =  0
( 1, 1) =  0
( 2, 1) =  -2.00389
( 1, 2) =  1.97626e-323
( 2, 2) =  0
dim 1: [0]: [1 [1 [1, 2] 2] 2]
dim 2: [1]: [1 [1 [1, 2] 2] 2]
~ local data in LocalArray for DE 5 ~
LocalArrayPrint: Array at address 0x7f8a56d0cee0:
            rank = 2, typekind = 6, base_addr = 0x7f8a56d0bc10
            dim[0] = 2  dim[1] = 1  
  PASS  Example ESMF_ArrayBundleEx, ESMF_ArrayBundleEx.F90, line 267
  PASS  Example ESMF_ArrayBundleEx, ESMF_ArrayBundleEx.F90, line 267
( 3, 1) =  0
dim 1: [0]: [1 [1 [1, 3] 3] 3]
dim 2: [1]: [1 [1 [1, 1] 1] 1]
--- ESMCI::Array::print end ---
  Real, *8, Dim 2, Data values:
( 1, 1) =  0
( 2, 1) =  0
dim 1: [0]: [1 [1 [1, 2] 2] 2]
dim 2: [1]: [1 [1 [1, 1] 1] 1]
--- ESMCI::Array::print end ---
--- ESMCI::Array::print start ---
 Base name    = Array003
 Status: Base = Ready,  object = Ready
 Proxy        = no
 Root Info (Attributes):
{}Array typekind/rank: Real*8 / 2 
~ lower class' values ~
DistGrid dimCount = 2
deCount = 6
localDeCount = 2
~ local data in LocalArray for DE 1 ~
LocalArrayPrint: Array at address 0x7f8a56d0d210:
            rank = 2, typekind = 6, base_addr = 0x7f8a56d0b600
            dim[0] = 2  dim[1] = 2  
  Real, *8, Dim 2, Data values:
( 1, 1) =  0
( 2, 1) =  0
( 1, 2) =  1.97626e-323
( 2, 2) =  0
dim 1: [0]: [1 [1 [1, 2] 2] 2]
dim 2: [1]: [1 [1 [1, 2] 2] 2]
~ local data in LocalArray for DE 5 ~
LocalArrayPrint: Array at address 0x7f8a56d0d540:
            rank = 2, typekind = 6, base_addr = 0x7f8a56d0b620
            dim[0] = 2  dim[1] = 1  
  Real, *8, Dim 2, Data values:
( 1, 1) =  0
( 2, 1) =  0
dim 1: [0]: [1 [1 [1, 2] 2] 2]
dim 2: [1]: [1 [1 [1, 1] 1] 1]
  PASS  Example ESMF_ArrayBundleEx, ESMF_ArrayBundleEx.F90, line 267
--- ESMCI::Array::print end ---
  PASS  Example ESMF_ArrayBundleEx, ESMF_ArrayBundleEx.F90, line 267
 PASS: ESMF_ArrayBundleEx.F90
 PASS: ESMF_ArrayBundleEx.F90
 PASS: ESMF_ArrayBundleEx.F90
 PASS: ESMF_ArrayBundleEx.F90
