build time -- 2021-10-29 14:41:59
20211029 150352.494 INFO             PET0 !!!!!!!!!!!!!!!!!!!!!!!!!!!!!!!!!!!!!!!!!!!!!!!!!!!!!!
20211029 150352.494 INFO             PET0 !!! THE ESMF_LOG IS SET TO OUTPUT ALL LOG MESSAGES !!!
20211029 150352.494 INFO             PET0 !!!     THIS MAY CAUSE SLOWDOWN IN PERFORMANCE     !!!
20211029 150352.494 INFO             PET0 !!! FOR PRODUCTION RUNS, USE:                      !!!
20211029 150352.494 INFO             PET0 !!!                   ESMF_LOGKIND_Multi_On_Error  !!!
20211029 150352.494 INFO             PET0 !!!!!!!!!!!!!!!!!!!!!!!!!!!!!!!!!!!!!!!!!!!!!!!!!!!!!!
20211029 150352.494 INFO             PET0 Running with ESMF Version   : ESMF_8_3_0_beta_snapshot_02
20211029 150352.494 INFO             PET0 ESMF library build date/time: "Oct 29 2021" "14:40:21"
20211029 150352.494 INFO             PET0 ESMF library build location : /Volumes/esmf/rocky/esmf-testing/gfortran_10.2.0_mpich3_g_develop
20211029 150352.494 INFO             PET0 ESMF_COMM                   : mpich3
20211029 150352.494 INFO             PET0 ESMF_MOAB                   : enabled
20211029 150352.494 INFO             PET0 ESMF_LAPACK                 : enabled
20211029 150352.494 INFO             PET0 ESMF_NETCDF                 : enabled
20211029 150352.494 INFO             PET0 ESMF_PNETCDF                : disabled
20211029 150352.494 INFO             PET0 ESMF_PIO                    : enabled
20211029 150352.494 INFO             PET0 ESMF_YAMLCPP                : enabled
20211029 150352.576 DEBUG            PET0 about to destroy Grid: 0x7fbea281d800
20211029 150352.591 DEBUG            PET0 about to destroy Grid: 0x7fbea281e400
20211029 150352.615 INFO             PET0  NUMBER_OF_PROCESSORS           4
20211029 150352.615 INFO             PET0  PASS  Example ESMF_NUOPCAtmModelEx, ESMF_NUOPCAtmModelEx.F90, line 806
20211029 150352.615 INFO             PET0 Finalizing ESMF
20211029 150352.494 INFO             PET1 !!!!!!!!!!!!!!!!!!!!!!!!!!!!!!!!!!!!!!!!!!!!!!!!!!!!!!
20211029 150352.494 INFO             PET1 !!! THE ESMF_LOG IS SET TO OUTPUT ALL LOG MESSAGES !!!
20211029 150352.494 INFO             PET1 !!!     THIS MAY CAUSE SLOWDOWN IN PERFORMANCE     !!!
20211029 150352.494 INFO             PET1 !!! FOR PRODUCTION RUNS, USE:                      !!!
20211029 150352.494 INFO             PET1 !!!                   ESMF_LOGKIND_Multi_On_Error  !!!
20211029 150352.494 INFO             PET1 !!!!!!!!!!!!!!!!!!!!!!!!!!!!!!!!!!!!!!!!!!!!!!!!!!!!!!
20211029 150352.494 INFO             PET1 Running with ESMF Version   : ESMF_8_3_0_beta_snapshot_02
20211029 150352.494 INFO             PET1 ESMF library build date/time: "Oct 29 2021" "14:40:21"
20211029 150352.494 INFO             PET1 ESMF library build location : /Volumes/esmf/rocky/esmf-testing/gfortran_10.2.0_mpich3_g_develop
20211029 150352.494 INFO             PET1 ESMF_COMM                   : mpich3
20211029 150352.495 INFO             PET1 ESMF_MOAB                   : enabled
20211029 150352.495 INFO             PET1 ESMF_LAPACK                 : enabled
20211029 150352.495 INFO             PET1 ESMF_NETCDF                 : enabled
20211029 150352.495 INFO             PET1 ESMF_PNETCDF                : disabled
20211029 150352.495 INFO             PET1 ESMF_PIO                    : enabled
20211029 150352.495 INFO             PET1 ESMF_YAMLCPP                : enabled
20211029 150352.576 DEBUG            PET1 about to destroy Grid: 0x7f81de01ea00
20211029 150352.591 DEBUG            PET1 about to destroy Grid: 0x7f81de01f600
20211029 150352.615 INFO             PET1  NUMBER_OF_PROCESSORS           4
20211029 150352.615 INFO             PET1  PASS  Example ESMF_NUOPCAtmModelEx, ESMF_NUOPCAtmModelEx.F90, line 806
20211029 150352.615 INFO             PET1 Finalizing ESMF
20211029 150352.494 INFO             PET2 !!!!!!!!!!!!!!!!!!!!!!!!!!!!!!!!!!!!!!!!!!!!!!!!!!!!!!
20211029 150352.494 INFO             PET2 !!! THE ESMF_LOG IS SET TO OUTPUT ALL LOG MESSAGES !!!
20211029 150352.494 INFO             PET2 !!!     THIS MAY CAUSE SLOWDOWN IN PERFORMANCE     !!!
20211029 150352.494 INFO             PET2 !!! FOR PRODUCTION RUNS, USE:                      !!!
20211029 150352.494 INFO             PET2 !!!                   ESMF_LOGKIND_Multi_On_Error  !!!
20211029 150352.494 INFO             PET2 !!!!!!!!!!!!!!!!!!!!!!!!!!!!!!!!!!!!!!!!!!!!!!!!!!!!!!
20211029 150352.494 INFO             PET2 Running with ESMF Version   : ESMF_8_3_0_beta_snapshot_02
20211029 150352.494 INFO             PET2 ESMF library build date/time: "Oct 29 2021" "14:40:21"
20211029 150352.494 INFO             PET2 ESMF library build location : /Volumes/esmf/rocky/esmf-testing/gfortran_10.2.0_mpich3_g_develop
20211029 150352.494 INFO             PET2 ESMF_COMM                   : mpich3
20211029 150352.495 INFO             PET2 ESMF_MOAB                   : enabled
20211029 150352.495 INFO             PET2 ESMF_LAPACK                 : enabled
20211029 150352.495 INFO             PET2 ESMF_NETCDF                 : enabled
20211029 150352.495 INFO             PET2 ESMF_PNETCDF                : disabled
20211029 150352.495 INFO             PET2 ESMF_PIO                    : enabled
20211029 150352.495 INFO             PET2 ESMF_YAMLCPP                : enabled
20211029 150352.576 DEBUG            PET2 about to destroy Grid: 0x7fb236800600
20211029 150352.591 DEBUG            PET2 about to destroy Grid: 0x7fb236800c00
20211029 150352.615 INFO             PET2  NUMBER_OF_PROCESSORS           4
20211029 150352.615 INFO             PET2  PASS  Example ESMF_NUOPCAtmModelEx, ESMF_NUOPCAtmModelEx.F90, line 806
20211029 150352.615 INFO             PET2 Finalizing ESMF
20211029 150352.494 INFO             PET3 !!!!!!!!!!!!!!!!!!!!!!!!!!!!!!!!!!!!!!!!!!!!!!!!!!!!!!
20211029 150352.494 INFO             PET3 !!! THE ESMF_LOG IS SET TO OUTPUT ALL LOG MESSAGES !!!
20211029 150352.494 INFO             PET3 !!!     THIS MAY CAUSE SLOWDOWN IN PERFORMANCE     !!!
20211029 150352.494 INFO             PET3 !!! FOR PRODUCTION RUNS, USE:                      !!!
20211029 150352.494 INFO             PET3 !!!                   ESMF_LOGKIND_Multi_On_Error  !!!
20211029 150352.494 INFO             PET3 !!!!!!!!!!!!!!!!!!!!!!!!!!!!!!!!!!!!!!!!!!!!!!!!!!!!!!
20211029 150352.494 INFO             PET3 Running with ESMF Version   : ESMF_8_3_0_beta_snapshot_02
20211029 150352.494 INFO             PET3 ESMF library build date/time: "Oct 29 2021" "14:40:21"
20211029 150352.494 INFO             PET3 ESMF library build location : /Volumes/esmf/rocky/esmf-testing/gfortran_10.2.0_mpich3_g_develop
20211029 150352.494 INFO             PET3 ESMF_COMM                   : mpich3
20211029 150352.494 INFO             PET3 ESMF_MOAB                   : enabled
20211029 150352.494 INFO             PET3 ESMF_LAPACK                 : enabled
20211029 150352.494 INFO             PET3 ESMF_NETCDF                 : enabled
20211029 150352.494 INFO             PET3 ESMF_PNETCDF                : disabled
20211029 150352.494 INFO             PET3 ESMF_PIO                    : enabled
20211029 150352.494 INFO             PET3 ESMF_YAMLCPP                : enabled
20211029 150352.576 DEBUG            PET3 about to destroy Grid: 0x7fc1e8801000
20211029 150352.591 DEBUG            PET3 about to destroy Grid: 0x7fc1e880ae00
20211029 150352.615 INFO             PET3  NUMBER_OF_PROCESSORS           4
20211029 150352.615 INFO             PET3  PASS  Example ESMF_NUOPCAtmModelEx, ESMF_NUOPCAtmModelEx.F90, line 806
20211029 150352.615 INFO             PET3 Finalizing ESMF
