build time -- 2021-10-07 00:35:18
20211007 011006.468 INFO             PET0 !!!!!!!!!!!!!!!!!!!!!!!!!!!!!!!!!!!!!!!!!!!!!!!!!!!!!!
20211007 011006.468 INFO             PET0 !!! THE ESMF_LOG IS SET TO OUTPUT ALL LOG MESSAGES !!!
20211007 011006.468 INFO             PET0 !!!     THIS MAY CAUSE SLOWDOWN IN PERFORMANCE     !!!
20211007 011006.468 INFO             PET0 !!! FOR PRODUCTION RUNS, USE:                      !!!
20211007 011006.468 INFO             PET0 !!!                   ESMF_LOGKIND_Multi_On_Error  !!!
20211007 011006.468 INFO             PET0 !!!!!!!!!!!!!!!!!!!!!!!!!!!!!!!!!!!!!!!!!!!!!!!!!!!!!!
20211007 011006.468 INFO             PET0 Running with ESMF Version   : 8.2.0 beta snapshot
20211007 011006.468 INFO             PET0 ESMF library build date/time: "Oct  7 2021" "00:33:23"
20211007 011006.468 INFO             PET0 ESMF library build location : /lustre/f2/dev/ncep/Mark.Potts/intel_2019.5_mpiuni_O_release_8.2.0
20211007 011006.468 INFO             PET0 ESMF_COMM                   : mpiuni
20211007 011006.470 INFO             PET0 ESMF_MOAB                   : enabled
20211007 011006.470 INFO             PET0 ESMF_LAPACK                 : enabled
20211007 011006.470 INFO             PET0 ESMF_NETCDF                 : enabled
20211007 011006.470 INFO             PET0 ESMF_PNETCDF                : disabled
20211007 011006.470 INFO             PET0 ESMF_PIO                    : disabled
20211007 011006.470 INFO             PET0 ESMF_YAMLCPP                : enabled
20211007 011006.470 INFO             PET0  NUMBER_OF_PROCESSORS           1
20211007 011006.470 INFO             PET0  PASS  Example ESMF_VMUserMpiCommEx, ESMF_VMUserMpiCommEx.F90, line 113
20211007 011006.470 INFO             PET0 Finalizing ESMF
