build time -- 2021-10-10 00:29:34
20211010 014428.396 INFO             PET0 !!!!!!!!!!!!!!!!!!!!!!!!!!!!!!!!!!!!!!!!!!!!!!!!!!!!!!
20211010 014428.396 INFO             PET0 !!! THE ESMF_LOG IS SET TO OUTPUT ALL LOG MESSAGES !!!
20211010 014428.396 INFO             PET0 !!!     THIS MAY CAUSE SLOWDOWN IN PERFORMANCE     !!!
20211010 014428.396 INFO             PET0 !!! FOR PRODUCTION RUNS, USE:                      !!!
20211010 014428.396 INFO             PET0 !!!                   ESMF_LOGKIND_Multi_On_Error  !!!
20211010 014428.396 INFO             PET0 !!!!!!!!!!!!!!!!!!!!!!!!!!!!!!!!!!!!!!!!!!!!!!!!!!!!!!
20211010 014428.396 INFO             PET0 Running with ESMF Version   : 8.2.0 beta snapshot
20211010 014428.396 INFO             PET0 ESMF library build date/time: "Oct 10 2021" "00:27:18"
20211010 014428.396 INFO             PET0 ESMF library build location : /lustre/f2/dev/ncep/Mark.Potts/intel_2019.5_mpiuni_O_release_8.2.0
20211010 014428.396 INFO             PET0 ESMF_COMM                   : mpiuni
20211010 014428.397 INFO             PET0 ESMF_MOAB                   : enabled
20211010 014428.397 INFO             PET0 ESMF_LAPACK                 : enabled
20211010 014428.397 INFO             PET0 ESMF_NETCDF                 : enabled
20211010 014428.397 INFO             PET0 ESMF_PNETCDF                : disabled
20211010 014428.397 INFO             PET0 ESMF_PIO                    : disabled
20211010 014428.397 INFO             PET0 ESMF_YAMLCPP                : enabled
20211010 014428.397 INFO             PET0 ESMF Tracing Enabled
20211010 014428.397 INFO             PET0 ESMF Profiling Enabled
20211010 014428.398 INFO             PET0 ESMF Trace/Profile clock: REALTIME
20211010 014428.400 INFO             PET0  NUMBER_OF_PROCESSORS           1
20211010 014428.400 INFO             PET0  PASS  Example ESMF_TraceUserEx, ESMF_TraceUserEx.F90, line 125
20211010 014428.400 INFO             PET0 Finalizing ESMF
20211010 014428.400 INFO             PET0 **************** Region Timings *******************
20211010 014428.400 INFO             PET0 Region              Count  Total (s)   Self (s)    Mean (s)    Min (s)     Max (s)
20211010 014428.400 INFO             PET0   outer_region      1      0.0000      0.0000      0.0000      0.0000      0.0000
20211010 014428.400 INFO             PET0     inner_region_1  10     0.0000      0.0000      0.0000      0.0000      0.0000
20211010 014428.400 INFO             PET0     inner_region_2  10     0.0000      0.0000      0.0000      0.0000      0.0000
