build time -- 2021-10-26 03:46:27.748903
20211026 041601.151 INFO             PET0 !!!!!!!!!!!!!!!!!!!!!!!!!!!!!!!!!!!!!!!!!!!!!!!!!!!!!!
20211026 041601.151 INFO             PET0 !!! THE ESMF_LOG IS SET TO OUTPUT ALL LOG MESSAGES !!!
20211026 041601.151 INFO             PET0 !!!     THIS MAY CAUSE SLOWDOWN IN PERFORMANCE     !!!
20211026 041601.151 INFO             PET0 !!! FOR PRODUCTION RUNS, USE:                      !!!
20211026 041601.151 INFO             PET0 !!!                   ESMF_LOGKIND_Multi_On_Error  !!!
20211026 041601.151 INFO             PET0 !!!!!!!!!!!!!!!!!!!!!!!!!!!!!!!!!!!!!!!!!!!!!!!!!!!!!!
20211026 041601.151 INFO             PET0 Running with ESMF Version   : ESMF_8_2_0_beta_snapshot_23-1-g304824bdb1
20211026 041601.151 INFO             PET0 ESMF library build date/time: "Oct 26 2021" "03:44:17"
20211026 041601.151 INFO             PET0 ESMF library build location : /glade/scratch/mpotts/gfortran_7.4.0_openmpi_O_release_8.2.0
20211026 041601.151 INFO             PET0 ESMF_COMM                   : openmpi
20211026 041601.151 INFO             PET0 ESMF_MOAB                   : enabled
20211026 041601.151 INFO             PET0 ESMF_LAPACK                 : enabled
20211026 041601.151 INFO             PET0 ESMF_NETCDF                 : enabled
20211026 041601.151 INFO             PET0 ESMF_PNETCDF                : disabled
20211026 041601.151 INFO             PET0 ESMF_PIO                    : enabled
20211026 041601.151 INFO             PET0 ESMF_YAMLCPP                : enabled
20211026 041601.151 INFO             PET0  NUMBER_OF_PROCESSORS           1
20211026 041601.151 INFO             PET0  PASS  Example CalendarEx, ESMF_CalendarEx.F90, line 217
20211026 041601.151 INFO             PET0 Finalizing ESMF
