build time -- 2022-01-23 01:08:26.312708
20220123 012644.027 INFO             PET0 !!!!!!!!!!!!!!!!!!!!!!!!!!!!!!!!!!!!!!!!!!!!!!!!!!!!!!
20220123 012644.027 INFO             PET0 !!! THE ESMF_LOG IS SET TO OUTPUT ALL LOG MESSAGES !!!
20220123 012644.027 INFO             PET0 !!!     THIS MAY CAUSE SLOWDOWN IN PERFORMANCE     !!!
20220123 012644.027 INFO             PET0 !!! FOR PRODUCTION RUNS, USE:                      !!!
20220123 012644.027 INFO             PET0 !!!                   ESMF_LOGKIND_Multi_On_Error  !!!
20220123 012644.027 INFO             PET0 !!!!!!!!!!!!!!!!!!!!!!!!!!!!!!!!!!!!!!!!!!!!!!!!!!!!!!
20220123 012644.027 INFO             PET0 Running with ESMF Version   : ESMF_8_3_0_beta_snapshot_06-7-gdaedd1067a
20220123 012644.027 INFO             PET0 ESMF library build date/time: "Jan 23 2022" "01:07:13"
20220123 012644.027 INFO             PET0 ESMF library build location : /gpfsm/dnb04/projects/p98/mpotts/esmf/gfortran_8.3.0_mpt_O_develop
20220123 012644.027 INFO             PET0 ESMF_COMM                   : mpt
20220123 012644.027 INFO             PET0 ESMF_MOAB                   : enabled
20220123 012644.027 INFO             PET0 ESMF_LAPACK                 : enabled
20220123 012644.027 INFO             PET0 ESMF_NETCDF                 : disabled
20220123 012644.027 INFO             PET0 ESMF_PNETCDF                : disabled
20220123 012644.027 INFO             PET0 ESMF_PIO                    : enabled
20220123 012644.027 INFO             PET0 ESMF_YAMLCPP                : enabled
20220123 012644.030 INFO             PET0 ESMF_FieldRedistStoreNF(): Just entered routine.
20220123 012644.065 INFO             PET0 ESMF_FieldRedistStoreNF(): Leaving routine.
20220123 012644.088 INFO             PET0  NUMBER_OF_PROCESSORS           4
20220123 012644.088 INFO             PET0  PASS  Example ESMF_RHandleFromFileEx, ESMF_RHandleFromFileEx.F90, line 192
20220123 012644.088 INFO             PET0 Finalizing ESMF
20220123 012644.027 INFO             PET1 !!!!!!!!!!!!!!!!!!!!!!!!!!!!!!!!!!!!!!!!!!!!!!!!!!!!!!
20220123 012644.027 INFO             PET1 !!! THE ESMF_LOG IS SET TO OUTPUT ALL LOG MESSAGES !!!
20220123 012644.027 INFO             PET1 !!!     THIS MAY CAUSE SLOWDOWN IN PERFORMANCE     !!!
20220123 012644.027 INFO             PET1 !!! FOR PRODUCTION RUNS, USE:                      !!!
20220123 012644.027 INFO             PET1 !!!                   ESMF_LOGKIND_Multi_On_Error  !!!
20220123 012644.027 INFO             PET1 !!!!!!!!!!!!!!!!!!!!!!!!!!!!!!!!!!!!!!!!!!!!!!!!!!!!!!
20220123 012644.027 INFO             PET1 Running with ESMF Version   : ESMF_8_3_0_beta_snapshot_06-7-gdaedd1067a
20220123 012644.027 INFO             PET1 ESMF library build date/time: "Jan 23 2022" "01:07:13"
20220123 012644.027 INFO             PET1 ESMF library build location : /gpfsm/dnb04/projects/p98/mpotts/esmf/gfortran_8.3.0_mpt_O_develop
20220123 012644.027 INFO             PET1 ESMF_COMM                   : mpt
20220123 012644.028 INFO             PET1 ESMF_MOAB                   : enabled
20220123 012644.028 INFO             PET1 ESMF_LAPACK                 : enabled
20220123 012644.028 INFO             PET1 ESMF_NETCDF                 : disabled
20220123 012644.028 INFO             PET1 ESMF_PNETCDF                : disabled
20220123 012644.028 INFO             PET1 ESMF_PIO                    : enabled
20220123 012644.028 INFO             PET1 ESMF_YAMLCPP                : enabled
20220123 012644.030 INFO             PET1 ESMF_FieldRedistStoreNF(): Just entered routine.
20220123 012644.065 INFO             PET1 ESMF_FieldRedistStoreNF(): Leaving routine.
20220123 012644.088 INFO             PET1  NUMBER_OF_PROCESSORS           4
20220123 012644.088 INFO             PET1  PASS  Example ESMF_RHandleFromFileEx, ESMF_RHandleFromFileEx.F90, line 192
20220123 012644.088 INFO             PET1 Finalizing ESMF
20220123 012644.028 INFO             PET2 !!!!!!!!!!!!!!!!!!!!!!!!!!!!!!!!!!!!!!!!!!!!!!!!!!!!!!
20220123 012644.028 INFO             PET2 !!! THE ESMF_LOG IS SET TO OUTPUT ALL LOG MESSAGES !!!
20220123 012644.028 INFO             PET2 !!!     THIS MAY CAUSE SLOWDOWN IN PERFORMANCE     !!!
20220123 012644.028 INFO             PET2 !!! FOR PRODUCTION RUNS, USE:                      !!!
20220123 012644.028 INFO             PET2 !!!                   ESMF_LOGKIND_Multi_On_Error  !!!
20220123 012644.028 INFO             PET2 !!!!!!!!!!!!!!!!!!!!!!!!!!!!!!!!!!!!!!!!!!!!!!!!!!!!!!
20220123 012644.028 INFO             PET2 Running with ESMF Version   : ESMF_8_3_0_beta_snapshot_06-7-gdaedd1067a
20220123 012644.028 INFO             PET2 ESMF library build date/time: "Jan 23 2022" "01:07:13"
20220123 012644.028 INFO             PET2 ESMF library build location : /gpfsm/dnb04/projects/p98/mpotts/esmf/gfortran_8.3.0_mpt_O_develop
20220123 012644.028 INFO             PET2 ESMF_COMM                   : mpt
20220123 012644.028 INFO             PET2 ESMF_MOAB                   : enabled
20220123 012644.028 INFO             PET2 ESMF_LAPACK                 : enabled
20220123 012644.028 INFO             PET2 ESMF_NETCDF                 : disabled
20220123 012644.028 INFO             PET2 ESMF_PNETCDF                : disabled
20220123 012644.028 INFO             PET2 ESMF_PIO                    : enabled
20220123 012644.028 INFO             PET2 ESMF_YAMLCPP                : enabled
20220123 012644.030 INFO             PET2 ESMF_FieldRedistStoreNF(): Just entered routine.
20220123 012644.065 INFO             PET2 ESMF_FieldRedistStoreNF(): Leaving routine.
20220123 012644.088 INFO             PET2  NUMBER_OF_PROCESSORS           4
20220123 012644.088 INFO             PET2  PASS  Example ESMF_RHandleFromFileEx, ESMF_RHandleFromFileEx.F90, line 192
20220123 012644.088 INFO             PET2 Finalizing ESMF
20220123 012644.027 INFO             PET3 !!!!!!!!!!!!!!!!!!!!!!!!!!!!!!!!!!!!!!!!!!!!!!!!!!!!!!
20220123 012644.027 INFO             PET3 !!! THE ESMF_LOG IS SET TO OUTPUT ALL LOG MESSAGES !!!
20220123 012644.027 INFO             PET3 !!!     THIS MAY CAUSE SLOWDOWN IN PERFORMANCE     !!!
20220123 012644.027 INFO             PET3 !!! FOR PRODUCTION RUNS, USE:                      !!!
20220123 012644.027 INFO             PET3 !!!                   ESMF_LOGKIND_Multi_On_Error  !!!
20220123 012644.027 INFO             PET3 !!!!!!!!!!!!!!!!!!!!!!!!!!!!!!!!!!!!!!!!!!!!!!!!!!!!!!
20220123 012644.027 INFO             PET3 Running with ESMF Version   : ESMF_8_3_0_beta_snapshot_06-7-gdaedd1067a
20220123 012644.027 INFO             PET3 ESMF library build date/time: "Jan 23 2022" "01:07:13"
20220123 012644.027 INFO             PET3 ESMF library build location : /gpfsm/dnb04/projects/p98/mpotts/esmf/gfortran_8.3.0_mpt_O_develop
20220123 012644.027 INFO             PET3 ESMF_COMM                   : mpt
20220123 012644.027 INFO             PET3 ESMF_MOAB                   : enabled
20220123 012644.027 INFO             PET3 ESMF_LAPACK                 : enabled
20220123 012644.027 INFO             PET3 ESMF_NETCDF                 : disabled
20220123 012644.027 INFO             PET3 ESMF_PNETCDF                : disabled
20220123 012644.027 INFO             PET3 ESMF_PIO                    : enabled
20220123 012644.027 INFO             PET3 ESMF_YAMLCPP                : enabled
20220123 012644.030 INFO             PET3 ESMF_FieldRedistStoreNF(): Just entered routine.
20220123 012644.065 INFO             PET3 ESMF_FieldRedistStoreNF(): Leaving routine.
20220123 012644.088 INFO             PET3  NUMBER_OF_PROCESSORS           4
20220123 012644.088 INFO             PET3  PASS  Example ESMF_RHandleFromFileEx, ESMF_RHandleFromFileEx.F90, line 192
20220123 012644.088 INFO             PET3 Finalizing ESMF
