build time -- 2022-01-13 01:08:25.034899
20220113 012618.920 INFO             PET0 !!!!!!!!!!!!!!!!!!!!!!!!!!!!!!!!!!!!!!!!!!!!!!!!!!!!!!
20220113 012618.920 INFO             PET0 !!! THE ESMF_LOG IS SET TO OUTPUT ALL LOG MESSAGES !!!
20220113 012618.920 INFO             PET0 !!!     THIS MAY CAUSE SLOWDOWN IN PERFORMANCE     !!!
20220113 012618.920 INFO             PET0 !!! FOR PRODUCTION RUNS, USE:                      !!!
20220113 012618.920 INFO             PET0 !!!                   ESMF_LOGKIND_Multi_On_Error  !!!
20220113 012618.920 INFO             PET0 !!!!!!!!!!!!!!!!!!!!!!!!!!!!!!!!!!!!!!!!!!!!!!!!!!!!!!
20220113 012618.920 INFO             PET0 Running with ESMF Version   : ESMF_8_3_0_beta_snapshot_05-3-g889e70918a
20220113 012618.920 INFO             PET0 ESMF library build date/time: "Jan 13 2022" "01:07:10"
20220113 012618.920 INFO             PET0 ESMF library build location : /gpfsm/dnb04/projects/p98/mpotts/esmf/gfortran_8.3.0_mpt_O_develop
20220113 012618.920 INFO             PET0 ESMF_COMM                   : mpt
20220113 012618.920 INFO             PET0 ESMF_MOAB                   : enabled
20220113 012618.920 INFO             PET0 ESMF_LAPACK                 : enabled
20220113 012618.920 INFO             PET0 ESMF_NETCDF                 : disabled
20220113 012618.920 INFO             PET0 ESMF_PNETCDF                : disabled
20220113 012618.920 INFO             PET0 ESMF_PIO                    : enabled
20220113 012618.920 INFO             PET0 ESMF_YAMLCPP                : enabled
20220113 012618.920 INFO             PET0  NUMBER_OF_PROCESSORS           1
20220113 012618.920 INFO             PET0  PASS  Example CalendarEx, ESMF_CalendarEx.F90, line 217
20220113 012618.920 INFO             PET0 Finalizing ESMF
