build time -- 2022-01-08 08:57:53.446541
20220108 092015.019 INFO             PET0 !!!!!!!!!!!!!!!!!!!!!!!!!!!!!!!!!!!!!!!!!!!!!!!!!!!!!!
20220108 092015.019 INFO             PET0 !!! THE ESMF_LOG IS SET TO OUTPUT ALL LOG MESSAGES !!!
20220108 092015.019 INFO             PET0 !!!     THIS MAY CAUSE SLOWDOWN IN PERFORMANCE     !!!
20220108 092015.019 INFO             PET0 !!! FOR PRODUCTION RUNS, USE:                      !!!
20220108 092015.019 INFO             PET0 !!!                   ESMF_LOGKIND_Multi_On_Error  !!!
20220108 092015.019 INFO             PET0 !!!!!!!!!!!!!!!!!!!!!!!!!!!!!!!!!!!!!!!!!!!!!!!!!!!!!!
20220108 092015.019 INFO             PET0 Running with ESMF Version   : ESMF_8_3_0_beta_snapshot_05-1-g3e9d170f1f
20220108 092015.019 INFO             PET0 ESMF library build date/time: "Jan  8 2022" "08:56:32"
20220108 092015.019 INFO             PET0 ESMF library build location : /gpfsm/dnb04/projects/p98/mpotts/esmf/gfortran_8.3.0_mpiuni_g_develop
20220108 092015.019 INFO             PET0 ESMF_COMM                   : mpiuni
20220108 092015.019 INFO             PET0 ESMF_MOAB                   : enabled
20220108 092015.019 INFO             PET0 ESMF_LAPACK                 : enabled
20220108 092015.019 INFO             PET0 ESMF_NETCDF                 : disabled
20220108 092015.019 INFO             PET0 ESMF_PNETCDF                : disabled
20220108 092015.019 INFO             PET0 ESMF_PIO                    : disabled
20220108 092015.019 INFO             PET0 ESMF_YAMLCPP                : enabled
20220108 092015.019 ERROR            PET0 ESMCI_State.C:982 ESMCI::State::read() Library needed by ESMF not present  - Internal subroutine call returned Error
20220108 092015.019 ERROR            PET0 ESMF_StateAPI.cppF90:3191 ESMF_StateRead Library needed by ESMF not present  - Internal subroutine call returned Error
20220108 092015.019 INFO             PET0  NUMBER_OF_PROCESSORS           1
20220108 092015.019 INFO             PET0  PASS  Example ESMF_StateReadWriteEx, ESMF_StateReadWriteEx.F90, line 185
20220108 092015.019 INFO             PET0 Finalizing ESMF
