build time -- 2021-10-18 20:13:10
20211018 203107.927 INFO             PET0 !!!!!!!!!!!!!!!!!!!!!!!!!!!!!!!!!!!!!!!!!!!!!!!!!!!!!!
20211018 203107.927 INFO             PET0 !!! THE ESMF_LOG IS SET TO OUTPUT ALL LOG MESSAGES !!!
20211018 203107.927 INFO             PET0 !!!     THIS MAY CAUSE SLOWDOWN IN PERFORMANCE     !!!
20211018 203107.927 INFO             PET0 !!! FOR PRODUCTION RUNS, USE:                      !!!
20211018 203107.927 INFO             PET0 !!!                   ESMF_LOGKIND_Multi_On_Error  !!!
20211018 203107.927 INFO             PET0 !!!!!!!!!!!!!!!!!!!!!!!!!!!!!!!!!!!!!!!!!!!!!!!!!!!!!!
20211018 203107.927 INFO             PET0 Running with ESMF Version   : ESMF_8_2_0_beta_snapshot_22-11-g7374d1320b
20211018 203107.927 INFO             PET0 ESMF library build date/time: "Oct 18 2021" "20:11:56"
20211018 203107.927 INFO             PET0 ESMF library build location : /lfs/h1/emc/ptmp/Mark.Potts/intel_2019.3_mpi_O_release_8.2.0
20211018 203107.927 INFO             PET0 ESMF_COMM                   : mpi
20211018 203107.928 INFO             PET0 ESMF_MOAB                   : enabled
20211018 203107.928 INFO             PET0 ESMF_LAPACK                 : enabled
20211018 203107.928 INFO             PET0 ESMF_NETCDF                 : enabled
20211018 203107.928 INFO             PET0 ESMF_PNETCDF                : disabled
20211018 203107.928 INFO             PET0 ESMF_PIO                    : enabled
20211018 203107.928 INFO             PET0 ESMF_YAMLCPP                : enabled
20211018 203107.928 INFO             PET0  NUMBER_OF_PROCESSORS           1
20211018 203107.928 INFO             PET0  PASS  Example ESMF_TimeEx, ESMF_TimeEx.F90, line 141
20211018 203107.928 INFO             PET0 Finalizing ESMF
