build time -- 2021-10-27 06:16:54
20211027 063902.626 INFO             PET0 !!!!!!!!!!!!!!!!!!!!!!!!!!!!!!!!!!!!!!!!!!!!!!!!!!!!!!
20211027 063902.626 INFO             PET0 !!! THE ESMF_LOG IS SET TO OUTPUT ALL LOG MESSAGES !!!
20211027 063902.626 INFO             PET0 !!!     THIS MAY CAUSE SLOWDOWN IN PERFORMANCE     !!!
20211027 063902.626 INFO             PET0 !!! FOR PRODUCTION RUNS, USE:                      !!!
20211027 063902.626 INFO             PET0 !!!                   ESMF_LOGKIND_Multi_On_Error  !!!
20211027 063902.626 INFO             PET0 !!!!!!!!!!!!!!!!!!!!!!!!!!!!!!!!!!!!!!!!!!!!!!!!!!!!!!
20211027 063902.626 INFO             PET0 Running with ESMF Version   : ESMF_8_2_0
20211027 063902.626 INFO             PET0 ESMF library build date/time: "Oct 27 2021" "06:15:57"
20211027 063902.626 INFO             PET0 ESMF library build location : /scratch1/NCEPDEV/stmp2/Mark.Potts/gfortran_9.2.0b_intelmpi_O_main
20211027 063902.626 INFO             PET0 ESMF_COMM                   : intelmpi
20211027 063902.627 INFO             PET0 ESMF_MOAB                   : enabled
20211027 063902.627 INFO             PET0 ESMF_LAPACK                 : enabled
20211027 063902.627 INFO             PET0 ESMF_NETCDF                 : disabled
20211027 063902.627 INFO             PET0 ESMF_PNETCDF                : disabled
20211027 063902.627 INFO             PET0 ESMF_PIO                    : enabled
20211027 063902.627 INFO             PET0 ESMF_YAMLCPP                : enabled
20211027 063902.629 INFO             PET0  NUMBER_OF_PROCESSORS           4
20211027 063902.629 INFO             PET0  PASS  Example ESMF_ConfigOverviewEx, ESMF_ConfigOverviewEx.F90, line 415
20211027 063902.629 INFO             PET0 Finalizing ESMF
20211027 063902.626 INFO             PET1 !!!!!!!!!!!!!!!!!!!!!!!!!!!!!!!!!!!!!!!!!!!!!!!!!!!!!!
20211027 063902.626 INFO             PET1 !!! THE ESMF_LOG IS SET TO OUTPUT ALL LOG MESSAGES !!!
20211027 063902.626 INFO             PET1 !!!     THIS MAY CAUSE SLOWDOWN IN PERFORMANCE     !!!
20211027 063902.626 INFO             PET1 !!! FOR PRODUCTION RUNS, USE:                      !!!
20211027 063902.626 INFO             PET1 !!!                   ESMF_LOGKIND_Multi_On_Error  !!!
20211027 063902.626 INFO             PET1 !!!!!!!!!!!!!!!!!!!!!!!!!!!!!!!!!!!!!!!!!!!!!!!!!!!!!!
20211027 063902.626 INFO             PET1 Running with ESMF Version   : ESMF_8_2_0
20211027 063902.626 INFO             PET1 ESMF library build date/time: "Oct 27 2021" "06:15:57"
20211027 063902.626 INFO             PET1 ESMF library build location : /scratch1/NCEPDEV/stmp2/Mark.Potts/gfortran_9.2.0b_intelmpi_O_main
20211027 063902.626 INFO             PET1 ESMF_COMM                   : intelmpi
20211027 063902.627 INFO             PET1 ESMF_MOAB                   : enabled
20211027 063902.627 INFO             PET1 ESMF_LAPACK                 : enabled
20211027 063902.627 INFO             PET1 ESMF_NETCDF                 : disabled
20211027 063902.627 INFO             PET1 ESMF_PNETCDF                : disabled
20211027 063902.627 INFO             PET1 ESMF_PIO                    : enabled
20211027 063902.627 INFO             PET1 ESMF_YAMLCPP                : enabled
20211027 063902.629 INFO             PET1  NUMBER_OF_PROCESSORS           4
20211027 063902.629 INFO             PET1  PASS  Example ESMF_ConfigOverviewEx, ESMF_ConfigOverviewEx.F90, line 415
20211027 063902.629 INFO             PET1 Finalizing ESMF
20211027 063902.625 INFO             PET2 !!!!!!!!!!!!!!!!!!!!!!!!!!!!!!!!!!!!!!!!!!!!!!!!!!!!!!
20211027 063902.625 INFO             PET2 !!! THE ESMF_LOG IS SET TO OUTPUT ALL LOG MESSAGES !!!
20211027 063902.625 INFO             PET2 !!!     THIS MAY CAUSE SLOWDOWN IN PERFORMANCE     !!!
20211027 063902.625 INFO             PET2 !!! FOR PRODUCTION RUNS, USE:                      !!!
20211027 063902.625 INFO             PET2 !!!                   ESMF_LOGKIND_Multi_On_Error  !!!
20211027 063902.625 INFO             PET2 !!!!!!!!!!!!!!!!!!!!!!!!!!!!!!!!!!!!!!!!!!!!!!!!!!!!!!
20211027 063902.625 INFO             PET2 Running with ESMF Version   : ESMF_8_2_0
20211027 063902.625 INFO             PET2 ESMF library build date/time: "Oct 27 2021" "06:15:57"
20211027 063902.625 INFO             PET2 ESMF library build location : /scratch1/NCEPDEV/stmp2/Mark.Potts/gfortran_9.2.0b_intelmpi_O_main
20211027 063902.625 INFO             PET2 ESMF_COMM                   : intelmpi
20211027 063902.627 INFO             PET2 ESMF_MOAB                   : enabled
20211027 063902.627 INFO             PET2 ESMF_LAPACK                 : enabled
20211027 063902.627 INFO             PET2 ESMF_NETCDF                 : disabled
20211027 063902.627 INFO             PET2 ESMF_PNETCDF                : disabled
20211027 063902.627 INFO             PET2 ESMF_PIO                    : enabled
20211027 063902.627 INFO             PET2 ESMF_YAMLCPP                : enabled
20211027 063902.628 INFO             PET2  NUMBER_OF_PROCESSORS           4
20211027 063902.628 INFO             PET2  PASS  Example ESMF_ConfigOverviewEx, ESMF_ConfigOverviewEx.F90, line 415
20211027 063902.628 INFO             PET2 Finalizing ESMF
20211027 063902.626 INFO             PET3 !!!!!!!!!!!!!!!!!!!!!!!!!!!!!!!!!!!!!!!!!!!!!!!!!!!!!!
20211027 063902.626 INFO             PET3 !!! THE ESMF_LOG IS SET TO OUTPUT ALL LOG MESSAGES !!!
20211027 063902.626 INFO             PET3 !!!     THIS MAY CAUSE SLOWDOWN IN PERFORMANCE     !!!
20211027 063902.626 INFO             PET3 !!! FOR PRODUCTION RUNS, USE:                      !!!
20211027 063902.626 INFO             PET3 !!!                   ESMF_LOGKIND_Multi_On_Error  !!!
20211027 063902.626 INFO             PET3 !!!!!!!!!!!!!!!!!!!!!!!!!!!!!!!!!!!!!!!!!!!!!!!!!!!!!!
20211027 063902.626 INFO             PET3 Running with ESMF Version   : ESMF_8_2_0
20211027 063902.626 INFO             PET3 ESMF library build date/time: "Oct 27 2021" "06:15:57"
20211027 063902.626 INFO             PET3 ESMF library build location : /scratch1/NCEPDEV/stmp2/Mark.Potts/gfortran_9.2.0b_intelmpi_O_main
20211027 063902.626 INFO             PET3 ESMF_COMM                   : intelmpi
20211027 063902.627 INFO             PET3 ESMF_MOAB                   : enabled
20211027 063902.627 INFO             PET3 ESMF_LAPACK                 : enabled
20211027 063902.627 INFO             PET3 ESMF_NETCDF                 : disabled
20211027 063902.627 INFO             PET3 ESMF_PNETCDF                : disabled
20211027 063902.627 INFO             PET3 ESMF_PIO                    : enabled
20211027 063902.627 INFO             PET3 ESMF_YAMLCPP                : enabled
20211027 063902.629 INFO             PET3  NUMBER_OF_PROCESSORS           4
20211027 063902.629 INFO             PET3  PASS  Example ESMF_ConfigOverviewEx, ESMF_ConfigOverviewEx.F90, line 415
20211027 063902.629 INFO             PET3 Finalizing ESMF
