build time -- 2021-10-29 12:26:39.742600
20211029 230930.640 INFO             PET0 !!!!!!!!!!!!!!!!!!!!!!!!!!!!!!!!!!!!!!!!!!!!!!!!!!!!!!
20211029 230930.640 INFO             PET0 !!! THE ESMF_LOG IS SET TO OUTPUT ALL LOG MESSAGES !!!
20211029 230930.640 INFO             PET0 !!!     THIS MAY CAUSE SLOWDOWN IN PERFORMANCE     !!!
20211029 230930.640 INFO             PET0 !!! FOR PRODUCTION RUNS, USE:                      !!!
20211029 230930.640 INFO             PET0 !!!                   ESMF_LOGKIND_Multi_On_Error  !!!
20211029 230930.640 INFO             PET0 !!!!!!!!!!!!!!!!!!!!!!!!!!!!!!!!!!!!!!!!!!!!!!!!!!!!!!
20211029 230930.640 INFO             PET0 Running with ESMF Version   : ESMF_8_3_0_beta_snapshot_02
20211029 230930.640 INFO             PET0 ESMF library build date/time: "Oct 29 2021" "12:24:02"
20211029 230930.640 INFO             PET0 ESMF library build location : /global/u2/r/rsdunlap/esmf-testing/intel_19.0.3_mpi_O_develop
20211029 230930.640 INFO             PET0 ESMF_COMM                   : mpi
20211029 230930.643 INFO             PET0 ESMF_MOAB                   : enabled
20211029 230930.643 INFO             PET0 ESMF_LAPACK                 : enabled
20211029 230930.643 INFO             PET0 ESMF_NETCDF                 : enabled
20211029 230930.643 INFO             PET0 ESMF_PNETCDF                : disabled
20211029 230930.643 INFO             PET0 ESMF_PIO                    : enabled
20211029 230930.643 INFO             PET0 ESMF_YAMLCPP                : enabled
20211029 230930.692 ERROR            PET0 /global/u2/r/rsdunlap/esmf-testing/intel_19.0.3_mpi_O_develop/src/Infrastructure/IO/interface/ESMC_IOScrip2ESMF.C:48 handle_error Internal error: Bad condition  - line 477: NetCDF error: Permission denied
20211029 230930.694 ERROR            PET0 ESMF_IOScrip.F90:3992 ESMF_EsmfInq netCDF Error: .esmf.nc: NetCDF: Unknown file format
20211029 230930.694 ERROR            PET0 ESMF_Mesh.F90:2225 ESMF_MeshCreateFromUnstruct() Failure  - Internal subroutine call returned Error
20211029 230930.694 ERROR            PET0 ESMF_Mesh.F90:2799 ESMF_MeshCreateFromScrip() Failure  - Internal subroutine call returned Error
20211029 230930.694 ERROR            PET0 ESMF_Mesh.F90:1943 ESMF_MeshCreateFromFile() Failure  - Internal subroutine call returned Error
20211029 230930.694 ERROR            PET0 ESMF_Mesh.F90:4386 ESMF_MeshDestroy Object being used before creation  - Bad Object
20211029 230930.732 INFO             PET0  NUMBER_OF_PROCESSORS           4
20211029 230930.732 INFO             PET0  FAIL  Example ESMF_MeshEx, ESMF_MeshEx.F90, line 1795:  Example failure
20211029 230930.732 INFO             PET0 Finalizing ESMF
20211029 230930.640 INFO             PET1 !!!!!!!!!!!!!!!!!!!!!!!!!!!!!!!!!!!!!!!!!!!!!!!!!!!!!!
20211029 230930.640 INFO             PET1 !!! THE ESMF_LOG IS SET TO OUTPUT ALL LOG MESSAGES !!!
20211029 230930.640 INFO             PET1 !!!     THIS MAY CAUSE SLOWDOWN IN PERFORMANCE     !!!
20211029 230930.640 INFO             PET1 !!! FOR PRODUCTION RUNS, USE:                      !!!
20211029 230930.640 INFO             PET1 !!!                   ESMF_LOGKIND_Multi_On_Error  !!!
20211029 230930.640 INFO             PET1 !!!!!!!!!!!!!!!!!!!!!!!!!!!!!!!!!!!!!!!!!!!!!!!!!!!!!!
20211029 230930.640 INFO             PET1 Running with ESMF Version   : ESMF_8_3_0_beta_snapshot_02
20211029 230930.640 INFO             PET1 ESMF library build date/time: "Oct 29 2021" "12:24:02"
20211029 230930.640 INFO             PET1 ESMF library build location : /global/u2/r/rsdunlap/esmf-testing/intel_19.0.3_mpi_O_develop
20211029 230930.640 INFO             PET1 ESMF_COMM                   : mpi
20211029 230930.642 INFO             PET1 ESMF_MOAB                   : enabled
20211029 230930.642 INFO             PET1 ESMF_LAPACK                 : enabled
20211029 230930.642 INFO             PET1 ESMF_NETCDF                 : enabled
20211029 230930.642 INFO             PET1 ESMF_PNETCDF                : disabled
20211029 230930.642 INFO             PET1 ESMF_PIO                    : enabled
20211029 230930.642 INFO             PET1 ESMF_YAMLCPP                : enabled
20211029 230930.695 ERROR            PET1 ESMF_IOScrip.F90:3992 ESMF_EsmfInq netCDF Error: .esmf.nc: NetCDF: Unknown file format
20211029 230930.695 ERROR            PET1 ESMF_Mesh.F90:2225 ESMF_MeshCreateFromUnstruct() Failure  - Internal subroutine call returned Error
20211029 230930.695 ERROR            PET1 ESMF_Mesh.F90:2799 ESMF_MeshCreateFromScrip() Failure  - Internal subroutine call returned Error
20211029 230930.695 ERROR            PET1 ESMF_Mesh.F90:1943 ESMF_MeshCreateFromFile() Failure  - Internal subroutine call returned Error
20211029 230930.695 ERROR            PET1 ESMF_Mesh.F90:4386 ESMF_MeshDestroy Object being used before creation  - Bad Object
20211029 230930.732 INFO             PET1  NUMBER_OF_PROCESSORS           4
20211029 230930.732 INFO             PET1  FAIL  Example ESMF_MeshEx, ESMF_MeshEx.F90, line 1795:  Example failure
20211029 230930.732 INFO             PET1 Finalizing ESMF
20211029 230930.640 INFO             PET2 !!!!!!!!!!!!!!!!!!!!!!!!!!!!!!!!!!!!!!!!!!!!!!!!!!!!!!
20211029 230930.640 INFO             PET2 !!! THE ESMF_LOG IS SET TO OUTPUT ALL LOG MESSAGES !!!
20211029 230930.640 INFO             PET2 !!!     THIS MAY CAUSE SLOWDOWN IN PERFORMANCE     !!!
20211029 230930.640 INFO             PET2 !!! FOR PRODUCTION RUNS, USE:                      !!!
20211029 230930.640 INFO             PET2 !!!                   ESMF_LOGKIND_Multi_On_Error  !!!
20211029 230930.640 INFO             PET2 !!!!!!!!!!!!!!!!!!!!!!!!!!!!!!!!!!!!!!!!!!!!!!!!!!!!!!
20211029 230930.640 INFO             PET2 Running with ESMF Version   : ESMF_8_3_0_beta_snapshot_02
20211029 230930.640 INFO             PET2 ESMF library build date/time: "Oct 29 2021" "12:24:02"
20211029 230930.640 INFO             PET2 ESMF library build location : /global/u2/r/rsdunlap/esmf-testing/intel_19.0.3_mpi_O_develop
20211029 230930.640 INFO             PET2 ESMF_COMM                   : mpi
20211029 230930.642 INFO             PET2 ESMF_MOAB                   : enabled
20211029 230930.642 INFO             PET2 ESMF_LAPACK                 : enabled
20211029 230930.642 INFO             PET2 ESMF_NETCDF                 : enabled
20211029 230930.642 INFO             PET2 ESMF_PNETCDF                : disabled
20211029 230930.642 INFO             PET2 ESMF_PIO                    : enabled
20211029 230930.642 INFO             PET2 ESMF_YAMLCPP                : enabled
20211029 230930.695 ERROR            PET2 ESMF_IOScrip.F90:3992 ESMF_EsmfInq netCDF Error: .esmf.nc: NetCDF: Unknown file format
20211029 230930.695 ERROR            PET2 ESMF_Mesh.F90:2225 ESMF_MeshCreateFromUnstruct() Failure  - Internal subroutine call returned Error
20211029 230930.695 ERROR            PET2 ESMF_Mesh.F90:2799 ESMF_MeshCreateFromScrip() Failure  - Internal subroutine call returned Error
20211029 230930.696 ERROR            PET2 ESMF_Mesh.F90:1943 ESMF_MeshCreateFromFile() Failure  - Internal subroutine call returned Error
20211029 230930.696 ERROR            PET2 ESMF_Mesh.F90:4386 ESMF_MeshDestroy Object being used before creation  - Bad Object
20211029 230930.732 INFO             PET2  NUMBER_OF_PROCESSORS           4
20211029 230930.732 INFO             PET2  FAIL  Example ESMF_MeshEx, ESMF_MeshEx.F90, line 1795:  Example failure
20211029 230930.732 INFO             PET2 Finalizing ESMF
20211029 230930.640 INFO             PET3 !!!!!!!!!!!!!!!!!!!!!!!!!!!!!!!!!!!!!!!!!!!!!!!!!!!!!!
20211029 230930.640 INFO             PET3 !!! THE ESMF_LOG IS SET TO OUTPUT ALL LOG MESSAGES !!!
20211029 230930.640 INFO             PET3 !!!     THIS MAY CAUSE SLOWDOWN IN PERFORMANCE     !!!
20211029 230930.640 INFO             PET3 !!! FOR PRODUCTION RUNS, USE:                      !!!
20211029 230930.640 INFO             PET3 !!!                   ESMF_LOGKIND_Multi_On_Error  !!!
20211029 230930.640 INFO             PET3 !!!!!!!!!!!!!!!!!!!!!!!!!!!!!!!!!!!!!!!!!!!!!!!!!!!!!!
20211029 230930.640 INFO             PET3 Running with ESMF Version   : ESMF_8_3_0_beta_snapshot_02
20211029 230930.640 INFO             PET3 ESMF library build date/time: "Oct 29 2021" "12:24:02"
20211029 230930.640 INFO             PET3 ESMF library build location : /global/u2/r/rsdunlap/esmf-testing/intel_19.0.3_mpi_O_develop
20211029 230930.640 INFO             PET3 ESMF_COMM                   : mpi
20211029 230930.642 INFO             PET3 ESMF_MOAB                   : enabled
20211029 230930.642 INFO             PET3 ESMF_LAPACK                 : enabled
20211029 230930.642 INFO             PET3 ESMF_NETCDF                 : enabled
20211029 230930.642 INFO             PET3 ESMF_PNETCDF                : disabled
20211029 230930.642 INFO             PET3 ESMF_PIO                    : enabled
20211029 230930.642 INFO             PET3 ESMF_YAMLCPP                : enabled
20211029 230930.695 ERROR            PET3 ESMF_IOScrip.F90:3992 ESMF_EsmfInq netCDF Error: .esmf.nc: NetCDF: Unknown file format
20211029 230930.695 ERROR            PET3 ESMF_Mesh.F90:2225 ESMF_MeshCreateFromUnstruct() Failure  - Internal subroutine call returned Error
20211029 230930.695 ERROR            PET3 ESMF_Mesh.F90:2799 ESMF_MeshCreateFromScrip() Failure  - Internal subroutine call returned Error
20211029 230930.695 ERROR            PET3 ESMF_Mesh.F90:1943 ESMF_MeshCreateFromFile() Failure  - Internal subroutine call returned Error
20211029 230930.695 ERROR            PET3 ESMF_Mesh.F90:4386 ESMF_MeshDestroy Object being used before creation  - Bad Object
20211029 230930.732 INFO             PET3  NUMBER_OF_PROCESSORS           4
20211029 230930.732 INFO             PET3  FAIL  Example ESMF_MeshEx, ESMF_MeshEx.F90, line 1795:  Example failure
20211029 230930.732 INFO             PET3 Finalizing ESMF
