build time -- 2022-02-01 02:38:03.756255
20220201 133419.080 INFO             PET0 !!!!!!!!!!!!!!!!!!!!!!!!!!!!!!!!!!!!!!!!!!!!!!!!!!!!!!
20220201 133419.080 INFO             PET0 !!! THE ESMF_LOG IS SET TO OUTPUT ALL LOG MESSAGES !!!
20220201 133419.080 INFO             PET0 !!!     THIS MAY CAUSE SLOWDOWN IN PERFORMANCE     !!!
20220201 133419.080 INFO             PET0 !!! FOR PRODUCTION RUNS, USE:                      !!!
20220201 133419.080 INFO             PET0 !!!                   ESMF_LOGKIND_Multi_On_Error  !!!
20220201 133419.080 INFO             PET0 !!!!!!!!!!!!!!!!!!!!!!!!!!!!!!!!!!!!!!!!!!!!!!!!!!!!!!
20220201 133419.080 INFO             PET0 Running with ESMF Version   : ESMF_8_3_0_beta_snapshot_06-10-gce27d44403
20220201 133419.080 INFO             PET0 ESMF library build date/time: "Feb  1 2022" "02:35:36"
20220201 133419.080 INFO             PET0 ESMF library build location : /global/u2/r/rsdunlap/esmf-testing/intel_19.0.3_mpi_O_develop
20220201 133419.080 INFO             PET0 ESMF_COMM                   : mpi
20220201 133419.082 INFO             PET0 ESMF_MOAB                   : enabled
20220201 133419.082 INFO             PET0 ESMF_LAPACK                 : enabled
20220201 133419.082 INFO             PET0 ESMF_NETCDF                 : enabled
20220201 133419.082 INFO             PET0 ESMF_PNETCDF                : disabled
20220201 133419.082 INFO             PET0 ESMF_PIO                    : enabled
20220201 133419.082 INFO             PET0 ESMF_YAMLCPP                : enabled
20220201 133419.088 INFO             PET0  NUMBER_OF_PROCESSORS           4
20220201 133419.088 INFO             PET0  PASS  Example ESMF_AttachMethodsEx, ESMF_AttachMethodsEx.F90, line 292
20220201 133419.088 INFO             PET0 Finalizing ESMF
20220201 133419.080 INFO             PET1 !!!!!!!!!!!!!!!!!!!!!!!!!!!!!!!!!!!!!!!!!!!!!!!!!!!!!!
20220201 133419.080 INFO             PET1 !!! THE ESMF_LOG IS SET TO OUTPUT ALL LOG MESSAGES !!!
20220201 133419.080 INFO             PET1 !!!     THIS MAY CAUSE SLOWDOWN IN PERFORMANCE     !!!
20220201 133419.080 INFO             PET1 !!! FOR PRODUCTION RUNS, USE:                      !!!
20220201 133419.080 INFO             PET1 !!!                   ESMF_LOGKIND_Multi_On_Error  !!!
20220201 133419.080 INFO             PET1 !!!!!!!!!!!!!!!!!!!!!!!!!!!!!!!!!!!!!!!!!!!!!!!!!!!!!!
20220201 133419.080 INFO             PET1 Running with ESMF Version   : ESMF_8_3_0_beta_snapshot_06-10-gce27d44403
20220201 133419.080 INFO             PET1 ESMF library build date/time: "Feb  1 2022" "02:35:36"
20220201 133419.080 INFO             PET1 ESMF library build location : /global/u2/r/rsdunlap/esmf-testing/intel_19.0.3_mpi_O_develop
20220201 133419.080 INFO             PET1 ESMF_COMM                   : mpi
20220201 133419.082 INFO             PET1 ESMF_MOAB                   : enabled
20220201 133419.082 INFO             PET1 ESMF_LAPACK                 : enabled
20220201 133419.082 INFO             PET1 ESMF_NETCDF                 : enabled
20220201 133419.082 INFO             PET1 ESMF_PNETCDF                : disabled
20220201 133419.082 INFO             PET1 ESMF_PIO                    : enabled
20220201 133419.082 INFO             PET1 ESMF_YAMLCPP                : enabled
20220201 133419.088 INFO             PET1  NUMBER_OF_PROCESSORS           4
20220201 133419.088 INFO             PET1  PASS  Example ESMF_AttachMethodsEx, ESMF_AttachMethodsEx.F90, line 292
20220201 133419.088 INFO             PET1 Finalizing ESMF
20220201 133419.080 INFO             PET2 !!!!!!!!!!!!!!!!!!!!!!!!!!!!!!!!!!!!!!!!!!!!!!!!!!!!!!
20220201 133419.080 INFO             PET2 !!! THE ESMF_LOG IS SET TO OUTPUT ALL LOG MESSAGES !!!
20220201 133419.080 INFO             PET2 !!!     THIS MAY CAUSE SLOWDOWN IN PERFORMANCE     !!!
20220201 133419.080 INFO             PET2 !!! FOR PRODUCTION RUNS, USE:                      !!!
20220201 133419.080 INFO             PET2 !!!                   ESMF_LOGKIND_Multi_On_Error  !!!
20220201 133419.080 INFO             PET2 !!!!!!!!!!!!!!!!!!!!!!!!!!!!!!!!!!!!!!!!!!!!!!!!!!!!!!
20220201 133419.080 INFO             PET2 Running with ESMF Version   : ESMF_8_3_0_beta_snapshot_06-10-gce27d44403
20220201 133419.080 INFO             PET2 ESMF library build date/time: "Feb  1 2022" "02:35:36"
20220201 133419.080 INFO             PET2 ESMF library build location : /global/u2/r/rsdunlap/esmf-testing/intel_19.0.3_mpi_O_develop
20220201 133419.080 INFO             PET2 ESMF_COMM                   : mpi
20220201 133419.082 INFO             PET2 ESMF_MOAB                   : enabled
20220201 133419.082 INFO             PET2 ESMF_LAPACK                 : enabled
20220201 133419.082 INFO             PET2 ESMF_NETCDF                 : enabled
20220201 133419.082 INFO             PET2 ESMF_PNETCDF                : disabled
20220201 133419.082 INFO             PET2 ESMF_PIO                    : enabled
20220201 133419.082 INFO             PET2 ESMF_YAMLCPP                : enabled
20220201 133419.088 INFO             PET2  NUMBER_OF_PROCESSORS           4
20220201 133419.088 INFO             PET2  PASS  Example ESMF_AttachMethodsEx, ESMF_AttachMethodsEx.F90, line 292
20220201 133419.088 INFO             PET2 Finalizing ESMF
20220201 133419.080 INFO             PET3 !!!!!!!!!!!!!!!!!!!!!!!!!!!!!!!!!!!!!!!!!!!!!!!!!!!!!!
20220201 133419.080 INFO             PET3 !!! THE ESMF_LOG IS SET TO OUTPUT ALL LOG MESSAGES !!!
20220201 133419.080 INFO             PET3 !!!     THIS MAY CAUSE SLOWDOWN IN PERFORMANCE     !!!
20220201 133419.080 INFO             PET3 !!! FOR PRODUCTION RUNS, USE:                      !!!
20220201 133419.080 INFO             PET3 !!!                   ESMF_LOGKIND_Multi_On_Error  !!!
20220201 133419.080 INFO             PET3 !!!!!!!!!!!!!!!!!!!!!!!!!!!!!!!!!!!!!!!!!!!!!!!!!!!!!!
20220201 133419.080 INFO             PET3 Running with ESMF Version   : ESMF_8_3_0_beta_snapshot_06-10-gce27d44403
20220201 133419.080 INFO             PET3 ESMF library build date/time: "Feb  1 2022" "02:35:36"
20220201 133419.080 INFO             PET3 ESMF library build location : /global/u2/r/rsdunlap/esmf-testing/intel_19.0.3_mpi_O_develop
20220201 133419.080 INFO             PET3 ESMF_COMM                   : mpi
20220201 133419.082 INFO             PET3 ESMF_MOAB                   : enabled
20220201 133419.082 INFO             PET3 ESMF_LAPACK                 : enabled
20220201 133419.082 INFO             PET3 ESMF_NETCDF                 : enabled
20220201 133419.082 INFO             PET3 ESMF_PNETCDF                : disabled
20220201 133419.082 INFO             PET3 ESMF_PIO                    : enabled
20220201 133419.082 INFO             PET3 ESMF_YAMLCPP                : enabled
20220201 133419.088 INFO             PET3  NUMBER_OF_PROCESSORS           4
20220201 133419.088 INFO             PET3  PASS  Example ESMF_AttachMethodsEx, ESMF_AttachMethodsEx.F90, line 292
20220201 133419.088 INFO             PET3 Finalizing ESMF
