build time -- 2022-02-02 03:49:00.138263
20220202 141818.075 INFO             PET0 !!!!!!!!!!!!!!!!!!!!!!!!!!!!!!!!!!!!!!!!!!!!!!!!!!!!!!
20220202 141818.075 INFO             PET0 !!! THE ESMF_LOG IS SET TO OUTPUT ALL LOG MESSAGES !!!
20220202 141818.075 INFO             PET0 !!!     THIS MAY CAUSE SLOWDOWN IN PERFORMANCE     !!!
20220202 141818.075 INFO             PET0 !!! FOR PRODUCTION RUNS, USE:                      !!!
20220202 141818.075 INFO             PET0 !!!                   ESMF_LOGKIND_Multi_On_Error  !!!
20220202 141818.075 INFO             PET0 !!!!!!!!!!!!!!!!!!!!!!!!!!!!!!!!!!!!!!!!!!!!!!!!!!!!!!
20220202 141818.075 INFO             PET0 Running with ESMF Version   : ESMF_8_3_0_beta_snapshot_06-10-gce27d44403
20220202 141818.075 INFO             PET0 ESMF library build date/time: "Feb  2 2022" "03:46:22"
20220202 141818.075 INFO             PET0 ESMF library build location : /global/u2/r/rsdunlap/esmf-testing/intel_19.0.3_mpi_O_develop
20220202 141818.075 INFO             PET0 ESMF_COMM                   : mpi
20220202 141818.078 INFO             PET0 ESMF_MOAB                   : enabled
20220202 141818.078 INFO             PET0 ESMF_LAPACK                 : enabled
20220202 141818.078 INFO             PET0 ESMF_NETCDF                 : enabled
20220202 141818.078 INFO             PET0 ESMF_PNETCDF                : disabled
20220202 141818.078 INFO             PET0 ESMF_PIO                    : enabled
20220202 141818.078 INFO             PET0 ESMF_YAMLCPP                : enabled
20220202 141818.082 INFO             PET0  NUMBER_OF_PROCESSORS           2
20220202 141818.082 INFO             PET0  PASS  Example ESMF_VMUserMpiCommEx, ESMF_VMUserMpiCommEx.F90, line 113
20220202 141818.082 INFO             PET0 Finalizing ESMF
20220202 141818.075 INFO             PET1 !!!!!!!!!!!!!!!!!!!!!!!!!!!!!!!!!!!!!!!!!!!!!!!!!!!!!!
20220202 141818.075 INFO             PET1 !!! THE ESMF_LOG IS SET TO OUTPUT ALL LOG MESSAGES !!!
20220202 141818.075 INFO             PET1 !!!     THIS MAY CAUSE SLOWDOWN IN PERFORMANCE     !!!
20220202 141818.075 INFO             PET1 !!! FOR PRODUCTION RUNS, USE:                      !!!
20220202 141818.075 INFO             PET1 !!!                   ESMF_LOGKIND_Multi_On_Error  !!!
20220202 141818.075 INFO             PET1 !!!!!!!!!!!!!!!!!!!!!!!!!!!!!!!!!!!!!!!!!!!!!!!!!!!!!!
20220202 141818.075 INFO             PET1 Running with ESMF Version   : ESMF_8_3_0_beta_snapshot_06-10-gce27d44403
20220202 141818.075 INFO             PET1 ESMF library build date/time: "Feb  2 2022" "03:46:22"
20220202 141818.075 INFO             PET1 ESMF library build location : /global/u2/r/rsdunlap/esmf-testing/intel_19.0.3_mpi_O_develop
20220202 141818.075 INFO             PET1 ESMF_COMM                   : mpi
20220202 141818.079 INFO             PET1 ESMF_MOAB                   : enabled
20220202 141818.079 INFO             PET1 ESMF_LAPACK                 : enabled
20220202 141818.079 INFO             PET1 ESMF_NETCDF                 : enabled
20220202 141818.079 INFO             PET1 ESMF_PNETCDF                : disabled
20220202 141818.079 INFO             PET1 ESMF_PIO                    : enabled
20220202 141818.079 INFO             PET1 ESMF_YAMLCPP                : enabled
20220202 141818.082 INFO             PET1  NUMBER_OF_PROCESSORS           2
20220202 141818.082 INFO             PET1  PASS  Example ESMF_VMUserMpiCommEx, ESMF_VMUserMpiCommEx.F90, line 113
20220202 141818.082 INFO             PET1 Finalizing ESMF
