build time -- 2021-11-15 03:50:56.654518
20211115 042624.451 INFO             PET0 !!!!!!!!!!!!!!!!!!!!!!!!!!!!!!!!!!!!!!!!!!!!!!!!!!!!!!
20211115 042624.451 INFO             PET0 !!! THE ESMF_LOG IS SET TO OUTPUT ALL LOG MESSAGES !!!
20211115 042624.451 INFO             PET0 !!!     THIS MAY CAUSE SLOWDOWN IN PERFORMANCE     !!!
20211115 042624.451 INFO             PET0 !!! FOR PRODUCTION RUNS, USE:                      !!!
20211115 042624.451 INFO             PET0 !!!                   ESMF_LOGKIND_Multi_On_Error  !!!
20211115 042624.451 INFO             PET0 !!!!!!!!!!!!!!!!!!!!!!!!!!!!!!!!!!!!!!!!!!!!!!!!!!!!!!
20211115 042624.451 INFO             PET0 Running with ESMF Version   : ESMF_8_3_0_beta_snapshot_02-9-g35b0f617ee
20211115 042624.451 INFO             PET0 ESMF library build date/time: "Nov 15 2021" "03:47:44"
20211115 042624.451 INFO             PET0 ESMF library build location : /glade/scratch/mpotts/gfortran_7.4.0_openmpi_g_develop
20211115 042624.451 INFO             PET0 ESMF_COMM                   : openmpi
20211115 042624.451 INFO             PET0 ESMF_MOAB                   : enabled
20211115 042624.451 INFO             PET0 ESMF_LAPACK                 : enabled
20211115 042624.451 INFO             PET0 ESMF_NETCDF                 : enabled
20211115 042624.451 INFO             PET0 ESMF_PNETCDF                : disabled
20211115 042624.451 INFO             PET0 ESMF_PIO                    : enabled
20211115 042624.451 INFO             PET0 ESMF_YAMLCPP                : enabled
20211115 042624.454 INFO             PET0 ESMF_FieldRedistStoreNF(): Just entered routine.
20211115 042624.456 INFO             PET0 ESMF_FieldRedistStoreNF(): Leaving routine.
20211115 042624.460 INFO             PET0 ESMF_FieldRedistStoreNF(): Just entered routine.
20211115 042624.461 INFO             PET0 ESMF_FieldRedistStoreNF(): Leaving routine.
20211115 042624.461 INFO             PET0 ESMF_FieldRedistStoreNF(): Just entered routine.
20211115 042624.462 INFO             PET0 ESMF_FieldRedistStoreNF(): Leaving routine.
20211115 042624.462 INFO             PET0  NUMBER_OF_PROCESSORS           4
20211115 042624.462 INFO             PET0  PASS  Example ESMF_FieldRedistEx, ESMF_FieldRedistEx.F90, line 521
20211115 042624.462 INFO             PET0 Finalizing ESMF
20211115 042624.452 INFO             PET1 !!!!!!!!!!!!!!!!!!!!!!!!!!!!!!!!!!!!!!!!!!!!!!!!!!!!!!
20211115 042624.452 INFO             PET1 !!! THE ESMF_LOG IS SET TO OUTPUT ALL LOG MESSAGES !!!
20211115 042624.452 INFO             PET1 !!!     THIS MAY CAUSE SLOWDOWN IN PERFORMANCE     !!!
20211115 042624.452 INFO             PET1 !!! FOR PRODUCTION RUNS, USE:                      !!!
20211115 042624.452 INFO             PET1 !!!                   ESMF_LOGKIND_Multi_On_Error  !!!
20211115 042624.452 INFO             PET1 !!!!!!!!!!!!!!!!!!!!!!!!!!!!!!!!!!!!!!!!!!!!!!!!!!!!!!
20211115 042624.452 INFO             PET1 Running with ESMF Version   : ESMF_8_3_0_beta_snapshot_02-9-g35b0f617ee
20211115 042624.452 INFO             PET1 ESMF library build date/time: "Nov 15 2021" "03:47:44"
20211115 042624.452 INFO             PET1 ESMF library build location : /glade/scratch/mpotts/gfortran_7.4.0_openmpi_g_develop
20211115 042624.452 INFO             PET1 ESMF_COMM                   : openmpi
20211115 042624.452 INFO             PET1 ESMF_MOAB                   : enabled
20211115 042624.452 INFO             PET1 ESMF_LAPACK                 : enabled
20211115 042624.452 INFO             PET1 ESMF_NETCDF                 : enabled
20211115 042624.452 INFO             PET1 ESMF_PNETCDF                : disabled
20211115 042624.452 INFO             PET1 ESMF_PIO                    : enabled
20211115 042624.452 INFO             PET1 ESMF_YAMLCPP                : enabled
20211115 042624.454 INFO             PET1 ESMF_FieldRedistStoreNF(): Just entered routine.
20211115 042624.456 INFO             PET1 ESMF_FieldRedistStoreNF(): Leaving routine.
20211115 042624.460 INFO             PET1 ESMF_FieldRedistStoreNF(): Just entered routine.
20211115 042624.461 INFO             PET1 ESMF_FieldRedistStoreNF(): Leaving routine.
20211115 042624.461 INFO             PET1 ESMF_FieldRedistStoreNF(): Just entered routine.
20211115 042624.462 INFO             PET1 ESMF_FieldRedistStoreNF(): Leaving routine.
20211115 042624.462 INFO             PET1  NUMBER_OF_PROCESSORS           4
20211115 042624.462 INFO             PET1  PASS  Example ESMF_FieldRedistEx, ESMF_FieldRedistEx.F90, line 521
20211115 042624.462 INFO             PET1 Finalizing ESMF
20211115 042624.451 INFO             PET2 !!!!!!!!!!!!!!!!!!!!!!!!!!!!!!!!!!!!!!!!!!!!!!!!!!!!!!
20211115 042624.451 INFO             PET2 !!! THE ESMF_LOG IS SET TO OUTPUT ALL LOG MESSAGES !!!
20211115 042624.451 INFO             PET2 !!!     THIS MAY CAUSE SLOWDOWN IN PERFORMANCE     !!!
20211115 042624.451 INFO             PET2 !!! FOR PRODUCTION RUNS, USE:                      !!!
20211115 042624.451 INFO             PET2 !!!                   ESMF_LOGKIND_Multi_On_Error  !!!
20211115 042624.451 INFO             PET2 !!!!!!!!!!!!!!!!!!!!!!!!!!!!!!!!!!!!!!!!!!!!!!!!!!!!!!
20211115 042624.451 INFO             PET2 Running with ESMF Version   : ESMF_8_3_0_beta_snapshot_02-9-g35b0f617ee
20211115 042624.451 INFO             PET2 ESMF library build date/time: "Nov 15 2021" "03:47:44"
20211115 042624.451 INFO             PET2 ESMF library build location : /glade/scratch/mpotts/gfortran_7.4.0_openmpi_g_develop
20211115 042624.451 INFO             PET2 ESMF_COMM                   : openmpi
20211115 042624.451 INFO             PET2 ESMF_MOAB                   : enabled
20211115 042624.451 INFO             PET2 ESMF_LAPACK                 : enabled
20211115 042624.451 INFO             PET2 ESMF_NETCDF                 : enabled
20211115 042624.451 INFO             PET2 ESMF_PNETCDF                : disabled
20211115 042624.451 INFO             PET2 ESMF_PIO                    : enabled
20211115 042624.451 INFO             PET2 ESMF_YAMLCPP                : enabled
20211115 042624.454 INFO             PET2 ESMF_FieldRedistStoreNF(): Just entered routine.
20211115 042624.456 INFO             PET2 ESMF_FieldRedistStoreNF(): Leaving routine.
20211115 042624.460 INFO             PET2 ESMF_FieldRedistStoreNF(): Just entered routine.
20211115 042624.461 INFO             PET2 ESMF_FieldRedistStoreNF(): Leaving routine.
20211115 042624.461 INFO             PET2 ESMF_FieldRedistStoreNF(): Just entered routine.
20211115 042624.462 INFO             PET2 ESMF_FieldRedistStoreNF(): Leaving routine.
20211115 042624.462 INFO             PET2  NUMBER_OF_PROCESSORS           4
20211115 042624.462 INFO             PET2  PASS  Example ESMF_FieldRedistEx, ESMF_FieldRedistEx.F90, line 521
20211115 042624.462 INFO             PET2 Finalizing ESMF
20211115 042624.452 INFO             PET3 !!!!!!!!!!!!!!!!!!!!!!!!!!!!!!!!!!!!!!!!!!!!!!!!!!!!!!
20211115 042624.452 INFO             PET3 !!! THE ESMF_LOG IS SET TO OUTPUT ALL LOG MESSAGES !!!
20211115 042624.452 INFO             PET3 !!!     THIS MAY CAUSE SLOWDOWN IN PERFORMANCE     !!!
20211115 042624.452 INFO             PET3 !!! FOR PRODUCTION RUNS, USE:                      !!!
20211115 042624.452 INFO             PET3 !!!                   ESMF_LOGKIND_Multi_On_Error  !!!
20211115 042624.452 INFO             PET3 !!!!!!!!!!!!!!!!!!!!!!!!!!!!!!!!!!!!!!!!!!!!!!!!!!!!!!
20211115 042624.452 INFO             PET3 Running with ESMF Version   : ESMF_8_3_0_beta_snapshot_02-9-g35b0f617ee
20211115 042624.452 INFO             PET3 ESMF library build date/time: "Nov 15 2021" "03:47:44"
20211115 042624.452 INFO             PET3 ESMF library build location : /glade/scratch/mpotts/gfortran_7.4.0_openmpi_g_develop
20211115 042624.452 INFO             PET3 ESMF_COMM                   : openmpi
20211115 042624.452 INFO             PET3 ESMF_MOAB                   : enabled
20211115 042624.452 INFO             PET3 ESMF_LAPACK                 : enabled
20211115 042624.452 INFO             PET3 ESMF_NETCDF                 : enabled
20211115 042624.452 INFO             PET3 ESMF_PNETCDF                : disabled
20211115 042624.452 INFO             PET3 ESMF_PIO                    : enabled
20211115 042624.452 INFO             PET3 ESMF_YAMLCPP                : enabled
20211115 042624.454 INFO             PET3 ESMF_FieldRedistStoreNF(): Just entered routine.
20211115 042624.456 INFO             PET3 ESMF_FieldRedistStoreNF(): Leaving routine.
20211115 042624.460 INFO             PET3 ESMF_FieldRedistStoreNF(): Just entered routine.
20211115 042624.461 INFO             PET3 ESMF_FieldRedistStoreNF(): Leaving routine.
20211115 042624.461 INFO             PET3 ESMF_FieldRedistStoreNF(): Just entered routine.
20211115 042624.462 INFO             PET3 ESMF_FieldRedistStoreNF(): Leaving routine.
20211115 042624.462 INFO             PET3  NUMBER_OF_PROCESSORS           4
20211115 042624.462 INFO             PET3  PASS  Example ESMF_FieldRedistEx, ESMF_FieldRedistEx.F90, line 521
20211115 042624.462 INFO             PET3 Finalizing ESMF
