build time -- 2021-10-12 02:33:01
20211012 025715.880 INFO             PET0 !!!!!!!!!!!!!!!!!!!!!!!!!!!!!!!!!!!!!!!!!!!!!!!!!!!!!!
20211012 025715.880 INFO             PET0 !!! THE ESMF_LOG IS SET TO OUTPUT ALL LOG MESSAGES !!!
20211012 025715.880 INFO             PET0 !!!     THIS MAY CAUSE SLOWDOWN IN PERFORMANCE     !!!
20211012 025715.880 INFO             PET0 !!! FOR PRODUCTION RUNS, USE:                      !!!
20211012 025715.880 INFO             PET0 !!!                   ESMF_LOGKIND_Multi_On_Error  !!!
20211012 025715.880 INFO             PET0 !!!!!!!!!!!!!!!!!!!!!!!!!!!!!!!!!!!!!!!!!!!!!!!!!!!!!!
20211012 025715.880 INFO             PET0 Running with ESMF Version   : ESMF_8_2_0_beta_snapshot_21-3-ge04105f
20211012 025715.880 INFO             PET0 ESMF library build date/time: "Oct 12 2021" "02:31:10"
20211012 025715.880 INFO             PET0 ESMF library build location : /work/noaa/da/mpotts/sandbox/gfortran_8.3.0_openmpi_g_release_8.2.0
20211012 025715.880 INFO             PET0 ESMF_COMM                   : openmpi
20211012 025715.881 INFO             PET0 ESMF_MOAB                   : enabled
20211012 025715.881 INFO             PET0 ESMF_LAPACK                 : enabled
20211012 025715.881 INFO             PET0 ESMF_NETCDF                 : enabled
20211012 025715.881 INFO             PET0 ESMF_PNETCDF                : disabled
20211012 025715.881 INFO             PET0 ESMF_PIO                    : enabled
20211012 025715.881 INFO             PET0 ESMF_YAMLCPP                : enabled
20211012 025715.883 INFO             PET0  NUMBER_OF_PROCESSORS           1
20211012 025715.883 INFO             PET0  PASS  Example ESMF_AlarmEx, ESMF_AlarmEx.F90, line 244
20211012 025715.883 INFO             PET0 Finalizing ESMF
