build time -- 2022-01-18 02:12:09.033182
20220118 023632.923 INFO             PET0 !!!!!!!!!!!!!!!!!!!!!!!!!!!!!!!!!!!!!!!!!!!!!!!!!!!!!!
20220118 023632.923 INFO             PET0 !!! THE ESMF_LOG IS SET TO OUTPUT ALL LOG MESSAGES !!!
20220118 023632.923 INFO             PET0 !!!     THIS MAY CAUSE SLOWDOWN IN PERFORMANCE     !!!
20220118 023632.923 INFO             PET0 !!! FOR PRODUCTION RUNS, USE:                      !!!
20220118 023632.923 INFO             PET0 !!!                   ESMF_LOGKIND_Multi_On_Error  !!!
20220118 023632.923 INFO             PET0 !!!!!!!!!!!!!!!!!!!!!!!!!!!!!!!!!!!!!!!!!!!!!!!!!!!!!!
20220118 023632.923 INFO             PET0 Running with ESMF Version   : ESMF_8_3_0_beta_snapshot_05-100-g65e948c47d
20220118 023632.923 INFO             PET0 ESMF library build date/time: "Jan 18 2022" "02:10:48"
20220118 023632.923 INFO             PET0 ESMF library build location : /gpfsm/dnb04/projects/p98/mpotts/esmf/gfortran_8.3.0_mpiuni_g_jedwards_pio_update
20220118 023632.923 INFO             PET0 ESMF_COMM                   : mpiuni
20220118 023632.924 INFO             PET0 ESMF_MOAB                   : enabled
20220118 023632.924 INFO             PET0 ESMF_LAPACK                 : enabled
20220118 023632.924 INFO             PET0 ESMF_NETCDF                 : disabled
20220118 023632.924 INFO             PET0 ESMF_PNETCDF                : disabled
20220118 023632.924 INFO             PET0 ESMF_PIO                    : disabled
20220118 023632.924 INFO             PET0 ESMF_YAMLCPP                : enabled
20220118 023633.006 DEBUG            PET0 about to destroy Grid: 0x6a8a40
20220118 023633.029 DEBUG            PET0 about to destroy Grid: 0x6a9ff0
20220118 023633.062 INFO             PET0  NUMBER_OF_PROCESSORS           1
20220118 023633.062 INFO             PET0  PASS  Example ESMF_NUOPCAtmModelEx, ESMF_NUOPCAtmModelEx.F90, line 806
20220118 023633.062 INFO             PET0 Finalizing ESMF
20220118 023633.062 INFO             PET0 ESMCI_IO_Handler.C:355 ESMCI::IO_Handler::finalize() before return, localrc = 0
