build time -- 2022-01-19 23:35:30
20220120 000804.621 INFO             PET0 !!!!!!!!!!!!!!!!!!!!!!!!!!!!!!!!!!!!!!!!!!!!!!!!!!!!!!
20220120 000804.621 INFO             PET0 !!! THE ESMF_LOG IS SET TO OUTPUT ALL LOG MESSAGES !!!
20220120 000804.621 INFO             PET0 !!!     THIS MAY CAUSE SLOWDOWN IN PERFORMANCE     !!!
20220120 000804.621 INFO             PET0 !!! FOR PRODUCTION RUNS, USE:                      !!!
20220120 000804.621 INFO             PET0 !!!                   ESMF_LOGKIND_Multi_On_Error  !!!
20220120 000804.621 INFO             PET0 !!!!!!!!!!!!!!!!!!!!!!!!!!!!!!!!!!!!!!!!!!!!!!!!!!!!!!
20220120 000804.621 INFO             PET0 Running with ESMF Version   : 8.3.0 beta snapshot
20220120 000804.621 INFO             PET0 ESMF library build date/time: "Jan 19 2022" "23:33:36"
20220120 000804.621 INFO             PET0 ESMF library build location : /lustre/f2/dev/ncep/Mark.Potts/intel_2019.5_mpiuni_O_jedwards_pio_update
20220120 000804.621 INFO             PET0 ESMF_COMM                   : mpiuni
20220120 000804.622 INFO             PET0 ESMF_MOAB                   : enabled
20220120 000804.622 INFO             PET0 ESMF_LAPACK                 : enabled
20220120 000804.622 INFO             PET0 ESMF_NETCDF                 : enabled
20220120 000804.622 INFO             PET0 ESMF_PNETCDF                : disabled
20220120 000804.622 INFO             PET0 ESMF_PIO                    : disabled
20220120 000804.622 INFO             PET0 ESMF_YAMLCPP                : enabled
20220120 000804.624 INFO             PET0 ESMF_FieldRedistStoreNF(): Just entered routine.
20220120 000804.710 INFO             PET0 ESMF_FieldRedistStoreNF(): Leaving routine.
20220120 000804.727 INFO             PET0  NUMBER_OF_PROCESSORS           1
20220120 000804.728 INFO             PET0  PASS  Example ESMF_RHandleFromFileEx, ESMF_RHandleFromFileEx.F90, line 192
20220120 000804.728 INFO             PET0 Finalizing ESMF
20220120 000804.728 INFO             PET0 ESMCI_IO_Handler.C:355 ESMCI::IO_Handler::finalize() before return, localrc = 0
