build time -- 2022-01-21 23:35:42
20220122 000727.194 INFO             PET0 !!!!!!!!!!!!!!!!!!!!!!!!!!!!!!!!!!!!!!!!!!!!!!!!!!!!!!
20220122 000727.194 INFO             PET0 !!! THE ESMF_LOG IS SET TO OUTPUT ALL LOG MESSAGES !!!
20220122 000727.194 INFO             PET0 !!!     THIS MAY CAUSE SLOWDOWN IN PERFORMANCE     !!!
20220122 000727.194 INFO             PET0 !!! FOR PRODUCTION RUNS, USE:                      !!!
20220122 000727.194 INFO             PET0 !!!                   ESMF_LOGKIND_Multi_On_Error  !!!
20220122 000727.194 INFO             PET0 !!!!!!!!!!!!!!!!!!!!!!!!!!!!!!!!!!!!!!!!!!!!!!!!!!!!!!
20220122 000727.194 INFO             PET0 Running with ESMF Version   : 8.3.0 beta snapshot
20220122 000727.194 INFO             PET0 ESMF library build date/time: "Jan 21 2022" "23:33:45"
20220122 000727.194 INFO             PET0 ESMF library build location : /lustre/f2/dev/ncep/Mark.Potts/intel_2019.5_mpiuni_O_jedwards_pio_update
20220122 000727.194 INFO             PET0 ESMF_COMM                   : mpiuni
20220122 000727.195 INFO             PET0 ESMF_MOAB                   : enabled
20220122 000727.195 INFO             PET0 ESMF_LAPACK                 : enabled
20220122 000727.195 INFO             PET0 ESMF_NETCDF                 : enabled
20220122 000727.195 INFO             PET0 ESMF_PNETCDF                : disabled
20220122 000727.195 INFO             PET0 ESMF_PIO                    : disabled
20220122 000727.195 INFO             PET0 ESMF_YAMLCPP                : enabled
20220122 000727.195 INFO             PET0 Log Write 2
20220122 000727.195 ERROR            PET0 Invalid object  - Convergence failure
20220122 000727.195 ERROR            PET0 ESMCI_Fraction.C:1444 ESMCI::Fraction::validate() must have non-zero denominator.
20220122 000727.195 ERROR            PET0 ESMCI_Time.C:838 ESMCI::Time::syncToRealTime() Wrong argument specified  - ; calkindflag is JULIANDAY, MODJULIANDAY or NOCALENDAR.
20220122 000727.195 ERROR            PET0 ESMF_Time.F90:1485 ESMF_TimeSyncToRealTime() Wrong argument specified  - Internal subroutine call returned Error
20220122 000727.195 ERROR            PET0 Wrong argument specified  - getting wall clock time
20220122 000727.215 INFO             PET0  NUMBER_OF_PROCESSORS           1
20220122 000727.217 INFO             PET0  PASS  Example ESMF_LogErrEx, ESMF_LogErrEx.F90, line 186
20220122 000727.217 INFO             PET0 Finalizing ESMF
20220122 000727.217 INFO             PET0 ESMCI_IO_Handler.C:355 ESMCI::IO_Handler::finalize() before return, localrc = 0
