build time -- 2021-10-29 03:48:19.124186
20211029 041652.690 INFO             PET0 !!!!!!!!!!!!!!!!!!!!!!!!!!!!!!!!!!!!!!!!!!!!!!!!!!!!!!
20211029 041652.690 INFO             PET0 !!! THE ESMF_LOG IS SET TO OUTPUT ALL LOG MESSAGES !!!
20211029 041652.690 INFO             PET0 !!!     THIS MAY CAUSE SLOWDOWN IN PERFORMANCE     !!!
20211029 041652.690 INFO             PET0 !!! FOR PRODUCTION RUNS, USE:                      !!!
20211029 041652.690 INFO             PET0 !!!                   ESMF_LOGKIND_Multi_On_Error  !!!
20211029 041652.690 INFO             PET0 !!!!!!!!!!!!!!!!!!!!!!!!!!!!!!!!!!!!!!!!!!!!!!!!!!!!!!
20211029 041652.690 INFO             PET0 Running with ESMF Version   : ESMF_8_2_0
20211029 041652.690 INFO             PET0 ESMF library build date/time: "Oct 29 2021" "03:46:20"
20211029 041652.690 INFO             PET0 ESMF library build location : /glade/scratch/mpotts/gfortran_10.1.0_mpt_O_main
20211029 041652.690 INFO             PET0 ESMF_COMM                   : mpt
20211029 041652.690 INFO             PET0 ESMF_MOAB                   : enabled
20211029 041652.690 INFO             PET0 ESMF_LAPACK                 : enabled
20211029 041652.690 INFO             PET0 ESMF_NETCDF                 : enabled
20211029 041652.690 INFO             PET0 ESMF_PNETCDF                : disabled
20211029 041652.690 INFO             PET0 ESMF_PIO                    : enabled
20211029 041652.690 INFO             PET0 ESMF_YAMLCPP                : enabled
20211029 041652.728 DEBUG            PET0 about to destroy Grid: 0x20d2ae0
20211029 041652.732 DEBUG            PET0 about to destroy Grid: 0x20d41d0
20211029 041652.743 INFO             PET0  NUMBER_OF_PROCESSORS           4
20211029 041652.743 INFO             PET0  PASS  Example ESMF_NUOPCAtmModelEx, ESMF_NUOPCAtmModelEx.F90, line 806
20211029 041652.743 INFO             PET0 Finalizing ESMF
20211029 041652.690 INFO             PET1 !!!!!!!!!!!!!!!!!!!!!!!!!!!!!!!!!!!!!!!!!!!!!!!!!!!!!!
20211029 041652.690 INFO             PET1 !!! THE ESMF_LOG IS SET TO OUTPUT ALL LOG MESSAGES !!!
20211029 041652.690 INFO             PET1 !!!     THIS MAY CAUSE SLOWDOWN IN PERFORMANCE     !!!
20211029 041652.690 INFO             PET1 !!! FOR PRODUCTION RUNS, USE:                      !!!
20211029 041652.690 INFO             PET1 !!!                   ESMF_LOGKIND_Multi_On_Error  !!!
20211029 041652.690 INFO             PET1 !!!!!!!!!!!!!!!!!!!!!!!!!!!!!!!!!!!!!!!!!!!!!!!!!!!!!!
20211029 041652.690 INFO             PET1 Running with ESMF Version   : ESMF_8_2_0
20211029 041652.690 INFO             PET1 ESMF library build date/time: "Oct 29 2021" "03:46:20"
20211029 041652.690 INFO             PET1 ESMF library build location : /glade/scratch/mpotts/gfortran_10.1.0_mpt_O_main
20211029 041652.690 INFO             PET1 ESMF_COMM                   : mpt
20211029 041652.690 INFO             PET1 ESMF_MOAB                   : enabled
20211029 041652.690 INFO             PET1 ESMF_LAPACK                 : enabled
20211029 041652.690 INFO             PET1 ESMF_NETCDF                 : enabled
20211029 041652.690 INFO             PET1 ESMF_PNETCDF                : disabled
20211029 041652.690 INFO             PET1 ESMF_PIO                    : enabled
20211029 041652.690 INFO             PET1 ESMF_YAMLCPP                : enabled
20211029 041652.728 DEBUG            PET1 about to destroy Grid: 0x20d3350
20211029 041652.732 DEBUG            PET1 about to destroy Grid: 0x20d4300
20211029 041652.743 INFO             PET1  NUMBER_OF_PROCESSORS           4
20211029 041652.743 INFO             PET1  PASS  Example ESMF_NUOPCAtmModelEx, ESMF_NUOPCAtmModelEx.F90, line 806
20211029 041652.743 INFO             PET1 Finalizing ESMF
20211029 041652.691 INFO             PET2 !!!!!!!!!!!!!!!!!!!!!!!!!!!!!!!!!!!!!!!!!!!!!!!!!!!!!!
20211029 041652.691 INFO             PET2 !!! THE ESMF_LOG IS SET TO OUTPUT ALL LOG MESSAGES !!!
20211029 041652.691 INFO             PET2 !!!     THIS MAY CAUSE SLOWDOWN IN PERFORMANCE     !!!
20211029 041652.691 INFO             PET2 !!! FOR PRODUCTION RUNS, USE:                      !!!
20211029 041652.691 INFO             PET2 !!!                   ESMF_LOGKIND_Multi_On_Error  !!!
20211029 041652.691 INFO             PET2 !!!!!!!!!!!!!!!!!!!!!!!!!!!!!!!!!!!!!!!!!!!!!!!!!!!!!!
20211029 041652.691 INFO             PET2 Running with ESMF Version   : ESMF_8_2_0
20211029 041652.691 INFO             PET2 ESMF library build date/time: "Oct 29 2021" "03:46:20"
20211029 041652.691 INFO             PET2 ESMF library build location : /glade/scratch/mpotts/gfortran_10.1.0_mpt_O_main
20211029 041652.691 INFO             PET2 ESMF_COMM                   : mpt
20211029 041652.691 INFO             PET2 ESMF_MOAB                   : enabled
20211029 041652.691 INFO             PET2 ESMF_LAPACK                 : enabled
20211029 041652.691 INFO             PET2 ESMF_NETCDF                 : enabled
20211029 041652.691 INFO             PET2 ESMF_PNETCDF                : disabled
20211029 041652.691 INFO             PET2 ESMF_PIO                    : enabled
20211029 041652.691 INFO             PET2 ESMF_YAMLCPP                : enabled
20211029 041652.728 DEBUG            PET2 about to destroy Grid: 0x20d2a60
20211029 041652.732 DEBUG            PET2 about to destroy Grid: 0x20d3a10
20211029 041652.743 INFO             PET2  NUMBER_OF_PROCESSORS           4
20211029 041652.743 INFO             PET2  PASS  Example ESMF_NUOPCAtmModelEx, ESMF_NUOPCAtmModelEx.F90, line 806
20211029 041652.743 INFO             PET2 Finalizing ESMF
20211029 041652.690 INFO             PET3 !!!!!!!!!!!!!!!!!!!!!!!!!!!!!!!!!!!!!!!!!!!!!!!!!!!!!!
20211029 041652.690 INFO             PET3 !!! THE ESMF_LOG IS SET TO OUTPUT ALL LOG MESSAGES !!!
20211029 041652.690 INFO             PET3 !!!     THIS MAY CAUSE SLOWDOWN IN PERFORMANCE     !!!
20211029 041652.690 INFO             PET3 !!! FOR PRODUCTION RUNS, USE:                      !!!
20211029 041652.690 INFO             PET3 !!!                   ESMF_LOGKIND_Multi_On_Error  !!!
20211029 041652.690 INFO             PET3 !!!!!!!!!!!!!!!!!!!!!!!!!!!!!!!!!!!!!!!!!!!!!!!!!!!!!!
20211029 041652.690 INFO             PET3 Running with ESMF Version   : ESMF_8_2_0
20211029 041652.690 INFO             PET3 ESMF library build date/time: "Oct 29 2021" "03:46:20"
20211029 041652.690 INFO             PET3 ESMF library build location : /glade/scratch/mpotts/gfortran_10.1.0_mpt_O_main
20211029 041652.690 INFO             PET3 ESMF_COMM                   : mpt
20211029 041652.690 INFO             PET3 ESMF_MOAB                   : enabled
20211029 041652.690 INFO             PET3 ESMF_LAPACK                 : enabled
20211029 041652.690 INFO             PET3 ESMF_NETCDF                 : enabled
20211029 041652.690 INFO             PET3 ESMF_PNETCDF                : disabled
20211029 041652.690 INFO             PET3 ESMF_PIO                    : enabled
20211029 041652.690 INFO             PET3 ESMF_YAMLCPP                : enabled
20211029 041652.728 DEBUG            PET3 about to destroy Grid: 0x20d2b50
20211029 041652.732 DEBUG            PET3 about to destroy Grid: 0x20d43a0
20211029 041652.743 INFO             PET3  NUMBER_OF_PROCESSORS           4
20211029 041652.743 INFO             PET3  PASS  Example ESMF_NUOPCAtmModelEx, ESMF_NUOPCAtmModelEx.F90, line 806
20211029 041652.743 INFO             PET3 Finalizing ESMF
