build time -- 2021-10-27 14:25:22
20211027 144250.030 INFO             PET0 !!!!!!!!!!!!!!!!!!!!!!!!!!!!!!!!!!!!!!!!!!!!!!!!!!!!!!
20211027 144250.030 INFO             PET0 !!! THE ESMF_LOG IS SET TO OUTPUT ALL LOG MESSAGES !!!
20211027 144250.030 INFO             PET0 !!!     THIS MAY CAUSE SLOWDOWN IN PERFORMANCE     !!!
20211027 144250.030 INFO             PET0 !!! FOR PRODUCTION RUNS, USE:                      !!!
20211027 144250.030 INFO             PET0 !!!                   ESMF_LOGKIND_Multi_On_Error  !!!
20211027 144250.030 INFO             PET0 !!!!!!!!!!!!!!!!!!!!!!!!!!!!!!!!!!!!!!!!!!!!!!!!!!!!!!
20211027 144250.030 INFO             PET0 Running with ESMF Version   : ESMF_8_2_0
20211027 144250.030 INFO             PET0 ESMF library build date/time: "Oct 27 2021" "14:24:11"
20211027 144250.030 INFO             PET0 ESMF library build location : /Volumes/esmf/rocky/esmf-testing/gfortran_9.3.0_mpich3_O_main
20211027 144250.030 INFO             PET0 ESMF_COMM                   : mpich3
20211027 144250.030 INFO             PET0 ESMF_MOAB                   : enabled
20211027 144250.030 INFO             PET0 ESMF_LAPACK                 : enabled
20211027 144250.030 INFO             PET0 ESMF_NETCDF                 : enabled
20211027 144250.030 INFO             PET0 ESMF_PNETCDF                : disabled
20211027 144250.030 INFO             PET0 ESMF_PIO                    : enabled
20211027 144250.030 INFO             PET0 ESMF_YAMLCPP                : enabled
20211027 144250.030 INFO             PET0  NUMBER_OF_PROCESSORS           1
20211027 144250.030 INFO             PET0  PASS  Example ESMF_TimeIntervalEx, ESMF_TimeIntervalEx.F90, line 176
20211027 144250.030 INFO             PET0 Finalizing ESMF
