build time -- 2021-10-07 04:08:57.905740
Reading control file...
Reading control file...
Reading control file...
Running 1 of 11 regrid_from_file test cases...
Running 1 of 11 regrid_from_file test cases...
Running 1 of 11 regrid_from_file test cases...

Regrid ll2.5deg_grid.nc to T42_grid.nc as bilinear with -p none itrp_mean_err=0.001000, itrp_max_err=0.010000, and csrv_err=0.000000 - START


Regrid ll2.5deg_grid.nc to T42_grid.nc as bilinear with -p none itrp_mean_err=0.001000, itrp_max_err=0.010000, and csrv_err=0.000000 - START


Regrid ll2.5deg_grid.nc to T42_grid.nc as bilinear with -p none itrp_mean_err=0.001000, itrp_max_err=0.010000, and csrv_err=0.000000 - START

Reading control file...
Retrieving regrid_from_file data...
Retrieving http://data.earthsystemmodeling.org/download/data/ll2.5deg_grid.nc...

Error opening http://data.earthsystemmodeling.org/download/data/ll2.5deg_grid.nc
Running 1 of 11 regrid_from_file test cases...

Regrid ll2.5deg_grid.nc to T42_grid.nc as bilinear with -p none itrp_mean_err=0.001000, itrp_max_err=0.010000, and csrv_err=0.000000 - START

NetCDF Error: src/ESMF/test/regrid_from_file/data/ll2.5deg_grid.nc : No such file or directory
NetCDF Error: src/ESMF/test/regrid_from_file/data/ll2.5deg_grid.nc : No such file or directory
NetCDF Error: src/ESMF/test/regrid_from_file/data/ll2.5deg_grid.nc : No such file or directory
NetCDF Error: src/ESMF/test/regrid_from_file/data/ll2.5deg_grid.nc : No such file or directory
NetCDF Error: src/ESMF/test/regrid_from_file/data/ll2.5deg_grid.nc : No such file or directory
Regridding ERROR:

Traceback (most recent call last):
  File "src/ESMF/test/regrid_from_file/regrid_check_driver.py", line 63, in <module>
    options, itrp_mean_err, itrp_max_err, csrv_err)
  File "/glade/scratch/mpotts/intel_18.0.5_intelmpi_O_release_8.2.0/src/addon/ESMPy/src/ESMF/test/regrid_from_file/regrid_check.py", line 222, in regrid_check
    missingvalue=src_missingvalue)
  File "/glade/scratch/mpotts/intel_18.0.5_intelmpi_O_release_8.2.0/src/addon/ESMPy/src/ESMF/test/regrid_from_file/regrid_check.py", line 56, in create_grid_or_mesh_from_file
    varname=missingvalue)
  File "/glade/scratch/mpotts/intel_18.0.5_intelmpi_O_release_8.2.0/src/addon/ESMPy/src/ESMF/util/decorators.py", line 81, in new_func
    return func(*args, **kwargs)
  File "/glade/scratch/mpotts/intel_18.0.5_intelmpi_O_release_8.2.0/src/addon/ESMPy/src/ESMF/api/grid.py", line 356, in __init__
    coordNames=coord_names)
  File "/glade/scratch/mpotts/intel_18.0.5_intelmpi_O_release_8.2.0/src/addon/ESMPy/src/ESMF/util/decorators.py", line 93, in new_func
    return func(*args, **kwargs)
  File "/glade/scratch/mpotts/intel_18.0.5_intelmpi_O_release_8.2.0/src/addon/ESMPy/src/ESMF/interface/cbindings.py", line 720, in ESMP_GridCreateFromFile
    raise NameError('ESMC_GridCreateFromFile() failed with rc = '+str(rc))
NameError: ESMC_GridCreateFromFile() failed with rc = -1

***NOTE*** The log files must be deleted in this test case, they are printed below for future reference


PET: 0 - Regrid ll2.5deg_grid.nc to T42_grid.nc as bilinear with -p none itrp_mean_err=0.001000, itrp_max_err=0.010000, and csrv_err=0.000000 - FINISH

RESULT: FAIL


Running 2 of 11 regrid_from_file test cases...

Regrid T42_grid.nc to ll2.5deg_grid.nc as patch with -p none -i itrp_mean_err=0.001000, itrp_max_err=0.010000, and csrv_err=0.000000 - START

Regridding ERROR:

Traceback (most recent call last):
Regridding ERROR:

Traceback (most recent call last):
  File "src/ESMF/test/regrid_from_file/regrid_check_driver.py", line 63, in <module>
Regridding ERROR:

Traceback (most recent call last):
  File "src/ESMF/test/regrid_from_file/regrid_check_driver.py", line 63, in <module>
  File "src/ESMF/test/regrid_from_file/regrid_check_driver.py", line 63, in <module>
    options, itrp_mean_err, itrp_max_err, csrv_err)
  File "/glade/scratch/mpotts/intel_18.0.5_intelmpi_O_release_8.2.0/src/addon/ESMPy/src/ESMF/test/regrid_from_file/regrid_check.py", line 222, in regrid_check
    options, itrp_mean_err, itrp_max_err, csrv_err)
  File "/glade/scratch/mpotts/intel_18.0.5_intelmpi_O_release_8.2.0/src/addon/ESMPy/src/ESMF/test/regrid_from_file/regrid_check.py", line 222, in regrid_check
    options, itrp_mean_err, itrp_max_err, csrv_err)
  File "/glade/scratch/mpotts/intel_18.0.5_intelmpi_O_release_8.2.0/src/addon/ESMPy/src/ESMF/test/regrid_from_file/regrid_check.py", line 222, in regrid_check
    missingvalue=src_missingvalue)
  File "/glade/scratch/mpotts/intel_18.0.5_intelmpi_O_release_8.2.0/src/addon/ESMPy/src/ESMF/test/regrid_from_file/regrid_check.py", line 56, in create_grid_or_mesh_from_file
    missingvalue=src_missingvalue)
  File "/glade/scratch/mpotts/intel_18.0.5_intelmpi_O_release_8.2.0/src/addon/ESMPy/src/ESMF/test/regrid_from_file/regrid_check.py", line 56, in create_grid_or_mesh_from_file
    missingvalue=src_missingvalue)
  File "/glade/scratch/mpotts/intel_18.0.5_intelmpi_O_release_8.2.0/src/addon/ESMPy/src/ESMF/test/regrid_from_file/regrid_check.py", line 56, in create_grid_or_mesh_from_file
    varname=missingvalue)
  File "/glade/scratch/mpotts/intel_18.0.5_intelmpi_O_release_8.2.0/src/addon/ESMPy/src/ESMF/util/decorators.py", line 81, in new_func
    varname=missingvalue)
  File "/glade/scratch/mpotts/intel_18.0.5_intelmpi_O_release_8.2.0/src/addon/ESMPy/src/ESMF/util/decorators.py", line 81, in new_func
    varname=missingvalue)
  File "/glade/scratch/mpotts/intel_18.0.5_intelmpi_O_release_8.2.0/src/addon/ESMPy/src/ESMF/util/decorators.py", line 81, in new_func
    return func(*args, **kwargs)
  File "/glade/scratch/mpotts/intel_18.0.5_intelmpi_O_release_8.2.0/src/addon/ESMPy/src/ESMF/api/grid.py", line 356, in __init__
    return func(*args, **kwargs)
  File "/glade/scratch/mpotts/intel_18.0.5_intelmpi_O_release_8.2.0/src/addon/ESMPy/src/ESMF/api/grid.py", line 356, in __init__
    return func(*args, **kwargs)
  File "/glade/scratch/mpotts/intel_18.0.5_intelmpi_O_release_8.2.0/src/addon/ESMPy/src/ESMF/api/grid.py", line 356, in __init__
    coordNames=coord_names)
  File "/glade/scratch/mpotts/intel_18.0.5_intelmpi_O_release_8.2.0/src/addon/ESMPy/src/ESMF/util/decorators.py", line 93, in new_func
    return func(*args, **kwargs)
  File "/glade/scratch/mpotts/intel_18.0.5_intelmpi_O_release_8.2.0/src/addon/ESMPy/src/ESMF/interface/cbindings.py", line 720, in ESMP_GridCreateFromFile
    coordNames=coord_names)
    coordNames=coord_names)
  File "/glade/scratch/mpotts/intel_18.0.5_intelmpi_O_release_8.2.0/src/addon/ESMPy/src/ESMF/util/decorators.py", line 93, in new_func
  File "/glade/scratch/mpotts/intel_18.0.5_intelmpi_O_release_8.2.0/src/addon/ESMPy/src/ESMF/util/decorators.py", line 93, in new_func
    return func(*args, **kwargs)
    return func(*args, **kwargs)
  File "/glade/scratch/mpotts/intel_18.0.5_intelmpi_O_release_8.2.0/src/addon/ESMPy/src/ESMF/interface/cbindings.py", line 720, in ESMP_GridCreateFromFile
  File "/glade/scratch/mpotts/intel_18.0.5_intelmpi_O_release_8.2.0/src/addon/ESMPy/src/ESMF/interface/cbindings.py", line 720, in ESMP_GridCreateFromFile
    raise NameError('ESMC_GridCreateFromFile() failed with rc = '+str(rc))
NameError: ESMC_GridCreateFromFile() failed with rc = 7
    raise NameError('ESMC_GridCreateFromFile() failed with rc = '+str(rc))
    raise NameError('ESMC_GridCreateFromFile() failed with rc = '+str(rc))
NameError: ESMC_GridCreateFromFile() failed with rc = 7
NameError: ESMC_GridCreateFromFile() failed with rc = 7
NetCDF Error: src/ESMF/test/regrid_from_file/data/T42_grid.nc : No such file or directory
NetCDF Error: src/ESMF/test/regrid_from_file/data/T42_grid.nc : No such file or directory

***NOTE*** The log files must be deleted in this test case, they are printed below for future reference


***NOTE*** The log files must be deleted in this test case, they are printed below for future reference


***NOTE*** The log files must be deleted in this test case, they are printed below for future reference

Regridding ERROR:

Traceback (most recent call last):
  File "src/ESMF/test/regrid_from_file/regrid_check_driver.py", line 63, in <module>
    options, itrp_mean_err, itrp_max_err, csrv_err)
  File "/glade/scratch/mpotts/intel_18.0.5_intelmpi_O_release_8.2.0/src/addon/ESMPy/src/ESMF/test/regrid_from_file/regrid_check.py", line 222, in regrid_check
    missingvalue=src_missingvalue)
  File "/glade/scratch/mpotts/intel_18.0.5_intelmpi_O_release_8.2.0/src/addon/ESMPy/src/ESMF/test/regrid_from_file/regrid_check.py", line 56, in create_grid_or_mesh_from_file
    varname=missingvalue)
  File "/glade/scratch/mpotts/intel_18.0.5_intelmpi_O_release_8.2.0/src/addon/ESMPy/src/ESMF/util/decorators.py", line 81, in new_func
    return func(*args, **kwargs)
  File "/glade/scratch/mpotts/intel_18.0.5_intelmpi_O_release_8.2.0/src/addon/ESMPy/src/ESMF/api/grid.py", line 356, in __init__
    coordNames=coord_names)
  File "/glade/scratch/mpotts/intel_18.0.5_intelmpi_O_release_8.2.0/src/addon/ESMPy/src/ESMF/util/decorators.py", line 93, in new_func
    return func(*args, **kwargs)
  File "/glade/scratch/mpotts/intel_18.0.5_intelmpi_O_release_8.2.0/src/addon/ESMPy/src/ESMF/interface/cbindings.py", line 720, in ESMP_GridCreateFromFile
    raise NameError('ESMC_GridCreateFromFile() failed with rc = '+str(rc))
NameError: ESMC_GridCreateFromFile() failed with rc = -1

***NOTE*** The log files must be deleted in this test case, they are printed below for future reference


PET: 1 - Regrid ll2.5deg_grid.nc to T42_grid.nc as bilinear with -p none itrp_mean_err=0.001000, itrp_max_err=0.010000, and csrv_err=0.000000 - FINISH

RESULT: FAIL


Running 2 of 11 regrid_from_file test cases...

Regrid T42_grid.nc to ll2.5deg_grid.nc as patch with -p none -i itrp_mean_err=0.001000, itrp_max_err=0.010000, and csrv_err=0.000000 - START


PET: 0 - Regrid T42_grid.nc to ll2.5deg_grid.nc as patch with -p none -i itrp_mean_err=0.001000, itrp_max_err=0.010000, and csrv_err=0.000000 - FINISH

RESULT: FAIL


Running 3 of 11 regrid_from_file test cases...

Regrid ll1deg_grid.nc to ll2.5deg_grid.nc as conserve with --dst_type SCRIP itrp_mean_err=0.001000, itrp_max_err=0.001000, and csrv_err=0.000000 - START


PET: 3 - Regrid ll2.5deg_grid.nc to T42_grid.nc as bilinear with -p none itrp_mean_err=0.001000, itrp_max_err=0.010000, and csrv_err=0.000000 - FINISH

RESULT: FAIL


Running 2 of 11 regrid_from_file test cases...

Regrid T42_grid.nc to ll2.5deg_grid.nc as patch with -p none -i itrp_mean_err=0.001000, itrp_max_err=0.010000, and csrv_err=0.000000 - START


PET: 2 - Regrid ll2.5deg_grid.nc to T42_grid.nc as bilinear with -p none itrp_mean_err=0.001000, itrp_max_err=0.010000, and csrv_err=0.000000 - FINISH

RESULT: FAIL


Running 2 of 11 regrid_from_file test cases...

Regrid T42_grid.nc to ll2.5deg_grid.nc as patch with -p none -i itrp_mean_err=0.001000, itrp_max_err=0.010000, and csrv_err=0.000000 - START

NetCDF Error: src/ESMF/test/regrid_from_file/data/T42_grid.nc : No such file or directory
NetCDF Error: src/ESMF/test/regrid_from_file/data/T42_grid.nc : No such file or directory
NetCDF Error: src/ESMF/test/regrid_from_file/data/T42_grid.nc : No such file or directory
NetCDF Error: src/ESMF/test/regrid_from_file/data/ll1deg_grid.nc : No such file or directory
NetCDF Error: src/ESMF/test/regrid_from_file/data/ll1deg_grid.nc : No such file or directory
Regridding ERROR:

Traceback (most recent call last):
  File "src/ESMF/test/regrid_from_file/regrid_check_driver.py", line 63, in <module>
    options, itrp_mean_err, itrp_max_err, csrv_err)
  File "/glade/scratch/mpotts/intel_18.0.5_intelmpi_O_release_8.2.0/src/addon/ESMPy/src/ESMF/test/regrid_from_file/regrid_check.py", line 222, in regrid_check
    missingvalue=src_missingvalue)
  File "/glade/scratch/mpotts/intel_18.0.5_intelmpi_O_release_8.2.0/src/addon/ESMPy/src/ESMF/test/regrid_from_file/regrid_check.py", line 56, in create_grid_or_mesh_from_file
    varname=missingvalue)
  File "/glade/scratch/mpotts/intel_18.0.5_intelmpi_O_release_8.2.0/src/addon/ESMPy/src/ESMF/util/decorators.py", line 81, in new_func
    return func(*args, **kwargs)
  File "/glade/scratch/mpotts/intel_18.0.5_intelmpi_O_release_8.2.0/src/addon/ESMPy/src/ESMF/api/grid.py", line 356, in __init__
    coordNames=coord_names)
  File "/glade/scratch/mpotts/intel_18.0.5_intelmpi_O_release_8.2.0/src/addon/ESMPy/src/ESMF/util/decorators.py", line 93, in new_func
    return func(*args, **kwargs)
  File "/glade/scratch/mpotts/intel_18.0.5_intelmpi_O_release_8.2.0/src/addon/ESMPy/src/ESMF/interface/cbindings.py", line 720, in ESMP_GridCreateFromFile
    raise NameError('ESMC_GridCreateFromFile() failed with rc = '+str(rc))
NameError: ESMC_GridCreateFromFile() failed with rc = -1

***NOTE*** The log files must be deleted in this test case, they are printed below for future reference


PET: 0 - Regrid ll1deg_grid.nc to ll2.5deg_grid.nc as conserve with --dst_type SCRIP itrp_mean_err=0.001000, itrp_max_err=0.001000, and csrv_err=0.000000 - FINISH

RESULT: FAIL


Running 4 of 11 regrid_from_file test cases...

Regrid T42_grid.nc to T42_grid.nc as neareststod with -i itrp_mean_err=0.000000, itrp_max_err=0.000000, and csrv_err=0.000000 - START

Regridding ERROR:

Regridding ERROR:

Traceback (most recent call last):
Regridding ERROR:

Traceback (most recent call last):
Traceback (most recent call last):
  File "src/ESMF/test/regrid_from_file/regrid_check_driver.py", line 63, in <module>
  File "src/ESMF/test/regrid_from_file/regrid_check_driver.py", line 63, in <module>
  File "src/ESMF/test/regrid_from_file/regrid_check_driver.py", line 63, in <module>
    options, itrp_mean_err, itrp_max_err, csrv_err)
    options, itrp_mean_err, itrp_max_err, csrv_err)
  File "/glade/scratch/mpotts/intel_18.0.5_intelmpi_O_release_8.2.0/src/addon/ESMPy/src/ESMF/test/regrid_from_file/regrid_check.py", line 222, in regrid_check
    options, itrp_mean_err, itrp_max_err, csrv_err)
  File "/glade/scratch/mpotts/intel_18.0.5_intelmpi_O_release_8.2.0/src/addon/ESMPy/src/ESMF/test/regrid_from_file/regrid_check.py", line 222, in regrid_check
  File "/glade/scratch/mpotts/intel_18.0.5_intelmpi_O_release_8.2.0/src/addon/ESMPy/src/ESMF/test/regrid_from_file/regrid_check.py", line 222, in regrid_check
    missingvalue=src_missingvalue)
  File "/glade/scratch/mpotts/intel_18.0.5_intelmpi_O_release_8.2.0/src/addon/ESMPy/src/ESMF/test/regrid_from_file/regrid_check.py", line 56, in create_grid_or_mesh_from_file
    missingvalue=src_missingvalue)
  File "/glade/scratch/mpotts/intel_18.0.5_intelmpi_O_release_8.2.0/src/addon/ESMPy/src/ESMF/test/regrid_from_file/regrid_check.py", line 56, in create_grid_or_mesh_from_file
    missingvalue=src_missingvalue)
  File "/glade/scratch/mpotts/intel_18.0.5_intelmpi_O_release_8.2.0/src/addon/ESMPy/src/ESMF/test/regrid_from_file/regrid_check.py", line 56, in create_grid_or_mesh_from_file
    varname=missingvalue)
    varname=missingvalue)
  File "/glade/scratch/mpotts/intel_18.0.5_intelmpi_O_release_8.2.0/src/addon/ESMPy/src/ESMF/util/decorators.py", line 81, in new_func
    varname=missingvalue)
  File "/glade/scratch/mpotts/intel_18.0.5_intelmpi_O_release_8.2.0/src/addon/ESMPy/src/ESMF/util/decorators.py", line 81, in new_func
  File "/glade/scratch/mpotts/intel_18.0.5_intelmpi_O_release_8.2.0/src/addon/ESMPy/src/ESMF/util/decorators.py", line 81, in new_func
    return func(*args, **kwargs)
    return func(*args, **kwargs)
  File "/glade/scratch/mpotts/intel_18.0.5_intelmpi_O_release_8.2.0/src/addon/ESMPy/src/ESMF/api/grid.py", line 356, in __init__
  File "/glade/scratch/mpotts/intel_18.0.5_intelmpi_O_release_8.2.0/src/addon/ESMPy/src/ESMF/api/grid.py", line 356, in __init__
    return func(*args, **kwargs)
  File "/glade/scratch/mpotts/intel_18.0.5_intelmpi_O_release_8.2.0/src/addon/ESMPy/src/ESMF/api/grid.py", line 356, in __init__
    coordNames=coord_names)
  File "/glade/scratch/mpotts/intel_18.0.5_intelmpi_O_release_8.2.0/src/addon/ESMPy/src/ESMF/util/decorators.py", line 93, in new_func
    coordNames=coord_names)
  File "/glade/scratch/mpotts/intel_18.0.5_intelmpi_O_release_8.2.0/src/addon/ESMPy/src/ESMF/util/decorators.py", line 93, in new_func
    coordNames=coord_names)
  File "/glade/scratch/mpotts/intel_18.0.5_intelmpi_O_release_8.2.0/src/addon/ESMPy/src/ESMF/util/decorators.py", line 93, in new_func
    return func(*args, **kwargs)
  File "/glade/scratch/mpotts/intel_18.0.5_intelmpi_O_release_8.2.0/src/addon/ESMPy/src/ESMF/interface/cbindings.py", line 720, in ESMP_GridCreateFromFile
    return func(*args, **kwargs)
  File "/glade/scratch/mpotts/intel_18.0.5_intelmpi_O_release_8.2.0/src/addon/ESMPy/src/ESMF/interface/cbindings.py", line 720, in ESMP_GridCreateFromFile
    return func(*args, **kwargs)
  File "/glade/scratch/mpotts/intel_18.0.5_intelmpi_O_release_8.2.0/src/addon/ESMPy/src/ESMF/interface/cbindings.py", line 720, in ESMP_GridCreateFromFile
    raise NameError('ESMC_GridCreateFromFile() failed with rc = '+str(rc))
    raise NameError('ESMC_GridCreateFromFile() failed with rc = '+str(rc))
NameError: ESMC_GridCreateFromFile() failed with rc = 7
    raise NameError('ESMC_GridCreateFromFile() failed with rc = '+str(rc))
NameError: ESMC_GridCreateFromFile() failed with rc = 7
NameError: ESMC_GridCreateFromFile() failed with rc = 7
NetCDF Error: src/ESMF/test/regrid_from_file/data/T42_grid.nc : No such file or directory
NetCDF Error: src/ESMF/test/regrid_from_file/data/T42_grid.nc : No such file or directory

***NOTE*** The log files must be deleted in this test case, they are printed below for future reference


***NOTE*** The log files must be deleted in this test case, they are printed below for future reference


***NOTE*** The log files must be deleted in this test case, they are printed below for future reference

Regridding ERROR:

Traceback (most recent call last):
  File "src/ESMF/test/regrid_from_file/regrid_check_driver.py", line 63, in <module>
    options, itrp_mean_err, itrp_max_err, csrv_err)
  File "/glade/scratch/mpotts/intel_18.0.5_intelmpi_O_release_8.2.0/src/addon/ESMPy/src/ESMF/test/regrid_from_file/regrid_check.py", line 222, in regrid_check
    missingvalue=src_missingvalue)
  File "/glade/scratch/mpotts/intel_18.0.5_intelmpi_O_release_8.2.0/src/addon/ESMPy/src/ESMF/test/regrid_from_file/regrid_check.py", line 56, in create_grid_or_mesh_from_file
    varname=missingvalue)
  File "/glade/scratch/mpotts/intel_18.0.5_intelmpi_O_release_8.2.0/src/addon/ESMPy/src/ESMF/util/decorators.py", line 81, in new_func
    return func(*args, **kwargs)
  File "/glade/scratch/mpotts/intel_18.0.5_intelmpi_O_release_8.2.0/src/addon/ESMPy/src/ESMF/api/grid.py", line 356, in __init__
    coordNames=coord_names)
  File "/glade/scratch/mpotts/intel_18.0.5_intelmpi_O_release_8.2.0/src/addon/ESMPy/src/ESMF/util/decorators.py", line 93, in new_func
    return func(*args, **kwargs)
  File "/glade/scratch/mpotts/intel_18.0.5_intelmpi_O_release_8.2.0/src/addon/ESMPy/src/ESMF/interface/cbindings.py", line 720, in ESMP_GridCreateFromFile
    raise NameError('ESMC_GridCreateFromFile() failed with rc = '+str(rc))
NameError: ESMC_GridCreateFromFile() failed with rc = -1

***NOTE*** The log files must be deleted in this test case, they are printed below for future reference


PET: 1 - Regrid T42_grid.nc to ll2.5deg_grid.nc as patch with -p none -i itrp_mean_err=0.001000, itrp_max_err=0.010000, and csrv_err=0.000000 - FINISH

RESULT: FAIL


Running 3 of 11 regrid_from_file test cases...

Regrid ll1deg_grid.nc to ll2.5deg_grid.nc as conserve with --dst_type SCRIP itrp_mean_err=0.001000, itrp_max_err=0.001000, and csrv_err=0.000000 - START


PET: 2 - Regrid T42_grid.nc to ll2.5deg_grid.nc as patch with -p none -i itrp_mean_err=0.001000, itrp_max_err=0.010000, and csrv_err=0.000000 - FINISH

RESULT: FAIL


Running 3 of 11 regrid_from_file test cases...

Regrid ll1deg_grid.nc to ll2.5deg_grid.nc as conserve with --dst_type SCRIP itrp_mean_err=0.001000, itrp_max_err=0.001000, and csrv_err=0.000000 - START


PET: 3 - Regrid T42_grid.nc to ll2.5deg_grid.nc as patch with -p none -i itrp_mean_err=0.001000, itrp_max_err=0.010000, and csrv_err=0.000000 - FINISH

RESULT: FAIL


Running 3 of 11 regrid_from_file test cases...

Regrid ll1deg_grid.nc to ll2.5deg_grid.nc as conserve with --dst_type SCRIP itrp_mean_err=0.001000, itrp_max_err=0.001000, and csrv_err=0.000000 - START


PET: 0 - Regrid T42_grid.nc to T42_grid.nc as neareststod with -i itrp_mean_err=0.000000, itrp_max_err=0.000000, and csrv_err=0.000000 - FINISH

RESULT: FAIL


Running 5 of 11 regrid_from_file test cases...

Regrid T42_grid.nc to T42_grid.nc as nearestdtos with -i itrp_mean_err=0.000000, itrp_max_err=0.000000, and csrv_err=0.000000 - START

NetCDF Error: src/ESMF/test/regrid_from_file/data/ll1deg_grid.nc : No such file or directory
NetCDF Error: src/ESMF/test/regrid_from_file/data/ll1deg_grid.nc : No such file or directory
NetCDF Error: src/ESMF/test/regrid_from_file/data/ll1deg_grid.nc : No such file or directory
NetCDF Error: src/ESMF/test/regrid_from_file/data/T42_grid.nc : No such file or directory
NetCDF Error: src/ESMF/test/regrid_from_file/data/T42_grid.nc : No such file or directory
Regridding ERROR:

Traceback (most recent call last):
  File "src/ESMF/test/regrid_from_file/regrid_check_driver.py", line 63, in <module>
    options, itrp_mean_err, itrp_max_err, csrv_err)
  File "/glade/scratch/mpotts/intel_18.0.5_intelmpi_O_release_8.2.0/src/addon/ESMPy/src/ESMF/test/regrid_from_file/regrid_check.py", line 222, in regrid_check
    missingvalue=src_missingvalue)
  File "/glade/scratch/mpotts/intel_18.0.5_intelmpi_O_release_8.2.0/src/addon/ESMPy/src/ESMF/test/regrid_from_file/regrid_check.py", line 56, in create_grid_or_mesh_from_file
    varname=missingvalue)
  File "/glade/scratch/mpotts/intel_18.0.5_intelmpi_O_release_8.2.0/src/addon/ESMPy/src/ESMF/util/decorators.py", line 81, in new_func
    return func(*args, **kwargs)
  File "/glade/scratch/mpotts/intel_18.0.5_intelmpi_O_release_8.2.0/src/addon/ESMPy/src/ESMF/api/grid.py", line 356, in __init__
    coordNames=coord_names)
  File "/glade/scratch/mpotts/intel_18.0.5_intelmpi_O_release_8.2.0/src/addon/ESMPy/src/ESMF/util/decorators.py", line 93, in new_func
    return func(*args, **kwargs)
  File "/glade/scratch/mpotts/intel_18.0.5_intelmpi_O_release_8.2.0/src/addon/ESMPy/src/ESMF/interface/cbindings.py", line 720, in ESMP_GridCreateFromFile
    raise NameError('ESMC_GridCreateFromFile() failed with rc = '+str(rc))
NameError: ESMC_GridCreateFromFile() failed with rc = -1

***NOTE*** The log files must be deleted in this test case, they are printed below for future reference


PET: 0 - Regrid T42_grid.nc to T42_grid.nc as nearestdtos with -i itrp_mean_err=0.000000, itrp_max_err=0.000000, and csrv_err=0.000000 - FINISH

RESULT: FAIL


Running 6 of 11 regrid_from_file test cases...

Regrid wr50a_090614.nc to wr50a_090614.nc as neareststod with --src_regional --dst_regional itrp_mean_err=0.000000, itrp_max_err=0.000000, and csrv_err=0.000000 - START

NetCDF Error: src/ESMF/test/regrid_from_file/data/wr50a_090614.nc : No such file or directory
NetCDF Error: src/ESMF/test/regrid_from_file/data/wr50a_090614.nc : No such file or directory
Regridding ERROR:

Traceback (most recent call last):
  File "src/ESMF/test/regrid_from_file/regrid_check_driver.py", line 63, in <module>
    options, itrp_mean_err, itrp_max_err, csrv_err)
  File "/glade/scratch/mpotts/intel_18.0.5_intelmpi_O_release_8.2.0/src/addon/ESMPy/src/ESMF/test/regrid_from_file/regrid_check.py", line 222, in regrid_check
    missingvalue=src_missingvalue)
  File "/glade/scratch/mpotts/intel_18.0.5_intelmpi_O_release_8.2.0/src/addon/ESMPy/src/ESMF/test/regrid_from_file/regrid_check.py", line 56, in create_grid_or_mesh_from_file
    varname=missingvalue)
  File "/glade/scratch/mpotts/intel_18.0.5_intelmpi_O_release_8.2.0/src/addon/ESMPy/src/ESMF/util/decorators.py", line 81, in new_func
    return func(*args, **kwargs)
  File "/glade/scratch/mpotts/intel_18.0.5_intelmpi_O_release_8.2.0/src/addon/ESMPy/src/ESMF/api/grid.py", line 356, in __init__
Regridding ERROR:

    coordNames=coord_names)
  File "/glade/scratch/mpotts/intel_18.0.5_intelmpi_O_release_8.2.0/src/addon/ESMPy/src/ESMF/util/decorators.py", line 93, in new_func
Traceback (most recent call last):
Regridding ERROR:

Regridding ERROR:

  File "src/ESMF/test/regrid_from_file/regrid_check_driver.py", line 63, in <module>
Traceback (most recent call last):
Traceback (most recent call last):
    return func(*args, **kwargs)
  File "/glade/scratch/mpotts/intel_18.0.5_intelmpi_O_release_8.2.0/src/addon/ESMPy/src/ESMF/interface/cbindings.py", line 720, in ESMP_GridCreateFromFile
  File "src/ESMF/test/regrid_from_file/regrid_check_driver.py", line 63, in <module>
  File "src/ESMF/test/regrid_from_file/regrid_check_driver.py", line 63, in <module>
    raise NameError('ESMC_GridCreateFromFile() failed with rc = '+str(rc))
    options, itrp_mean_err, itrp_max_err, csrv_err)
  File "/glade/scratch/mpotts/intel_18.0.5_intelmpi_O_release_8.2.0/src/addon/ESMPy/src/ESMF/test/regrid_from_file/regrid_check.py", line 222, in regrid_check
NameError: ESMC_GridCreateFromFile() failed with rc = -1
    missingvalue=src_missingvalue)
  File "/glade/scratch/mpotts/intel_18.0.5_intelmpi_O_release_8.2.0/src/addon/ESMPy/src/ESMF/test/regrid_from_file/regrid_check.py", line 56, in create_grid_or_mesh_from_file
    options, itrp_mean_err, itrp_max_err, csrv_err)
  File "/glade/scratch/mpotts/intel_18.0.5_intelmpi_O_release_8.2.0/src/addon/ESMPy/src/ESMF/test/regrid_from_file/regrid_check.py", line 222, in regrid_check
    options, itrp_mean_err, itrp_max_err, csrv_err)
  File "/glade/scratch/mpotts/intel_18.0.5_intelmpi_O_release_8.2.0/src/addon/ESMPy/src/ESMF/test/regrid_from_file/regrid_check.py", line 222, in regrid_check
    varname=missingvalue)
  File "/glade/scratch/mpotts/intel_18.0.5_intelmpi_O_release_8.2.0/src/addon/ESMPy/src/ESMF/util/decorators.py", line 81, in new_func
    return func(*args, **kwargs)
  File "/glade/scratch/mpotts/intel_18.0.5_intelmpi_O_release_8.2.0/src/addon/ESMPy/src/ESMF/api/grid.py", line 356, in __init__
    missingvalue=src_missingvalue)
  File "/glade/scratch/mpotts/intel_18.0.5_intelmpi_O_release_8.2.0/src/addon/ESMPy/src/ESMF/test/regrid_from_file/regrid_check.py", line 56, in create_grid_or_mesh_from_file
    missingvalue=src_missingvalue)
  File "/glade/scratch/mpotts/intel_18.0.5_intelmpi_O_release_8.2.0/src/addon/ESMPy/src/ESMF/test/regrid_from_file/regrid_check.py", line 56, in create_grid_or_mesh_from_file
    coordNames=coord_names)
  File "/glade/scratch/mpotts/intel_18.0.5_intelmpi_O_release_8.2.0/src/addon/ESMPy/src/ESMF/util/decorators.py", line 93, in new_func
    varname=missingvalue)
  File "/glade/scratch/mpotts/intel_18.0.5_intelmpi_O_release_8.2.0/src/addon/ESMPy/src/ESMF/util/decorators.py", line 81, in new_func
    varname=missingvalue)
  File "/glade/scratch/mpotts/intel_18.0.5_intelmpi_O_release_8.2.0/src/addon/ESMPy/src/ESMF/util/decorators.py", line 81, in new_func
    return func(*args, **kwargs)
  File "/glade/scratch/mpotts/intel_18.0.5_intelmpi_O_release_8.2.0/src/addon/ESMPy/src/ESMF/interface/cbindings.py", line 720, in ESMP_GridCreateFromFile
    raise NameError('ESMC_GridCreateFromFile() failed with rc = '+str(rc))
    return func(*args, **kwargs)
  File "/glade/scratch/mpotts/intel_18.0.5_intelmpi_O_release_8.2.0/src/addon/ESMPy/src/ESMF/api/grid.py", line 356, in __init__
    return func(*args, **kwargs)
  File "/glade/scratch/mpotts/intel_18.0.5_intelmpi_O_release_8.2.0/src/addon/ESMPy/src/ESMF/api/grid.py", line 356, in __init__
NameError: ESMC_GridCreateFromFile() failed with rc = 7
    coordNames=coord_names)
  File "/glade/scratch/mpotts/intel_18.0.5_intelmpi_O_release_8.2.0/src/addon/ESMPy/src/ESMF/util/decorators.py", line 93, in new_func
    coordNames=coord_names)
  File "/glade/scratch/mpotts/intel_18.0.5_intelmpi_O_release_8.2.0/src/addon/ESMPy/src/ESMF/util/decorators.py", line 93, in new_func
    return func(*args, **kwargs)
    return func(*args, **kwargs)
  File "/glade/scratch/mpotts/intel_18.0.5_intelmpi_O_release_8.2.0/src/addon/ESMPy/src/ESMF/interface/cbindings.py", line 720, in ESMP_GridCreateFromFile
  File "/glade/scratch/mpotts/intel_18.0.5_intelmpi_O_release_8.2.0/src/addon/ESMPy/src/ESMF/interface/cbindings.py", line 720, in ESMP_GridCreateFromFile
    raise NameError('ESMC_GridCreateFromFile() failed with rc = '+str(rc))
    raise NameError('ESMC_GridCreateFromFile() failed with rc = '+str(rc))
NameError: ESMC_GridCreateFromFile() failed with rc = 7
NameError: ESMC_GridCreateFromFile() failed with rc = 7

***NOTE*** The log files must be deleted in this test case, they are printed below for future reference


***NOTE*** The log files must be deleted in this test case, they are printed below for future reference


***NOTE*** The log files must be deleted in this test case, they are printed below for future reference


***NOTE*** The log files must be deleted in this test case, they are printed below for future reference


PET: 1 - Regrid ll1deg_grid.nc to ll2.5deg_grid.nc as conserve with --dst_type SCRIP itrp_mean_err=0.001000, itrp_max_err=0.001000, and csrv_err=0.000000 - FINISH

RESULT: FAIL


Running 4 of 11 regrid_from_file test cases...

Regrid T42_grid.nc to T42_grid.nc as neareststod with -i itrp_mean_err=0.000000, itrp_max_err=0.000000, and csrv_err=0.000000 - START


PET: 0 - Regrid wr50a_090614.nc to wr50a_090614.nc as neareststod with --src_regional --dst_regional itrp_mean_err=0.000000, itrp_max_err=0.000000, and csrv_err=0.000000 - FINISH

RESULT: FAIL


Running 7 of 11 regrid_from_file test cases...

Regrid mpas_uniform_10242.nc to mpas_uniform_10242.nc as neareststod with --src_type ESMF --dst_type ESMF itrp_mean_err=0.000000, itrp_max_err=0.000000, and csrv_err=0.000000 - START


PET: 2 - Regrid ll1deg_grid.nc to ll2.5deg_grid.nc as conserve with --dst_type SCRIP itrp_mean_err=0.001000, itrp_max_err=0.001000, and csrv_err=0.000000 - FINISH

RESULT: FAIL


Running 4 of 11 regrid_from_file test cases...

Regrid T42_grid.nc to T42_grid.nc as neareststod with -i itrp_mean_err=0.000000, itrp_max_err=0.000000, and csrv_err=0.000000 - START


PET: 3 - Regrid ll1deg_grid.nc to ll2.5deg_grid.nc as conserve with --dst_type SCRIP itrp_mean_err=0.001000, itrp_max_err=0.001000, and csrv_err=0.000000 - FINISH

RESULT: FAIL


Running 4 of 11 regrid_from_file test cases...

Regrid T42_grid.nc to T42_grid.nc as neareststod with -i itrp_mean_err=0.000000, itrp_max_err=0.000000, and csrv_err=0.000000 - START

NetCDF Error: src/ESMF/test/regrid_from_file/data/T42_grid.nc : No such file or directory
NetCDF Error: src/ESMF/test/regrid_from_file/data/T42_grid.nc : No such file or directory
NetCDF Error: src/ESMF/test/regrid_from_file/data/T42_grid.nc : No such file or directory
NetCDF Error: src/ESMF/test/regrid_from_file/data/mpas_uniform_10242.nc : No such file or directory
Regridding ERROR:

Traceback (most recent call last):
  File "src/ESMF/test/regrid_from_file/regrid_check_driver.py", line 63, in <module>
    options, itrp_mean_err, itrp_max_err, csrv_err)
  File "/glade/scratch/mpotts/intel_18.0.5_intelmpi_O_release_8.2.0/src/addon/ESMPy/src/ESMF/test/regrid_from_file/regrid_check.py", line 222, in regrid_check
    missingvalue=src_missingvalue)
  File "/glade/scratch/mpotts/intel_18.0.5_intelmpi_O_release_8.2.0/src/addon/ESMPy/src/ESMF/test/regrid_from_file/regrid_check.py", line 48, in create_grid_or_mesh_from_file
    convert_to_dual=convert_to_dual)
  File "/glade/scratch/mpotts/intel_18.0.5_intelmpi_O_release_8.2.0/src/addon/ESMPy/src/ESMF/util/decorators.py", line 81, in new_func
    return func(*args, **kwargs)
  File "/glade/scratch/mpotts/intel_18.0.5_intelmpi_O_release_8.2.0/src/addon/ESMPy/src/ESMF/api/mesh.py", line 201, in __init__
    mask_flag, varname)
  File "/glade/scratch/mpotts/intel_18.0.5_intelmpi_O_release_8.2.0/src/addon/ESMPy/src/ESMF/util/decorators.py", line 93, in new_func
    return func(*args, **kwargs)
  File "/glade/scratch/mpotts/intel_18.0.5_intelmpi_O_release_8.2.0/src/addon/ESMPy/src/ESMF/interface/cbindings.py", line 1221, in ESMP_MeshCreateFromFile
    '.    '+constants._errmsg)
ValueError: ESMC_MeshCreateFromFile() failed with rc = -1.    Please check the log files (named "*ESMF_LogFile").

***NOTE*** The log files must be deleted in this test case, they are printed below for future reference


PET: 0 - Regrid mpas_uniform_10242.nc to mpas_uniform_10242.nc as neareststod with --src_type ESMF --dst_type ESMF itrp_mean_err=0.000000, itrp_max_err=0.000000, and csrv_err=0.000000 - FINISH

RESULT: FAIL


Running 8 of 11 regrid_from_file test cases...

Regrid mpas_uniform_10242_dual.nc to ne60np4_pentagons_100408.nc as conserve with --src_type ESMF itrp_mean_err=0.010000, itrp_max_err=0.100000, and csrv_err=0.000000 - START

NetCDF Error: src/ESMF/test/regrid_from_file/data/mpas_uniform_10242_dual.nc : No such file or directory
Regridding ERROR:

Traceback (most recent call last):
  File "src/ESMF/test/regrid_from_file/regrid_check_driver.py", line 63, in <module>
    options, itrp_mean_err, itrp_max_err, csrv_err)
  File "/glade/scratch/mpotts/intel_18.0.5_intelmpi_O_release_8.2.0/src/addon/ESMPy/src/ESMF/test/regrid_from_file/regrid_check.py", line 222, in regrid_check
    missingvalue=src_missingvalue)
  File "/glade/scratch/mpotts/intel_18.0.5_intelmpi_O_release_8.2.0/src/addon/ESMPy/src/ESMF/test/regrid_from_file/regrid_check.py", line 48, in create_grid_or_mesh_from_file
    convert_to_dual=convert_to_dual)
  File "/glade/scratch/mpotts/intel_18.0.5_intelmpi_O_release_8.2.0/src/addon/ESMPy/src/ESMF/util/decorators.py", line 81, in new_func
    return func(*args, **kwargs)
  File "/glade/scratch/mpotts/intel_18.0.5_intelmpi_O_release_8.2.0/src/addon/ESMPy/src/ESMF/api/mesh.py", line 201, in __init__
    mask_flag, varname)
  File "/glade/scratch/mpotts/intel_18.0.5_intelmpi_O_release_8.2.0/src/addon/ESMPy/src/ESMF/util/decorators.py", line 93, in new_func
    return func(*args, **kwargs)
  File "/glade/scratch/mpotts/intel_18.0.5_intelmpi_O_release_8.2.0/src/addon/ESMPy/src/ESMF/interface/cbindings.py", line 1221, in ESMP_MeshCreateFromFile
    '.    '+constants._errmsg)
ValueError: ESMC_MeshCreateFromFile() failed with rc = -1.    Please check the log files (named "*ESMF_LogFile").
Regridding ERROR:

Regridding ERROR:

Regridding ERROR:

Traceback (most recent call last):
  File "src/ESMF/test/regrid_from_file/regrid_check_driver.py", line 63, in <module>
Traceback (most recent call last):
  File "src/ESMF/test/regrid_from_file/regrid_check_driver.py", line 63, in <module>
Traceback (most recent call last):
  File "src/ESMF/test/regrid_from_file/regrid_check_driver.py", line 63, in <module>
    options, itrp_mean_err, itrp_max_err, csrv_err)
  File "/glade/scratch/mpotts/intel_18.0.5_intelmpi_O_release_8.2.0/src/addon/ESMPy/src/ESMF/test/regrid_from_file/regrid_check.py", line 222, in regrid_check
    missingvalue=src_missingvalue)
  File "/glade/scratch/mpotts/intel_18.0.5_intelmpi_O_release_8.2.0/src/addon/ESMPy/src/ESMF/test/regrid_from_file/regrid_check.py", line 56, in create_grid_or_mesh_from_file
    options, itrp_mean_err, itrp_max_err, csrv_err)
  File "/glade/scratch/mpotts/intel_18.0.5_intelmpi_O_release_8.2.0/src/addon/ESMPy/src/ESMF/test/regrid_from_file/regrid_check.py", line 222, in regrid_check
    options, itrp_mean_err, itrp_max_err, csrv_err)
  File "/glade/scratch/mpotts/intel_18.0.5_intelmpi_O_release_8.2.0/src/addon/ESMPy/src/ESMF/test/regrid_from_file/regrid_check.py", line 222, in regrid_check
    varname=missingvalue)
  File "/glade/scratch/mpotts/intel_18.0.5_intelmpi_O_release_8.2.0/src/addon/ESMPy/src/ESMF/util/decorators.py", line 81, in new_func

***NOTE*** The log files must be deleted in this test case, they are printed below for future reference

    missingvalue=src_missingvalue)
  File "/glade/scratch/mpotts/intel_18.0.5_intelmpi_O_release_8.2.0/src/addon/ESMPy/src/ESMF/test/regrid_from_file/regrid_check.py", line 56, in create_grid_or_mesh_from_file
    missingvalue=src_missingvalue)
  File "/glade/scratch/mpotts/intel_18.0.5_intelmpi_O_release_8.2.0/src/addon/ESMPy/src/ESMF/test/regrid_from_file/regrid_check.py", line 56, in create_grid_or_mesh_from_file
    return func(*args, **kwargs)
  File "/glade/scratch/mpotts/intel_18.0.5_intelmpi_O_release_8.2.0/src/addon/ESMPy/src/ESMF/api/grid.py", line 356, in __init__
    varname=missingvalue)
  File "/glade/scratch/mpotts/intel_18.0.5_intelmpi_O_release_8.2.0/src/addon/ESMPy/src/ESMF/util/decorators.py", line 81, in new_func
    varname=missingvalue)
  File "/glade/scratch/mpotts/intel_18.0.5_intelmpi_O_release_8.2.0/src/addon/ESMPy/src/ESMF/util/decorators.py", line 81, in new_func
    coordNames=coord_names)
  File "/glade/scratch/mpotts/intel_18.0.5_intelmpi_O_release_8.2.0/src/addon/ESMPy/src/ESMF/util/decorators.py", line 93, in new_func
    return func(*args, **kwargs)
  File "/glade/scratch/mpotts/intel_18.0.5_intelmpi_O_release_8.2.0/src/addon/ESMPy/src/ESMF/interface/cbindings.py", line 720, in ESMP_GridCreateFromFile
    return func(*args, **kwargs)
  File "/glade/scratch/mpotts/intel_18.0.5_intelmpi_O_release_8.2.0/src/addon/ESMPy/src/ESMF/api/grid.py", line 356, in __init__
    return func(*args, **kwargs)
  File "/glade/scratch/mpotts/intel_18.0.5_intelmpi_O_release_8.2.0/src/addon/ESMPy/src/ESMF/api/grid.py", line 356, in __init__
    raise NameError('ESMC_GridCreateFromFile() failed with rc = '+str(rc))
NameError: ESMC_GridCreateFromFile() failed with rc = 7
    coordNames=coord_names)
  File "/glade/scratch/mpotts/intel_18.0.5_intelmpi_O_release_8.2.0/src/addon/ESMPy/src/ESMF/util/decorators.py", line 93, in new_func
    coordNames=coord_names)
  File "/glade/scratch/mpotts/intel_18.0.5_intelmpi_O_release_8.2.0/src/addon/ESMPy/src/ESMF/util/decorators.py", line 93, in new_func
    return func(*args, **kwargs)
  File "/glade/scratch/mpotts/intel_18.0.5_intelmpi_O_release_8.2.0/src/addon/ESMPy/src/ESMF/interface/cbindings.py", line 720, in ESMP_GridCreateFromFile
    return func(*args, **kwargs)
  File "/glade/scratch/mpotts/intel_18.0.5_intelmpi_O_release_8.2.0/src/addon/ESMPy/src/ESMF/interface/cbindings.py", line 720, in ESMP_GridCreateFromFile
    raise NameError('ESMC_GridCreateFromFile() failed with rc = '+str(rc))
    raise NameError('ESMC_GridCreateFromFile() failed with rc = '+str(rc))
NameError: ESMC_GridCreateFromFile() failed with rc = 7
NameError: ESMC_GridCreateFromFile() failed with rc = 7

***NOTE*** The log files must be deleted in this test case, they are printed below for future reference


***NOTE*** The log files must be deleted in this test case, they are printed below for future reference


***NOTE*** The log files must be deleted in this test case, they are printed below for future reference


PET: 1 - Regrid T42_grid.nc to T42_grid.nc as neareststod with -i itrp_mean_err=0.000000, itrp_max_err=0.000000, and csrv_err=0.000000 - FINISH

RESULT: FAIL


Running 5 of 11 regrid_from_file test cases...

Regrid T42_grid.nc to T42_grid.nc as nearestdtos with -i itrp_mean_err=0.000000, itrp_max_err=0.000000, and csrv_err=0.000000 - START


PET: 0 - Regrid mpas_uniform_10242_dual.nc to ne60np4_pentagons_100408.nc as conserve with --src_type ESMF itrp_mean_err=0.010000, itrp_max_err=0.100000, and csrv_err=0.000000 - FINISH

RESULT: FAIL


Running 9 of 11 regrid_from_file test cases...

Regrid GRIDSPEC_ACCESS1.nc to SCRIP_1x1.nc as bilinear with -p none -i --src_type GRIDSPEC --src_missingvalue so itrp_mean_err=0.000010, itrp_max_err=0.000100, and csrv_err=0.000000 - START


PET: 2 - Regrid T42_grid.nc to T42_grid.nc as neareststod with -i itrp_mean_err=0.000000, itrp_max_err=0.000000, and csrv_err=0.000000 - FINISH

RESULT: FAIL


Running 5 of 11 regrid_from_file test cases...

Regrid T42_grid.nc to T42_grid.nc as nearestdtos with -i itrp_mean_err=0.000000, itrp_max_err=0.000000, and csrv_err=0.000000 - START


PET: 3 - Regrid T42_grid.nc to T42_grid.nc as neareststod with -i itrp_mean_err=0.000000, itrp_max_err=0.000000, and csrv_err=0.000000 - FINISH

RESULT: FAIL


Running 5 of 11 regrid_from_file test cases...

Regrid T42_grid.nc to T42_grid.nc as nearestdtos with -i itrp_mean_err=0.000000, itrp_max_err=0.000000, and csrv_err=0.000000 - START

NetCDF Error: src/ESMF/test/regrid_from_file/data/GRIDSPEC_ACCESS1.nc : No such file or directory
Regridding ERROR:

Traceback (most recent call last):
  File "src/ESMF/test/regrid_from_file/regrid_check_driver.py", line 63, in <module>
    options, itrp_mean_err, itrp_max_err, csrv_err)
  File "/glade/scratch/mpotts/intel_18.0.5_intelmpi_O_release_8.2.0/src/addon/ESMPy/src/ESMF/test/regrid_from_file/regrid_check.py", line 222, in regrid_check
    missingvalue=src_missingvalue)
  File "/glade/scratch/mpotts/intel_18.0.5_intelmpi_O_release_8.2.0/src/addon/ESMPy/src/ESMF/test/regrid_from_file/regrid_check.py", line 56, in create_grid_or_mesh_from_file
    varname=missingvalue)
  File "/glade/scratch/mpotts/intel_18.0.5_intelmpi_O_release_8.2.0/src/addon/ESMPy/src/ESMF/util/decorators.py", line 81, in new_func
    return func(*args, **kwargs)
  File "/glade/scratch/mpotts/intel_18.0.5_intelmpi_O_release_8.2.0/src/addon/ESMPy/src/ESMF/api/grid.py", line 356, in __init__
    coordNames=coord_names)
  File "/glade/scratch/mpotts/intel_18.0.5_intelmpi_O_release_8.2.0/src/addon/ESMPy/src/ESMF/util/decorators.py", line 93, in new_func
    return func(*args, **kwargs)
  File "/glade/scratch/mpotts/intel_18.0.5_intelmpi_O_release_8.2.0/src/addon/ESMPy/src/ESMF/interface/cbindings.py", line 720, in ESMP_GridCreateFromFile
    raise NameError('ESMC_GridCreateFromFile() failed with rc = '+str(rc))
NameError: ESMC_GridCreateFromFile() failed with rc = -1
NetCDF Error: src/ESMF/test/regrid_from_file/data/T42_grid.nc : No such file or directory
NetCDF Error: src/ESMF/test/regrid_from_file/data/T42_grid.nc : No such file or directory
NetCDF Error: src/ESMF/test/regrid_from_file/data/T42_grid.nc : No such file or directory

***NOTE*** The log files must be deleted in this test case, they are printed below for future reference


PET: 0 - Regrid GRIDSPEC_ACCESS1.nc to SCRIP_1x1.nc as bilinear with -p none -i --src_type GRIDSPEC --src_missingvalue so itrp_mean_err=0.000010, itrp_max_err=0.000100, and csrv_err=0.000000 - FINISH

RESULT: FAIL


Running 10 of 11 regrid_from_file test cases...

Regrid FVCOM_grid2d.nc to ll1deg_grid.nc as conserve with --src_type UGRID -r --src_meshname fvcom_mesh -i itrp_mean_err=0.001000, itrp_max_err=0.010000, and csrv_err=0.000000 - START

NetCDF Error: src/ESMF/test/regrid_from_file/data/FVCOM_grid2d.nc : No such file or directory
Regridding ERROR:

Traceback (most recent call last):
  File "src/ESMF/test/regrid_from_file/regrid_check_driver.py", line 63, in <module>
    options, itrp_mean_err, itrp_max_err, csrv_err)
  File "/glade/scratch/mpotts/intel_18.0.5_intelmpi_O_release_8.2.0/src/addon/ESMPy/src/ESMF/test/regrid_from_file/regrid_check.py", line 222, in regrid_check
    missingvalue=src_missingvalue)
  File "/glade/scratch/mpotts/intel_18.0.5_intelmpi_O_release_8.2.0/src/addon/ESMPy/src/ESMF/test/regrid_from_file/regrid_check.py", line 48, in create_grid_or_mesh_from_file
    convert_to_dual=convert_to_dual)
  File "/glade/scratch/mpotts/intel_18.0.5_intelmpi_O_release_8.2.0/src/addon/ESMPy/src/ESMF/util/decorators.py", line 81, in new_func
    return func(*args, **kwargs)
  File "/glade/scratch/mpotts/intel_18.0.5_intelmpi_O_release_8.2.0/src/addon/ESMPy/src/ESMF/api/mesh.py", line 201, in __init__
    mask_flag, varname)
  File "/glade/scratch/mpotts/intel_18.0.5_intelmpi_O_release_8.2.0/src/addon/ESMPy/src/ESMF/util/decorators.py", line 93, in new_func
    return func(*args, **kwargs)
  File "/glade/scratch/mpotts/intel_18.0.5_intelmpi_O_release_8.2.0/src/addon/ESMPy/src/ESMF/interface/cbindings.py", line 1221, in ESMP_MeshCreateFromFile
    '.    '+constants._errmsg)
ValueError: ESMC_MeshCreateFromFile() failed with rc = -1.    Please check the log files (named "*ESMF_LogFile").
Regridding ERROR:

Traceback (most recent call last):
  File "src/ESMF/test/regrid_from_file/regrid_check_driver.py", line 63, in <module>
    options, itrp_mean_err, itrp_max_err, csrv_err)
  File "/glade/scratch/mpotts/intel_18.0.5_intelmpi_O_release_8.2.0/src/addon/ESMPy/src/ESMF/test/regrid_from_file/regrid_check.py", line 222, in regrid_check
    missingvalue=src_missingvalue)
  File "/glade/scratch/mpotts/intel_18.0.5_intelmpi_O_release_8.2.0/src/addon/ESMPy/src/ESMF/test/regrid_from_file/regrid_check.py", line 56, in create_grid_or_mesh_from_file
Regridding ERROR:

    varname=missingvalue)
Traceback (most recent call last):
  File "/glade/scratch/mpotts/intel_18.0.5_intelmpi_O_release_8.2.0/src/addon/ESMPy/src/ESMF/util/decorators.py", line 81, in new_func
Regridding ERROR:

  File "src/ESMF/test/regrid_from_file/regrid_check_driver.py", line 63, in <module>
    return func(*args, **kwargs)
  File "/glade/scratch/mpotts/intel_18.0.5_intelmpi_O_release_8.2.0/src/addon/ESMPy/src/ESMF/api/grid.py", line 356, in __init__
Traceback (most recent call last):
  File "src/ESMF/test/regrid_from_file/regrid_check_driver.py", line 63, in <module>

***NOTE*** The log files must be deleted in this test case, they are printed below for future reference

    coordNames=coord_names)
  File "/glade/scratch/mpotts/intel_18.0.5_intelmpi_O_release_8.2.0/src/addon/ESMPy/src/ESMF/util/decorators.py", line 93, in new_func
    options, itrp_mean_err, itrp_max_err, csrv_err)
  File "/glade/scratch/mpotts/intel_18.0.5_intelmpi_O_release_8.2.0/src/addon/ESMPy/src/ESMF/test/regrid_from_file/regrid_check.py", line 222, in regrid_check
    return func(*args, **kwargs)
  File "/glade/scratch/mpotts/intel_18.0.5_intelmpi_O_release_8.2.0/src/addon/ESMPy/src/ESMF/interface/cbindings.py", line 720, in ESMP_GridCreateFromFile
    options, itrp_mean_err, itrp_max_err, csrv_err)
  File "/glade/scratch/mpotts/intel_18.0.5_intelmpi_O_release_8.2.0/src/addon/ESMPy/src/ESMF/test/regrid_from_file/regrid_check.py", line 222, in regrid_check
    raise NameError('ESMC_GridCreateFromFile() failed with rc = '+str(rc))
    missingvalue=src_missingvalue)
  File "/glade/scratch/mpotts/intel_18.0.5_intelmpi_O_release_8.2.0/src/addon/ESMPy/src/ESMF/test/regrid_from_file/regrid_check.py", line 56, in create_grid_or_mesh_from_file
NameError: ESMC_GridCreateFromFile() failed with rc = 7
    missingvalue=src_missingvalue)
  File "/glade/scratch/mpotts/intel_18.0.5_intelmpi_O_release_8.2.0/src/addon/ESMPy/src/ESMF/test/regrid_from_file/regrid_check.py", line 56, in create_grid_or_mesh_from_file
    varname=missingvalue)
  File "/glade/scratch/mpotts/intel_18.0.5_intelmpi_O_release_8.2.0/src/addon/ESMPy/src/ESMF/util/decorators.py", line 81, in new_func
    varname=missingvalue)
  File "/glade/scratch/mpotts/intel_18.0.5_intelmpi_O_release_8.2.0/src/addon/ESMPy/src/ESMF/util/decorators.py", line 81, in new_func
    return func(*args, **kwargs)
  File "/glade/scratch/mpotts/intel_18.0.5_intelmpi_O_release_8.2.0/src/addon/ESMPy/src/ESMF/api/grid.py", line 356, in __init__
    return func(*args, **kwargs)
  File "/glade/scratch/mpotts/intel_18.0.5_intelmpi_O_release_8.2.0/src/addon/ESMPy/src/ESMF/api/grid.py", line 356, in __init__
    coordNames=coord_names)
  File "/glade/scratch/mpotts/intel_18.0.5_intelmpi_O_release_8.2.0/src/addon/ESMPy/src/ESMF/util/decorators.py", line 93, in new_func
    coordNames=coord_names)
  File "/glade/scratch/mpotts/intel_18.0.5_intelmpi_O_release_8.2.0/src/addon/ESMPy/src/ESMF/util/decorators.py", line 93, in new_func
    return func(*args, **kwargs)
    return func(*args, **kwargs)
  File "/glade/scratch/mpotts/intel_18.0.5_intelmpi_O_release_8.2.0/src/addon/ESMPy/src/ESMF/interface/cbindings.py", line 720, in ESMP_GridCreateFromFile
  File "/glade/scratch/mpotts/intel_18.0.5_intelmpi_O_release_8.2.0/src/addon/ESMPy/src/ESMF/interface/cbindings.py", line 720, in ESMP_GridCreateFromFile
    raise NameError('ESMC_GridCreateFromFile() failed with rc = '+str(rc))
    raise NameError('ESMC_GridCreateFromFile() failed with rc = '+str(rc))
NameError: ESMC_GridCreateFromFile() failed with rc = 7
NameError: ESMC_GridCreateFromFile() failed with rc = 7

***NOTE*** The log files must be deleted in this test case, they are printed below for future reference


***NOTE*** The log files must be deleted in this test case, they are printed below for future reference


***NOTE*** The log files must be deleted in this test case, they are printed below for future reference


PET: 1 - Regrid T42_grid.nc to T42_grid.nc as nearestdtos with -i itrp_mean_err=0.000000, itrp_max_err=0.000000, and csrv_err=0.000000 - FINISH

RESULT: FAIL


Running 6 of 11 regrid_from_file test cases...

Regrid wr50a_090614.nc to wr50a_090614.nc as neareststod with --src_regional --dst_regional itrp_mean_err=0.000000, itrp_max_err=0.000000, and csrv_err=0.000000 - START


PET: 0 - Regrid FVCOM_grid2d.nc to ll1deg_grid.nc as conserve with --src_type UGRID -r --src_meshname fvcom_mesh -i itrp_mean_err=0.001000, itrp_max_err=0.010000, and csrv_err=0.000000 - FINISH

RESULT: FAIL


Running 11 of 11 regrid_from_file test cases...

Regrid ne4np4-esmf.nc to ne4np4-esmf.nc as bilinear with --src_type ESMFMESH --dst_type ESMFMESH -i itrp_mean_err=0.000000, itrp_max_err=0.000000, and csrv_err=0.000000 - START


PET: 2 - Regrid T42_grid.nc to T42_grid.nc as nearestdtos with -i itrp_mean_err=0.000000, itrp_max_err=0.000000, and csrv_err=0.000000 - FINISH

RESULT: FAIL


Running 6 of 11 regrid_from_file test cases...

Regrid wr50a_090614.nc to wr50a_090614.nc as neareststod with --src_regional --dst_regional itrp_mean_err=0.000000, itrp_max_err=0.000000, and csrv_err=0.000000 - START


PET: 3 - Regrid T42_grid.nc to T42_grid.nc as nearestdtos with -i itrp_mean_err=0.000000, itrp_max_err=0.000000, and csrv_err=0.000000 - FINISH

RESULT: FAIL


Running 6 of 11 regrid_from_file test cases...

Regrid wr50a_090614.nc to wr50a_090614.nc as neareststod with --src_regional --dst_regional itrp_mean_err=0.000000, itrp_max_err=0.000000, and csrv_err=0.000000 - START

NetCDF Error: src/ESMF/test/regrid_from_file/data/wr50a_090614.nc : No such file or directory
NetCDF Error: src/ESMF/test/regrid_from_file/data/wr50a_090614.nc : No such file or directory
NetCDF Error: src/ESMF/test/regrid_from_file/data/ne4np4-esmf.nc : No such file or directory
Regridding ERROR:

Traceback (most recent call last):
NetCDF Error: src/ESMF/test/regrid_from_file/data/wr50a_090614.nc : No such file or directory
  File "src/ESMF/test/regrid_from_file/regrid_check_driver.py", line 63, in <module>
    options, itrp_mean_err, itrp_max_err, csrv_err)
  File "/glade/scratch/mpotts/intel_18.0.5_intelmpi_O_release_8.2.0/src/addon/ESMPy/src/ESMF/test/regrid_from_file/regrid_check.py", line 222, in regrid_check
    missingvalue=src_missingvalue)
  File "/glade/scratch/mpotts/intel_18.0.5_intelmpi_O_release_8.2.0/src/addon/ESMPy/src/ESMF/test/regrid_from_file/regrid_check.py", line 48, in create_grid_or_mesh_from_file
    convert_to_dual=convert_to_dual)
  File "/glade/scratch/mpotts/intel_18.0.5_intelmpi_O_release_8.2.0/src/addon/ESMPy/src/ESMF/util/decorators.py", line 81, in new_func
    return func(*args, **kwargs)
  File "/glade/scratch/mpotts/intel_18.0.5_intelmpi_O_release_8.2.0/src/addon/ESMPy/src/ESMF/api/mesh.py", line 201, in __init__
    mask_flag, varname)
  File "/glade/scratch/mpotts/intel_18.0.5_intelmpi_O_release_8.2.0/src/addon/ESMPy/src/ESMF/util/decorators.py", line 93, in new_func
    return func(*args, **kwargs)
  File "/glade/scratch/mpotts/intel_18.0.5_intelmpi_O_release_8.2.0/src/addon/ESMPy/src/ESMF/interface/cbindings.py", line 1221, in ESMP_MeshCreateFromFile
    '.    '+constants._errmsg)
ValueError: ESMC_MeshCreateFromFile() failed with rc = -1.    Please check the log files (named "*ESMF_LogFile").

***NOTE*** The log files must be deleted in this test case, they are printed below for future reference


PET: 0 - Regrid ne4np4-esmf.nc to ne4np4-esmf.nc as bilinear with --src_type ESMFMESH --dst_type ESMFMESH -i itrp_mean_err=0.000000, itrp_max_err=0.000000, and csrv_err=0.000000 - FINISH

RESULT: FAIL


