build time -- 2021-12-12 04:00:18
20211212 043043.822 INFO             PET0 !!!!!!!!!!!!!!!!!!!!!!!!!!!!!!!!!!!!!!!!!!!!!!!!!!!!!!
20211212 043043.822 INFO             PET0 !!! THE ESMF_LOG IS SET TO OUTPUT ALL LOG MESSAGES !!!
20211212 043043.822 INFO             PET0 !!!     THIS MAY CAUSE SLOWDOWN IN PERFORMANCE     !!!
20211212 043043.822 INFO             PET0 !!! FOR PRODUCTION RUNS, USE:                      !!!
20211212 043043.822 INFO             PET0 !!!                   ESMF_LOGKIND_Multi_On_Error  !!!
20211212 043043.822 INFO             PET0 !!!!!!!!!!!!!!!!!!!!!!!!!!!!!!!!!!!!!!!!!!!!!!!!!!!!!!
20211212 043043.822 INFO             PET0 Running with ESMF Version   : ESMF_8_3_0_beta_snapshot_04-8-g60a38ef462
20211212 043043.822 INFO             PET0 ESMF library build date/time: "Dec 12 2021" "03:58:38"
20211212 043043.822 INFO             PET0 ESMF library build location : /mnt/lfs4/HFIP/hfv3gfs/Mark.Potts/gfortran_9.2.0_openmpi_g_develop
20211212 043043.822 INFO             PET0 ESMF_COMM                   : openmpi
20211212 043043.823 INFO             PET0 ESMF_MOAB                   : enabled
20211212 043043.823 INFO             PET0 ESMF_LAPACK                 : enabled
20211212 043043.823 INFO             PET0 ESMF_NETCDF                 : enabled
20211212 043043.823 INFO             PET0 ESMF_PNETCDF                : disabled
20211212 043043.823 INFO             PET0 ESMF_PIO                    : enabled
20211212 043043.823 INFO             PET0 ESMF_YAMLCPP                : enabled
20211212 043043.824 INFO             PET0  NUMBER_OF_PROCESSORS           1
20211212 043043.824 INFO             PET0  PASS  Example ESMF_TimeIntervalEx, ESMF_TimeIntervalEx.F90, line 176
20211212 043043.824 INFO             PET0 Finalizing ESMF
