build time -- 2021-11-01 04:01:30
20211101 043239.345 INFO             PET0 !!!!!!!!!!!!!!!!!!!!!!!!!!!!!!!!!!!!!!!!!!!!!!!!!!!!!!
20211101 043239.345 INFO             PET0 !!! THE ESMF_LOG IS SET TO OUTPUT ALL LOG MESSAGES !!!
20211101 043239.345 INFO             PET0 !!!     THIS MAY CAUSE SLOWDOWN IN PERFORMANCE     !!!
20211101 043239.345 INFO             PET0 !!! FOR PRODUCTION RUNS, USE:                      !!!
20211101 043239.345 INFO             PET0 !!!                   ESMF_LOGKIND_Multi_On_Error  !!!
20211101 043239.345 INFO             PET0 !!!!!!!!!!!!!!!!!!!!!!!!!!!!!!!!!!!!!!!!!!!!!!!!!!!!!!
20211101 043239.345 INFO             PET0 Running with ESMF Version   : ESMF_8_3_0_beta_snapshot_02
20211101 043239.345 INFO             PET0 ESMF library build date/time: "Nov  1 2021" "03:59:33"
20211101 043239.345 INFO             PET0 ESMF library build location : /mnt/lfs4/HFIP/hfv3gfs/Mark.Potts/gfortran_9.2.0_openmpi_g_develop
20211101 043239.345 INFO             PET0 ESMF_COMM                   : openmpi
20211101 043239.346 INFO             PET0 ESMF_MOAB                   : enabled
20211101 043239.346 INFO             PET0 ESMF_LAPACK                 : enabled
20211101 043239.346 INFO             PET0 ESMF_NETCDF                 : enabled
20211101 043239.346 INFO             PET0 ESMF_PNETCDF                : disabled
20211101 043239.346 INFO             PET0 ESMF_PIO                    : enabled
20211101 043239.346 INFO             PET0 ESMF_YAMLCPP                : enabled
20211101 043239.347 INFO             PET0  NUMBER_OF_PROCESSORS           1
20211101 043239.347 INFO             PET0  PASS  Example ESMF_ClockEx, ESMF_ClockEx.F90, line 220
20211101 043239.347 INFO             PET0 Finalizing ESMF
