build time -- 2022-01-08 03:01:35
20220108 033030.056 INFO             PET0 !!!!!!!!!!!!!!!!!!!!!!!!!!!!!!!!!!!!!!!!!!!!!!!!!!!!!!
20220108 033030.056 INFO             PET0 !!! THE ESMF_LOG IS SET TO OUTPUT ALL LOG MESSAGES !!!
20220108 033030.056 INFO             PET0 !!!     THIS MAY CAUSE SLOWDOWN IN PERFORMANCE     !!!
20220108 033030.056 INFO             PET0 !!! FOR PRODUCTION RUNS, USE:                      !!!
20220108 033030.056 INFO             PET0 !!!                   ESMF_LOGKIND_Multi_On_Error  !!!
20220108 033030.056 INFO             PET0 !!!!!!!!!!!!!!!!!!!!!!!!!!!!!!!!!!!!!!!!!!!!!!!!!!!!!!
20220108 033030.056 INFO             PET0 Running with ESMF Version   : ESMF_8_3_0_beta_snapshot_05-1-g3e9d170f1f
20220108 033030.056 INFO             PET0 ESMF library build date/time: "Jan  8 2022" "02:59:52"
20220108 033030.056 INFO             PET0 ESMF library build location : /mnt/lfs4/HFIP/hfv3gfs/Mark.Potts/gfortran_9.2.0_openmpi_g_develop
20220108 033030.056 INFO             PET0 ESMF_COMM                   : openmpi
20220108 033030.056 INFO             PET0 ESMF_MOAB                   : enabled
20220108 033030.056 INFO             PET0 ESMF_LAPACK                 : enabled
20220108 033030.056 INFO             PET0 ESMF_NETCDF                 : enabled
20220108 033030.056 INFO             PET0 ESMF_PNETCDF                : disabled
20220108 033030.056 INFO             PET0 ESMF_PIO                    : enabled
20220108 033030.056 INFO             PET0 ESMF_YAMLCPP                : enabled
20220108 033030.057 INFO             PET0  NUMBER_OF_PROCESSORS           1
20220108 033030.057 INFO             PET0  PASS  Example ESMF_TimeEx, ESMF_TimeEx.F90, line 141
20220108 033030.057 INFO             PET0 Finalizing ESMF
