build time -- 2022-01-18 04:00:49
20220118 043118.069 INFO             PET0 !!!!!!!!!!!!!!!!!!!!!!!!!!!!!!!!!!!!!!!!!!!!!!!!!!!!!!
20220118 043118.069 INFO             PET0 !!! THE ESMF_LOG IS SET TO OUTPUT ALL LOG MESSAGES !!!
20220118 043118.069 INFO             PET0 !!!     THIS MAY CAUSE SLOWDOWN IN PERFORMANCE     !!!
20220118 043118.069 INFO             PET0 !!! FOR PRODUCTION RUNS, USE:                      !!!
20220118 043118.069 INFO             PET0 !!!                   ESMF_LOGKIND_Multi_On_Error  !!!
20220118 043118.069 INFO             PET0 !!!!!!!!!!!!!!!!!!!!!!!!!!!!!!!!!!!!!!!!!!!!!!!!!!!!!!
20220118 043118.069 INFO             PET0 Running with ESMF Version   : ESMF_8_3_0_beta_snapshot_05-30-gf84ebe0184
20220118 043118.069 INFO             PET0 ESMF library build date/time: "Jan 18 2022" "03:59:08"
20220118 043118.069 INFO             PET0 ESMF library build location : /mnt/lfs4/HFIP/hfv3gfs/Mark.Potts/gfortran_9.2.0_openmpi_g_develop
20220118 043118.069 INFO             PET0 ESMF_COMM                   : openmpi
20220118 043118.070 INFO             PET0 ESMF_MOAB                   : enabled
20220118 043118.070 INFO             PET0 ESMF_LAPACK                 : enabled
20220118 043118.070 INFO             PET0 ESMF_NETCDF                 : enabled
20220118 043118.070 INFO             PET0 ESMF_PNETCDF                : disabled
20220118 043118.070 INFO             PET0 ESMF_PIO                    : enabled
20220118 043118.070 INFO             PET0 ESMF_YAMLCPP                : enabled
20220118 043118.073 INFO             PET0  NUMBER_OF_PROCESSORS           4
20220118 043118.073 INFO             PET0  PASS  Example ESMF_FieldRepDimEx, ESMF_FieldRepDimEx.F90, line 228
20220118 043118.073 INFO             PET0 Finalizing ESMF
20220118 043118.068 INFO             PET1 !!!!!!!!!!!!!!!!!!!!!!!!!!!!!!!!!!!!!!!!!!!!!!!!!!!!!!
20220118 043118.069 INFO             PET1 !!! THE ESMF_LOG IS SET TO OUTPUT ALL LOG MESSAGES !!!
20220118 043118.069 INFO             PET1 !!!     THIS MAY CAUSE SLOWDOWN IN PERFORMANCE     !!!
20220118 043118.069 INFO             PET1 !!! FOR PRODUCTION RUNS, USE:                      !!!
20220118 043118.069 INFO             PET1 !!!                   ESMF_LOGKIND_Multi_On_Error  !!!
20220118 043118.069 INFO             PET1 !!!!!!!!!!!!!!!!!!!!!!!!!!!!!!!!!!!!!!!!!!!!!!!!!!!!!!
20220118 043118.069 INFO             PET1 Running with ESMF Version   : ESMF_8_3_0_beta_snapshot_05-30-gf84ebe0184
20220118 043118.069 INFO             PET1 ESMF library build date/time: "Jan 18 2022" "03:59:08"
20220118 043118.069 INFO             PET1 ESMF library build location : /mnt/lfs4/HFIP/hfv3gfs/Mark.Potts/gfortran_9.2.0_openmpi_g_develop
20220118 043118.069 INFO             PET1 ESMF_COMM                   : openmpi
20220118 043118.069 INFO             PET1 ESMF_MOAB                   : enabled
20220118 043118.069 INFO             PET1 ESMF_LAPACK                 : enabled
20220118 043118.069 INFO             PET1 ESMF_NETCDF                 : enabled
20220118 043118.069 INFO             PET1 ESMF_PNETCDF                : disabled
20220118 043118.069 INFO             PET1 ESMF_PIO                    : enabled
20220118 043118.069 INFO             PET1 ESMF_YAMLCPP                : enabled
20220118 043118.073 INFO             PET1  NUMBER_OF_PROCESSORS           4
20220118 043118.073 INFO             PET1  PASS  Example ESMF_FieldRepDimEx, ESMF_FieldRepDimEx.F90, line 228
20220118 043118.073 INFO             PET1 Finalizing ESMF
20220118 043118.069 INFO             PET2 !!!!!!!!!!!!!!!!!!!!!!!!!!!!!!!!!!!!!!!!!!!!!!!!!!!!!!
20220118 043118.069 INFO             PET2 !!! THE ESMF_LOG IS SET TO OUTPUT ALL LOG MESSAGES !!!
20220118 043118.069 INFO             PET2 !!!     THIS MAY CAUSE SLOWDOWN IN PERFORMANCE     !!!
20220118 043118.069 INFO             PET2 !!! FOR PRODUCTION RUNS, USE:                      !!!
20220118 043118.069 INFO             PET2 !!!                   ESMF_LOGKIND_Multi_On_Error  !!!
20220118 043118.069 INFO             PET2 !!!!!!!!!!!!!!!!!!!!!!!!!!!!!!!!!!!!!!!!!!!!!!!!!!!!!!
20220118 043118.069 INFO             PET2 Running with ESMF Version   : ESMF_8_3_0_beta_snapshot_05-30-gf84ebe0184
20220118 043118.069 INFO             PET2 ESMF library build date/time: "Jan 18 2022" "03:59:08"
20220118 043118.069 INFO             PET2 ESMF library build location : /mnt/lfs4/HFIP/hfv3gfs/Mark.Potts/gfortran_9.2.0_openmpi_g_develop
20220118 043118.069 INFO             PET2 ESMF_COMM                   : openmpi
20220118 043118.070 INFO             PET2 ESMF_MOAB                   : enabled
20220118 043118.070 INFO             PET2 ESMF_LAPACK                 : enabled
20220118 043118.070 INFO             PET2 ESMF_NETCDF                 : enabled
20220118 043118.070 INFO             PET2 ESMF_PNETCDF                : disabled
20220118 043118.070 INFO             PET2 ESMF_PIO                    : enabled
20220118 043118.070 INFO             PET2 ESMF_YAMLCPP                : enabled
20220118 043118.073 INFO             PET2  NUMBER_OF_PROCESSORS           4
20220118 043118.073 INFO             PET2  PASS  Example ESMF_FieldRepDimEx, ESMF_FieldRepDimEx.F90, line 228
20220118 043118.073 INFO             PET2 Finalizing ESMF
20220118 043118.068 INFO             PET3 !!!!!!!!!!!!!!!!!!!!!!!!!!!!!!!!!!!!!!!!!!!!!!!!!!!!!!
20220118 043118.069 INFO             PET3 !!! THE ESMF_LOG IS SET TO OUTPUT ALL LOG MESSAGES !!!
20220118 043118.069 INFO             PET3 !!!     THIS MAY CAUSE SLOWDOWN IN PERFORMANCE     !!!
20220118 043118.069 INFO             PET3 !!! FOR PRODUCTION RUNS, USE:                      !!!
20220118 043118.069 INFO             PET3 !!!                   ESMF_LOGKIND_Multi_On_Error  !!!
20220118 043118.069 INFO             PET3 !!!!!!!!!!!!!!!!!!!!!!!!!!!!!!!!!!!!!!!!!!!!!!!!!!!!!!
20220118 043118.069 INFO             PET3 Running with ESMF Version   : ESMF_8_3_0_beta_snapshot_05-30-gf84ebe0184
20220118 043118.069 INFO             PET3 ESMF library build date/time: "Jan 18 2022" "03:59:08"
20220118 043118.069 INFO             PET3 ESMF library build location : /mnt/lfs4/HFIP/hfv3gfs/Mark.Potts/gfortran_9.2.0_openmpi_g_develop
20220118 043118.069 INFO             PET3 ESMF_COMM                   : openmpi
20220118 043118.069 INFO             PET3 ESMF_MOAB                   : enabled
20220118 043118.069 INFO             PET3 ESMF_LAPACK                 : enabled
20220118 043118.069 INFO             PET3 ESMF_NETCDF                 : enabled
20220118 043118.069 INFO             PET3 ESMF_PNETCDF                : disabled
20220118 043118.069 INFO             PET3 ESMF_PIO                    : enabled
20220118 043118.069 INFO             PET3 ESMF_YAMLCPP                : enabled
20220118 043118.073 INFO             PET3  NUMBER_OF_PROCESSORS           4
20220118 043118.073 INFO             PET3  PASS  Example ESMF_FieldRepDimEx, ESMF_FieldRepDimEx.F90, line 228
20220118 043118.073 INFO             PET3 Finalizing ESMF
