build time -- 2021-12-16 04:02:14
20211216 043211.658 INFO             PET0 !!!!!!!!!!!!!!!!!!!!!!!!!!!!!!!!!!!!!!!!!!!!!!!!!!!!!!
20211216 043211.659 INFO             PET0 !!! THE ESMF_LOG IS SET TO OUTPUT ALL LOG MESSAGES !!!
20211216 043211.659 INFO             PET0 !!!     THIS MAY CAUSE SLOWDOWN IN PERFORMANCE     !!!
20211216 043211.659 INFO             PET0 !!! FOR PRODUCTION RUNS, USE:                      !!!
20211216 043211.659 INFO             PET0 !!!                   ESMF_LOGKIND_Multi_On_Error  !!!
20211216 043211.659 INFO             PET0 !!!!!!!!!!!!!!!!!!!!!!!!!!!!!!!!!!!!!!!!!!!!!!!!!!!!!!
20211216 043211.659 INFO             PET0 Running with ESMF Version   : ESMF_8_3_0_beta_snapshot_05-1-g3e9d170f1f
20211216 043211.659 INFO             PET0 ESMF library build date/time: "Dec 16 2021" "04:00:32"
20211216 043211.659 INFO             PET0 ESMF library build location : /mnt/lfs4/HFIP/hfv3gfs/Mark.Potts/gfortran_9.2.0_openmpi_g_develop
20211216 043211.659 INFO             PET0 ESMF_COMM                   : openmpi
20211216 043211.659 INFO             PET0 ESMF_MOAB                   : enabled
20211216 043211.659 INFO             PET0 ESMF_LAPACK                 : enabled
20211216 043211.659 INFO             PET0 ESMF_NETCDF                 : enabled
20211216 043211.659 INFO             PET0 ESMF_PNETCDF                : disabled
20211216 043211.659 INFO             PET0 ESMF_PIO                    : enabled
20211216 043211.659 INFO             PET0 ESMF_YAMLCPP                : enabled
20211216 043211.660 INFO             PET0  NUMBER_OF_PROCESSORS           1
20211216 043211.660 INFO             PET0  PASS  Example CalendarEx, ESMF_CalendarEx.F90, line 217
20211216 043211.660 INFO             PET0 Finalizing ESMF
