build time -- 2022-02-26 20:13:28.385806
20220227 000435.215 INFO             PET0 !!!!!!!!!!!!!!!!!!!!!!!!!!!!!!!!!!!!!!!!!!!!!!!!!!!!!!
20220227 000435.215 INFO             PET0 !!! THE ESMF_LOG IS SET TO OUTPUT ALL LOG MESSAGES !!!
20220227 000435.215 INFO             PET0 !!!     THIS MAY CAUSE SLOWDOWN IN PERFORMANCE     !!!
20220227 000435.215 INFO             PET0 !!! FOR PRODUCTION RUNS, USE:                      !!!
20220227 000435.215 INFO             PET0 !!!                   ESMF_LOGKIND_Multi_On_Error  !!!
20220227 000435.215 INFO             PET0 !!!!!!!!!!!!!!!!!!!!!!!!!!!!!!!!!!!!!!!!!!!!!!!!!!!!!!
20220227 000435.215 INFO             PET0 Running with ESMF Version   : v8.3.0b08-90-g763a12848c
20220227 000435.215 INFO             PET0 ESMF library build date/time: "Feb 26 2022" "20:10:47"
20220227 000435.215 INFO             PET0 ESMF library build location : /global/u2/r/rsdunlap/esmf-testing/intel_19.0.3_mpi_O_jedwards_pio_update2
20220227 000435.215 INFO             PET0 ESMF_COMM                   : mpi
20220227 000435.219 INFO             PET0 ESMF_MOAB                   : enabled
20220227 000435.219 INFO             PET0 ESMF_LAPACK                 : enabled
20220227 000435.219 INFO             PET0 ESMF_NETCDF                 : enabled
20220227 000435.219 INFO             PET0 ESMF_PNETCDF                : disabled
20220227 000435.219 INFO             PET0 ESMF_PIO                    : enabled
20220227 000435.219 INFO             PET0 ESMF_YAMLCPP                : enabled
20220227 000435.318 ERROR            PET0 /global/u2/r/rsdunlap/esmf-testing/intel_19.0.3_mpi_O_jedwards_pio_update2/src/Infrastructure/IO/interface/ESMC_IOScrip2ESMF.C:48 handle_error Internal error: Bad condition  - line 477: NetCDF error: Permission denied
20220227 000435.320 ERROR            PET0 ESMF_IOScrip.F90:3992 ESMF_EsmfInq netCDF Error: .esmf.nc: NetCDF: Unknown file format
20220227 000435.321 ERROR            PET0 ESMF_Mesh.F90:2206 ESMF_MeshCreateFromUnstruct() Failure  - Internal subroutine call returned Error
20220227 000435.321 ERROR            PET0 ESMF_Mesh.F90:2780 ESMF_MeshCreateFromScrip() Failure  - Internal subroutine call returned Error
20220227 000435.321 ERROR            PET0 ESMF_Mesh.F90:1924 ESMF_MeshCreateFromFile() Failure  - Internal subroutine call returned Error
20220227 000435.321 ERROR            PET0 ESMF_Mesh.F90:4367 ESMF_MeshDestroy Object being used before creation  - Bad Object
20220227 000435.427 INFO             PET0  NUMBER_OF_PROCESSORS           4
20220227 000435.427 INFO             PET0  FAIL  Example ESMF_MeshEx, ESMF_MeshEx.F90, line 1795:  Example failure
20220227 000435.427 INFO             PET0 Finalizing ESMF
20220227 000435.427 INFO             PET0 ESMCI_IO_Handler.C:331 ESMCI::IO_Handler::finalize() 
20220227 000435.428 INFO             PET0 ESMCI_PIO_Handler.C:361 ESMCI::PIO_Handler::finalize() 
20220227 000435.428 INFO             PET0 ESMCI_IO_Handler.C:333 ESMCI::IO_Handler::finalize() after finalize, localrc = 0
20220227 000435.428 INFO             PET0 ESMCI_IO_Handler.C:356 ESMCI::IO_Handler::finalize() before return, localrc = 0
20220227 000435.226 INFO             PET1 !!!!!!!!!!!!!!!!!!!!!!!!!!!!!!!!!!!!!!!!!!!!!!!!!!!!!!
20220227 000435.226 INFO             PET1 !!! THE ESMF_LOG IS SET TO OUTPUT ALL LOG MESSAGES !!!
20220227 000435.226 INFO             PET1 !!!     THIS MAY CAUSE SLOWDOWN IN PERFORMANCE     !!!
20220227 000435.226 INFO             PET1 !!! FOR PRODUCTION RUNS, USE:                      !!!
20220227 000435.226 INFO             PET1 !!!                   ESMF_LOGKIND_Multi_On_Error  !!!
20220227 000435.226 INFO             PET1 !!!!!!!!!!!!!!!!!!!!!!!!!!!!!!!!!!!!!!!!!!!!!!!!!!!!!!
20220227 000435.226 INFO             PET1 Running with ESMF Version   : v8.3.0b08-90-g763a12848c
20220227 000435.226 INFO             PET1 ESMF library build date/time: "Feb 26 2022" "20:10:47"
20220227 000435.226 INFO             PET1 ESMF library build location : /global/u2/r/rsdunlap/esmf-testing/intel_19.0.3_mpi_O_jedwards_pio_update2
20220227 000435.226 INFO             PET1 ESMF_COMM                   : mpi
20220227 000435.231 INFO             PET1 ESMF_MOAB                   : enabled
20220227 000435.231 INFO             PET1 ESMF_LAPACK                 : enabled
20220227 000435.231 INFO             PET1 ESMF_NETCDF                 : enabled
20220227 000435.231 INFO             PET1 ESMF_PNETCDF                : disabled
20220227 000435.231 INFO             PET1 ESMF_PIO                    : enabled
20220227 000435.231 INFO             PET1 ESMF_YAMLCPP                : enabled
20220227 000435.350 ERROR            PET1 ESMF_IOScrip.F90:3992 ESMF_EsmfInq netCDF Error: .esmf.nc: NetCDF: Unknown file format
20220227 000435.351 ERROR            PET1 ESMF_Mesh.F90:2206 ESMF_MeshCreateFromUnstruct() Failure  - Internal subroutine call returned Error
20220227 000435.351 ERROR            PET1 ESMF_Mesh.F90:2780 ESMF_MeshCreateFromScrip() Failure  - Internal subroutine call returned Error
20220227 000435.351 ERROR            PET1 ESMF_Mesh.F90:1924 ESMF_MeshCreateFromFile() Failure  - Internal subroutine call returned Error
20220227 000435.351 ERROR            PET1 ESMF_Mesh.F90:4367 ESMF_MeshDestroy Object being used before creation  - Bad Object
20220227 000435.427 INFO             PET1  NUMBER_OF_PROCESSORS           4
20220227 000435.427 INFO             PET1  FAIL  Example ESMF_MeshEx, ESMF_MeshEx.F90, line 1795:  Example failure
20220227 000435.427 INFO             PET1 Finalizing ESMF
20220227 000435.427 INFO             PET1 ESMCI_IO_Handler.C:331 ESMCI::IO_Handler::finalize() 
20220227 000435.427 INFO             PET1 ESMCI_PIO_Handler.C:361 ESMCI::PIO_Handler::finalize() 
20220227 000435.428 INFO             PET1 ESMCI_IO_Handler.C:333 ESMCI::IO_Handler::finalize() after finalize, localrc = 0
20220227 000435.428 INFO             PET1 ESMCI_IO_Handler.C:356 ESMCI::IO_Handler::finalize() before return, localrc = 0
20220227 000435.223 INFO             PET2 !!!!!!!!!!!!!!!!!!!!!!!!!!!!!!!!!!!!!!!!!!!!!!!!!!!!!!
20220227 000435.223 INFO             PET2 !!! THE ESMF_LOG IS SET TO OUTPUT ALL LOG MESSAGES !!!
20220227 000435.223 INFO             PET2 !!!     THIS MAY CAUSE SLOWDOWN IN PERFORMANCE     !!!
20220227 000435.223 INFO             PET2 !!! FOR PRODUCTION RUNS, USE:                      !!!
20220227 000435.223 INFO             PET2 !!!                   ESMF_LOGKIND_Multi_On_Error  !!!
20220227 000435.223 INFO             PET2 !!!!!!!!!!!!!!!!!!!!!!!!!!!!!!!!!!!!!!!!!!!!!!!!!!!!!!
20220227 000435.223 INFO             PET2 Running with ESMF Version   : v8.3.0b08-90-g763a12848c
20220227 000435.223 INFO             PET2 ESMF library build date/time: "Feb 26 2022" "20:10:47"
20220227 000435.223 INFO             PET2 ESMF library build location : /global/u2/r/rsdunlap/esmf-testing/intel_19.0.3_mpi_O_jedwards_pio_update2
20220227 000435.223 INFO             PET2 ESMF_COMM                   : mpi
20220227 000435.225 INFO             PET2 ESMF_MOAB                   : enabled
20220227 000435.225 INFO             PET2 ESMF_LAPACK                 : enabled
20220227 000435.225 INFO             PET2 ESMF_NETCDF                 : enabled
20220227 000435.225 INFO             PET2 ESMF_PNETCDF                : disabled
20220227 000435.225 INFO             PET2 ESMF_PIO                    : enabled
20220227 000435.225 INFO             PET2 ESMF_YAMLCPP                : enabled
20220227 000435.389 ERROR            PET2 ESMF_IOScrip.F90:3992 ESMF_EsmfInq netCDF Error: .esmf.nc: NetCDF: Unknown file format
20220227 000435.389 ERROR            PET2 ESMF_Mesh.F90:2206 ESMF_MeshCreateFromUnstruct() Failure  - Internal subroutine call returned Error
20220227 000435.389 ERROR            PET2 ESMF_Mesh.F90:2780 ESMF_MeshCreateFromScrip() Failure  - Internal subroutine call returned Error
20220227 000435.389 ERROR            PET2 ESMF_Mesh.F90:1924 ESMF_MeshCreateFromFile() Failure  - Internal subroutine call returned Error
20220227 000435.389 ERROR            PET2 ESMF_Mesh.F90:4367 ESMF_MeshDestroy Object being used before creation  - Bad Object
20220227 000435.427 INFO             PET2  NUMBER_OF_PROCESSORS           4
20220227 000435.427 INFO             PET2  FAIL  Example ESMF_MeshEx, ESMF_MeshEx.F90, line 1795:  Example failure
20220227 000435.427 INFO             PET2 Finalizing ESMF
20220227 000435.427 INFO             PET2 ESMCI_IO_Handler.C:331 ESMCI::IO_Handler::finalize() 
20220227 000435.428 INFO             PET2 ESMCI_PIO_Handler.C:361 ESMCI::PIO_Handler::finalize() 
20220227 000435.428 INFO             PET2 ESMCI_IO_Handler.C:333 ESMCI::IO_Handler::finalize() after finalize, localrc = 0
20220227 000435.428 INFO             PET2 ESMCI_IO_Handler.C:356 ESMCI::IO_Handler::finalize() before return, localrc = 0
20220227 000435.228 INFO             PET3 !!!!!!!!!!!!!!!!!!!!!!!!!!!!!!!!!!!!!!!!!!!!!!!!!!!!!!
20220227 000435.228 INFO             PET3 !!! THE ESMF_LOG IS SET TO OUTPUT ALL LOG MESSAGES !!!
20220227 000435.228 INFO             PET3 !!!     THIS MAY CAUSE SLOWDOWN IN PERFORMANCE     !!!
20220227 000435.228 INFO             PET3 !!! FOR PRODUCTION RUNS, USE:                      !!!
20220227 000435.228 INFO             PET3 !!!                   ESMF_LOGKIND_Multi_On_Error  !!!
20220227 000435.228 INFO             PET3 !!!!!!!!!!!!!!!!!!!!!!!!!!!!!!!!!!!!!!!!!!!!!!!!!!!!!!
20220227 000435.228 INFO             PET3 Running with ESMF Version   : v8.3.0b08-90-g763a12848c
20220227 000435.228 INFO             PET3 ESMF library build date/time: "Feb 26 2022" "20:10:47"
20220227 000435.228 INFO             PET3 ESMF library build location : /global/u2/r/rsdunlap/esmf-testing/intel_19.0.3_mpi_O_jedwards_pio_update2
20220227 000435.228 INFO             PET3 ESMF_COMM                   : mpi
20220227 000435.234 INFO             PET3 ESMF_MOAB                   : enabled
20220227 000435.234 INFO             PET3 ESMF_LAPACK                 : enabled
20220227 000435.234 INFO             PET3 ESMF_NETCDF                 : enabled
20220227 000435.234 INFO             PET3 ESMF_PNETCDF                : disabled
20220227 000435.234 INFO             PET3 ESMF_PIO                    : enabled
20220227 000435.234 INFO             PET3 ESMF_YAMLCPP                : enabled
20220227 000435.369 ERROR            PET3 ESMF_IOScrip.F90:3992 ESMF_EsmfInq netCDF Error: .esmf.nc: NetCDF: Unknown file format
20220227 000435.370 ERROR            PET3 ESMF_Mesh.F90:2206 ESMF_MeshCreateFromUnstruct() Failure  - Internal subroutine call returned Error
20220227 000435.370 ERROR            PET3 ESMF_Mesh.F90:2780 ESMF_MeshCreateFromScrip() Failure  - Internal subroutine call returned Error
20220227 000435.370 ERROR            PET3 ESMF_Mesh.F90:1924 ESMF_MeshCreateFromFile() Failure  - Internal subroutine call returned Error
20220227 000435.370 ERROR            PET3 ESMF_Mesh.F90:4367 ESMF_MeshDestroy Object being used before creation  - Bad Object
20220227 000435.427 INFO             PET3  NUMBER_OF_PROCESSORS           4
20220227 000435.427 INFO             PET3  FAIL  Example ESMF_MeshEx, ESMF_MeshEx.F90, line 1795:  Example failure
20220227 000435.427 INFO             PET3 Finalizing ESMF
20220227 000435.428 INFO             PET3 ESMCI_IO_Handler.C:331 ESMCI::IO_Handler::finalize() 
20220227 000435.428 INFO             PET3 ESMCI_PIO_Handler.C:361 ESMCI::PIO_Handler::finalize() 
20220227 000435.428 INFO             PET3 ESMCI_IO_Handler.C:333 ESMCI::IO_Handler::finalize() after finalize, localrc = 0
20220227 000435.428 INFO             PET3 ESMCI_IO_Handler.C:356 ESMCI::IO_Handler::finalize() before return, localrc = 0
