build time -- 2021-10-06 06:28:41
20211006 065944.712 INFO             PET0 !!!!!!!!!!!!!!!!!!!!!!!!!!!!!!!!!!!!!!!!!!!!!!!!!!!!!!
20211006 065944.712 INFO             PET0 !!! THE ESMF_LOG IS SET TO OUTPUT ALL LOG MESSAGES !!!
20211006 065944.712 INFO             PET0 !!!     THIS MAY CAUSE SLOWDOWN IN PERFORMANCE     !!!
20211006 065944.712 INFO             PET0 !!! FOR PRODUCTION RUNS, USE:                      !!!
20211006 065944.712 INFO             PET0 !!!                   ESMF_LOGKIND_Multi_On_Error  !!!
20211006 065944.712 INFO             PET0 !!!!!!!!!!!!!!!!!!!!!!!!!!!!!!!!!!!!!!!!!!!!!!!!!!!!!!
20211006 065944.712 INFO             PET0 Running with ESMF Version   : ESMF_8_2_0_beta_snapshot_21
20211006 065944.712 INFO             PET0 ESMF library build date/time: "Oct  6 2021" "06:27:03"
20211006 065944.712 INFO             PET0 ESMF library build location : /scratch1/NCEPDEV/stmp2/Mark.Potts/intel_18.0.4_intelmpi_O_release_8.2.0
20211006 065944.712 INFO             PET0 ESMF_COMM                   : intelmpi
20211006 065944.713 INFO             PET0 ESMF_MOAB                   : enabled
20211006 065944.713 INFO             PET0 ESMF_LAPACK                 : enabled
20211006 065944.713 INFO             PET0 ESMF_NETCDF                 : enabled
20211006 065944.713 INFO             PET0 ESMF_PNETCDF                : disabled
20211006 065944.713 INFO             PET0 ESMF_PIO                    : enabled
20211006 065944.713 INFO             PET0 ESMF_YAMLCPP                : enabled
20211006 065944.715 INFO             PET0 ESMF_FieldRedistStoreNF(): Just entered routine.
20211006 065944.746 INFO             PET0 ESMF_FieldRedistStoreNF(): Leaving routine.
20211006 065944.755 INFO             PET0  NUMBER_OF_PROCESSORS           4
20211006 065944.756 INFO             PET0  PASS  Example ESMF_RHandleFromFileEx, ESMF_RHandleFromFileEx.F90, line 192
20211006 065944.756 INFO             PET0 Finalizing ESMF
20211006 065944.712 INFO             PET1 !!!!!!!!!!!!!!!!!!!!!!!!!!!!!!!!!!!!!!!!!!!!!!!!!!!!!!
20211006 065944.713 INFO             PET1 !!! THE ESMF_LOG IS SET TO OUTPUT ALL LOG MESSAGES !!!
20211006 065944.713 INFO             PET1 !!!     THIS MAY CAUSE SLOWDOWN IN PERFORMANCE     !!!
20211006 065944.713 INFO             PET1 !!! FOR PRODUCTION RUNS, USE:                      !!!
20211006 065944.713 INFO             PET1 !!!                   ESMF_LOGKIND_Multi_On_Error  !!!
20211006 065944.713 INFO             PET1 !!!!!!!!!!!!!!!!!!!!!!!!!!!!!!!!!!!!!!!!!!!!!!!!!!!!!!
20211006 065944.713 INFO             PET1 Running with ESMF Version   : ESMF_8_2_0_beta_snapshot_21
20211006 065944.713 INFO             PET1 ESMF library build date/time: "Oct  6 2021" "06:27:03"
20211006 065944.713 INFO             PET1 ESMF library build location : /scratch1/NCEPDEV/stmp2/Mark.Potts/intel_18.0.4_intelmpi_O_release_8.2.0
20211006 065944.713 INFO             PET1 ESMF_COMM                   : intelmpi
20211006 065944.713 INFO             PET1 ESMF_MOAB                   : enabled
20211006 065944.713 INFO             PET1 ESMF_LAPACK                 : enabled
20211006 065944.713 INFO             PET1 ESMF_NETCDF                 : enabled
20211006 065944.713 INFO             PET1 ESMF_PNETCDF                : disabled
20211006 065944.713 INFO             PET1 ESMF_PIO                    : enabled
20211006 065944.713 INFO             PET1 ESMF_YAMLCPP                : enabled
20211006 065944.715 INFO             PET1 ESMF_FieldRedistStoreNF(): Just entered routine.
20211006 065944.746 INFO             PET1 ESMF_FieldRedistStoreNF(): Leaving routine.
20211006 065944.755 INFO             PET1  NUMBER_OF_PROCESSORS           4
20211006 065944.756 INFO             PET1  PASS  Example ESMF_RHandleFromFileEx, ESMF_RHandleFromFileEx.F90, line 192
20211006 065944.756 INFO             PET1 Finalizing ESMF
20211006 065944.712 INFO             PET2 !!!!!!!!!!!!!!!!!!!!!!!!!!!!!!!!!!!!!!!!!!!!!!!!!!!!!!
20211006 065944.712 INFO             PET2 !!! THE ESMF_LOG IS SET TO OUTPUT ALL LOG MESSAGES !!!
20211006 065944.712 INFO             PET2 !!!     THIS MAY CAUSE SLOWDOWN IN PERFORMANCE     !!!
20211006 065944.712 INFO             PET2 !!! FOR PRODUCTION RUNS, USE:                      !!!
20211006 065944.712 INFO             PET2 !!!                   ESMF_LOGKIND_Multi_On_Error  !!!
20211006 065944.712 INFO             PET2 !!!!!!!!!!!!!!!!!!!!!!!!!!!!!!!!!!!!!!!!!!!!!!!!!!!!!!
20211006 065944.712 INFO             PET2 Running with ESMF Version   : ESMF_8_2_0_beta_snapshot_21
20211006 065944.712 INFO             PET2 ESMF library build date/time: "Oct  6 2021" "06:27:03"
20211006 065944.712 INFO             PET2 ESMF library build location : /scratch1/NCEPDEV/stmp2/Mark.Potts/intel_18.0.4_intelmpi_O_release_8.2.0
20211006 065944.712 INFO             PET2 ESMF_COMM                   : intelmpi
20211006 065944.713 INFO             PET2 ESMF_MOAB                   : enabled
20211006 065944.713 INFO             PET2 ESMF_LAPACK                 : enabled
20211006 065944.713 INFO             PET2 ESMF_NETCDF                 : enabled
20211006 065944.713 INFO             PET2 ESMF_PNETCDF                : disabled
20211006 065944.713 INFO             PET2 ESMF_PIO                    : enabled
20211006 065944.713 INFO             PET2 ESMF_YAMLCPP                : enabled
20211006 065944.715 INFO             PET2 ESMF_FieldRedistStoreNF(): Just entered routine.
20211006 065944.746 INFO             PET2 ESMF_FieldRedistStoreNF(): Leaving routine.
20211006 065944.755 INFO             PET2  NUMBER_OF_PROCESSORS           4
20211006 065944.756 INFO             PET2  PASS  Example ESMF_RHandleFromFileEx, ESMF_RHandleFromFileEx.F90, line 192
20211006 065944.756 INFO             PET2 Finalizing ESMF
20211006 065944.712 INFO             PET3 !!!!!!!!!!!!!!!!!!!!!!!!!!!!!!!!!!!!!!!!!!!!!!!!!!!!!!
20211006 065944.712 INFO             PET3 !!! THE ESMF_LOG IS SET TO OUTPUT ALL LOG MESSAGES !!!
20211006 065944.712 INFO             PET3 !!!     THIS MAY CAUSE SLOWDOWN IN PERFORMANCE     !!!
20211006 065944.712 INFO             PET3 !!! FOR PRODUCTION RUNS, USE:                      !!!
20211006 065944.712 INFO             PET3 !!!                   ESMF_LOGKIND_Multi_On_Error  !!!
20211006 065944.712 INFO             PET3 !!!!!!!!!!!!!!!!!!!!!!!!!!!!!!!!!!!!!!!!!!!!!!!!!!!!!!
20211006 065944.712 INFO             PET3 Running with ESMF Version   : ESMF_8_2_0_beta_snapshot_21
20211006 065944.712 INFO             PET3 ESMF library build date/time: "Oct  6 2021" "06:27:03"
20211006 065944.712 INFO             PET3 ESMF library build location : /scratch1/NCEPDEV/stmp2/Mark.Potts/intel_18.0.4_intelmpi_O_release_8.2.0
20211006 065944.712 INFO             PET3 ESMF_COMM                   : intelmpi
20211006 065944.713 INFO             PET3 ESMF_MOAB                   : enabled
20211006 065944.713 INFO             PET3 ESMF_LAPACK                 : enabled
20211006 065944.713 INFO             PET3 ESMF_NETCDF                 : enabled
20211006 065944.713 INFO             PET3 ESMF_PNETCDF                : disabled
20211006 065944.713 INFO             PET3 ESMF_PIO                    : enabled
20211006 065944.713 INFO             PET3 ESMF_YAMLCPP                : enabled
20211006 065944.715 INFO             PET3 ESMF_FieldRedistStoreNF(): Just entered routine.
20211006 065944.746 INFO             PET3 ESMF_FieldRedistStoreNF(): Leaving routine.
20211006 065944.756 INFO             PET3  NUMBER_OF_PROCESSORS           4
20211006 065944.756 INFO             PET3  PASS  Example ESMF_RHandleFromFileEx, ESMF_RHandleFromFileEx.F90, line 192
20211006 065944.756 INFO             PET3 Finalizing ESMF
