build time -- 2021-10-27 03:46:27.503513
20211027 041532.057 INFO             PET0 !!!!!!!!!!!!!!!!!!!!!!!!!!!!!!!!!!!!!!!!!!!!!!!!!!!!!!
20211027 041532.057 INFO             PET0 !!! THE ESMF_LOG IS SET TO OUTPUT ALL LOG MESSAGES !!!
20211027 041532.057 INFO             PET0 !!!     THIS MAY CAUSE SLOWDOWN IN PERFORMANCE     !!!
20211027 041532.057 INFO             PET0 !!! FOR PRODUCTION RUNS, USE:                      !!!
20211027 041532.057 INFO             PET0 !!!                   ESMF_LOGKIND_Multi_On_Error  !!!
20211027 041532.057 INFO             PET0 !!!!!!!!!!!!!!!!!!!!!!!!!!!!!!!!!!!!!!!!!!!!!!!!!!!!!!
20211027 041532.057 INFO             PET0 Running with ESMF Version   : ESMF_8_2_0
20211027 041532.057 INFO             PET0 ESMF library build date/time: "Oct 27 2021" "03:44:21"
20211027 041532.057 INFO             PET0 ESMF library build location : /glade/scratch/mpotts/gfortran_9.1.0_mpt_O_main
20211027 041532.057 INFO             PET0 ESMF_COMM                   : mpt
20211027 041532.057 INFO             PET0 ESMF_MOAB                   : enabled
20211027 041532.057 INFO             PET0 ESMF_LAPACK                 : enabled
20211027 041532.057 INFO             PET0 ESMF_NETCDF                 : enabled
20211027 041532.057 INFO             PET0 ESMF_PNETCDF                : disabled
20211027 041532.057 INFO             PET0 ESMF_PIO                    : enabled
20211027 041532.057 INFO             PET0 ESMF_YAMLCPP                : enabled
20211027 041532.095 DEBUG            PET0 about to destroy Grid: 0x2b879c0
20211027 041532.099 DEBUG            PET0 about to destroy Grid: 0x2b89b50
20211027 041532.110 INFO             PET0  NUMBER_OF_PROCESSORS           4
20211027 041532.110 INFO             PET0  PASS  Example ESMF_NUOPCAtmModelEx, ESMF_NUOPCAtmModelEx.F90, line 806
20211027 041532.110 INFO             PET0 Finalizing ESMF
20211027 041532.057 INFO             PET1 !!!!!!!!!!!!!!!!!!!!!!!!!!!!!!!!!!!!!!!!!!!!!!!!!!!!!!
20211027 041532.057 INFO             PET1 !!! THE ESMF_LOG IS SET TO OUTPUT ALL LOG MESSAGES !!!
20211027 041532.057 INFO             PET1 !!!     THIS MAY CAUSE SLOWDOWN IN PERFORMANCE     !!!
20211027 041532.057 INFO             PET1 !!! FOR PRODUCTION RUNS, USE:                      !!!
20211027 041532.057 INFO             PET1 !!!                   ESMF_LOGKIND_Multi_On_Error  !!!
20211027 041532.057 INFO             PET1 !!!!!!!!!!!!!!!!!!!!!!!!!!!!!!!!!!!!!!!!!!!!!!!!!!!!!!
20211027 041532.057 INFO             PET1 Running with ESMF Version   : ESMF_8_2_0
20211027 041532.057 INFO             PET1 ESMF library build date/time: "Oct 27 2021" "03:44:21"
20211027 041532.057 INFO             PET1 ESMF library build location : /glade/scratch/mpotts/gfortran_9.1.0_mpt_O_main
20211027 041532.057 INFO             PET1 ESMF_COMM                   : mpt
20211027 041532.057 INFO             PET1 ESMF_MOAB                   : enabled
20211027 041532.057 INFO             PET1 ESMF_LAPACK                 : enabled
20211027 041532.057 INFO             PET1 ESMF_NETCDF                 : enabled
20211027 041532.057 INFO             PET1 ESMF_PNETCDF                : disabled
20211027 041532.057 INFO             PET1 ESMF_PIO                    : enabled
20211027 041532.057 INFO             PET1 ESMF_YAMLCPP                : enabled
20211027 041532.095 DEBUG            PET1 about to destroy Grid: 0x2b87f60
20211027 041532.099 DEBUG            PET1 about to destroy Grid: 0x2b89290
20211027 041532.110 INFO             PET1  NUMBER_OF_PROCESSORS           4
20211027 041532.110 INFO             PET1  PASS  Example ESMF_NUOPCAtmModelEx, ESMF_NUOPCAtmModelEx.F90, line 806
20211027 041532.110 INFO             PET1 Finalizing ESMF
20211027 041532.058 INFO             PET2 !!!!!!!!!!!!!!!!!!!!!!!!!!!!!!!!!!!!!!!!!!!!!!!!!!!!!!
20211027 041532.058 INFO             PET2 !!! THE ESMF_LOG IS SET TO OUTPUT ALL LOG MESSAGES !!!
20211027 041532.058 INFO             PET2 !!!     THIS MAY CAUSE SLOWDOWN IN PERFORMANCE     !!!
20211027 041532.058 INFO             PET2 !!! FOR PRODUCTION RUNS, USE:                      !!!
20211027 041532.058 INFO             PET2 !!!                   ESMF_LOGKIND_Multi_On_Error  !!!
20211027 041532.058 INFO             PET2 !!!!!!!!!!!!!!!!!!!!!!!!!!!!!!!!!!!!!!!!!!!!!!!!!!!!!!
20211027 041532.058 INFO             PET2 Running with ESMF Version   : ESMF_8_2_0
20211027 041532.058 INFO             PET2 ESMF library build date/time: "Oct 27 2021" "03:44:21"
20211027 041532.058 INFO             PET2 ESMF library build location : /glade/scratch/mpotts/gfortran_9.1.0_mpt_O_main
20211027 041532.058 INFO             PET2 ESMF_COMM                   : mpt
20211027 041532.058 INFO             PET2 ESMF_MOAB                   : enabled
20211027 041532.058 INFO             PET2 ESMF_LAPACK                 : enabled
20211027 041532.058 INFO             PET2 ESMF_NETCDF                 : enabled
20211027 041532.058 INFO             PET2 ESMF_PNETCDF                : disabled
20211027 041532.058 INFO             PET2 ESMF_PIO                    : enabled
20211027 041532.058 INFO             PET2 ESMF_YAMLCPP                : enabled
20211027 041532.095 DEBUG            PET2 about to destroy Grid: 0x2b876c0
20211027 041532.099 DEBUG            PET2 about to destroy Grid: 0x2b889f0
20211027 041532.110 INFO             PET2  NUMBER_OF_PROCESSORS           4
20211027 041532.110 INFO             PET2  PASS  Example ESMF_NUOPCAtmModelEx, ESMF_NUOPCAtmModelEx.F90, line 806
20211027 041532.110 INFO             PET2 Finalizing ESMF
20211027 041532.057 INFO             PET3 !!!!!!!!!!!!!!!!!!!!!!!!!!!!!!!!!!!!!!!!!!!!!!!!!!!!!!
20211027 041532.057 INFO             PET3 !!! THE ESMF_LOG IS SET TO OUTPUT ALL LOG MESSAGES !!!
20211027 041532.057 INFO             PET3 !!!     THIS MAY CAUSE SLOWDOWN IN PERFORMANCE     !!!
20211027 041532.057 INFO             PET3 !!! FOR PRODUCTION RUNS, USE:                      !!!
20211027 041532.057 INFO             PET3 !!!                   ESMF_LOGKIND_Multi_On_Error  !!!
20211027 041532.057 INFO             PET3 !!!!!!!!!!!!!!!!!!!!!!!!!!!!!!!!!!!!!!!!!!!!!!!!!!!!!!
20211027 041532.057 INFO             PET3 Running with ESMF Version   : ESMF_8_2_0
20211027 041532.057 INFO             PET3 ESMF library build date/time: "Oct 27 2021" "03:44:21"
20211027 041532.057 INFO             PET3 ESMF library build location : /glade/scratch/mpotts/gfortran_9.1.0_mpt_O_main
20211027 041532.057 INFO             PET3 ESMF_COMM                   : mpt
20211027 041532.057 INFO             PET3 ESMF_MOAB                   : enabled
20211027 041532.057 INFO             PET3 ESMF_LAPACK                 : enabled
20211027 041532.057 INFO             PET3 ESMF_NETCDF                 : enabled
20211027 041532.057 INFO             PET3 ESMF_PNETCDF                : disabled
20211027 041532.057 INFO             PET3 ESMF_PIO                    : enabled
20211027 041532.057 INFO             PET3 ESMF_YAMLCPP                : enabled
20211027 041532.095 DEBUG            PET3 about to destroy Grid: 0x2b877f0
20211027 041532.099 DEBUG            PET3 about to destroy Grid: 0x2b88b20
20211027 041532.110 INFO             PET3  NUMBER_OF_PROCESSORS           4
20211027 041532.110 INFO             PET3  PASS  Example ESMF_NUOPCAtmModelEx, ESMF_NUOPCAtmModelEx.F90, line 806
20211027 041532.110 INFO             PET3 Finalizing ESMF
