build time -- 2021-10-29 06:28:23
20211029 065254.090 INFO             PET0 !!!!!!!!!!!!!!!!!!!!!!!!!!!!!!!!!!!!!!!!!!!!!!!!!!!!!!
20211029 065254.090 INFO             PET0 !!! THE ESMF_LOG IS SET TO OUTPUT ALL LOG MESSAGES !!!
20211029 065254.090 INFO             PET0 !!!     THIS MAY CAUSE SLOWDOWN IN PERFORMANCE     !!!
20211029 065254.090 INFO             PET0 !!! FOR PRODUCTION RUNS, USE:                      !!!
20211029 065254.090 INFO             PET0 !!!                   ESMF_LOGKIND_Multi_On_Error  !!!
20211029 065254.090 INFO             PET0 !!!!!!!!!!!!!!!!!!!!!!!!!!!!!!!!!!!!!!!!!!!!!!!!!!!!!!
20211029 065254.090 INFO             PET0 Running with ESMF Version   : ESMF_8_2_0
20211029 065254.090 INFO             PET0 ESMF library build date/time: "Oct 29 2021" "06:26:21"
20211029 065254.090 INFO             PET0 ESMF library build location : /scratch1/NCEPDEV/stmp2/Mark.Potts/intel_18.0.4_mpiuni_O_main
20211029 065254.090 INFO             PET0 ESMF_COMM                   : mpiuni
20211029 065254.091 INFO             PET0 ESMF_MOAB                   : enabled
20211029 065254.091 INFO             PET0 ESMF_LAPACK                 : enabled
20211029 065254.091 INFO             PET0 ESMF_NETCDF                 : enabled
20211029 065254.091 INFO             PET0 ESMF_PNETCDF                : disabled
20211029 065254.091 INFO             PET0 ESMF_PIO                    : disabled
20211029 065254.091 INFO             PET0 ESMF_YAMLCPP                : enabled
20211029 065254.091 INFO             PET0  NUMBER_OF_PROCESSORS           1
20211029 065254.092 INFO             PET0  PASS  Example ESMF_VMGetMPICommunicatorEx, ESMF_VMGetMPICommunicatorEx.F90, line 95
20211029 065254.092 INFO             PET0 Finalizing ESMF
