build time -- 2021-12-01 03:48:46.874630
20211201 041843.954 INFO             PET0 !!!!!!!!!!!!!!!!!!!!!!!!!!!!!!!!!!!!!!!!!!!!!!!!!!!!!!
20211201 041843.954 INFO             PET0 !!! THE ESMF_LOG IS SET TO OUTPUT ALL LOG MESSAGES !!!
20211201 041843.954 INFO             PET0 !!!     THIS MAY CAUSE SLOWDOWN IN PERFORMANCE     !!!
20211201 041843.954 INFO             PET0 !!! FOR PRODUCTION RUNS, USE:                      !!!
20211201 041843.954 INFO             PET0 !!!                   ESMF_LOGKIND_Multi_On_Error  !!!
20211201 041843.954 INFO             PET0 !!!!!!!!!!!!!!!!!!!!!!!!!!!!!!!!!!!!!!!!!!!!!!!!!!!!!!
20211201 041843.954 INFO             PET0 Running with ESMF Version   : ESMF_8_3_0_beta_snapshot_03
20211201 041843.954 INFO             PET0 ESMF library build date/time: "Dec  1 2021" "03:46:35"
20211201 041843.954 INFO             PET0 ESMF library build location : /glade/scratch/mpotts/gfortran_10.1.0_openmpi_O_develop
20211201 041843.954 INFO             PET0 ESMF_COMM                   : openmpi
20211201 041843.954 INFO             PET0 ESMF_MOAB                   : enabled
20211201 041843.954 INFO             PET0 ESMF_LAPACK                 : enabled
20211201 041843.954 INFO             PET0 ESMF_NETCDF                 : enabled
20211201 041843.954 INFO             PET0 ESMF_PNETCDF                : disabled
20211201 041843.954 INFO             PET0 ESMF_PIO                    : enabled
20211201 041843.954 INFO             PET0 ESMF_YAMLCPP                : enabled
20211201 041843.955 INFO             PET0  NUMBER_OF_PROCESSORS           1
20211201 041843.955 INFO             PET0  PASS  Example ESMF_AlarmEx, ESMF_AlarmEx.F90, line 244
20211201 041843.955 INFO             PET0 Finalizing ESMF
