build time -- 2021-10-06 03:52:03.303277
20211006 042154.646 INFO             PET0 !!!!!!!!!!!!!!!!!!!!!!!!!!!!!!!!!!!!!!!!!!!!!!!!!!!!!!
20211006 042154.647 INFO             PET0 !!! THE ESMF_LOG IS SET TO OUTPUT ALL LOG MESSAGES !!!
20211006 042154.647 INFO             PET0 !!!     THIS MAY CAUSE SLOWDOWN IN PERFORMANCE     !!!
20211006 042154.647 INFO             PET0 !!! FOR PRODUCTION RUNS, USE:                      !!!
20211006 042154.647 INFO             PET0 !!!                   ESMF_LOGKIND_Multi_On_Error  !!!
20211006 042154.647 INFO             PET0 !!!!!!!!!!!!!!!!!!!!!!!!!!!!!!!!!!!!!!!!!!!!!!!!!!!!!!
20211006 042154.647 INFO             PET0 Running with ESMF Version   : ESMF_8_3_0_beta_snapshot_00-1-ge61c3b7666
20211006 042154.647 INFO             PET0 ESMF library build date/time: "Oct  6 2021" "03:49:31"
20211006 042154.647 INFO             PET0 ESMF library build location : /glade/scratch/mpotts/gfortran_10.1.0_openmpi_O_develop
20211006 042154.647 INFO             PET0 ESMF_COMM                   : openmpi
20211006 042154.647 INFO             PET0 ESMF_MOAB                   : enabled
20211006 042154.647 INFO             PET0 ESMF_LAPACK                 : enabled
20211006 042154.647 INFO             PET0 ESMF_NETCDF                 : enabled
20211006 042154.647 INFO             PET0 ESMF_PNETCDF                : disabled
20211006 042154.647 INFO             PET0 ESMF_PIO                    : enabled
20211006 042154.647 INFO             PET0 ESMF_YAMLCPP                : enabled
20211006 042154.648 INFO             PET0  NUMBER_OF_PROCESSORS           4
20211006 042154.648 INFO             PET0  PASS  Example ESMF_VMUserMpiCommMultiEx, ESMF_VMUserMpiCommMultiEx.F90, line 126
20211006 042154.648 INFO             PET0 Finalizing ESMF
20211006 042154.648 INFO             PET0 !!!!!!!!!!!!!!!!!!!!!!!!!!!!!!!!!!!!!!!!!!!!!!!!!!!!!!
20211006 042154.648 INFO             PET0 !!! THE ESMF_LOG IS SET TO OUTPUT ALL LOG MESSAGES !!!
20211006 042154.648 INFO             PET0 !!!     THIS MAY CAUSE SLOWDOWN IN PERFORMANCE     !!!
20211006 042154.648 INFO             PET0 !!! FOR PRODUCTION RUNS, USE:                      !!!
20211006 042154.648 INFO             PET0 !!!                   ESMF_LOGKIND_Multi_On_Error  !!!
20211006 042154.648 INFO             PET0 !!!!!!!!!!!!!!!!!!!!!!!!!!!!!!!!!!!!!!!!!!!!!!!!!!!!!!
20211006 042154.648 INFO             PET0 Running with ESMF Version   : ESMF_8_3_0_beta_snapshot_00-1-ge61c3b7666
20211006 042154.648 INFO             PET0 ESMF library build date/time: "Oct  6 2021" "03:49:31"
20211006 042154.648 INFO             PET0 ESMF library build location : /glade/scratch/mpotts/gfortran_10.1.0_openmpi_O_develop
20211006 042154.648 INFO             PET0 ESMF_COMM                   : openmpi
20211006 042154.648 INFO             PET0 ESMF_MOAB                   : enabled
20211006 042154.648 INFO             PET0 ESMF_LAPACK                 : enabled
20211006 042154.648 INFO             PET0 ESMF_NETCDF                 : enabled
20211006 042154.648 INFO             PET0 ESMF_PNETCDF                : disabled
20211006 042154.648 INFO             PET0 ESMF_PIO                    : enabled
20211006 042154.648 INFO             PET0 ESMF_YAMLCPP                : enabled
20211006 042154.649 INFO             PET0  NUMBER_OF_PROCESSORS           4
20211006 042154.649 INFO             PET0  PASS  Example ESMF_VMUserMpiCommMultiEx, ESMF_VMUserMpiCommMultiEx.F90, line 154
20211006 042154.649 INFO             PET0 Finalizing ESMF
20211006 042154.647 INFO             PET1 !!!!!!!!!!!!!!!!!!!!!!!!!!!!!!!!!!!!!!!!!!!!!!!!!!!!!!
20211006 042154.647 INFO             PET1 !!! THE ESMF_LOG IS SET TO OUTPUT ALL LOG MESSAGES !!!
20211006 042154.647 INFO             PET1 !!!     THIS MAY CAUSE SLOWDOWN IN PERFORMANCE     !!!
20211006 042154.648 INFO             PET1 !!! FOR PRODUCTION RUNS, USE:                      !!!
20211006 042154.648 INFO             PET1 !!!                   ESMF_LOGKIND_Multi_On_Error  !!!
20211006 042154.648 INFO             PET1 !!!!!!!!!!!!!!!!!!!!!!!!!!!!!!!!!!!!!!!!!!!!!!!!!!!!!!
20211006 042154.648 INFO             PET1 Running with ESMF Version   : ESMF_8_3_0_beta_snapshot_00-1-ge61c3b7666
20211006 042154.648 INFO             PET1 ESMF library build date/time: "Oct  6 2021" "03:49:31"
20211006 042154.648 INFO             PET1 ESMF library build location : /glade/scratch/mpotts/gfortran_10.1.0_openmpi_O_develop
20211006 042154.648 INFO             PET1 ESMF_COMM                   : openmpi
20211006 042154.648 INFO             PET1 ESMF_MOAB                   : enabled
20211006 042154.648 INFO             PET1 ESMF_LAPACK                 : enabled
20211006 042154.648 INFO             PET1 ESMF_NETCDF                 : enabled
20211006 042154.648 INFO             PET1 ESMF_PNETCDF                : disabled
20211006 042154.648 INFO             PET1 ESMF_PIO                    : enabled
20211006 042154.648 INFO             PET1 ESMF_YAMLCPP                : enabled
20211006 042154.648 INFO             PET1  NUMBER_OF_PROCESSORS           4
20211006 042154.648 INFO             PET1  PASS  Example ESMF_VMUserMpiCommMultiEx, ESMF_VMUserMpiCommMultiEx.F90, line 126
20211006 042154.648 INFO             PET1 Finalizing ESMF
20211006 042154.649 INFO             PET1 !!!!!!!!!!!!!!!!!!!!!!!!!!!!!!!!!!!!!!!!!!!!!!!!!!!!!!
20211006 042154.649 INFO             PET1 !!! THE ESMF_LOG IS SET TO OUTPUT ALL LOG MESSAGES !!!
20211006 042154.649 INFO             PET1 !!!     THIS MAY CAUSE SLOWDOWN IN PERFORMANCE     !!!
20211006 042154.649 INFO             PET1 !!! FOR PRODUCTION RUNS, USE:                      !!!
20211006 042154.649 INFO             PET1 !!!                   ESMF_LOGKIND_Multi_On_Error  !!!
20211006 042154.649 INFO             PET1 !!!!!!!!!!!!!!!!!!!!!!!!!!!!!!!!!!!!!!!!!!!!!!!!!!!!!!
20211006 042154.649 INFO             PET1 Running with ESMF Version   : ESMF_8_3_0_beta_snapshot_00-1-ge61c3b7666
20211006 042154.649 INFO             PET1 ESMF library build date/time: "Oct  6 2021" "03:49:31"
20211006 042154.649 INFO             PET1 ESMF library build location : /glade/scratch/mpotts/gfortran_10.1.0_openmpi_O_develop
20211006 042154.649 INFO             PET1 ESMF_COMM                   : openmpi
20211006 042154.649 INFO             PET1 ESMF_MOAB                   : enabled
20211006 042154.649 INFO             PET1 ESMF_LAPACK                 : enabled
20211006 042154.649 INFO             PET1 ESMF_NETCDF                 : enabled
20211006 042154.649 INFO             PET1 ESMF_PNETCDF                : disabled
20211006 042154.649 INFO             PET1 ESMF_PIO                    : enabled
20211006 042154.649 INFO             PET1 ESMF_YAMLCPP                : enabled
20211006 042154.649 INFO             PET1  NUMBER_OF_PROCESSORS           4
20211006 042154.649 INFO             PET1  PASS  Example ESMF_VMUserMpiCommMultiEx, ESMF_VMUserMpiCommMultiEx.F90, line 154
20211006 042154.649 INFO             PET1 Finalizing ESMF
