build time -- 2022-01-24 01:35:52.313023
20220124 023308.638 INFO             PET0 !!!!!!!!!!!!!!!!!!!!!!!!!!!!!!!!!!!!!!!!!!!!!!!!!!!!!!
20220124 023308.639 INFO             PET0 !!! THE ESMF_LOG IS SET TO OUTPUT ALL LOG MESSAGES !!!
20220124 023308.639 INFO             PET0 !!!     THIS MAY CAUSE SLOWDOWN IN PERFORMANCE     !!!
20220124 023308.639 INFO             PET0 !!! FOR PRODUCTION RUNS, USE:                      !!!
20220124 023308.639 INFO             PET0 !!!                   ESMF_LOGKIND_Multi_On_Error  !!!
20220124 023308.639 INFO             PET0 !!!!!!!!!!!!!!!!!!!!!!!!!!!!!!!!!!!!!!!!!!!!!!!!!!!!!!
20220124 023308.639 INFO             PET0 Running with ESMF Version   : ESMF_8_3_0_beta_snapshot_06-71-gddb9877862
20220124 023308.639 INFO             PET0 ESMF library build date/time: "Jan 24 2022" "01:32:05"
20220124 023308.639 INFO             PET0 ESMF library build location : /gpfsm/dnb04/projects/p98/mpotts/esmf/pgi_2020_mpiuni_O_jedwards_pio_update
20220124 023308.639 INFO             PET0 ESMF_COMM                   : mpiuni
20220124 023308.639 INFO             PET0 ESMF_MOAB                   : enabled
20220124 023308.639 INFO             PET0 ESMF_LAPACK                 : enabled
20220124 023308.639 INFO             PET0 ESMF_NETCDF                 : disabled
20220124 023308.639 INFO             PET0 ESMF_PNETCDF                : disabled
20220124 023308.639 INFO             PET0 ESMF_PIO                    : disabled
20220124 023308.639 INFO             PET0 ESMF_YAMLCPP                : enabled
20220124 023308.639 INFO             PET0  NUMBER_OF_PROCESSORS            1
20220124 023308.639 INFO             PET0  PASS  Example ESMF_InternalStateEx, ESMF_InternalStateEx.F90, line 132
20220124 023308.639 INFO             PET0 Finalizing ESMF
20220124 023308.639 INFO             PET0 ESMCI_IO_Handler.C:355 ESMCI::IO_Handler::finalize() before return, localrc = 0
