build time -- 2021-10-28 04:15:01.450356
20211028 052410.183 INFO             PET0 !!!!!!!!!!!!!!!!!!!!!!!!!!!!!!!!!!!!!!!!!!!!!!!!!!!!!!
20211028 052410.183 INFO             PET0 !!! THE ESMF_LOG IS SET TO OUTPUT ALL LOG MESSAGES !!!
20211028 052410.183 INFO             PET0 !!!     THIS MAY CAUSE SLOWDOWN IN PERFORMANCE     !!!
20211028 052410.183 INFO             PET0 !!! FOR PRODUCTION RUNS, USE:                      !!!
20211028 052410.183 INFO             PET0 !!!                   ESMF_LOGKIND_Multi_On_Error  !!!
20211028 052410.183 INFO             PET0 !!!!!!!!!!!!!!!!!!!!!!!!!!!!!!!!!!!!!!!!!!!!!!!!!!!!!!
20211028 052410.183 INFO             PET0 Running with ESMF Version   : ESMF_8_2_0
20211028 052410.183 INFO             PET0 ESMF library build date/time: "Oct 28 2021" "04:08:18"
20211028 052410.183 INFO             PET0 ESMF library build location : /glade/scratch/mpotts/intel_18.0.5_intelmpi_g_main
20211028 052410.183 INFO             PET0 ESMF_COMM                   : intelmpi
20211028 052410.184 INFO             PET0 ESMF_MOAB                   : enabled
20211028 052410.184 INFO             PET0 ESMF_LAPACK                 : enabled
20211028 052410.184 INFO             PET0 ESMF_NETCDF                 : enabled
20211028 052410.184 INFO             PET0 ESMF_PNETCDF                : disabled
20211028 052410.184 INFO             PET0 ESMF_PIO                    : enabled
20211028 052410.184 INFO             PET0 ESMF_YAMLCPP                : enabled
20211028 052410.347 DEBUG            PET0 about to destroy Grid: 0x1a98710
20211028 052410.377 DEBUG            PET0 about to destroy Grid: 0x1a9a540
20211028 052410.431 INFO             PET0  NUMBER_OF_PROCESSORS           4
20211028 052410.431 INFO             PET0  PASS  Example ESMF_NUOPCAtmModelEx, ESMF_NUOPCAtmModelEx.F90, line 806
20211028 052410.431 INFO             PET0 Finalizing ESMF
20211028 052410.183 INFO             PET1 !!!!!!!!!!!!!!!!!!!!!!!!!!!!!!!!!!!!!!!!!!!!!!!!!!!!!!
20211028 052410.183 INFO             PET1 !!! THE ESMF_LOG IS SET TO OUTPUT ALL LOG MESSAGES !!!
20211028 052410.183 INFO             PET1 !!!     THIS MAY CAUSE SLOWDOWN IN PERFORMANCE     !!!
20211028 052410.183 INFO             PET1 !!! FOR PRODUCTION RUNS, USE:                      !!!
20211028 052410.183 INFO             PET1 !!!                   ESMF_LOGKIND_Multi_On_Error  !!!
20211028 052410.183 INFO             PET1 !!!!!!!!!!!!!!!!!!!!!!!!!!!!!!!!!!!!!!!!!!!!!!!!!!!!!!
20211028 052410.183 INFO             PET1 Running with ESMF Version   : ESMF_8_2_0
20211028 052410.183 INFO             PET1 ESMF library build date/time: "Oct 28 2021" "04:08:18"
20211028 052410.183 INFO             PET1 ESMF library build location : /glade/scratch/mpotts/intel_18.0.5_intelmpi_g_main
20211028 052410.183 INFO             PET1 ESMF_COMM                   : intelmpi
20211028 052410.183 INFO             PET1 ESMF_MOAB                   : enabled
20211028 052410.183 INFO             PET1 ESMF_LAPACK                 : enabled
20211028 052410.183 INFO             PET1 ESMF_NETCDF                 : enabled
20211028 052410.183 INFO             PET1 ESMF_PNETCDF                : disabled
20211028 052410.183 INFO             PET1 ESMF_PIO                    : enabled
20211028 052410.183 INFO             PET1 ESMF_YAMLCPP                : enabled
20211028 052410.347 DEBUG            PET1 about to destroy Grid: 0x1816270
20211028 052410.377 DEBUG            PET1 about to destroy Grid: 0x1816d00
20211028 052410.430 INFO             PET1  NUMBER_OF_PROCESSORS           4
20211028 052410.430 INFO             PET1  PASS  Example ESMF_NUOPCAtmModelEx, ESMF_NUOPCAtmModelEx.F90, line 806
20211028 052410.430 INFO             PET1 Finalizing ESMF
20211028 052410.183 INFO             PET2 !!!!!!!!!!!!!!!!!!!!!!!!!!!!!!!!!!!!!!!!!!!!!!!!!!!!!!
20211028 052410.183 INFO             PET2 !!! THE ESMF_LOG IS SET TO OUTPUT ALL LOG MESSAGES !!!
20211028 052410.183 INFO             PET2 !!!     THIS MAY CAUSE SLOWDOWN IN PERFORMANCE     !!!
20211028 052410.183 INFO             PET2 !!! FOR PRODUCTION RUNS, USE:                      !!!
20211028 052410.183 INFO             PET2 !!!                   ESMF_LOGKIND_Multi_On_Error  !!!
20211028 052410.183 INFO             PET2 !!!!!!!!!!!!!!!!!!!!!!!!!!!!!!!!!!!!!!!!!!!!!!!!!!!!!!
20211028 052410.183 INFO             PET2 Running with ESMF Version   : ESMF_8_2_0
20211028 052410.183 INFO             PET2 ESMF library build date/time: "Oct 28 2021" "04:08:18"
20211028 052410.183 INFO             PET2 ESMF library build location : /glade/scratch/mpotts/intel_18.0.5_intelmpi_g_main
20211028 052410.183 INFO             PET2 ESMF_COMM                   : intelmpi
20211028 052410.184 INFO             PET2 ESMF_MOAB                   : enabled
20211028 052410.184 INFO             PET2 ESMF_LAPACK                 : enabled
20211028 052410.184 INFO             PET2 ESMF_NETCDF                 : enabled
20211028 052410.184 INFO             PET2 ESMF_PNETCDF                : disabled
20211028 052410.184 INFO             PET2 ESMF_PIO                    : enabled
20211028 052410.184 INFO             PET2 ESMF_YAMLCPP                : enabled
20211028 052410.347 DEBUG            PET2 about to destroy Grid: 0x1651270
20211028 052410.377 DEBUG            PET2 about to destroy Grid: 0x1651d00
20211028 052410.430 INFO             PET2  NUMBER_OF_PROCESSORS           4
20211028 052410.430 INFO             PET2  PASS  Example ESMF_NUOPCAtmModelEx, ESMF_NUOPCAtmModelEx.F90, line 806
20211028 052410.430 INFO             PET2 Finalizing ESMF
20211028 052410.183 INFO             PET3 !!!!!!!!!!!!!!!!!!!!!!!!!!!!!!!!!!!!!!!!!!!!!!!!!!!!!!
20211028 052410.183 INFO             PET3 !!! THE ESMF_LOG IS SET TO OUTPUT ALL LOG MESSAGES !!!
20211028 052410.183 INFO             PET3 !!!     THIS MAY CAUSE SLOWDOWN IN PERFORMANCE     !!!
20211028 052410.183 INFO             PET3 !!! FOR PRODUCTION RUNS, USE:                      !!!
20211028 052410.183 INFO             PET3 !!!                   ESMF_LOGKIND_Multi_On_Error  !!!
20211028 052410.183 INFO             PET3 !!!!!!!!!!!!!!!!!!!!!!!!!!!!!!!!!!!!!!!!!!!!!!!!!!!!!!
20211028 052410.183 INFO             PET3 Running with ESMF Version   : ESMF_8_2_0
20211028 052410.183 INFO             PET3 ESMF library build date/time: "Oct 28 2021" "04:08:18"
20211028 052410.183 INFO             PET3 ESMF library build location : /glade/scratch/mpotts/intel_18.0.5_intelmpi_g_main
20211028 052410.183 INFO             PET3 ESMF_COMM                   : intelmpi
20211028 052410.184 INFO             PET3 ESMF_MOAB                   : enabled
20211028 052410.184 INFO             PET3 ESMF_LAPACK                 : enabled
20211028 052410.184 INFO             PET3 ESMF_NETCDF                 : enabled
20211028 052410.184 INFO             PET3 ESMF_PNETCDF                : disabled
20211028 052410.184 INFO             PET3 ESMF_PIO                    : enabled
20211028 052410.184 INFO             PET3 ESMF_YAMLCPP                : enabled
20211028 052410.347 DEBUG            PET3 about to destroy Grid: 0x1dcc270
20211028 052410.377 DEBUG            PET3 about to destroy Grid: 0x1dccd00
20211028 052410.430 INFO             PET3  NUMBER_OF_PROCESSORS           4
20211028 052410.430 INFO             PET3  PASS  Example ESMF_NUOPCAtmModelEx, ESMF_NUOPCAtmModelEx.F90, line 806
20211028 052410.430 INFO             PET3 Finalizing ESMF
