build time -- 2021-10-25 03:40:24.555812
20211025 035948.018 INFO             PET0 !!!!!!!!!!!!!!!!!!!!!!!!!!!!!!!!!!!!!!!!!!!!!!!!!!!!!!
20211025 035948.019 INFO             PET0 !!! THE ESMF_LOG IS SET TO OUTPUT ALL LOG MESSAGES !!!
20211025 035948.019 INFO             PET0 !!!     THIS MAY CAUSE SLOWDOWN IN PERFORMANCE     !!!
20211025 035948.019 INFO             PET0 !!! FOR PRODUCTION RUNS, USE:                      !!!
20211025 035948.019 INFO             PET0 !!!                   ESMF_LOGKIND_Multi_On_Error  !!!
20211025 035948.019 INFO             PET0 !!!!!!!!!!!!!!!!!!!!!!!!!!!!!!!!!!!!!!!!!!!!!!!!!!!!!!
20211025 035948.019 INFO             PET0 Running with ESMF Version   : ESMF_8_2_0_beta_snapshot_23-1-g304824bdb1
20211025 035948.019 INFO             PET0 ESMF library build date/time: "Oct 25 2021" "03:38:57"
20211025 035948.019 INFO             PET0 ESMF library build location : /home/mpotts/intel_2021.2_intelmpi_g_release_8.2.0
20211025 035948.019 INFO             PET0 ESMF_COMM                   : intelmpi
20211025 035948.019 INFO             PET0 ESMF_MOAB                   : enabled
20211025 035948.019 INFO             PET0 ESMF_LAPACK                 : enabled
20211025 035948.019 INFO             PET0 ESMF_NETCDF                 : enabled
20211025 035948.019 INFO             PET0 ESMF_PNETCDF                : disabled
20211025 035948.019 INFO             PET0 ESMF_PIO                    : enabled
20211025 035948.019 INFO             PET0 ESMF_YAMLCPP                : enabled
20211025 035948.025 INFO             PET0 ESMF_FieldRedistStoreNF(): Just entered routine.
20211025 035948.031 INFO             PET0 ESMF_FieldRedistStoreNF(): Leaving routine.
20211025 035948.045 INFO             PET0 ESMF_FieldRedistStoreNF(): Just entered routine.
20211025 035948.047 INFO             PET0 ESMF_FieldRedistStoreNF(): Leaving routine.
20211025 035948.047 INFO             PET0 ESMF_FieldRedistStoreNF(): Just entered routine.
20211025 035948.050 INFO             PET0 ESMF_FieldRedistStoreNF(): Leaving routine.
20211025 035948.050 INFO             PET0  NUMBER_OF_PROCESSORS           4
20211025 035948.050 INFO             PET0  PASS  Example ESMF_FieldRedistEx, ESMF_FieldRedistEx.F90, line 521
20211025 035948.050 INFO             PET0 Finalizing ESMF
20211025 035948.018 INFO             PET1 !!!!!!!!!!!!!!!!!!!!!!!!!!!!!!!!!!!!!!!!!!!!!!!!!!!!!!
20211025 035948.019 INFO             PET1 !!! THE ESMF_LOG IS SET TO OUTPUT ALL LOG MESSAGES !!!
20211025 035948.019 INFO             PET1 !!!     THIS MAY CAUSE SLOWDOWN IN PERFORMANCE     !!!
20211025 035948.019 INFO             PET1 !!! FOR PRODUCTION RUNS, USE:                      !!!
20211025 035948.019 INFO             PET1 !!!                   ESMF_LOGKIND_Multi_On_Error  !!!
20211025 035948.019 INFO             PET1 !!!!!!!!!!!!!!!!!!!!!!!!!!!!!!!!!!!!!!!!!!!!!!!!!!!!!!
20211025 035948.019 INFO             PET1 Running with ESMF Version   : ESMF_8_2_0_beta_snapshot_23-1-g304824bdb1
20211025 035948.019 INFO             PET1 ESMF library build date/time: "Oct 25 2021" "03:38:57"
20211025 035948.019 INFO             PET1 ESMF library build location : /home/mpotts/intel_2021.2_intelmpi_g_release_8.2.0
20211025 035948.019 INFO             PET1 ESMF_COMM                   : intelmpi
20211025 035948.019 INFO             PET1 ESMF_MOAB                   : enabled
20211025 035948.019 INFO             PET1 ESMF_LAPACK                 : enabled
20211025 035948.019 INFO             PET1 ESMF_NETCDF                 : enabled
20211025 035948.019 INFO             PET1 ESMF_PNETCDF                : disabled
20211025 035948.019 INFO             PET1 ESMF_PIO                    : enabled
20211025 035948.019 INFO             PET1 ESMF_YAMLCPP                : enabled
20211025 035948.025 INFO             PET1 ESMF_FieldRedistStoreNF(): Just entered routine.
20211025 035948.031 INFO             PET1 ESMF_FieldRedistStoreNF(): Leaving routine.
20211025 035948.045 INFO             PET1 ESMF_FieldRedistStoreNF(): Just entered routine.
20211025 035948.047 INFO             PET1 ESMF_FieldRedistStoreNF(): Leaving routine.
20211025 035948.047 INFO             PET1 ESMF_FieldRedistStoreNF(): Just entered routine.
20211025 035948.050 INFO             PET1 ESMF_FieldRedistStoreNF(): Leaving routine.
20211025 035948.050 INFO             PET1  NUMBER_OF_PROCESSORS           4
20211025 035948.050 INFO             PET1  PASS  Example ESMF_FieldRedistEx, ESMF_FieldRedistEx.F90, line 521
20211025 035948.050 INFO             PET1 Finalizing ESMF
20211025 035948.018 INFO             PET2 !!!!!!!!!!!!!!!!!!!!!!!!!!!!!!!!!!!!!!!!!!!!!!!!!!!!!!
20211025 035948.019 INFO             PET2 !!! THE ESMF_LOG IS SET TO OUTPUT ALL LOG MESSAGES !!!
20211025 035948.019 INFO             PET2 !!!     THIS MAY CAUSE SLOWDOWN IN PERFORMANCE     !!!
20211025 035948.019 INFO             PET2 !!! FOR PRODUCTION RUNS, USE:                      !!!
20211025 035948.019 INFO             PET2 !!!                   ESMF_LOGKIND_Multi_On_Error  !!!
20211025 035948.019 INFO             PET2 !!!!!!!!!!!!!!!!!!!!!!!!!!!!!!!!!!!!!!!!!!!!!!!!!!!!!!
20211025 035948.019 INFO             PET2 Running with ESMF Version   : ESMF_8_2_0_beta_snapshot_23-1-g304824bdb1
20211025 035948.019 INFO             PET2 ESMF library build date/time: "Oct 25 2021" "03:38:57"
20211025 035948.019 INFO             PET2 ESMF library build location : /home/mpotts/intel_2021.2_intelmpi_g_release_8.2.0
20211025 035948.019 INFO             PET2 ESMF_COMM                   : intelmpi
20211025 035948.019 INFO             PET2 ESMF_MOAB                   : enabled
20211025 035948.019 INFO             PET2 ESMF_LAPACK                 : enabled
20211025 035948.019 INFO             PET2 ESMF_NETCDF                 : enabled
20211025 035948.019 INFO             PET2 ESMF_PNETCDF                : disabled
20211025 035948.019 INFO             PET2 ESMF_PIO                    : enabled
20211025 035948.019 INFO             PET2 ESMF_YAMLCPP                : enabled
20211025 035948.025 INFO             PET2 ESMF_FieldRedistStoreNF(): Just entered routine.
20211025 035948.031 INFO             PET2 ESMF_FieldRedistStoreNF(): Leaving routine.
20211025 035948.045 INFO             PET2 ESMF_FieldRedistStoreNF(): Just entered routine.
20211025 035948.047 INFO             PET2 ESMF_FieldRedistStoreNF(): Leaving routine.
20211025 035948.047 INFO             PET2 ESMF_FieldRedistStoreNF(): Just entered routine.
20211025 035948.050 INFO             PET2 ESMF_FieldRedistStoreNF(): Leaving routine.
20211025 035948.050 INFO             PET2  NUMBER_OF_PROCESSORS           4
20211025 035948.050 INFO             PET2  PASS  Example ESMF_FieldRedistEx, ESMF_FieldRedistEx.F90, line 521
20211025 035948.050 INFO             PET2 Finalizing ESMF
20211025 035948.018 INFO             PET3 !!!!!!!!!!!!!!!!!!!!!!!!!!!!!!!!!!!!!!!!!!!!!!!!!!!!!!
20211025 035948.019 INFO             PET3 !!! THE ESMF_LOG IS SET TO OUTPUT ALL LOG MESSAGES !!!
20211025 035948.019 INFO             PET3 !!!     THIS MAY CAUSE SLOWDOWN IN PERFORMANCE     !!!
20211025 035948.019 INFO             PET3 !!! FOR PRODUCTION RUNS, USE:                      !!!
20211025 035948.019 INFO             PET3 !!!                   ESMF_LOGKIND_Multi_On_Error  !!!
20211025 035948.019 INFO             PET3 !!!!!!!!!!!!!!!!!!!!!!!!!!!!!!!!!!!!!!!!!!!!!!!!!!!!!!
20211025 035948.019 INFO             PET3 Running with ESMF Version   : ESMF_8_2_0_beta_snapshot_23-1-g304824bdb1
20211025 035948.019 INFO             PET3 ESMF library build date/time: "Oct 25 2021" "03:38:57"
20211025 035948.019 INFO             PET3 ESMF library build location : /home/mpotts/intel_2021.2_intelmpi_g_release_8.2.0
20211025 035948.019 INFO             PET3 ESMF_COMM                   : intelmpi
20211025 035948.019 INFO             PET3 ESMF_MOAB                   : enabled
20211025 035948.019 INFO             PET3 ESMF_LAPACK                 : enabled
20211025 035948.019 INFO             PET3 ESMF_NETCDF                 : enabled
20211025 035948.019 INFO             PET3 ESMF_PNETCDF                : disabled
20211025 035948.019 INFO             PET3 ESMF_PIO                    : enabled
20211025 035948.019 INFO             PET3 ESMF_YAMLCPP                : enabled
20211025 035948.025 INFO             PET3 ESMF_FieldRedistStoreNF(): Just entered routine.
20211025 035948.031 INFO             PET3 ESMF_FieldRedistStoreNF(): Leaving routine.
20211025 035948.045 INFO             PET3 ESMF_FieldRedistStoreNF(): Just entered routine.
20211025 035948.047 INFO             PET3 ESMF_FieldRedistStoreNF(): Leaving routine.
20211025 035948.047 INFO             PET3 ESMF_FieldRedistStoreNF(): Just entered routine.
20211025 035948.050 INFO             PET3 ESMF_FieldRedistStoreNF(): Leaving routine.
20211025 035948.050 INFO             PET3  NUMBER_OF_PROCESSORS           4
20211025 035948.050 INFO             PET3  PASS  Example ESMF_FieldRedistEx, ESMF_FieldRedistEx.F90, line 521
20211025 035948.050 INFO             PET3 Finalizing ESMF
