build time -- 2021-10-09 06:31:46
20211009 065622.678 INFO             PET0 !!!!!!!!!!!!!!!!!!!!!!!!!!!!!!!!!!!!!!!!!!!!!!!!!!!!!!
20211009 065622.678 INFO             PET0 !!! THE ESMF_LOG IS SET TO OUTPUT ALL LOG MESSAGES !!!
20211009 065622.678 INFO             PET0 !!!     THIS MAY CAUSE SLOWDOWN IN PERFORMANCE     !!!
20211009 065622.678 INFO             PET0 !!! FOR PRODUCTION RUNS, USE:                      !!!
20211009 065622.678 INFO             PET0 !!!                   ESMF_LOGKIND_Multi_On_Error  !!!
20211009 065622.678 INFO             PET0 !!!!!!!!!!!!!!!!!!!!!!!!!!!!!!!!!!!!!!!!!!!!!!!!!!!!!!
20211009 065622.678 INFO             PET0 Running with ESMF Version   : ESMF_8_2_0_beta_snapshot_21-1-g86aff4e5a1
20211009 065622.678 INFO             PET0 ESMF library build date/time: "Oct  9 2021" "06:30:35"
20211009 065622.678 INFO             PET0 ESMF library build location : /scratch1/NCEPDEV/stmp2/Mark.Potts/gfortran_9.2.0b_intelmpi_g_release_8.2.0
20211009 065622.678 INFO             PET0 ESMF_COMM                   : intelmpi
20211009 065622.680 INFO             PET0 ESMF_MOAB                   : enabled
20211009 065622.680 INFO             PET0 ESMF_LAPACK                 : enabled
20211009 065622.680 INFO             PET0 ESMF_NETCDF                 : disabled
20211009 065622.680 INFO             PET0 ESMF_PNETCDF                : disabled
20211009 065622.680 INFO             PET0 ESMF_PIO                    : enabled
20211009 065622.680 INFO             PET0 ESMF_YAMLCPP                : enabled
20211009 065622.680 INFO             PET0  NUMBER_OF_PROCESSORS           1
20211009 065622.680 INFO             PET0  PASS  Example ESMF_TimeEx, ESMF_TimeEx.F90, line 141
20211009 065622.680 INFO             PET0 Finalizing ESMF
