build time -- 2021-10-26 08:26:44
20211026 090511.559 INFO             PET0 !!!!!!!!!!!!!!!!!!!!!!!!!!!!!!!!!!!!!!!!!!!!!!!!!!!!!!
20211026 090511.559 INFO             PET0 !!! THE ESMF_LOG IS SET TO OUTPUT ALL LOG MESSAGES !!!
20211026 090511.559 INFO             PET0 !!!     THIS MAY CAUSE SLOWDOWN IN PERFORMANCE     !!!
20211026 090511.559 INFO             PET0 !!! FOR PRODUCTION RUNS, USE:                      !!!
20211026 090511.559 INFO             PET0 !!!                   ESMF_LOGKIND_Multi_On_Error  !!!
20211026 090511.559 INFO             PET0 !!!!!!!!!!!!!!!!!!!!!!!!!!!!!!!!!!!!!!!!!!!!!!!!!!!!!!
20211026 090511.559 INFO             PET0 Running with ESMF Version   : ESMF_8_2_0_beta_snapshot_23-1-g304824bdb1
20211026 090511.559 INFO             PET0 ESMF library build date/time: "Oct 26 2021" "08:25:33"
20211026 090511.559 INFO             PET0 ESMF library build location : /scratch1/NCEPDEV/stmp2/Mark.Potts/gfortran_9.2.0b_intelmpi_g_release_8.2.0
20211026 090511.559 INFO             PET0 ESMF_COMM                   : intelmpi
20211026 090511.562 INFO             PET0 ESMF_MOAB                   : enabled
20211026 090511.562 INFO             PET0 ESMF_LAPACK                 : enabled
20211026 090511.562 INFO             PET0 ESMF_NETCDF                 : disabled
20211026 090511.562 INFO             PET0 ESMF_PNETCDF                : disabled
20211026 090511.562 INFO             PET0 ESMF_PIO                    : enabled
20211026 090511.562 INFO             PET0 ESMF_YAMLCPP                : enabled
20211026 090511.563 ERROR            PET0 ESMF_StateAPI.cppF90:1189 ESMF_StateAddList Object being used before creation  - Bad Object
20211026 090511.566 INFO             PET0  NUMBER_OF_PROCESSORS           4
20211026 090511.566 INFO             PET0  PASS  Example ESMF_StateReconcileEx, ESMF_StateReconcileEx.F90, line 294
20211026 090511.566 INFO             PET0 Finalizing ESMF
20211026 090511.558 INFO             PET1 !!!!!!!!!!!!!!!!!!!!!!!!!!!!!!!!!!!!!!!!!!!!!!!!!!!!!!
20211026 090511.559 INFO             PET1 !!! THE ESMF_LOG IS SET TO OUTPUT ALL LOG MESSAGES !!!
20211026 090511.559 INFO             PET1 !!!     THIS MAY CAUSE SLOWDOWN IN PERFORMANCE     !!!
20211026 090511.559 INFO             PET1 !!! FOR PRODUCTION RUNS, USE:                      !!!
20211026 090511.559 INFO             PET1 !!!                   ESMF_LOGKIND_Multi_On_Error  !!!
20211026 090511.559 INFO             PET1 !!!!!!!!!!!!!!!!!!!!!!!!!!!!!!!!!!!!!!!!!!!!!!!!!!!!!!
20211026 090511.559 INFO             PET1 Running with ESMF Version   : ESMF_8_2_0_beta_snapshot_23-1-g304824bdb1
20211026 090511.559 INFO             PET1 ESMF library build date/time: "Oct 26 2021" "08:25:33"
20211026 090511.559 INFO             PET1 ESMF library build location : /scratch1/NCEPDEV/stmp2/Mark.Potts/gfortran_9.2.0b_intelmpi_g_release_8.2.0
20211026 090511.559 INFO             PET1 ESMF_COMM                   : intelmpi
20211026 090511.562 INFO             PET1 ESMF_MOAB                   : enabled
20211026 090511.562 INFO             PET1 ESMF_LAPACK                 : enabled
20211026 090511.562 INFO             PET1 ESMF_NETCDF                 : disabled
20211026 090511.562 INFO             PET1 ESMF_PNETCDF                : disabled
20211026 090511.562 INFO             PET1 ESMF_PIO                    : enabled
20211026 090511.562 INFO             PET1 ESMF_YAMLCPP                : enabled
20211026 090511.563 ERROR            PET1 ESMF_StateAPI.cppF90:1189 ESMF_StateAddList Object being used before creation  - Bad Object
20211026 090511.566 INFO             PET1  NUMBER_OF_PROCESSORS           4
20211026 090511.566 INFO             PET1  PASS  Example ESMF_StateReconcileEx, ESMF_StateReconcileEx.F90, line 294
20211026 090511.566 INFO             PET1 Finalizing ESMF
20211026 090511.559 INFO             PET2 !!!!!!!!!!!!!!!!!!!!!!!!!!!!!!!!!!!!!!!!!!!!!!!!!!!!!!
20211026 090511.559 INFO             PET2 !!! THE ESMF_LOG IS SET TO OUTPUT ALL LOG MESSAGES !!!
20211026 090511.559 INFO             PET2 !!!     THIS MAY CAUSE SLOWDOWN IN PERFORMANCE     !!!
20211026 090511.559 INFO             PET2 !!! FOR PRODUCTION RUNS, USE:                      !!!
20211026 090511.559 INFO             PET2 !!!                   ESMF_LOGKIND_Multi_On_Error  !!!
20211026 090511.559 INFO             PET2 !!!!!!!!!!!!!!!!!!!!!!!!!!!!!!!!!!!!!!!!!!!!!!!!!!!!!!
20211026 090511.559 INFO             PET2 Running with ESMF Version   : ESMF_8_2_0_beta_snapshot_23-1-g304824bdb1
20211026 090511.559 INFO             PET2 ESMF library build date/time: "Oct 26 2021" "08:25:33"
20211026 090511.559 INFO             PET2 ESMF library build location : /scratch1/NCEPDEV/stmp2/Mark.Potts/gfortran_9.2.0b_intelmpi_g_release_8.2.0
20211026 090511.559 INFO             PET2 ESMF_COMM                   : intelmpi
20211026 090511.562 INFO             PET2 ESMF_MOAB                   : enabled
20211026 090511.562 INFO             PET2 ESMF_LAPACK                 : enabled
20211026 090511.562 INFO             PET2 ESMF_NETCDF                 : disabled
20211026 090511.562 INFO             PET2 ESMF_PNETCDF                : disabled
20211026 090511.562 INFO             PET2 ESMF_PIO                    : enabled
20211026 090511.562 INFO             PET2 ESMF_YAMLCPP                : enabled
20211026 090511.563 ERROR            PET2 ESMF_StateAPI.cppF90:1189 ESMF_StateAddList Object being used before creation  - Bad Object
20211026 090511.566 INFO             PET2  NUMBER_OF_PROCESSORS           4
20211026 090511.566 INFO             PET2  PASS  Example ESMF_StateReconcileEx, ESMF_StateReconcileEx.F90, line 294
20211026 090511.566 INFO             PET2 Finalizing ESMF
20211026 090511.558 INFO             PET3 !!!!!!!!!!!!!!!!!!!!!!!!!!!!!!!!!!!!!!!!!!!!!!!!!!!!!!
20211026 090511.558 INFO             PET3 !!! THE ESMF_LOG IS SET TO OUTPUT ALL LOG MESSAGES !!!
20211026 090511.558 INFO             PET3 !!!     THIS MAY CAUSE SLOWDOWN IN PERFORMANCE     !!!
20211026 090511.558 INFO             PET3 !!! FOR PRODUCTION RUNS, USE:                      !!!
20211026 090511.558 INFO             PET3 !!!                   ESMF_LOGKIND_Multi_On_Error  !!!
20211026 090511.558 INFO             PET3 !!!!!!!!!!!!!!!!!!!!!!!!!!!!!!!!!!!!!!!!!!!!!!!!!!!!!!
20211026 090511.558 INFO             PET3 Running with ESMF Version   : ESMF_8_2_0_beta_snapshot_23-1-g304824bdb1
20211026 090511.558 INFO             PET3 ESMF library build date/time: "Oct 26 2021" "08:25:33"
20211026 090511.558 INFO             PET3 ESMF library build location : /scratch1/NCEPDEV/stmp2/Mark.Potts/gfortran_9.2.0b_intelmpi_g_release_8.2.0
20211026 090511.558 INFO             PET3 ESMF_COMM                   : intelmpi
20211026 090511.562 INFO             PET3 ESMF_MOAB                   : enabled
20211026 090511.562 INFO             PET3 ESMF_LAPACK                 : enabled
20211026 090511.562 INFO             PET3 ESMF_NETCDF                 : disabled
20211026 090511.562 INFO             PET3 ESMF_PNETCDF                : disabled
20211026 090511.562 INFO             PET3 ESMF_PIO                    : enabled
20211026 090511.562 INFO             PET3 ESMF_YAMLCPP                : enabled
20211026 090511.563 ERROR            PET3 ESMF_StateAPI.cppF90:1189 ESMF_StateAddList Object being used before creation  - Bad Object
20211026 090511.566 INFO             PET3  NUMBER_OF_PROCESSORS           4
20211026 090511.566 INFO             PET3  PASS  Example ESMF_StateReconcileEx, ESMF_StateReconcileEx.F90, line 294
20211026 090511.566 INFO             PET3 Finalizing ESMF
