build time -- 2021-10-12 13:36:03
20211012 140110.819 INFO             PET0 !!!!!!!!!!!!!!!!!!!!!!!!!!!!!!!!!!!!!!!!!!!!!!!!!!!!!!
20211012 140110.819 INFO             PET0 !!! THE ESMF_LOG IS SET TO OUTPUT ALL LOG MESSAGES !!!
20211012 140110.819 INFO             PET0 !!!     THIS MAY CAUSE SLOWDOWN IN PERFORMANCE     !!!
20211012 140110.819 INFO             PET0 !!! FOR PRODUCTION RUNS, USE:                      !!!
20211012 140110.819 INFO             PET0 !!!                   ESMF_LOGKIND_Multi_On_Error  !!!
20211012 140110.819 INFO             PET0 !!!!!!!!!!!!!!!!!!!!!!!!!!!!!!!!!!!!!!!!!!!!!!!!!!!!!!
20211012 140110.819 INFO             PET0 Running with ESMF Version   : ESMF_8_2_0_beta_snapshot_21-3-ge04105f13a
20211012 140110.819 INFO             PET0 ESMF library build date/time: "Oct 12 2021" "13:34:53"
20211012 140110.819 INFO             PET0 ESMF library build location : /scratch1/NCEPDEV/stmp2/Mark.Potts/gfortran_9.2.0b_intelmpi_g_release_8.2.0
20211012 140110.819 INFO             PET0 ESMF_COMM                   : intelmpi
20211012 140110.823 INFO             PET0 ESMF_MOAB                   : enabled
20211012 140110.823 INFO             PET0 ESMF_LAPACK                 : enabled
20211012 140110.823 INFO             PET0 ESMF_NETCDF                 : disabled
20211012 140110.823 INFO             PET0 ESMF_PNETCDF                : disabled
20211012 140110.823 INFO             PET0 ESMF_PIO                    : enabled
20211012 140110.823 INFO             PET0 ESMF_YAMLCPP                : enabled
20211012 140110.868 INFO             PET0 ESMF_FieldRedistStoreNF(): Just entered routine.
20211012 140111.145 INFO             PET0 ESMF_FieldRedistStoreNF(): Leaving routine.
20211012 140111.146 INFO             PET0  NUMBER_OF_PROCESSORS           4
20211012 140111.146 INFO             PET0  PASS  Example ESMF_RHandleFromRHandleEx, ESMF_RHandleFromRHandleEx.F90, line 660
20211012 140111.146 INFO             PET0 Finalizing ESMF
20211012 140110.818 INFO             PET1 !!!!!!!!!!!!!!!!!!!!!!!!!!!!!!!!!!!!!!!!!!!!!!!!!!!!!!
20211012 140110.858 INFO             PET1 !!! THE ESMF_LOG IS SET TO OUTPUT ALL LOG MESSAGES !!!
20211012 140110.858 INFO             PET1 !!!     THIS MAY CAUSE SLOWDOWN IN PERFORMANCE     !!!
20211012 140110.858 INFO             PET1 !!! FOR PRODUCTION RUNS, USE:                      !!!
20211012 140110.858 INFO             PET1 !!!                   ESMF_LOGKIND_Multi_On_Error  !!!
20211012 140110.858 INFO             PET1 !!!!!!!!!!!!!!!!!!!!!!!!!!!!!!!!!!!!!!!!!!!!!!!!!!!!!!
20211012 140110.858 INFO             PET1 Running with ESMF Version   : ESMF_8_2_0_beta_snapshot_21-3-ge04105f13a
20211012 140110.858 INFO             PET1 ESMF library build date/time: "Oct 12 2021" "13:34:53"
20211012 140110.858 INFO             PET1 ESMF library build location : /scratch1/NCEPDEV/stmp2/Mark.Potts/gfortran_9.2.0b_intelmpi_g_release_8.2.0
20211012 140110.858 INFO             PET1 ESMF_COMM                   : intelmpi
20211012 140110.859 INFO             PET1 ESMF_MOAB                   : enabled
20211012 140110.859 INFO             PET1 ESMF_LAPACK                 : enabled
20211012 140110.859 INFO             PET1 ESMF_NETCDF                 : disabled
20211012 140110.859 INFO             PET1 ESMF_PNETCDF                : disabled
20211012 140110.859 INFO             PET1 ESMF_PIO                    : enabled
20211012 140110.859 INFO             PET1 ESMF_YAMLCPP                : enabled
20211012 140110.868 INFO             PET1 ESMF_FieldRedistStoreNF(): Just entered routine.
20211012 140111.145 INFO             PET1 ESMF_FieldRedistStoreNF(): Leaving routine.
20211012 140111.146 INFO             PET1  NUMBER_OF_PROCESSORS           4
20211012 140111.146 INFO             PET1  PASS  Example ESMF_RHandleFromRHandleEx, ESMF_RHandleFromRHandleEx.F90, line 660
20211012 140111.146 INFO             PET1 Finalizing ESMF
20211012 140110.819 INFO             PET2 !!!!!!!!!!!!!!!!!!!!!!!!!!!!!!!!!!!!!!!!!!!!!!!!!!!!!!
20211012 140110.819 INFO             PET2 !!! THE ESMF_LOG IS SET TO OUTPUT ALL LOG MESSAGES !!!
20211012 140110.819 INFO             PET2 !!!     THIS MAY CAUSE SLOWDOWN IN PERFORMANCE     !!!
20211012 140110.819 INFO             PET2 !!! FOR PRODUCTION RUNS, USE:                      !!!
20211012 140110.819 INFO             PET2 !!!                   ESMF_LOGKIND_Multi_On_Error  !!!
20211012 140110.819 INFO             PET2 !!!!!!!!!!!!!!!!!!!!!!!!!!!!!!!!!!!!!!!!!!!!!!!!!!!!!!
20211012 140110.819 INFO             PET2 Running with ESMF Version   : ESMF_8_2_0_beta_snapshot_21-3-ge04105f13a
20211012 140110.819 INFO             PET2 ESMF library build date/time: "Oct 12 2021" "13:34:53"
20211012 140110.819 INFO             PET2 ESMF library build location : /scratch1/NCEPDEV/stmp2/Mark.Potts/gfortran_9.2.0b_intelmpi_g_release_8.2.0
20211012 140110.819 INFO             PET2 ESMF_COMM                   : intelmpi
20211012 140110.823 INFO             PET2 ESMF_MOAB                   : enabled
20211012 140110.823 INFO             PET2 ESMF_LAPACK                 : enabled
20211012 140110.823 INFO             PET2 ESMF_NETCDF                 : disabled
20211012 140110.823 INFO             PET2 ESMF_PNETCDF                : disabled
20211012 140110.823 INFO             PET2 ESMF_PIO                    : enabled
20211012 140110.823 INFO             PET2 ESMF_YAMLCPP                : enabled
20211012 140110.868 INFO             PET2 ESMF_FieldRedistStoreNF(): Just entered routine.
20211012 140111.145 INFO             PET2 ESMF_FieldRedistStoreNF(): Leaving routine.
20211012 140111.148 INFO             PET2  NUMBER_OF_PROCESSORS           4
20211012 140111.148 INFO             PET2  PASS  Example ESMF_RHandleFromRHandleEx, ESMF_RHandleFromRHandleEx.F90, line 660
20211012 140111.148 INFO             PET2 Finalizing ESMF
20211012 140110.818 INFO             PET3 !!!!!!!!!!!!!!!!!!!!!!!!!!!!!!!!!!!!!!!!!!!!!!!!!!!!!!
20211012 140110.819 INFO             PET3 !!! THE ESMF_LOG IS SET TO OUTPUT ALL LOG MESSAGES !!!
20211012 140110.819 INFO             PET3 !!!     THIS MAY CAUSE SLOWDOWN IN PERFORMANCE     !!!
20211012 140110.819 INFO             PET3 !!! FOR PRODUCTION RUNS, USE:                      !!!
20211012 140110.819 INFO             PET3 !!!                   ESMF_LOGKIND_Multi_On_Error  !!!
20211012 140110.819 INFO             PET3 !!!!!!!!!!!!!!!!!!!!!!!!!!!!!!!!!!!!!!!!!!!!!!!!!!!!!!
20211012 140110.819 INFO             PET3 Running with ESMF Version   : ESMF_8_2_0_beta_snapshot_21-3-ge04105f13a
20211012 140110.819 INFO             PET3 ESMF library build date/time: "Oct 12 2021" "13:34:53"
20211012 140110.819 INFO             PET3 ESMF library build location : /scratch1/NCEPDEV/stmp2/Mark.Potts/gfortran_9.2.0b_intelmpi_g_release_8.2.0
20211012 140110.819 INFO             PET3 ESMF_COMM                   : intelmpi
20211012 140110.824 INFO             PET3 ESMF_MOAB                   : enabled
20211012 140110.824 INFO             PET3 ESMF_LAPACK                 : enabled
20211012 140110.824 INFO             PET3 ESMF_NETCDF                 : disabled
20211012 140110.824 INFO             PET3 ESMF_PNETCDF                : disabled
20211012 140110.824 INFO             PET3 ESMF_PIO                    : enabled
20211012 140110.824 INFO             PET3 ESMF_YAMLCPP                : enabled
20211012 140110.868 INFO             PET3 ESMF_FieldRedistStoreNF(): Just entered routine.
20211012 140111.144 INFO             PET3 ESMF_FieldRedistStoreNF(): Leaving routine.
20211012 140111.150 INFO             PET3  NUMBER_OF_PROCESSORS           4
20211012 140111.150 INFO             PET3  PASS  Example ESMF_RHandleFromRHandleEx, ESMF_RHandleFromRHandleEx.F90, line 660
20211012 140111.150 INFO             PET3 Finalizing ESMF
