build time -- 2021-10-19 00:55:15
20211019 033535.976 INFO             PET0 !!!!!!!!!!!!!!!!!!!!!!!!!!!!!!!!!!!!!!!!!!!!!!!!!!!!!!
20211019 033535.976 INFO             PET0 !!! THE ESMF_LOG IS SET TO OUTPUT ALL LOG MESSAGES !!!
20211019 033535.976 INFO             PET0 !!!     THIS MAY CAUSE SLOWDOWN IN PERFORMANCE     !!!
20211019 033535.976 INFO             PET0 !!! FOR PRODUCTION RUNS, USE:                      !!!
20211019 033535.976 INFO             PET0 !!!                   ESMF_LOGKIND_Multi_On_Error  !!!
20211019 033535.976 INFO             PET0 !!!!!!!!!!!!!!!!!!!!!!!!!!!!!!!!!!!!!!!!!!!!!!!!!!!!!!
20211019 033535.976 INFO             PET0 Running with ESMF Version   : 8.2.0 beta snapshot
20211019 033535.976 INFO             PET0 ESMF library build date/time: "Oct 19 2021" "00:52:34"
20211019 033535.976 INFO             PET0 ESMF library build location : /lustre/f2/dev/ncep/Mark.Potts/intel_2019.5_mpi_g_release_8.2.0
20211019 033535.976 INFO             PET0 ESMF_COMM                   : mpi
20211019 033535.977 INFO             PET0 ESMF_MOAB                   : enabled
20211019 033535.977 INFO             PET0 ESMF_LAPACK                 : enabled
20211019 033535.977 INFO             PET0 ESMF_NETCDF                 : enabled
20211019 033535.977 INFO             PET0 ESMF_PNETCDF                : disabled
20211019 033535.977 INFO             PET0 ESMF_PIO                    : enabled
20211019 033535.977 INFO             PET0 ESMF_YAMLCPP                : enabled
20211019 033540.650 INFO             PET0  NUMBER_OF_PROCESSORS           4
20211019 033540.650 INFO             PET0  PASS  Example ESMF_MeshEx, ESMF_MeshEx.F90, line 1795
20211019 033540.650 INFO             PET0 Finalizing ESMF
20211019 033535.962 INFO             PET1 !!!!!!!!!!!!!!!!!!!!!!!!!!!!!!!!!!!!!!!!!!!!!!!!!!!!!!
20211019 033535.969 INFO             PET1 !!! THE ESMF_LOG IS SET TO OUTPUT ALL LOG MESSAGES !!!
20211019 033535.969 INFO             PET1 !!!     THIS MAY CAUSE SLOWDOWN IN PERFORMANCE     !!!
20211019 033535.969 INFO             PET1 !!! FOR PRODUCTION RUNS, USE:                      !!!
20211019 033535.970 INFO             PET1 !!!                   ESMF_LOGKIND_Multi_On_Error  !!!
20211019 033535.970 INFO             PET1 !!!!!!!!!!!!!!!!!!!!!!!!!!!!!!!!!!!!!!!!!!!!!!!!!!!!!!
20211019 033535.970 INFO             PET1 Running with ESMF Version   : 8.2.0 beta snapshot
20211019 033535.971 INFO             PET1 ESMF library build date/time: "Oct 19 2021" "00:52:34"
20211019 033535.971 INFO             PET1 ESMF library build location : /lustre/f2/dev/ncep/Mark.Potts/intel_2019.5_mpi_g_release_8.2.0
20211019 033535.971 INFO             PET1 ESMF_COMM                   : mpi
20211019 033535.974 INFO             PET1 ESMF_MOAB                   : enabled
20211019 033535.974 INFO             PET1 ESMF_LAPACK                 : enabled
20211019 033535.974 INFO             PET1 ESMF_NETCDF                 : enabled
20211019 033535.974 INFO             PET1 ESMF_PNETCDF                : disabled
20211019 033535.974 INFO             PET1 ESMF_PIO                    : enabled
20211019 033535.974 INFO             PET1 ESMF_YAMLCPP                : enabled
20211019 033540.651 INFO             PET1  NUMBER_OF_PROCESSORS           4
20211019 033540.651 INFO             PET1  PASS  Example ESMF_MeshEx, ESMF_MeshEx.F90, line 1795
20211019 033540.651 INFO             PET1 Finalizing ESMF
20211019 033535.976 INFO             PET2 !!!!!!!!!!!!!!!!!!!!!!!!!!!!!!!!!!!!!!!!!!!!!!!!!!!!!!
20211019 033535.976 INFO             PET2 !!! THE ESMF_LOG IS SET TO OUTPUT ALL LOG MESSAGES !!!
20211019 033535.976 INFO             PET2 !!!     THIS MAY CAUSE SLOWDOWN IN PERFORMANCE     !!!
20211019 033535.976 INFO             PET2 !!! FOR PRODUCTION RUNS, USE:                      !!!
20211019 033535.976 INFO             PET2 !!!                   ESMF_LOGKIND_Multi_On_Error  !!!
20211019 033535.976 INFO             PET2 !!!!!!!!!!!!!!!!!!!!!!!!!!!!!!!!!!!!!!!!!!!!!!!!!!!!!!
20211019 033535.976 INFO             PET2 Running with ESMF Version   : 8.2.0 beta snapshot
20211019 033535.976 INFO             PET2 ESMF library build date/time: "Oct 19 2021" "00:52:34"
20211019 033535.976 INFO             PET2 ESMF library build location : /lustre/f2/dev/ncep/Mark.Potts/intel_2019.5_mpi_g_release_8.2.0
20211019 033535.976 INFO             PET2 ESMF_COMM                   : mpi
20211019 033536.353 INFO             PET2 ESMF_MOAB                   : enabled
20211019 033536.353 INFO             PET2 ESMF_LAPACK                 : enabled
20211019 033536.353 INFO             PET2 ESMF_NETCDF                 : enabled
20211019 033536.353 INFO             PET2 ESMF_PNETCDF                : disabled
20211019 033536.353 INFO             PET2 ESMF_PIO                    : enabled
20211019 033536.353 INFO             PET2 ESMF_YAMLCPP                : enabled
20211019 033540.651 INFO             PET2  NUMBER_OF_PROCESSORS           4
20211019 033540.651 INFO             PET2  PASS  Example ESMF_MeshEx, ESMF_MeshEx.F90, line 1795
20211019 033540.651 INFO             PET2 Finalizing ESMF
20211019 033535.965 INFO             PET3 !!!!!!!!!!!!!!!!!!!!!!!!!!!!!!!!!!!!!!!!!!!!!!!!!!!!!!
20211019 033535.969 INFO             PET3 !!! THE ESMF_LOG IS SET TO OUTPUT ALL LOG MESSAGES !!!
20211019 033535.969 INFO             PET3 !!!     THIS MAY CAUSE SLOWDOWN IN PERFORMANCE     !!!
20211019 033535.969 INFO             PET3 !!! FOR PRODUCTION RUNS, USE:                      !!!
20211019 033535.970 INFO             PET3 !!!                   ESMF_LOGKIND_Multi_On_Error  !!!
20211019 033535.970 INFO             PET3 !!!!!!!!!!!!!!!!!!!!!!!!!!!!!!!!!!!!!!!!!!!!!!!!!!!!!!
20211019 033535.970 INFO             PET3 Running with ESMF Version   : 8.2.0 beta snapshot
20211019 033535.971 INFO             PET3 ESMF library build date/time: "Oct 19 2021" "00:52:34"
20211019 033535.971 INFO             PET3 ESMF library build location : /lustre/f2/dev/ncep/Mark.Potts/intel_2019.5_mpi_g_release_8.2.0
20211019 033535.971 INFO             PET3 ESMF_COMM                   : mpi
20211019 033536.398 INFO             PET3 ESMF_MOAB                   : enabled
20211019 033536.398 INFO             PET3 ESMF_LAPACK                 : enabled
20211019 033536.398 INFO             PET3 ESMF_NETCDF                 : enabled
20211019 033536.398 INFO             PET3 ESMF_PNETCDF                : disabled
20211019 033536.398 INFO             PET3 ESMF_PIO                    : enabled
20211019 033536.398 INFO             PET3 ESMF_YAMLCPP                : enabled
20211019 033540.651 INFO             PET3  NUMBER_OF_PROCESSORS           4
20211019 033540.651 INFO             PET3  PASS  Example ESMF_MeshEx, ESMF_MeshEx.F90, line 1795
20211019 033540.651 INFO             PET3 Finalizing ESMF
