build time -- 2021-10-18 00:53:04
20211018 013227.704 INFO             PET0 !!!!!!!!!!!!!!!!!!!!!!!!!!!!!!!!!!!!!!!!!!!!!!!!!!!!!!
20211018 013227.724 INFO             PET0 !!! THE ESMF_LOG IS SET TO OUTPUT ALL LOG MESSAGES !!!
20211018 013227.724 INFO             PET0 !!!     THIS MAY CAUSE SLOWDOWN IN PERFORMANCE     !!!
20211018 013227.724 INFO             PET0 !!! FOR PRODUCTION RUNS, USE:                      !!!
20211018 013227.724 INFO             PET0 !!!                   ESMF_LOGKIND_Multi_On_Error  !!!
20211018 013227.724 INFO             PET0 !!!!!!!!!!!!!!!!!!!!!!!!!!!!!!!!!!!!!!!!!!!!!!!!!!!!!!
20211018 013227.724 INFO             PET0 Running with ESMF Version   : 8.2.0 beta snapshot
20211018 013227.724 INFO             PET0 ESMF library build date/time: "Oct 18 2021" "00:50:13"
20211018 013227.733 INFO             PET0 ESMF library build location : /lustre/f2/dev/ncep/Mark.Potts/intel_2019.5_mpi_g_release_8.2.0
20211018 013227.733 INFO             PET0 ESMF_COMM                   : mpi
20211018 013227.735 INFO             PET0 ESMF_MOAB                   : enabled
20211018 013227.735 INFO             PET0 ESMF_LAPACK                 : enabled
20211018 013227.735 INFO             PET0 ESMF_NETCDF                 : enabled
20211018 013227.735 INFO             PET0 ESMF_PNETCDF                : disabled
20211018 013227.735 INFO             PET0 ESMF_PIO                    : enabled
20211018 013227.735 INFO             PET0 ESMF_YAMLCPP                : enabled
20211018 013227.762 INFO             PET0  NUMBER_OF_PROCESSORS           1
20211018 013227.762 INFO             PET0  PASS  Example ESMF_XGridSparseMatEx, ESMF_XGridSparseMatEx.F90, line 642
20211018 013227.762 INFO             PET0 Finalizing ESMF
