build time -- 2022-01-14 01:10:12.874346
20220114 012744.710 INFO             PET0 !!!!!!!!!!!!!!!!!!!!!!!!!!!!!!!!!!!!!!!!!!!!!!!!!!!!!!
20220114 012744.710 INFO             PET0 !!! THE ESMF_LOG IS SET TO OUTPUT ALL LOG MESSAGES !!!
20220114 012744.710 INFO             PET0 !!!     THIS MAY CAUSE SLOWDOWN IN PERFORMANCE     !!!
20220114 012744.710 INFO             PET0 !!! FOR PRODUCTION RUNS, USE:                      !!!
20220114 012744.710 INFO             PET0 !!!                   ESMF_LOGKIND_Multi_On_Error  !!!
20220114 012744.710 INFO             PET0 !!!!!!!!!!!!!!!!!!!!!!!!!!!!!!!!!!!!!!!!!!!!!!!!!!!!!!
20220114 012744.710 INFO             PET0 Running with ESMF Version   : ESMF_8_3_0_beta_snapshot_05-4-gcfea0e5e8f
20220114 012744.710 INFO             PET0 ESMF library build date/time: "Jan 14 2022" "01:09:14"
20220114 012744.710 INFO             PET0 ESMF library build location : /gpfsm/dnb04/projects/p98/mpotts/esmf/gfortran_8.3.0_mpiuni_O_develop
20220114 012744.710 INFO             PET0 ESMF_COMM                   : mpiuni
20220114 012744.710 INFO             PET0 ESMF_MOAB                   : enabled
20220114 012744.710 INFO             PET0 ESMF_LAPACK                 : enabled
20220114 012744.710 INFO             PET0 ESMF_NETCDF                 : disabled
20220114 012744.710 INFO             PET0 ESMF_PNETCDF                : disabled
20220114 012744.710 INFO             PET0 ESMF_PIO                    : disabled
20220114 012744.710 INFO             PET0 ESMF_YAMLCPP                : enabled
20220114 012744.710 INFO             PET0 ESMF Tracing Enabled
20220114 012744.710 INFO             PET0 ESMF Profiling Enabled
20220114 012744.710 INFO             PET0 ESMF Trace/Profile clock: REALTIME
20220114 012744.712 INFO             PET0  NUMBER_OF_PROCESSORS           1
20220114 012744.712 INFO             PET0  PASS  Example ESMF_TraceEx, ESMF_TraceEx.F90, line 178
20220114 012744.712 INFO             PET0 Finalizing ESMF
20220114 012744.712 INFO             PET0 **************** Region Timings *******************
20220114 012744.712 INFO             PET0 Region              Count  Total (s)   Self (s)    Mean (s)    Min (s)     Max (s)
20220114 012744.712 INFO             PET0   [test] Init 1     1      0.0000      0.0000      0.0000      0.0000      0.0000
20220114 012744.712 INFO             PET0   [test] Run 1      5      0.0000      0.0000      0.0000      0.0000      0.0000
20220114 012744.712 INFO             PET0   [test] Final 1    1      0.0000      0.0000      0.0000      0.0000      0.0000
