build time -- 2021-10-28 00:39:46
20211028 014707.204 INFO             PET0 !!!!!!!!!!!!!!!!!!!!!!!!!!!!!!!!!!!!!!!!!!!!!!!!!!!!!!
20211028 014707.205 INFO             PET0 !!! THE ESMF_LOG IS SET TO OUTPUT ALL LOG MESSAGES !!!
20211028 014707.205 INFO             PET0 !!!     THIS MAY CAUSE SLOWDOWN IN PERFORMANCE     !!!
20211028 014707.205 INFO             PET0 !!! FOR PRODUCTION RUNS, USE:                      !!!
20211028 014707.205 INFO             PET0 !!!                   ESMF_LOGKIND_Multi_On_Error  !!!
20211028 014707.205 INFO             PET0 !!!!!!!!!!!!!!!!!!!!!!!!!!!!!!!!!!!!!!!!!!!!!!!!!!!!!!
20211028 014707.205 INFO             PET0 Running with ESMF Version   : 8.2.0
20211028 014707.205 INFO             PET0 ESMF library build date/time: "Oct 28 2021" "00:38:12"
20211028 014707.205 INFO             PET0 ESMF library build location : /lustre/f2/dev/ncep/Mark.Potts/gfortran_8.3.0_mpi_g_main
20211028 014707.205 INFO             PET0 ESMF_COMM                   : mpi
20211028 014707.206 INFO             PET0 ESMF_MOAB                   : enabled
20211028 014707.206 INFO             PET0 ESMF_LAPACK                 : enabled
20211028 014707.206 INFO             PET0 ESMF_NETCDF                 : enabled
20211028 014707.206 INFO             PET0 ESMF_PNETCDF                : disabled
20211028 014707.206 INFO             PET0 ESMF_PIO                    : enabled
20211028 014707.206 INFO             PET0 ESMF_YAMLCPP                : enabled
20211028 014707.451 INFO             PET0 ESMF_FieldRedistStoreNF(): Just entered routine.
20211028 014707.702 INFO             PET0 ESMF_FieldRedistStoreNF(): Leaving routine.
20211028 014707.709 INFO             PET0  NUMBER_OF_PROCESSORS           4
20211028 014707.709 INFO             PET0  PASS  Example ESMF_RHandleFromRHandleEx, ESMF_RHandleFromRHandleEx.F90, line 660
20211028 014707.709 INFO             PET0 Finalizing ESMF
20211028 014707.208 INFO             PET1 !!!!!!!!!!!!!!!!!!!!!!!!!!!!!!!!!!!!!!!!!!!!!!!!!!!!!!
20211028 014707.208 INFO             PET1 !!! THE ESMF_LOG IS SET TO OUTPUT ALL LOG MESSAGES !!!
20211028 014707.208 INFO             PET1 !!!     THIS MAY CAUSE SLOWDOWN IN PERFORMANCE     !!!
20211028 014707.208 INFO             PET1 !!! FOR PRODUCTION RUNS, USE:                      !!!
20211028 014707.208 INFO             PET1 !!!                   ESMF_LOGKIND_Multi_On_Error  !!!
20211028 014707.208 INFO             PET1 !!!!!!!!!!!!!!!!!!!!!!!!!!!!!!!!!!!!!!!!!!!!!!!!!!!!!!
20211028 014707.208 INFO             PET1 Running with ESMF Version   : 8.2.0
20211028 014707.208 INFO             PET1 ESMF library build date/time: "Oct 28 2021" "00:38:12"
20211028 014707.208 INFO             PET1 ESMF library build location : /lustre/f2/dev/ncep/Mark.Potts/gfortran_8.3.0_mpi_g_main
20211028 014707.208 INFO             PET1 ESMF_COMM                   : mpi
20211028 014707.209 INFO             PET1 ESMF_MOAB                   : enabled
20211028 014707.209 INFO             PET1 ESMF_LAPACK                 : enabled
20211028 014707.209 INFO             PET1 ESMF_NETCDF                 : enabled
20211028 014707.209 INFO             PET1 ESMF_PNETCDF                : disabled
20211028 014707.209 INFO             PET1 ESMF_PIO                    : enabled
20211028 014707.209 INFO             PET1 ESMF_YAMLCPP                : enabled
20211028 014707.451 INFO             PET1 ESMF_FieldRedistStoreNF(): Just entered routine.
20211028 014707.702 INFO             PET1 ESMF_FieldRedistStoreNF(): Leaving routine.
20211028 014707.709 INFO             PET1  NUMBER_OF_PROCESSORS           4
20211028 014707.709 INFO             PET1  PASS  Example ESMF_RHandleFromRHandleEx, ESMF_RHandleFromRHandleEx.F90, line 660
20211028 014707.709 INFO             PET1 Finalizing ESMF
20211028 014707.209 INFO             PET2 !!!!!!!!!!!!!!!!!!!!!!!!!!!!!!!!!!!!!!!!!!!!!!!!!!!!!!
20211028 014707.209 INFO             PET2 !!! THE ESMF_LOG IS SET TO OUTPUT ALL LOG MESSAGES !!!
20211028 014707.209 INFO             PET2 !!!     THIS MAY CAUSE SLOWDOWN IN PERFORMANCE     !!!
20211028 014707.209 INFO             PET2 !!! FOR PRODUCTION RUNS, USE:                      !!!
20211028 014707.209 INFO             PET2 !!!                   ESMF_LOGKIND_Multi_On_Error  !!!
20211028 014707.209 INFO             PET2 !!!!!!!!!!!!!!!!!!!!!!!!!!!!!!!!!!!!!!!!!!!!!!!!!!!!!!
20211028 014707.209 INFO             PET2 Running with ESMF Version   : 8.2.0
20211028 014707.209 INFO             PET2 ESMF library build date/time: "Oct 28 2021" "00:38:12"
20211028 014707.209 INFO             PET2 ESMF library build location : /lustre/f2/dev/ncep/Mark.Potts/gfortran_8.3.0_mpi_g_main
20211028 014707.209 INFO             PET2 ESMF_COMM                   : mpi
20211028 014707.210 INFO             PET2 ESMF_MOAB                   : enabled
20211028 014707.210 INFO             PET2 ESMF_LAPACK                 : enabled
20211028 014707.210 INFO             PET2 ESMF_NETCDF                 : enabled
20211028 014707.210 INFO             PET2 ESMF_PNETCDF                : disabled
20211028 014707.210 INFO             PET2 ESMF_PIO                    : enabled
20211028 014707.210 INFO             PET2 ESMF_YAMLCPP                : enabled
20211028 014707.451 INFO             PET2 ESMF_FieldRedistStoreNF(): Just entered routine.
20211028 014707.702 INFO             PET2 ESMF_FieldRedistStoreNF(): Leaving routine.
20211028 014707.709 INFO             PET2  NUMBER_OF_PROCESSORS           4
20211028 014707.709 INFO             PET2  PASS  Example ESMF_RHandleFromRHandleEx, ESMF_RHandleFromRHandleEx.F90, line 660
20211028 014707.709 INFO             PET2 Finalizing ESMF
20211028 014707.214 INFO             PET3 !!!!!!!!!!!!!!!!!!!!!!!!!!!!!!!!!!!!!!!!!!!!!!!!!!!!!!
20211028 014707.214 INFO             PET3 !!! THE ESMF_LOG IS SET TO OUTPUT ALL LOG MESSAGES !!!
20211028 014707.214 INFO             PET3 !!!     THIS MAY CAUSE SLOWDOWN IN PERFORMANCE     !!!
20211028 014707.214 INFO             PET3 !!! FOR PRODUCTION RUNS, USE:                      !!!
20211028 014707.214 INFO             PET3 !!!                   ESMF_LOGKIND_Multi_On_Error  !!!
20211028 014707.214 INFO             PET3 !!!!!!!!!!!!!!!!!!!!!!!!!!!!!!!!!!!!!!!!!!!!!!!!!!!!!!
20211028 014707.214 INFO             PET3 Running with ESMF Version   : 8.2.0
20211028 014707.214 INFO             PET3 ESMF library build date/time: "Oct 28 2021" "00:38:12"
20211028 014707.214 INFO             PET3 ESMF library build location : /lustre/f2/dev/ncep/Mark.Potts/gfortran_8.3.0_mpi_g_main
20211028 014707.214 INFO             PET3 ESMF_COMM                   : mpi
20211028 014707.214 INFO             PET3 ESMF_MOAB                   : enabled
20211028 014707.214 INFO             PET3 ESMF_LAPACK                 : enabled
20211028 014707.214 INFO             PET3 ESMF_NETCDF                 : enabled
20211028 014707.214 INFO             PET3 ESMF_PNETCDF                : disabled
20211028 014707.214 INFO             PET3 ESMF_PIO                    : enabled
20211028 014707.214 INFO             PET3 ESMF_YAMLCPP                : enabled
20211028 014707.451 INFO             PET3 ESMF_FieldRedistStoreNF(): Just entered routine.
20211028 014707.702 INFO             PET3 ESMF_FieldRedistStoreNF(): Leaving routine.
20211028 014707.710 INFO             PET3  NUMBER_OF_PROCESSORS           4
20211028 014707.710 INFO             PET3  PASS  Example ESMF_RHandleFromRHandleEx, ESMF_RHandleFromRHandleEx.F90, line 660
20211028 014707.710 INFO             PET3 Finalizing ESMF
