build time -- 2022-03-01 01:15:26.587297
20220301 014451.201 INFO             PET0 !!!!!!!!!!!!!!!!!!!!!!!!!!!!!!!!!!!!!!!!!!!!!!!!!!!!!!
20220301 014451.201 INFO             PET0 !!! THE ESMF_LOG IS SET TO OUTPUT ALL LOG MESSAGES !!!
20220301 014451.201 INFO             PET0 !!!     THIS MAY CAUSE SLOWDOWN IN PERFORMANCE     !!!
20220301 014451.201 INFO             PET0 !!! FOR PRODUCTION RUNS, USE:                      !!!
20220301 014451.201 INFO             PET0 !!!                   ESMF_LOGKIND_Multi_On_Error  !!!
20220301 014451.201 INFO             PET0 !!!!!!!!!!!!!!!!!!!!!!!!!!!!!!!!!!!!!!!!!!!!!!!!!!!!!!
20220301 014451.201 INFO             PET0 Running with ESMF Version   : v8.3.0b08-90-g763a12848c
20220301 014451.201 INFO             PET0 ESMF library build date/time: "Mar  1 2022" "01:13:49"
20220301 014451.201 INFO             PET0 ESMF library build location : /gpfsm/dnb04/projects/p98/mpotts/esmf/gfortran_8.3.0_intelmpi_g_jedwards_pio_update2
20220301 014451.201 INFO             PET0 ESMF_COMM                   : intelmpi
20220301 014451.201 INFO             PET0 ESMF_MOAB                   : enabled
20220301 014451.201 INFO             PET0 ESMF_LAPACK                 : enabled
20220301 014451.201 INFO             PET0 ESMF_NETCDF                 : disabled
20220301 014451.201 INFO             PET0 ESMF_PNETCDF                : disabled
20220301 014451.201 INFO             PET0 ESMF_PIO                    : disabled
20220301 014451.201 INFO             PET0 ESMF_YAMLCPP                : enabled
20220301 014451.316 DEBUG            PET0 about to destroy Grid: 0x8f7900
20220301 014451.334 DEBUG            PET0 about to destroy Grid: 0x8f96a0
20220301 014451.366 INFO             PET0  NUMBER_OF_PROCESSORS           4
20220301 014451.366 INFO             PET0  PASS  Example ESMF_NUOPCAtmModelEx, ESMF_NUOPCAtmModelEx.F90, line 806
20220301 014451.366 INFO             PET0 Finalizing ESMF
20220301 014451.366 INFO             PET0 ESMCI_IO_Handler.C:356 ESMCI::IO_Handler::finalize() before return, localrc = 0
20220301 014451.201 INFO             PET1 !!!!!!!!!!!!!!!!!!!!!!!!!!!!!!!!!!!!!!!!!!!!!!!!!!!!!!
20220301 014451.201 INFO             PET1 !!! THE ESMF_LOG IS SET TO OUTPUT ALL LOG MESSAGES !!!
20220301 014451.201 INFO             PET1 !!!     THIS MAY CAUSE SLOWDOWN IN PERFORMANCE     !!!
20220301 014451.201 INFO             PET1 !!! FOR PRODUCTION RUNS, USE:                      !!!
20220301 014451.201 INFO             PET1 !!!                   ESMF_LOGKIND_Multi_On_Error  !!!
20220301 014451.201 INFO             PET1 !!!!!!!!!!!!!!!!!!!!!!!!!!!!!!!!!!!!!!!!!!!!!!!!!!!!!!
20220301 014451.201 INFO             PET1 Running with ESMF Version   : v8.3.0b08-90-g763a12848c
20220301 014451.201 INFO             PET1 ESMF library build date/time: "Mar  1 2022" "01:13:49"
20220301 014451.201 INFO             PET1 ESMF library build location : /gpfsm/dnb04/projects/p98/mpotts/esmf/gfortran_8.3.0_intelmpi_g_jedwards_pio_update2
20220301 014451.201 INFO             PET1 ESMF_COMM                   : intelmpi
20220301 014451.201 INFO             PET1 ESMF_MOAB                   : enabled
20220301 014451.201 INFO             PET1 ESMF_LAPACK                 : enabled
20220301 014451.201 INFO             PET1 ESMF_NETCDF                 : disabled
20220301 014451.201 INFO             PET1 ESMF_PNETCDF                : disabled
20220301 014451.201 INFO             PET1 ESMF_PIO                    : disabled
20220301 014451.201 INFO             PET1 ESMF_YAMLCPP                : enabled
20220301 014451.315 DEBUG            PET1 about to destroy Grid: 0x8f7e50
20220301 014451.334 DEBUG            PET1 about to destroy Grid: 0x8f96e0
20220301 014451.367 INFO             PET1  NUMBER_OF_PROCESSORS           4
20220301 014451.367 INFO             PET1  PASS  Example ESMF_NUOPCAtmModelEx, ESMF_NUOPCAtmModelEx.F90, line 806
20220301 014451.367 INFO             PET1 Finalizing ESMF
20220301 014451.367 INFO             PET1 ESMCI_IO_Handler.C:356 ESMCI::IO_Handler::finalize() before return, localrc = 0
20220301 014451.201 INFO             PET2 !!!!!!!!!!!!!!!!!!!!!!!!!!!!!!!!!!!!!!!!!!!!!!!!!!!!!!
20220301 014451.201 INFO             PET2 !!! THE ESMF_LOG IS SET TO OUTPUT ALL LOG MESSAGES !!!
20220301 014451.201 INFO             PET2 !!!     THIS MAY CAUSE SLOWDOWN IN PERFORMANCE     !!!
20220301 014451.201 INFO             PET2 !!! FOR PRODUCTION RUNS, USE:                      !!!
20220301 014451.201 INFO             PET2 !!!                   ESMF_LOGKIND_Multi_On_Error  !!!
20220301 014451.201 INFO             PET2 !!!!!!!!!!!!!!!!!!!!!!!!!!!!!!!!!!!!!!!!!!!!!!!!!!!!!!
20220301 014451.201 INFO             PET2 Running with ESMF Version   : v8.3.0b08-90-g763a12848c
20220301 014451.201 INFO             PET2 ESMF library build date/time: "Mar  1 2022" "01:13:49"
20220301 014451.201 INFO             PET2 ESMF library build location : /gpfsm/dnb04/projects/p98/mpotts/esmf/gfortran_8.3.0_intelmpi_g_jedwards_pio_update2
20220301 014451.201 INFO             PET2 ESMF_COMM                   : intelmpi
20220301 014451.202 INFO             PET2 ESMF_MOAB                   : enabled
20220301 014451.202 INFO             PET2 ESMF_LAPACK                 : enabled
20220301 014451.202 INFO             PET2 ESMF_NETCDF                 : disabled
20220301 014451.202 INFO             PET2 ESMF_PNETCDF                : disabled
20220301 014451.202 INFO             PET2 ESMF_PIO                    : disabled
20220301 014451.202 INFO             PET2 ESMF_YAMLCPP                : enabled
20220301 014451.316 DEBUG            PET2 about to destroy Grid: 0x8f7d90
20220301 014451.334 DEBUG            PET2 about to destroy Grid: 0x8f8960
20220301 014451.367 INFO             PET2  NUMBER_OF_PROCESSORS           4
20220301 014451.367 INFO             PET2  PASS  Example ESMF_NUOPCAtmModelEx, ESMF_NUOPCAtmModelEx.F90, line 806
20220301 014451.367 INFO             PET2 Finalizing ESMF
20220301 014451.367 INFO             PET2 ESMCI_IO_Handler.C:356 ESMCI::IO_Handler::finalize() before return, localrc = 0
20220301 014451.201 INFO             PET3 !!!!!!!!!!!!!!!!!!!!!!!!!!!!!!!!!!!!!!!!!!!!!!!!!!!!!!
20220301 014451.201 INFO             PET3 !!! THE ESMF_LOG IS SET TO OUTPUT ALL LOG MESSAGES !!!
20220301 014451.201 INFO             PET3 !!!     THIS MAY CAUSE SLOWDOWN IN PERFORMANCE     !!!
20220301 014451.201 INFO             PET3 !!! FOR PRODUCTION RUNS, USE:                      !!!
20220301 014451.201 INFO             PET3 !!!                   ESMF_LOGKIND_Multi_On_Error  !!!
20220301 014451.201 INFO             PET3 !!!!!!!!!!!!!!!!!!!!!!!!!!!!!!!!!!!!!!!!!!!!!!!!!!!!!!
20220301 014451.201 INFO             PET3 Running with ESMF Version   : v8.3.0b08-90-g763a12848c
20220301 014451.201 INFO             PET3 ESMF library build date/time: "Mar  1 2022" "01:13:49"
20220301 014451.201 INFO             PET3 ESMF library build location : /gpfsm/dnb04/projects/p98/mpotts/esmf/gfortran_8.3.0_intelmpi_g_jedwards_pio_update2
20220301 014451.201 INFO             PET3 ESMF_COMM                   : intelmpi
20220301 014451.202 INFO             PET3 ESMF_MOAB                   : enabled
20220301 014451.202 INFO             PET3 ESMF_LAPACK                 : enabled
20220301 014451.202 INFO             PET3 ESMF_NETCDF                 : disabled
20220301 014451.202 INFO             PET3 ESMF_PNETCDF                : disabled
20220301 014451.202 INFO             PET3 ESMF_PIO                    : disabled
20220301 014451.202 INFO             PET3 ESMF_YAMLCPP                : enabled
20220301 014451.316 DEBUG            PET3 about to destroy Grid: 0x8f78f0
20220301 014451.334 DEBUG            PET3 about to destroy Grid: 0x8f9180
20220301 014451.366 INFO             PET3  NUMBER_OF_PROCESSORS           4
20220301 014451.366 INFO             PET3  PASS  Example ESMF_NUOPCAtmModelEx, ESMF_NUOPCAtmModelEx.F90, line 806
20220301 014451.366 INFO             PET3 Finalizing ESMF
20220301 014451.366 INFO             PET3 ESMCI_IO_Handler.C:356 ESMCI::IO_Handler::finalize() before return, localrc = 0
