build time -- 2021-10-19 02:35:24
20211019 051912.132 INFO             PET0 !!!!!!!!!!!!!!!!!!!!!!!!!!!!!!!!!!!!!!!!!!!!!!!!!!!!!!
20211019 051912.132 INFO             PET0 !!! THE ESMF_LOG IS SET TO OUTPUT ALL LOG MESSAGES !!!
20211019 051912.132 INFO             PET0 !!!     THIS MAY CAUSE SLOWDOWN IN PERFORMANCE     !!!
20211019 051912.132 INFO             PET0 !!! FOR PRODUCTION RUNS, USE:                      !!!
20211019 051912.132 INFO             PET0 !!!                   ESMF_LOGKIND_Multi_On_Error  !!!
20211019 051912.132 INFO             PET0 !!!!!!!!!!!!!!!!!!!!!!!!!!!!!!!!!!!!!!!!!!!!!!!!!!!!!!
20211019 051912.132 INFO             PET0 Running with ESMF Version   : ESMF_8_2_0_beta_snapshot_22-13-g3d528da
20211019 051912.132 INFO             PET0 ESMF library build date/time: "Oct 19 2021" "02:32:52"
20211019 051912.132 INFO             PET0 ESMF library build location : /work/noaa/da/mpotts/sandbox/intel_2020_intelmpi_g_release_8.2.0
20211019 051912.132 INFO             PET0 ESMF_COMM                   : intelmpi
20211019 051912.134 INFO             PET0 ESMF_MOAB                   : enabled
20211019 051912.134 INFO             PET0 ESMF_LAPACK                 : enabled
20211019 051912.134 INFO             PET0 ESMF_NETCDF                 : enabled
20211019 051912.134 INFO             PET0 ESMF_PNETCDF                : disabled
20211019 051912.134 INFO             PET0 ESMF_PIO                    : enabled
20211019 051912.134 INFO             PET0 ESMF_YAMLCPP                : enabled
20211019 051912.134 INFO             PET0 ESMF Tracing Enabled
20211019 051912.134 INFO             PET0 ESMF Profiling Enabled
20211019 051912.134 INFO             PET0 ESMF Trace/Profile clock: REALTIME
20211019 051912.561 INFO             PET0  NUMBER_OF_PROCESSORS           4
20211019 051912.561 INFO             PET0  PASS  Example ESMF_TraceEx, ESMF_TraceEx.F90, line 178
20211019 051912.561 INFO             PET0 Finalizing ESMF
20211019 051912.561 INFO             PET0 **************** Region Timings *******************
20211019 051912.561 INFO             PET0 Region              Count  Total (s)   Self (s)    Mean (s)    Min (s)     Max (s)
20211019 051912.561 INFO             PET0   [test] Run 1      5      0.0000      0.0000      0.0000      0.0000      0.0000
20211019 051912.561 INFO             PET0   [test] Init 1     1      0.0000      0.0000      0.0000      0.0000      0.0000
20211019 051912.561 INFO             PET0   [test] Final 1    1      0.0000      0.0000      0.0000      0.0000      0.0000
20211019 051912.134 INFO             PET1 !!!!!!!!!!!!!!!!!!!!!!!!!!!!!!!!!!!!!!!!!!!!!!!!!!!!!!
20211019 051912.134 INFO             PET1 !!! THE ESMF_LOG IS SET TO OUTPUT ALL LOG MESSAGES !!!
20211019 051912.134 INFO             PET1 !!!     THIS MAY CAUSE SLOWDOWN IN PERFORMANCE     !!!
20211019 051912.134 INFO             PET1 !!! FOR PRODUCTION RUNS, USE:                      !!!
20211019 051912.134 INFO             PET1 !!!                   ESMF_LOGKIND_Multi_On_Error  !!!
20211019 051912.134 INFO             PET1 !!!!!!!!!!!!!!!!!!!!!!!!!!!!!!!!!!!!!!!!!!!!!!!!!!!!!!
20211019 051912.134 INFO             PET1 Running with ESMF Version   : ESMF_8_2_0_beta_snapshot_22-13-g3d528da
20211019 051912.134 INFO             PET1 ESMF library build date/time: "Oct 19 2021" "02:32:52"
20211019 051912.134 INFO             PET1 ESMF library build location : /work/noaa/da/mpotts/sandbox/intel_2020_intelmpi_g_release_8.2.0
20211019 051912.134 INFO             PET1 ESMF_COMM                   : intelmpi
20211019 051912.148 INFO             PET1 ESMF_MOAB                   : enabled
20211019 051912.148 INFO             PET1 ESMF_LAPACK                 : enabled
20211019 051912.148 INFO             PET1 ESMF_NETCDF                 : enabled
20211019 051912.148 INFO             PET1 ESMF_PNETCDF                : disabled
20211019 051912.148 INFO             PET1 ESMF_PIO                    : enabled
20211019 051912.148 INFO             PET1 ESMF_YAMLCPP                : enabled
20211019 051912.148 INFO             PET1 ESMF Tracing Enabled
20211019 051912.148 INFO             PET1 ESMF Profiling Enabled
20211019 051912.148 INFO             PET1 ESMF Trace/Profile clock: REALTIME
20211019 051912.561 INFO             PET1  NUMBER_OF_PROCESSORS           4
20211019 051912.563 INFO             PET1  PASS  Example ESMF_TraceEx, ESMF_TraceEx.F90, line 178
20211019 051912.563 INFO             PET1 Finalizing ESMF
20211019 051912.563 INFO             PET1 **************** Region Timings *******************
20211019 051912.563 INFO             PET1 Region              Count  Total (s)   Self (s)    Mean (s)    Min (s)     Max (s)
20211019 051912.563 INFO             PET1   [test] Init 1     1      0.0005      0.0005      0.0005      0.0005      0.0005
20211019 051912.563 INFO             PET1   [test] Run 1      5      0.0000      0.0000      0.0000      0.0000      0.0000
20211019 051912.563 INFO             PET1   [test] Final 1    1      0.0000      0.0000      0.0000      0.0000      0.0000
20211019 051912.147 INFO             PET2 !!!!!!!!!!!!!!!!!!!!!!!!!!!!!!!!!!!!!!!!!!!!!!!!!!!!!!
20211019 051912.147 INFO             PET2 !!! THE ESMF_LOG IS SET TO OUTPUT ALL LOG MESSAGES !!!
20211019 051912.147 INFO             PET2 !!!     THIS MAY CAUSE SLOWDOWN IN PERFORMANCE     !!!
20211019 051912.147 INFO             PET2 !!! FOR PRODUCTION RUNS, USE:                      !!!
20211019 051912.147 INFO             PET2 !!!                   ESMF_LOGKIND_Multi_On_Error  !!!
20211019 051912.147 INFO             PET2 !!!!!!!!!!!!!!!!!!!!!!!!!!!!!!!!!!!!!!!!!!!!!!!!!!!!!!
20211019 051912.147 INFO             PET2 Running with ESMF Version   : ESMF_8_2_0_beta_snapshot_22-13-g3d528da
20211019 051912.147 INFO             PET2 ESMF library build date/time: "Oct 19 2021" "02:32:52"
20211019 051912.147 INFO             PET2 ESMF library build location : /work/noaa/da/mpotts/sandbox/intel_2020_intelmpi_g_release_8.2.0
20211019 051912.147 INFO             PET2 ESMF_COMM                   : intelmpi
20211019 051912.159 INFO             PET2 ESMF_MOAB                   : enabled
20211019 051912.159 INFO             PET2 ESMF_LAPACK                 : enabled
20211019 051912.159 INFO             PET2 ESMF_NETCDF                 : enabled
20211019 051912.159 INFO             PET2 ESMF_PNETCDF                : disabled
20211019 051912.159 INFO             PET2 ESMF_PIO                    : enabled
20211019 051912.159 INFO             PET2 ESMF_YAMLCPP                : enabled
20211019 051912.160 INFO             PET2 ESMF Tracing Enabled
20211019 051912.160 INFO             PET2 ESMF Profiling Enabled
20211019 051912.160 INFO             PET2 ESMF Trace/Profile clock: REALTIME
20211019 051912.586 INFO             PET2  NUMBER_OF_PROCESSORS           4
20211019 051912.586 INFO             PET2  PASS  Example ESMF_TraceEx, ESMF_TraceEx.F90, line 178
20211019 051912.586 INFO             PET2 Finalizing ESMF
20211019 051912.586 INFO             PET2 **************** Region Timings *******************
20211019 051912.586 INFO             PET2 Region              Count  Total (s)   Self (s)    Mean (s)    Min (s)     Max (s)
20211019 051912.586 INFO             PET2   [test] Init 1     1      0.0109      0.0109      0.0109      0.0109      0.0109
20211019 051912.586 INFO             PET2   [test] Run 1      5      0.0002      0.0002      0.0000      0.0000      0.0000
20211019 051912.586 INFO             PET2   [test] Final 1    1      0.0000      0.0000      0.0000      0.0000      0.0000
20211019 051912.132 INFO             PET3 !!!!!!!!!!!!!!!!!!!!!!!!!!!!!!!!!!!!!!!!!!!!!!!!!!!!!!
20211019 051912.132 INFO             PET3 !!! THE ESMF_LOG IS SET TO OUTPUT ALL LOG MESSAGES !!!
20211019 051912.132 INFO             PET3 !!!     THIS MAY CAUSE SLOWDOWN IN PERFORMANCE     !!!
20211019 051912.132 INFO             PET3 !!! FOR PRODUCTION RUNS, USE:                      !!!
20211019 051912.132 INFO             PET3 !!!                   ESMF_LOGKIND_Multi_On_Error  !!!
20211019 051912.132 INFO             PET3 !!!!!!!!!!!!!!!!!!!!!!!!!!!!!!!!!!!!!!!!!!!!!!!!!!!!!!
20211019 051912.132 INFO             PET3 Running with ESMF Version   : ESMF_8_2_0_beta_snapshot_22-13-g3d528da
20211019 051912.132 INFO             PET3 ESMF library build date/time: "Oct 19 2021" "02:32:52"
20211019 051912.132 INFO             PET3 ESMF library build location : /work/noaa/da/mpotts/sandbox/intel_2020_intelmpi_g_release_8.2.0
20211019 051912.132 INFO             PET3 ESMF_COMM                   : intelmpi
20211019 051912.135 INFO             PET3 ESMF_MOAB                   : enabled
20211019 051912.135 INFO             PET3 ESMF_LAPACK                 : enabled
20211019 051912.135 INFO             PET3 ESMF_NETCDF                 : enabled
20211019 051912.135 INFO             PET3 ESMF_PNETCDF                : disabled
20211019 051912.135 INFO             PET3 ESMF_PIO                    : enabled
20211019 051912.135 INFO             PET3 ESMF_YAMLCPP                : enabled
20211019 051912.135 INFO             PET3 ESMF Tracing Enabled
20211019 051912.135 INFO             PET3 ESMF Profiling Enabled
20211019 051912.135 INFO             PET3 ESMF Trace/Profile clock: REALTIME
20211019 051912.562 INFO             PET3  NUMBER_OF_PROCESSORS           4
20211019 051912.562 INFO             PET3  PASS  Example ESMF_TraceEx, ESMF_TraceEx.F90, line 178
20211019 051912.562 INFO             PET3 Finalizing ESMF
20211019 051912.562 INFO             PET3 **************** Region Timings *******************
20211019 051912.562 INFO             PET3 Region              Count  Total (s)   Self (s)    Mean (s)    Min (s)     Max (s)
20211019 051912.562 INFO             PET3   [test] Init 1     1      0.0005      0.0005      0.0005      0.0005      0.0005
20211019 051912.562 INFO             PET3   [test] Run 1      5      0.0002      0.0002      0.0000      0.0000      0.0000
20211019 051912.563 INFO             PET3   [test] Final 1    1      0.0000      0.0000      0.0000      0.0000      0.0000
