build time -- 2021-10-17 02:31:32
MPI startup(): Warning: I_MPI_PMI_LIBRARY will be ignored since the hydra process manager was found
MPI startup(): Warning: I_MPI_PMI_LIBRARY will be ignored since the hydra process manager was found
MPI startup(): Warning: I_MPI_PMI_LIBRARY will be ignored since the hydra process manager was found
MPI startup(): Warning: I_MPI_PMI_LIBRARY will be ignored since the hydra process manager was found
--- ESMCI::ArrayBundle::print start ---
--- ESMCI::ArrayBundle::print start ---
ArrayBundle: MyArrayBundle
arrayCount = 3
--- ESMCI::ArrayBundle::print start ---
Container::print() multipmap:item=0 key=AonFly value=0x165ebf0
Container::print() multipmap:item=1 key=Array002 value=0x165b870
Container::print() multipmap:item=2 key=Array003 value=--- ESMCI::ArrayBundle::print start ---
ArrayBundle: MyArrayBundle
0x165c300arrayCount = 3
Container::print() multipmap:item=0 key=AonFly value=0x1ae0ed0
Container::print() multipmap:item=1 key=Array002 value=0x1adcdd0
Container::print() multipmap:item=2 key=Array003 value=0x1addb90
Container::print()      list:item=0 key=Array002 value=0x1adcdd0
Container::print()      list:item=1 key=Array003 value=0x1addb90
Container::print()      list:item=2 key=AonFly value=0x1ae0ed0
--- ESMCI::ArrayBundle::print end ---

Container::print()      list:item=0 key=Array002--- ESMCI::Array::print start ---
 Base name    = AonFly
 Status: Base = Ready,  object = Ready
 Proxy        = no
 Root Info (Attributes):
 value=0x165b870
Container::print()      list:item=1 key=Array003{}Array typekind/rank: Real*4 / 2 
 value=0x165c300
Container::print()      list:item=2 key=AonFly value=0x165ebf0
--- ESMCI::ArrayBundle::print end ---
ArrayBundle: MyArrayBundle
arrayCount = 3
Container::print() multipmap:item=--- ESMCI::Array::print start ---
 Base name    = AonFly
 Status: Base = Ready,  object = Ready
 Proxy        = no
 Root Info (Attributes):
0 key=AonFly~ lower class' values ~
 value={}Array typekind/rank: Real*4 / 2 
~ lower class' values ~
DistGrid dimCount = 2
deCount = 6
localDeCount = 1
~ local data in LocalArray for DE 3 ~
LocalArrayPrint: Array at address 0x165e8c0:
            rank = 2, typekind = 5, base_addr = 0x7f257f71ff60
            dim[0] = 2  dim[1] = 2  
  Real, *4, Dim 2, Data values:
( 1, 1) =  0
( 2, 1) =  0
( 1, 2) =  0
( 2, 2) =  0
dim 1: [0]: [1 [1 [1, 2] 2] 2]
dim 2: [1]: [1 [1 [1, 2] 2] 2]
--- ESMCI::Array::print end ---
--- ESMCI::Array::print start ---
 Base name    = Array002
 Status: Base = Ready,  object = Ready
 Proxy        = no
 Root Info (Attributes):
{}Array typekind/rank: Real*8 / 2 
~ lower class' values ~
DistGrid dimCount = 2
deCount = 6
localDeCount = 1
~ local data in LocalArray for DE 3 ~
LocalArrayPrint: Array at address 0x165b540:
            rank = 2, typekind = 6, base_addr = 0x7f257f71ffc0
            dim[0] = 2  dim[1] = 2  
  Real, *8, Dim 2, Data values:
( 1, 1) =  0
( 2, 1) =  0
( 1, 2) =  0
( 2, 2) =  0
dim 1: [0]: [1 [1 [1, 2] 2] 2]
dim 2: [1]: [1 [1 [1, 2] 2] 2]
--- ESMCI::Array::print end ---
--- ESMCI::Array::print start ---
 Base name    = Array003
 Status: Base = Ready,  object = Ready
 Proxy        = no
 Root Info (Attributes):
{}Array typekind/rank: Real*8 / 2 
~ lower class' values ~
DistGrid dimCount = 2
deCount = 6
localDeCount = 1
~ local data in LocalArray for DE 3 ~
LocalArrayPrint: Array at address 0x165bfd0:
            rank = 2, typekind = 6, base_addr = 0x7f257f71ffa0
            dim[0] = 2  dim[1] = 2  
  Real, *8, Dim 2, Data values:
( 1, 1) =  0
( 2, 1) =  0
( 1, 2) =  0
( 2, 2) =  0
dim 1: [0]: [1 [1 [1, 2] 2] 2]
dim 2: [1]: [1 [1 [1, 2] 2] 2]
--- ESMCI::Array::print end ---
DistGrid dimCount = 2
0x1150b30deCount = 6
localDeCount = 2
~ local data in LocalArray for DE 0 ~
ArrayBundle: MyArrayBundle
arrayCount = 3

Container::print() multipmap:item=0 key=AonFly value=0x127d8e0
Container::print() multipmap:item=1 key=Array002 value=0x1279800
Container::print() multipmap:item=2 key=Array003 value=0x127a5a0
Container::print()      list:item=0 key=Array002 value=0x1279800
Container::print()      list:item=1 key=Array003 value=0x127a5a0
Container::print()      list:item=2 key=AonFly value=0x127d8e0
--- ESMCI::ArrayBundle::print end ---
Container::print() multipmap:item=LocalArrayPrint: Array at address 0x1ae0870:
1            rank = 2, typekind = 5, --- ESMCI::Array::print start ---
 Base name    = AonFly
 Status: Base = Ready,  object = Ready
 Proxy        = no
 Root Info (Attributes):
 key=base_addr = 0x7f2878547f40
Array002             value={}0x114d7b0
Container::print() multipmap:item=2 key=Array003 value=0x114e240
Container::print()      list:item=0 key=Array002 value=0x114d7b0
Container::print()      list:item=1 key=Array003 value=0x114e240
Container::print()      list:item=2 key=AonFly value=0x1150b30
--- ESMCI::ArrayBundle::print end ---
  PASS  Example ESMF_ArrayBundleEx, ESMF_ArrayBundleEx.F90, line 267
--- ESMCI::Array::print start ---
dim[0] = 3  dim[1] = 2  
  Real, *4, Dim 2, Data values:
( 1, 1) =  0
( 2, 1) =  0
( 3, 1) =  0
( 1, 2) =  0
( 2, 2) =  0
( 3, 2) =  0
dim 1: [0]: [1 [1 [1, 3] 3] 3]
dim 2: [1]: [1 [1 [1, 2] 2] 2]
~ local data in LocalArray for DE 4 ~
LocalArrayPrint: Array at address 0x1ae0ba0:
            rank = 2, typekind = 5, base_addr = 0x7f2878547f20
            dim[0] = 3  dim[1] = 1  
  Real, *4, Dim 2, Data values:
( 1, 1) =  0
( 2, 1) =  0
( 3, 1) =  0
dim 1: [0]: [1 [1 [1, 3] 3] 3]
dim 2: [1]: [1 [1 [1, 1] 1] 1]
--- ESMCI::Array::print end ---
--- ESMCI::Array::print start ---
 Base name    =  Base name    = Array002AonFly

 Status: Base = Ready Status: Base = ,  object = ReadyReady, 
 object =  Proxy        = Readyno

 Proxy        =  Root Info (Attributes):no

{} Root Info (Attributes):
{}Array typekind/rank: Real*8 / 2 
~ lower class' values ~
DistGrid dimCount = 2
deCount = 6
localDeCount = 2
~ local data in LocalArray for DE 0 ~
LocalArrayPrint: Array at address 0x1adc770:
            rank = 2, typekind = 6, base_addr = 0x7f287855fd40
            dim[0] = 3  dim[1] = 2  
  Real, *8, Dim 2, Data values:
( 1, 1) =  6.90762e-310
( 2, 1) =  6.01347e-154
( 3, 1) =  6.01347e-154
( 1, 2) =  6.10916e+223
( 2, 2) =  7.88786e+73
( 3, 2) =  6.06757e-154
dim 1: [0]: [1 [1 [1, 3] 3] 3]
dim 2: [1]: [1 [1 [1, 2] 2] 2]
~ local data in LocalArray for DE 4 ~
LocalArrayPrint: Array at address 0x1adcaa0:
            rank = 2, typekind = 6, Array typekind/rank: Real*4 / 2 
base_addr = 0x7f2878547fc0
            dim[0] = 3  ~ lower class' values ~
dim[1] = 1  DistGrid dimCount = 2

deCount = 6
  Real, *8, Dim 2, Data values:
localDeCount = 1
( 1, 1) =  0
~ local data in LocalArray for DE 2 ~
( 2, 1) =  0
LocalArrayPrint: Array at address 0x1150800:
( 3, 1) =  0
dim 1: [0]: [1 [1 [1, 3] 3] 3]
            rank = 2, typekind = 5, dim 2: [1]: [1 [1 [1, 1] 1] 1]
base_addr = 0x7f2414383fc0
--- ESMCI::Array::print end ---
            --- ESMCI::Array::print start ---
dim[0] = 3  dim[1] = 2   Base name    = 
Array003  Real, *4, Dim 2, Data values:

( 1, 1) =  0
 Status: Base = Ready, ( 2, 1) =  0
 object = Ready( 3, 1) =  2.73456e-38

( 1, 2) =  0
 Proxy        = ( 2, 2) =  0
no
( 3, 2) =  0
 Root Info (Attributes):dim 1: [0]: [1 [1 [1, 3] 3] 3]

{}dim 2: [1]: [1 [1 [1, 2] 2] 2]
--- ESMCI::Array::print end ---
--- ESMCI::Array::print start ---
Array typekind/rank: Real*8 / 2 
~ lower class' values ~
 Base name    = DistGrid dimCount = 2
Array002deCount = 6

localDeCount = 2
 Status: Base = ~ local data in LocalArray for DE 0 ~
ReadyLocalArrayPrint: Array at address 0x1add530:
,  object =             rank = 2, typekind = 6, Readybase_addr = 0x7f287855fd00

             Proxy        = dim[0] = 3  nodim[1] = 2  

 Root Info (Attributes):  Real, *8, Dim 2, Data values:

( 1, 1) =  6.90762e-310
{}( 2, 1) =  6.01347e-154
( 3, 1) =  6.01347e-154
Array typekind/rank: Real*8 / 2 
( 1, 2) =  6.10916e+223
~ lower class' values ~
DistGrid dimCount = 2
( 2, 2) =  6.01386e-154
deCount = 6
( 3, 2) =  6.01347e-154
localDeCount = 1
dim 1: [0]: [1 [1 [1, 3] 3] 3]
~ local data in LocalArray for DE 2 ~
LocalArrayPrint: Array at address 0x114d480:
dim 2: [1]: [1 [1 [1, 2] 2] 2]
            rank = 2, typekind = 6, ~ local data in LocalArray for DE 4 ~
LocalArrayPrint: Array at address 0x1add860:
base_addr = 0x7f241439bd40
            rank = 2, typekind = 6,             base_addr = 0x7f2878547fa0
dim[0] = 3              dim[1] = 2  dim[0] = 3  
dim[1] = 1    Real, *8, Dim 2, Data values:

( 1, 1) =  6.90669e-310
  Real, *8, Dim 2, Data values:
( 1, 1) =  0
( 2, 1) =  6.01347e-154
( 2, 1) =  0
( 3, 1) =  6.01347e-154
( 3, 1) =  0
( 1, 2) =  6.10916e+223
dim 1: [0]: [1 [1 [1, 3] 3] 3]
dim 2: [1]: [1 [1 [1, 1] 1] 1]
( 2, 2) =  7.88786e+73
--- ESMCI::Array::print end ---
( 3, 2) =  6.06757e-154
dim 1: [0]: [1 [1 [1, 3] 3] 3]
dim 2: [1]: [1 [1 [1, 2] 2] 2]
--- ESMCI::Array::print end ---
--- ESMCI::Array::print start ---
 Base name    = Array003
 Status: Base = Ready,  object = Ready
 Proxy        = no
 Root Info (Attributes):
{}Array typekind/rank: Real*8 / 2 
~ lower class' values ~
DistGrid dimCount = 2
deCount = 6
localDeCount = 1
~ local data in LocalArray for DE 2 ~
LocalArrayPrint: Array at address 0x114df10:
            rank = 2, typekind = 6,   PASS  Example ESMF_ArrayBundleEx, ESMF_ArrayBundleEx.F90, line 267
base_addr = 0x7f241439bd00
            dim[0] = 3  dim[1] = 2  Array typekind/rank: Real*4 / 2 
~ lower class' values ~
DistGrid dimCount = 2
deCount = 6
localDeCount = 2
~ local data in LocalArray for DE 1 ~
LocalArrayPrint: Array at address 0x127d280:
            rank = 2, typekind = 5, base_addr = 0x7f7079ae3ee0
            dim[0] = 2  dim[1] = 2  
  Real, *4, Dim 2, Data values:
( 1, 1) =  0
( 2, 1) =  0
( 1, 2) =  0
( 2, 2) =  0
dim 1: [0]: [1 [1 [1, 2] 2] 2]
dim 2: [1]: [1 [1 [1, 2] 2] 2]
~ local data in LocalArray for DE 5 ~
LocalArrayPrint: Array at address 0x127d5b0:
            rank = 2, typekind = 5, base_addr = 0x7f7079ae3ec0
            dim[0] = 2  dim[1] = 1  
  Real, *4, Dim 2, Data values:
( 1, 1) =  0
( 2, 1) =  0
dim 1: [0]: [1 [1 [1, 2] 2] 2]
dim 2: [1]: [1 [1 [1, 1] 1] 1]
--- ESMCI::Array::print end ---
--- ESMCI::Array::print start ---
 Base name    = Array002
 Status: Base = Ready,  object = Ready
 Proxy        = no
 Root Info (Attributes):
{}Array typekind/rank: Real*8 / 2 
~ lower class' values ~
DistGrid dimCount = 2
deCount = 6
localDeCount = 2
~ local data in LocalArray for DE 1 ~
LocalArrayPrint: Array at address 0x12791a0:
            rank = 2, typekind = 6, base_addr = 0x7f7079ae3fc0
            dim[0] = 2  dim[1] = 2  
  Real, *8, Dim 2, Data values:
( 1, 1) =  0
( 2, 1) =  0
( 1, 2) =  0
( 2, 2) =  0
dim 1: [0]: [1 [1 [1, 2] 2] 2]
dim 2: [1]: [1 [1 [1, 2] 2] 2]
~ local data in LocalArray for DE 5 ~
LocalArrayPrint: Array at address 0x12794d0:
            rank = 2, typekind = 6, base_addr = 0x7f7079ae3fa0
            dim[0] = 2  dim[1] = 1  
  Real, *8, Dim 2, Data values:
( 1, 1) =  0
( 2, 1) =  0
dim 1: [0]: [1 [1 [1, 2] 2] 2]
dim 2: [1]: [1 [1 [1, 1] 1] 1]
--- ESMCI::Array::print end ---
--- ESMCI::Array::print start ---
 Base name    = Array003
 Status: Base = Ready,  object = Ready
 Proxy        = no
 Root Info (Attributes):
{}Array typekind/rank: Real*8 / 2 
~ lower class' values ~
DistGrid dimCount = 2
deCount = 6
localDeCount = 2
~ local data in LocalArray for DE 1 ~
LocalArrayPrint: Array at address 0x1279f40:
            rank = 2, typekind = 6, base_addr = 0x7f7079ae3f80
            dim[0] = 2  dim[1] = 2  
  Real, *8, Dim 2, Data values:
( 1, 1) =  0
( 2, 1) =  0
( 1, 2) =  0
( 2, 2) =  0
dim 1: [0]: [1 [1 [1, 2] 2] 2]
dim 2: [1]: [1 [1 [1, 2] 2] 2]
~ local data in LocalArray for DE 5 ~
LocalArrayPrint: Array at address 0x127a270:
            rank = 2, typekind = 6, base_addr = 0x7f7079ae3f60
            dim[0] = 2  dim[1] = 1  
  Real, *8, Dim 2, Data values:
( 1, 1) =  0
( 2, 1) =  0
dim 1: [0]: [1 [1 [1, 2] 2] 2]
dim 2: [1]: [1 [1 [1, 1] 1] 1]
--- ESMCI::Array::print end ---
  PASS  Example ESMF_ArrayBundleEx, ESMF_ArrayBundleEx.F90, line 267

  Real, *8, Dim 2, Data values:
( 1, 1) =  6.90669e-310
( 2, 1) =  6.01347e-154
( 3, 1) =  6.01347e-154
( 1, 2) =  6.10916e+223
( 2, 2) =  6.01386e-154
( 3, 2) =  6.01347e-154
dim 1: [0]: [1 [1 [1, 3] 3] 3]
dim 2: [1]: [1 [1 [1, 2] 2] 2]
--- ESMCI::Array::print end ---
  PASS  Example ESMF_ArrayBundleEx, ESMF_ArrayBundleEx.F90, line 267
 PASS: ESMF_ArrayBundleEx.F90
 PASS: ESMF_ArrayBundleEx.F90
 PASS: ESMF_ArrayBundleEx.F90
 PASS: ESMF_ArrayBundleEx.F90
