build time -- 2021-10-17 02:31:32
20211017 052415.345 INFO             PET0 !!!!!!!!!!!!!!!!!!!!!!!!!!!!!!!!!!!!!!!!!!!!!!!!!!!!!!
20211017 052415.345 INFO             PET0 !!! THE ESMF_LOG IS SET TO OUTPUT ALL LOG MESSAGES !!!
20211017 052415.345 INFO             PET0 !!!     THIS MAY CAUSE SLOWDOWN IN PERFORMANCE     !!!
20211017 052415.345 INFO             PET0 !!! FOR PRODUCTION RUNS, USE:                      !!!
20211017 052415.345 INFO             PET0 !!!                   ESMF_LOGKIND_Multi_On_Error  !!!
20211017 052415.345 INFO             PET0 !!!!!!!!!!!!!!!!!!!!!!!!!!!!!!!!!!!!!!!!!!!!!!!!!!!!!!
20211017 052415.345 INFO             PET0 Running with ESMF Version   : ESMF_8_2_0_beta_snapshot_22-10-g6974ca4
20211017 052415.345 INFO             PET0 ESMF library build date/time: "Oct 17 2021" "02:29:40"
20211017 052415.345 INFO             PET0 ESMF library build location : /work/noaa/da/mpotts/sandbox/intel_2020_intelmpi_g_release_8.2.0
20211017 052415.345 INFO             PET0 ESMF_COMM                   : intelmpi
20211017 052415.346 INFO             PET0 ESMF_MOAB                   : enabled
20211017 052415.346 INFO             PET0 ESMF_LAPACK                 : enabled
20211017 052415.346 INFO             PET0 ESMF_NETCDF                 : enabled
20211017 052415.346 INFO             PET0 ESMF_PNETCDF                : disabled
20211017 052415.346 INFO             PET0 ESMF_PIO                    : enabled
20211017 052415.346 INFO             PET0 ESMF_YAMLCPP                : enabled
20211017 052421.993 INFO             PET0  NUMBER_OF_PROCESSORS           4
20211017 052421.993 INFO             PET0  PASS  Example ESMF_FieldBundleSMMEx, ESMF_FieldBundleSMMEx.F90, line 242
20211017 052421.993 INFO             PET0 Finalizing ESMF
20211017 052415.346 INFO             PET1 !!!!!!!!!!!!!!!!!!!!!!!!!!!!!!!!!!!!!!!!!!!!!!!!!!!!!!
20211017 052415.346 INFO             PET1 !!! THE ESMF_LOG IS SET TO OUTPUT ALL LOG MESSAGES !!!
20211017 052415.346 INFO             PET1 !!!     THIS MAY CAUSE SLOWDOWN IN PERFORMANCE     !!!
20211017 052415.346 INFO             PET1 !!! FOR PRODUCTION RUNS, USE:                      !!!
20211017 052415.346 INFO             PET1 !!!                   ESMF_LOGKIND_Multi_On_Error  !!!
20211017 052415.346 INFO             PET1 !!!!!!!!!!!!!!!!!!!!!!!!!!!!!!!!!!!!!!!!!!!!!!!!!!!!!!
20211017 052415.346 INFO             PET1 Running with ESMF Version   : ESMF_8_2_0_beta_snapshot_22-10-g6974ca4
20211017 052415.346 INFO             PET1 ESMF library build date/time: "Oct 17 2021" "02:29:40"
20211017 052415.346 INFO             PET1 ESMF library build location : /work/noaa/da/mpotts/sandbox/intel_2020_intelmpi_g_release_8.2.0
20211017 052415.346 INFO             PET1 ESMF_COMM                   : intelmpi
20211017 052415.348 INFO             PET1 ESMF_MOAB                   : enabled
20211017 052415.348 INFO             PET1 ESMF_LAPACK                 : enabled
20211017 052415.348 INFO             PET1 ESMF_NETCDF                 : enabled
20211017 052415.348 INFO             PET1 ESMF_PNETCDF                : disabled
20211017 052415.348 INFO             PET1 ESMF_PIO                    : enabled
20211017 052415.348 INFO             PET1 ESMF_YAMLCPP                : enabled
20211017 052421.990 INFO             PET1  NUMBER_OF_PROCESSORS           4
20211017 052421.990 INFO             PET1  PASS  Example ESMF_FieldBundleSMMEx, ESMF_FieldBundleSMMEx.F90, line 242
20211017 052421.990 INFO             PET1 Finalizing ESMF
20211017 052415.359 INFO             PET2 !!!!!!!!!!!!!!!!!!!!!!!!!!!!!!!!!!!!!!!!!!!!!!!!!!!!!!
20211017 052415.359 INFO             PET2 !!! THE ESMF_LOG IS SET TO OUTPUT ALL LOG MESSAGES !!!
20211017 052415.359 INFO             PET2 !!!     THIS MAY CAUSE SLOWDOWN IN PERFORMANCE     !!!
20211017 052415.359 INFO             PET2 !!! FOR PRODUCTION RUNS, USE:                      !!!
20211017 052415.359 INFO             PET2 !!!                   ESMF_LOGKIND_Multi_On_Error  !!!
20211017 052415.359 INFO             PET2 !!!!!!!!!!!!!!!!!!!!!!!!!!!!!!!!!!!!!!!!!!!!!!!!!!!!!!
20211017 052415.359 INFO             PET2 Running with ESMF Version   : ESMF_8_2_0_beta_snapshot_22-10-g6974ca4
20211017 052415.359 INFO             PET2 ESMF library build date/time: "Oct 17 2021" "02:29:40"
20211017 052415.359 INFO             PET2 ESMF library build location : /work/noaa/da/mpotts/sandbox/intel_2020_intelmpi_g_release_8.2.0
20211017 052415.359 INFO             PET2 ESMF_COMM                   : intelmpi
20211017 052415.371 INFO             PET2 ESMF_MOAB                   : enabled
20211017 052415.371 INFO             PET2 ESMF_LAPACK                 : enabled
20211017 052415.371 INFO             PET2 ESMF_NETCDF                 : enabled
20211017 052415.371 INFO             PET2 ESMF_PNETCDF                : disabled
20211017 052415.371 INFO             PET2 ESMF_PIO                    : enabled
20211017 052415.371 INFO             PET2 ESMF_YAMLCPP                : enabled
20211017 052421.993 INFO             PET2  NUMBER_OF_PROCESSORS           4
20211017 052422.006 INFO             PET2  PASS  Example ESMF_FieldBundleSMMEx, ESMF_FieldBundleSMMEx.F90, line 242
20211017 052422.006 INFO             PET2 Finalizing ESMF
20211017 052415.360 INFO             PET3 !!!!!!!!!!!!!!!!!!!!!!!!!!!!!!!!!!!!!!!!!!!!!!!!!!!!!!
20211017 052415.360 INFO             PET3 !!! THE ESMF_LOG IS SET TO OUTPUT ALL LOG MESSAGES !!!
20211017 052415.360 INFO             PET3 !!!     THIS MAY CAUSE SLOWDOWN IN PERFORMANCE     !!!
20211017 052415.360 INFO             PET3 !!! FOR PRODUCTION RUNS, USE:                      !!!
20211017 052415.360 INFO             PET3 !!!                   ESMF_LOGKIND_Multi_On_Error  !!!
20211017 052415.360 INFO             PET3 !!!!!!!!!!!!!!!!!!!!!!!!!!!!!!!!!!!!!!!!!!!!!!!!!!!!!!
20211017 052415.360 INFO             PET3 Running with ESMF Version   : ESMF_8_2_0_beta_snapshot_22-10-g6974ca4
20211017 052415.360 INFO             PET3 ESMF library build date/time: "Oct 17 2021" "02:29:40"
20211017 052415.360 INFO             PET3 ESMF library build location : /work/noaa/da/mpotts/sandbox/intel_2020_intelmpi_g_release_8.2.0
20211017 052415.360 INFO             PET3 ESMF_COMM                   : intelmpi
20211017 052415.371 INFO             PET3 ESMF_MOAB                   : enabled
20211017 052415.371 INFO             PET3 ESMF_LAPACK                 : enabled
20211017 052415.371 INFO             PET3 ESMF_NETCDF                 : enabled
20211017 052415.371 INFO             PET3 ESMF_PNETCDF                : disabled
20211017 052415.371 INFO             PET3 ESMF_PIO                    : enabled
20211017 052415.371 INFO             PET3 ESMF_YAMLCPP                : enabled
20211017 052422.006 INFO             PET3  NUMBER_OF_PROCESSORS           4
20211017 052422.015 INFO             PET3  PASS  Example ESMF_FieldBundleSMMEx, ESMF_FieldBundleSMMEx.F90, line 242
20211017 052422.015 INFO             PET3 Finalizing ESMF
