build time -- 2021-10-25 02:29:32
20211025 051128.914 INFO             PET0 !!!!!!!!!!!!!!!!!!!!!!!!!!!!!!!!!!!!!!!!!!!!!!!!!!!!!!
20211025 051128.914 INFO             PET0 !!! THE ESMF_LOG IS SET TO OUTPUT ALL LOG MESSAGES !!!
20211025 051128.914 INFO             PET0 !!!     THIS MAY CAUSE SLOWDOWN IN PERFORMANCE     !!!
20211025 051128.914 INFO             PET0 !!! FOR PRODUCTION RUNS, USE:                      !!!
20211025 051128.914 INFO             PET0 !!!                   ESMF_LOGKIND_Multi_On_Error  !!!
20211025 051128.914 INFO             PET0 !!!!!!!!!!!!!!!!!!!!!!!!!!!!!!!!!!!!!!!!!!!!!!!!!!!!!!
20211025 051128.914 INFO             PET0 Running with ESMF Version   : ESMF_8_2_0_beta_snapshot_23-1-g304824b
20211025 051128.914 INFO             PET0 ESMF library build date/time: "Oct 25 2021" "02:27:59"
20211025 051128.914 INFO             PET0 ESMF library build location : /work/noaa/da/mpotts/sandbox/intel_2020_intelmpi_g_release_8.2.0
20211025 051128.914 INFO             PET0 ESMF_COMM                   : intelmpi
20211025 051128.917 INFO             PET0 ESMF_MOAB                   : enabled
20211025 051128.917 INFO             PET0 ESMF_LAPACK                 : enabled
20211025 051128.917 INFO             PET0 ESMF_NETCDF                 : enabled
20211025 051128.917 INFO             PET0 ESMF_PNETCDF                : disabled
20211025 051128.917 INFO             PET0 ESMF_PIO                    : enabled
20211025 051128.917 INFO             PET0 ESMF_YAMLCPP                : enabled
20211025 051217.750 INFO             PET0  NUMBER_OF_PROCESSORS           4
20211025 051217.761 INFO             PET0  PASS  Example ESMF_GridUsageEx, ESMF_GridUsageEx.F90, line 3470
20211025 051217.761 INFO             PET0 Finalizing ESMF
20211025 051128.914 INFO             PET1 !!!!!!!!!!!!!!!!!!!!!!!!!!!!!!!!!!!!!!!!!!!!!!!!!!!!!!
20211025 051128.914 INFO             PET1 !!! THE ESMF_LOG IS SET TO OUTPUT ALL LOG MESSAGES !!!
20211025 051128.914 INFO             PET1 !!!     THIS MAY CAUSE SLOWDOWN IN PERFORMANCE     !!!
20211025 051128.914 INFO             PET1 !!! FOR PRODUCTION RUNS, USE:                      !!!
20211025 051128.914 INFO             PET1 !!!                   ESMF_LOGKIND_Multi_On_Error  !!!
20211025 051128.914 INFO             PET1 !!!!!!!!!!!!!!!!!!!!!!!!!!!!!!!!!!!!!!!!!!!!!!!!!!!!!!
20211025 051128.914 INFO             PET1 Running with ESMF Version   : ESMF_8_2_0_beta_snapshot_23-1-g304824b
20211025 051128.914 INFO             PET1 ESMF library build date/time: "Oct 25 2021" "02:27:59"
20211025 051128.914 INFO             PET1 ESMF library build location : /work/noaa/da/mpotts/sandbox/intel_2020_intelmpi_g_release_8.2.0
20211025 051128.914 INFO             PET1 ESMF_COMM                   : intelmpi
20211025 051128.916 INFO             PET1 ESMF_MOAB                   : enabled
20211025 051128.916 INFO             PET1 ESMF_LAPACK                 : enabled
20211025 051128.916 INFO             PET1 ESMF_NETCDF                 : enabled
20211025 051128.916 INFO             PET1 ESMF_PNETCDF                : disabled
20211025 051128.916 INFO             PET1 ESMF_PIO                    : enabled
20211025 051128.916 INFO             PET1 ESMF_YAMLCPP                : enabled
20211025 051217.712 INFO             PET1  NUMBER_OF_PROCESSORS           4
20211025 051217.725 INFO             PET1  PASS  Example ESMF_GridUsageEx, ESMF_GridUsageEx.F90, line 3470
20211025 051217.725 INFO             PET1 Finalizing ESMF
20211025 051128.917 INFO             PET2 !!!!!!!!!!!!!!!!!!!!!!!!!!!!!!!!!!!!!!!!!!!!!!!!!!!!!!
20211025 051128.917 INFO             PET2 !!! THE ESMF_LOG IS SET TO OUTPUT ALL LOG MESSAGES !!!
20211025 051128.917 INFO             PET2 !!!     THIS MAY CAUSE SLOWDOWN IN PERFORMANCE     !!!
20211025 051128.917 INFO             PET2 !!! FOR PRODUCTION RUNS, USE:                      !!!
20211025 051128.917 INFO             PET2 !!!                   ESMF_LOGKIND_Multi_On_Error  !!!
20211025 051128.917 INFO             PET2 !!!!!!!!!!!!!!!!!!!!!!!!!!!!!!!!!!!!!!!!!!!!!!!!!!!!!!
20211025 051128.917 INFO             PET2 Running with ESMF Version   : ESMF_8_2_0_beta_snapshot_23-1-g304824b
20211025 051128.917 INFO             PET2 ESMF library build date/time: "Oct 25 2021" "02:27:59"
20211025 051128.917 INFO             PET2 ESMF library build location : /work/noaa/da/mpotts/sandbox/intel_2020_intelmpi_g_release_8.2.0
20211025 051128.917 INFO             PET2 ESMF_COMM                   : intelmpi
20211025 051128.930 INFO             PET2 ESMF_MOAB                   : enabled
20211025 051128.930 INFO             PET2 ESMF_LAPACK                 : enabled
20211025 051128.930 INFO             PET2 ESMF_NETCDF                 : enabled
20211025 051128.930 INFO             PET2 ESMF_PNETCDF                : disabled
20211025 051128.930 INFO             PET2 ESMF_PIO                    : enabled
20211025 051128.930 INFO             PET2 ESMF_YAMLCPP                : enabled
20211025 051217.720 INFO             PET2  NUMBER_OF_PROCESSORS           4
20211025 051217.729 INFO             PET2  PASS  Example ESMF_GridUsageEx, ESMF_GridUsageEx.F90, line 3470
20211025 051217.729 INFO             PET2 Finalizing ESMF
20211025 051128.934 INFO             PET3 !!!!!!!!!!!!!!!!!!!!!!!!!!!!!!!!!!!!!!!!!!!!!!!!!!!!!!
20211025 051128.934 INFO             PET3 !!! THE ESMF_LOG IS SET TO OUTPUT ALL LOG MESSAGES !!!
20211025 051128.934 INFO             PET3 !!!     THIS MAY CAUSE SLOWDOWN IN PERFORMANCE     !!!
20211025 051128.934 INFO             PET3 !!! FOR PRODUCTION RUNS, USE:                      !!!
20211025 051128.934 INFO             PET3 !!!                   ESMF_LOGKIND_Multi_On_Error  !!!
20211025 051128.934 INFO             PET3 !!!!!!!!!!!!!!!!!!!!!!!!!!!!!!!!!!!!!!!!!!!!!!!!!!!!!!
20211025 051128.934 INFO             PET3 Running with ESMF Version   : ESMF_8_2_0_beta_snapshot_23-1-g304824b
20211025 051128.934 INFO             PET3 ESMF library build date/time: "Oct 25 2021" "02:27:59"
20211025 051128.934 INFO             PET3 ESMF library build location : /work/noaa/da/mpotts/sandbox/intel_2020_intelmpi_g_release_8.2.0
20211025 051128.934 INFO             PET3 ESMF_COMM                   : intelmpi
20211025 051128.935 INFO             PET3 ESMF_MOAB                   : enabled
20211025 051128.935 INFO             PET3 ESMF_LAPACK                 : enabled
20211025 051128.935 INFO             PET3 ESMF_NETCDF                 : enabled
20211025 051128.935 INFO             PET3 ESMF_PNETCDF                : disabled
20211025 051128.935 INFO             PET3 ESMF_PIO                    : enabled
20211025 051128.935 INFO             PET3 ESMF_YAMLCPP                : enabled
20211025 051217.750 INFO             PET3  NUMBER_OF_PROCESSORS           4
20211025 051217.750 INFO             PET3  PASS  Example ESMF_GridUsageEx, ESMF_GridUsageEx.F90, line 3470
20211025 051217.750 INFO             PET3 Finalizing ESMF
