build time -- 2021-10-07 02:34:12
20211007 052135.203 INFO             PET0 !!!!!!!!!!!!!!!!!!!!!!!!!!!!!!!!!!!!!!!!!!!!!!!!!!!!!!
20211007 052135.203 INFO             PET0 !!! THE ESMF_LOG IS SET TO OUTPUT ALL LOG MESSAGES !!!
20211007 052135.203 INFO             PET0 !!!     THIS MAY CAUSE SLOWDOWN IN PERFORMANCE     !!!
20211007 052135.203 INFO             PET0 !!! FOR PRODUCTION RUNS, USE:                      !!!
20211007 052135.204 INFO             PET0 !!!                   ESMF_LOGKIND_Multi_On_Error  !!!
20211007 052135.204 INFO             PET0 !!!!!!!!!!!!!!!!!!!!!!!!!!!!!!!!!!!!!!!!!!!!!!!!!!!!!!
20211007 052135.204 INFO             PET0 Running with ESMF Version   : ESMF_8_2_0_beta_snapshot_21
20211007 052135.204 INFO             PET0 ESMF library build date/time: "Oct  7 2021" "02:32:28"
20211007 052135.204 INFO             PET0 ESMF library build location : /work/noaa/da/mpotts/sandbox/intel_2020_intelmpi_g_release_8.2.0
20211007 052135.204 INFO             PET0 ESMF_COMM                   : intelmpi
20211007 052135.205 INFO             PET0 ESMF_MOAB                   : enabled
20211007 052135.205 INFO             PET0 ESMF_LAPACK                 : enabled
20211007 052135.205 INFO             PET0 ESMF_NETCDF                 : enabled
20211007 052135.205 INFO             PET0 ESMF_PNETCDF                : disabled
20211007 052135.205 INFO             PET0 ESMF_PIO                    : enabled
20211007 052135.205 INFO             PET0 ESMF_YAMLCPP                : enabled
20211007 052141.158 INFO             PET0  NUMBER_OF_PROCESSORS           4
20211007 052141.171 INFO             PET0  PASS  Example ESMF_ArrayScatterGatherArbEx, ESMF_ArrayScatterGatherArbEx.F90, line 313
20211007 052141.171 INFO             PET0 Finalizing ESMF
20211007 052135.225 INFO             PET1 !!!!!!!!!!!!!!!!!!!!!!!!!!!!!!!!!!!!!!!!!!!!!!!!!!!!!!
20211007 052135.225 INFO             PET1 !!! THE ESMF_LOG IS SET TO OUTPUT ALL LOG MESSAGES !!!
20211007 052135.225 INFO             PET1 !!!     THIS MAY CAUSE SLOWDOWN IN PERFORMANCE     !!!
20211007 052135.225 INFO             PET1 !!! FOR PRODUCTION RUNS, USE:                      !!!
20211007 052135.225 INFO             PET1 !!!                   ESMF_LOGKIND_Multi_On_Error  !!!
20211007 052135.225 INFO             PET1 !!!!!!!!!!!!!!!!!!!!!!!!!!!!!!!!!!!!!!!!!!!!!!!!!!!!!!
20211007 052135.225 INFO             PET1 Running with ESMF Version   : ESMF_8_2_0_beta_snapshot_21
20211007 052135.226 INFO             PET1 ESMF library build date/time: "Oct  7 2021" "02:32:28"
20211007 052135.226 INFO             PET1 ESMF library build location : /work/noaa/da/mpotts/sandbox/intel_2020_intelmpi_g_release_8.2.0
20211007 052135.226 INFO             PET1 ESMF_COMM                   : intelmpi
20211007 052135.227 INFO             PET1 ESMF_MOAB                   : enabled
20211007 052135.227 INFO             PET1 ESMF_LAPACK                 : enabled
20211007 052135.227 INFO             PET1 ESMF_NETCDF                 : enabled
20211007 052135.227 INFO             PET1 ESMF_PNETCDF                : disabled
20211007 052135.227 INFO             PET1 ESMF_PIO                    : enabled
20211007 052135.227 INFO             PET1 ESMF_YAMLCPP                : enabled
20211007 052141.137 INFO             PET1  NUMBER_OF_PROCESSORS           4
20211007 052141.137 INFO             PET1  PASS  Example ESMF_ArrayScatterGatherArbEx, ESMF_ArrayScatterGatherArbEx.F90, line 313
20211007 052141.137 INFO             PET1 Finalizing ESMF
20211007 052135.224 INFO             PET2 !!!!!!!!!!!!!!!!!!!!!!!!!!!!!!!!!!!!!!!!!!!!!!!!!!!!!!
20211007 052135.224 INFO             PET2 !!! THE ESMF_LOG IS SET TO OUTPUT ALL LOG MESSAGES !!!
20211007 052135.224 INFO             PET2 !!!     THIS MAY CAUSE SLOWDOWN IN PERFORMANCE     !!!
20211007 052135.224 INFO             PET2 !!! FOR PRODUCTION RUNS, USE:                      !!!
20211007 052135.224 INFO             PET2 !!!                   ESMF_LOGKIND_Multi_On_Error  !!!
20211007 052135.224 INFO             PET2 !!!!!!!!!!!!!!!!!!!!!!!!!!!!!!!!!!!!!!!!!!!!!!!!!!!!!!
20211007 052135.224 INFO             PET2 Running with ESMF Version   : ESMF_8_2_0_beta_snapshot_21
20211007 052135.224 INFO             PET2 ESMF library build date/time: "Oct  7 2021" "02:32:28"
20211007 052135.224 INFO             PET2 ESMF library build location : /work/noaa/da/mpotts/sandbox/intel_2020_intelmpi_g_release_8.2.0
20211007 052135.224 INFO             PET2 ESMF_COMM                   : intelmpi
20211007 052135.225 INFO             PET2 ESMF_MOAB                   : enabled
20211007 052135.225 INFO             PET2 ESMF_LAPACK                 : enabled
20211007 052135.225 INFO             PET2 ESMF_NETCDF                 : enabled
20211007 052135.225 INFO             PET2 ESMF_PNETCDF                : disabled
20211007 052135.225 INFO             PET2 ESMF_PIO                    : enabled
20211007 052135.225 INFO             PET2 ESMF_YAMLCPP                : enabled
20211007 052141.125 INFO             PET2  NUMBER_OF_PROCESSORS           4
20211007 052141.137 INFO             PET2  PASS  Example ESMF_ArrayScatterGatherArbEx, ESMF_ArrayScatterGatherArbEx.F90, line 313
20211007 052141.137 INFO             PET2 Finalizing ESMF
20211007 052135.240 INFO             PET3 !!!!!!!!!!!!!!!!!!!!!!!!!!!!!!!!!!!!!!!!!!!!!!!!!!!!!!
20211007 052135.240 INFO             PET3 !!! THE ESMF_LOG IS SET TO OUTPUT ALL LOG MESSAGES !!!
20211007 052135.240 INFO             PET3 !!!     THIS MAY CAUSE SLOWDOWN IN PERFORMANCE     !!!
20211007 052135.240 INFO             PET3 !!! FOR PRODUCTION RUNS, USE:                      !!!
20211007 052135.240 INFO             PET3 !!!                   ESMF_LOGKIND_Multi_On_Error  !!!
20211007 052135.240 INFO             PET3 !!!!!!!!!!!!!!!!!!!!!!!!!!!!!!!!!!!!!!!!!!!!!!!!!!!!!!
20211007 052135.240 INFO             PET3 Running with ESMF Version   : ESMF_8_2_0_beta_snapshot_21
20211007 052135.240 INFO             PET3 ESMF library build date/time: "Oct  7 2021" "02:32:28"
20211007 052135.240 INFO             PET3 ESMF library build location : /work/noaa/da/mpotts/sandbox/intel_2020_intelmpi_g_release_8.2.0
20211007 052135.240 INFO             PET3 ESMF_COMM                   : intelmpi
20211007 052135.250 INFO             PET3 ESMF_MOAB                   : enabled
20211007 052135.250 INFO             PET3 ESMF_LAPACK                 : enabled
20211007 052135.250 INFO             PET3 ESMF_NETCDF                 : enabled
20211007 052135.250 INFO             PET3 ESMF_PNETCDF                : disabled
20211007 052135.250 INFO             PET3 ESMF_PIO                    : enabled
20211007 052135.250 INFO             PET3 ESMF_YAMLCPP                : enabled
20211007 052141.158 INFO             PET3  NUMBER_OF_PROCESSORS           4
20211007 052141.158 INFO             PET3  PASS  Example ESMF_ArrayScatterGatherArbEx, ESMF_ArrayScatterGatherArbEx.F90, line 313
20211007 052141.158 INFO             PET3 Finalizing ESMF
