build time -- 2021-10-09 02:31:25
20211009 051446.164 INFO             PET0 !!!!!!!!!!!!!!!!!!!!!!!!!!!!!!!!!!!!!!!!!!!!!!!!!!!!!!
20211009 051446.164 INFO             PET0 !!! THE ESMF_LOG IS SET TO OUTPUT ALL LOG MESSAGES !!!
20211009 051446.164 INFO             PET0 !!!     THIS MAY CAUSE SLOWDOWN IN PERFORMANCE     !!!
20211009 051446.164 INFO             PET0 !!! FOR PRODUCTION RUNS, USE:                      !!!
20211009 051446.164 INFO             PET0 !!!                   ESMF_LOGKIND_Multi_On_Error  !!!
20211009 051446.164 INFO             PET0 !!!!!!!!!!!!!!!!!!!!!!!!!!!!!!!!!!!!!!!!!!!!!!!!!!!!!!
20211009 051446.164 INFO             PET0 Running with ESMF Version   : ESMF_8_2_0_beta_snapshot_21-1-g86aff4e
20211009 051446.164 INFO             PET0 ESMF library build date/time: "Oct  9 2021" "02:29:27"
20211009 051446.164 INFO             PET0 ESMF library build location : /work/noaa/da/mpotts/sandbox/intel_2020_intelmpi_g_release_8.2.0
20211009 051446.164 INFO             PET0 ESMF_COMM                   : intelmpi
20211009 051446.178 INFO             PET0 ESMF_MOAB                   : enabled
20211009 051446.178 INFO             PET0 ESMF_LAPACK                 : enabled
20211009 051446.178 INFO             PET0 ESMF_NETCDF                 : enabled
20211009 051446.178 INFO             PET0 ESMF_PNETCDF                : disabled
20211009 051446.178 INFO             PET0 ESMF_PIO                    : enabled
20211009 051446.178 INFO             PET0 ESMF_YAMLCPP                : enabled
20211009 051446.205 INFO             PET0  NUMBER_OF_PROCESSORS           4
20211009 051446.205 INFO             PET0  PASS  Example ESMF_ConfigOverviewEx, ESMF_ConfigOverviewEx.F90, line 415
20211009 051446.205 INFO             PET0 Finalizing ESMF
20211009 051446.162 INFO             PET1 !!!!!!!!!!!!!!!!!!!!!!!!!!!!!!!!!!!!!!!!!!!!!!!!!!!!!!
20211009 051446.162 INFO             PET1 !!! THE ESMF_LOG IS SET TO OUTPUT ALL LOG MESSAGES !!!
20211009 051446.162 INFO             PET1 !!!     THIS MAY CAUSE SLOWDOWN IN PERFORMANCE     !!!
20211009 051446.162 INFO             PET1 !!! FOR PRODUCTION RUNS, USE:                      !!!
20211009 051446.162 INFO             PET1 !!!                   ESMF_LOGKIND_Multi_On_Error  !!!
20211009 051446.162 INFO             PET1 !!!!!!!!!!!!!!!!!!!!!!!!!!!!!!!!!!!!!!!!!!!!!!!!!!!!!!
20211009 051446.162 INFO             PET1 Running with ESMF Version   : ESMF_8_2_0_beta_snapshot_21-1-g86aff4e
20211009 051446.162 INFO             PET1 ESMF library build date/time: "Oct  9 2021" "02:29:27"
20211009 051446.162 INFO             PET1 ESMF library build location : /work/noaa/da/mpotts/sandbox/intel_2020_intelmpi_g_release_8.2.0
20211009 051446.162 INFO             PET1 ESMF_COMM                   : intelmpi
20211009 051446.163 INFO             PET1 ESMF_MOAB                   : enabled
20211009 051446.164 INFO             PET1 ESMF_LAPACK                 : enabled
20211009 051446.164 INFO             PET1 ESMF_NETCDF                 : enabled
20211009 051446.164 INFO             PET1 ESMF_PNETCDF                : disabled
20211009 051446.164 INFO             PET1 ESMF_PIO                    : enabled
20211009 051446.164 INFO             PET1 ESMF_YAMLCPP                : enabled
20211009 051446.221 INFO             PET1  NUMBER_OF_PROCESSORS           4
20211009 051446.221 INFO             PET1  PASS  Example ESMF_ConfigOverviewEx, ESMF_ConfigOverviewEx.F90, line 415
20211009 051446.221 INFO             PET1 Finalizing ESMF
20211009 051446.162 INFO             PET2 !!!!!!!!!!!!!!!!!!!!!!!!!!!!!!!!!!!!!!!!!!!!!!!!!!!!!!
20211009 051446.162 INFO             PET2 !!! THE ESMF_LOG IS SET TO OUTPUT ALL LOG MESSAGES !!!
20211009 051446.162 INFO             PET2 !!!     THIS MAY CAUSE SLOWDOWN IN PERFORMANCE     !!!
20211009 051446.162 INFO             PET2 !!! FOR PRODUCTION RUNS, USE:                      !!!
20211009 051446.162 INFO             PET2 !!!                   ESMF_LOGKIND_Multi_On_Error  !!!
20211009 051446.162 INFO             PET2 !!!!!!!!!!!!!!!!!!!!!!!!!!!!!!!!!!!!!!!!!!!!!!!!!!!!!!
20211009 051446.162 INFO             PET2 Running with ESMF Version   : ESMF_8_2_0_beta_snapshot_21-1-g86aff4e
20211009 051446.162 INFO             PET2 ESMF library build date/time: "Oct  9 2021" "02:29:27"
20211009 051446.162 INFO             PET2 ESMF library build location : /work/noaa/da/mpotts/sandbox/intel_2020_intelmpi_g_release_8.2.0
20211009 051446.162 INFO             PET2 ESMF_COMM                   : intelmpi
20211009 051446.165 INFO             PET2 ESMF_MOAB                   : enabled
20211009 051446.165 INFO             PET2 ESMF_LAPACK                 : enabled
20211009 051446.165 INFO             PET2 ESMF_NETCDF                 : enabled
20211009 051446.165 INFO             PET2 ESMF_PNETCDF                : disabled
20211009 051446.165 INFO             PET2 ESMF_PIO                    : enabled
20211009 051446.165 INFO             PET2 ESMF_YAMLCPP                : enabled
20211009 051446.224 INFO             PET2  NUMBER_OF_PROCESSORS           4
20211009 051446.224 INFO             PET2  PASS  Example ESMF_ConfigOverviewEx, ESMF_ConfigOverviewEx.F90, line 415
20211009 051446.224 INFO             PET2 Finalizing ESMF
20211009 051446.177 INFO             PET3 !!!!!!!!!!!!!!!!!!!!!!!!!!!!!!!!!!!!!!!!!!!!!!!!!!!!!!
20211009 051446.177 INFO             PET3 !!! THE ESMF_LOG IS SET TO OUTPUT ALL LOG MESSAGES !!!
20211009 051446.177 INFO             PET3 !!!     THIS MAY CAUSE SLOWDOWN IN PERFORMANCE     !!!
20211009 051446.177 INFO             PET3 !!! FOR PRODUCTION RUNS, USE:                      !!!
20211009 051446.177 INFO             PET3 !!!                   ESMF_LOGKIND_Multi_On_Error  !!!
20211009 051446.177 INFO             PET3 !!!!!!!!!!!!!!!!!!!!!!!!!!!!!!!!!!!!!!!!!!!!!!!!!!!!!!
20211009 051446.177 INFO             PET3 Running with ESMF Version   : ESMF_8_2_0_beta_snapshot_21-1-g86aff4e
20211009 051446.177 INFO             PET3 ESMF library build date/time: "Oct  9 2021" "02:29:27"
20211009 051446.177 INFO             PET3 ESMF library build location : /work/noaa/da/mpotts/sandbox/intel_2020_intelmpi_g_release_8.2.0
20211009 051446.177 INFO             PET3 ESMF_COMM                   : intelmpi
20211009 051446.178 INFO             PET3 ESMF_MOAB                   : enabled
20211009 051446.178 INFO             PET3 ESMF_LAPACK                 : enabled
20211009 051446.178 INFO             PET3 ESMF_NETCDF                 : enabled
20211009 051446.178 INFO             PET3 ESMF_PNETCDF                : disabled
20211009 051446.178 INFO             PET3 ESMF_PIO                    : enabled
20211009 051446.178 INFO             PET3 ESMF_YAMLCPP                : enabled
20211009 051446.234 INFO             PET3  NUMBER_OF_PROCESSORS           4
20211009 051446.234 INFO             PET3  PASS  Example ESMF_ConfigOverviewEx, ESMF_ConfigOverviewEx.F90, line 415
20211009 051446.234 INFO             PET3 Finalizing ESMF
