build time -- 2022-01-19 01:14:46.345284
20220119 014002.574 INFO             PET0 !!!!!!!!!!!!!!!!!!!!!!!!!!!!!!!!!!!!!!!!!!!!!!!!!!!!!!
20220119 014002.574 INFO             PET0 !!! THE ESMF_LOG IS SET TO OUTPUT ALL LOG MESSAGES !!!
20220119 014002.574 INFO             PET0 !!!     THIS MAY CAUSE SLOWDOWN IN PERFORMANCE     !!!
20220119 014002.574 INFO             PET0 !!! FOR PRODUCTION RUNS, USE:                      !!!
20220119 014002.574 INFO             PET0 !!!                   ESMF_LOGKIND_Multi_On_Error  !!!
20220119 014002.574 INFO             PET0 !!!!!!!!!!!!!!!!!!!!!!!!!!!!!!!!!!!!!!!!!!!!!!!!!!!!!!
20220119 014002.574 INFO             PET0 Running with ESMF Version   : ESMF_8_3_0_beta_snapshot_05-30-gf84ebe0184
20220119 014002.574 INFO             PET0 ESMF library build date/time: "Jan 19 2022" "01:12:47"
20220119 014002.574 INFO             PET0 ESMF library build location : /gpfsm/dnb04/projects/p98/mpotts/esmf/intel_2020_mpt_O_develop
20220119 014002.574 INFO             PET0 ESMF_COMM                   : mpt
20220119 014002.575 INFO             PET0 ESMF_MOAB                   : enabled
20220119 014002.575 INFO             PET0 ESMF_LAPACK                 : enabled
20220119 014002.575 INFO             PET0 ESMF_NETCDF                 : enabled
20220119 014002.575 INFO             PET0 ESMF_PNETCDF                : disabled
20220119 014002.575 INFO             PET0 ESMF_PIO                    : enabled
20220119 014002.575 INFO             PET0 ESMF_YAMLCPP                : enabled
20220119 014002.607 INFO             PET0 ESMF_FieldRedistStoreNF(): Just entered routine.
20220119 014002.651 INFO             PET0 ESMF_FieldRedistStoreNF(): Leaving routine.
20220119 014002.692 INFO             PET0  NUMBER_OF_PROCESSORS           4
20220119 014002.692 INFO             PET0  PASS  Example ESMF_RHandleFromRHandleEx, ESMF_RHandleFromRHandleEx.F90, line 660
20220119 014002.692 INFO             PET0 Finalizing ESMF
20220119 014002.576 INFO             PET1 !!!!!!!!!!!!!!!!!!!!!!!!!!!!!!!!!!!!!!!!!!!!!!!!!!!!!!
20220119 014002.576 INFO             PET1 !!! THE ESMF_LOG IS SET TO OUTPUT ALL LOG MESSAGES !!!
20220119 014002.576 INFO             PET1 !!!     THIS MAY CAUSE SLOWDOWN IN PERFORMANCE     !!!
20220119 014002.576 INFO             PET1 !!! FOR PRODUCTION RUNS, USE:                      !!!
20220119 014002.576 INFO             PET1 !!!                   ESMF_LOGKIND_Multi_On_Error  !!!
20220119 014002.576 INFO             PET1 !!!!!!!!!!!!!!!!!!!!!!!!!!!!!!!!!!!!!!!!!!!!!!!!!!!!!!
20220119 014002.576 INFO             PET1 Running with ESMF Version   : ESMF_8_3_0_beta_snapshot_05-30-gf84ebe0184
20220119 014002.576 INFO             PET1 ESMF library build date/time: "Jan 19 2022" "01:12:47"
20220119 014002.576 INFO             PET1 ESMF library build location : /gpfsm/dnb04/projects/p98/mpotts/esmf/intel_2020_mpt_O_develop
20220119 014002.576 INFO             PET1 ESMF_COMM                   : mpt
20220119 014002.577 INFO             PET1 ESMF_MOAB                   : enabled
20220119 014002.577 INFO             PET1 ESMF_LAPACK                 : enabled
20220119 014002.577 INFO             PET1 ESMF_NETCDF                 : enabled
20220119 014002.577 INFO             PET1 ESMF_PNETCDF                : disabled
20220119 014002.577 INFO             PET1 ESMF_PIO                    : enabled
20220119 014002.577 INFO             PET1 ESMF_YAMLCPP                : enabled
20220119 014002.607 INFO             PET1 ESMF_FieldRedistStoreNF(): Just entered routine.
20220119 014002.651 INFO             PET1 ESMF_FieldRedistStoreNF(): Leaving routine.
20220119 014002.692 INFO             PET1  NUMBER_OF_PROCESSORS           4
20220119 014002.692 INFO             PET1  PASS  Example ESMF_RHandleFromRHandleEx, ESMF_RHandleFromRHandleEx.F90, line 660
20220119 014002.692 INFO             PET1 Finalizing ESMF
20220119 014002.574 INFO             PET2 !!!!!!!!!!!!!!!!!!!!!!!!!!!!!!!!!!!!!!!!!!!!!!!!!!!!!!
20220119 014002.574 INFO             PET2 !!! THE ESMF_LOG IS SET TO OUTPUT ALL LOG MESSAGES !!!
20220119 014002.574 INFO             PET2 !!!     THIS MAY CAUSE SLOWDOWN IN PERFORMANCE     !!!
20220119 014002.574 INFO             PET2 !!! FOR PRODUCTION RUNS, USE:                      !!!
20220119 014002.574 INFO             PET2 !!!                   ESMF_LOGKIND_Multi_On_Error  !!!
20220119 014002.574 INFO             PET2 !!!!!!!!!!!!!!!!!!!!!!!!!!!!!!!!!!!!!!!!!!!!!!!!!!!!!!
20220119 014002.574 INFO             PET2 Running with ESMF Version   : ESMF_8_3_0_beta_snapshot_05-30-gf84ebe0184
20220119 014002.574 INFO             PET2 ESMF library build date/time: "Jan 19 2022" "01:12:47"
20220119 014002.574 INFO             PET2 ESMF library build location : /gpfsm/dnb04/projects/p98/mpotts/esmf/intel_2020_mpt_O_develop
20220119 014002.574 INFO             PET2 ESMF_COMM                   : mpt
20220119 014002.575 INFO             PET2 ESMF_MOAB                   : enabled
20220119 014002.575 INFO             PET2 ESMF_LAPACK                 : enabled
20220119 014002.575 INFO             PET2 ESMF_NETCDF                 : enabled
20220119 014002.575 INFO             PET2 ESMF_PNETCDF                : disabled
20220119 014002.575 INFO             PET2 ESMF_PIO                    : enabled
20220119 014002.575 INFO             PET2 ESMF_YAMLCPP                : enabled
20220119 014002.607 INFO             PET2 ESMF_FieldRedistStoreNF(): Just entered routine.
20220119 014002.651 INFO             PET2 ESMF_FieldRedistStoreNF(): Leaving routine.
20220119 014002.692 INFO             PET2  NUMBER_OF_PROCESSORS           4
20220119 014002.692 INFO             PET2  PASS  Example ESMF_RHandleFromRHandleEx, ESMF_RHandleFromRHandleEx.F90, line 660
20220119 014002.692 INFO             PET2 Finalizing ESMF
20220119 014002.576 INFO             PET3 !!!!!!!!!!!!!!!!!!!!!!!!!!!!!!!!!!!!!!!!!!!!!!!!!!!!!!
20220119 014002.576 INFO             PET3 !!! THE ESMF_LOG IS SET TO OUTPUT ALL LOG MESSAGES !!!
20220119 014002.576 INFO             PET3 !!!     THIS MAY CAUSE SLOWDOWN IN PERFORMANCE     !!!
20220119 014002.576 INFO             PET3 !!! FOR PRODUCTION RUNS, USE:                      !!!
20220119 014002.576 INFO             PET3 !!!                   ESMF_LOGKIND_Multi_On_Error  !!!
20220119 014002.576 INFO             PET3 !!!!!!!!!!!!!!!!!!!!!!!!!!!!!!!!!!!!!!!!!!!!!!!!!!!!!!
20220119 014002.576 INFO             PET3 Running with ESMF Version   : ESMF_8_3_0_beta_snapshot_05-30-gf84ebe0184
20220119 014002.576 INFO             PET3 ESMF library build date/time: "Jan 19 2022" "01:12:47"
20220119 014002.576 INFO             PET3 ESMF library build location : /gpfsm/dnb04/projects/p98/mpotts/esmf/intel_2020_mpt_O_develop
20220119 014002.576 INFO             PET3 ESMF_COMM                   : mpt
20220119 014002.577 INFO             PET3 ESMF_MOAB                   : enabled
20220119 014002.577 INFO             PET3 ESMF_LAPACK                 : enabled
20220119 014002.577 INFO             PET3 ESMF_NETCDF                 : enabled
20220119 014002.577 INFO             PET3 ESMF_PNETCDF                : disabled
20220119 014002.577 INFO             PET3 ESMF_PIO                    : enabled
20220119 014002.577 INFO             PET3 ESMF_YAMLCPP                : enabled
20220119 014002.607 INFO             PET3 ESMF_FieldRedistStoreNF(): Just entered routine.
20220119 014002.651 INFO             PET3 ESMF_FieldRedistStoreNF(): Leaving routine.
20220119 014002.692 INFO             PET3  NUMBER_OF_PROCESSORS           4
20220119 014002.692 INFO             PET3  PASS  Example ESMF_RHandleFromRHandleEx, ESMF_RHandleFromRHandleEx.F90, line 660
20220119 014002.692 INFO             PET3 Finalizing ESMF
