build time -- 2022-01-23 01:13:41.831891
20220123 013809.703 INFO             PET0 !!!!!!!!!!!!!!!!!!!!!!!!!!!!!!!!!!!!!!!!!!!!!!!!!!!!!!
20220123 013809.703 INFO             PET0 !!! THE ESMF_LOG IS SET TO OUTPUT ALL LOG MESSAGES !!!
20220123 013809.703 INFO             PET0 !!!     THIS MAY CAUSE SLOWDOWN IN PERFORMANCE     !!!
20220123 013809.703 INFO             PET0 !!! FOR PRODUCTION RUNS, USE:                      !!!
20220123 013809.703 INFO             PET0 !!!                   ESMF_LOGKIND_Multi_On_Error  !!!
20220123 013809.703 INFO             PET0 !!!!!!!!!!!!!!!!!!!!!!!!!!!!!!!!!!!!!!!!!!!!!!!!!!!!!!
20220123 013809.703 INFO             PET0 Running with ESMF Version   : ESMF_8_3_0_beta_snapshot_06-7-gdaedd1067a
20220123 013809.703 INFO             PET0 ESMF library build date/time: "Jan 23 2022" "01:11:45"
20220123 013809.703 INFO             PET0 ESMF library build location : /gpfsm/dnb04/projects/p98/mpotts/esmf/intel_2020_mpt_O_develop
20220123 013809.703 INFO             PET0 ESMF_COMM                   : mpt
20220123 013809.704 INFO             PET0 ESMF_MOAB                   : enabled
20220123 013809.704 INFO             PET0 ESMF_LAPACK                 : enabled
20220123 013809.704 INFO             PET0 ESMF_NETCDF                 : enabled
20220123 013809.704 INFO             PET0 ESMF_PNETCDF                : disabled
20220123 013809.704 INFO             PET0 ESMF_PIO                    : enabled
20220123 013809.704 INFO             PET0 ESMF_YAMLCPP                : enabled
20220123 013809.709 INFO             PET0  NUMBER_OF_PROCESSORS           1
20220123 013809.709 INFO             PET0  PASS  Example ESMF_AlarmEx, ESMF_AlarmEx.F90, line 244
20220123 013809.709 INFO             PET0 Finalizing ESMF
