build time -- 2022-02-25 01:14:00.894383
20220225 013831.985 INFO             PET0 !!!!!!!!!!!!!!!!!!!!!!!!!!!!!!!!!!!!!!!!!!!!!!!!!!!!!!
20220225 013831.985 INFO             PET0 !!! THE ESMF_LOG IS SET TO OUTPUT ALL LOG MESSAGES !!!
20220225 013831.985 INFO             PET0 !!!     THIS MAY CAUSE SLOWDOWN IN PERFORMANCE     !!!
20220225 013831.985 INFO             PET0 !!! FOR PRODUCTION RUNS, USE:                      !!!
20220225 013831.985 INFO             PET0 !!!                   ESMF_LOGKIND_Multi_On_Error  !!!
20220225 013831.985 INFO             PET0 !!!!!!!!!!!!!!!!!!!!!!!!!!!!!!!!!!!!!!!!!!!!!!!!!!!!!!
20220225 013831.985 INFO             PET0 Running with ESMF Version   : v8.3.0b08-1-gd4bb16874d
20220225 013831.985 INFO             PET0 ESMF library build date/time: "Feb 25 2022" "01:12:02"
20220225 013831.985 INFO             PET0 ESMF library build location : /gpfsm/dnb04/projects/p98/mpotts/esmf/intel_2020_mpt_O_develop
20220225 013831.985 INFO             PET0 ESMF_COMM                   : mpt
20220225 013831.987 INFO             PET0 ESMF_MOAB                   : enabled
20220225 013831.987 INFO             PET0 ESMF_LAPACK                 : enabled
20220225 013831.987 INFO             PET0 ESMF_NETCDF                 : enabled
20220225 013831.987 INFO             PET0 ESMF_PNETCDF                : disabled
20220225 013831.987 INFO             PET0 ESMF_PIO                    : enabled
20220225 013831.987 INFO             PET0 ESMF_YAMLCPP                : enabled
20220225 013831.989 INFO             PET0  NUMBER_OF_PROCESSORS           1
20220225 013831.989 INFO             PET0  PASS  Example ESMF_ClockEx, ESMF_ClockEx.F90, line 220
20220225 013831.989 INFO             PET0 Finalizing ESMF
