build time -- 2022-03-03 01:12:53.390413
20220303 014030.750 INFO             PET0 !!!!!!!!!!!!!!!!!!!!!!!!!!!!!!!!!!!!!!!!!!!!!!!!!!!!!!
20220303 014030.750 INFO             PET0 !!! THE ESMF_LOG IS SET TO OUTPUT ALL LOG MESSAGES !!!
20220303 014030.750 INFO             PET0 !!!     THIS MAY CAUSE SLOWDOWN IN PERFORMANCE     !!!
20220303 014030.750 INFO             PET0 !!! FOR PRODUCTION RUNS, USE:                      !!!
20220303 014030.750 INFO             PET0 !!!                   ESMF_LOGKIND_Multi_On_Error  !!!
20220303 014030.750 INFO             PET0 !!!!!!!!!!!!!!!!!!!!!!!!!!!!!!!!!!!!!!!!!!!!!!!!!!!!!!
20220303 014030.750 INFO             PET0 Running with ESMF Version   : v8.3.0b08-5-g64eb13365d
20220303 014030.750 INFO             PET0 ESMF library build date/time: "Mar  3 2022" "01:10:55"
20220303 014030.750 INFO             PET0 ESMF library build location : /gpfsm/dnb04/projects/p98/mpotts/esmf/intel_2020_mpt_O_develop
20220303 014030.750 INFO             PET0 ESMF_COMM                   : mpt
20220303 014030.751 INFO             PET0 ESMF_MOAB                   : enabled
20220303 014030.751 INFO             PET0 ESMF_LAPACK                 : enabled
20220303 014030.751 INFO             PET0 ESMF_NETCDF                 : enabled
20220303 014030.751 INFO             PET0 ESMF_PNETCDF                : disabled
20220303 014030.751 INFO             PET0 ESMF_PIO                    : enabled
20220303 014030.751 INFO             PET0 ESMF_YAMLCPP                : enabled
20220303 014030.789 DEBUG            PET0 about to destroy Grid: 0x199a0a0
20220303 014030.793 DEBUG            PET0 about to destroy Grid: 0x199ce90
20220303 014030.804 INFO             PET0  NUMBER_OF_PROCESSORS           4
20220303 014030.804 INFO             PET0  PASS  Example ESMF_NUOPCAtmModelEx, ESMF_NUOPCAtmModelEx.F90, line 806
20220303 014030.804 INFO             PET0 Finalizing ESMF
20220303 014030.750 INFO             PET1 !!!!!!!!!!!!!!!!!!!!!!!!!!!!!!!!!!!!!!!!!!!!!!!!!!!!!!
20220303 014030.750 INFO             PET1 !!! THE ESMF_LOG IS SET TO OUTPUT ALL LOG MESSAGES !!!
20220303 014030.750 INFO             PET1 !!!     THIS MAY CAUSE SLOWDOWN IN PERFORMANCE     !!!
20220303 014030.750 INFO             PET1 !!! FOR PRODUCTION RUNS, USE:                      !!!
20220303 014030.750 INFO             PET1 !!!                   ESMF_LOGKIND_Multi_On_Error  !!!
20220303 014030.750 INFO             PET1 !!!!!!!!!!!!!!!!!!!!!!!!!!!!!!!!!!!!!!!!!!!!!!!!!!!!!!
20220303 014030.750 INFO             PET1 Running with ESMF Version   : v8.3.0b08-5-g64eb13365d
20220303 014030.750 INFO             PET1 ESMF library build date/time: "Mar  3 2022" "01:10:55"
20220303 014030.750 INFO             PET1 ESMF library build location : /gpfsm/dnb04/projects/p98/mpotts/esmf/intel_2020_mpt_O_develop
20220303 014030.750 INFO             PET1 ESMF_COMM                   : mpt
20220303 014030.751 INFO             PET1 ESMF_MOAB                   : enabled
20220303 014030.751 INFO             PET1 ESMF_LAPACK                 : enabled
20220303 014030.751 INFO             PET1 ESMF_NETCDF                 : enabled
20220303 014030.751 INFO             PET1 ESMF_PNETCDF                : disabled
20220303 014030.751 INFO             PET1 ESMF_PIO                    : enabled
20220303 014030.751 INFO             PET1 ESMF_YAMLCPP                : enabled
20220303 014030.789 DEBUG            PET1 about to destroy Grid: 0x199d280
20220303 014030.793 DEBUG            PET1 about to destroy Grid: 0x199dff0
20220303 014030.804 INFO             PET1  NUMBER_OF_PROCESSORS           4
20220303 014030.804 INFO             PET1  PASS  Example ESMF_NUOPCAtmModelEx, ESMF_NUOPCAtmModelEx.F90, line 806
20220303 014030.804 INFO             PET1 Finalizing ESMF
20220303 014030.750 INFO             PET2 !!!!!!!!!!!!!!!!!!!!!!!!!!!!!!!!!!!!!!!!!!!!!!!!!!!!!!
20220303 014030.750 INFO             PET2 !!! THE ESMF_LOG IS SET TO OUTPUT ALL LOG MESSAGES !!!
20220303 014030.750 INFO             PET2 !!!     THIS MAY CAUSE SLOWDOWN IN PERFORMANCE     !!!
20220303 014030.750 INFO             PET2 !!! FOR PRODUCTION RUNS, USE:                      !!!
20220303 014030.750 INFO             PET2 !!!                   ESMF_LOGKIND_Multi_On_Error  !!!
20220303 014030.750 INFO             PET2 !!!!!!!!!!!!!!!!!!!!!!!!!!!!!!!!!!!!!!!!!!!!!!!!!!!!!!
20220303 014030.750 INFO             PET2 Running with ESMF Version   : v8.3.0b08-5-g64eb13365d
20220303 014030.750 INFO             PET2 ESMF library build date/time: "Mar  3 2022" "01:10:55"
20220303 014030.750 INFO             PET2 ESMF library build location : /gpfsm/dnb04/projects/p98/mpotts/esmf/intel_2020_mpt_O_develop
20220303 014030.750 INFO             PET2 ESMF_COMM                   : mpt
20220303 014030.751 INFO             PET2 ESMF_MOAB                   : enabled
20220303 014030.751 INFO             PET2 ESMF_LAPACK                 : enabled
20220303 014030.751 INFO             PET2 ESMF_NETCDF                 : enabled
20220303 014030.751 INFO             PET2 ESMF_PNETCDF                : disabled
20220303 014030.751 INFO             PET2 ESMF_PIO                    : enabled
20220303 014030.751 INFO             PET2 ESMF_YAMLCPP                : enabled
20220303 014030.789 DEBUG            PET2 about to destroy Grid: 0x199d2e0
20220303 014030.793 DEBUG            PET2 about to destroy Grid: 0x199e050
20220303 014030.804 INFO             PET2  NUMBER_OF_PROCESSORS           4
20220303 014030.804 INFO             PET2  PASS  Example ESMF_NUOPCAtmModelEx, ESMF_NUOPCAtmModelEx.F90, line 806
20220303 014030.804 INFO             PET2 Finalizing ESMF
20220303 014030.749 INFO             PET3 !!!!!!!!!!!!!!!!!!!!!!!!!!!!!!!!!!!!!!!!!!!!!!!!!!!!!!
20220303 014030.749 INFO             PET3 !!! THE ESMF_LOG IS SET TO OUTPUT ALL LOG MESSAGES !!!
20220303 014030.749 INFO             PET3 !!!     THIS MAY CAUSE SLOWDOWN IN PERFORMANCE     !!!
20220303 014030.749 INFO             PET3 !!! FOR PRODUCTION RUNS, USE:                      !!!
20220303 014030.749 INFO             PET3 !!!                   ESMF_LOGKIND_Multi_On_Error  !!!
20220303 014030.749 INFO             PET3 !!!!!!!!!!!!!!!!!!!!!!!!!!!!!!!!!!!!!!!!!!!!!!!!!!!!!!
20220303 014030.749 INFO             PET3 Running with ESMF Version   : v8.3.0b08-5-g64eb13365d
20220303 014030.749 INFO             PET3 ESMF library build date/time: "Mar  3 2022" "01:10:55"
20220303 014030.749 INFO             PET3 ESMF library build location : /gpfsm/dnb04/projects/p98/mpotts/esmf/intel_2020_mpt_O_develop
20220303 014030.749 INFO             PET3 ESMF_COMM                   : mpt
20220303 014030.750 INFO             PET3 ESMF_MOAB                   : enabled
20220303 014030.750 INFO             PET3 ESMF_LAPACK                 : enabled
20220303 014030.750 INFO             PET3 ESMF_NETCDF                 : enabled
20220303 014030.750 INFO             PET3 ESMF_PNETCDF                : disabled
20220303 014030.750 INFO             PET3 ESMF_PIO                    : enabled
20220303 014030.750 INFO             PET3 ESMF_YAMLCPP                : enabled
20220303 014030.789 DEBUG            PET3 about to destroy Grid: 0x199d360
20220303 014030.793 DEBUG            PET3 about to destroy Grid: 0x199e0d0
20220303 014030.804 INFO             PET3  NUMBER_OF_PROCESSORS           4
20220303 014030.804 INFO             PET3  PASS  Example ESMF_NUOPCAtmModelEx, ESMF_NUOPCAtmModelEx.F90, line 806
20220303 014030.804 INFO             PET3 Finalizing ESMF
