build time -- 2021-11-29 23:22:53
20211130 003530.932 INFO             PET0 !!!!!!!!!!!!!!!!!!!!!!!!!!!!!!!!!!!!!!!!!!!!!!!!!!!!!!
20211130 003530.932 INFO             PET0 !!! THE ESMF_LOG IS SET TO OUTPUT ALL LOG MESSAGES !!!
20211130 003530.932 INFO             PET0 !!!     THIS MAY CAUSE SLOWDOWN IN PERFORMANCE     !!!
20211130 003530.932 INFO             PET0 !!! FOR PRODUCTION RUNS, USE:                      !!!
20211130 003530.932 INFO             PET0 !!!                   ESMF_LOGKIND_Multi_On_Error  !!!
20211130 003530.932 INFO             PET0 !!!!!!!!!!!!!!!!!!!!!!!!!!!!!!!!!!!!!!!!!!!!!!!!!!!!!!
20211130 003530.932 INFO             PET0 Running with ESMF Version   : 8.3.0 beta snapshot
20211130 003530.932 INFO             PET0 ESMF library build date/time: "Nov 29 2021" "23:21:21"
20211130 003530.932 INFO             PET0 ESMF library build location : /lustre/f2/dev/ncep/Mark.Potts/gfortran_8.3.0_mpi_O_develop
20211130 003530.932 INFO             PET0 ESMF_COMM                   : mpi
20211130 003530.932 INFO             PET0 ESMF_MOAB                   : enabled
20211130 003530.932 INFO             PET0 ESMF_LAPACK                 : enabled
20211130 003530.932 INFO             PET0 ESMF_NETCDF                 : enabled
20211130 003530.932 INFO             PET0 ESMF_PNETCDF                : disabled
20211130 003530.932 INFO             PET0 ESMF_PIO                    : enabled
20211130 003530.932 INFO             PET0 ESMF_YAMLCPP                : enabled
20211130 003530.932 INFO             PET0 ESMF Tracing Enabled
20211130 003530.932 INFO             PET0 ESMF Profiling Enabled
20211130 003530.932 INFO             PET0 ESMF Trace/Profile clock: REALTIME
20211130 003530.985 WARNING          PET0 ESMF Tracing/Profiling could not load dynamic instrumentation functions.
20211130 003531.037 INFO             PET0  NUMBER_OF_PROCESSORS           4
20211130 003531.037 INFO             PET0  PASS  Example ESMF_TraceEx, ESMF_TraceEx.F90, line 178
20211130 003531.037 INFO             PET0 Finalizing ESMF
20211130 003531.037 INFO             PET0 **************** Region Timings *******************
20211130 003531.037 INFO             PET0 Region              Count  Total (s)   Self (s)    Mean (s)    Min (s)     Max (s)
20211130 003531.039 INFO             PET0   [test] Run 1      5      0.0000      0.0000      0.0000      0.0000      0.0000
20211130 003531.039 INFO             PET0   [test] Init 1     1      0.0000      0.0000      0.0000      0.0000      0.0000
20211130 003531.039 INFO             PET0   [test] Final 1    1      0.0000      0.0000      0.0000      0.0000      0.0000
20211130 003530.919 INFO             PET1 !!!!!!!!!!!!!!!!!!!!!!!!!!!!!!!!!!!!!!!!!!!!!!!!!!!!!!
20211130 003530.919 INFO             PET1 !!! THE ESMF_LOG IS SET TO OUTPUT ALL LOG MESSAGES !!!
20211130 003530.919 INFO             PET1 !!!     THIS MAY CAUSE SLOWDOWN IN PERFORMANCE     !!!
20211130 003530.919 INFO             PET1 !!! FOR PRODUCTION RUNS, USE:                      !!!
20211130 003530.919 INFO             PET1 !!!                   ESMF_LOGKIND_Multi_On_Error  !!!
20211130 003530.919 INFO             PET1 !!!!!!!!!!!!!!!!!!!!!!!!!!!!!!!!!!!!!!!!!!!!!!!!!!!!!!
20211130 003530.919 INFO             PET1 Running with ESMF Version   : 8.3.0 beta snapshot
20211130 003530.920 INFO             PET1 ESMF library build date/time: "Nov 29 2021" "23:21:21"
20211130 003530.920 INFO             PET1 ESMF library build location : /lustre/f2/dev/ncep/Mark.Potts/gfortran_8.3.0_mpi_O_develop
20211130 003530.920 INFO             PET1 ESMF_COMM                   : mpi
20211130 003530.920 INFO             PET1 ESMF_MOAB                   : enabled
20211130 003530.920 INFO             PET1 ESMF_LAPACK                 : enabled
20211130 003530.920 INFO             PET1 ESMF_NETCDF                 : enabled
20211130 003530.920 INFO             PET1 ESMF_PNETCDF                : disabled
20211130 003530.920 INFO             PET1 ESMF_PIO                    : enabled
20211130 003530.920 INFO             PET1 ESMF_YAMLCPP                : enabled
20211130 003530.922 INFO             PET1 ESMF Tracing Enabled
20211130 003530.922 INFO             PET1 ESMF Profiling Enabled
20211130 003530.922 INFO             PET1 ESMF Trace/Profile clock: REALTIME
20211130 003530.937 WARNING          PET1 ESMF Tracing/Profiling could not load dynamic instrumentation functions.
20211130 003531.037 INFO             PET1  NUMBER_OF_PROCESSORS           4
20211130 003531.037 INFO             PET1  PASS  Example ESMF_TraceEx, ESMF_TraceEx.F90, line 178
20211130 003531.037 INFO             PET1 Finalizing ESMF
20211130 003531.037 INFO             PET1 **************** Region Timings *******************
20211130 003531.037 INFO             PET1 Region              Count  Total (s)   Self (s)    Mean (s)    Min (s)     Max (s)
20211130 003531.039 INFO             PET1   [test] Run 1      5      0.0000      0.0000      0.0000      0.0000      0.0000
20211130 003531.039 INFO             PET1   [test] Init 1     1      0.0000      0.0000      0.0000      0.0000      0.0000
20211130 003531.039 INFO             PET1   [test] Final 1    1      0.0000      0.0000      0.0000      0.0000      0.0000
20211130 003530.935 INFO             PET2 !!!!!!!!!!!!!!!!!!!!!!!!!!!!!!!!!!!!!!!!!!!!!!!!!!!!!!
20211130 003530.935 INFO             PET2 !!! THE ESMF_LOG IS SET TO OUTPUT ALL LOG MESSAGES !!!
20211130 003530.935 INFO             PET2 !!!     THIS MAY CAUSE SLOWDOWN IN PERFORMANCE     !!!
20211130 003530.935 INFO             PET2 !!! FOR PRODUCTION RUNS, USE:                      !!!
20211130 003530.935 INFO             PET2 !!!                   ESMF_LOGKIND_Multi_On_Error  !!!
20211130 003530.935 INFO             PET2 !!!!!!!!!!!!!!!!!!!!!!!!!!!!!!!!!!!!!!!!!!!!!!!!!!!!!!
20211130 003530.935 INFO             PET2 Running with ESMF Version   : 8.3.0 beta snapshot
20211130 003530.935 INFO             PET2 ESMF library build date/time: "Nov 29 2021" "23:21:21"
20211130 003530.935 INFO             PET2 ESMF library build location : /lustre/f2/dev/ncep/Mark.Potts/gfortran_8.3.0_mpi_O_develop
20211130 003530.935 INFO             PET2 ESMF_COMM                   : mpi
20211130 003530.935 INFO             PET2 ESMF_MOAB                   : enabled
20211130 003530.935 INFO             PET2 ESMF_LAPACK                 : enabled
20211130 003530.935 INFO             PET2 ESMF_NETCDF                 : enabled
20211130 003530.935 INFO             PET2 ESMF_PNETCDF                : disabled
20211130 003530.935 INFO             PET2 ESMF_PIO                    : enabled
20211130 003530.935 INFO             PET2 ESMF_YAMLCPP                : enabled
20211130 003530.935 INFO             PET2 ESMF Tracing Enabled
20211130 003530.935 INFO             PET2 ESMF Profiling Enabled
20211130 003530.935 INFO             PET2 ESMF Trace/Profile clock: REALTIME
20211130 003530.937 WARNING          PET2 ESMF Tracing/Profiling could not load dynamic instrumentation functions.
20211130 003531.037 INFO             PET2  NUMBER_OF_PROCESSORS           4
20211130 003531.037 INFO             PET2  PASS  Example ESMF_TraceEx, ESMF_TraceEx.F90, line 178
20211130 003531.037 INFO             PET2 Finalizing ESMF
20211130 003531.037 INFO             PET2 **************** Region Timings *******************
20211130 003531.037 INFO             PET2 Region              Count  Total (s)   Self (s)    Mean (s)    Min (s)     Max (s)
20211130 003531.039 INFO             PET2   [test] Run 1      5      0.0000      0.0000      0.0000      0.0000      0.0000
20211130 003531.039 INFO             PET2   [test] Init 1     1      0.0000      0.0000      0.0000      0.0000      0.0000
20211130 003531.039 INFO             PET2   [test] Final 1    1      0.0000      0.0000      0.0000      0.0000      0.0000
20211130 003530.919 INFO             PET3 !!!!!!!!!!!!!!!!!!!!!!!!!!!!!!!!!!!!!!!!!!!!!!!!!!!!!!
20211130 003530.919 INFO             PET3 !!! THE ESMF_LOG IS SET TO OUTPUT ALL LOG MESSAGES !!!
20211130 003530.919 INFO             PET3 !!!     THIS MAY CAUSE SLOWDOWN IN PERFORMANCE     !!!
20211130 003530.919 INFO             PET3 !!! FOR PRODUCTION RUNS, USE:                      !!!
20211130 003530.919 INFO             PET3 !!!                   ESMF_LOGKIND_Multi_On_Error  !!!
20211130 003530.919 INFO             PET3 !!!!!!!!!!!!!!!!!!!!!!!!!!!!!!!!!!!!!!!!!!!!!!!!!!!!!!
20211130 003530.919 INFO             PET3 Running with ESMF Version   : 8.3.0 beta snapshot
20211130 003530.920 INFO             PET3 ESMF library build date/time: "Nov 29 2021" "23:21:21"
20211130 003530.920 INFO             PET3 ESMF library build location : /lustre/f2/dev/ncep/Mark.Potts/gfortran_8.3.0_mpi_O_develop
20211130 003530.920 INFO             PET3 ESMF_COMM                   : mpi
20211130 003530.920 INFO             PET3 ESMF_MOAB                   : enabled
20211130 003530.920 INFO             PET3 ESMF_LAPACK                 : enabled
20211130 003530.920 INFO             PET3 ESMF_NETCDF                 : enabled
20211130 003530.920 INFO             PET3 ESMF_PNETCDF                : disabled
20211130 003530.920 INFO             PET3 ESMF_PIO                    : enabled
20211130 003530.920 INFO             PET3 ESMF_YAMLCPP                : enabled
20211130 003530.922 INFO             PET3 ESMF Tracing Enabled
20211130 003530.922 INFO             PET3 ESMF Profiling Enabled
20211130 003530.922 INFO             PET3 ESMF Trace/Profile clock: REALTIME
20211130 003530.937 WARNING          PET3 ESMF Tracing/Profiling could not load dynamic instrumentation functions.
20211130 003531.037 INFO             PET3  NUMBER_OF_PROCESSORS           4
20211130 003531.037 INFO             PET3  PASS  Example ESMF_TraceEx, ESMF_TraceEx.F90, line 178
20211130 003531.037 INFO             PET3 Finalizing ESMF
20211130 003531.037 INFO             PET3 **************** Region Timings *******************
20211130 003531.037 INFO             PET3 Region              Count  Total (s)   Self (s)    Mean (s)    Min (s)     Max (s)
20211130 003531.039 INFO             PET3   [test] Run 1      5      0.0000      0.0000      0.0000      0.0000      0.0000
20211130 003531.039 INFO             PET3   [test] Init 1     1      0.0000      0.0000      0.0000      0.0000      0.0000
20211130 003531.039 INFO             PET3   [test] Final 1    1      0.0000      0.0000      0.0000      0.0000      0.0000
