build time -- 2021-11-19 23:27:31
20211120 004346.742 INFO             PET0 !!!!!!!!!!!!!!!!!!!!!!!!!!!!!!!!!!!!!!!!!!!!!!!!!!!!!!
20211120 004346.742 INFO             PET0 !!! THE ESMF_LOG IS SET TO OUTPUT ALL LOG MESSAGES !!!
20211120 004346.742 INFO             PET0 !!!     THIS MAY CAUSE SLOWDOWN IN PERFORMANCE     !!!
20211120 004346.742 INFO             PET0 !!! FOR PRODUCTION RUNS, USE:                      !!!
20211120 004346.742 INFO             PET0 !!!                   ESMF_LOGKIND_Multi_On_Error  !!!
20211120 004346.742 INFO             PET0 !!!!!!!!!!!!!!!!!!!!!!!!!!!!!!!!!!!!!!!!!!!!!!!!!!!!!!
20211120 004346.742 INFO             PET0 Running with ESMF Version   : 8.3.0 beta snapshot
20211120 004346.742 INFO             PET0 ESMF library build date/time: "Nov 19 2021" "23:25:52"
20211120 004346.742 INFO             PET0 ESMF library build location : /lustre/f2/dev/ncep/Mark.Potts/gfortran_8.3.0_mpi_O_develop
20211120 004346.742 INFO             PET0 ESMF_COMM                   : mpi
20211120 004346.743 INFO             PET0 ESMF_MOAB                   : enabled
20211120 004346.743 INFO             PET0 ESMF_LAPACK                 : enabled
20211120 004346.743 INFO             PET0 ESMF_NETCDF                 : enabled
20211120 004346.743 INFO             PET0 ESMF_PNETCDF                : disabled
20211120 004346.743 INFO             PET0 ESMF_PIO                    : enabled
20211120 004346.743 INFO             PET0 ESMF_YAMLCPP                : enabled
20211120 004346.826 INFO             PET0  NUMBER_OF_PROCESSORS           1
20211120 004346.826 INFO             PET0  PASS  Example ESMF_XGridSparseMatEx, ESMF_XGridSparseMatEx.F90, line 642
20211120 004346.826 INFO             PET0 Finalizing ESMF
