build time -- 2021-12-20 23:26:06
20211221 004459.185 INFO             PET0 !!!!!!!!!!!!!!!!!!!!!!!!!!!!!!!!!!!!!!!!!!!!!!!!!!!!!!
20211221 004459.185 INFO             PET0 !!! THE ESMF_LOG IS SET TO OUTPUT ALL LOG MESSAGES !!!
20211221 004459.186 INFO             PET0 !!!     THIS MAY CAUSE SLOWDOWN IN PERFORMANCE     !!!
20211221 004459.186 INFO             PET0 !!! FOR PRODUCTION RUNS, USE:                      !!!
20211221 004459.186 INFO             PET0 !!!                   ESMF_LOGKIND_Multi_On_Error  !!!
20211221 004459.186 INFO             PET0 !!!!!!!!!!!!!!!!!!!!!!!!!!!!!!!!!!!!!!!!!!!!!!!!!!!!!!
20211221 004459.186 INFO             PET0 Running with ESMF Version   : 8.3.0 beta snapshot
20211221 004459.186 INFO             PET0 ESMF library build date/time: "Dec 20 2021" "23:24:29"
20211221 004459.186 INFO             PET0 ESMF library build location : /lustre/f2/dev/ncep/Mark.Potts/gfortran_8.3.0_mpi_O_develop
20211221 004459.186 INFO             PET0 ESMF_COMM                   : mpi
20211221 004459.186 INFO             PET0 ESMF_MOAB                   : enabled
20211221 004459.186 INFO             PET0 ESMF_LAPACK                 : enabled
20211221 004459.186 INFO             PET0 ESMF_NETCDF                 : enabled
20211221 004459.186 INFO             PET0 ESMF_PNETCDF                : disabled
20211221 004459.186 INFO             PET0 ESMF_PIO                    : enabled
20211221 004459.186 INFO             PET0 ESMF_YAMLCPP                : enabled
20211221 004459.218 INFO             PET0  NUMBER_OF_PROCESSORS           4
20211221 004459.218 INFO             PET0  PASS  Example ESMF_ArraySparseMatMulEx, ESMF_ArraySparseMatMulEx.F90, line 647
20211221 004459.218 INFO             PET0 Finalizing ESMF
20211221 004459.170 INFO             PET1 !!!!!!!!!!!!!!!!!!!!!!!!!!!!!!!!!!!!!!!!!!!!!!!!!!!!!!
20211221 004459.170 INFO             PET1 !!! THE ESMF_LOG IS SET TO OUTPUT ALL LOG MESSAGES !!!
20211221 004459.170 INFO             PET1 !!!     THIS MAY CAUSE SLOWDOWN IN PERFORMANCE     !!!
20211221 004459.170 INFO             PET1 !!! FOR PRODUCTION RUNS, USE:                      !!!
20211221 004459.170 INFO             PET1 !!!                   ESMF_LOGKIND_Multi_On_Error  !!!
20211221 004459.170 INFO             PET1 !!!!!!!!!!!!!!!!!!!!!!!!!!!!!!!!!!!!!!!!!!!!!!!!!!!!!!
20211221 004459.170 INFO             PET1 Running with ESMF Version   : 8.3.0 beta snapshot
20211221 004459.170 INFO             PET1 ESMF library build date/time: "Dec 20 2021" "23:24:29"
20211221 004459.170 INFO             PET1 ESMF library build location : /lustre/f2/dev/ncep/Mark.Potts/gfortran_8.3.0_mpi_O_develop
20211221 004459.170 INFO             PET1 ESMF_COMM                   : mpi
20211221 004459.170 INFO             PET1 ESMF_MOAB                   : enabled
20211221 004459.170 INFO             PET1 ESMF_LAPACK                 : enabled
20211221 004459.170 INFO             PET1 ESMF_NETCDF                 : enabled
20211221 004459.170 INFO             PET1 ESMF_PNETCDF                : disabled
20211221 004459.170 INFO             PET1 ESMF_PIO                    : enabled
20211221 004459.170 INFO             PET1 ESMF_YAMLCPP                : enabled
20211221 004459.218 INFO             PET1  NUMBER_OF_PROCESSORS           4
20211221 004459.218 INFO             PET1  PASS  Example ESMF_ArraySparseMatMulEx, ESMF_ArraySparseMatMulEx.F90, line 647
20211221 004459.218 INFO             PET1 Finalizing ESMF
20211221 004459.153 INFO             PET2 !!!!!!!!!!!!!!!!!!!!!!!!!!!!!!!!!!!!!!!!!!!!!!!!!!!!!!
20211221 004459.154 INFO             PET2 !!! THE ESMF_LOG IS SET TO OUTPUT ALL LOG MESSAGES !!!
20211221 004459.154 INFO             PET2 !!!     THIS MAY CAUSE SLOWDOWN IN PERFORMANCE     !!!
20211221 004459.154 INFO             PET2 !!! FOR PRODUCTION RUNS, USE:                      !!!
20211221 004459.154 INFO             PET2 !!!                   ESMF_LOGKIND_Multi_On_Error  !!!
20211221 004459.154 INFO             PET2 !!!!!!!!!!!!!!!!!!!!!!!!!!!!!!!!!!!!!!!!!!!!!!!!!!!!!!
20211221 004459.154 INFO             PET2 Running with ESMF Version   : 8.3.0 beta snapshot
20211221 004459.154 INFO             PET2 ESMF library build date/time: "Dec 20 2021" "23:24:29"
20211221 004459.154 INFO             PET2 ESMF library build location : /lustre/f2/dev/ncep/Mark.Potts/gfortran_8.3.0_mpi_O_develop
20211221 004459.154 INFO             PET2 ESMF_COMM                   : mpi
20211221 004459.154 INFO             PET2 ESMF_MOAB                   : enabled
20211221 004459.154 INFO             PET2 ESMF_LAPACK                 : enabled
20211221 004459.154 INFO             PET2 ESMF_NETCDF                 : enabled
20211221 004459.154 INFO             PET2 ESMF_PNETCDF                : disabled
20211221 004459.154 INFO             PET2 ESMF_PIO                    : enabled
20211221 004459.154 INFO             PET2 ESMF_YAMLCPP                : enabled
20211221 004459.218 INFO             PET2  NUMBER_OF_PROCESSORS           4
20211221 004459.218 INFO             PET2  PASS  Example ESMF_ArraySparseMatMulEx, ESMF_ArraySparseMatMulEx.F90, line 647
20211221 004459.218 INFO             PET2 Finalizing ESMF
20211221 004459.158 INFO             PET3 !!!!!!!!!!!!!!!!!!!!!!!!!!!!!!!!!!!!!!!!!!!!!!!!!!!!!!
20211221 004459.158 INFO             PET3 !!! THE ESMF_LOG IS SET TO OUTPUT ALL LOG MESSAGES !!!
20211221 004459.158 INFO             PET3 !!!     THIS MAY CAUSE SLOWDOWN IN PERFORMANCE     !!!
20211221 004459.158 INFO             PET3 !!! FOR PRODUCTION RUNS, USE:                      !!!
20211221 004459.158 INFO             PET3 !!!                   ESMF_LOGKIND_Multi_On_Error  !!!
20211221 004459.158 INFO             PET3 !!!!!!!!!!!!!!!!!!!!!!!!!!!!!!!!!!!!!!!!!!!!!!!!!!!!!!
20211221 004459.158 INFO             PET3 Running with ESMF Version   : 8.3.0 beta snapshot
20211221 004459.158 INFO             PET3 ESMF library build date/time: "Dec 20 2021" "23:24:29"
20211221 004459.158 INFO             PET3 ESMF library build location : /lustre/f2/dev/ncep/Mark.Potts/gfortran_8.3.0_mpi_O_develop
20211221 004459.158 INFO             PET3 ESMF_COMM                   : mpi
20211221 004459.158 INFO             PET3 ESMF_MOAB                   : enabled
20211221 004459.158 INFO             PET3 ESMF_LAPACK                 : enabled
20211221 004459.158 INFO             PET3 ESMF_NETCDF                 : enabled
20211221 004459.158 INFO             PET3 ESMF_PNETCDF                : disabled
20211221 004459.158 INFO             PET3 ESMF_PIO                    : enabled
20211221 004459.158 INFO             PET3 ESMF_YAMLCPP                : enabled
20211221 004459.218 INFO             PET3  NUMBER_OF_PROCESSORS           4
20211221 004459.218 INFO             PET3  PASS  Example ESMF_ArraySparseMatMulEx, ESMF_ArraySparseMatMulEx.F90, line 647
20211221 004459.218 INFO             PET3 Finalizing ESMF
