build time -- 2021-10-18 23:31:10
20211018 234929.149 INFO             PET0 !!!!!!!!!!!!!!!!!!!!!!!!!!!!!!!!!!!!!!!!!!!!!!!!!!!!!!
20211018 234929.150 INFO             PET0 !!! THE ESMF_LOG IS SET TO OUTPUT ALL LOG MESSAGES !!!
20211018 234929.150 INFO             PET0 !!!     THIS MAY CAUSE SLOWDOWN IN PERFORMANCE     !!!
20211018 234929.150 INFO             PET0 !!! FOR PRODUCTION RUNS, USE:                      !!!
20211018 234929.150 INFO             PET0 !!!                   ESMF_LOGKIND_Multi_On_Error  !!!
20211018 234929.150 INFO             PET0 !!!!!!!!!!!!!!!!!!!!!!!!!!!!!!!!!!!!!!!!!!!!!!!!!!!!!!
20211018 234929.150 INFO             PET0 Running with ESMF Version   : ESMF_8_2_0_beta_snapshot_22-13-g3d528dadb7
20211018 234929.150 INFO             PET0 ESMF library build date/time: "Oct 18 2021" "23:29:47"
20211018 234929.150 INFO             PET0 ESMF library build location : /Volumes/esmf/rocky/esmf-testing/gfortran_9.3.0_openmpi_g_release_8.2.0
20211018 234929.150 INFO             PET0 ESMF_COMM                   : openmpi
20211018 234929.150 INFO             PET0 ESMF_MOAB                   : enabled
20211018 234929.150 INFO             PET0 ESMF_LAPACK                 : enabled
20211018 234929.150 INFO             PET0 ESMF_NETCDF                 : enabled
20211018 234929.150 INFO             PET0 ESMF_PNETCDF                : disabled
20211018 234929.150 INFO             PET0 ESMF_PIO                    : enabled
20211018 234929.150 INFO             PET0 ESMF_YAMLCPP                : enabled
20211018 234929.156 INFO             PET0  NUMBER_OF_PROCESSORS           4
20211018 234929.156 INFO             PET0  PASS  Example ESMF_FieldCreateEx, ESMF_FieldCreateEx.F90, line 1058
20211018 234929.156 INFO             PET0 Finalizing ESMF
20211018 234929.149 INFO             PET1 !!!!!!!!!!!!!!!!!!!!!!!!!!!!!!!!!!!!!!!!!!!!!!!!!!!!!!
20211018 234929.150 INFO             PET1 !!! THE ESMF_LOG IS SET TO OUTPUT ALL LOG MESSAGES !!!
20211018 234929.150 INFO             PET1 !!!     THIS MAY CAUSE SLOWDOWN IN PERFORMANCE     !!!
20211018 234929.150 INFO             PET1 !!! FOR PRODUCTION RUNS, USE:                      !!!
20211018 234929.150 INFO             PET1 !!!                   ESMF_LOGKIND_Multi_On_Error  !!!
20211018 234929.150 INFO             PET1 !!!!!!!!!!!!!!!!!!!!!!!!!!!!!!!!!!!!!!!!!!!!!!!!!!!!!!
20211018 234929.150 INFO             PET1 Running with ESMF Version   : ESMF_8_2_0_beta_snapshot_22-13-g3d528dadb7
20211018 234929.150 INFO             PET1 ESMF library build date/time: "Oct 18 2021" "23:29:47"
20211018 234929.150 INFO             PET1 ESMF library build location : /Volumes/esmf/rocky/esmf-testing/gfortran_9.3.0_openmpi_g_release_8.2.0
20211018 234929.150 INFO             PET1 ESMF_COMM                   : openmpi
20211018 234929.150 INFO             PET1 ESMF_MOAB                   : enabled
20211018 234929.150 INFO             PET1 ESMF_LAPACK                 : enabled
20211018 234929.150 INFO             PET1 ESMF_NETCDF                 : enabled
20211018 234929.150 INFO             PET1 ESMF_PNETCDF                : disabled
20211018 234929.150 INFO             PET1 ESMF_PIO                    : enabled
20211018 234929.150 INFO             PET1 ESMF_YAMLCPP                : enabled
20211018 234929.156 INFO             PET1  NUMBER_OF_PROCESSORS           4
20211018 234929.156 INFO             PET1  PASS  Example ESMF_FieldCreateEx, ESMF_FieldCreateEx.F90, line 1058
20211018 234929.156 INFO             PET1 Finalizing ESMF
20211018 234929.149 INFO             PET2 !!!!!!!!!!!!!!!!!!!!!!!!!!!!!!!!!!!!!!!!!!!!!!!!!!!!!!
20211018 234929.150 INFO             PET2 !!! THE ESMF_LOG IS SET TO OUTPUT ALL LOG MESSAGES !!!
20211018 234929.150 INFO             PET2 !!!     THIS MAY CAUSE SLOWDOWN IN PERFORMANCE     !!!
20211018 234929.150 INFO             PET2 !!! FOR PRODUCTION RUNS, USE:                      !!!
20211018 234929.150 INFO             PET2 !!!                   ESMF_LOGKIND_Multi_On_Error  !!!
20211018 234929.150 INFO             PET2 !!!!!!!!!!!!!!!!!!!!!!!!!!!!!!!!!!!!!!!!!!!!!!!!!!!!!!
20211018 234929.150 INFO             PET2 Running with ESMF Version   : ESMF_8_2_0_beta_snapshot_22-13-g3d528dadb7
20211018 234929.150 INFO             PET2 ESMF library build date/time: "Oct 18 2021" "23:29:47"
20211018 234929.150 INFO             PET2 ESMF library build location : /Volumes/esmf/rocky/esmf-testing/gfortran_9.3.0_openmpi_g_release_8.2.0
20211018 234929.150 INFO             PET2 ESMF_COMM                   : openmpi
20211018 234929.150 INFO             PET2 ESMF_MOAB                   : enabled
20211018 234929.150 INFO             PET2 ESMF_LAPACK                 : enabled
20211018 234929.150 INFO             PET2 ESMF_NETCDF                 : enabled
20211018 234929.150 INFO             PET2 ESMF_PNETCDF                : disabled
20211018 234929.150 INFO             PET2 ESMF_PIO                    : enabled
20211018 234929.150 INFO             PET2 ESMF_YAMLCPP                : enabled
20211018 234929.156 INFO             PET2  NUMBER_OF_PROCESSORS           4
20211018 234929.156 INFO             PET2  PASS  Example ESMF_FieldCreateEx, ESMF_FieldCreateEx.F90, line 1058
20211018 234929.156 INFO             PET2 Finalizing ESMF
20211018 234929.150 INFO             PET3 !!!!!!!!!!!!!!!!!!!!!!!!!!!!!!!!!!!!!!!!!!!!!!!!!!!!!!
20211018 234929.150 INFO             PET3 !!! THE ESMF_LOG IS SET TO OUTPUT ALL LOG MESSAGES !!!
20211018 234929.150 INFO             PET3 !!!     THIS MAY CAUSE SLOWDOWN IN PERFORMANCE     !!!
20211018 234929.150 INFO             PET3 !!! FOR PRODUCTION RUNS, USE:                      !!!
20211018 234929.150 INFO             PET3 !!!                   ESMF_LOGKIND_Multi_On_Error  !!!
20211018 234929.150 INFO             PET3 !!!!!!!!!!!!!!!!!!!!!!!!!!!!!!!!!!!!!!!!!!!!!!!!!!!!!!
20211018 234929.150 INFO             PET3 Running with ESMF Version   : ESMF_8_2_0_beta_snapshot_22-13-g3d528dadb7
20211018 234929.150 INFO             PET3 ESMF library build date/time: "Oct 18 2021" "23:29:47"
20211018 234929.150 INFO             PET3 ESMF library build location : /Volumes/esmf/rocky/esmf-testing/gfortran_9.3.0_openmpi_g_release_8.2.0
20211018 234929.150 INFO             PET3 ESMF_COMM                   : openmpi
20211018 234929.151 INFO             PET3 ESMF_MOAB                   : enabled
20211018 234929.151 INFO             PET3 ESMF_LAPACK                 : enabled
20211018 234929.151 INFO             PET3 ESMF_NETCDF                 : enabled
20211018 234929.151 INFO             PET3 ESMF_PNETCDF                : disabled
20211018 234929.151 INFO             PET3 ESMF_PIO                    : enabled
20211018 234929.151 INFO             PET3 ESMF_YAMLCPP                : enabled
20211018 234929.156 INFO             PET3  NUMBER_OF_PROCESSORS           4
20211018 234929.156 INFO             PET3  PASS  Example ESMF_FieldCreateEx, ESMF_FieldCreateEx.F90, line 1058
20211018 234929.156 INFO             PET3 Finalizing ESMF
