build time -- 2022-02-25 23:38:57
20220226 012403.243 INFO             PET0 !!!!!!!!!!!!!!!!!!!!!!!!!!!!!!!!!!!!!!!!!!!!!!!!!!!!!!
20220226 012403.245 INFO             PET0 !!! THE ESMF_LOG IS SET TO OUTPUT ALL LOG MESSAGES !!!
20220226 012403.245 INFO             PET0 !!!     THIS MAY CAUSE SLOWDOWN IN PERFORMANCE     !!!
20220226 012403.245 INFO             PET0 !!! FOR PRODUCTION RUNS, USE:                      !!!
20220226 012403.245 INFO             PET0 !!!                   ESMF_LOGKIND_Multi_On_Error  !!!
20220226 012403.245 INFO             PET0 !!!!!!!!!!!!!!!!!!!!!!!!!!!!!!!!!!!!!!!!!!!!!!!!!!!!!!
20220226 012403.245 INFO             PET0 Running with ESMF Version   : v8.3.0b08-90-g763a12848c
20220226 012403.245 INFO             PET0 ESMF library build date/time: "Feb 25 2022" "23:37:13"
20220226 012403.245 INFO             PET0 ESMF library build location : /lustre/f2/dev/ncep/Mark.Potts/gfortran_8.3.0_mpi_g_jedwards_pio_update2
20220226 012403.245 INFO             PET0 ESMF_COMM                   : mpi
20220226 012403.246 INFO             PET0 ESMF_MOAB                   : enabled
20220226 012403.246 INFO             PET0 ESMF_LAPACK                 : enabled
20220226 012403.246 INFO             PET0 ESMF_NETCDF                 : enabled
20220226 012403.246 INFO             PET0 ESMF_PNETCDF                : disabled
20220226 012403.246 INFO             PET0 ESMF_PIO                    : enabled
20220226 012403.246 INFO             PET0 ESMF_YAMLCPP                : enabled
20220226 012403.287 INFO             PET0 ESMCI_IO.C:150 ESMCI::IO::create() 
20220226 012403.287 INFO             PET0 ESMCI_IO.C:1027 ESMCI::IO::addArray() 
20220226 012403.287 INFO             PET0 ESMCI_IO.C:460 ESMCI::IO::write() 
20220226 012403.251 INFO             PET1 !!!!!!!!!!!!!!!!!!!!!!!!!!!!!!!!!!!!!!!!!!!!!!!!!!!!!!
20220226 012403.251 INFO             PET1 !!! THE ESMF_LOG IS SET TO OUTPUT ALL LOG MESSAGES !!!
20220226 012403.251 INFO             PET1 !!!     THIS MAY CAUSE SLOWDOWN IN PERFORMANCE     !!!
20220226 012403.251 INFO             PET1 !!! FOR PRODUCTION RUNS, USE:                      !!!
20220226 012403.251 INFO             PET1 !!!                   ESMF_LOGKIND_Multi_On_Error  !!!
20220226 012403.251 INFO             PET1 !!!!!!!!!!!!!!!!!!!!!!!!!!!!!!!!!!!!!!!!!!!!!!!!!!!!!!
20220226 012403.251 INFO             PET1 Running with ESMF Version   : v8.3.0b08-90-g763a12848c
20220226 012403.251 INFO             PET1 ESMF library build date/time: "Feb 25 2022" "23:37:13"
20220226 012403.251 INFO             PET1 ESMF library build location : /lustre/f2/dev/ncep/Mark.Potts/gfortran_8.3.0_mpi_g_jedwards_pio_update2
20220226 012403.251 INFO             PET1 ESMF_COMM                   : mpi
20220226 012403.252 INFO             PET1 ESMF_MOAB                   : enabled
20220226 012403.252 INFO             PET1 ESMF_LAPACK                 : enabled
20220226 012403.252 INFO             PET1 ESMF_NETCDF                 : enabled
20220226 012403.252 INFO             PET1 ESMF_PNETCDF                : disabled
20220226 012403.252 INFO             PET1 ESMF_PIO                    : enabled
20220226 012403.252 INFO             PET1 ESMF_YAMLCPP                : enabled
20220226 012403.287 INFO             PET1 ESMCI_IO.C:150 ESMCI::IO::create() 
20220226 012403.287 INFO             PET1 ESMCI_IO.C:1027 ESMCI::IO::addArray() 
20220226 012403.287 INFO             PET1 ESMCI_IO.C:460 ESMCI::IO::write() 
20220226 012403.243 INFO             PET2 !!!!!!!!!!!!!!!!!!!!!!!!!!!!!!!!!!!!!!!!!!!!!!!!!!!!!!
20220226 012403.245 INFO             PET2 !!! THE ESMF_LOG IS SET TO OUTPUT ALL LOG MESSAGES !!!
20220226 012403.245 INFO             PET2 !!!     THIS MAY CAUSE SLOWDOWN IN PERFORMANCE     !!!
20220226 012403.245 INFO             PET2 !!! FOR PRODUCTION RUNS, USE:                      !!!
20220226 012403.245 INFO             PET2 !!!                   ESMF_LOGKIND_Multi_On_Error  !!!
20220226 012403.245 INFO             PET2 !!!!!!!!!!!!!!!!!!!!!!!!!!!!!!!!!!!!!!!!!!!!!!!!!!!!!!
20220226 012403.245 INFO             PET2 Running with ESMF Version   : v8.3.0b08-90-g763a12848c
20220226 012403.245 INFO             PET2 ESMF library build date/time: "Feb 25 2022" "23:37:13"
20220226 012403.245 INFO             PET2 ESMF library build location : /lustre/f2/dev/ncep/Mark.Potts/gfortran_8.3.0_mpi_g_jedwards_pio_update2
20220226 012403.245 INFO             PET2 ESMF_COMM                   : mpi
20220226 012403.246 INFO             PET2 ESMF_MOAB                   : enabled
20220226 012403.246 INFO             PET2 ESMF_LAPACK                 : enabled
20220226 012403.246 INFO             PET2 ESMF_NETCDF                 : enabled
20220226 012403.246 INFO             PET2 ESMF_PNETCDF                : disabled
20220226 012403.246 INFO             PET2 ESMF_PIO                    : enabled
20220226 012403.246 INFO             PET2 ESMF_YAMLCPP                : enabled
20220226 012403.287 INFO             PET2 ESMCI_IO.C:150 ESMCI::IO::create() 
20220226 012403.287 INFO             PET2 ESMCI_IO.C:1027 ESMCI::IO::addArray() 
20220226 012403.287 INFO             PET2 ESMCI_IO.C:460 ESMCI::IO::write() 
20220226 012403.246 INFO             PET3 !!!!!!!!!!!!!!!!!!!!!!!!!!!!!!!!!!!!!!!!!!!!!!!!!!!!!!
20220226 012403.246 INFO             PET3 !!! THE ESMF_LOG IS SET TO OUTPUT ALL LOG MESSAGES !!!
20220226 012403.246 INFO             PET3 !!!     THIS MAY CAUSE SLOWDOWN IN PERFORMANCE     !!!
20220226 012403.246 INFO             PET3 !!! FOR PRODUCTION RUNS, USE:                      !!!
20220226 012403.246 INFO             PET3 !!!                   ESMF_LOGKIND_Multi_On_Error  !!!
20220226 012403.246 INFO             PET3 !!!!!!!!!!!!!!!!!!!!!!!!!!!!!!!!!!!!!!!!!!!!!!!!!!!!!!
20220226 012403.246 INFO             PET3 Running with ESMF Version   : v8.3.0b08-90-g763a12848c
20220226 012403.246 INFO             PET3 ESMF library build date/time: "Feb 25 2022" "23:37:13"
20220226 012403.246 INFO             PET3 ESMF library build location : /lustre/f2/dev/ncep/Mark.Potts/gfortran_8.3.0_mpi_g_jedwards_pio_update2
20220226 012403.246 INFO             PET3 ESMF_COMM                   : mpi
20220226 012403.247 INFO             PET3 ESMF_MOAB                   : enabled
20220226 012403.247 INFO             PET3 ESMF_LAPACK                 : enabled
20220226 012403.247 INFO             PET3 ESMF_NETCDF                 : enabled
20220226 012403.247 INFO             PET3 ESMF_PNETCDF                : disabled
20220226 012403.247 INFO             PET3 ESMF_PIO                    : enabled
20220226 012403.247 INFO             PET3 ESMF_YAMLCPP                : enabled
20220226 012403.287 INFO             PET3 ESMCI_IO.C:150 ESMCI::IO::create() 
20220226 012403.287 INFO             PET3 ESMCI_IO.C:1027 ESMCI::IO::addArray() 
20220226 012403.287 INFO             PET3 ESMCI_IO.C:460 ESMCI::IO::write() 
