build time -- 2021-11-20 04:11:35.370873
20211120 050948.852 INFO             PET0 !!!!!!!!!!!!!!!!!!!!!!!!!!!!!!!!!!!!!!!!!!!!!!!!!!!!!!
20211120 050948.852 INFO             PET0 !!! THE ESMF_LOG IS SET TO OUTPUT ALL LOG MESSAGES !!!
20211120 050948.852 INFO             PET0 !!!     THIS MAY CAUSE SLOWDOWN IN PERFORMANCE     !!!
20211120 050948.852 INFO             PET0 !!! FOR PRODUCTION RUNS, USE:                      !!!
20211120 050948.852 INFO             PET0 !!!                   ESMF_LOGKIND_Multi_On_Error  !!!
20211120 050948.852 INFO             PET0 !!!!!!!!!!!!!!!!!!!!!!!!!!!!!!!!!!!!!!!!!!!!!!!!!!!!!!
20211120 050948.852 INFO             PET0 Running with ESMF Version   : ESMF_8_3_0_beta_snapshot_03
20211120 050948.852 INFO             PET0 ESMF library build date/time: "Nov 20 2021" "04:06:35"
20211120 050948.852 INFO             PET0 ESMF library build location : /glade/scratch/mpotts/intel_18.0.5_intelmpi_O_develop
20211120 050948.852 INFO             PET0 ESMF_COMM                   : intelmpi
20211120 050948.852 INFO             PET0 ESMF_MOAB                   : enabled
20211120 050948.852 INFO             PET0 ESMF_LAPACK                 : enabled
20211120 050948.852 INFO             PET0 ESMF_NETCDF                 : enabled
20211120 050948.852 INFO             PET0 ESMF_PNETCDF                : disabled
20211120 050948.852 INFO             PET0 ESMF_PIO                    : enabled
20211120 050948.852 INFO             PET0 ESMF_YAMLCPP                : enabled
20211120 050948.854 INFO             PET0 ESMF_FieldRedistStoreNF(): Just entered routine.
20211120 050948.855 INFO             PET0 ESMF_FieldRedistStoreNF(): Leaving routine.
20211120 050948.857 INFO             PET0 ESMF_FieldRedistStoreNF(): Just entered routine.
20211120 050948.857 INFO             PET0 ESMF_FieldRedistStoreNF(): Leaving routine.
20211120 050948.857 INFO             PET0 ESMF_FieldRedistStoreNF(): Just entered routine.
20211120 050948.858 INFO             PET0 ESMF_FieldRedistStoreNF(): Leaving routine.
20211120 050948.858 INFO             PET0  NUMBER_OF_PROCESSORS           4
20211120 050948.858 INFO             PET0  PASS  Example ESMF_FieldRedistEx, ESMF_FieldRedistEx.F90, line 521
20211120 050948.858 INFO             PET0 Finalizing ESMF
20211120 050948.852 INFO             PET1 !!!!!!!!!!!!!!!!!!!!!!!!!!!!!!!!!!!!!!!!!!!!!!!!!!!!!!
20211120 050948.852 INFO             PET1 !!! THE ESMF_LOG IS SET TO OUTPUT ALL LOG MESSAGES !!!
20211120 050948.852 INFO             PET1 !!!     THIS MAY CAUSE SLOWDOWN IN PERFORMANCE     !!!
20211120 050948.852 INFO             PET1 !!! FOR PRODUCTION RUNS, USE:                      !!!
20211120 050948.852 INFO             PET1 !!!                   ESMF_LOGKIND_Multi_On_Error  !!!
20211120 050948.852 INFO             PET1 !!!!!!!!!!!!!!!!!!!!!!!!!!!!!!!!!!!!!!!!!!!!!!!!!!!!!!
20211120 050948.852 INFO             PET1 Running with ESMF Version   : ESMF_8_3_0_beta_snapshot_03
20211120 050948.852 INFO             PET1 ESMF library build date/time: "Nov 20 2021" "04:06:35"
20211120 050948.852 INFO             PET1 ESMF library build location : /glade/scratch/mpotts/intel_18.0.5_intelmpi_O_develop
20211120 050948.852 INFO             PET1 ESMF_COMM                   : intelmpi
20211120 050948.852 INFO             PET1 ESMF_MOAB                   : enabled
20211120 050948.852 INFO             PET1 ESMF_LAPACK                 : enabled
20211120 050948.852 INFO             PET1 ESMF_NETCDF                 : enabled
20211120 050948.852 INFO             PET1 ESMF_PNETCDF                : disabled
20211120 050948.852 INFO             PET1 ESMF_PIO                    : enabled
20211120 050948.852 INFO             PET1 ESMF_YAMLCPP                : enabled
20211120 050948.854 INFO             PET1 ESMF_FieldRedistStoreNF(): Just entered routine.
20211120 050948.855 INFO             PET1 ESMF_FieldRedistStoreNF(): Leaving routine.
20211120 050948.857 INFO             PET1 ESMF_FieldRedistStoreNF(): Just entered routine.
20211120 050948.857 INFO             PET1 ESMF_FieldRedistStoreNF(): Leaving routine.
20211120 050948.857 INFO             PET1 ESMF_FieldRedistStoreNF(): Just entered routine.
20211120 050948.858 INFO             PET1 ESMF_FieldRedistStoreNF(): Leaving routine.
20211120 050948.858 INFO             PET1  NUMBER_OF_PROCESSORS           4
20211120 050948.858 INFO             PET1  PASS  Example ESMF_FieldRedistEx, ESMF_FieldRedistEx.F90, line 521
20211120 050948.858 INFO             PET1 Finalizing ESMF
20211120 050948.853 INFO             PET2 !!!!!!!!!!!!!!!!!!!!!!!!!!!!!!!!!!!!!!!!!!!!!!!!!!!!!!
20211120 050948.853 INFO             PET2 !!! THE ESMF_LOG IS SET TO OUTPUT ALL LOG MESSAGES !!!
20211120 050948.853 INFO             PET2 !!!     THIS MAY CAUSE SLOWDOWN IN PERFORMANCE     !!!
20211120 050948.853 INFO             PET2 !!! FOR PRODUCTION RUNS, USE:                      !!!
20211120 050948.853 INFO             PET2 !!!                   ESMF_LOGKIND_Multi_On_Error  !!!
20211120 050948.853 INFO             PET2 !!!!!!!!!!!!!!!!!!!!!!!!!!!!!!!!!!!!!!!!!!!!!!!!!!!!!!
20211120 050948.853 INFO             PET2 Running with ESMF Version   : ESMF_8_3_0_beta_snapshot_03
20211120 050948.853 INFO             PET2 ESMF library build date/time: "Nov 20 2021" "04:06:35"
20211120 050948.853 INFO             PET2 ESMF library build location : /glade/scratch/mpotts/intel_18.0.5_intelmpi_O_develop
20211120 050948.853 INFO             PET2 ESMF_COMM                   : intelmpi
20211120 050948.853 INFO             PET2 ESMF_MOAB                   : enabled
20211120 050948.853 INFO             PET2 ESMF_LAPACK                 : enabled
20211120 050948.853 INFO             PET2 ESMF_NETCDF                 : enabled
20211120 050948.853 INFO             PET2 ESMF_PNETCDF                : disabled
20211120 050948.853 INFO             PET2 ESMF_PIO                    : enabled
20211120 050948.853 INFO             PET2 ESMF_YAMLCPP                : enabled
20211120 050948.854 INFO             PET2 ESMF_FieldRedistStoreNF(): Just entered routine.
20211120 050948.855 INFO             PET2 ESMF_FieldRedistStoreNF(): Leaving routine.
20211120 050948.857 INFO             PET2 ESMF_FieldRedistStoreNF(): Just entered routine.
20211120 050948.857 INFO             PET2 ESMF_FieldRedistStoreNF(): Leaving routine.
20211120 050948.857 INFO             PET2 ESMF_FieldRedistStoreNF(): Just entered routine.
20211120 050948.858 INFO             PET2 ESMF_FieldRedistStoreNF(): Leaving routine.
20211120 050948.858 INFO             PET2  NUMBER_OF_PROCESSORS           4
20211120 050948.858 INFO             PET2  PASS  Example ESMF_FieldRedistEx, ESMF_FieldRedistEx.F90, line 521
20211120 050948.858 INFO             PET2 Finalizing ESMF
20211120 050948.853 INFO             PET3 !!!!!!!!!!!!!!!!!!!!!!!!!!!!!!!!!!!!!!!!!!!!!!!!!!!!!!
20211120 050948.853 INFO             PET3 !!! THE ESMF_LOG IS SET TO OUTPUT ALL LOG MESSAGES !!!
20211120 050948.853 INFO             PET3 !!!     THIS MAY CAUSE SLOWDOWN IN PERFORMANCE     !!!
20211120 050948.853 INFO             PET3 !!! FOR PRODUCTION RUNS, USE:                      !!!
20211120 050948.853 INFO             PET3 !!!                   ESMF_LOGKIND_Multi_On_Error  !!!
20211120 050948.853 INFO             PET3 !!!!!!!!!!!!!!!!!!!!!!!!!!!!!!!!!!!!!!!!!!!!!!!!!!!!!!
20211120 050948.853 INFO             PET3 Running with ESMF Version   : ESMF_8_3_0_beta_snapshot_03
20211120 050948.853 INFO             PET3 ESMF library build date/time: "Nov 20 2021" "04:06:35"
20211120 050948.853 INFO             PET3 ESMF library build location : /glade/scratch/mpotts/intel_18.0.5_intelmpi_O_develop
20211120 050948.853 INFO             PET3 ESMF_COMM                   : intelmpi
20211120 050948.853 INFO             PET3 ESMF_MOAB                   : enabled
20211120 050948.853 INFO             PET3 ESMF_LAPACK                 : enabled
20211120 050948.853 INFO             PET3 ESMF_NETCDF                 : enabled
20211120 050948.853 INFO             PET3 ESMF_PNETCDF                : disabled
20211120 050948.853 INFO             PET3 ESMF_PIO                    : enabled
20211120 050948.853 INFO             PET3 ESMF_YAMLCPP                : enabled
20211120 050948.854 INFO             PET3 ESMF_FieldRedistStoreNF(): Just entered routine.
20211120 050948.855 INFO             PET3 ESMF_FieldRedistStoreNF(): Leaving routine.
20211120 050948.857 INFO             PET3 ESMF_FieldRedistStoreNF(): Just entered routine.
20211120 050948.857 INFO             PET3 ESMF_FieldRedistStoreNF(): Leaving routine.
20211120 050948.857 INFO             PET3 ESMF_FieldRedistStoreNF(): Just entered routine.
20211120 050948.858 INFO             PET3 ESMF_FieldRedistStoreNF(): Leaving routine.
20211120 050948.858 INFO             PET3  NUMBER_OF_PROCESSORS           4
20211120 050948.858 INFO             PET3  PASS  Example ESMF_FieldRedistEx, ESMF_FieldRedistEx.F90, line 521
20211120 050948.858 INFO             PET3 Finalizing ESMF
