build time -- 2021-11-10 04:12:09.663409
20211110 050955.576 INFO             PET0 !!!!!!!!!!!!!!!!!!!!!!!!!!!!!!!!!!!!!!!!!!!!!!!!!!!!!!
20211110 050955.576 INFO             PET0 !!! THE ESMF_LOG IS SET TO OUTPUT ALL LOG MESSAGES !!!
20211110 050955.576 INFO             PET0 !!!     THIS MAY CAUSE SLOWDOWN IN PERFORMANCE     !!!
20211110 050955.576 INFO             PET0 !!! FOR PRODUCTION RUNS, USE:                      !!!
20211110 050955.576 INFO             PET0 !!!                   ESMF_LOGKIND_Multi_On_Error  !!!
20211110 050955.576 INFO             PET0 !!!!!!!!!!!!!!!!!!!!!!!!!!!!!!!!!!!!!!!!!!!!!!!!!!!!!!
20211110 050955.576 INFO             PET0 Running with ESMF Version   : ESMF_8_3_0_beta_snapshot_02-1-gd594fca699
20211110 050955.576 INFO             PET0 ESMF library build date/time: "Nov 10 2021" "04:07:09"
20211110 050955.576 INFO             PET0 ESMF library build location : /glade/scratch/mpotts/intel_18.0.5_intelmpi_O_develop
20211110 050955.576 INFO             PET0 ESMF_COMM                   : intelmpi
20211110 050955.577 INFO             PET0 ESMF_MOAB                   : enabled
20211110 050955.577 INFO             PET0 ESMF_LAPACK                 : enabled
20211110 050955.577 INFO             PET0 ESMF_NETCDF                 : enabled
20211110 050955.577 INFO             PET0 ESMF_PNETCDF                : disabled
20211110 050955.577 INFO             PET0 ESMF_PIO                    : enabled
20211110 050955.577 INFO             PET0 ESMF_YAMLCPP                : enabled
20211110 050955.580 INFO             PET0  NUMBER_OF_PROCESSORS           1
20211110 050955.580 INFO             PET0  PASS  Example ESMF_XGridSparseMatEx, ESMF_XGridSparseMatEx.F90, line 642
20211110 050955.580 INFO             PET0 Finalizing ESMF
