build time -- 2021-10-28 04:15:51.816070
20211028 052705.355 INFO             PET0 !!!!!!!!!!!!!!!!!!!!!!!!!!!!!!!!!!!!!!!!!!!!!!!!!!!!!!
20211028 052705.355 INFO             PET0 !!! THE ESMF_LOG IS SET TO OUTPUT ALL LOG MESSAGES !!!
20211028 052705.355 INFO             PET0 !!!     THIS MAY CAUSE SLOWDOWN IN PERFORMANCE     !!!
20211028 052705.355 INFO             PET0 !!! FOR PRODUCTION RUNS, USE:                      !!!
20211028 052705.355 INFO             PET0 !!!                   ESMF_LOGKIND_Multi_On_Error  !!!
20211028 052705.355 INFO             PET0 !!!!!!!!!!!!!!!!!!!!!!!!!!!!!!!!!!!!!!!!!!!!!!!!!!!!!!
20211028 052705.355 INFO             PET0 Running with ESMF Version   : ESMF_8_2_0
20211028 052705.355 INFO             PET0 ESMF library build date/time: "Oct 28 2021" "04:09:54"
20211028 052705.355 INFO             PET0 ESMF library build location : /glade/scratch/mpotts/intel_18.0.5_mpt_O_main
20211028 052705.355 INFO             PET0 ESMF_COMM                   : mpt
20211028 052705.355 INFO             PET0 ESMF_MOAB                   : enabled
20211028 052705.355 INFO             PET0 ESMF_LAPACK                 : enabled
20211028 052705.355 INFO             PET0 ESMF_NETCDF                 : enabled
20211028 052705.355 INFO             PET0 ESMF_PNETCDF                : disabled
20211028 052705.355 INFO             PET0 ESMF_PIO                    : enabled
20211028 052705.355 INFO             PET0 ESMF_YAMLCPP                : enabled
20211028 052705.395 DEBUG            PET0 about to destroy Grid: 0x3345750
20211028 052705.400 DEBUG            PET0 about to destroy Grid: 0x3348810
20211028 052705.411 INFO             PET0  NUMBER_OF_PROCESSORS           4
20211028 052705.411 INFO             PET0  PASS  Example ESMF_NUOPCAtmModelEx, ESMF_NUOPCAtmModelEx.F90, line 806
20211028 052705.411 INFO             PET0 Finalizing ESMF
20211028 052705.355 INFO             PET1 !!!!!!!!!!!!!!!!!!!!!!!!!!!!!!!!!!!!!!!!!!!!!!!!!!!!!!
20211028 052705.355 INFO             PET1 !!! THE ESMF_LOG IS SET TO OUTPUT ALL LOG MESSAGES !!!
20211028 052705.355 INFO             PET1 !!!     THIS MAY CAUSE SLOWDOWN IN PERFORMANCE     !!!
20211028 052705.355 INFO             PET1 !!! FOR PRODUCTION RUNS, USE:                      !!!
20211028 052705.355 INFO             PET1 !!!                   ESMF_LOGKIND_Multi_On_Error  !!!
20211028 052705.355 INFO             PET1 !!!!!!!!!!!!!!!!!!!!!!!!!!!!!!!!!!!!!!!!!!!!!!!!!!!!!!
20211028 052705.355 INFO             PET1 Running with ESMF Version   : ESMF_8_2_0
20211028 052705.355 INFO             PET1 ESMF library build date/time: "Oct 28 2021" "04:09:54"
20211028 052705.355 INFO             PET1 ESMF library build location : /glade/scratch/mpotts/intel_18.0.5_mpt_O_main
20211028 052705.355 INFO             PET1 ESMF_COMM                   : mpt
20211028 052705.355 INFO             PET1 ESMF_MOAB                   : enabled
20211028 052705.355 INFO             PET1 ESMF_LAPACK                 : enabled
20211028 052705.355 INFO             PET1 ESMF_NETCDF                 : enabled
20211028 052705.355 INFO             PET1 ESMF_PNETCDF                : disabled
20211028 052705.355 INFO             PET1 ESMF_PIO                    : enabled
20211028 052705.355 INFO             PET1 ESMF_YAMLCPP                : enabled
20211028 052705.395 DEBUG            PET1 about to destroy Grid: 0x3348750
20211028 052705.400 DEBUG            PET1 about to destroy Grid: 0x33495d0
20211028 052705.411 INFO             PET1  NUMBER_OF_PROCESSORS           4
20211028 052705.411 INFO             PET1  PASS  Example ESMF_NUOPCAtmModelEx, ESMF_NUOPCAtmModelEx.F90, line 806
20211028 052705.411 INFO             PET1 Finalizing ESMF
20211028 052705.355 INFO             PET2 !!!!!!!!!!!!!!!!!!!!!!!!!!!!!!!!!!!!!!!!!!!!!!!!!!!!!!
20211028 052705.355 INFO             PET2 !!! THE ESMF_LOG IS SET TO OUTPUT ALL LOG MESSAGES !!!
20211028 052705.355 INFO             PET2 !!!     THIS MAY CAUSE SLOWDOWN IN PERFORMANCE     !!!
20211028 052705.355 INFO             PET2 !!! FOR PRODUCTION RUNS, USE:                      !!!
20211028 052705.355 INFO             PET2 !!!                   ESMF_LOGKIND_Multi_On_Error  !!!
20211028 052705.355 INFO             PET2 !!!!!!!!!!!!!!!!!!!!!!!!!!!!!!!!!!!!!!!!!!!!!!!!!!!!!!
20211028 052705.355 INFO             PET2 Running with ESMF Version   : ESMF_8_2_0
20211028 052705.355 INFO             PET2 ESMF library build date/time: "Oct 28 2021" "04:09:54"
20211028 052705.355 INFO             PET2 ESMF library build location : /glade/scratch/mpotts/intel_18.0.5_mpt_O_main
20211028 052705.355 INFO             PET2 ESMF_COMM                   : mpt
20211028 052705.355 INFO             PET2 ESMF_MOAB                   : enabled
20211028 052705.355 INFO             PET2 ESMF_LAPACK                 : enabled
20211028 052705.355 INFO             PET2 ESMF_NETCDF                 : enabled
20211028 052705.355 INFO             PET2 ESMF_PNETCDF                : disabled
20211028 052705.355 INFO             PET2 ESMF_PIO                    : enabled
20211028 052705.355 INFO             PET2 ESMF_YAMLCPP                : enabled
20211028 052705.395 DEBUG            PET2 about to destroy Grid: 0x3348850
20211028 052705.400 DEBUG            PET2 about to destroy Grid: 0x33496d0
20211028 052705.411 INFO             PET2  NUMBER_OF_PROCESSORS           4
20211028 052705.411 INFO             PET2  PASS  Example ESMF_NUOPCAtmModelEx, ESMF_NUOPCAtmModelEx.F90, line 806
20211028 052705.411 INFO             PET2 Finalizing ESMF
20211028 052705.355 INFO             PET3 !!!!!!!!!!!!!!!!!!!!!!!!!!!!!!!!!!!!!!!!!!!!!!!!!!!!!!
20211028 052705.355 INFO             PET3 !!! THE ESMF_LOG IS SET TO OUTPUT ALL LOG MESSAGES !!!
20211028 052705.355 INFO             PET3 !!!     THIS MAY CAUSE SLOWDOWN IN PERFORMANCE     !!!
20211028 052705.355 INFO             PET3 !!! FOR PRODUCTION RUNS, USE:                      !!!
20211028 052705.355 INFO             PET3 !!!                   ESMF_LOGKIND_Multi_On_Error  !!!
20211028 052705.355 INFO             PET3 !!!!!!!!!!!!!!!!!!!!!!!!!!!!!!!!!!!!!!!!!!!!!!!!!!!!!!
20211028 052705.355 INFO             PET3 Running with ESMF Version   : ESMF_8_2_0
20211028 052705.355 INFO             PET3 ESMF library build date/time: "Oct 28 2021" "04:09:54"
20211028 052705.355 INFO             PET3 ESMF library build location : /glade/scratch/mpotts/intel_18.0.5_mpt_O_main
20211028 052705.355 INFO             PET3 ESMF_COMM                   : mpt
20211028 052705.355 INFO             PET3 ESMF_MOAB                   : enabled
20211028 052705.355 INFO             PET3 ESMF_LAPACK                 : enabled
20211028 052705.355 INFO             PET3 ESMF_NETCDF                 : enabled
20211028 052705.355 INFO             PET3 ESMF_PNETCDF                : disabled
20211028 052705.355 INFO             PET3 ESMF_PIO                    : enabled
20211028 052705.355 INFO             PET3 ESMF_YAMLCPP                : enabled
20211028 052705.395 DEBUG            PET3 about to destroy Grid: 0x3348890
20211028 052705.400 DEBUG            PET3 about to destroy Grid: 0x3349710
20211028 052705.411 INFO             PET3  NUMBER_OF_PROCESSORS           4
20211028 052705.411 INFO             PET3  PASS  Example ESMF_NUOPCAtmModelEx, ESMF_NUOPCAtmModelEx.F90, line 806
20211028 052705.411 INFO             PET3 Finalizing ESMF
