build time -- 2022-01-18 23:25:07
20220119 003537.269 INFO             PET0 !!!!!!!!!!!!!!!!!!!!!!!!!!!!!!!!!!!!!!!!!!!!!!!!!!!!!!
20220119 003537.270 INFO             PET0 !!! THE ESMF_LOG IS SET TO OUTPUT ALL LOG MESSAGES !!!
20220119 003537.270 INFO             PET0 !!!     THIS MAY CAUSE SLOWDOWN IN PERFORMANCE     !!!
20220119 003537.270 INFO             PET0 !!! FOR PRODUCTION RUNS, USE:                      !!!
20220119 003537.270 INFO             PET0 !!!                   ESMF_LOGKIND_Multi_On_Error  !!!
20220119 003537.270 INFO             PET0 !!!!!!!!!!!!!!!!!!!!!!!!!!!!!!!!!!!!!!!!!!!!!!!!!!!!!!
20220119 003537.270 INFO             PET0 Running with ESMF Version   : 8.3.0 beta snapshot
20220119 003537.270 INFO             PET0 ESMF library build date/time: "Jan 18 2022" "23:23:35"
20220119 003537.270 INFO             PET0 ESMF library build location : /lustre/f2/dev/ncep/Mark.Potts/gfortran_8.3.0_mpi_O_jedwards_pio_update
20220119 003537.270 INFO             PET0 ESMF_COMM                   : mpi
20220119 003537.271 INFO             PET0 ESMF_MOAB                   : enabled
20220119 003537.271 INFO             PET0 ESMF_LAPACK                 : enabled
20220119 003537.271 INFO             PET0 ESMF_NETCDF                 : enabled
20220119 003537.271 INFO             PET0 ESMF_PNETCDF                : disabled
20220119 003537.271 INFO             PET0 ESMF_PIO                    : enabled
20220119 003537.271 INFO             PET0 ESMF_YAMLCPP                : enabled
20220119 003537.344 INFO             PET0  NUMBER_OF_PROCESSORS           4
20220119 003537.344 INFO             PET0  PASS  Example ESMF_RHandleVMEpochEx, ESMF_RHandleVMEpochEx.F90, line 247
20220119 003537.344 INFO             PET0 Finalizing ESMF
20220119 003537.344 INFO             PET0 ESMCI_IO_Handler.C:330 ESMCI::IO_Handler::finalize() 
20220119 003537.346 INFO             PET0 ESMCI_PIO_Handler.C:348 ESMCI::PIO_Handler::finalize() 
20220119 003537.355 INFO             PET0 ESMCI_IO_Handler.C:332 ESMCI::IO_Handler::finalize() after finalize, localrc = 0
20220119 003537.355 INFO             PET0 ESMCI_IO_Handler.C:355 ESMCI::IO_Handler::finalize() before return, localrc = 0
20220119 003537.272 INFO             PET1 !!!!!!!!!!!!!!!!!!!!!!!!!!!!!!!!!!!!!!!!!!!!!!!!!!!!!!
20220119 003537.272 INFO             PET1 !!! THE ESMF_LOG IS SET TO OUTPUT ALL LOG MESSAGES !!!
20220119 003537.272 INFO             PET1 !!!     THIS MAY CAUSE SLOWDOWN IN PERFORMANCE     !!!
20220119 003537.272 INFO             PET1 !!! FOR PRODUCTION RUNS, USE:                      !!!
20220119 003537.272 INFO             PET1 !!!                   ESMF_LOGKIND_Multi_On_Error  !!!
20220119 003537.272 INFO             PET1 !!!!!!!!!!!!!!!!!!!!!!!!!!!!!!!!!!!!!!!!!!!!!!!!!!!!!!
20220119 003537.272 INFO             PET1 Running with ESMF Version   : 8.3.0 beta snapshot
20220119 003537.272 INFO             PET1 ESMF library build date/time: "Jan 18 2022" "23:23:35"
20220119 003537.272 INFO             PET1 ESMF library build location : /lustre/f2/dev/ncep/Mark.Potts/gfortran_8.3.0_mpi_O_jedwards_pio_update
20220119 003537.272 INFO             PET1 ESMF_COMM                   : mpi
20220119 003537.273 INFO             PET1 ESMF_MOAB                   : enabled
20220119 003537.273 INFO             PET1 ESMF_LAPACK                 : enabled
20220119 003537.273 INFO             PET1 ESMF_NETCDF                 : enabled
20220119 003537.273 INFO             PET1 ESMF_PNETCDF                : disabled
20220119 003537.273 INFO             PET1 ESMF_PIO                    : enabled
20220119 003537.273 INFO             PET1 ESMF_YAMLCPP                : enabled
20220119 003537.344 INFO             PET1  NUMBER_OF_PROCESSORS           4
20220119 003537.344 INFO             PET1  PASS  Example ESMF_RHandleVMEpochEx, ESMF_RHandleVMEpochEx.F90, line 247
20220119 003537.344 INFO             PET1 Finalizing ESMF
20220119 003537.344 INFO             PET1 ESMCI_IO_Handler.C:330 ESMCI::IO_Handler::finalize() 
20220119 003537.346 INFO             PET1 ESMCI_PIO_Handler.C:348 ESMCI::PIO_Handler::finalize() 
20220119 003537.355 INFO             PET1 ESMCI_IO_Handler.C:332 ESMCI::IO_Handler::finalize() after finalize, localrc = 0
20220119 003537.355 INFO             PET1 ESMCI_IO_Handler.C:355 ESMCI::IO_Handler::finalize() before return, localrc = 0
20220119 003537.271 INFO             PET2 !!!!!!!!!!!!!!!!!!!!!!!!!!!!!!!!!!!!!!!!!!!!!!!!!!!!!!
20220119 003537.271 INFO             PET2 !!! THE ESMF_LOG IS SET TO OUTPUT ALL LOG MESSAGES !!!
20220119 003537.271 INFO             PET2 !!!     THIS MAY CAUSE SLOWDOWN IN PERFORMANCE     !!!
20220119 003537.271 INFO             PET2 !!! FOR PRODUCTION RUNS, USE:                      !!!
20220119 003537.271 INFO             PET2 !!!                   ESMF_LOGKIND_Multi_On_Error  !!!
20220119 003537.271 INFO             PET2 !!!!!!!!!!!!!!!!!!!!!!!!!!!!!!!!!!!!!!!!!!!!!!!!!!!!!!
20220119 003537.271 INFO             PET2 Running with ESMF Version   : 8.3.0 beta snapshot
20220119 003537.271 INFO             PET2 ESMF library build date/time: "Jan 18 2022" "23:23:35"
20220119 003537.271 INFO             PET2 ESMF library build location : /lustre/f2/dev/ncep/Mark.Potts/gfortran_8.3.0_mpi_O_jedwards_pio_update
20220119 003537.271 INFO             PET2 ESMF_COMM                   : mpi
20220119 003537.272 INFO             PET2 ESMF_MOAB                   : enabled
20220119 003537.272 INFO             PET2 ESMF_LAPACK                 : enabled
20220119 003537.272 INFO             PET2 ESMF_NETCDF                 : enabled
20220119 003537.272 INFO             PET2 ESMF_PNETCDF                : disabled
20220119 003537.272 INFO             PET2 ESMF_PIO                    : enabled
20220119 003537.272 INFO             PET2 ESMF_YAMLCPP                : enabled
20220119 003537.344 INFO             PET2  NUMBER_OF_PROCESSORS           4
20220119 003537.344 INFO             PET2  PASS  Example ESMF_RHandleVMEpochEx, ESMF_RHandleVMEpochEx.F90, line 247
20220119 003537.344 INFO             PET2 Finalizing ESMF
20220119 003537.344 INFO             PET2 ESMCI_IO_Handler.C:330 ESMCI::IO_Handler::finalize() 
20220119 003537.346 INFO             PET2 ESMCI_PIO_Handler.C:348 ESMCI::PIO_Handler::finalize() 
20220119 003537.355 INFO             PET2 ESMCI_IO_Handler.C:332 ESMCI::IO_Handler::finalize() after finalize, localrc = 0
20220119 003537.355 INFO             PET2 ESMCI_IO_Handler.C:355 ESMCI::IO_Handler::finalize() before return, localrc = 0
20220119 003537.278 INFO             PET3 !!!!!!!!!!!!!!!!!!!!!!!!!!!!!!!!!!!!!!!!!!!!!!!!!!!!!!
20220119 003537.278 INFO             PET3 !!! THE ESMF_LOG IS SET TO OUTPUT ALL LOG MESSAGES !!!
20220119 003537.278 INFO             PET3 !!!     THIS MAY CAUSE SLOWDOWN IN PERFORMANCE     !!!
20220119 003537.278 INFO             PET3 !!! FOR PRODUCTION RUNS, USE:                      !!!
20220119 003537.278 INFO             PET3 !!!                   ESMF_LOGKIND_Multi_On_Error  !!!
20220119 003537.278 INFO             PET3 !!!!!!!!!!!!!!!!!!!!!!!!!!!!!!!!!!!!!!!!!!!!!!!!!!!!!!
20220119 003537.278 INFO             PET3 Running with ESMF Version   : 8.3.0 beta snapshot
20220119 003537.278 INFO             PET3 ESMF library build date/time: "Jan 18 2022" "23:23:35"
20220119 003537.278 INFO             PET3 ESMF library build location : /lustre/f2/dev/ncep/Mark.Potts/gfortran_8.3.0_mpi_O_jedwards_pio_update
20220119 003537.278 INFO             PET3 ESMF_COMM                   : mpi
20220119 003537.278 INFO             PET3 ESMF_MOAB                   : enabled
20220119 003537.278 INFO             PET3 ESMF_LAPACK                 : enabled
20220119 003537.278 INFO             PET3 ESMF_NETCDF                 : enabled
20220119 003537.278 INFO             PET3 ESMF_PNETCDF                : disabled
20220119 003537.278 INFO             PET3 ESMF_PIO                    : enabled
20220119 003537.278 INFO             PET3 ESMF_YAMLCPP                : enabled
20220119 003537.344 INFO             PET3  NUMBER_OF_PROCESSORS           4
20220119 003537.344 INFO             PET3  PASS  Example ESMF_RHandleVMEpochEx, ESMF_RHandleVMEpochEx.F90, line 247
20220119 003537.344 INFO             PET3 Finalizing ESMF
20220119 003537.344 INFO             PET3 ESMCI_IO_Handler.C:330 ESMCI::IO_Handler::finalize() 
20220119 003537.346 INFO             PET3 ESMCI_PIO_Handler.C:348 ESMCI::PIO_Handler::finalize() 
20220119 003537.355 INFO             PET3 ESMCI_IO_Handler.C:332 ESMCI::IO_Handler::finalize() after finalize, localrc = 0
20220119 003537.355 INFO             PET3 ESMCI_IO_Handler.C:355 ESMCI::IO_Handler::finalize() before return, localrc = 0
