build time -- 2022-01-31 23:19:50
20220201 002035.508 INFO             PET0 !!!!!!!!!!!!!!!!!!!!!!!!!!!!!!!!!!!!!!!!!!!!!!!!!!!!!!
20220201 002035.509 INFO             PET0 !!! THE ESMF_LOG IS SET TO OUTPUT ALL LOG MESSAGES !!!
20220201 002035.509 INFO             PET0 !!!     THIS MAY CAUSE SLOWDOWN IN PERFORMANCE     !!!
20220201 002035.509 INFO             PET0 !!! FOR PRODUCTION RUNS, USE:                      !!!
20220201 002035.509 INFO             PET0 !!!                   ESMF_LOGKIND_Multi_On_Error  !!!
20220201 002035.509 INFO             PET0 !!!!!!!!!!!!!!!!!!!!!!!!!!!!!!!!!!!!!!!!!!!!!!!!!!!!!!
20220201 002035.509 INFO             PET0 Running with ESMF Version   : 8.3.0 beta snapshot
20220201 002035.509 INFO             PET0 ESMF library build date/time: "Jan 31 2022" "23:18:38"
20220201 002035.509 INFO             PET0 ESMF library build location : /lustre/f2/dev/ncep/Mark.Potts/gfortran_8.3.0_mpi_O_jedwards_pio_update
20220201 002035.509 INFO             PET0 ESMF_COMM                   : mpi
20220201 002035.509 INFO             PET0 ESMF_MOAB                   : enabled
20220201 002035.509 INFO             PET0 ESMF_LAPACK                 : enabled
20220201 002035.509 INFO             PET0 ESMF_NETCDF                 : enabled
20220201 002035.509 INFO             PET0 ESMF_PNETCDF                : disabled
20220201 002035.509 INFO             PET0 ESMF_PIO                    : enabled
20220201 002035.509 INFO             PET0 ESMF_YAMLCPP                : enabled
20220201 002035.542 INFO             PET0 ESMF_FieldRedistStoreNF(): Just entered routine.
20220201 002035.582 INFO             PET0 ESMF_FieldRedistStoreNF(): Leaving routine.
20220201 002035.592 INFO             PET0  NUMBER_OF_PROCESSORS           4
20220201 002035.593 INFO             PET0  PASS  Example ESMF_RHandleFromFileEx, ESMF_RHandleFromFileEx.F90, line 192
20220201 002035.593 INFO             PET0 Finalizing ESMF
20220201 002035.593 INFO             PET0 ESMCI_IO_Handler.C:330 ESMCI::IO_Handler::finalize() 
20220201 002035.594 INFO             PET0 ESMCI_PIO_Handler.C:348 ESMCI::PIO_Handler::finalize() 
20220201 002035.594 INFO             PET0 ESMCI_IO_Handler.C:332 ESMCI::IO_Handler::finalize() after finalize, localrc = 0
20220201 002035.594 INFO             PET0 ESMCI_IO_Handler.C:355 ESMCI::IO_Handler::finalize() before return, localrc = 0
20220201 002035.509 INFO             PET1 !!!!!!!!!!!!!!!!!!!!!!!!!!!!!!!!!!!!!!!!!!!!!!!!!!!!!!
20220201 002035.509 INFO             PET1 !!! THE ESMF_LOG IS SET TO OUTPUT ALL LOG MESSAGES !!!
20220201 002035.509 INFO             PET1 !!!     THIS MAY CAUSE SLOWDOWN IN PERFORMANCE     !!!
20220201 002035.509 INFO             PET1 !!! FOR PRODUCTION RUNS, USE:                      !!!
20220201 002035.509 INFO             PET1 !!!                   ESMF_LOGKIND_Multi_On_Error  !!!
20220201 002035.509 INFO             PET1 !!!!!!!!!!!!!!!!!!!!!!!!!!!!!!!!!!!!!!!!!!!!!!!!!!!!!!
20220201 002035.509 INFO             PET1 Running with ESMF Version   : 8.3.0 beta snapshot
20220201 002035.509 INFO             PET1 ESMF library build date/time: "Jan 31 2022" "23:18:38"
20220201 002035.509 INFO             PET1 ESMF library build location : /lustre/f2/dev/ncep/Mark.Potts/gfortran_8.3.0_mpi_O_jedwards_pio_update
20220201 002035.509 INFO             PET1 ESMF_COMM                   : mpi
20220201 002035.509 INFO             PET1 ESMF_MOAB                   : enabled
20220201 002035.509 INFO             PET1 ESMF_LAPACK                 : enabled
20220201 002035.509 INFO             PET1 ESMF_NETCDF                 : enabled
20220201 002035.509 INFO             PET1 ESMF_PNETCDF                : disabled
20220201 002035.509 INFO             PET1 ESMF_PIO                    : enabled
20220201 002035.509 INFO             PET1 ESMF_YAMLCPP                : enabled
20220201 002035.541 INFO             PET1 ESMF_FieldRedistStoreNF(): Just entered routine.
20220201 002035.582 INFO             PET1 ESMF_FieldRedistStoreNF(): Leaving routine.
20220201 002035.592 INFO             PET1  NUMBER_OF_PROCESSORS           4
20220201 002035.592 INFO             PET1  PASS  Example ESMF_RHandleFromFileEx, ESMF_RHandleFromFileEx.F90, line 192
20220201 002035.593 INFO             PET1 Finalizing ESMF
20220201 002035.593 INFO             PET1 ESMCI_IO_Handler.C:330 ESMCI::IO_Handler::finalize() 
20220201 002035.594 INFO             PET1 ESMCI_PIO_Handler.C:348 ESMCI::PIO_Handler::finalize() 
20220201 002035.594 INFO             PET1 ESMCI_IO_Handler.C:332 ESMCI::IO_Handler::finalize() after finalize, localrc = 0
20220201 002035.594 INFO             PET1 ESMCI_IO_Handler.C:355 ESMCI::IO_Handler::finalize() before return, localrc = 0
20220201 002035.508 INFO             PET2 !!!!!!!!!!!!!!!!!!!!!!!!!!!!!!!!!!!!!!!!!!!!!!!!!!!!!!
20220201 002035.509 INFO             PET2 !!! THE ESMF_LOG IS SET TO OUTPUT ALL LOG MESSAGES !!!
20220201 002035.509 INFO             PET2 !!!     THIS MAY CAUSE SLOWDOWN IN PERFORMANCE     !!!
20220201 002035.509 INFO             PET2 !!! FOR PRODUCTION RUNS, USE:                      !!!
20220201 002035.509 INFO             PET2 !!!                   ESMF_LOGKIND_Multi_On_Error  !!!
20220201 002035.509 INFO             PET2 !!!!!!!!!!!!!!!!!!!!!!!!!!!!!!!!!!!!!!!!!!!!!!!!!!!!!!
20220201 002035.509 INFO             PET2 Running with ESMF Version   : 8.3.0 beta snapshot
20220201 002035.509 INFO             PET2 ESMF library build date/time: "Jan 31 2022" "23:18:38"
20220201 002035.509 INFO             PET2 ESMF library build location : /lustre/f2/dev/ncep/Mark.Potts/gfortran_8.3.0_mpi_O_jedwards_pio_update
20220201 002035.509 INFO             PET2 ESMF_COMM                   : mpi
20220201 002035.509 INFO             PET2 ESMF_MOAB                   : enabled
20220201 002035.509 INFO             PET2 ESMF_LAPACK                 : enabled
20220201 002035.509 INFO             PET2 ESMF_NETCDF                 : enabled
20220201 002035.509 INFO             PET2 ESMF_PNETCDF                : disabled
20220201 002035.509 INFO             PET2 ESMF_PIO                    : enabled
20220201 002035.509 INFO             PET2 ESMF_YAMLCPP                : enabled
20220201 002035.541 INFO             PET2 ESMF_FieldRedistStoreNF(): Just entered routine.
20220201 002035.582 INFO             PET2 ESMF_FieldRedistStoreNF(): Leaving routine.
20220201 002035.592 INFO             PET2  NUMBER_OF_PROCESSORS           4
20220201 002035.593 INFO             PET2  PASS  Example ESMF_RHandleFromFileEx, ESMF_RHandleFromFileEx.F90, line 192
20220201 002035.593 INFO             PET2 Finalizing ESMF
20220201 002035.593 INFO             PET2 ESMCI_IO_Handler.C:330 ESMCI::IO_Handler::finalize() 
20220201 002035.594 INFO             PET2 ESMCI_PIO_Handler.C:348 ESMCI::PIO_Handler::finalize() 
20220201 002035.594 INFO             PET2 ESMCI_IO_Handler.C:332 ESMCI::IO_Handler::finalize() after finalize, localrc = 0
20220201 002035.594 INFO             PET2 ESMCI_IO_Handler.C:355 ESMCI::IO_Handler::finalize() before return, localrc = 0
20220201 002035.508 INFO             PET3 !!!!!!!!!!!!!!!!!!!!!!!!!!!!!!!!!!!!!!!!!!!!!!!!!!!!!!
20220201 002035.509 INFO             PET3 !!! THE ESMF_LOG IS SET TO OUTPUT ALL LOG MESSAGES !!!
20220201 002035.509 INFO             PET3 !!!     THIS MAY CAUSE SLOWDOWN IN PERFORMANCE     !!!
20220201 002035.509 INFO             PET3 !!! FOR PRODUCTION RUNS, USE:                      !!!
20220201 002035.509 INFO             PET3 !!!                   ESMF_LOGKIND_Multi_On_Error  !!!
20220201 002035.509 INFO             PET3 !!!!!!!!!!!!!!!!!!!!!!!!!!!!!!!!!!!!!!!!!!!!!!!!!!!!!!
20220201 002035.509 INFO             PET3 Running with ESMF Version   : 8.3.0 beta snapshot
20220201 002035.509 INFO             PET3 ESMF library build date/time: "Jan 31 2022" "23:18:38"
20220201 002035.509 INFO             PET3 ESMF library build location : /lustre/f2/dev/ncep/Mark.Potts/gfortran_8.3.0_mpi_O_jedwards_pio_update
20220201 002035.509 INFO             PET3 ESMF_COMM                   : mpi
20220201 002035.509 INFO             PET3 ESMF_MOAB                   : enabled
20220201 002035.509 INFO             PET3 ESMF_LAPACK                 : enabled
20220201 002035.509 INFO             PET3 ESMF_NETCDF                 : enabled
20220201 002035.509 INFO             PET3 ESMF_PNETCDF                : disabled
20220201 002035.509 INFO             PET3 ESMF_PIO                    : enabled
20220201 002035.509 INFO             PET3 ESMF_YAMLCPP                : enabled
20220201 002035.541 INFO             PET3 ESMF_FieldRedistStoreNF(): Just entered routine.
20220201 002035.582 INFO             PET3 ESMF_FieldRedistStoreNF(): Leaving routine.
20220201 002035.592 INFO             PET3  NUMBER_OF_PROCESSORS           4
20220201 002035.592 INFO             PET3  PASS  Example ESMF_RHandleFromFileEx, ESMF_RHandleFromFileEx.F90, line 192
20220201 002035.593 INFO             PET3 Finalizing ESMF
20220201 002035.593 INFO             PET3 ESMCI_IO_Handler.C:330 ESMCI::IO_Handler::finalize() 
20220201 002035.594 INFO             PET3 ESMCI_PIO_Handler.C:348 ESMCI::PIO_Handler::finalize() 
20220201 002035.594 INFO             PET3 ESMCI_IO_Handler.C:332 ESMCI::IO_Handler::finalize() after finalize, localrc = 0
20220201 002035.594 INFO             PET3 ESMCI_IO_Handler.C:355 ESMCI::IO_Handler::finalize() before return, localrc = 0
