build time -- 2022-02-10 23:22:40
20220211 003349.033 INFO             PET0 !!!!!!!!!!!!!!!!!!!!!!!!!!!!!!!!!!!!!!!!!!!!!!!!!!!!!!
20220211 003349.033 INFO             PET0 !!! THE ESMF_LOG IS SET TO OUTPUT ALL LOG MESSAGES !!!
20220211 003349.033 INFO             PET0 !!!     THIS MAY CAUSE SLOWDOWN IN PERFORMANCE     !!!
20220211 003349.033 INFO             PET0 !!! FOR PRODUCTION RUNS, USE:                      !!!
20220211 003349.033 INFO             PET0 !!!                   ESMF_LOGKIND_Multi_On_Error  !!!
20220211 003349.033 INFO             PET0 !!!!!!!!!!!!!!!!!!!!!!!!!!!!!!!!!!!!!!!!!!!!!!!!!!!!!!
20220211 003349.033 INFO             PET0 Running with ESMF Version   : 8.3.0 beta snapshot
20220211 003349.034 INFO             PET0 ESMF library build date/time: "Feb 10 2022" "23:21:19"
20220211 003349.034 INFO             PET0 ESMF library build location : /lustre/f2/dev/ncep/Mark.Potts/gfortran_8.3.0_mpi_O_jedwards_pio_update
20220211 003349.034 INFO             PET0 ESMF_COMM                   : mpi
20220211 003349.034 INFO             PET0 ESMF_MOAB                   : enabled
20220211 003349.034 INFO             PET0 ESMF_LAPACK                 : enabled
20220211 003349.034 INFO             PET0 ESMF_NETCDF                 : enabled
20220211 003349.034 INFO             PET0 ESMF_PNETCDF                : disabled
20220211 003349.034 INFO             PET0 ESMF_PIO                    : enabled
20220211 003349.034 INFO             PET0 ESMF_YAMLCPP                : enabled
20220211 003349.129 INFO             PET0 ESMF_FieldRedistStoreNF(): Just entered routine.
20220211 003349.143 INFO             PET0 ESMF_FieldRedistStoreNF(): Leaving routine.
20220211 003349.168 INFO             PET0 ESMF_FieldRedistStoreNF(): Just entered routine.
20220211 003349.168 INFO             PET0 ESMF_FieldRedistStoreNF(): Leaving routine.
20220211 003349.168 INFO             PET0 ESMF_FieldRedistStoreNF(): Just entered routine.
20220211 003349.169 INFO             PET0 ESMF_FieldRedistStoreNF(): Leaving routine.
20220211 003349.170 INFO             PET0  NUMBER_OF_PROCESSORS           4
20220211 003349.170 INFO             PET0  PASS  Example ESMF_FieldRedistEx, ESMF_FieldRedistEx.F90, line 521
20220211 003349.171 INFO             PET0 Finalizing ESMF
20220211 003349.171 INFO             PET0 ESMCI_IO_Handler.C:330 ESMCI::IO_Handler::finalize() 
20220211 003349.171 INFO             PET0 ESMCI_PIO_Handler.C:347 ESMCI::PIO_Handler::finalize() 
20220211 003349.171 INFO             PET0 ESMCI_IO_Handler.C:332 ESMCI::IO_Handler::finalize() after finalize, localrc = 0
20220211 003349.171 INFO             PET0 ESMCI_IO_Handler.C:355 ESMCI::IO_Handler::finalize() before return, localrc = 0
20220211 003349.043 INFO             PET1 !!!!!!!!!!!!!!!!!!!!!!!!!!!!!!!!!!!!!!!!!!!!!!!!!!!!!!
20220211 003349.043 INFO             PET1 !!! THE ESMF_LOG IS SET TO OUTPUT ALL LOG MESSAGES !!!
20220211 003349.043 INFO             PET1 !!!     THIS MAY CAUSE SLOWDOWN IN PERFORMANCE     !!!
20220211 003349.043 INFO             PET1 !!! FOR PRODUCTION RUNS, USE:                      !!!
20220211 003349.043 INFO             PET1 !!!                   ESMF_LOGKIND_Multi_On_Error  !!!
20220211 003349.043 INFO             PET1 !!!!!!!!!!!!!!!!!!!!!!!!!!!!!!!!!!!!!!!!!!!!!!!!!!!!!!
20220211 003349.043 INFO             PET1 Running with ESMF Version   : 8.3.0 beta snapshot
20220211 003349.043 INFO             PET1 ESMF library build date/time: "Feb 10 2022" "23:21:19"
20220211 003349.043 INFO             PET1 ESMF library build location : /lustre/f2/dev/ncep/Mark.Potts/gfortran_8.3.0_mpi_O_jedwards_pio_update
20220211 003349.043 INFO             PET1 ESMF_COMM                   : mpi
20220211 003349.044 INFO             PET1 ESMF_MOAB                   : enabled
20220211 003349.044 INFO             PET1 ESMF_LAPACK                 : enabled
20220211 003349.044 INFO             PET1 ESMF_NETCDF                 : enabled
20220211 003349.044 INFO             PET1 ESMF_PNETCDF                : disabled
20220211 003349.044 INFO             PET1 ESMF_PIO                    : enabled
20220211 003349.044 INFO             PET1 ESMF_YAMLCPP                : enabled
20220211 003349.129 INFO             PET1 ESMF_FieldRedistStoreNF(): Just entered routine.
20220211 003349.143 INFO             PET1 ESMF_FieldRedistStoreNF(): Leaving routine.
20220211 003349.168 INFO             PET1 ESMF_FieldRedistStoreNF(): Just entered routine.
20220211 003349.168 INFO             PET1 ESMF_FieldRedistStoreNF(): Leaving routine.
20220211 003349.168 INFO             PET1 ESMF_FieldRedistStoreNF(): Just entered routine.
20220211 003349.169 INFO             PET1 ESMF_FieldRedistStoreNF(): Leaving routine.
20220211 003349.170 INFO             PET1  NUMBER_OF_PROCESSORS           4
20220211 003349.170 INFO             PET1  PASS  Example ESMF_FieldRedistEx, ESMF_FieldRedistEx.F90, line 521
20220211 003349.171 INFO             PET1 Finalizing ESMF
20220211 003349.171 INFO             PET1 ESMCI_IO_Handler.C:330 ESMCI::IO_Handler::finalize() 
20220211 003349.171 INFO             PET1 ESMCI_PIO_Handler.C:347 ESMCI::PIO_Handler::finalize() 
20220211 003349.171 INFO             PET1 ESMCI_IO_Handler.C:332 ESMCI::IO_Handler::finalize() after finalize, localrc = 0
20220211 003349.171 INFO             PET1 ESMCI_IO_Handler.C:355 ESMCI::IO_Handler::finalize() before return, localrc = 0
20220211 003349.039 INFO             PET2 !!!!!!!!!!!!!!!!!!!!!!!!!!!!!!!!!!!!!!!!!!!!!!!!!!!!!!
20220211 003349.039 INFO             PET2 !!! THE ESMF_LOG IS SET TO OUTPUT ALL LOG MESSAGES !!!
20220211 003349.039 INFO             PET2 !!!     THIS MAY CAUSE SLOWDOWN IN PERFORMANCE     !!!
20220211 003349.039 INFO             PET2 !!! FOR PRODUCTION RUNS, USE:                      !!!
20220211 003349.039 INFO             PET2 !!!                   ESMF_LOGKIND_Multi_On_Error  !!!
20220211 003349.039 INFO             PET2 !!!!!!!!!!!!!!!!!!!!!!!!!!!!!!!!!!!!!!!!!!!!!!!!!!!!!!
20220211 003349.039 INFO             PET2 Running with ESMF Version   : 8.3.0 beta snapshot
20220211 003349.039 INFO             PET2 ESMF library build date/time: "Feb 10 2022" "23:21:19"
20220211 003349.039 INFO             PET2 ESMF library build location : /lustre/f2/dev/ncep/Mark.Potts/gfortran_8.3.0_mpi_O_jedwards_pio_update
20220211 003349.039 INFO             PET2 ESMF_COMM                   : mpi
20220211 003349.040 INFO             PET2 ESMF_MOAB                   : enabled
20220211 003349.040 INFO             PET2 ESMF_LAPACK                 : enabled
20220211 003349.040 INFO             PET2 ESMF_NETCDF                 : enabled
20220211 003349.040 INFO             PET2 ESMF_PNETCDF                : disabled
20220211 003349.040 INFO             PET2 ESMF_PIO                    : enabled
20220211 003349.040 INFO             PET2 ESMF_YAMLCPP                : enabled
20220211 003349.129 INFO             PET2 ESMF_FieldRedistStoreNF(): Just entered routine.
20220211 003349.143 INFO             PET2 ESMF_FieldRedistStoreNF(): Leaving routine.
20220211 003349.168 INFO             PET2 ESMF_FieldRedistStoreNF(): Just entered routine.
20220211 003349.168 INFO             PET2 ESMF_FieldRedistStoreNF(): Leaving routine.
20220211 003349.168 INFO             PET2 ESMF_FieldRedistStoreNF(): Just entered routine.
20220211 003349.169 INFO             PET2 ESMF_FieldRedistStoreNF(): Leaving routine.
20220211 003349.170 INFO             PET2  NUMBER_OF_PROCESSORS           4
20220211 003349.170 INFO             PET2  PASS  Example ESMF_FieldRedistEx, ESMF_FieldRedistEx.F90, line 521
20220211 003349.171 INFO             PET2 Finalizing ESMF
20220211 003349.171 INFO             PET2 ESMCI_IO_Handler.C:330 ESMCI::IO_Handler::finalize() 
20220211 003349.171 INFO             PET2 ESMCI_PIO_Handler.C:347 ESMCI::PIO_Handler::finalize() 
20220211 003349.171 INFO             PET2 ESMCI_IO_Handler.C:332 ESMCI::IO_Handler::finalize() after finalize, localrc = 0
20220211 003349.171 INFO             PET2 ESMCI_IO_Handler.C:355 ESMCI::IO_Handler::finalize() before return, localrc = 0
20220211 003349.094 INFO             PET3 !!!!!!!!!!!!!!!!!!!!!!!!!!!!!!!!!!!!!!!!!!!!!!!!!!!!!!
20220211 003349.094 INFO             PET3 !!! THE ESMF_LOG IS SET TO OUTPUT ALL LOG MESSAGES !!!
20220211 003349.094 INFO             PET3 !!!     THIS MAY CAUSE SLOWDOWN IN PERFORMANCE     !!!
20220211 003349.094 INFO             PET3 !!! FOR PRODUCTION RUNS, USE:                      !!!
20220211 003349.094 INFO             PET3 !!!                   ESMF_LOGKIND_Multi_On_Error  !!!
20220211 003349.094 INFO             PET3 !!!!!!!!!!!!!!!!!!!!!!!!!!!!!!!!!!!!!!!!!!!!!!!!!!!!!!
20220211 003349.094 INFO             PET3 Running with ESMF Version   : 8.3.0 beta snapshot
20220211 003349.094 INFO             PET3 ESMF library build date/time: "Feb 10 2022" "23:21:19"
20220211 003349.094 INFO             PET3 ESMF library build location : /lustre/f2/dev/ncep/Mark.Potts/gfortran_8.3.0_mpi_O_jedwards_pio_update
20220211 003349.094 INFO             PET3 ESMF_COMM                   : mpi
20220211 003349.094 INFO             PET3 ESMF_MOAB                   : enabled
20220211 003349.094 INFO             PET3 ESMF_LAPACK                 : enabled
20220211 003349.094 INFO             PET3 ESMF_NETCDF                 : enabled
20220211 003349.094 INFO             PET3 ESMF_PNETCDF                : disabled
20220211 003349.095 INFO             PET3 ESMF_PIO                    : enabled
20220211 003349.095 INFO             PET3 ESMF_YAMLCPP                : enabled
20220211 003349.129 INFO             PET3 ESMF_FieldRedistStoreNF(): Just entered routine.
20220211 003349.143 INFO             PET3 ESMF_FieldRedistStoreNF(): Leaving routine.
20220211 003349.168 INFO             PET3 ESMF_FieldRedistStoreNF(): Just entered routine.
20220211 003349.168 INFO             PET3 ESMF_FieldRedistStoreNF(): Leaving routine.
20220211 003349.168 INFO             PET3 ESMF_FieldRedistStoreNF(): Just entered routine.
20220211 003349.169 INFO             PET3 ESMF_FieldRedistStoreNF(): Leaving routine.
20220211 003349.170 INFO             PET3  NUMBER_OF_PROCESSORS           4
20220211 003349.170 INFO             PET3  PASS  Example ESMF_FieldRedistEx, ESMF_FieldRedistEx.F90, line 521
20220211 003349.171 INFO             PET3 Finalizing ESMF
20220211 003349.171 INFO             PET3 ESMCI_IO_Handler.C:330 ESMCI::IO_Handler::finalize() 
20220211 003349.171 INFO             PET3 ESMCI_PIO_Handler.C:347 ESMCI::PIO_Handler::finalize() 
20220211 003349.171 INFO             PET3 ESMCI_IO_Handler.C:332 ESMCI::IO_Handler::finalize() after finalize, localrc = 0
20220211 003349.171 INFO             PET3 ESMCI_IO_Handler.C:355 ESMCI::IO_Handler::finalize() before return, localrc = 0
