build time -- 2022-01-22 23:28:24
20220123 004309.250 INFO             PET0 !!!!!!!!!!!!!!!!!!!!!!!!!!!!!!!!!!!!!!!!!!!!!!!!!!!!!!
20220123 004309.251 INFO             PET0 !!! THE ESMF_LOG IS SET TO OUTPUT ALL LOG MESSAGES !!!
20220123 004309.251 INFO             PET0 !!!     THIS MAY CAUSE SLOWDOWN IN PERFORMANCE     !!!
20220123 004309.251 INFO             PET0 !!! FOR PRODUCTION RUNS, USE:                      !!!
20220123 004309.251 INFO             PET0 !!!                   ESMF_LOGKIND_Multi_On_Error  !!!
20220123 004309.251 INFO             PET0 !!!!!!!!!!!!!!!!!!!!!!!!!!!!!!!!!!!!!!!!!!!!!!!!!!!!!!
20220123 004309.251 INFO             PET0 Running with ESMF Version   : 8.3.0 beta snapshot
20220123 004309.251 INFO             PET0 ESMF library build date/time: "Jan 22 2022" "23:26:41"
20220123 004309.251 INFO             PET0 ESMF library build location : /lustre/f2/dev/ncep/Mark.Potts/gfortran_8.3.0_mpi_O_jedwards_pio_update
20220123 004309.251 INFO             PET0 ESMF_COMM                   : mpi
20220123 004309.252 INFO             PET0 ESMF_MOAB                   : enabled
20220123 004309.252 INFO             PET0 ESMF_LAPACK                 : enabled
20220123 004309.252 INFO             PET0 ESMF_NETCDF                 : enabled
20220123 004309.252 INFO             PET0 ESMF_PNETCDF                : disabled
20220123 004309.252 INFO             PET0 ESMF_PIO                    : enabled
20220123 004309.252 INFO             PET0 ESMF_YAMLCPP                : enabled
20220123 004309.417 INFO             PET0  NUMBER_OF_PROCESSORS           4
20220123 004309.417 INFO             PET0  PASS  Example ESMF_FieldRegridMaskEx, ESMF_FieldRegridMaskEx.F90, line 370
20220123 004309.417 INFO             PET0 Finalizing ESMF
20220123 004309.418 INFO             PET0 ESMCI_IO_Handler.C:330 ESMCI::IO_Handler::finalize() 
20220123 004309.418 INFO             PET0 ESMCI_PIO_Handler.C:348 ESMCI::PIO_Handler::finalize() 
20220123 004309.418 INFO             PET0 ESMCI_IO_Handler.C:332 ESMCI::IO_Handler::finalize() after finalize, localrc = 0
20220123 004309.418 INFO             PET0 ESMCI_IO_Handler.C:355 ESMCI::IO_Handler::finalize() before return, localrc = 0
20220123 004309.256 INFO             PET1 !!!!!!!!!!!!!!!!!!!!!!!!!!!!!!!!!!!!!!!!!!!!!!!!!!!!!!
20220123 004309.256 INFO             PET1 !!! THE ESMF_LOG IS SET TO OUTPUT ALL LOG MESSAGES !!!
20220123 004309.256 INFO             PET1 !!!     THIS MAY CAUSE SLOWDOWN IN PERFORMANCE     !!!
20220123 004309.256 INFO             PET1 !!! FOR PRODUCTION RUNS, USE:                      !!!
20220123 004309.256 INFO             PET1 !!!                   ESMF_LOGKIND_Multi_On_Error  !!!
20220123 004309.256 INFO             PET1 !!!!!!!!!!!!!!!!!!!!!!!!!!!!!!!!!!!!!!!!!!!!!!!!!!!!!!
20220123 004309.256 INFO             PET1 Running with ESMF Version   : 8.3.0 beta snapshot
20220123 004309.256 INFO             PET1 ESMF library build date/time: "Jan 22 2022" "23:26:41"
20220123 004309.256 INFO             PET1 ESMF library build location : /lustre/f2/dev/ncep/Mark.Potts/gfortran_8.3.0_mpi_O_jedwards_pio_update
20220123 004309.256 INFO             PET1 ESMF_COMM                   : mpi
20220123 004309.257 INFO             PET1 ESMF_MOAB                   : enabled
20220123 004309.257 INFO             PET1 ESMF_LAPACK                 : enabled
20220123 004309.257 INFO             PET1 ESMF_NETCDF                 : enabled
20220123 004309.257 INFO             PET1 ESMF_PNETCDF                : disabled
20220123 004309.257 INFO             PET1 ESMF_PIO                    : enabled
20220123 004309.257 INFO             PET1 ESMF_YAMLCPP                : enabled
20220123 004309.417 INFO             PET1  NUMBER_OF_PROCESSORS           4
20220123 004309.417 INFO             PET1  PASS  Example ESMF_FieldRegridMaskEx, ESMF_FieldRegridMaskEx.F90, line 370
20220123 004309.417 INFO             PET1 Finalizing ESMF
20220123 004309.418 INFO             PET1 ESMCI_IO_Handler.C:330 ESMCI::IO_Handler::finalize() 
20220123 004309.418 INFO             PET1 ESMCI_PIO_Handler.C:348 ESMCI::PIO_Handler::finalize() 
20220123 004309.418 INFO             PET1 ESMCI_IO_Handler.C:332 ESMCI::IO_Handler::finalize() after finalize, localrc = 0
20220123 004309.418 INFO             PET1 ESMCI_IO_Handler.C:355 ESMCI::IO_Handler::finalize() before return, localrc = 0
20220123 004309.271 INFO             PET2 !!!!!!!!!!!!!!!!!!!!!!!!!!!!!!!!!!!!!!!!!!!!!!!!!!!!!!
20220123 004309.271 INFO             PET2 !!! THE ESMF_LOG IS SET TO OUTPUT ALL LOG MESSAGES !!!
20220123 004309.271 INFO             PET2 !!!     THIS MAY CAUSE SLOWDOWN IN PERFORMANCE     !!!
20220123 004309.271 INFO             PET2 !!! FOR PRODUCTION RUNS, USE:                      !!!
20220123 004309.271 INFO             PET2 !!!                   ESMF_LOGKIND_Multi_On_Error  !!!
20220123 004309.271 INFO             PET2 !!!!!!!!!!!!!!!!!!!!!!!!!!!!!!!!!!!!!!!!!!!!!!!!!!!!!!
20220123 004309.271 INFO             PET2 Running with ESMF Version   : 8.3.0 beta snapshot
20220123 004309.271 INFO             PET2 ESMF library build date/time: "Jan 22 2022" "23:26:41"
20220123 004309.271 INFO             PET2 ESMF library build location : /lustre/f2/dev/ncep/Mark.Potts/gfortran_8.3.0_mpi_O_jedwards_pio_update
20220123 004309.271 INFO             PET2 ESMF_COMM                   : mpi
20220123 004309.271 INFO             PET2 ESMF_MOAB                   : enabled
20220123 004309.271 INFO             PET2 ESMF_LAPACK                 : enabled
20220123 004309.271 INFO             PET2 ESMF_NETCDF                 : enabled
20220123 004309.271 INFO             PET2 ESMF_PNETCDF                : disabled
20220123 004309.271 INFO             PET2 ESMF_PIO                    : enabled
20220123 004309.271 INFO             PET2 ESMF_YAMLCPP                : enabled
20220123 004309.417 INFO             PET2  NUMBER_OF_PROCESSORS           4
20220123 004309.417 INFO             PET2  PASS  Example ESMF_FieldRegridMaskEx, ESMF_FieldRegridMaskEx.F90, line 370
20220123 004309.417 INFO             PET2 Finalizing ESMF
20220123 004309.418 INFO             PET2 ESMCI_IO_Handler.C:330 ESMCI::IO_Handler::finalize() 
20220123 004309.418 INFO             PET2 ESMCI_PIO_Handler.C:348 ESMCI::PIO_Handler::finalize() 
20220123 004309.418 INFO             PET2 ESMCI_IO_Handler.C:332 ESMCI::IO_Handler::finalize() after finalize, localrc = 0
20220123 004309.418 INFO             PET2 ESMCI_IO_Handler.C:355 ESMCI::IO_Handler::finalize() before return, localrc = 0
20220123 004309.255 INFO             PET3 !!!!!!!!!!!!!!!!!!!!!!!!!!!!!!!!!!!!!!!!!!!!!!!!!!!!!!
20220123 004309.255 INFO             PET3 !!! THE ESMF_LOG IS SET TO OUTPUT ALL LOG MESSAGES !!!
20220123 004309.255 INFO             PET3 !!!     THIS MAY CAUSE SLOWDOWN IN PERFORMANCE     !!!
20220123 004309.255 INFO             PET3 !!! FOR PRODUCTION RUNS, USE:                      !!!
20220123 004309.255 INFO             PET3 !!!                   ESMF_LOGKIND_Multi_On_Error  !!!
20220123 004309.255 INFO             PET3 !!!!!!!!!!!!!!!!!!!!!!!!!!!!!!!!!!!!!!!!!!!!!!!!!!!!!!
20220123 004309.255 INFO             PET3 Running with ESMF Version   : 8.3.0 beta snapshot
20220123 004309.255 INFO             PET3 ESMF library build date/time: "Jan 22 2022" "23:26:41"
20220123 004309.255 INFO             PET3 ESMF library build location : /lustre/f2/dev/ncep/Mark.Potts/gfortran_8.3.0_mpi_O_jedwards_pio_update
20220123 004309.255 INFO             PET3 ESMF_COMM                   : mpi
20220123 004309.255 INFO             PET3 ESMF_MOAB                   : enabled
20220123 004309.255 INFO             PET3 ESMF_LAPACK                 : enabled
20220123 004309.255 INFO             PET3 ESMF_NETCDF                 : enabled
20220123 004309.255 INFO             PET3 ESMF_PNETCDF                : disabled
20220123 004309.255 INFO             PET3 ESMF_PIO                    : enabled
20220123 004309.255 INFO             PET3 ESMF_YAMLCPP                : enabled
20220123 004309.417 INFO             PET3  NUMBER_OF_PROCESSORS           4
20220123 004309.417 INFO             PET3  PASS  Example ESMF_FieldRegridMaskEx, ESMF_FieldRegridMaskEx.F90, line 370
20220123 004309.417 INFO             PET3 Finalizing ESMF
20220123 004309.418 INFO             PET3 ESMCI_IO_Handler.C:330 ESMCI::IO_Handler::finalize() 
20220123 004309.418 INFO             PET3 ESMCI_PIO_Handler.C:348 ESMCI::PIO_Handler::finalize() 
20220123 004309.418 INFO             PET3 ESMCI_IO_Handler.C:332 ESMCI::IO_Handler::finalize() after finalize, localrc = 0
20220123 004309.418 INFO             PET3 ESMCI_IO_Handler.C:355 ESMCI::IO_Handler::finalize() before return, localrc = 0
