build time -- 2022-01-21 23:25:59
20220122 004002.460 INFO             PET0 !!!!!!!!!!!!!!!!!!!!!!!!!!!!!!!!!!!!!!!!!!!!!!!!!!!!!!
20220122 004002.460 INFO             PET0 !!! THE ESMF_LOG IS SET TO OUTPUT ALL LOG MESSAGES !!!
20220122 004002.460 INFO             PET0 !!!     THIS MAY CAUSE SLOWDOWN IN PERFORMANCE     !!!
20220122 004002.460 INFO             PET0 !!! FOR PRODUCTION RUNS, USE:                      !!!
20220122 004002.460 INFO             PET0 !!!                   ESMF_LOGKIND_Multi_On_Error  !!!
20220122 004002.460 INFO             PET0 !!!!!!!!!!!!!!!!!!!!!!!!!!!!!!!!!!!!!!!!!!!!!!!!!!!!!!
20220122 004002.460 INFO             PET0 Running with ESMF Version   : 8.3.0 beta snapshot
20220122 004002.460 INFO             PET0 ESMF library build date/time: "Jan 21 2022" "23:24:22"
20220122 004002.460 INFO             PET0 ESMF library build location : /lustre/f2/dev/ncep/Mark.Potts/gfortran_8.3.0_mpi_O_jedwards_pio_update
20220122 004002.460 INFO             PET0 ESMF_COMM                   : mpi
20220122 004002.460 INFO             PET0 ESMF_MOAB                   : enabled
20220122 004002.460 INFO             PET0 ESMF_LAPACK                 : enabled
20220122 004002.460 INFO             PET0 ESMF_NETCDF                 : enabled
20220122 004002.460 INFO             PET0 ESMF_PNETCDF                : disabled
20220122 004002.460 INFO             PET0 ESMF_PIO                    : enabled
20220122 004002.460 INFO             PET0 ESMF_YAMLCPP                : enabled
20220122 004002.460 INFO             PET0  NUMBER_OF_PROCESSORS           4
20220122 004002.460 INFO             PET0  PASS  Example ESMF_VMUserMpiCommMultiEx, ESMF_VMUserMpiCommMultiEx.F90, line 126
20220122 004002.460 INFO             PET0 Finalizing ESMF
20220122 004002.461 INFO             PET0 ESMCI_IO_Handler.C:330 ESMCI::IO_Handler::finalize() 
20220122 004002.461 INFO             PET0 ESMCI_PIO_Handler.C:348 ESMCI::PIO_Handler::finalize() 
20220122 004002.461 INFO             PET0 ESMCI_IO_Handler.C:332 ESMCI::IO_Handler::finalize() after finalize, localrc = 0
20220122 004002.461 INFO             PET0 ESMCI_IO_Handler.C:355 ESMCI::IO_Handler::finalize() before return, localrc = 0
20220122 004002.467 INFO             PET0 !!!!!!!!!!!!!!!!!!!!!!!!!!!!!!!!!!!!!!!!!!!!!!!!!!!!!!
20220122 004002.467 INFO             PET0 !!! THE ESMF_LOG IS SET TO OUTPUT ALL LOG MESSAGES !!!
20220122 004002.467 INFO             PET0 !!!     THIS MAY CAUSE SLOWDOWN IN PERFORMANCE     !!!
20220122 004002.467 INFO             PET0 !!! FOR PRODUCTION RUNS, USE:                      !!!
20220122 004002.467 INFO             PET0 !!!                   ESMF_LOGKIND_Multi_On_Error  !!!
20220122 004002.467 INFO             PET0 !!!!!!!!!!!!!!!!!!!!!!!!!!!!!!!!!!!!!!!!!!!!!!!!!!!!!!
20220122 004002.467 INFO             PET0 Running with ESMF Version   : 8.3.0 beta snapshot
20220122 004002.467 INFO             PET0 ESMF library build date/time: "Jan 21 2022" "23:24:22"
20220122 004002.467 INFO             PET0 ESMF library build location : /lustre/f2/dev/ncep/Mark.Potts/gfortran_8.3.0_mpi_O_jedwards_pio_update
20220122 004002.467 INFO             PET0 ESMF_COMM                   : mpi
20220122 004002.467 INFO             PET0 ESMF_MOAB                   : enabled
20220122 004002.467 INFO             PET0 ESMF_LAPACK                 : enabled
20220122 004002.467 INFO             PET0 ESMF_NETCDF                 : enabled
20220122 004002.467 INFO             PET0 ESMF_PNETCDF                : disabled
20220122 004002.467 INFO             PET0 ESMF_PIO                    : enabled
20220122 004002.467 INFO             PET0 ESMF_YAMLCPP                : enabled
20220122 004002.467 INFO             PET0  NUMBER_OF_PROCESSORS           4
20220122 004002.467 INFO             PET0  PASS  Example ESMF_VMUserMpiCommMultiEx, ESMF_VMUserMpiCommMultiEx.F90, line 154
20220122 004002.467 INFO             PET0 Finalizing ESMF
20220122 004002.467 INFO             PET0 ESMCI_IO_Handler.C:330 ESMCI::IO_Handler::finalize() 
20220122 004002.467 INFO             PET0 ESMCI_PIO_Handler.C:348 ESMCI::PIO_Handler::finalize() 
20220122 004002.467 INFO             PET0 ESMCI_IO_Handler.C:332 ESMCI::IO_Handler::finalize() after finalize, localrc = 0
20220122 004002.467 INFO             PET0 ESMCI_IO_Handler.C:355 ESMCI::IO_Handler::finalize() before return, localrc = 0
20220122 004002.456 INFO             PET1 !!!!!!!!!!!!!!!!!!!!!!!!!!!!!!!!!!!!!!!!!!!!!!!!!!!!!!
20220122 004002.457 INFO             PET1 !!! THE ESMF_LOG IS SET TO OUTPUT ALL LOG MESSAGES !!!
20220122 004002.457 INFO             PET1 !!!     THIS MAY CAUSE SLOWDOWN IN PERFORMANCE     !!!
20220122 004002.457 INFO             PET1 !!! FOR PRODUCTION RUNS, USE:                      !!!
20220122 004002.457 INFO             PET1 !!!                   ESMF_LOGKIND_Multi_On_Error  !!!
20220122 004002.457 INFO             PET1 !!!!!!!!!!!!!!!!!!!!!!!!!!!!!!!!!!!!!!!!!!!!!!!!!!!!!!
20220122 004002.457 INFO             PET1 Running with ESMF Version   : 8.3.0 beta snapshot
20220122 004002.457 INFO             PET1 ESMF library build date/time: "Jan 21 2022" "23:24:22"
20220122 004002.457 INFO             PET1 ESMF library build location : /lustre/f2/dev/ncep/Mark.Potts/gfortran_8.3.0_mpi_O_jedwards_pio_update
20220122 004002.457 INFO             PET1 ESMF_COMM                   : mpi
20220122 004002.457 INFO             PET1 ESMF_MOAB                   : enabled
20220122 004002.457 INFO             PET1 ESMF_LAPACK                 : enabled
20220122 004002.457 INFO             PET1 ESMF_NETCDF                 : enabled
20220122 004002.457 INFO             PET1 ESMF_PNETCDF                : disabled
20220122 004002.457 INFO             PET1 ESMF_PIO                    : enabled
20220122 004002.457 INFO             PET1 ESMF_YAMLCPP                : enabled
20220122 004002.460 INFO             PET1  NUMBER_OF_PROCESSORS           4
20220122 004002.460 INFO             PET1  PASS  Example ESMF_VMUserMpiCommMultiEx, ESMF_VMUserMpiCommMultiEx.F90, line 126
20220122 004002.460 INFO             PET1 Finalizing ESMF
20220122 004002.461 INFO             PET1 ESMCI_IO_Handler.C:330 ESMCI::IO_Handler::finalize() 
20220122 004002.461 INFO             PET1 ESMCI_PIO_Handler.C:348 ESMCI::PIO_Handler::finalize() 
20220122 004002.461 INFO             PET1 ESMCI_IO_Handler.C:332 ESMCI::IO_Handler::finalize() after finalize, localrc = 0
20220122 004002.461 INFO             PET1 ESMCI_IO_Handler.C:355 ESMCI::IO_Handler::finalize() before return, localrc = 0
20220122 004002.449 INFO             PET1 !!!!!!!!!!!!!!!!!!!!!!!!!!!!!!!!!!!!!!!!!!!!!!!!!!!!!!
20220122 004002.449 INFO             PET1 !!! THE ESMF_LOG IS SET TO OUTPUT ALL LOG MESSAGES !!!
20220122 004002.449 INFO             PET1 !!!     THIS MAY CAUSE SLOWDOWN IN PERFORMANCE     !!!
20220122 004002.449 INFO             PET1 !!! FOR PRODUCTION RUNS, USE:                      !!!
20220122 004002.449 INFO             PET1 !!!                   ESMF_LOGKIND_Multi_On_Error  !!!
20220122 004002.449 INFO             PET1 !!!!!!!!!!!!!!!!!!!!!!!!!!!!!!!!!!!!!!!!!!!!!!!!!!!!!!
20220122 004002.449 INFO             PET1 Running with ESMF Version   : 8.3.0 beta snapshot
20220122 004002.449 INFO             PET1 ESMF library build date/time: "Jan 21 2022" "23:24:22"
20220122 004002.449 INFO             PET1 ESMF library build location : /lustre/f2/dev/ncep/Mark.Potts/gfortran_8.3.0_mpi_O_jedwards_pio_update
20220122 004002.449 INFO             PET1 ESMF_COMM                   : mpi
20220122 004002.450 INFO             PET1 ESMF_MOAB                   : enabled
20220122 004002.450 INFO             PET1 ESMF_LAPACK                 : enabled
20220122 004002.450 INFO             PET1 ESMF_NETCDF                 : enabled
20220122 004002.450 INFO             PET1 ESMF_PNETCDF                : disabled
20220122 004002.450 INFO             PET1 ESMF_PIO                    : enabled
20220122 004002.450 INFO             PET1 ESMF_YAMLCPP                : enabled
20220122 004002.467 INFO             PET1  NUMBER_OF_PROCESSORS           4
20220122 004002.467 INFO             PET1  PASS  Example ESMF_VMUserMpiCommMultiEx, ESMF_VMUserMpiCommMultiEx.F90, line 154
20220122 004002.467 INFO             PET1 Finalizing ESMF
20220122 004002.467 INFO             PET1 ESMCI_IO_Handler.C:330 ESMCI::IO_Handler::finalize() 
20220122 004002.467 INFO             PET1 ESMCI_PIO_Handler.C:348 ESMCI::PIO_Handler::finalize() 
20220122 004002.467 INFO             PET1 ESMCI_IO_Handler.C:332 ESMCI::IO_Handler::finalize() after finalize, localrc = 0
20220122 004002.467 INFO             PET1 ESMCI_IO_Handler.C:355 ESMCI::IO_Handler::finalize() before return, localrc = 0
