build time -- 2022-02-21 23:26:47
20220222 004246.561 INFO             PET0 !!!!!!!!!!!!!!!!!!!!!!!!!!!!!!!!!!!!!!!!!!!!!!!!!!!!!!
20220222 004246.561 INFO             PET0 !!! THE ESMF_LOG IS SET TO OUTPUT ALL LOG MESSAGES !!!
20220222 004246.561 INFO             PET0 !!!     THIS MAY CAUSE SLOWDOWN IN PERFORMANCE     !!!
20220222 004246.561 INFO             PET0 !!! FOR PRODUCTION RUNS, USE:                      !!!
20220222 004246.561 INFO             PET0 !!!                   ESMF_LOGKIND_Multi_On_Error  !!!
20220222 004246.561 INFO             PET0 !!!!!!!!!!!!!!!!!!!!!!!!!!!!!!!!!!!!!!!!!!!!!!!!!!!!!!
20220222 004246.561 INFO             PET0 Running with ESMF Version   : ESMF_8_3_0_beta_snapshot_06-85-gae1d61de23
20220222 004246.561 INFO             PET0 ESMF library build date/time: "Feb 21 2022" "23:25:14"
20220222 004246.561 INFO             PET0 ESMF library build location : /lustre/f2/dev/ncep/Mark.Potts/gfortran_8.3.0_mpi_O_jedwards_pio_update
20220222 004246.561 INFO             PET0 ESMF_COMM                   : mpi
20220222 004246.562 INFO             PET0 ESMF_MOAB                   : enabled
20220222 004246.562 INFO             PET0 ESMF_LAPACK                 : enabled
20220222 004246.562 INFO             PET0 ESMF_NETCDF                 : enabled
20220222 004246.562 INFO             PET0 ESMF_PNETCDF                : disabled
20220222 004246.562 INFO             PET0 ESMF_PIO                    : enabled
20220222 004246.562 INFO             PET0 ESMF_YAMLCPP                : enabled
20220222 004246.562 INFO             PET0 ESMF Tracing Enabled
20220222 004246.562 INFO             PET0 ESMF Profiling Enabled
20220222 004246.562 INFO             PET0 ESMF Trace/Profile clock: REALTIME
20220222 004246.573 WARNING          PET0 ESMF Tracing/Profiling could not load dynamic instrumentation functions.
20220222 004246.575 INFO             PET0  NUMBER_OF_PROCESSORS           4
20220222 004246.575 INFO             PET0  PASS  Example ESMF_TraceUserEx, ESMF_TraceUserEx.F90, line 125
20220222 004246.575 INFO             PET0 Finalizing ESMF
20220222 004246.576 INFO             PET0 **************** Region Timings *******************
20220222 004246.576 INFO             PET0 Region              Count  Total (s)   Self (s)    Mean (s)    Min (s)     Max (s)
20220222 004246.576 INFO             PET0   outer_region      1      0.0006      0.0002      0.0006      0.0006      0.0006
20220222 004246.576 INFO             PET0     inner_region_1  10     0.0003      0.0003      0.0000      0.0000      0.0002
20220222 004246.576 INFO             PET0     inner_region_2  10     0.0001      0.0001      0.0000      0.0000      0.0000
20220222 004246.577 INFO             PET0 ESMCI_IO_Handler.C:330 ESMCI::IO_Handler::finalize() 
20220222 004246.577 INFO             PET0 ESMCI_PIO_Handler.C:347 ESMCI::PIO_Handler::finalize() 
20220222 004246.577 INFO             PET0 ESMCI_IO_Handler.C:332 ESMCI::IO_Handler::finalize() after finalize, localrc = 0
20220222 004246.578 INFO             PET0 ESMCI_IO_Handler.C:355 ESMCI::IO_Handler::finalize() before return, localrc = 0
20220222 004246.569 INFO             PET1 !!!!!!!!!!!!!!!!!!!!!!!!!!!!!!!!!!!!!!!!!!!!!!!!!!!!!!
20220222 004246.569 INFO             PET1 !!! THE ESMF_LOG IS SET TO OUTPUT ALL LOG MESSAGES !!!
20220222 004246.569 INFO             PET1 !!!     THIS MAY CAUSE SLOWDOWN IN PERFORMANCE     !!!
20220222 004246.569 INFO             PET1 !!! FOR PRODUCTION RUNS, USE:                      !!!
20220222 004246.569 INFO             PET1 !!!                   ESMF_LOGKIND_Multi_On_Error  !!!
20220222 004246.569 INFO             PET1 !!!!!!!!!!!!!!!!!!!!!!!!!!!!!!!!!!!!!!!!!!!!!!!!!!!!!!
20220222 004246.569 INFO             PET1 Running with ESMF Version   : ESMF_8_3_0_beta_snapshot_06-85-gae1d61de23
20220222 004246.569 INFO             PET1 ESMF library build date/time: "Feb 21 2022" "23:25:14"
20220222 004246.569 INFO             PET1 ESMF library build location : /lustre/f2/dev/ncep/Mark.Potts/gfortran_8.3.0_mpi_O_jedwards_pio_update
20220222 004246.569 INFO             PET1 ESMF_COMM                   : mpi
20220222 004246.569 INFO             PET1 ESMF_MOAB                   : enabled
20220222 004246.569 INFO             PET1 ESMF_LAPACK                 : enabled
20220222 004246.569 INFO             PET1 ESMF_NETCDF                 : enabled
20220222 004246.569 INFO             PET1 ESMF_PNETCDF                : disabled
20220222 004246.569 INFO             PET1 ESMF_PIO                    : enabled
20220222 004246.569 INFO             PET1 ESMF_YAMLCPP                : enabled
20220222 004246.569 INFO             PET1 ESMF Tracing Enabled
20220222 004246.569 INFO             PET1 ESMF Profiling Enabled
20220222 004246.569 INFO             PET1 ESMF Trace/Profile clock: REALTIME
20220222 004246.572 WARNING          PET1 ESMF Tracing/Profiling could not load dynamic instrumentation functions.
20220222 004246.575 INFO             PET1  NUMBER_OF_PROCESSORS           4
20220222 004246.575 INFO             PET1  PASS  Example ESMF_TraceUserEx, ESMF_TraceUserEx.F90, line 125
20220222 004246.575 INFO             PET1 Finalizing ESMF
20220222 004246.576 INFO             PET1 **************** Region Timings *******************
20220222 004246.576 INFO             PET1 Region              Count  Total (s)   Self (s)    Mean (s)    Min (s)     Max (s)
20220222 004246.576 INFO             PET1   outer_region      1      0.0005      0.0002      0.0005      0.0005      0.0005
20220222 004246.576 INFO             PET1     inner_region_1  10     0.0002      0.0002      0.0000      0.0000      0.0002
20220222 004246.576 INFO             PET1     inner_region_2  10     0.0000      0.0000      0.0000      0.0000      0.0000
20220222 004246.577 INFO             PET1 ESMCI_IO_Handler.C:330 ESMCI::IO_Handler::finalize() 
20220222 004246.577 INFO             PET1 ESMCI_PIO_Handler.C:347 ESMCI::PIO_Handler::finalize() 
20220222 004246.577 INFO             PET1 ESMCI_IO_Handler.C:332 ESMCI::IO_Handler::finalize() after finalize, localrc = 0
20220222 004246.578 INFO             PET1 ESMCI_IO_Handler.C:355 ESMCI::IO_Handler::finalize() before return, localrc = 0
20220222 004246.555 INFO             PET2 !!!!!!!!!!!!!!!!!!!!!!!!!!!!!!!!!!!!!!!!!!!!!!!!!!!!!!
20220222 004246.555 INFO             PET2 !!! THE ESMF_LOG IS SET TO OUTPUT ALL LOG MESSAGES !!!
20220222 004246.555 INFO             PET2 !!!     THIS MAY CAUSE SLOWDOWN IN PERFORMANCE     !!!
20220222 004246.555 INFO             PET2 !!! FOR PRODUCTION RUNS, USE:                      !!!
20220222 004246.555 INFO             PET2 !!!                   ESMF_LOGKIND_Multi_On_Error  !!!
20220222 004246.555 INFO             PET2 !!!!!!!!!!!!!!!!!!!!!!!!!!!!!!!!!!!!!!!!!!!!!!!!!!!!!!
20220222 004246.555 INFO             PET2 Running with ESMF Version   : ESMF_8_3_0_beta_snapshot_06-85-gae1d61de23
20220222 004246.555 INFO             PET2 ESMF library build date/time: "Feb 21 2022" "23:25:14"
20220222 004246.555 INFO             PET2 ESMF library build location : /lustre/f2/dev/ncep/Mark.Potts/gfortran_8.3.0_mpi_O_jedwards_pio_update
20220222 004246.555 INFO             PET2 ESMF_COMM                   : mpi
20220222 004246.556 INFO             PET2 ESMF_MOAB                   : enabled
20220222 004246.556 INFO             PET2 ESMF_LAPACK                 : enabled
20220222 004246.556 INFO             PET2 ESMF_NETCDF                 : enabled
20220222 004246.556 INFO             PET2 ESMF_PNETCDF                : disabled
20220222 004246.556 INFO             PET2 ESMF_PIO                    : enabled
20220222 004246.556 INFO             PET2 ESMF_YAMLCPP                : enabled
20220222 004246.558 INFO             PET2 ESMF Tracing Enabled
20220222 004246.558 INFO             PET2 ESMF Profiling Enabled
20220222 004246.559 INFO             PET2 ESMF Trace/Profile clock: REALTIME
20220222 004246.572 WARNING          PET2 ESMF Tracing/Profiling could not load dynamic instrumentation functions.
20220222 004246.575 INFO             PET2  NUMBER_OF_PROCESSORS           4
20220222 004246.575 INFO             PET2  PASS  Example ESMF_TraceUserEx, ESMF_TraceUserEx.F90, line 125
20220222 004246.575 INFO             PET2 Finalizing ESMF
20220222 004246.576 INFO             PET2 **************** Region Timings *******************
20220222 004246.576 INFO             PET2 Region              Count  Total (s)   Self (s)    Mean (s)    Min (s)     Max (s)
20220222 004246.576 INFO             PET2   outer_region      1      0.0006      0.0002      0.0006      0.0006      0.0006
20220222 004246.576 INFO             PET2     inner_region_1  10     0.0003      0.0003      0.0000      0.0000      0.0002
20220222 004246.576 INFO             PET2     inner_region_2  10     0.0001      0.0001      0.0000      0.0000      0.0000
20220222 004246.577 INFO             PET2 ESMCI_IO_Handler.C:330 ESMCI::IO_Handler::finalize() 
20220222 004246.577 INFO             PET2 ESMCI_PIO_Handler.C:347 ESMCI::PIO_Handler::finalize() 
20220222 004246.577 INFO             PET2 ESMCI_IO_Handler.C:332 ESMCI::IO_Handler::finalize() after finalize, localrc = 0
20220222 004246.578 INFO             PET2 ESMCI_IO_Handler.C:355 ESMCI::IO_Handler::finalize() before return, localrc = 0
20220222 004246.556 INFO             PET3 !!!!!!!!!!!!!!!!!!!!!!!!!!!!!!!!!!!!!!!!!!!!!!!!!!!!!!
20220222 004246.556 INFO             PET3 !!! THE ESMF_LOG IS SET TO OUTPUT ALL LOG MESSAGES !!!
20220222 004246.556 INFO             PET3 !!!     THIS MAY CAUSE SLOWDOWN IN PERFORMANCE     !!!
20220222 004246.556 INFO             PET3 !!! FOR PRODUCTION RUNS, USE:                      !!!
20220222 004246.556 INFO             PET3 !!!                   ESMF_LOGKIND_Multi_On_Error  !!!
20220222 004246.556 INFO             PET3 !!!!!!!!!!!!!!!!!!!!!!!!!!!!!!!!!!!!!!!!!!!!!!!!!!!!!!
20220222 004246.556 INFO             PET3 Running with ESMF Version   : ESMF_8_3_0_beta_snapshot_06-85-gae1d61de23
20220222 004246.556 INFO             PET3 ESMF library build date/time: "Feb 21 2022" "23:25:14"
20220222 004246.556 INFO             PET3 ESMF library build location : /lustre/f2/dev/ncep/Mark.Potts/gfortran_8.3.0_mpi_O_jedwards_pio_update
20220222 004246.556 INFO             PET3 ESMF_COMM                   : mpi
20220222 004246.557 INFO             PET3 ESMF_MOAB                   : enabled
20220222 004246.557 INFO             PET3 ESMF_LAPACK                 : enabled
20220222 004246.557 INFO             PET3 ESMF_NETCDF                 : enabled
20220222 004246.557 INFO             PET3 ESMF_PNETCDF                : disabled
20220222 004246.557 INFO             PET3 ESMF_PIO                    : enabled
20220222 004246.557 INFO             PET3 ESMF_YAMLCPP                : enabled
20220222 004246.558 INFO             PET3 ESMF Tracing Enabled
20220222 004246.558 INFO             PET3 ESMF Profiling Enabled
20220222 004246.559 INFO             PET3 ESMF Trace/Profile clock: REALTIME
20220222 004246.572 WARNING          PET3 ESMF Tracing/Profiling could not load dynamic instrumentation functions.
20220222 004246.575 INFO             PET3  NUMBER_OF_PROCESSORS           4
20220222 004246.575 INFO             PET3  PASS  Example ESMF_TraceUserEx, ESMF_TraceUserEx.F90, line 125
20220222 004246.575 INFO             PET3 Finalizing ESMF
20220222 004246.576 INFO             PET3 **************** Region Timings *******************
20220222 004246.576 INFO             PET3 Region              Count  Total (s)   Self (s)    Mean (s)    Min (s)     Max (s)
20220222 004246.576 INFO             PET3   outer_region      1      0.0005      0.0002      0.0005      0.0005      0.0005
20220222 004246.576 INFO             PET3     inner_region_1  10     0.0002      0.0002      0.0000      0.0000      0.0002
20220222 004246.576 INFO             PET3     inner_region_2  10     0.0000      0.0000      0.0000      0.0000      0.0000
20220222 004246.577 INFO             PET3 ESMCI_IO_Handler.C:330 ESMCI::IO_Handler::finalize() 
20220222 004246.577 INFO             PET3 ESMCI_PIO_Handler.C:347 ESMCI::PIO_Handler::finalize() 
20220222 004246.577 INFO             PET3 ESMCI_IO_Handler.C:332 ESMCI::IO_Handler::finalize() after finalize, localrc = 0
20220222 004246.578 INFO             PET3 ESMCI_IO_Handler.C:355 ESMCI::IO_Handler::finalize() before return, localrc = 0
