build time -- 2022-01-30 23:23:52
20220131 003016.638 INFO             PET0 !!!!!!!!!!!!!!!!!!!!!!!!!!!!!!!!!!!!!!!!!!!!!!!!!!!!!!
20220131 003016.638 INFO             PET0 !!! THE ESMF_LOG IS SET TO OUTPUT ALL LOG MESSAGES !!!
20220131 003016.638 INFO             PET0 !!!     THIS MAY CAUSE SLOWDOWN IN PERFORMANCE     !!!
20220131 003016.638 INFO             PET0 !!! FOR PRODUCTION RUNS, USE:                      !!!
20220131 003016.638 INFO             PET0 !!!                   ESMF_LOGKIND_Multi_On_Error  !!!
20220131 003016.638 INFO             PET0 !!!!!!!!!!!!!!!!!!!!!!!!!!!!!!!!!!!!!!!!!!!!!!!!!!!!!!
20220131 003016.638 INFO             PET0 Running with ESMF Version   : 8.3.0 beta snapshot
20220131 003016.638 INFO             PET0 ESMF library build date/time: "Jan 30 2022" "23:22:26"
20220131 003016.638 INFO             PET0 ESMF library build location : /lustre/f2/dev/ncep/Mark.Potts/gfortran_8.3.0_mpi_O_jedwards_pio_update
20220131 003016.638 INFO             PET0 ESMF_COMM                   : mpi
20220131 003016.638 INFO             PET0 ESMF_MOAB                   : enabled
20220131 003016.638 INFO             PET0 ESMF_LAPACK                 : enabled
20220131 003016.638 INFO             PET0 ESMF_NETCDF                 : enabled
20220131 003016.638 INFO             PET0 ESMF_PNETCDF                : disabled
20220131 003016.638 INFO             PET0 ESMF_PIO                    : enabled
20220131 003016.638 INFO             PET0 ESMF_YAMLCPP                : enabled
20220131 003016.811 DEBUG            PET0 about to destroy Grid: 0x26e2260
20220131 003016.816 DEBUG            PET0 about to destroy Grid: 0x26e4970
20220131 003016.844 INFO             PET0  NUMBER_OF_PROCESSORS           4
20220131 003016.844 INFO             PET0  PASS  Example ESMF_NUOPCAtmModelEx, ESMF_NUOPCAtmModelEx.F90, line 806
20220131 003016.844 INFO             PET0 Finalizing ESMF
20220131 003016.845 INFO             PET0 ESMCI_IO_Handler.C:330 ESMCI::IO_Handler::finalize() 
20220131 003016.845 INFO             PET0 ESMCI_PIO_Handler.C:348 ESMCI::PIO_Handler::finalize() 
20220131 003016.845 INFO             PET0 ESMCI_IO_Handler.C:332 ESMCI::IO_Handler::finalize() after finalize, localrc = 0
20220131 003016.845 INFO             PET0 ESMCI_IO_Handler.C:355 ESMCI::IO_Handler::finalize() before return, localrc = 0
20220131 003016.633 INFO             PET1 !!!!!!!!!!!!!!!!!!!!!!!!!!!!!!!!!!!!!!!!!!!!!!!!!!!!!!
20220131 003016.633 INFO             PET1 !!! THE ESMF_LOG IS SET TO OUTPUT ALL LOG MESSAGES !!!
20220131 003016.633 INFO             PET1 !!!     THIS MAY CAUSE SLOWDOWN IN PERFORMANCE     !!!
20220131 003016.633 INFO             PET1 !!! FOR PRODUCTION RUNS, USE:                      !!!
20220131 003016.633 INFO             PET1 !!!                   ESMF_LOGKIND_Multi_On_Error  !!!
20220131 003016.633 INFO             PET1 !!!!!!!!!!!!!!!!!!!!!!!!!!!!!!!!!!!!!!!!!!!!!!!!!!!!!!
20220131 003016.633 INFO             PET1 Running with ESMF Version   : 8.3.0 beta snapshot
20220131 003016.633 INFO             PET1 ESMF library build date/time: "Jan 30 2022" "23:22:26"
20220131 003016.633 INFO             PET1 ESMF library build location : /lustre/f2/dev/ncep/Mark.Potts/gfortran_8.3.0_mpi_O_jedwards_pio_update
20220131 003016.633 INFO             PET1 ESMF_COMM                   : mpi
20220131 003016.633 INFO             PET1 ESMF_MOAB                   : enabled
20220131 003016.633 INFO             PET1 ESMF_LAPACK                 : enabled
20220131 003016.633 INFO             PET1 ESMF_NETCDF                 : enabled
20220131 003016.633 INFO             PET1 ESMF_PNETCDF                : disabled
20220131 003016.633 INFO             PET1 ESMF_PIO                    : enabled
20220131 003016.633 INFO             PET1 ESMF_YAMLCPP                : enabled
20220131 003016.811 DEBUG            PET1 about to destroy Grid: 0x26e03d0
20220131 003016.816 DEBUG            PET1 about to destroy Grid: 0x26e2140
20220131 003016.844 INFO             PET1  NUMBER_OF_PROCESSORS           4
20220131 003016.844 INFO             PET1  PASS  Example ESMF_NUOPCAtmModelEx, ESMF_NUOPCAtmModelEx.F90, line 806
20220131 003016.844 INFO             PET1 Finalizing ESMF
20220131 003016.845 INFO             PET1 ESMCI_IO_Handler.C:330 ESMCI::IO_Handler::finalize() 
20220131 003016.845 INFO             PET1 ESMCI_PIO_Handler.C:348 ESMCI::PIO_Handler::finalize() 
20220131 003016.845 INFO             PET1 ESMCI_IO_Handler.C:332 ESMCI::IO_Handler::finalize() after finalize, localrc = 0
20220131 003016.845 INFO             PET1 ESMCI_IO_Handler.C:355 ESMCI::IO_Handler::finalize() before return, localrc = 0
20220131 003016.635 INFO             PET2 !!!!!!!!!!!!!!!!!!!!!!!!!!!!!!!!!!!!!!!!!!!!!!!!!!!!!!
20220131 003016.635 INFO             PET2 !!! THE ESMF_LOG IS SET TO OUTPUT ALL LOG MESSAGES !!!
20220131 003016.635 INFO             PET2 !!!     THIS MAY CAUSE SLOWDOWN IN PERFORMANCE     !!!
20220131 003016.635 INFO             PET2 !!! FOR PRODUCTION RUNS, USE:                      !!!
20220131 003016.635 INFO             PET2 !!!                   ESMF_LOGKIND_Multi_On_Error  !!!
20220131 003016.635 INFO             PET2 !!!!!!!!!!!!!!!!!!!!!!!!!!!!!!!!!!!!!!!!!!!!!!!!!!!!!!
20220131 003016.635 INFO             PET2 Running with ESMF Version   : 8.3.0 beta snapshot
20220131 003016.635 INFO             PET2 ESMF library build date/time: "Jan 30 2022" "23:22:26"
20220131 003016.635 INFO             PET2 ESMF library build location : /lustre/f2/dev/ncep/Mark.Potts/gfortran_8.3.0_mpi_O_jedwards_pio_update
20220131 003016.635 INFO             PET2 ESMF_COMM                   : mpi
20220131 003016.636 INFO             PET2 ESMF_MOAB                   : enabled
20220131 003016.636 INFO             PET2 ESMF_LAPACK                 : enabled
20220131 003016.636 INFO             PET2 ESMF_NETCDF                 : enabled
20220131 003016.636 INFO             PET2 ESMF_PNETCDF                : disabled
20220131 003016.636 INFO             PET2 ESMF_PIO                    : enabled
20220131 003016.636 INFO             PET2 ESMF_YAMLCPP                : enabled
20220131 003016.811 DEBUG            PET2 about to destroy Grid: 0x26df6f0
20220131 003016.816 DEBUG            PET2 about to destroy Grid: 0x26e1670
20220131 003016.844 INFO             PET2  NUMBER_OF_PROCESSORS           4
20220131 003016.844 INFO             PET2  PASS  Example ESMF_NUOPCAtmModelEx, ESMF_NUOPCAtmModelEx.F90, line 806
20220131 003016.844 INFO             PET2 Finalizing ESMF
20220131 003016.845 INFO             PET2 ESMCI_IO_Handler.C:330 ESMCI::IO_Handler::finalize() 
20220131 003016.845 INFO             PET2 ESMCI_PIO_Handler.C:348 ESMCI::PIO_Handler::finalize() 
20220131 003016.845 INFO             PET2 ESMCI_IO_Handler.C:332 ESMCI::IO_Handler::finalize() after finalize, localrc = 0
20220131 003016.845 INFO             PET2 ESMCI_IO_Handler.C:355 ESMCI::IO_Handler::finalize() before return, localrc = 0
20220131 003016.638 INFO             PET3 !!!!!!!!!!!!!!!!!!!!!!!!!!!!!!!!!!!!!!!!!!!!!!!!!!!!!!
20220131 003016.638 INFO             PET3 !!! THE ESMF_LOG IS SET TO OUTPUT ALL LOG MESSAGES !!!
20220131 003016.638 INFO             PET3 !!!     THIS MAY CAUSE SLOWDOWN IN PERFORMANCE     !!!
20220131 003016.638 INFO             PET3 !!! FOR PRODUCTION RUNS, USE:                      !!!
20220131 003016.638 INFO             PET3 !!!                   ESMF_LOGKIND_Multi_On_Error  !!!
20220131 003016.638 INFO             PET3 !!!!!!!!!!!!!!!!!!!!!!!!!!!!!!!!!!!!!!!!!!!!!!!!!!!!!!
20220131 003016.638 INFO             PET3 Running with ESMF Version   : 8.3.0 beta snapshot
20220131 003016.638 INFO             PET3 ESMF library build date/time: "Jan 30 2022" "23:22:26"
20220131 003016.638 INFO             PET3 ESMF library build location : /lustre/f2/dev/ncep/Mark.Potts/gfortran_8.3.0_mpi_O_jedwards_pio_update
20220131 003016.638 INFO             PET3 ESMF_COMM                   : mpi
20220131 003016.638 INFO             PET3 ESMF_MOAB                   : enabled
20220131 003016.638 INFO             PET3 ESMF_LAPACK                 : enabled
20220131 003016.638 INFO             PET3 ESMF_NETCDF                 : enabled
20220131 003016.638 INFO             PET3 ESMF_PNETCDF                : disabled
20220131 003016.638 INFO             PET3 ESMF_PIO                    : enabled
20220131 003016.638 INFO             PET3 ESMF_YAMLCPP                : enabled
20220131 003016.811 DEBUG            PET3 about to destroy Grid: 0x26dfa70
20220131 003016.816 DEBUG            PET3 about to destroy Grid: 0x26e17e0
20220131 003016.844 INFO             PET3  NUMBER_OF_PROCESSORS           4
20220131 003016.844 INFO             PET3  PASS  Example ESMF_NUOPCAtmModelEx, ESMF_NUOPCAtmModelEx.F90, line 806
20220131 003016.844 INFO             PET3 Finalizing ESMF
20220131 003016.845 INFO             PET3 ESMCI_IO_Handler.C:330 ESMCI::IO_Handler::finalize() 
20220131 003016.845 INFO             PET3 ESMCI_PIO_Handler.C:348 ESMCI::PIO_Handler::finalize() 
20220131 003016.845 INFO             PET3 ESMCI_IO_Handler.C:332 ESMCI::IO_Handler::finalize() after finalize, localrc = 0
20220131 003016.845 INFO             PET3 ESMCI_IO_Handler.C:355 ESMCI::IO_Handler::finalize() before return, localrc = 0
