build time -- 2022-01-18 02:13:08.106651
20220118 023538.470 INFO             PET0 !!!!!!!!!!!!!!!!!!!!!!!!!!!!!!!!!!!!!!!!!!!!!!!!!!!!!!
20220118 023538.470 INFO             PET0 !!! THE ESMF_LOG IS SET TO OUTPUT ALL LOG MESSAGES !!!
20220118 023538.470 INFO             PET0 !!!     THIS MAY CAUSE SLOWDOWN IN PERFORMANCE     !!!
20220118 023538.470 INFO             PET0 !!! FOR PRODUCTION RUNS, USE:                      !!!
20220118 023538.470 INFO             PET0 !!!                   ESMF_LOGKIND_Multi_On_Error  !!!
20220118 023538.470 INFO             PET0 !!!!!!!!!!!!!!!!!!!!!!!!!!!!!!!!!!!!!!!!!!!!!!!!!!!!!!
20220118 023538.470 INFO             PET0 Running with ESMF Version   : ESMF_8_3_0_beta_snapshot_05-30-gf84ebe0184
20220118 023538.470 INFO             PET0 ESMF library build date/time: "Jan 18 2022" "02:11:50"
20220118 023538.470 INFO             PET0 ESMF library build location : /gpfsm/dnb04/projects/p98/mpotts/esmf/gfortran_10.1.0_intelmpi_O_develop
20220118 023538.470 INFO             PET0 ESMF_COMM                   : intelmpi
20220118 023538.470 INFO             PET0 ESMF_MOAB                   : enabled
20220118 023538.470 INFO             PET0 ESMF_LAPACK                 : enabled
20220118 023538.470 INFO             PET0 ESMF_NETCDF                 : disabled
20220118 023538.470 INFO             PET0 ESMF_PNETCDF                : disabled
20220118 023538.470 INFO             PET0 ESMF_PIO                    : enabled
20220118 023538.470 INFO             PET0 ESMF_YAMLCPP                : enabled
20220118 023538.470 INFO             PET0  NUMBER_OF_PROCESSORS           2
20220118 023538.470 INFO             PET0  PASS  Example ESMF_VMUserMpiCommEx, ESMF_VMUserMpiCommEx.F90, line 113
20220118 023538.470 INFO             PET0 Finalizing ESMF
20220118 023538.470 INFO             PET1 !!!!!!!!!!!!!!!!!!!!!!!!!!!!!!!!!!!!!!!!!!!!!!!!!!!!!!
20220118 023538.470 INFO             PET1 !!! THE ESMF_LOG IS SET TO OUTPUT ALL LOG MESSAGES !!!
20220118 023538.470 INFO             PET1 !!!     THIS MAY CAUSE SLOWDOWN IN PERFORMANCE     !!!
20220118 023538.470 INFO             PET1 !!! FOR PRODUCTION RUNS, USE:                      !!!
20220118 023538.470 INFO             PET1 !!!                   ESMF_LOGKIND_Multi_On_Error  !!!
20220118 023538.470 INFO             PET1 !!!!!!!!!!!!!!!!!!!!!!!!!!!!!!!!!!!!!!!!!!!!!!!!!!!!!!
20220118 023538.470 INFO             PET1 Running with ESMF Version   : ESMF_8_3_0_beta_snapshot_05-30-gf84ebe0184
20220118 023538.470 INFO             PET1 ESMF library build date/time: "Jan 18 2022" "02:11:50"
20220118 023538.470 INFO             PET1 ESMF library build location : /gpfsm/dnb04/projects/p98/mpotts/esmf/gfortran_10.1.0_intelmpi_O_develop
20220118 023538.470 INFO             PET1 ESMF_COMM                   : intelmpi
20220118 023538.470 INFO             PET1 ESMF_MOAB                   : enabled
20220118 023538.470 INFO             PET1 ESMF_LAPACK                 : enabled
20220118 023538.470 INFO             PET1 ESMF_NETCDF                 : disabled
20220118 023538.470 INFO             PET1 ESMF_PNETCDF                : disabled
20220118 023538.470 INFO             PET1 ESMF_PIO                    : enabled
20220118 023538.470 INFO             PET1 ESMF_YAMLCPP                : enabled
20220118 023538.470 INFO             PET1  NUMBER_OF_PROCESSORS           2
20220118 023538.470 INFO             PET1  PASS  Example ESMF_VMUserMpiCommEx, ESMF_VMUserMpiCommEx.F90, line 113
20220118 023538.470 INFO             PET1 Finalizing ESMF
