build time -- 2022-02-27 01:13:31.029818
20220227 013513.586 INFO             PET0 !!!!!!!!!!!!!!!!!!!!!!!!!!!!!!!!!!!!!!!!!!!!!!!!!!!!!!
20220227 013513.586 INFO             PET0 !!! THE ESMF_LOG IS SET TO OUTPUT ALL LOG MESSAGES !!!
20220227 013513.586 INFO             PET0 !!!     THIS MAY CAUSE SLOWDOWN IN PERFORMANCE     !!!
20220227 013513.586 INFO             PET0 !!! FOR PRODUCTION RUNS, USE:                      !!!
20220227 013513.586 INFO             PET0 !!!                   ESMF_LOGKIND_Multi_On_Error  !!!
20220227 013513.586 INFO             PET0 !!!!!!!!!!!!!!!!!!!!!!!!!!!!!!!!!!!!!!!!!!!!!!!!!!!!!!
20220227 013513.586 INFO             PET0 Running with ESMF Version   : v8.3.0b08-5-g64eb13365d
20220227 013513.586 INFO             PET0 ESMF library build date/time: "Feb 27 2022" "01:12:16"
20220227 013513.586 INFO             PET0 ESMF library build location : /gpfsm/dnb04/projects/p98/mpotts/esmf/gfortran_10.1.0_intelmpi_O_develop
20220227 013513.586 INFO             PET0 ESMF_COMM                   : intelmpi
20220227 013513.586 INFO             PET0 ESMF_MOAB                   : enabled
20220227 013513.586 INFO             PET0 ESMF_LAPACK                 : enabled
20220227 013513.586 INFO             PET0 ESMF_NETCDF                 : disabled
20220227 013513.586 INFO             PET0 ESMF_PNETCDF                : disabled
20220227 013513.586 INFO             PET0 ESMF_PIO                    : enabled
20220227 013513.586 INFO             PET0 ESMF_YAMLCPP                : enabled
20220227 013513.587 INFO             PET0  NUMBER_OF_PROCESSORS           1
20220227 013513.587 INFO             PET0  PASS  Example ESMF_AlarmEx, ESMF_AlarmEx.F90, line 244
20220227 013513.587 INFO             PET0 Finalizing ESMF
