build time -- 2021-10-05 01:21:54.271891
20211005 015047.065 INFO             PET0 !!!!!!!!!!!!!!!!!!!!!!!!!!!!!!!!!!!!!!!!!!!!!!!!!!!!!!
20211005 015047.065 INFO             PET0 !!! THE ESMF_LOG IS SET TO OUTPUT ALL LOG MESSAGES !!!
20211005 015047.065 INFO             PET0 !!!     THIS MAY CAUSE SLOWDOWN IN PERFORMANCE     !!!
20211005 015047.065 INFO             PET0 !!! FOR PRODUCTION RUNS, USE:                      !!!
20211005 015047.065 INFO             PET0 !!!                   ESMF_LOGKIND_Multi_On_Error  !!!
20211005 015047.065 INFO             PET0 !!!!!!!!!!!!!!!!!!!!!!!!!!!!!!!!!!!!!!!!!!!!!!!!!!!!!!
20211005 015047.065 INFO             PET0 Running with ESMF Version   : ESMF_8_2_0_beta_snapshot_20-18-g0aeed17f50
20211005 015047.065 INFO             PET0 ESMF library build date/time: "Oct  5 2021" "01:20:10"
20211005 015047.065 INFO             PET0 ESMF library build location : /gpfsm/dnb04/projects/p98/mpotts/esmf/gfortran_10.1.0_intelmpi_O_develop
20211005 015047.065 INFO             PET0 ESMF_COMM                   : intelmpi
20211005 015047.065 INFO             PET0 ESMF_MOAB                   : enabled
20211005 015047.065 INFO             PET0 ESMF_LAPACK                 : enabled
20211005 015047.065 INFO             PET0 ESMF_NETCDF                 : disabled
20211005 015047.065 INFO             PET0 ESMF_PNETCDF                : disabled
20211005 015047.065 INFO             PET0 ESMF_PIO                    : enabled
20211005 015047.065 INFO             PET0 ESMF_YAMLCPP                : enabled
20211005 015047.065 INFO             PET0  NUMBER_OF_PROCESSORS           1
20211005 015047.065 INFO             PET0  PASS  Example ESMF_TimeEx, ESMF_TimeEx.F90, line 141
20211005 015047.065 INFO             PET0 Finalizing ESMF
