build time -- 2021-10-08 03:49:00.686985
20211008 041546.565 INFO             PET0 !!!!!!!!!!!!!!!!!!!!!!!!!!!!!!!!!!!!!!!!!!!!!!!!!!!!!!
20211008 041546.565 INFO             PET0 !!! THE ESMF_LOG IS SET TO OUTPUT ALL LOG MESSAGES !!!
20211008 041546.565 INFO             PET0 !!!     THIS MAY CAUSE SLOWDOWN IN PERFORMANCE     !!!
20211008 041546.565 INFO             PET0 !!! FOR PRODUCTION RUNS, USE:                      !!!
20211008 041546.565 INFO             PET0 !!!                   ESMF_LOGKIND_Multi_On_Error  !!!
20211008 041546.565 INFO             PET0 !!!!!!!!!!!!!!!!!!!!!!!!!!!!!!!!!!!!!!!!!!!!!!!!!!!!!!
20211008 041546.565 INFO             PET0 Running with ESMF Version   : ESMF_8_2_0_beta_snapshot_21-1-g86aff4e5a1
20211008 041546.565 INFO             PET0 ESMF library build date/time: "Oct  8 2021" "03:46:49"
20211008 041546.565 INFO             PET0 ESMF library build location : /glade/scratch/mpotts/gfortran_10.1.0_mpt_O_release_8.2.0
20211008 041546.565 INFO             PET0 ESMF_COMM                   : mpt
20211008 041546.565 INFO             PET0 ESMF_MOAB                   : enabled
20211008 041546.565 INFO             PET0 ESMF_LAPACK                 : enabled
20211008 041546.565 INFO             PET0 ESMF_NETCDF                 : enabled
20211008 041546.565 INFO             PET0 ESMF_PNETCDF                : disabled
20211008 041546.565 INFO             PET0 ESMF_PIO                    : enabled
20211008 041546.565 INFO             PET0 ESMF_YAMLCPP                : enabled
20211008 041546.566 INFO             PET0  NUMBER_OF_PROCESSORS           1
20211008 041546.566 INFO             PET0  PASS  Example ESMF_TimeEx, ESMF_TimeEx.F90, line 141
20211008 041546.566 INFO             PET0 Finalizing ESMF
