build time -- 2021-10-12 03:49:15.177190
20211012 041625.454 INFO             PET0 !!!!!!!!!!!!!!!!!!!!!!!!!!!!!!!!!!!!!!!!!!!!!!!!!!!!!!
20211012 041625.454 INFO             PET0 !!! THE ESMF_LOG IS SET TO OUTPUT ALL LOG MESSAGES !!!
20211012 041625.454 INFO             PET0 !!!     THIS MAY CAUSE SLOWDOWN IN PERFORMANCE     !!!
20211012 041625.454 INFO             PET0 !!! FOR PRODUCTION RUNS, USE:                      !!!
20211012 041625.454 INFO             PET0 !!!                   ESMF_LOGKIND_Multi_On_Error  !!!
20211012 041625.454 INFO             PET0 !!!!!!!!!!!!!!!!!!!!!!!!!!!!!!!!!!!!!!!!!!!!!!!!!!!!!!
20211012 041625.454 INFO             PET0 Running with ESMF Version   : ESMF_8_2_0_beta_snapshot_21-3-ge04105f13a
20211012 041625.454 INFO             PET0 ESMF library build date/time: "Oct 12 2021" "03:47:08"
20211012 041625.454 INFO             PET0 ESMF library build location : /glade/scratch/mpotts/gfortran_10.1.0_mpt_O_release_8.2.0
20211012 041625.454 INFO             PET0 ESMF_COMM                   : mpt
20211012 041625.454 INFO             PET0 ESMF_MOAB                   : enabled
20211012 041625.454 INFO             PET0 ESMF_LAPACK                 : enabled
20211012 041625.454 INFO             PET0 ESMF_NETCDF                 : enabled
20211012 041625.454 INFO             PET0 ESMF_PNETCDF                : disabled
20211012 041625.454 INFO             PET0 ESMF_PIO                    : enabled
20211012 041625.454 INFO             PET0 ESMF_YAMLCPP                : enabled
20211012 041625.455 INFO             PET0  NUMBER_OF_PROCESSORS           4
20211012 041625.455 INFO             PET0  PASS  Example ESMF_ArrayFarrayEx, ESMF_ArrayFarrayEx.F90, line 288
20211012 041625.455 INFO             PET0 Finalizing ESMF
20211012 041625.451 INFO             PET1 !!!!!!!!!!!!!!!!!!!!!!!!!!!!!!!!!!!!!!!!!!!!!!!!!!!!!!
20211012 041625.451 INFO             PET1 !!! THE ESMF_LOG IS SET TO OUTPUT ALL LOG MESSAGES !!!
20211012 041625.451 INFO             PET1 !!!     THIS MAY CAUSE SLOWDOWN IN PERFORMANCE     !!!
20211012 041625.451 INFO             PET1 !!! FOR PRODUCTION RUNS, USE:                      !!!
20211012 041625.451 INFO             PET1 !!!                   ESMF_LOGKIND_Multi_On_Error  !!!
20211012 041625.451 INFO             PET1 !!!!!!!!!!!!!!!!!!!!!!!!!!!!!!!!!!!!!!!!!!!!!!!!!!!!!!
20211012 041625.451 INFO             PET1 Running with ESMF Version   : ESMF_8_2_0_beta_snapshot_21-3-ge04105f13a
20211012 041625.451 INFO             PET1 ESMF library build date/time: "Oct 12 2021" "03:47:08"
20211012 041625.451 INFO             PET1 ESMF library build location : /glade/scratch/mpotts/gfortran_10.1.0_mpt_O_release_8.2.0
20211012 041625.451 INFO             PET1 ESMF_COMM                   : mpt
20211012 041625.452 INFO             PET1 ESMF_MOAB                   : enabled
20211012 041625.452 INFO             PET1 ESMF_LAPACK                 : enabled
20211012 041625.452 INFO             PET1 ESMF_NETCDF                 : enabled
20211012 041625.452 INFO             PET1 ESMF_PNETCDF                : disabled
20211012 041625.452 INFO             PET1 ESMF_PIO                    : enabled
20211012 041625.452 INFO             PET1 ESMF_YAMLCPP                : enabled
20211012 041625.455 INFO             PET1  NUMBER_OF_PROCESSORS           4
20211012 041625.455 INFO             PET1  PASS  Example ESMF_ArrayFarrayEx, ESMF_ArrayFarrayEx.F90, line 288
20211012 041625.455 INFO             PET1 Finalizing ESMF
20211012 041625.451 INFO             PET2 !!!!!!!!!!!!!!!!!!!!!!!!!!!!!!!!!!!!!!!!!!!!!!!!!!!!!!
20211012 041625.451 INFO             PET2 !!! THE ESMF_LOG IS SET TO OUTPUT ALL LOG MESSAGES !!!
20211012 041625.451 INFO             PET2 !!!     THIS MAY CAUSE SLOWDOWN IN PERFORMANCE     !!!
20211012 041625.451 INFO             PET2 !!! FOR PRODUCTION RUNS, USE:                      !!!
20211012 041625.451 INFO             PET2 !!!                   ESMF_LOGKIND_Multi_On_Error  !!!
20211012 041625.451 INFO             PET2 !!!!!!!!!!!!!!!!!!!!!!!!!!!!!!!!!!!!!!!!!!!!!!!!!!!!!!
20211012 041625.451 INFO             PET2 Running with ESMF Version   : ESMF_8_2_0_beta_snapshot_21-3-ge04105f13a
20211012 041625.451 INFO             PET2 ESMF library build date/time: "Oct 12 2021" "03:47:08"
20211012 041625.451 INFO             PET2 ESMF library build location : /glade/scratch/mpotts/gfortran_10.1.0_mpt_O_release_8.2.0
20211012 041625.451 INFO             PET2 ESMF_COMM                   : mpt
20211012 041625.451 INFO             PET2 ESMF_MOAB                   : enabled
20211012 041625.451 INFO             PET2 ESMF_LAPACK                 : enabled
20211012 041625.451 INFO             PET2 ESMF_NETCDF                 : enabled
20211012 041625.451 INFO             PET2 ESMF_PNETCDF                : disabled
20211012 041625.451 INFO             PET2 ESMF_PIO                    : enabled
20211012 041625.451 INFO             PET2 ESMF_YAMLCPP                : enabled
20211012 041625.455 INFO             PET2  NUMBER_OF_PROCESSORS           4
20211012 041625.455 INFO             PET2  PASS  Example ESMF_ArrayFarrayEx, ESMF_ArrayFarrayEx.F90, line 288
20211012 041625.455 INFO             PET2 Finalizing ESMF
20211012 041625.451 INFO             PET3 !!!!!!!!!!!!!!!!!!!!!!!!!!!!!!!!!!!!!!!!!!!!!!!!!!!!!!
20211012 041625.451 INFO             PET3 !!! THE ESMF_LOG IS SET TO OUTPUT ALL LOG MESSAGES !!!
20211012 041625.451 INFO             PET3 !!!     THIS MAY CAUSE SLOWDOWN IN PERFORMANCE     !!!
20211012 041625.451 INFO             PET3 !!! FOR PRODUCTION RUNS, USE:                      !!!
20211012 041625.451 INFO             PET3 !!!                   ESMF_LOGKIND_Multi_On_Error  !!!
20211012 041625.451 INFO             PET3 !!!!!!!!!!!!!!!!!!!!!!!!!!!!!!!!!!!!!!!!!!!!!!!!!!!!!!
20211012 041625.451 INFO             PET3 Running with ESMF Version   : ESMF_8_2_0_beta_snapshot_21-3-ge04105f13a
20211012 041625.451 INFO             PET3 ESMF library build date/time: "Oct 12 2021" "03:47:08"
20211012 041625.451 INFO             PET3 ESMF library build location : /glade/scratch/mpotts/gfortran_10.1.0_mpt_O_release_8.2.0
20211012 041625.451 INFO             PET3 ESMF_COMM                   : mpt
20211012 041625.451 INFO             PET3 ESMF_MOAB                   : enabled
20211012 041625.451 INFO             PET3 ESMF_LAPACK                 : enabled
20211012 041625.451 INFO             PET3 ESMF_NETCDF                 : enabled
20211012 041625.451 INFO             PET3 ESMF_PNETCDF                : disabled
20211012 041625.451 INFO             PET3 ESMF_PIO                    : enabled
20211012 041625.451 INFO             PET3 ESMF_YAMLCPP                : enabled
20211012 041625.455 INFO             PET3  NUMBER_OF_PROCESSORS           4
20211012 041625.455 INFO             PET3  PASS  Example ESMF_ArrayFarrayEx, ESMF_ArrayFarrayEx.F90, line 288
20211012 041625.455 INFO             PET3 Finalizing ESMF
