build time -- 2022-02-18 01:15:16.876612
20220218 013617.358 INFO             PET0 !!!!!!!!!!!!!!!!!!!!!!!!!!!!!!!!!!!!!!!!!!!!!!!!!!!!!!
20220218 013617.358 INFO             PET0 !!! THE ESMF_LOG IS SET TO OUTPUT ALL LOG MESSAGES !!!
20220218 013617.358 INFO             PET0 !!!     THIS MAY CAUSE SLOWDOWN IN PERFORMANCE     !!!
20220218 013617.358 INFO             PET0 !!! FOR PRODUCTION RUNS, USE:                      !!!
20220218 013617.358 INFO             PET0 !!!                   ESMF_LOGKIND_Multi_On_Error  !!!
20220218 013617.358 INFO             PET0 !!!!!!!!!!!!!!!!!!!!!!!!!!!!!!!!!!!!!!!!!!!!!!!!!!!!!!
20220218 013617.358 INFO             PET0 Running with ESMF Version   : ESMF_8_3_0_beta_snapshot_06-85-gae1d61de23
20220218 013617.358 INFO             PET0 ESMF library build date/time: "Feb 18 2022" "01:13:45"
20220218 013617.358 INFO             PET0 ESMF library build location : /gpfsm/dnb04/projects/p98/mpotts/esmf/gfortran_8.3.0_mpt_g_jedwards_pio_update
20220218 013617.358 INFO             PET0 ESMF_COMM                   : mpt
20220218 013617.358 INFO             PET0 ESMF_MOAB                   : enabled
20220218 013617.358 INFO             PET0 ESMF_LAPACK                 : enabled
20220218 013617.358 INFO             PET0 ESMF_NETCDF                 : disabled
20220218 013617.358 INFO             PET0 ESMF_PNETCDF                : disabled
20220218 013617.358 INFO             PET0 ESMF_PIO                    : disabled
20220218 013617.358 INFO             PET0 ESMF_YAMLCPP                : enabled
20220218 013617.361 INFO             PET0  NUMBER_OF_PROCESSORS           1
20220218 013617.361 INFO             PET0  PASS  Example ESMF_ClockEx, ESMF_ClockEx.F90, line 220
20220218 013617.361 INFO             PET0 Finalizing ESMF
20220218 013617.361 INFO             PET0 ESMCI_IO_Handler.C:355 ESMCI::IO_Handler::finalize() before return, localrc = 0
