build time -- 2021-10-09 03:55:41.145464
20211009 042542.438 INFO             PET0 !!!!!!!!!!!!!!!!!!!!!!!!!!!!!!!!!!!!!!!!!!!!!!!!!!!!!!
20211009 042542.438 INFO             PET0 !!! THE ESMF_LOG IS SET TO OUTPUT ALL LOG MESSAGES !!!
20211009 042542.438 INFO             PET0 !!!     THIS MAY CAUSE SLOWDOWN IN PERFORMANCE     !!!
20211009 042542.438 INFO             PET0 !!! FOR PRODUCTION RUNS, USE:                      !!!
20211009 042542.438 INFO             PET0 !!!                   ESMF_LOGKIND_Multi_On_Error  !!!
20211009 042542.438 INFO             PET0 !!!!!!!!!!!!!!!!!!!!!!!!!!!!!!!!!!!!!!!!!!!!!!!!!!!!!!
20211009 042542.438 INFO             PET0 Running with ESMF Version   : ESMF_8_2_0_beta_snapshot_21-1-g86aff4e5a1
20211009 042542.438 INFO             PET0 ESMF library build date/time: "Oct  9 2021" "03:52:23"
20211009 042542.438 INFO             PET0 ESMF library build location : /glade/scratch/mpotts/gfortran_10.1.0_mpt_g_release_8.2.0
20211009 042542.438 INFO             PET0 ESMF_COMM                   : mpt
20211009 042542.438 INFO             PET0 ESMF_MOAB                   : enabled
20211009 042542.438 INFO             PET0 ESMF_LAPACK                 : enabled
20211009 042542.438 INFO             PET0 ESMF_NETCDF                 : enabled
20211009 042542.438 INFO             PET0 ESMF_PNETCDF                : disabled
20211009 042542.438 INFO             PET0 ESMF_PIO                    : enabled
20211009 042542.438 INFO             PET0 ESMF_YAMLCPP                : enabled
20211009 042542.438 INFO             PET0  NUMBER_OF_PROCESSORS           1
20211009 042542.438 INFO             PET0  PASS  Example ESMF_TimeIntervalEx, ESMF_TimeIntervalEx.F90, line 176
20211009 042542.438 INFO             PET0 Finalizing ESMF
