build time -- 2021-10-18 03:56:29.292880
20211018 042841.131 INFO             PET0 !!!!!!!!!!!!!!!!!!!!!!!!!!!!!!!!!!!!!!!!!!!!!!!!!!!!!!
20211018 042841.131 INFO             PET0 !!! THE ESMF_LOG IS SET TO OUTPUT ALL LOG MESSAGES !!!
20211018 042841.131 INFO             PET0 !!!     THIS MAY CAUSE SLOWDOWN IN PERFORMANCE     !!!
20211018 042841.131 INFO             PET0 !!! FOR PRODUCTION RUNS, USE:                      !!!
20211018 042841.131 INFO             PET0 !!!                   ESMF_LOGKIND_Multi_On_Error  !!!
20211018 042841.131 INFO             PET0 !!!!!!!!!!!!!!!!!!!!!!!!!!!!!!!!!!!!!!!!!!!!!!!!!!!!!!
20211018 042841.131 INFO             PET0 Running with ESMF Version   : ESMF_8_2_0_beta_snapshot_22-10-g6974ca47a6
20211018 042841.131 INFO             PET0 ESMF library build date/time: "Oct 18 2021" "03:53:25"
20211018 042841.131 INFO             PET0 ESMF library build location : /glade/scratch/mpotts/gfortran_10.1.0_mpt_g_release_8.2.0
20211018 042841.131 INFO             PET0 ESMF_COMM                   : mpt
20211018 042841.131 INFO             PET0 ESMF_MOAB                   : enabled
20211018 042841.131 INFO             PET0 ESMF_LAPACK                 : enabled
20211018 042841.131 INFO             PET0 ESMF_NETCDF                 : enabled
20211018 042841.131 INFO             PET0 ESMF_PNETCDF                : disabled
20211018 042841.131 INFO             PET0 ESMF_PIO                    : enabled
20211018 042841.131 INFO             PET0 ESMF_YAMLCPP                : enabled
20211018 042841.137 INFO             PET0  NUMBER_OF_PROCESSORS           1
20211018 042841.137 INFO             PET0  PASS  Example ESMF_XGridSparseMatEx, ESMF_XGridSparseMatEx.F90, line 642
20211018 042841.137 INFO             PET0 Finalizing ESMF
