build time -- 2022-02-20 23:22:46
20220221 002723.115 INFO             PET0 !!!!!!!!!!!!!!!!!!!!!!!!!!!!!!!!!!!!!!!!!!!!!!!!!!!!!!
20220221 002723.115 INFO             PET0 !!! THE ESMF_LOG IS SET TO OUTPUT ALL LOG MESSAGES !!!
20220221 002723.115 INFO             PET0 !!!     THIS MAY CAUSE SLOWDOWN IN PERFORMANCE     !!!
20220221 002723.115 INFO             PET0 !!! FOR PRODUCTION RUNS, USE:                      !!!
20220221 002723.115 INFO             PET0 !!!                   ESMF_LOGKIND_Multi_On_Error  !!!
20220221 002723.115 INFO             PET0 !!!!!!!!!!!!!!!!!!!!!!!!!!!!!!!!!!!!!!!!!!!!!!!!!!!!!!
20220221 002723.115 INFO             PET0 Running with ESMF Version   : ESMF_8_3_0_beta_snapshot_06-17-gf79410c7de
20220221 002723.115 INFO             PET0 ESMF library build date/time: "Feb 20 2022" "23:21:08"
20220221 002723.115 INFO             PET0 ESMF library build location : /lustre/f2/dev/ncep/Mark.Potts/gfortran_8.3.0_mpiuni_O_develop
20220221 002723.115 INFO             PET0 ESMF_COMM                   : mpiuni
20220221 002723.115 INFO             PET0 ESMF_MOAB                   : enabled
20220221 002723.115 INFO             PET0 ESMF_LAPACK                 : enabled
20220221 002723.115 INFO             PET0 ESMF_NETCDF                 : enabled
20220221 002723.115 INFO             PET0 ESMF_PNETCDF                : disabled
20220221 002723.115 INFO             PET0 ESMF_PIO                    : disabled
20220221 002723.115 INFO             PET0 ESMF_YAMLCPP                : enabled
20220221 002723.115 INFO             PET0 ESMF Tracing Enabled
20220221 002723.115 INFO             PET0 ESMF Profiling Enabled
20220221 002723.115 INFO             PET0 ESMF Trace/Profile clock: REALTIME
20220221 002723.131 WARNING          PET0 ESMF Tracing/Profiling could not load dynamic instrumentation functions.
20220221 002723.158 INFO             PET0  NUMBER_OF_PROCESSORS           1
20220221 002723.158 INFO             PET0  PASS  Example ESMF_TraceEx, ESMF_TraceEx.F90, line 178
20220221 002723.158 INFO             PET0 Finalizing ESMF
20220221 002723.158 INFO             PET0 **************** Region Timings *******************
20220221 002723.158 INFO             PET0 Region              Count  Total (s)   Self (s)    Mean (s)    Min (s)     Max (s)
20220221 002723.158 INFO             PET0   [test] Run 1      5      0.0000      0.0000      0.0000      0.0000      0.0000
20220221 002723.158 INFO             PET0   [test] Init 1     1      0.0000      0.0000      0.0000      0.0000      0.0000
20220221 002723.158 INFO             PET0   [test] Final 1    1      0.0000      0.0000      0.0000      0.0000      0.0000
