build time -- 2021-11-05 01:48:45.987376
20211105 022352.476 INFO             PET0 !!!!!!!!!!!!!!!!!!!!!!!!!!!!!!!!!!!!!!!!!!!!!!!!!!!!!!
20211105 022352.476 INFO             PET0 !!! THE ESMF_LOG IS SET TO OUTPUT ALL LOG MESSAGES !!!
20211105 022352.476 INFO             PET0 !!!     THIS MAY CAUSE SLOWDOWN IN PERFORMANCE     !!!
20211105 022352.476 INFO             PET0 !!! FOR PRODUCTION RUNS, USE:                      !!!
20211105 022352.476 INFO             PET0 !!!                   ESMF_LOGKIND_Multi_On_Error  !!!
20211105 022352.476 INFO             PET0 !!!!!!!!!!!!!!!!!!!!!!!!!!!!!!!!!!!!!!!!!!!!!!!!!!!!!!
20211105 022352.476 INFO             PET0 Running with ESMF Version   : ESMF_8_3_0_beta_snapshot_02-1-gd594fca699
20211105 022352.476 INFO             PET0 ESMF library build date/time: "Nov  5 2021" "01:46:26"
20211105 022352.476 INFO             PET0 ESMF library build location : /gpfsm/dnb04/projects/p98/mpotts/esmf/intel_2020_mpt_g_develop
20211105 022352.476 INFO             PET0 ESMF_COMM                   : mpt
20211105 022352.476 INFO             PET0 ESMF_MOAB                   : enabled
20211105 022352.476 INFO             PET0 ESMF_LAPACK                 : enabled
20211105 022352.476 INFO             PET0 ESMF_NETCDF                 : enabled
20211105 022352.476 INFO             PET0 ESMF_PNETCDF                : disabled
20211105 022352.476 INFO             PET0 ESMF_PIO                    : enabled
20211105 022352.476 INFO             PET0 ESMF_YAMLCPP                : enabled
20211105 022352.477 INFO             PET0  NUMBER_OF_PROCESSORS           1
20211105 022352.477 INFO             PET0  PASS  Example ESMF_TimeEx, ESMF_TimeEx.F90, line 141
20211105 022352.477 INFO             PET0 Finalizing ESMF
