build time -- 2022-01-25 01:17:56.794400
20220125 020910.767 INFO             PET0 !!!!!!!!!!!!!!!!!!!!!!!!!!!!!!!!!!!!!!!!!!!!!!!!!!!!!!
20220125 020910.767 INFO             PET0 !!! THE ESMF_LOG IS SET TO OUTPUT ALL LOG MESSAGES !!!
20220125 020910.767 INFO             PET0 !!!     THIS MAY CAUSE SLOWDOWN IN PERFORMANCE     !!!
20220125 020910.767 INFO             PET0 !!! FOR PRODUCTION RUNS, USE:                      !!!
20220125 020910.767 INFO             PET0 !!!                   ESMF_LOGKIND_Multi_On_Error  !!!
20220125 020910.767 INFO             PET0 !!!!!!!!!!!!!!!!!!!!!!!!!!!!!!!!!!!!!!!!!!!!!!!!!!!!!!
20220125 020910.767 INFO             PET0 Running with ESMF Version   : ESMF_8_3_0_beta_snapshot_06-9-gd3f8b21f06
20220125 020910.767 INFO             PET0 ESMF library build date/time: "Jan 25 2022" "01:15:17"
20220125 020910.767 INFO             PET0 ESMF library build location : /gpfsm/dnb04/projects/p98/mpotts/esmf/intel_2020_mpt_g_develop
20220125 020910.767 INFO             PET0 ESMF_COMM                   : mpt
20220125 020910.768 INFO             PET0 ESMF_MOAB                   : enabled
20220125 020910.768 INFO             PET0 ESMF_LAPACK                 : enabled
20220125 020910.768 INFO             PET0 ESMF_NETCDF                 : enabled
20220125 020910.768 INFO             PET0 ESMF_PNETCDF                : disabled
20220125 020910.768 INFO             PET0 ESMF_PIO                    : enabled
20220125 020910.768 INFO             PET0 ESMF_YAMLCPP                : enabled
20220125 020910.771 INFO             PET0 ESMF_FieldRedistStoreNF(): Just entered routine.
20220125 020910.773 INFO             PET0 ESMF_FieldRedistStoreNF(): Leaving routine.
20220125 020910.779 INFO             PET0 ESMF_FieldRedistStoreNF(): Just entered routine.
20220125 020910.780 INFO             PET0 ESMF_FieldRedistStoreNF(): Leaving routine.
20220125 020910.780 INFO             PET0 ESMF_FieldRedistStoreNF(): Just entered routine.
20220125 020910.781 INFO             PET0 ESMF_FieldRedistStoreNF(): Leaving routine.
20220125 020910.781 INFO             PET0  NUMBER_OF_PROCESSORS           4
20220125 020910.781 INFO             PET0  PASS  Example ESMF_FieldRedistEx, ESMF_FieldRedistEx.F90, line 521
20220125 020910.781 INFO             PET0 Finalizing ESMF
20220125 020910.767 INFO             PET1 !!!!!!!!!!!!!!!!!!!!!!!!!!!!!!!!!!!!!!!!!!!!!!!!!!!!!!
20220125 020910.767 INFO             PET1 !!! THE ESMF_LOG IS SET TO OUTPUT ALL LOG MESSAGES !!!
20220125 020910.767 INFO             PET1 !!!     THIS MAY CAUSE SLOWDOWN IN PERFORMANCE     !!!
20220125 020910.768 INFO             PET1 !!! FOR PRODUCTION RUNS, USE:                      !!!
20220125 020910.768 INFO             PET1 !!!                   ESMF_LOGKIND_Multi_On_Error  !!!
20220125 020910.768 INFO             PET1 !!!!!!!!!!!!!!!!!!!!!!!!!!!!!!!!!!!!!!!!!!!!!!!!!!!!!!
20220125 020910.768 INFO             PET1 Running with ESMF Version   : ESMF_8_3_0_beta_snapshot_06-9-gd3f8b21f06
20220125 020910.768 INFO             PET1 ESMF library build date/time: "Jan 25 2022" "01:15:17"
20220125 020910.768 INFO             PET1 ESMF library build location : /gpfsm/dnb04/projects/p98/mpotts/esmf/intel_2020_mpt_g_develop
20220125 020910.768 INFO             PET1 ESMF_COMM                   : mpt
20220125 020910.768 INFO             PET1 ESMF_MOAB                   : enabled
20220125 020910.768 INFO             PET1 ESMF_LAPACK                 : enabled
20220125 020910.768 INFO             PET1 ESMF_NETCDF                 : enabled
20220125 020910.768 INFO             PET1 ESMF_PNETCDF                : disabled
20220125 020910.768 INFO             PET1 ESMF_PIO                    : enabled
20220125 020910.768 INFO             PET1 ESMF_YAMLCPP                : enabled
20220125 020910.771 INFO             PET1 ESMF_FieldRedistStoreNF(): Just entered routine.
20220125 020910.773 INFO             PET1 ESMF_FieldRedistStoreNF(): Leaving routine.
20220125 020910.779 INFO             PET1 ESMF_FieldRedistStoreNF(): Just entered routine.
20220125 020910.780 INFO             PET1 ESMF_FieldRedistStoreNF(): Leaving routine.
20220125 020910.780 INFO             PET1 ESMF_FieldRedistStoreNF(): Just entered routine.
20220125 020910.781 INFO             PET1 ESMF_FieldRedistStoreNF(): Leaving routine.
20220125 020910.781 INFO             PET1  NUMBER_OF_PROCESSORS           4
20220125 020910.781 INFO             PET1  PASS  Example ESMF_FieldRedistEx, ESMF_FieldRedistEx.F90, line 521
20220125 020910.781 INFO             PET1 Finalizing ESMF
20220125 020910.768 INFO             PET2 !!!!!!!!!!!!!!!!!!!!!!!!!!!!!!!!!!!!!!!!!!!!!!!!!!!!!!
20220125 020910.768 INFO             PET2 !!! THE ESMF_LOG IS SET TO OUTPUT ALL LOG MESSAGES !!!
20220125 020910.768 INFO             PET2 !!!     THIS MAY CAUSE SLOWDOWN IN PERFORMANCE     !!!
20220125 020910.768 INFO             PET2 !!! FOR PRODUCTION RUNS, USE:                      !!!
20220125 020910.768 INFO             PET2 !!!                   ESMF_LOGKIND_Multi_On_Error  !!!
20220125 020910.768 INFO             PET2 !!!!!!!!!!!!!!!!!!!!!!!!!!!!!!!!!!!!!!!!!!!!!!!!!!!!!!
20220125 020910.768 INFO             PET2 Running with ESMF Version   : ESMF_8_3_0_beta_snapshot_06-9-gd3f8b21f06
20220125 020910.768 INFO             PET2 ESMF library build date/time: "Jan 25 2022" "01:15:17"
20220125 020910.768 INFO             PET2 ESMF library build location : /gpfsm/dnb04/projects/p98/mpotts/esmf/intel_2020_mpt_g_develop
20220125 020910.768 INFO             PET2 ESMF_COMM                   : mpt
20220125 020910.768 INFO             PET2 ESMF_MOAB                   : enabled
20220125 020910.768 INFO             PET2 ESMF_LAPACK                 : enabled
20220125 020910.768 INFO             PET2 ESMF_NETCDF                 : enabled
20220125 020910.768 INFO             PET2 ESMF_PNETCDF                : disabled
20220125 020910.768 INFO             PET2 ESMF_PIO                    : enabled
20220125 020910.768 INFO             PET2 ESMF_YAMLCPP                : enabled
20220125 020910.771 INFO             PET2 ESMF_FieldRedistStoreNF(): Just entered routine.
20220125 020910.773 INFO             PET2 ESMF_FieldRedistStoreNF(): Leaving routine.
20220125 020910.779 INFO             PET2 ESMF_FieldRedistStoreNF(): Just entered routine.
20220125 020910.780 INFO             PET2 ESMF_FieldRedistStoreNF(): Leaving routine.
20220125 020910.780 INFO             PET2 ESMF_FieldRedistStoreNF(): Just entered routine.
20220125 020910.781 INFO             PET2 ESMF_FieldRedistStoreNF(): Leaving routine.
20220125 020910.781 INFO             PET2  NUMBER_OF_PROCESSORS           4
20220125 020910.781 INFO             PET2  PASS  Example ESMF_FieldRedistEx, ESMF_FieldRedistEx.F90, line 521
20220125 020910.781 INFO             PET2 Finalizing ESMF
20220125 020910.768 INFO             PET3 !!!!!!!!!!!!!!!!!!!!!!!!!!!!!!!!!!!!!!!!!!!!!!!!!!!!!!
20220125 020910.768 INFO             PET3 !!! THE ESMF_LOG IS SET TO OUTPUT ALL LOG MESSAGES !!!
20220125 020910.768 INFO             PET3 !!!     THIS MAY CAUSE SLOWDOWN IN PERFORMANCE     !!!
20220125 020910.768 INFO             PET3 !!! FOR PRODUCTION RUNS, USE:                      !!!
20220125 020910.768 INFO             PET3 !!!                   ESMF_LOGKIND_Multi_On_Error  !!!
20220125 020910.768 INFO             PET3 !!!!!!!!!!!!!!!!!!!!!!!!!!!!!!!!!!!!!!!!!!!!!!!!!!!!!!
20220125 020910.768 INFO             PET3 Running with ESMF Version   : ESMF_8_3_0_beta_snapshot_06-9-gd3f8b21f06
20220125 020910.768 INFO             PET3 ESMF library build date/time: "Jan 25 2022" "01:15:17"
20220125 020910.768 INFO             PET3 ESMF library build location : /gpfsm/dnb04/projects/p98/mpotts/esmf/intel_2020_mpt_g_develop
20220125 020910.768 INFO             PET3 ESMF_COMM                   : mpt
20220125 020910.768 INFO             PET3 ESMF_MOAB                   : enabled
20220125 020910.768 INFO             PET3 ESMF_LAPACK                 : enabled
20220125 020910.768 INFO             PET3 ESMF_NETCDF                 : enabled
20220125 020910.768 INFO             PET3 ESMF_PNETCDF                : disabled
20220125 020910.768 INFO             PET3 ESMF_PIO                    : enabled
20220125 020910.768 INFO             PET3 ESMF_YAMLCPP                : enabled
20220125 020910.771 INFO             PET3 ESMF_FieldRedistStoreNF(): Just entered routine.
20220125 020910.773 INFO             PET3 ESMF_FieldRedistStoreNF(): Leaving routine.
20220125 020910.778 INFO             PET3 ESMF_FieldRedistStoreNF(): Just entered routine.
20220125 020910.780 INFO             PET3 ESMF_FieldRedistStoreNF(): Leaving routine.
20220125 020910.780 INFO             PET3 ESMF_FieldRedistStoreNF(): Just entered routine.
20220125 020910.781 INFO             PET3 ESMF_FieldRedistStoreNF(): Leaving routine.
20220125 020910.781 INFO             PET3  NUMBER_OF_PROCESSORS           4
20220125 020910.781 INFO             PET3  PASS  Example ESMF_FieldRedistEx, ESMF_FieldRedistEx.F90, line 521
20220125 020910.781 INFO             PET3 Finalizing ESMF
