build time -- 2021-11-16 01:14:21.643204
 Application Example 1:
 Application Example 1:
 Application Example 1:
 Application Example 1:
 Comp Create returned, name = Atmosphere Model Coupler
 Comp Create returned, name = Atmosphere Model Coupler
 Comp Create returned, name = Atmosphere Model Coupler
 Comp Create returned, name = Atmosphere Model Coupler
 Coupler Init starting
 Coupler Init returning
 Coupler Init starting
 Coupler Init returning
 Comp Initialize complete
 Coupler Init starting
 Coupler Init returning
 Comp Initialize complete
 Coupler Init starting
 Comp Initialize complete
 Coupler Run starting
 Coupler Run returning
 Coupler Run starting
 Coupler Run returning
 Coupler Run starting
 Coupler Run returning
 Coupler Run starting
 Coupler Run starting
 Coupler Run returning
 Coupler Run starting
 Coupler Run returning
 Coupler Run starting
 Coupler Run returning
 Coupler Run starting
 Coupler Run returning
 Coupler Run starting
 Coupler Run returning
 Coupler Run starting
 Coupler Run returning
 Comp Run complete
 Comp Run complete
 Coupler Run returning
 Coupler Final starting
 Coupler Final returning
 Coupler Final starting
 Coupler Final returning
 Comp Finalize complete
 Comp Finalize complete
 Coupler Run starting
 Coupler Run returning
 Coupler Run starting
 Coupler Run returning
 Comp Run complete
 Coupler Final starting
 Coupler Final returning
 Comp Finalize complete
 Destroy calls returned
 Destroy calls returned
 Application Example 1 finished
  PASS  Example ESMF_CplEx, ESMF_CplEx.F90, line 457
 Application Example 1 finished
  PASS  Example ESMF_CplEx, ESMF_CplEx.F90, line 457
 Destroy calls returned
 Coupler Init returning
 Comp Initialize complete
 Application Example 1 finished
 Coupler Run starting
 Coupler Run returning
 Coupler Run starting
  PASS  Example ESMF_CplEx, ESMF_CplEx.F90, line 457
 Coupler Run returning
 Coupler Run starting
 Coupler Run returning
 Coupler Run starting
 Coupler Run returning
 Comp Run complete
 Coupler Final starting
 Coupler Final returning
 Comp Finalize complete
 Destroy calls returned
 Application Example 1 finished
  PASS  Example ESMF_CplEx, ESMF_CplEx.F90, line 457
 PASS: ESMF_CplEx.F90
 PASS: ESMF_CplEx.F90
 PASS: ESMF_CplEx.F90
 PASS: ESMF_CplEx.F90
