build time -- 2022-02-11 01:13:10.999648
20220211 014036.215 INFO             PET0 !!!!!!!!!!!!!!!!!!!!!!!!!!!!!!!!!!!!!!!!!!!!!!!!!!!!!!
20220211 014036.215 INFO             PET0 !!! THE ESMF_LOG IS SET TO OUTPUT ALL LOG MESSAGES !!!
20220211 014036.215 INFO             PET0 !!!     THIS MAY CAUSE SLOWDOWN IN PERFORMANCE     !!!
20220211 014036.215 INFO             PET0 !!! FOR PRODUCTION RUNS, USE:                      !!!
20220211 014036.215 INFO             PET0 !!!                   ESMF_LOGKIND_Multi_On_Error  !!!
20220211 014036.215 INFO             PET0 !!!!!!!!!!!!!!!!!!!!!!!!!!!!!!!!!!!!!!!!!!!!!!!!!!!!!!
20220211 014036.215 INFO             PET0 Running with ESMF Version   : ESMF_8_3_0_beta_snapshot_06-85-gae1d61de23
20220211 014036.216 INFO             PET0 ESMF library build date/time: "Feb 11 2022" "01:11:14"
20220211 014036.216 INFO             PET0 ESMF library build location : /gpfsm/dnb04/projects/p98/mpotts/esmf/intel_2020_mpt_O_jedwards_pio_update
20220211 014036.216 INFO             PET0 ESMF_COMM                   : mpt
20220211 014036.216 INFO             PET0 ESMF_MOAB                   : enabled
20220211 014036.216 INFO             PET0 ESMF_LAPACK                 : enabled
20220211 014036.216 INFO             PET0 ESMF_NETCDF                 : enabled
20220211 014036.216 INFO             PET0 ESMF_PNETCDF                : disabled
20220211 014036.216 INFO             PET0 ESMF_PIO                    : enabled
20220211 014036.216 INFO             PET0 ESMF_YAMLCPP                : enabled
20220211 014036.255 DEBUG            PET0 about to destroy Grid: 0x19c10c0
20220211 014036.260 DEBUG            PET0 about to destroy Grid: 0x19c3e70
20220211 014036.271 INFO             PET0  NUMBER_OF_PROCESSORS           4
20220211 014036.271 INFO             PET0  PASS  Example ESMF_NUOPCAtmModelEx, ESMF_NUOPCAtmModelEx.F90, line 806
20220211 014036.271 INFO             PET0 Finalizing ESMF
20220211 014036.271 INFO             PET0 ESMCI_IO_Handler.C:330 ESMCI::IO_Handler::finalize() 
20220211 014036.271 INFO             PET0 ESMCI_PIO_Handler.C:347 ESMCI::PIO_Handler::finalize() 
20220211 014036.271 INFO             PET0 ESMCI_IO_Handler.C:332 ESMCI::IO_Handler::finalize() after finalize, localrc = 0
20220211 014036.271 INFO             PET0 ESMCI_IO_Handler.C:355 ESMCI::IO_Handler::finalize() before return, localrc = 0
20220211 014036.216 INFO             PET1 !!!!!!!!!!!!!!!!!!!!!!!!!!!!!!!!!!!!!!!!!!!!!!!!!!!!!!
20220211 014036.216 INFO             PET1 !!! THE ESMF_LOG IS SET TO OUTPUT ALL LOG MESSAGES !!!
20220211 014036.216 INFO             PET1 !!!     THIS MAY CAUSE SLOWDOWN IN PERFORMANCE     !!!
20220211 014036.216 INFO             PET1 !!! FOR PRODUCTION RUNS, USE:                      !!!
20220211 014036.216 INFO             PET1 !!!                   ESMF_LOGKIND_Multi_On_Error  !!!
20220211 014036.216 INFO             PET1 !!!!!!!!!!!!!!!!!!!!!!!!!!!!!!!!!!!!!!!!!!!!!!!!!!!!!!
20220211 014036.216 INFO             PET1 Running with ESMF Version   : ESMF_8_3_0_beta_snapshot_06-85-gae1d61de23
20220211 014036.216 INFO             PET1 ESMF library build date/time: "Feb 11 2022" "01:11:14"
20220211 014036.216 INFO             PET1 ESMF library build location : /gpfsm/dnb04/projects/p98/mpotts/esmf/intel_2020_mpt_O_jedwards_pio_update
20220211 014036.216 INFO             PET1 ESMF_COMM                   : mpt
20220211 014036.216 INFO             PET1 ESMF_MOAB                   : enabled
20220211 014036.216 INFO             PET1 ESMF_LAPACK                 : enabled
20220211 014036.216 INFO             PET1 ESMF_NETCDF                 : enabled
20220211 014036.216 INFO             PET1 ESMF_PNETCDF                : disabled
20220211 014036.216 INFO             PET1 ESMF_PIO                    : enabled
20220211 014036.216 INFO             PET1 ESMF_YAMLCPP                : enabled
20220211 014036.255 DEBUG            PET1 about to destroy Grid: 0x19c3e90
20220211 014036.260 DEBUG            PET1 about to destroy Grid: 0x19c4c30
20220211 014036.271 INFO             PET1  NUMBER_OF_PROCESSORS           4
20220211 014036.271 INFO             PET1  PASS  Example ESMF_NUOPCAtmModelEx, ESMF_NUOPCAtmModelEx.F90, line 806
20220211 014036.271 INFO             PET1 Finalizing ESMF
20220211 014036.271 INFO             PET1 ESMCI_IO_Handler.C:330 ESMCI::IO_Handler::finalize() 
20220211 014036.271 INFO             PET1 ESMCI_PIO_Handler.C:347 ESMCI::PIO_Handler::finalize() 
20220211 014036.271 INFO             PET1 ESMCI_IO_Handler.C:332 ESMCI::IO_Handler::finalize() after finalize, localrc = 0
20220211 014036.271 INFO             PET1 ESMCI_IO_Handler.C:355 ESMCI::IO_Handler::finalize() before return, localrc = 0
20220211 014036.215 INFO             PET2 !!!!!!!!!!!!!!!!!!!!!!!!!!!!!!!!!!!!!!!!!!!!!!!!!!!!!!
20220211 014036.215 INFO             PET2 !!! THE ESMF_LOG IS SET TO OUTPUT ALL LOG MESSAGES !!!
20220211 014036.215 INFO             PET2 !!!     THIS MAY CAUSE SLOWDOWN IN PERFORMANCE     !!!
20220211 014036.215 INFO             PET2 !!! FOR PRODUCTION RUNS, USE:                      !!!
20220211 014036.215 INFO             PET2 !!!                   ESMF_LOGKIND_Multi_On_Error  !!!
20220211 014036.215 INFO             PET2 !!!!!!!!!!!!!!!!!!!!!!!!!!!!!!!!!!!!!!!!!!!!!!!!!!!!!!
20220211 014036.215 INFO             PET2 Running with ESMF Version   : ESMF_8_3_0_beta_snapshot_06-85-gae1d61de23
20220211 014036.215 INFO             PET2 ESMF library build date/time: "Feb 11 2022" "01:11:14"
20220211 014036.215 INFO             PET2 ESMF library build location : /gpfsm/dnb04/projects/p98/mpotts/esmf/intel_2020_mpt_O_jedwards_pio_update
20220211 014036.215 INFO             PET2 ESMF_COMM                   : mpt
20220211 014036.217 INFO             PET2 ESMF_MOAB                   : enabled
20220211 014036.217 INFO             PET2 ESMF_LAPACK                 : enabled
20220211 014036.217 INFO             PET2 ESMF_NETCDF                 : enabled
20220211 014036.217 INFO             PET2 ESMF_PNETCDF                : disabled
20220211 014036.217 INFO             PET2 ESMF_PIO                    : enabled
20220211 014036.217 INFO             PET2 ESMF_YAMLCPP                : enabled
20220211 014036.255 DEBUG            PET2 about to destroy Grid: 0x19c3f10
20220211 014036.260 DEBUG            PET2 about to destroy Grid: 0x19c4cb0
20220211 014036.271 INFO             PET2  NUMBER_OF_PROCESSORS           4
20220211 014036.271 INFO             PET2  PASS  Example ESMF_NUOPCAtmModelEx, ESMF_NUOPCAtmModelEx.F90, line 806
20220211 014036.271 INFO             PET2 Finalizing ESMF
20220211 014036.271 INFO             PET2 ESMCI_IO_Handler.C:330 ESMCI::IO_Handler::finalize() 
20220211 014036.271 INFO             PET2 ESMCI_PIO_Handler.C:347 ESMCI::PIO_Handler::finalize() 
20220211 014036.271 INFO             PET2 ESMCI_IO_Handler.C:332 ESMCI::IO_Handler::finalize() after finalize, localrc = 0
20220211 014036.271 INFO             PET2 ESMCI_IO_Handler.C:355 ESMCI::IO_Handler::finalize() before return, localrc = 0
20220211 014036.215 INFO             PET3 !!!!!!!!!!!!!!!!!!!!!!!!!!!!!!!!!!!!!!!!!!!!!!!!!!!!!!
20220211 014036.215 INFO             PET3 !!! THE ESMF_LOG IS SET TO OUTPUT ALL LOG MESSAGES !!!
20220211 014036.215 INFO             PET3 !!!     THIS MAY CAUSE SLOWDOWN IN PERFORMANCE     !!!
20220211 014036.215 INFO             PET3 !!! FOR PRODUCTION RUNS, USE:                      !!!
20220211 014036.215 INFO             PET3 !!!                   ESMF_LOGKIND_Multi_On_Error  !!!
20220211 014036.215 INFO             PET3 !!!!!!!!!!!!!!!!!!!!!!!!!!!!!!!!!!!!!!!!!!!!!!!!!!!!!!
20220211 014036.215 INFO             PET3 Running with ESMF Version   : ESMF_8_3_0_beta_snapshot_06-85-gae1d61de23
20220211 014036.215 INFO             PET3 ESMF library build date/time: "Feb 11 2022" "01:11:14"
20220211 014036.215 INFO             PET3 ESMF library build location : /gpfsm/dnb04/projects/p98/mpotts/esmf/intel_2020_mpt_O_jedwards_pio_update
20220211 014036.215 INFO             PET3 ESMF_COMM                   : mpt
20220211 014036.216 INFO             PET3 ESMF_MOAB                   : enabled
20220211 014036.216 INFO             PET3 ESMF_LAPACK                 : enabled
20220211 014036.216 INFO             PET3 ESMF_NETCDF                 : enabled
20220211 014036.216 INFO             PET3 ESMF_PNETCDF                : disabled
20220211 014036.216 INFO             PET3 ESMF_PIO                    : enabled
20220211 014036.216 INFO             PET3 ESMF_YAMLCPP                : enabled
20220211 014036.255 DEBUG            PET3 about to destroy Grid: 0x19c3f90
20220211 014036.260 DEBUG            PET3 about to destroy Grid: 0x19c4d30
20220211 014036.271 INFO             PET3  NUMBER_OF_PROCESSORS           4
20220211 014036.271 INFO             PET3  PASS  Example ESMF_NUOPCAtmModelEx, ESMF_NUOPCAtmModelEx.F90, line 806
20220211 014036.271 INFO             PET3 Finalizing ESMF
20220211 014036.271 INFO             PET3 ESMCI_IO_Handler.C:330 ESMCI::IO_Handler::finalize() 
20220211 014036.271 INFO             PET3 ESMCI_PIO_Handler.C:347 ESMCI::PIO_Handler::finalize() 
20220211 014036.271 INFO             PET3 ESMCI_IO_Handler.C:332 ESMCI::IO_Handler::finalize() after finalize, localrc = 0
20220211 014036.271 INFO             PET3 ESMCI_IO_Handler.C:355 ESMCI::IO_Handler::finalize() before return, localrc = 0
