build time -- 2022-01-31 01:12:50.121948
20220131 013806.226 INFO             PET0 !!!!!!!!!!!!!!!!!!!!!!!!!!!!!!!!!!!!!!!!!!!!!!!!!!!!!!
20220131 013806.226 INFO             PET0 !!! THE ESMF_LOG IS SET TO OUTPUT ALL LOG MESSAGES !!!
20220131 013806.226 INFO             PET0 !!!     THIS MAY CAUSE SLOWDOWN IN PERFORMANCE     !!!
20220131 013806.226 INFO             PET0 !!! FOR PRODUCTION RUNS, USE:                      !!!
20220131 013806.226 INFO             PET0 !!!                   ESMF_LOGKIND_Multi_On_Error  !!!
20220131 013806.226 INFO             PET0 !!!!!!!!!!!!!!!!!!!!!!!!!!!!!!!!!!!!!!!!!!!!!!!!!!!!!!
20220131 013806.226 INFO             PET0 Running with ESMF Version   : ESMF_8_3_0_beta_snapshot_06-83-g4a71250d3d
20220131 013806.226 INFO             PET0 ESMF library build date/time: "Jan 31 2022" "01:10:52"
20220131 013806.226 INFO             PET0 ESMF library build location : /gpfsm/dnb04/projects/p98/mpotts/esmf/intel_2020_mpt_O_jedwards_pio_update
20220131 013806.226 INFO             PET0 ESMF_COMM                   : mpt
20220131 013806.227 INFO             PET0 ESMF_MOAB                   : enabled
20220131 013806.227 INFO             PET0 ESMF_LAPACK                 : enabled
20220131 013806.227 INFO             PET0 ESMF_NETCDF                 : enabled
20220131 013806.227 INFO             PET0 ESMF_PNETCDF                : disabled
20220131 013806.227 INFO             PET0 ESMF_PIO                    : enabled
20220131 013806.227 INFO             PET0 ESMF_YAMLCPP                : enabled
20220131 013806.242 INFO             PET0 Log Write 2
20220131 013806.242 ERROR            PET0 Invalid object  - Convergence failure
20220131 013806.243 ERROR            PET0 ESMCI_Fraction.C:1444 ESMCI::Fraction::validate() must have non-zero denominator.
20220131 013806.243 ERROR            PET0 ESMCI_Time.C:838 ESMCI::Time::syncToRealTime() Wrong argument specified  - ; calkindflag is JULIANDAY, MODJULIANDAY or NOCALENDAR.
20220131 013806.243 ERROR            PET0 ESMF_Time.F90:1485 ESMF_TimeSyncToRealTime() Wrong argument specified  - Internal subroutine call returned Error
20220131 013806.243 ERROR            PET0 Wrong argument specified  - getting wall clock time
20220131 013806.244 INFO             PET0  NUMBER_OF_PROCESSORS           4
20220131 013806.244 INFO             PET0  PASS  Example ESMF_LogErrEx, ESMF_LogErrEx.F90, line 186
20220131 013806.244 INFO             PET0 Finalizing ESMF
20220131 013806.251 INFO             PET0 ESMCI_IO_Handler.C:330 ESMCI::IO_Handler::finalize() 
20220131 013806.251 INFO             PET0 ESMCI_PIO_Handler.C:348 ESMCI::PIO_Handler::finalize() 
20220131 013806.251 INFO             PET0 ESMCI_IO_Handler.C:332 ESMCI::IO_Handler::finalize() after finalize, localrc = 0
20220131 013806.251 INFO             PET0 ESMCI_IO_Handler.C:355 ESMCI::IO_Handler::finalize() before return, localrc = 0
20220131 013806.226 INFO             PET1 !!!!!!!!!!!!!!!!!!!!!!!!!!!!!!!!!!!!!!!!!!!!!!!!!!!!!!
20220131 013806.226 INFO             PET1 !!! THE ESMF_LOG IS SET TO OUTPUT ALL LOG MESSAGES !!!
20220131 013806.226 INFO             PET1 !!!     THIS MAY CAUSE SLOWDOWN IN PERFORMANCE     !!!
20220131 013806.226 INFO             PET1 !!! FOR PRODUCTION RUNS, USE:                      !!!
20220131 013806.226 INFO             PET1 !!!                   ESMF_LOGKIND_Multi_On_Error  !!!
20220131 013806.226 INFO             PET1 !!!!!!!!!!!!!!!!!!!!!!!!!!!!!!!!!!!!!!!!!!!!!!!!!!!!!!
20220131 013806.226 INFO             PET1 Running with ESMF Version   : ESMF_8_3_0_beta_snapshot_06-83-g4a71250d3d
20220131 013806.226 INFO             PET1 ESMF library build date/time: "Jan 31 2022" "01:10:52"
20220131 013806.226 INFO             PET1 ESMF library build location : /gpfsm/dnb04/projects/p98/mpotts/esmf/intel_2020_mpt_O_jedwards_pio_update
20220131 013806.226 INFO             PET1 ESMF_COMM                   : mpt
20220131 013806.227 INFO             PET1 ESMF_MOAB                   : enabled
20220131 013806.227 INFO             PET1 ESMF_LAPACK                 : enabled
20220131 013806.227 INFO             PET1 ESMF_NETCDF                 : enabled
20220131 013806.227 INFO             PET1 ESMF_PNETCDF                : disabled
20220131 013806.227 INFO             PET1 ESMF_PIO                    : enabled
20220131 013806.227 INFO             PET1 ESMF_YAMLCPP                : enabled
20220131 013806.242 INFO             PET1 Log Write 2
20220131 013806.242 ERROR            PET1 Invalid object  - Convergence failure
20220131 013806.243 ERROR            PET1 ESMCI_Fraction.C:1444 ESMCI::Fraction::validate() must have non-zero denominator.
20220131 013806.243 ERROR            PET1 ESMCI_Time.C:838 ESMCI::Time::syncToRealTime() Wrong argument specified  - ; calkindflag is JULIANDAY, MODJULIANDAY or NOCALENDAR.
20220131 013806.243 ERROR            PET1 ESMF_Time.F90:1485 ESMF_TimeSyncToRealTime() Wrong argument specified  - Internal subroutine call returned Error
20220131 013806.243 ERROR            PET1 Wrong argument specified  - getting wall clock time
20220131 013806.243 INFO             PET1  NUMBER_OF_PROCESSORS           4
20220131 013806.243 INFO             PET1  PASS  Example ESMF_LogErrEx, ESMF_LogErrEx.F90, line 186
20220131 013806.244 INFO             PET1 Finalizing ESMF
20220131 013806.251 INFO             PET1 ESMCI_IO_Handler.C:330 ESMCI::IO_Handler::finalize() 
20220131 013806.251 INFO             PET1 ESMCI_PIO_Handler.C:348 ESMCI::PIO_Handler::finalize() 
20220131 013806.251 INFO             PET1 ESMCI_IO_Handler.C:332 ESMCI::IO_Handler::finalize() after finalize, localrc = 0
20220131 013806.251 INFO             PET1 ESMCI_IO_Handler.C:355 ESMCI::IO_Handler::finalize() before return, localrc = 0
20220131 013806.226 INFO             PET2 !!!!!!!!!!!!!!!!!!!!!!!!!!!!!!!!!!!!!!!!!!!!!!!!!!!!!!
20220131 013806.226 INFO             PET2 !!! THE ESMF_LOG IS SET TO OUTPUT ALL LOG MESSAGES !!!
20220131 013806.226 INFO             PET2 !!!     THIS MAY CAUSE SLOWDOWN IN PERFORMANCE     !!!
20220131 013806.226 INFO             PET2 !!! FOR PRODUCTION RUNS, USE:                      !!!
20220131 013806.226 INFO             PET2 !!!                   ESMF_LOGKIND_Multi_On_Error  !!!
20220131 013806.226 INFO             PET2 !!!!!!!!!!!!!!!!!!!!!!!!!!!!!!!!!!!!!!!!!!!!!!!!!!!!!!
20220131 013806.226 INFO             PET2 Running with ESMF Version   : ESMF_8_3_0_beta_snapshot_06-83-g4a71250d3d
20220131 013806.226 INFO             PET2 ESMF library build date/time: "Jan 31 2022" "01:10:52"
20220131 013806.226 INFO             PET2 ESMF library build location : /gpfsm/dnb04/projects/p98/mpotts/esmf/intel_2020_mpt_O_jedwards_pio_update
20220131 013806.226 INFO             PET2 ESMF_COMM                   : mpt
20220131 013806.227 INFO             PET2 ESMF_MOAB                   : enabled
20220131 013806.227 INFO             PET2 ESMF_LAPACK                 : enabled
20220131 013806.227 INFO             PET2 ESMF_NETCDF                 : enabled
20220131 013806.227 INFO             PET2 ESMF_PNETCDF                : disabled
20220131 013806.227 INFO             PET2 ESMF_PIO                    : enabled
20220131 013806.227 INFO             PET2 ESMF_YAMLCPP                : enabled
20220131 013806.242 INFO             PET2 Log Write 2
20220131 013806.242 ERROR            PET2 Invalid object  - Convergence failure
20220131 013806.243 ERROR            PET2 ESMCI_Fraction.C:1444 ESMCI::Fraction::validate() must have non-zero denominator.
20220131 013806.243 ERROR            PET2 ESMCI_Time.C:838 ESMCI::Time::syncToRealTime() Wrong argument specified  - ; calkindflag is JULIANDAY, MODJULIANDAY or NOCALENDAR.
20220131 013806.243 ERROR            PET2 ESMF_Time.F90:1485 ESMF_TimeSyncToRealTime() Wrong argument specified  - Internal subroutine call returned Error
20220131 013806.243 ERROR            PET2 Wrong argument specified  - getting wall clock time
20220131 013806.244 INFO             PET2  NUMBER_OF_PROCESSORS           4
20220131 013806.244 INFO             PET2  PASS  Example ESMF_LogErrEx, ESMF_LogErrEx.F90, line 186
20220131 013806.244 INFO             PET2 Finalizing ESMF
20220131 013806.251 INFO             PET2 ESMCI_IO_Handler.C:330 ESMCI::IO_Handler::finalize() 
20220131 013806.251 INFO             PET2 ESMCI_PIO_Handler.C:348 ESMCI::PIO_Handler::finalize() 
20220131 013806.251 INFO             PET2 ESMCI_IO_Handler.C:332 ESMCI::IO_Handler::finalize() after finalize, localrc = 0
20220131 013806.251 INFO             PET2 ESMCI_IO_Handler.C:355 ESMCI::IO_Handler::finalize() before return, localrc = 0
20220131 013806.226 INFO             PET3 !!!!!!!!!!!!!!!!!!!!!!!!!!!!!!!!!!!!!!!!!!!!!!!!!!!!!!
20220131 013806.226 INFO             PET3 !!! THE ESMF_LOG IS SET TO OUTPUT ALL LOG MESSAGES !!!
20220131 013806.226 INFO             PET3 !!!     THIS MAY CAUSE SLOWDOWN IN PERFORMANCE     !!!
20220131 013806.226 INFO             PET3 !!! FOR PRODUCTION RUNS, USE:                      !!!
20220131 013806.226 INFO             PET3 !!!                   ESMF_LOGKIND_Multi_On_Error  !!!
20220131 013806.226 INFO             PET3 !!!!!!!!!!!!!!!!!!!!!!!!!!!!!!!!!!!!!!!!!!!!!!!!!!!!!!
20220131 013806.226 INFO             PET3 Running with ESMF Version   : ESMF_8_3_0_beta_snapshot_06-83-g4a71250d3d
20220131 013806.226 INFO             PET3 ESMF library build date/time: "Jan 31 2022" "01:10:52"
20220131 013806.226 INFO             PET3 ESMF library build location : /gpfsm/dnb04/projects/p98/mpotts/esmf/intel_2020_mpt_O_jedwards_pio_update
20220131 013806.226 INFO             PET3 ESMF_COMM                   : mpt
20220131 013806.227 INFO             PET3 ESMF_MOAB                   : enabled
20220131 013806.227 INFO             PET3 ESMF_LAPACK                 : enabled
20220131 013806.227 INFO             PET3 ESMF_NETCDF                 : enabled
20220131 013806.227 INFO             PET3 ESMF_PNETCDF                : disabled
20220131 013806.227 INFO             PET3 ESMF_PIO                    : enabled
20220131 013806.227 INFO             PET3 ESMF_YAMLCPP                : enabled
20220131 013806.242 INFO             PET3 Log Write 2
20220131 013806.242 ERROR            PET3 Invalid object  - Convergence failure
20220131 013806.243 ERROR            PET3 ESMCI_Fraction.C:1444 ESMCI::Fraction::validate() must have non-zero denominator.
20220131 013806.243 ERROR            PET3 ESMCI_Time.C:838 ESMCI::Time::syncToRealTime() Wrong argument specified  - ; calkindflag is JULIANDAY, MODJULIANDAY or NOCALENDAR.
20220131 013806.243 ERROR            PET3 ESMF_Time.F90:1485 ESMF_TimeSyncToRealTime() Wrong argument specified  - Internal subroutine call returned Error
20220131 013806.243 ERROR            PET3 Wrong argument specified  - getting wall clock time
20220131 013806.243 INFO             PET3  NUMBER_OF_PROCESSORS           4
20220131 013806.243 INFO             PET3  PASS  Example ESMF_LogErrEx, ESMF_LogErrEx.F90, line 186
20220131 013806.243 INFO             PET3 Finalizing ESMF
20220131 013806.251 INFO             PET3 ESMCI_IO_Handler.C:330 ESMCI::IO_Handler::finalize() 
20220131 013806.251 INFO             PET3 ESMCI_PIO_Handler.C:348 ESMCI::PIO_Handler::finalize() 
20220131 013806.251 INFO             PET3 ESMCI_IO_Handler.C:332 ESMCI::IO_Handler::finalize() after finalize, localrc = 0
20220131 013806.251 INFO             PET3 ESMCI_IO_Handler.C:355 ESMCI::IO_Handler::finalize() before return, localrc = 0
