build time -- 2022-02-11 01:13:10.999648
20220211 013838.526 INFO             PET0 !!!!!!!!!!!!!!!!!!!!!!!!!!!!!!!!!!!!!!!!!!!!!!!!!!!!!!
20220211 013838.526 INFO             PET0 !!! THE ESMF_LOG IS SET TO OUTPUT ALL LOG MESSAGES !!!
20220211 013838.526 INFO             PET0 !!!     THIS MAY CAUSE SLOWDOWN IN PERFORMANCE     !!!
20220211 013838.526 INFO             PET0 !!! FOR PRODUCTION RUNS, USE:                      !!!
20220211 013838.526 INFO             PET0 !!!                   ESMF_LOGKIND_Multi_On_Error  !!!
20220211 013838.526 INFO             PET0 !!!!!!!!!!!!!!!!!!!!!!!!!!!!!!!!!!!!!!!!!!!!!!!!!!!!!!
20220211 013838.526 INFO             PET0 Running with ESMF Version   : ESMF_8_3_0_beta_snapshot_06-85-gae1d61de23
20220211 013838.526 INFO             PET0 ESMF library build date/time: "Feb 11 2022" "01:11:14"
20220211 013838.526 INFO             PET0 ESMF library build location : /gpfsm/dnb04/projects/p98/mpotts/esmf/intel_2020_mpt_O_jedwards_pio_update
20220211 013838.526 INFO             PET0 ESMF_COMM                   : mpt
20220211 013838.527 INFO             PET0 ESMF_MOAB                   : enabled
20220211 013838.527 INFO             PET0 ESMF_LAPACK                 : enabled
20220211 013838.527 INFO             PET0 ESMF_NETCDF                 : enabled
20220211 013838.527 INFO             PET0 ESMF_PNETCDF                : disabled
20220211 013838.527 INFO             PET0 ESMF_PIO                    : enabled
20220211 013838.527 INFO             PET0 ESMF_YAMLCPP                : enabled
20220211 013838.527 INFO             PET0  NUMBER_OF_PROCESSORS           2
20220211 013838.527 INFO             PET0  PASS  Example ESMF_VMUserMpiCommEx, ESMF_VMUserMpiCommEx.F90, line 113
20220211 013838.527 INFO             PET0 Finalizing ESMF
20220211 013838.527 INFO             PET0 ESMCI_IO_Handler.C:330 ESMCI::IO_Handler::finalize() 
20220211 013838.527 INFO             PET0 ESMCI_PIO_Handler.C:347 ESMCI::PIO_Handler::finalize() 
20220211 013838.527 INFO             PET0 ESMCI_IO_Handler.C:332 ESMCI::IO_Handler::finalize() after finalize, localrc = 0
20220211 013838.527 INFO             PET0 ESMCI_IO_Handler.C:355 ESMCI::IO_Handler::finalize() before return, localrc = 0
20220211 013838.526 INFO             PET1 !!!!!!!!!!!!!!!!!!!!!!!!!!!!!!!!!!!!!!!!!!!!!!!!!!!!!!
20220211 013838.526 INFO             PET1 !!! THE ESMF_LOG IS SET TO OUTPUT ALL LOG MESSAGES !!!
20220211 013838.526 INFO             PET1 !!!     THIS MAY CAUSE SLOWDOWN IN PERFORMANCE     !!!
20220211 013838.526 INFO             PET1 !!! FOR PRODUCTION RUNS, USE:                      !!!
20220211 013838.526 INFO             PET1 !!!                   ESMF_LOGKIND_Multi_On_Error  !!!
20220211 013838.526 INFO             PET1 !!!!!!!!!!!!!!!!!!!!!!!!!!!!!!!!!!!!!!!!!!!!!!!!!!!!!!
20220211 013838.526 INFO             PET1 Running with ESMF Version   : ESMF_8_3_0_beta_snapshot_06-85-gae1d61de23
20220211 013838.526 INFO             PET1 ESMF library build date/time: "Feb 11 2022" "01:11:14"
20220211 013838.526 INFO             PET1 ESMF library build location : /gpfsm/dnb04/projects/p98/mpotts/esmf/intel_2020_mpt_O_jedwards_pio_update
20220211 013838.526 INFO             PET1 ESMF_COMM                   : mpt
20220211 013838.527 INFO             PET1 ESMF_MOAB                   : enabled
20220211 013838.527 INFO             PET1 ESMF_LAPACK                 : enabled
20220211 013838.527 INFO             PET1 ESMF_NETCDF                 : enabled
20220211 013838.527 INFO             PET1 ESMF_PNETCDF                : disabled
20220211 013838.527 INFO             PET1 ESMF_PIO                    : enabled
20220211 013838.527 INFO             PET1 ESMF_YAMLCPP                : enabled
20220211 013838.527 INFO             PET1  NUMBER_OF_PROCESSORS           2
20220211 013838.527 INFO             PET1  PASS  Example ESMF_VMUserMpiCommEx, ESMF_VMUserMpiCommEx.F90, line 113
20220211 013838.527 INFO             PET1 Finalizing ESMF
20220211 013838.527 INFO             PET1 ESMCI_IO_Handler.C:330 ESMCI::IO_Handler::finalize() 
20220211 013838.527 INFO             PET1 ESMCI_PIO_Handler.C:347 ESMCI::PIO_Handler::finalize() 
20220211 013838.527 INFO             PET1 ESMCI_IO_Handler.C:332 ESMCI::IO_Handler::finalize() after finalize, localrc = 0
20220211 013838.527 INFO             PET1 ESMCI_IO_Handler.C:355 ESMCI::IO_Handler::finalize() before return, localrc = 0
