build time -- 2021-10-29 01:13:03.793806
20211029 014015.143 INFO             PET0 !!!!!!!!!!!!!!!!!!!!!!!!!!!!!!!!!!!!!!!!!!!!!!!!!!!!!!
20211029 014015.143 INFO             PET0 !!! THE ESMF_LOG IS SET TO OUTPUT ALL LOG MESSAGES !!!
20211029 014015.143 INFO             PET0 !!!     THIS MAY CAUSE SLOWDOWN IN PERFORMANCE     !!!
20211029 014015.143 INFO             PET0 !!! FOR PRODUCTION RUNS, USE:                      !!!
20211029 014015.143 INFO             PET0 !!!                   ESMF_LOGKIND_Multi_On_Error  !!!
20211029 014015.143 INFO             PET0 !!!!!!!!!!!!!!!!!!!!!!!!!!!!!!!!!!!!!!!!!!!!!!!!!!!!!!
20211029 014015.143 INFO             PET0 Running with ESMF Version   : ESMF_8_2_0
20211029 014015.143 INFO             PET0 ESMF library build date/time: "Oct 29 2021" "01:11:47"
20211029 014015.143 INFO             PET0 ESMF library build location : /gpfsm/dnb04/projects/p98/mpotts/esmf/gfortran_10.1.0_intelmpi_g_main
20211029 014015.143 INFO             PET0 ESMF_COMM                   : intelmpi
20211029 014015.143 INFO             PET0 ESMF_MOAB                   : enabled
20211029 014015.143 INFO             PET0 ESMF_LAPACK                 : enabled
20211029 014015.143 INFO             PET0 ESMF_NETCDF                 : disabled
20211029 014015.143 INFO             PET0 ESMF_PNETCDF                : disabled
20211029 014015.144 INFO             PET0 ESMF_PIO                    : enabled
20211029 014015.144 INFO             PET0 ESMF_YAMLCPP                : enabled
20211029 014015.261 DEBUG            PET0 about to destroy Grid: 0x8c3e10
20211029 014015.279 DEBUG            PET0 about to destroy Grid: 0x8c5f90
20211029 014015.313 INFO             PET0  NUMBER_OF_PROCESSORS           4
20211029 014015.314 INFO             PET0  PASS  Example ESMF_NUOPCAtmModelEx, ESMF_NUOPCAtmModelEx.F90, line 806
20211029 014015.314 INFO             PET0 Finalizing ESMF
20211029 014015.143 INFO             PET1 !!!!!!!!!!!!!!!!!!!!!!!!!!!!!!!!!!!!!!!!!!!!!!!!!!!!!!
20211029 014015.143 INFO             PET1 !!! THE ESMF_LOG IS SET TO OUTPUT ALL LOG MESSAGES !!!
20211029 014015.143 INFO             PET1 !!!     THIS MAY CAUSE SLOWDOWN IN PERFORMANCE     !!!
20211029 014015.143 INFO             PET1 !!! FOR PRODUCTION RUNS, USE:                      !!!
20211029 014015.143 INFO             PET1 !!!                   ESMF_LOGKIND_Multi_On_Error  !!!
20211029 014015.143 INFO             PET1 !!!!!!!!!!!!!!!!!!!!!!!!!!!!!!!!!!!!!!!!!!!!!!!!!!!!!!
20211029 014015.143 INFO             PET1 Running with ESMF Version   : ESMF_8_2_0
20211029 014015.143 INFO             PET1 ESMF library build date/time: "Oct 29 2021" "01:11:47"
20211029 014015.143 INFO             PET1 ESMF library build location : /gpfsm/dnb04/projects/p98/mpotts/esmf/gfortran_10.1.0_intelmpi_g_main
20211029 014015.143 INFO             PET1 ESMF_COMM                   : intelmpi
20211029 014015.144 INFO             PET1 ESMF_MOAB                   : enabled
20211029 014015.144 INFO             PET1 ESMF_LAPACK                 : enabled
20211029 014015.144 INFO             PET1 ESMF_NETCDF                 : disabled
20211029 014015.144 INFO             PET1 ESMF_PNETCDF                : disabled
20211029 014015.144 INFO             PET1 ESMF_PIO                    : enabled
20211029 014015.144 INFO             PET1 ESMF_YAMLCPP                : enabled
20211029 014015.261 DEBUG            PET1 about to destroy Grid: 0x8c4bf0
20211029 014015.279 DEBUG            PET1 about to destroy Grid: 0x8c58d0
20211029 014015.313 INFO             PET1  NUMBER_OF_PROCESSORS           4
20211029 014015.313 INFO             PET1  PASS  Example ESMF_NUOPCAtmModelEx, ESMF_NUOPCAtmModelEx.F90, line 806
20211029 014015.313 INFO             PET1 Finalizing ESMF
20211029 014015.144 INFO             PET2 !!!!!!!!!!!!!!!!!!!!!!!!!!!!!!!!!!!!!!!!!!!!!!!!!!!!!!
20211029 014015.144 INFO             PET2 !!! THE ESMF_LOG IS SET TO OUTPUT ALL LOG MESSAGES !!!
20211029 014015.144 INFO             PET2 !!!     THIS MAY CAUSE SLOWDOWN IN PERFORMANCE     !!!
20211029 014015.144 INFO             PET2 !!! FOR PRODUCTION RUNS, USE:                      !!!
20211029 014015.144 INFO             PET2 !!!                   ESMF_LOGKIND_Multi_On_Error  !!!
20211029 014015.144 INFO             PET2 !!!!!!!!!!!!!!!!!!!!!!!!!!!!!!!!!!!!!!!!!!!!!!!!!!!!!!
20211029 014015.144 INFO             PET2 Running with ESMF Version   : ESMF_8_2_0
20211029 014015.144 INFO             PET2 ESMF library build date/time: "Oct 29 2021" "01:11:47"
20211029 014015.144 INFO             PET2 ESMF library build location : /gpfsm/dnb04/projects/p98/mpotts/esmf/gfortran_10.1.0_intelmpi_g_main
20211029 014015.144 INFO             PET2 ESMF_COMM                   : intelmpi
20211029 014015.144 INFO             PET2 ESMF_MOAB                   : enabled
20211029 014015.144 INFO             PET2 ESMF_LAPACK                 : enabled
20211029 014015.144 INFO             PET2 ESMF_NETCDF                 : disabled
20211029 014015.144 INFO             PET2 ESMF_PNETCDF                : disabled
20211029 014015.144 INFO             PET2 ESMF_PIO                    : enabled
20211029 014015.144 INFO             PET2 ESMF_YAMLCPP                : enabled
20211029 014015.261 DEBUG            PET2 about to destroy Grid: 0x8c3a30
20211029 014015.279 DEBUG            PET2 about to destroy Grid: 0x8c56c0
20211029 014015.313 INFO             PET2  NUMBER_OF_PROCESSORS           4
20211029 014015.313 INFO             PET2  PASS  Example ESMF_NUOPCAtmModelEx, ESMF_NUOPCAtmModelEx.F90, line 806
20211029 014015.313 INFO             PET2 Finalizing ESMF
20211029 014015.144 INFO             PET3 !!!!!!!!!!!!!!!!!!!!!!!!!!!!!!!!!!!!!!!!!!!!!!!!!!!!!!
20211029 014015.144 INFO             PET3 !!! THE ESMF_LOG IS SET TO OUTPUT ALL LOG MESSAGES !!!
20211029 014015.144 INFO             PET3 !!!     THIS MAY CAUSE SLOWDOWN IN PERFORMANCE     !!!
20211029 014015.144 INFO             PET3 !!! FOR PRODUCTION RUNS, USE:                      !!!
20211029 014015.144 INFO             PET3 !!!                   ESMF_LOGKIND_Multi_On_Error  !!!
20211029 014015.144 INFO             PET3 !!!!!!!!!!!!!!!!!!!!!!!!!!!!!!!!!!!!!!!!!!!!!!!!!!!!!!
20211029 014015.144 INFO             PET3 Running with ESMF Version   : ESMF_8_2_0
20211029 014015.144 INFO             PET3 ESMF library build date/time: "Oct 29 2021" "01:11:47"
20211029 014015.144 INFO             PET3 ESMF library build location : /gpfsm/dnb04/projects/p98/mpotts/esmf/gfortran_10.1.0_intelmpi_g_main
20211029 014015.144 INFO             PET3 ESMF_COMM                   : intelmpi
20211029 014015.144 INFO             PET3 ESMF_MOAB                   : enabled
20211029 014015.144 INFO             PET3 ESMF_LAPACK                 : enabled
20211029 014015.144 INFO             PET3 ESMF_NETCDF                 : disabled
20211029 014015.144 INFO             PET3 ESMF_PNETCDF                : disabled
20211029 014015.144 INFO             PET3 ESMF_PIO                    : enabled
20211029 014015.144 INFO             PET3 ESMF_YAMLCPP                : enabled
20211029 014015.261 DEBUG            PET3 about to destroy Grid: 0x8c4270
20211029 014015.279 DEBUG            PET3 about to destroy Grid: 0x8c4f50
20211029 014015.313 INFO             PET3  NUMBER_OF_PROCESSORS           4
20211029 014015.313 INFO             PET3  PASS  Example ESMF_NUOPCAtmModelEx, ESMF_NUOPCAtmModelEx.F90, line 806
20211029 014015.313 INFO             PET3 Finalizing ESMF
