build time -- 2021-11-30 03:48:02.385023
20211130 041337.184 INFO             PET0 !!!!!!!!!!!!!!!!!!!!!!!!!!!!!!!!!!!!!!!!!!!!!!!!!!!!!!
20211130 041337.184 INFO             PET0 !!! THE ESMF_LOG IS SET TO OUTPUT ALL LOG MESSAGES !!!
20211130 041337.184 INFO             PET0 !!!     THIS MAY CAUSE SLOWDOWN IN PERFORMANCE     !!!
20211130 041337.184 INFO             PET0 !!! FOR PRODUCTION RUNS, USE:                      !!!
20211130 041337.184 INFO             PET0 !!!                   ESMF_LOGKIND_Multi_On_Error  !!!
20211130 041337.184 INFO             PET0 !!!!!!!!!!!!!!!!!!!!!!!!!!!!!!!!!!!!!!!!!!!!!!!!!!!!!!
20211130 041337.184 INFO             PET0 Running with ESMF Version   : ESMF_8_3_0_beta_snapshot_03
20211130 041337.184 INFO             PET0 ESMF library build date/time: "Nov 30 2021" "03:46:02"
20211130 041337.184 INFO             PET0 ESMF library build location : /glade/scratch/mpotts/gfortran_10.1.0_mpt_O_develop
20211130 041337.184 INFO             PET0 ESMF_COMM                   : mpt
20211130 041337.185 INFO             PET0 ESMF_MOAB                   : enabled
20211130 041337.185 INFO             PET0 ESMF_LAPACK                 : enabled
20211130 041337.185 INFO             PET0 ESMF_NETCDF                 : enabled
20211130 041337.185 INFO             PET0 ESMF_PNETCDF                : disabled
20211130 041337.185 INFO             PET0 ESMF_PIO                    : enabled
20211130 041337.185 INFO             PET0 ESMF_YAMLCPP                : enabled
20211130 041337.185 INFO             PET0  NUMBER_OF_PROCESSORS           1
20211130 041337.185 INFO             PET0  PASS  Example CalendarEx, ESMF_CalendarEx.F90, line 217
20211130 041337.185 INFO             PET0 Finalizing ESMF
