build time -- 2021-10-04 03:51:09.416140
20211004 041802.322 INFO             PET0 !!!!!!!!!!!!!!!!!!!!!!!!!!!!!!!!!!!!!!!!!!!!!!!!!!!!!!
20211004 041802.322 INFO             PET0 !!! THE ESMF_LOG IS SET TO OUTPUT ALL LOG MESSAGES !!!
20211004 041802.322 INFO             PET0 !!!     THIS MAY CAUSE SLOWDOWN IN PERFORMANCE     !!!
20211004 041802.322 INFO             PET0 !!! FOR PRODUCTION RUNS, USE:                      !!!
20211004 041802.322 INFO             PET0 !!!                   ESMF_LOGKIND_Multi_On_Error  !!!
20211004 041802.322 INFO             PET0 !!!!!!!!!!!!!!!!!!!!!!!!!!!!!!!!!!!!!!!!!!!!!!!!!!!!!!
20211004 041802.322 INFO             PET0 Running with ESMF Version   : ESMF_8_2_0_beta_snapshot_20-18-g0aeed17f50
20211004 041802.322 INFO             PET0 ESMF library build date/time: "Oct  4 2021" "03:49:01"
20211004 041802.322 INFO             PET0 ESMF library build location : /glade/scratch/mpotts/gfortran_10.1.0_mpt_O_develop
20211004 041802.322 INFO             PET0 ESMF_COMM                   : mpt
20211004 041802.322 INFO             PET0 ESMF_MOAB                   : enabled
20211004 041802.322 INFO             PET0 ESMF_LAPACK                 : enabled
20211004 041802.322 INFO             PET0 ESMF_NETCDF                 : enabled
20211004 041802.322 INFO             PET0 ESMF_PNETCDF                : disabled
20211004 041802.322 INFO             PET0 ESMF_PIO                    : enabled
20211004 041802.322 INFO             PET0 ESMF_YAMLCPP                : enabled
20211004 041802.322 INFO             PET0  NUMBER_OF_PROCESSORS           1
20211004 041802.322 INFO             PET0  PASS  Example ESMF_TimeIntervalEx, ESMF_TimeIntervalEx.F90, line 176
20211004 041802.322 INFO             PET0 Finalizing ESMF
