build time -- 2021-10-30 03:46:56.261628
20211030 041330.328 INFO             PET0 !!!!!!!!!!!!!!!!!!!!!!!!!!!!!!!!!!!!!!!!!!!!!!!!!!!!!!
20211030 041330.329 INFO             PET0 !!! THE ESMF_LOG IS SET TO OUTPUT ALL LOG MESSAGES !!!
20211030 041330.329 INFO             PET0 !!!     THIS MAY CAUSE SLOWDOWN IN PERFORMANCE     !!!
20211030 041330.329 INFO             PET0 !!! FOR PRODUCTION RUNS, USE:                      !!!
20211030 041330.329 INFO             PET0 !!!                   ESMF_LOGKIND_Multi_On_Error  !!!
20211030 041330.329 INFO             PET0 !!!!!!!!!!!!!!!!!!!!!!!!!!!!!!!!!!!!!!!!!!!!!!!!!!!!!!
20211030 041330.329 INFO             PET0 Running with ESMF Version   : ESMF_8_3_0_beta_snapshot_02
20211030 041330.329 INFO             PET0 ESMF library build date/time: "Oct 30 2021" "03:44:51"
20211030 041330.329 INFO             PET0 ESMF library build location : /glade/scratch/mpotts/gfortran_10.1.0_mpt_O_develop
20211030 041330.329 INFO             PET0 ESMF_COMM                   : mpt
20211030 041330.329 INFO             PET0 ESMF_MOAB                   : enabled
20211030 041330.329 INFO             PET0 ESMF_LAPACK                 : enabled
20211030 041330.329 INFO             PET0 ESMF_NETCDF                 : enabled
20211030 041330.329 INFO             PET0 ESMF_PNETCDF                : disabled
20211030 041330.329 INFO             PET0 ESMF_PIO                    : enabled
20211030 041330.329 INFO             PET0 ESMF_YAMLCPP                : enabled
20211030 041330.331 INFO             PET0  NUMBER_OF_PROCESSORS           1
20211030 041330.331 INFO             PET0  PASS  Example ESMF_XGridSparseMatEx, ESMF_XGridSparseMatEx.F90, line 642
20211030 041330.331 INFO             PET0 Finalizing ESMF
