build time -- 2021-12-24 04:26:04
20211224 051547.186 INFO             PET0 !!!!!!!!!!!!!!!!!!!!!!!!!!!!!!!!!!!!!!!!!!!!!!!!!!!!!!
20211224 051547.186 INFO             PET0 !!! THE ESMF_LOG IS SET TO OUTPUT ALL LOG MESSAGES !!!
20211224 051547.186 INFO             PET0 !!!     THIS MAY CAUSE SLOWDOWN IN PERFORMANCE     !!!
20211224 051547.186 INFO             PET0 !!! FOR PRODUCTION RUNS, USE:                      !!!
20211224 051547.186 INFO             PET0 !!!                   ESMF_LOGKIND_Multi_On_Error  !!!
20211224 051547.186 INFO             PET0 !!!!!!!!!!!!!!!!!!!!!!!!!!!!!!!!!!!!!!!!!!!!!!!!!!!!!!
20211224 051547.186 INFO             PET0 Running with ESMF Version   : ESMF_8_3_0_beta_snapshot_05-1-g3e9d170
20211224 051547.186 INFO             PET0 ESMF library build date/time: "Dec 24 2021" "04:24:54"
20211224 051547.187 INFO             PET0 ESMF library build location : /work/noaa/da/mpotts/sandbox/gfortran_8.3.0_mpiuni_g_develop
20211224 051547.187 INFO             PET0 ESMF_COMM                   : mpiuni
20211224 051547.187 INFO             PET0 ESMF_MOAB                   : enabled
20211224 051547.187 INFO             PET0 ESMF_LAPACK                 : enabled
20211224 051547.187 INFO             PET0 ESMF_NETCDF                 : enabled
20211224 051547.187 INFO             PET0 ESMF_PNETCDF                : disabled
20211224 051547.187 INFO             PET0 ESMF_PIO                    : disabled
20211224 051547.187 INFO             PET0 ESMF_YAMLCPP                : enabled
20211224 051547.381 INFO             PET0  NUMBER_OF_PROCESSORS           1
20211224 051547.381 INFO             PET0  PASS  Example ESMF_RHandleDynamicMaskingEx, ESMF_RHandleDynamicMaskingEx.F90, line 1116
20211224 051547.381 INFO             PET0 Finalizing ESMF
