build time -- 2021-12-12 04:05:49
20211212 045404.640 INFO             PET0 !!!!!!!!!!!!!!!!!!!!!!!!!!!!!!!!!!!!!!!!!!!!!!!!!!!!!!
20211212 045404.640 INFO             PET0 !!! THE ESMF_LOG IS SET TO OUTPUT ALL LOG MESSAGES !!!
20211212 045404.640 INFO             PET0 !!!     THIS MAY CAUSE SLOWDOWN IN PERFORMANCE     !!!
20211212 045404.640 INFO             PET0 !!! FOR PRODUCTION RUNS, USE:                      !!!
20211212 045404.640 INFO             PET0 !!!                   ESMF_LOGKIND_Multi_On_Error  !!!
20211212 045404.640 INFO             PET0 !!!!!!!!!!!!!!!!!!!!!!!!!!!!!!!!!!!!!!!!!!!!!!!!!!!!!!
20211212 045404.640 INFO             PET0 Running with ESMF Version   : ESMF_8_3_0_beta_snapshot_04-8-g60a38ef
20211212 045404.640 INFO             PET0 ESMF library build date/time: "Dec 12 2021" "04:04:39"
20211212 045404.640 INFO             PET0 ESMF library build location : /work/noaa/da/mpotts/sandbox/gfortran_8.3.0_mpiuni_g_develop
20211212 045404.640 INFO             PET0 ESMF_COMM                   : mpiuni
20211212 045404.640 INFO             PET0 ESMF_MOAB                   : enabled
20211212 045404.640 INFO             PET0 ESMF_LAPACK                 : enabled
20211212 045404.640 INFO             PET0 ESMF_NETCDF                 : enabled
20211212 045404.640 INFO             PET0 ESMF_PNETCDF                : disabled
20211212 045404.640 INFO             PET0 ESMF_PIO                    : disabled
20211212 045404.640 INFO             PET0 ESMF_YAMLCPP                : enabled
20211212 045404.642 ERROR            PET0 ESMCI_Info.C:1277 Info::set(<json>) Cannot set value  - Error/Return Code 540 (ESMC_RC_CANNOT_SET) - Key '/myIntegerKey' already in map and force=false.
20211212 045404.642 ERROR            PET0 ESMCI_Info.C:1280 Info::set(<json>) Cannot set value  - Internal subroutine call returned Error
20211212 045404.642 ERROR            PET0 ESMCI_Info.C:1322 Info::set(<json>) Cannot set value  - Internal subroutine call returned Error
20211212 045404.642 ERROR            PET0 ESMCI_Info.C:1325 Info::set(<json>) Cannot set value  - Internal subroutine call returned Error
20211212 045404.642 ERROR            PET0 ESMCI_Info.C:1373 Info::set(<scalar>) Cannot set value  - Internal subroutine call returned Error
20211212 045404.642 ERROR            PET0 ESMC_InfoCDefGeneric.C:387 ESMC_InfoSetI4() Cannot set value  - Internal subroutine call returned Error
20211212 045404.642 ERROR            PET0 ESMF_Info.F90:2866 ESMF_InfoSetI4() Cannot set value  - Internal subroutine call returned Error
20211212 045404.643 INFO             PET0  NUMBER_OF_PROCESSORS           1
20211212 045404.643 INFO             PET0  PASS  Example ESMF_InfoTutorialEx, ESMF_InfoTutorialEx.F90, line 335
20211212 045404.643 INFO             PET0 Finalizing ESMF
