build time -- 2021-10-21 20:13:32
20211021 203015.583 INFO             PET0 !!!!!!!!!!!!!!!!!!!!!!!!!!!!!!!!!!!!!!!!!!!!!!!!!!!!!!
20211021 203015.584 INFO             PET0 !!! THE ESMF_LOG IS SET TO OUTPUT ALL LOG MESSAGES !!!
20211021 203015.584 INFO             PET0 !!!     THIS MAY CAUSE SLOWDOWN IN PERFORMANCE     !!!
20211021 203015.584 INFO             PET0 !!! FOR PRODUCTION RUNS, USE:                      !!!
20211021 203015.584 INFO             PET0 !!!                   ESMF_LOGKIND_Multi_On_Error  !!!
20211021 203015.584 INFO             PET0 !!!!!!!!!!!!!!!!!!!!!!!!!!!!!!!!!!!!!!!!!!!!!!!!!!!!!!
20211021 203015.584 INFO             PET0 Running with ESMF Version   : ESMF_8_2_0_beta_snapshot_22-19-gf1717ec670
20211021 203015.584 INFO             PET0 ESMF library build date/time: "Oct 21 2021" "20:12:18"
20211021 203015.584 INFO             PET0 ESMF library build location : /lfs/h1/emc/ptmp/Mark.Potts/intel_2019.3_mpi_g_release_8.2.0
20211021 203015.584 INFO             PET0 ESMF_COMM                   : mpi
20211021 203015.584 INFO             PET0 ESMF_MOAB                   : enabled
20211021 203015.584 INFO             PET0 ESMF_LAPACK                 : enabled
20211021 203015.584 INFO             PET0 ESMF_NETCDF                 : enabled
20211021 203015.584 INFO             PET0 ESMF_PNETCDF                : disabled
20211021 203015.584 INFO             PET0 ESMF_PIO                    : enabled
20211021 203015.584 INFO             PET0 ESMF_YAMLCPP                : enabled
20211021 203015.589 INFO             PET0  NUMBER_OF_PROCESSORS           4
20211021 203015.589 INFO             PET0  PASS  Example ESMF_ArrayEx, ESMF_ArrayEx.F90, line 1899
20211021 203015.589 INFO             PET0 Finalizing ESMF
20211021 203015.583 INFO             PET1 !!!!!!!!!!!!!!!!!!!!!!!!!!!!!!!!!!!!!!!!!!!!!!!!!!!!!!
20211021 203015.584 INFO             PET1 !!! THE ESMF_LOG IS SET TO OUTPUT ALL LOG MESSAGES !!!
20211021 203015.584 INFO             PET1 !!!     THIS MAY CAUSE SLOWDOWN IN PERFORMANCE     !!!
20211021 203015.584 INFO             PET1 !!! FOR PRODUCTION RUNS, USE:                      !!!
20211021 203015.584 INFO             PET1 !!!                   ESMF_LOGKIND_Multi_On_Error  !!!
20211021 203015.584 INFO             PET1 !!!!!!!!!!!!!!!!!!!!!!!!!!!!!!!!!!!!!!!!!!!!!!!!!!!!!!
20211021 203015.584 INFO             PET1 Running with ESMF Version   : ESMF_8_2_0_beta_snapshot_22-19-gf1717ec670
20211021 203015.584 INFO             PET1 ESMF library build date/time: "Oct 21 2021" "20:12:18"
20211021 203015.584 INFO             PET1 ESMF library build location : /lfs/h1/emc/ptmp/Mark.Potts/intel_2019.3_mpi_g_release_8.2.0
20211021 203015.584 INFO             PET1 ESMF_COMM                   : mpi
20211021 203015.584 INFO             PET1 ESMF_MOAB                   : enabled
20211021 203015.584 INFO             PET1 ESMF_LAPACK                 : enabled
20211021 203015.584 INFO             PET1 ESMF_NETCDF                 : enabled
20211021 203015.584 INFO             PET1 ESMF_PNETCDF                : disabled
20211021 203015.584 INFO             PET1 ESMF_PIO                    : enabled
20211021 203015.584 INFO             PET1 ESMF_YAMLCPP                : enabled
20211021 203015.589 INFO             PET1  NUMBER_OF_PROCESSORS           4
20211021 203015.589 INFO             PET1  PASS  Example ESMF_ArrayEx, ESMF_ArrayEx.F90, line 1899
20211021 203015.589 INFO             PET1 Finalizing ESMF
20211021 203015.584 INFO             PET2 !!!!!!!!!!!!!!!!!!!!!!!!!!!!!!!!!!!!!!!!!!!!!!!!!!!!!!
20211021 203015.584 INFO             PET2 !!! THE ESMF_LOG IS SET TO OUTPUT ALL LOG MESSAGES !!!
20211021 203015.584 INFO             PET2 !!!     THIS MAY CAUSE SLOWDOWN IN PERFORMANCE     !!!
20211021 203015.584 INFO             PET2 !!! FOR PRODUCTION RUNS, USE:                      !!!
20211021 203015.584 INFO             PET2 !!!                   ESMF_LOGKIND_Multi_On_Error  !!!
20211021 203015.584 INFO             PET2 !!!!!!!!!!!!!!!!!!!!!!!!!!!!!!!!!!!!!!!!!!!!!!!!!!!!!!
20211021 203015.584 INFO             PET2 Running with ESMF Version   : ESMF_8_2_0_beta_snapshot_22-19-gf1717ec670
20211021 203015.584 INFO             PET2 ESMF library build date/time: "Oct 21 2021" "20:12:18"
20211021 203015.584 INFO             PET2 ESMF library build location : /lfs/h1/emc/ptmp/Mark.Potts/intel_2019.3_mpi_g_release_8.2.0
20211021 203015.584 INFO             PET2 ESMF_COMM                   : mpi
20211021 203015.584 INFO             PET2 ESMF_MOAB                   : enabled
20211021 203015.584 INFO             PET2 ESMF_LAPACK                 : enabled
20211021 203015.584 INFO             PET2 ESMF_NETCDF                 : enabled
20211021 203015.584 INFO             PET2 ESMF_PNETCDF                : disabled
20211021 203015.584 INFO             PET2 ESMF_PIO                    : enabled
20211021 203015.584 INFO             PET2 ESMF_YAMLCPP                : enabled
20211021 203015.589 INFO             PET2  NUMBER_OF_PROCESSORS           4
20211021 203015.589 INFO             PET2  PASS  Example ESMF_ArrayEx, ESMF_ArrayEx.F90, line 1899
20211021 203015.589 INFO             PET2 Finalizing ESMF
20211021 203015.584 INFO             PET3 !!!!!!!!!!!!!!!!!!!!!!!!!!!!!!!!!!!!!!!!!!!!!!!!!!!!!!
20211021 203015.584 INFO             PET3 !!! THE ESMF_LOG IS SET TO OUTPUT ALL LOG MESSAGES !!!
20211021 203015.584 INFO             PET3 !!!     THIS MAY CAUSE SLOWDOWN IN PERFORMANCE     !!!
20211021 203015.584 INFO             PET3 !!! FOR PRODUCTION RUNS, USE:                      !!!
20211021 203015.584 INFO             PET3 !!!                   ESMF_LOGKIND_Multi_On_Error  !!!
20211021 203015.584 INFO             PET3 !!!!!!!!!!!!!!!!!!!!!!!!!!!!!!!!!!!!!!!!!!!!!!!!!!!!!!
20211021 203015.584 INFO             PET3 Running with ESMF Version   : ESMF_8_2_0_beta_snapshot_22-19-gf1717ec670
20211021 203015.584 INFO             PET3 ESMF library build date/time: "Oct 21 2021" "20:12:18"
20211021 203015.584 INFO             PET3 ESMF library build location : /lfs/h1/emc/ptmp/Mark.Potts/intel_2019.3_mpi_g_release_8.2.0
20211021 203015.584 INFO             PET3 ESMF_COMM                   : mpi
20211021 203015.584 INFO             PET3 ESMF_MOAB                   : enabled
20211021 203015.584 INFO             PET3 ESMF_LAPACK                 : enabled
20211021 203015.584 INFO             PET3 ESMF_NETCDF                 : enabled
20211021 203015.584 INFO             PET3 ESMF_PNETCDF                : disabled
20211021 203015.584 INFO             PET3 ESMF_PIO                    : enabled
20211021 203015.584 INFO             PET3 ESMF_YAMLCPP                : enabled
20211021 203015.589 INFO             PET3  NUMBER_OF_PROCESSORS           4
20211021 203015.589 INFO             PET3  PASS  Example ESMF_ArrayEx, ESMF_ArrayEx.F90, line 1899
20211021 203015.589 INFO             PET3 Finalizing ESMF
