build time -- 2021-10-07 20:15:23
20211007 203143.885 INFO             PET0 !!!!!!!!!!!!!!!!!!!!!!!!!!!!!!!!!!!!!!!!!!!!!!!!!!!!!!
20211007 203143.885 INFO             PET0 !!! THE ESMF_LOG IS SET TO OUTPUT ALL LOG MESSAGES !!!
20211007 203143.885 INFO             PET0 !!!     THIS MAY CAUSE SLOWDOWN IN PERFORMANCE     !!!
20211007 203143.885 INFO             PET0 !!! FOR PRODUCTION RUNS, USE:                      !!!
20211007 203143.885 INFO             PET0 !!!                   ESMF_LOGKIND_Multi_On_Error  !!!
20211007 203143.885 INFO             PET0 !!!!!!!!!!!!!!!!!!!!!!!!!!!!!!!!!!!!!!!!!!!!!!!!!!!!!!
20211007 203143.885 INFO             PET0 Running with ESMF Version   : ESMF_8_2_0_beta_snapshot_21
20211007 203143.885 INFO             PET0 ESMF library build date/time: "Oct  7 2021" "20:14:10"
20211007 203143.885 INFO             PET0 ESMF library build location : /lfs/h1/emc/ptmp/Mark.Potts/intel_2019.3_mpi_g_release_8.2.0
20211007 203143.885 INFO             PET0 ESMF_COMM                   : mpi
20211007 203143.886 INFO             PET0 ESMF_MOAB                   : enabled
20211007 203143.886 INFO             PET0 ESMF_LAPACK                 : enabled
20211007 203143.886 INFO             PET0 ESMF_NETCDF                 : enabled
20211007 203143.886 INFO             PET0 ESMF_PNETCDF                : disabled
20211007 203143.886 INFO             PET0 ESMF_PIO                    : enabled
20211007 203143.886 INFO             PET0 ESMF_YAMLCPP                : enabled
20211007 203143.886 INFO             PET0  NUMBER_OF_PROCESSORS           4
20211007 203143.886 INFO             PET0  PASS  Example ESMF_VMUserMpiCommMultiEx, ESMF_VMUserMpiCommMultiEx.F90, line 126
20211007 203143.886 INFO             PET0 Finalizing ESMF
20211007 203143.885 INFO             PET0 !!!!!!!!!!!!!!!!!!!!!!!!!!!!!!!!!!!!!!!!!!!!!!!!!!!!!!
20211007 203143.885 INFO             PET0 !!! THE ESMF_LOG IS SET TO OUTPUT ALL LOG MESSAGES !!!
20211007 203143.885 INFO             PET0 !!!     THIS MAY CAUSE SLOWDOWN IN PERFORMANCE     !!!
20211007 203143.885 INFO             PET0 !!! FOR PRODUCTION RUNS, USE:                      !!!
20211007 203143.885 INFO             PET0 !!!                   ESMF_LOGKIND_Multi_On_Error  !!!
20211007 203143.885 INFO             PET0 !!!!!!!!!!!!!!!!!!!!!!!!!!!!!!!!!!!!!!!!!!!!!!!!!!!!!!
20211007 203143.885 INFO             PET0 Running with ESMF Version   : ESMF_8_2_0_beta_snapshot_21
20211007 203143.885 INFO             PET0 ESMF library build date/time: "Oct  7 2021" "20:14:10"
20211007 203143.885 INFO             PET0 ESMF library build location : /lfs/h1/emc/ptmp/Mark.Potts/intel_2019.3_mpi_g_release_8.2.0
20211007 203143.885 INFO             PET0 ESMF_COMM                   : mpi
20211007 203143.886 INFO             PET0 ESMF_MOAB                   : enabled
20211007 203143.886 INFO             PET0 ESMF_LAPACK                 : enabled
20211007 203143.886 INFO             PET0 ESMF_NETCDF                 : enabled
20211007 203143.886 INFO             PET0 ESMF_PNETCDF                : disabled
20211007 203143.886 INFO             PET0 ESMF_PIO                    : enabled
20211007 203143.886 INFO             PET0 ESMF_YAMLCPP                : enabled
20211007 203143.886 INFO             PET0  NUMBER_OF_PROCESSORS           4
20211007 203143.886 INFO             PET0  PASS  Example ESMF_VMUserMpiCommMultiEx, ESMF_VMUserMpiCommMultiEx.F90, line 154
20211007 203143.886 INFO             PET0 Finalizing ESMF
20211007 203143.885 INFO             PET1 !!!!!!!!!!!!!!!!!!!!!!!!!!!!!!!!!!!!!!!!!!!!!!!!!!!!!!
20211007 203143.885 INFO             PET1 !!! THE ESMF_LOG IS SET TO OUTPUT ALL LOG MESSAGES !!!
20211007 203143.885 INFO             PET1 !!!     THIS MAY CAUSE SLOWDOWN IN PERFORMANCE     !!!
20211007 203143.885 INFO             PET1 !!! FOR PRODUCTION RUNS, USE:                      !!!
20211007 203143.885 INFO             PET1 !!!                   ESMF_LOGKIND_Multi_On_Error  !!!
20211007 203143.885 INFO             PET1 !!!!!!!!!!!!!!!!!!!!!!!!!!!!!!!!!!!!!!!!!!!!!!!!!!!!!!
20211007 203143.885 INFO             PET1 Running with ESMF Version   : ESMF_8_2_0_beta_snapshot_21
20211007 203143.885 INFO             PET1 ESMF library build date/time: "Oct  7 2021" "20:14:10"
20211007 203143.885 INFO             PET1 ESMF library build location : /lfs/h1/emc/ptmp/Mark.Potts/intel_2019.3_mpi_g_release_8.2.0
20211007 203143.885 INFO             PET1 ESMF_COMM                   : mpi
20211007 203143.886 INFO             PET1 ESMF_MOAB                   : enabled
20211007 203143.886 INFO             PET1 ESMF_LAPACK                 : enabled
20211007 203143.886 INFO             PET1 ESMF_NETCDF                 : enabled
20211007 203143.886 INFO             PET1 ESMF_PNETCDF                : disabled
20211007 203143.886 INFO             PET1 ESMF_PIO                    : enabled
20211007 203143.886 INFO             PET1 ESMF_YAMLCPP                : enabled
20211007 203143.886 INFO             PET1  NUMBER_OF_PROCESSORS           4
20211007 203143.886 INFO             PET1  PASS  Example ESMF_VMUserMpiCommMultiEx, ESMF_VMUserMpiCommMultiEx.F90, line 126
20211007 203143.886 INFO             PET1 Finalizing ESMF
20211007 203143.885 INFO             PET1 !!!!!!!!!!!!!!!!!!!!!!!!!!!!!!!!!!!!!!!!!!!!!!!!!!!!!!
20211007 203143.885 INFO             PET1 !!! THE ESMF_LOG IS SET TO OUTPUT ALL LOG MESSAGES !!!
20211007 203143.885 INFO             PET1 !!!     THIS MAY CAUSE SLOWDOWN IN PERFORMANCE     !!!
20211007 203143.885 INFO             PET1 !!! FOR PRODUCTION RUNS, USE:                      !!!
20211007 203143.885 INFO             PET1 !!!                   ESMF_LOGKIND_Multi_On_Error  !!!
20211007 203143.885 INFO             PET1 !!!!!!!!!!!!!!!!!!!!!!!!!!!!!!!!!!!!!!!!!!!!!!!!!!!!!!
20211007 203143.885 INFO             PET1 Running with ESMF Version   : ESMF_8_2_0_beta_snapshot_21
20211007 203143.885 INFO             PET1 ESMF library build date/time: "Oct  7 2021" "20:14:10"
20211007 203143.885 INFO             PET1 ESMF library build location : /lfs/h1/emc/ptmp/Mark.Potts/intel_2019.3_mpi_g_release_8.2.0
20211007 203143.885 INFO             PET1 ESMF_COMM                   : mpi
20211007 203143.886 INFO             PET1 ESMF_MOAB                   : enabled
20211007 203143.886 INFO             PET1 ESMF_LAPACK                 : enabled
20211007 203143.886 INFO             PET1 ESMF_NETCDF                 : enabled
20211007 203143.886 INFO             PET1 ESMF_PNETCDF                : disabled
20211007 203143.886 INFO             PET1 ESMF_PIO                    : enabled
20211007 203143.886 INFO             PET1 ESMF_YAMLCPP                : enabled
20211007 203143.886 INFO             PET1  NUMBER_OF_PROCESSORS           4
20211007 203143.886 INFO             PET1  PASS  Example ESMF_VMUserMpiCommMultiEx, ESMF_VMUserMpiCommMultiEx.F90, line 154
20211007 203143.886 INFO             PET1 Finalizing ESMF
