build time -- 2021-10-06 19:01:50
20211006 191904.988 INFO             PET0 !!!!!!!!!!!!!!!!!!!!!!!!!!!!!!!!!!!!!!!!!!!!!!!!!!!!!!
20211006 191904.988 INFO             PET0 !!! THE ESMF_LOG IS SET TO OUTPUT ALL LOG MESSAGES !!!
20211006 191904.988 INFO             PET0 !!!     THIS MAY CAUSE SLOWDOWN IN PERFORMANCE     !!!
20211006 191904.988 INFO             PET0 !!! FOR PRODUCTION RUNS, USE:                      !!!
20211006 191904.988 INFO             PET0 !!!                   ESMF_LOGKIND_Multi_On_Error  !!!
20211006 191904.988 INFO             PET0 !!!!!!!!!!!!!!!!!!!!!!!!!!!!!!!!!!!!!!!!!!!!!!!!!!!!!!
20211006 191904.988 INFO             PET0 Running with ESMF Version   : ESMF_8_2_0_beta_snapshot_21
20211006 191904.988 INFO             PET0 ESMF library build date/time: "Oct  6 2021" "19:00:36"
20211006 191904.988 INFO             PET0 ESMF library build location : /lfs/h1/emc/ptmp/Mark.Potts/intel_2019.3_mpi_g_release_8.2.0
20211006 191904.988 INFO             PET0 ESMF_COMM                   : mpi
20211006 191904.989 INFO             PET0 ESMF_MOAB                   : enabled
20211006 191904.989 INFO             PET0 ESMF_LAPACK                 : enabled
20211006 191904.989 INFO             PET0 ESMF_NETCDF                 : enabled
20211006 191904.989 INFO             PET0 ESMF_PNETCDF                : disabled
20211006 191904.989 INFO             PET0 ESMF_PIO                    : enabled
20211006 191904.989 INFO             PET0 ESMF_YAMLCPP                : enabled
20211006 191904.995 INFO             PET0  NUMBER_OF_PROCESSORS           4
20211006 191904.995 INFO             PET0  PASS  Example ESMF_FieldBundleSMMEx, ESMF_FieldBundleSMMEx.F90, line 242
20211006 191904.995 INFO             PET0 Finalizing ESMF
20211006 191904.988 INFO             PET1 !!!!!!!!!!!!!!!!!!!!!!!!!!!!!!!!!!!!!!!!!!!!!!!!!!!!!!
20211006 191904.988 INFO             PET1 !!! THE ESMF_LOG IS SET TO OUTPUT ALL LOG MESSAGES !!!
20211006 191904.988 INFO             PET1 !!!     THIS MAY CAUSE SLOWDOWN IN PERFORMANCE     !!!
20211006 191904.988 INFO             PET1 !!! FOR PRODUCTION RUNS, USE:                      !!!
20211006 191904.988 INFO             PET1 !!!                   ESMF_LOGKIND_Multi_On_Error  !!!
20211006 191904.988 INFO             PET1 !!!!!!!!!!!!!!!!!!!!!!!!!!!!!!!!!!!!!!!!!!!!!!!!!!!!!!
20211006 191904.988 INFO             PET1 Running with ESMF Version   : ESMF_8_2_0_beta_snapshot_21
20211006 191904.988 INFO             PET1 ESMF library build date/time: "Oct  6 2021" "19:00:36"
20211006 191904.988 INFO             PET1 ESMF library build location : /lfs/h1/emc/ptmp/Mark.Potts/intel_2019.3_mpi_g_release_8.2.0
20211006 191904.988 INFO             PET1 ESMF_COMM                   : mpi
20211006 191904.989 INFO             PET1 ESMF_MOAB                   : enabled
20211006 191904.989 INFO             PET1 ESMF_LAPACK                 : enabled
20211006 191904.989 INFO             PET1 ESMF_NETCDF                 : enabled
20211006 191904.989 INFO             PET1 ESMF_PNETCDF                : disabled
20211006 191904.989 INFO             PET1 ESMF_PIO                    : enabled
20211006 191904.989 INFO             PET1 ESMF_YAMLCPP                : enabled
20211006 191904.995 INFO             PET1  NUMBER_OF_PROCESSORS           4
20211006 191904.995 INFO             PET1  PASS  Example ESMF_FieldBundleSMMEx, ESMF_FieldBundleSMMEx.F90, line 242
20211006 191904.995 INFO             PET1 Finalizing ESMF
20211006 191904.988 INFO             PET2 !!!!!!!!!!!!!!!!!!!!!!!!!!!!!!!!!!!!!!!!!!!!!!!!!!!!!!
20211006 191904.988 INFO             PET2 !!! THE ESMF_LOG IS SET TO OUTPUT ALL LOG MESSAGES !!!
20211006 191904.988 INFO             PET2 !!!     THIS MAY CAUSE SLOWDOWN IN PERFORMANCE     !!!
20211006 191904.988 INFO             PET2 !!! FOR PRODUCTION RUNS, USE:                      !!!
20211006 191904.988 INFO             PET2 !!!                   ESMF_LOGKIND_Multi_On_Error  !!!
20211006 191904.988 INFO             PET2 !!!!!!!!!!!!!!!!!!!!!!!!!!!!!!!!!!!!!!!!!!!!!!!!!!!!!!
20211006 191904.988 INFO             PET2 Running with ESMF Version   : ESMF_8_2_0_beta_snapshot_21
20211006 191904.988 INFO             PET2 ESMF library build date/time: "Oct  6 2021" "19:00:36"
20211006 191904.988 INFO             PET2 ESMF library build location : /lfs/h1/emc/ptmp/Mark.Potts/intel_2019.3_mpi_g_release_8.2.0
20211006 191904.988 INFO             PET2 ESMF_COMM                   : mpi
20211006 191904.988 INFO             PET2 ESMF_MOAB                   : enabled
20211006 191904.988 INFO             PET2 ESMF_LAPACK                 : enabled
20211006 191904.988 INFO             PET2 ESMF_NETCDF                 : enabled
20211006 191904.988 INFO             PET2 ESMF_PNETCDF                : disabled
20211006 191904.988 INFO             PET2 ESMF_PIO                    : enabled
20211006 191904.988 INFO             PET2 ESMF_YAMLCPP                : enabled
20211006 191904.995 INFO             PET2  NUMBER_OF_PROCESSORS           4
20211006 191904.995 INFO             PET2  PASS  Example ESMF_FieldBundleSMMEx, ESMF_FieldBundleSMMEx.F90, line 242
20211006 191904.995 INFO             PET2 Finalizing ESMF
20211006 191904.988 INFO             PET3 !!!!!!!!!!!!!!!!!!!!!!!!!!!!!!!!!!!!!!!!!!!!!!!!!!!!!!
20211006 191904.988 INFO             PET3 !!! THE ESMF_LOG IS SET TO OUTPUT ALL LOG MESSAGES !!!
20211006 191904.988 INFO             PET3 !!!     THIS MAY CAUSE SLOWDOWN IN PERFORMANCE     !!!
20211006 191904.988 INFO             PET3 !!! FOR PRODUCTION RUNS, USE:                      !!!
20211006 191904.988 INFO             PET3 !!!                   ESMF_LOGKIND_Multi_On_Error  !!!
20211006 191904.988 INFO             PET3 !!!!!!!!!!!!!!!!!!!!!!!!!!!!!!!!!!!!!!!!!!!!!!!!!!!!!!
20211006 191904.988 INFO             PET3 Running with ESMF Version   : ESMF_8_2_0_beta_snapshot_21
20211006 191904.988 INFO             PET3 ESMF library build date/time: "Oct  6 2021" "19:00:36"
20211006 191904.988 INFO             PET3 ESMF library build location : /lfs/h1/emc/ptmp/Mark.Potts/intel_2019.3_mpi_g_release_8.2.0
20211006 191904.988 INFO             PET3 ESMF_COMM                   : mpi
20211006 191904.988 INFO             PET3 ESMF_MOAB                   : enabled
20211006 191904.988 INFO             PET3 ESMF_LAPACK                 : enabled
20211006 191904.988 INFO             PET3 ESMF_NETCDF                 : enabled
20211006 191904.988 INFO             PET3 ESMF_PNETCDF                : disabled
20211006 191904.988 INFO             PET3 ESMF_PIO                    : enabled
20211006 191904.988 INFO             PET3 ESMF_YAMLCPP                : enabled
20211006 191904.995 INFO             PET3  NUMBER_OF_PROCESSORS           4
20211006 191904.995 INFO             PET3  PASS  Example ESMF_FieldBundleSMMEx, ESMF_FieldBundleSMMEx.F90, line 242
20211006 191904.995 INFO             PET3 Finalizing ESMF
